Current machine learning settings: epsilon:0 lossFunction:RELATIVE parallelization:True bagging:False baggingNumbers:3 considerEpsilonTube:False baggingTestDataFraction:50 useBackward:False abortError:1 limitFeatureSize:False featureSizeTreshold:4 quadraticFunctionSupport:True crossValidation:False crossValidation-k:5 learn-logFunction:False learn-accumulatedLogFunction:False learn-asymFunction:False learn-ratioFunction:False learn-mirrowedFunction:False numberOfRounds:70 backwardErrorDelta:1 minImprovementPerRound:0.1 withHierarchy:False bruteForceCandidates:False ignoreBadFeatures:False stopOnLongRound:True candidateSizePenalty:True learnTimeLimit:00:00:00 scoreMeasure:RELERROR outputRoundsToStdout:False blacklisted: 
command: mlsettings bagging:False stopOnLongRound:False parallelization:True lossFunction:RELATIVE useBackward:False abortError:10 limitFeatureSize:False featureSizeTreshold:7 quadraticFunctionSupport:True crossValidation:False learn_logFunction:True numberOfRounds:70 backwardErrorDelta:1 minImprovementPerRound:0.25 withHierarchy:False
Current machine learning settings: epsilon:0 lossFunction:RELATIVE parallelization:True bagging:False baggingNumbers:3 considerEpsilonTube:False baggingTestDataFraction:50 useBackward:False abortError:10 limitFeatureSize:False featureSizeTreshold:7 quadraticFunctionSupport:True crossValidation:False crossValidation-k:5 learn-logFunction:True learn-accumulatedLogFunction:False learn-asymFunction:False learn-ratioFunction:False learn-mirrowedFunction:False numberOfRounds:70 backwardErrorDelta:1 minImprovementPerRound:0.25 withHierarchy:False bruteForceCandidates:False ignoreBadFeatures:False stopOnLongRound:False candidateSizePenalty:True learnTimeLimit:00:00:00 scoreMeasure:RELERROR outputRoundsToStdout:False blacklisted: 
command: solver z3
command: vm /scratch/kaltenec/Distribution-Aware-Sampling/DistOut/ConstraintData/VP9_disc/FeatureModel.xml
command: all /scratch/kaltenec/Distribution-Aware-Sampling/DistOut/ConstraintData/VP9_disc/measurements.xml
Configs with too large deviation: 0
216000 configurations loaded.
command: nfp Performance
command: hybrid distribution-aware distance-metric:manhattan distribution:uniform onlyBinary:true selection:SolverSelection optimization:local numConfigs:31 seed:21
command: learn-splconqueror
Learning: NumberOfConfigurationsLearning:31 NumberOfConfigurationsValidation:31
Learning progress:
1;17.3856 * Quality + -8.81226666666667 * cpuUsed_4;311.954281304463;311.954281304463;311.954281304463;311.954281304463;0.041606;2;-8.81226666666667 * cpuUsed_4;1;1.79769313486232E+308;
2;22.0572222222222 * Quality + -13.4838888888889 * cpuUsed_4 + -16.6843650793651 * cpuUsed_8;125.078448822062;125.078448822062;125.078448822062;125.078448822062;0.065821;3;-16.6843650793651 * cpuUsed_8;1;186.875832482402;
3;24.5086491855383 * Quality + -12.9936034962256 * cpuUsed_4 + -14.092856575288 * cpuUsed_8 + -8.82513706793799 * constrainedQuality;72.3832115991765;72.3832115991765;72.3832115991765;72.3832115991765;0.107665;4;-8.82513706793799 * constrainedQuality;1;52.6952372228851;
4;15.4563405730973 * Quality + -4.54070450812191 * cpuUsed_4 + -6.0681073188538 * cpuUsed_8 + -7.02690819492607 * constrainedQuality + 15.395041065888 * cpuUsed_0;55.9170135177422;55.9170135177422;55.9170135177422;55.9170135177422;0.177907;5;15.395041065888 * cpuUsed_0;1;16.4661980814342;
5;15.3935865257596 * Quality + -4.5337318361955 * cpuUsed_4 + -8.28402245706735 * cpuUsed_8 + -6.8595640686922 * constrainedQuality + 15.4243262879789 * cpuUsed_0 + 2.54688463232058 * cpuUsed_8 * good;27.8580287600751;27.8580287600751;27.8580287600751;27.8580287600751;0.302444;7;2.54688463232058 * cpuUsed_8 * good;2;14.0294923788336;
6;19.97 * Quality + -9.99305466237942 * cpuUsed_4 + -15.5091639871383 * cpuUsed_8 + -4.21083601286173 * constrainedQuality + 10.3181672025723 * cpuUsed_0 + 3.87124866023582 * cpuUsed_8 * good + -11.1393729903537 * cpuUsed_6;15.3329515610987;15.3329515610987;15.3329515610987;15.3329515610987;0.509982;8;-11.1393729903537 * cpuUsed_6;1;12.5250771989765;
7;23.1345289499509 * Quality + -7.15413640824337 * cpuUsed_4 + -13.321467124632 * cpuUsed_8 + -3.23400392541708 * constrainedQuality + 10.7557065750736 * cpuUsed_0 + 4.35966470395812 * cpuUsed_8 * good + -8.70746810598624 * cpuUsed_6 + -6.32905789990188 * TileColumns_6;11.8735132292606;11.8735132292606;11.8735132292606;11.8735132292606;0.768362;9;-6.32905789990188 * TileColumns_6;1;3.45943833183808;
8;19.1878768045021 * Quality + -6.77562117690236 * cpuUsed_4 + -12.8638842671886 * cpuUsed_8 + -0.781225226327373 * constrainedQuality + 11.5329245167605 * cpuUsed_0 + 4.443218436506 * cpuUsed_8 * good + -8.49381728651822 * cpuUsed_6 + -5.29276731098606 * TileColumns_6 + 3.42850685099096 * Threads_2;9.35133303119751;9.35133303119751;9.35133303119751;9.35133303119751;1.118499;10;3.42850685099096 * Threads_2;1;2.52218019806307;
Elapsed=00:00:01.1212434
average model: 
command: analyze-learning
Round, Model, LearningError, LearningErrorRel, ValidationError, ValidationErrorRel, ElapsedSeconds, ModelComplexity, BestCandidate, BestCandidateSize, BestCandidateScore, TestError
Models:
Termination reason: abortError
1;17.3856 * Quality + -8.81226666666667 * cpuUsed_4;311.954281304463;311.954281304463;311.954281304463;311.954281304463;0.041606;2;-8.81226666666667 * cpuUsed_4;1;1.79769313486232E+308;651.863679651551
2;22.0572222222222 * Quality + -13.4838888888889 * cpuUsed_4 + -16.6843650793651 * cpuUsed_8;125.078448822062;125.078448822062;125.078448822062;125.078448822062;0.065821;3;-16.6843650793651 * cpuUsed_8;1;186.875832482402;504.42869925338
3;24.5086491855383 * Quality + -12.9936034962256 * cpuUsed_4 + -14.092856575288 * cpuUsed_8 + -8.82513706793799 * constrainedQuality;72.3832115991765;72.3832115991765;72.3832115991765;72.3832115991765;0.107665;4;-8.82513706793799 * constrainedQuality;1;52.6952372228851;542.515107294877
4;15.4563405730973 * Quality + -4.54070450812191 * cpuUsed_4 + -6.0681073188538 * cpuUsed_8 + -7.02690819492607 * constrainedQuality + 15.395041065888 * cpuUsed_0;55.9170135177422;55.9170135177422;55.9170135177422;55.9170135177422;0.177907;5;15.395041065888 * cpuUsed_0;1;16.4661980814342;373.021096958173
5;15.3935865257596 * Quality + -4.5337318361955 * cpuUsed_4 + -8.28402245706735 * cpuUsed_8 + -6.8595640686922 * constrainedQuality + 15.4243262879789 * cpuUsed_0 + 2.54688463232058 * cpuUsed_8 * good;27.8580287600751;27.8580287600751;27.8580287600751;27.8580287600751;0.302444;7;2.54688463232058 * cpuUsed_8 * good;2;14.0294923788336;337.036651253041
6;19.97 * Quality + -9.99305466237942 * cpuUsed_4 + -15.5091639871383 * cpuUsed_8 + -4.21083601286173 * constrainedQuality + 10.3181672025723 * cpuUsed_0 + 3.87124866023582 * cpuUsed_8 * good + -11.1393729903537 * cpuUsed_6;15.3329515610987;15.3329515610987;15.3329515610987;15.3329515610987;0.509982;8;-11.1393729903537 * cpuUsed_6;1;12.5250771989765;213.852685032835
7;23.1345289499509 * Quality + -7.15413640824337 * cpuUsed_4 + -13.321467124632 * cpuUsed_8 + -3.23400392541708 * constrainedQuality + 10.7557065750736 * cpuUsed_0 + 4.35966470395812 * cpuUsed_8 * good + -8.70746810598624 * cpuUsed_6 + -6.32905789990188 * TileColumns_6;11.8735132292606;11.8735132292606;11.8735132292606;11.8735132292606;0.768362;9;-6.32905789990188 * TileColumns_6;1;3.45943833183808;340.585121320808
8;19.1878768045021 * Quality + -6.77562117690236 * cpuUsed_4 + -12.8638842671886 * cpuUsed_8 + -0.781225226327373 * constrainedQuality + 11.5329245167605 * cpuUsed_0 + 4.443218436506 * cpuUsed_8 * good + -8.49381728651822 * cpuUsed_6 + -5.29276731098606 * TileColumns_6 + 3.42850685099096 * Threads_2;9.35133303119751;9.35133303119751;9.35133303119751;9.35133303119751;1.118499;10;3.42850685099096 * Threads_2;1;2.52218019806307;263.321981170177
Analyze finished
command: printconfigs /scratch/kaltenec/Distribution-Aware-Sampling/Results_newTry/VP9_disc/VP9_disc_21/sampledConfigurations_local_0.csv
command: clean-sampling
command: clean-global
command: script /scratch/kaltenec/Distribution-Aware-Sampling/Results_newTry/VP9_disc/VP9_disc_21/learn_local_1.a
command: log /scratch/kaltenec/Distribution-Aware-Sampling/Results_newTry/VP9_disc/VP9_disc_21/out_local_1.log
