Current machine learning settings: epsilon:0 lossFunction:RELATIVE parallelization:True bagging:False baggingNumbers:3 baggingTestDataFraction:50 useBackward:False abortError:1 limitFeatureSize:False featureSizeTreshold:4 quadraticFunctionSupport:True crossValidation:False crossValidation-k:5 learn-logFunction:False learn-accumulatedLogFunction:False learn-asymFunction:False learn-ratioFunction:False learn-mirrowedFunction:False numberOfRounds:70 backwardErrorDelta:1 minImprovementPerRound:0.1 withHierarchy:False bruteForceCandidates:False ignoreBadFeatures:False stopOnLongRound:True candidateSizePenalty:True learnTimeLimit:00:00:00 scoreMeasure:RELERROR outputRoundsToStdout:False blacklisted: 
command: mlsettings bagging:False stopOnLongRound:False parallelization:True lossFunction:RELATIVE useBackward:False abortError:10 limitFeatureSize:False featureSizeTreshold:7 quadraticFunctionSupport:True crossValidation:False learn_logFunction:True numberOfRounds:70 backwardErrorDelta:1 minImprovementPerRound:0.25 withHierarchy:False
Current machine learning settings: epsilon:0 lossFunction:RELATIVE parallelization:True bagging:False baggingNumbers:3 baggingTestDataFraction:50 useBackward:False abortError:10 limitFeatureSize:False featureSizeTreshold:7 quadraticFunctionSupport:True crossValidation:False crossValidation-k:5 learn-logFunction:True learn-accumulatedLogFunction:False learn-asymFunction:False learn-ratioFunction:False learn-mirrowedFunction:False numberOfRounds:70 backwardErrorDelta:1 minImprovementPerRound:0.25 withHierarchy:False bruteForceCandidates:False ignoreBadFeatures:False stopOnLongRound:False candidateSizePenalty:True learnTimeLimit:00:00:00 scoreMeasure:RELERROR outputRoundsToStdout:False blacklisted: 
command: solver z3
command: vm /scratch/kaltenec/Distribution-Aware-Sampling/DistOut/ConstraintData/JavaGC_disc/FeatureModel.xml
command: all /scratch/kaltenec/Distribution-Aware-Sampling/DistOut/ConstraintData/JavaGC_disc/measurements.xml
Configs with too large deviation: 0
193536 configurations loaded.
command: nfp Performance
command: hybrid distribution-aware distance-metric:manhattan distribution:uniform onlyBinary:true selection:SolverSelection number-weight-optimization:1-1 numConfigs:32 seed:46
command: learn-splconqueror
Learning: NumberOfConfigurationsLearning:32 NumberOfConfigurationsValidation:32
Learning progress:
1;36.3946476190476 * MaxTenuringThreshold + 58.1280097142858 * DisableExplicitGC;105.666903568317;105.666903568317;105.666903568317;105.666903568317;0.052709;2;58.1280097142858 * DisableExplicitGC;1;1.79769313486232E+308;
2;36.3946476190476 * MaxTenuringThreshold + 25.7819311688313 * DisableExplicitGC + 269.550654545454 * DisableExplicitGC * NewRatio_32;54.7264202345417;54.7264202345417;54.7264202345417;54.7264202345417;0.089717;4;269.550654545454 * DisableExplicitGC * NewRatio_32;2;25.4702416668878;
3;36.3946476190476 * MaxTenuringThreshold + 10.7461874686717 * DisableExplicitGC + 284.586398245614 * DisableExplicitGC * NewRatio_32 + 110.262120467836 * DisableExplicitGC * MaxTenuringThreshold_10;37.9991853454128;37.9991853454128;37.9991853454128;37.9991853454128;0.148444;6;110.262120467836 * DisableExplicitGC * MaxTenuringThreshold_10;2;8.36361744456447;
4;36.3946476190475 * MaxTenuringThreshold + 15.8215568253969 * DisableExplicitGC + 279.511028888889 * DisableExplicitGC * NewRatio_32 + 105.186751111111 * DisableExplicitGC * MaxTenuringThreshold_10 + -24.1080044444444 * NewRatio_1;34.2720324290502;34.2720324290502;34.2720324290502;34.2720324290502;0.237816;7;-24.1080044444444 * NewRatio_1;1;3.72715291636255;
5;36.3946476190477 * MaxTenuringThreshold + -3.0585126396238 * DisableExplicitGC + 298.391098353909 * DisableExplicitGC * NewRatio_32 + 76.8666469135802 * DisableExplicitGC * MaxTenuringThreshold_10 + -76.0281954732509 * NewRatio_1 + 70.8002604938272 * UseAdaptiveGCBoundary;29.1311575774944;29.1311575774944;29.1311575774944;29.1311575774944;0.364158;8;70.8002604938272 * UseAdaptiveGCBoundary;1;5.14087485155576;
6;36.3946476190477 * MaxTenuringThreshold + 3.11561298701287 * DisableExplicitGC + 292.216972727273 * DisableExplicitGC * NewRatio_32 + 2.77713939393939 * DisableExplicitGC * MaxTenuringThreshold_10 + -59.0493500000001 * NewRatio_1 + 47.6472893939393 * UseAdaptiveGCBoundary + 125.026043939394 * UseAdaptiveGCBoundary * MaxTenuringThreshold_10;19.9472987057285;19.9472987057285;19.9472987057285;19.9472987057285;0.718043;10;125.026043939394 * UseAdaptiveGCBoundary * MaxTenuringThreshold_10;2;4.59192943588299;
7;36.3946476190477 * MaxTenuringThreshold + 3.115612987013 * DisableExplicitGC + 292.216972727273 * DisableExplicitGC * NewRatio_32 + 2.77713939393952 * DisableExplicitGC * MaxTenuringThreshold_10 + -13.7866833333334 * NewRatio_1 + 2.38462272727272 * UseAdaptiveGCBoundary + 170.288710606061 * UseAdaptiveGCBoundary * MaxTenuringThreshold_10 + 90.5253333333333 * UseAdaptiveGCBoundary * NewRatio_8;11.5573604019098;11.5573604019098;11.5573604019098;11.5573604019098;1.029058;12;90.5253333333333 * UseAdaptiveGCBoundary * NewRatio_8;2;4.19496915190934;
8;32.0419555555557 * MaxTenuringThreshold + 7.46830505050514 * DisableExplicitGC + 261.748128282828 * DisableExplicitGC * NewRatio_32 + 2.77713939393924 * DisableExplicitGC * MaxTenuringThreshold_10 + -13.7866833333333 * NewRatio_1 + 2.38462272727271 * UseAdaptiveGCBoundary + 170.288710606061 * UseAdaptiveGCBoundary * MaxTenuringThreshold_10 + 90.5253333333334 * UseAdaptiveGCBoundary * NewRatio_8 + 30.4688444444444 * NewRatio_32;9.01659851914592;9.01659851914592;9.01659851914592;9.01659851914592;1.469969;13;30.4688444444444 * NewRatio_32;1;2.54076188276387;
Elapsed=00:00:01.4737291
average model: 
command: analyze-learning
Round, Model, LearningError, LearningErrorRel, ValidationError, ValidationErrorRel, ElapsedSeconds, ModelComplexity, BestCandidate, BestCandidateSize, BestCandidateScore, TestError
Models:
Termination reason: abortError
1;36.3946476190476 * MaxTenuringThreshold + 58.1280097142858 * DisableExplicitGC;105.666903568317;105.666903568317;105.666903568317;105.666903568317;0.052709;2;58.1280097142858 * DisableExplicitGC;1;1.79769313486232E+308;88.3901465028934
2;36.3946476190476 * MaxTenuringThreshold + 25.7819311688313 * DisableExplicitGC + 269.550654545454 * DisableExplicitGC * NewRatio_32;54.7264202345417;54.7264202345417;54.7264202345417;54.7264202345417;0.089717;4;269.550654545454 * DisableExplicitGC * NewRatio_32;2;25.4702416668878;73.7975924950772
3;36.3946476190476 * MaxTenuringThreshold + 10.7461874686717 * DisableExplicitGC + 284.586398245614 * DisableExplicitGC * NewRatio_32 + 110.262120467836 * DisableExplicitGC * MaxTenuringThreshold_10;37.9991853454128;37.9991853454128;37.9991853454128;37.9991853454128;0.148444;6;110.262120467836 * DisableExplicitGC * MaxTenuringThreshold_10;2;8.36361744456447;97.2348696434692
4;36.3946476190475 * MaxTenuringThreshold + 15.8215568253969 * DisableExplicitGC + 279.511028888889 * DisableExplicitGC * NewRatio_32 + 105.186751111111 * DisableExplicitGC * MaxTenuringThreshold_10 + -24.1080044444444 * NewRatio_1;34.2720324290502;34.2720324290502;34.2720324290502;34.2720324290502;0.237816;7;-24.1080044444444 * NewRatio_1;1;3.72715291636255;92.0364495893162
5;36.3946476190477 * MaxTenuringThreshold + -3.0585126396238 * DisableExplicitGC + 298.391098353909 * DisableExplicitGC * NewRatio_32 + 76.8666469135802 * DisableExplicitGC * MaxTenuringThreshold_10 + -76.0281954732509 * NewRatio_1 + 70.8002604938272 * UseAdaptiveGCBoundary;29.1311575774944;29.1311575774944;29.1311575774944;29.1311575774944;0.364158;8;70.8002604938272 * UseAdaptiveGCBoundary;1;5.14087485155576;135.246355648463
6;36.3946476190477 * MaxTenuringThreshold + 3.11561298701287 * DisableExplicitGC + 292.216972727273 * DisableExplicitGC * NewRatio_32 + 2.77713939393939 * DisableExplicitGC * MaxTenuringThreshold_10 + -59.0493500000001 * NewRatio_1 + 47.6472893939393 * UseAdaptiveGCBoundary + 125.026043939394 * UseAdaptiveGCBoundary * MaxTenuringThreshold_10;19.9472987057285;19.9472987057285;19.9472987057285;19.9472987057285;0.718043;10;125.026043939394 * UseAdaptiveGCBoundary * MaxTenuringThreshold_10;2;4.59192943588299;142.797866921475
7;36.3946476190477 * MaxTenuringThreshold + 3.115612987013 * DisableExplicitGC + 292.216972727273 * DisableExplicitGC * NewRatio_32 + 2.77713939393952 * DisableExplicitGC * MaxTenuringThreshold_10 + -13.7866833333334 * NewRatio_1 + 2.38462272727272 * UseAdaptiveGCBoundary + 170.288710606061 * UseAdaptiveGCBoundary * MaxTenuringThreshold_10 + 90.5253333333333 * UseAdaptiveGCBoundary * NewRatio_8;11.5573604019098;11.5573604019098;11.5573604019098;11.5573604019098;1.029058;12;90.5253333333333 * UseAdaptiveGCBoundary * NewRatio_8;2;4.19496915190934;128.503515591399
8;32.0419555555557 * MaxTenuringThreshold + 7.46830505050514 * DisableExplicitGC + 261.748128282828 * DisableExplicitGC * NewRatio_32 + 2.77713939393924 * DisableExplicitGC * MaxTenuringThreshold_10 + -13.7866833333333 * NewRatio_1 + 2.38462272727271 * UseAdaptiveGCBoundary + 170.288710606061 * UseAdaptiveGCBoundary * MaxTenuringThreshold_10 + 90.5253333333334 * UseAdaptiveGCBoundary * NewRatio_8 + 30.4688444444444 * NewRatio_32;9.01659851914592;9.01659851914592;9.01659851914592;9.01659851914592;1.469969;13;30.4688444444444 * NewRatio_32;1;2.54076188276387;126.750728113457
Analyze finished
command: measurementstocsv /scratch/kaltenec/Distribution-Aware-Sampling/Results_opt/JavaGC_disc/JavaGC_disc_46/sampledConfigurations_solv_0.csv
command: clean-sampling
command: clean-global
command: script /scratch/kaltenec/Distribution-Aware-Sampling/Results_opt/JavaGC_disc/JavaGC_disc_46/learn_solv_1.a
command: log /scratch/kaltenec/Distribution-Aware-Sampling/Results_opt/JavaGC_disc/JavaGC_disc_46/out_solv_1.log
