Current machine learning settings: epsilon:0 lossFunction:RELATIVE parallelization:True bagging:False baggingNumbers:3 considerEpsilonTube:False baggingTestDataFraction:50 useBackward:False abortError:1 limitFeatureSize:False featureSizeTreshold:4 quadraticFunctionSupport:True crossValidation:False crossValidation-k:5 learn-logFunction:False learn-accumulatedLogFunction:False learn-asymFunction:False learn-ratioFunction:False learn-mirrowedFunction:False numberOfRounds:70 backwardErrorDelta:1 minImprovementPerRound:0.1 withHierarchy:False bruteForceCandidates:False ignoreBadFeatures:False stopOnLongRound:True candidateSizePenalty:True learnTimeLimit:00:00:00 scoreMeasure:RELERROR outputRoundsToStdout:False blacklisted: 
command: mlsettings bagging:False stopOnLongRound:False parallelization:True lossFunction:RELATIVE useBackward:False abortError:10 limitFeatureSize:False featureSizeTreshold:7 quadraticFunctionSupport:True crossValidation:False learn_logFunction:True numberOfRounds:70 backwardErrorDelta:1 minImprovementPerRound:0.25 withHierarchy:False
Current machine learning settings: epsilon:0 lossFunction:RELATIVE parallelization:True bagging:False baggingNumbers:3 considerEpsilonTube:False baggingTestDataFraction:50 useBackward:False abortError:10 limitFeatureSize:False featureSizeTreshold:7 quadraticFunctionSupport:True crossValidation:False crossValidation-k:5 learn-logFunction:True learn-accumulatedLogFunction:False learn-asymFunction:False learn-ratioFunction:False learn-mirrowedFunction:False numberOfRounds:70 backwardErrorDelta:1 minImprovementPerRound:0.25 withHierarchy:False bruteForceCandidates:False ignoreBadFeatures:False stopOnLongRound:False candidateSizePenalty:True learnTimeLimit:00:00:00 scoreMeasure:RELERROR outputRoundsToStdout:False blacklisted: 
command: solver z3
command: vm /scratch/kaltenec/Distribution-Aware-Sampling/DistOut/ConstraintData/7z_disc/FeatureModel.xml
command: all /scratch/kaltenec/Distribution-Aware-Sampling/DistOut/ConstraintData/7z_disc/measurements.xml
Configs with too large deviation: 0
68640 configurations loaded.
command: nfp Performance
command: hybrid distribution-aware distance-metric:manhattan distribution:uniform onlyBinary:true selection:SolverSelection optimization:None numConfigs:4091 seed:20
command: learn-splconqueror
Learning: NumberOfConfigurationsLearning:4091 NumberOfConfigurationsValidation:4091
Learning progress:
1;5683.55079217157 * CompressionMethod + 958.536363791428 * Deflate;102.27368308322;102.27368308322;102.27368308322;102.27368308322;0.885863;2;958.536363791428 * Deflate;1;1.79769313486232E+308;
2;4446.27332514715 * CompressionMethod + 1101.9343039772 * Deflate + 16734.4376737455 * x_10;76.6740865619511;76.6740865619511;76.6740865619511;76.6740865619511;3.107111;3;16734.4376737455 * x_10;1;25.5995965212686;
3;3551.72647225281 * CompressionMethod + 1959.37130613479 * Deflate + 17302.1532850174 * x_10 + 4321.93701414834 * BZip2;57.6669324974302;57.6669324974302;57.6669324974302;57.6669324974302;6.22127;4;4321.93701414834 * BZip2;1;19.0071540645209;
4;2939.78429101261 * CompressionMethod + 2056.57409695471 * Deflate + 17880.1298762727 * x_10 + 4729.14519313947 * BZip2 + 11240.7589931016 * x_8;46.7632477073483;46.7632477073483;46.7632477073483;46.7632477073483;10.959239;5;11240.7589931016 * x_8;1;10.9036847900819;
5;3460.88264054051 * CompressionMethod + -38.121607850885 * Deflate + 11980.8672074127 * x_10 + 4311.23056246634 * BZip2 + 11183.5069826429 * x_8 + 30009.7050932302 * x_10 * Deflate;37.2956997111995;37.2956997111995;37.2956997111995;37.2956997111995;17.498001;7;30009.7050932302 * x_10 * Deflate;2;4.73377399807442;
6;3448.81175645955 * CompressionMethod + -1040.9610524647 * Deflate + 11992.5666646442 * x_10 + 4319.26688884465 * BZip2 + 11404.7115382519 * x_8 + 31012.915964694 * x_10 * Deflate + 5727.04440090016 * Deflate * x_6;27.6730246981678;27.6730246981678;27.6730246981678;27.6730246981678;25.931241;9;5727.04440090016 * Deflate * x_6;2;4.81133750651584;
7;3535.43499466272 * CompressionMethod + -1361.72765113298 * Deflate + 11913.2882894524 * x_10 + 4160.35076186304 * BZip2 + 15657.2612202191 * x_8 + 31326.3377003514 * x_10 * Deflate + 5961.18776136569 * Deflate * x_6 + -12168.0187955284 * x_8 * PPMd;25.6120382847615;25.6120382847615;25.6120382847615;25.6120382847615;36.761127;11;-12168.0187955284 * x_8 * PPMd;2;1.03049320670315;
8;3561.72327776053 * CompressionMethod + -1387.67163791127 * Deflate + 17455.7962443849 * x_10 + 4038.15885249293 * BZip2 + 15651.0080546332 * x_8 + 25783.4854490989 * x_10 * Deflate + 5960.8434650461 * Deflate * x_6 + -12188.0539130387 * x_8 * PPMd + -13649.7875633827 * x_10 * PPMd;23.68601844877;23.68601844877;23.68601844877;23.68601844877;50.481479;13;-13649.7875633827 * x_10 * PPMd;2;0.963009917995727;
9;4452.19712703689 * CompressionMethod + -2248.93989435723 * Deflate + 16632.9631410679 * x_10 + 3171.1274724756 * BZip2 + 15120.5713416066 * x_8 + 26577.1129595859 * x_10 * Deflate + 5931.63787221552 * Deflate * x_6 + -10535.2252595768 * x_8 * PPMd + -11704.5625196304 * x_10 * PPMd + -2012.86578971154 * PPMd;21.8968496788132;21.8968496788132;21.8968496788132;21.8968496788132;67.227548;14;-2012.86578971154 * PPMd;1;1.78916876995687;
10;4452.19712703681 * CompressionMethod + -2248.93989435713 * Deflate + 16632.963141068 * x_10 + 3171.12747247612 * BZip2 + 15120.5713416066 * x_8 + 26577.1129595856 * x_10 * Deflate + 5931.6378722157 * Deflate * x_6 + -10493.6641575057 * x_8 * PPMd + -11756.6295827619 * x_10 * PPMd + -2219.00885598645 * PPMd + 309.214599412252 * PPMd * tmOff;21.4496379001739;21.4496379001739;21.4496379001739;21.4496379001739;93.547103;16;309.214599412252 * PPMd * tmOff;2;0.223605889319641;
Elapsed=00:01:33.5899055
average model: 
command: analyze-learning
Round, Model, LearningError, LearningErrorRel, ValidationError, ValidationErrorRel, ElapsedSeconds, ModelComplexity, BestCandidate, BestCandidateSize, BestCandidateScore, TestError
Models:
Termination reason: minImprovementPerRound
1;5683.55079217157 * CompressionMethod + 958.536363791428 * Deflate;102.27368308322;102.27368308322;102.27368308322;102.27368308322;0.885863;2;958.536363791428 * Deflate;1;1.79769313486232E+308;86.0291155520172
2;4446.27332514715 * CompressionMethod + 1101.9343039772 * Deflate + 16734.4376737455 * x_10;76.6740865619511;76.6740865619511;76.6740865619511;76.6740865619511;3.107111;3;16734.4376737455 * x_10;1;25.5995965212686;70.1202711055196
3;3551.72647225281 * CompressionMethod + 1959.37130613479 * Deflate + 17302.1532850174 * x_10 + 4321.93701414834 * BZip2;57.6669324974302;57.6669324974302;57.6669324974302;57.6669324974302;6.22127;4;4321.93701414834 * BZip2;1;19.0071540645209;58.4032935994972
4;2939.78429101261 * CompressionMethod + 2056.57409695471 * Deflate + 17880.1298762727 * x_10 + 4729.14519313947 * BZip2 + 11240.7589931016 * x_8;46.7632477073483;46.7632477073483;46.7632477073483;46.7632477073483;10.959239;5;11240.7589931016 * x_8;1;10.9036847900819;47.874766503163
5;3460.88264054051 * CompressionMethod + -38.121607850885 * Deflate + 11980.8672074127 * x_10 + 4311.23056246634 * BZip2 + 11183.5069826429 * x_8 + 30009.7050932302 * x_10 * Deflate;37.2956997111995;37.2956997111995;37.2956997111995;37.2956997111995;17.498001;7;30009.7050932302 * x_10 * Deflate;2;4.73377399807442;39.2639940641746
6;3448.81175645955 * CompressionMethod + -1040.9610524647 * Deflate + 11992.5666646442 * x_10 + 4319.26688884465 * BZip2 + 11404.7115382519 * x_8 + 31012.915964694 * x_10 * Deflate + 5727.04440090016 * Deflate * x_6;27.6730246981678;27.6730246981678;27.6730246981678;27.6730246981678;25.931241;9;5727.04440090016 * Deflate * x_6;2;4.81133750651584;32.4634548143316
7;3535.43499466272 * CompressionMethod + -1361.72765113298 * Deflate + 11913.2882894524 * x_10 + 4160.35076186304 * BZip2 + 15657.2612202191 * x_8 + 31326.3377003514 * x_10 * Deflate + 5961.18776136569 * Deflate * x_6 + -12168.0187955284 * x_8 * PPMd;25.6120382847615;25.6120382847615;25.6120382847615;25.6120382847615;36.761127;11;-12168.0187955284 * x_8 * PPMd;2;1.03049320670315;27.0953875143827
8;3561.72327776053 * CompressionMethod + -1387.67163791127 * Deflate + 17455.7962443849 * x_10 + 4038.15885249293 * BZip2 + 15651.0080546332 * x_8 + 25783.4854490989 * x_10 * Deflate + 5960.8434650461 * Deflate * x_6 + -12188.0539130387 * x_8 * PPMd + -13649.7875633827 * x_10 * PPMd;23.68601844877;23.68601844877;23.68601844877;23.68601844877;50.481479;13;-13649.7875633827 * x_10 * PPMd;2;0.963009917995727;23.9045828915602
9;4452.19712703689 * CompressionMethod + -2248.93989435723 * Deflate + 16632.9631410679 * x_10 + 3171.1274724756 * BZip2 + 15120.5713416066 * x_8 + 26577.1129595859 * x_10 * Deflate + 5931.63787221552 * Deflate * x_6 + -10535.2252595768 * x_8 * PPMd + -11704.5625196304 * x_10 * PPMd + -2012.86578971154 * PPMd;21.8968496788132;21.8968496788132;21.8968496788132;21.8968496788132;67.227548;14;-2012.86578971154 * PPMd;1;1.78916876995687;23.3783049002068
10;4452.19712703681 * CompressionMethod + -2248.93989435713 * Deflate + 16632.963141068 * x_10 + 3171.12747247612 * BZip2 + 15120.5713416066 * x_8 + 26577.1129595856 * x_10 * Deflate + 5931.6378722157 * Deflate * x_6 + -10493.6641575057 * x_8 * PPMd + -11756.6295827619 * x_10 * PPMd + -2219.00885598645 * PPMd + 309.214599412252 * PPMd * tmOff;21.4496379001739;21.4496379001739;21.4496379001739;21.4496379001739;93.547103;16;309.214599412252 * PPMd * tmOff;2;0.223605889319641;23.1578410115452
Analyze finished
command: printconfigs /scratch/kaltenec/Distribution-Aware-Sampling/Results_newTry/7z_disc/7z_disc_20/sampledConfigurations_solv_2.csv
command: clean-sampling
command: clean-global
