Current machine learning settings: epsilon:0 lossFunction:RELATIVE parallelization:True bagging:False baggingNumbers:3 considerEpsilonTube:False baggingTestDataFraction:50 useBackward:False abortError:1 limitFeatureSize:False featureSizeTreshold:4 quadraticFunctionSupport:True crossValidation:False crossValidation-k:5 learn-logFunction:False learn-accumulatedLogFunction:False learn-asymFunction:False learn-ratioFunction:False learn-mirrowedFunction:False numberOfRounds:70 backwardErrorDelta:1 minImprovementPerRound:0.1 withHierarchy:False bruteForceCandidates:False ignoreBadFeatures:False stopOnLongRound:True candidateSizePenalty:True learnTimeLimit:00:00:00 scoreMeasure:RELERROR outputRoundsToStdout:False blacklisted: 
command: mlsettings bagging:False stopOnLongRound:False parallelization:True lossFunction:RELATIVE useBackward:False abortError:10 limitFeatureSize:False featureSizeTreshold:7 quadraticFunctionSupport:True crossValidation:False learn_logFunction:True numberOfRounds:70 backwardErrorDelta:1 minImprovementPerRound:0.25 withHierarchy:False
Current machine learning settings: epsilon:0 lossFunction:RELATIVE parallelization:True bagging:False baggingNumbers:3 considerEpsilonTube:False baggingTestDataFraction:50 useBackward:False abortError:10 limitFeatureSize:False featureSizeTreshold:7 quadraticFunctionSupport:True crossValidation:False crossValidation-k:5 learn-logFunction:True learn-accumulatedLogFunction:False learn-asymFunction:False learn-ratioFunction:False learn-mirrowedFunction:False numberOfRounds:70 backwardErrorDelta:1 minImprovementPerRound:0.25 withHierarchy:False bruteForceCandidates:False ignoreBadFeatures:False stopOnLongRound:False candidateSizePenalty:True learnTimeLimit:00:00:00 scoreMeasure:RELERROR outputRoundsToStdout:False blacklisted: 
command: solver z3
command: vm /scratch/kaltenec/Distribution-Aware-Sampling/DistOut/ConstraintData/VP9_disc/FeatureModel.xml
command: all /scratch/kaltenec/Distribution-Aware-Sampling/DistOut/ConstraintData/VP9_disc/measurements.xml
Configs with too large deviation: 0
216000 configurations loaded.
command: nfp Performance
command: binary satoutput henard:true numConfigs:31 seed:57
command: learn-splconqueror
Learning: NumberOfConfigurationsLearning:31 NumberOfConfigurationsValidation:31
Learning progress:
1;35.6610344827586 * Quality + -34.7610344827586 * cpuUsed_6;243.787511993322;243.787511993322;243.787511993322;243.787511993322;0.042373;2;-34.7610344827586 * cpuUsed_6;1;1.79769313486232E+308;
2;36.9164285714286 * Quality + -36.0164285714285 * cpuUsed_6 + -36.4064285714286 * cpuUsed_8;22.6577502209345;22.6577502209345;22.6577502209345;22.6577502209345;0.058494;3;-36.4064285714286 * cpuUsed_8;1;221.129761772388;
3;46.2709090909091 * Quality + -45.3709090909091 * cpuUsed_6 + -45.7609090909091 * cpuUsed_8 + -15.4073796791444 * good;11.0341607316529;11.0341607316529;11.0341607316529;11.0341607316529;0.085046;4;-15.4073796791444 * good;1;11.6235894892815;
4;31.4145757575758 * Quality + -45.3709090909091 * cpuUsed_6 + -45.7609090909092 * cpuUsed_8 + -13.6595757575758 * good + 14.8563333333334 * TileColumns_0;6.73684708344923;6.73684708344923;6.73684708344923;6.73684708344923;0.132408;5;14.8563333333334 * TileColumns_0;1;4.29731364820368;
Elapsed=00:00:00.1339763
average model: 
command: analyze-learning
Round, Model, LearningError, LearningErrorRel, ValidationError, ValidationErrorRel, ElapsedSeconds, ModelComplexity, BestCandidate, BestCandidateSize, BestCandidateScore, TestError
Models:
Termination reason: abortError
1;35.6610344827586 * Quality + -34.7610344827586 * cpuUsed_6;243.787511993322;243.787511993322;243.787511993322;243.787511993322;0.042373;2;-34.7610344827586 * cpuUsed_6;1;1.79769313486232E+308;889.613914720692
2;36.9164285714286 * Quality + -36.0164285714285 * cpuUsed_6 + -36.4064285714286 * cpuUsed_8;22.6577502209345;22.6577502209345;22.6577502209345;22.6577502209345;0.058494;3;-36.4064285714286 * cpuUsed_8;1;221.129761772388;223.269385769284
3;46.2709090909091 * Quality + -45.3709090909091 * cpuUsed_6 + -45.7609090909091 * cpuUsed_8 + -15.4073796791444 * good;11.0341607316529;11.0341607316529;11.0341607316529;11.0341607316529;0.085046;4;-15.4073796791444 * good;1;11.6235894892815;295.914124100052
4;31.4145757575758 * Quality + -45.3709090909091 * cpuUsed_6 + -45.7609090909092 * cpuUsed_8 + -13.6595757575758 * good + 14.8563333333334 * TileColumns_0;6.73684708344923;6.73684708344923;6.73684708344923;6.73684708344923;0.132408;5;14.8563333333334 * TileColumns_0;1;4.29731364820368;648.801552083058
Analyze finished
command: clean-sampling
command: clean-global
command: script /scratch/kaltenec/Distribution-Aware-Sampling/Results_newTry/VP9_disc/VP9_disc_57/learn_henard_1.a
command: log /scratch/kaltenec/Distribution-Aware-Sampling/Results_newTry/VP9_disc/VP9_disc_57/out_henard_1.log
