Current machine learning settings: epsilon:0 lossFunction:RELATIVE parallelization:True bagging:False baggingNumbers:3 considerEpsilonTube:False baggingTestDataFraction:50 useBackward:False abortError:1 limitFeatureSize:False featureSizeTreshold:4 quadraticFunctionSupport:True crossValidation:False crossValidation-k:5 learn-logFunction:False learn-accumulatedLogFunction:False learn-asymFunction:False learn-ratioFunction:False learn-mirrowedFunction:False numberOfRounds:70 backwardErrorDelta:1 minImprovementPerRound:0.1 withHierarchy:False bruteForceCandidates:False ignoreBadFeatures:False stopOnLongRound:True candidateSizePenalty:True learnTimeLimit:00:00:00 scoreMeasure:RELERROR outputRoundsToStdout:False blacklisted: 
command: mlsettings bagging:False stopOnLongRound:False parallelization:True lossFunction:RELATIVE useBackward:False abortError:10 limitFeatureSize:False featureSizeTreshold:7 quadraticFunctionSupport:True crossValidation:False learn_logFunction:True numberOfRounds:70 backwardErrorDelta:1 minImprovementPerRound:0.25 withHierarchy:False
Current machine learning settings: epsilon:0 lossFunction:RELATIVE parallelization:True bagging:False baggingNumbers:3 considerEpsilonTube:False baggingTestDataFraction:50 useBackward:False abortError:10 limitFeatureSize:False featureSizeTreshold:7 quadraticFunctionSupport:True crossValidation:False crossValidation-k:5 learn-logFunction:True learn-accumulatedLogFunction:False learn-asymFunction:False learn-ratioFunction:False learn-mirrowedFunction:False numberOfRounds:70 backwardErrorDelta:1 minImprovementPerRound:0.25 withHierarchy:False bruteForceCandidates:False ignoreBadFeatures:False stopOnLongRound:False candidateSizePenalty:True learnTimeLimit:00:00:00 scoreMeasure:RELERROR outputRoundsToStdout:False blacklisted: 
command: solver z3
command: vm /scratch/kaltenec/Distribution-Aware-Sampling/DistOut/ConstraintData/7z_disc/FeatureModel.xml
command: all /scratch/kaltenec/Distribution-Aware-Sampling/DistOut/ConstraintData/7z_disc/measurements.xml
Configs with too large deviation: 0
68640 configurations loaded.
command: nfp Performance
command: hybrid distribution-aware distance-metric:manhattan distribution:uniform onlyBinary:true selection:SolverSelection optimization:local numConfigs:600 seed:11
command: learn-splconqueror
Learning: NumberOfConfigurationsLearning:600 NumberOfConfigurationsValidation:600
Learning progress:
1;11036.9600000001 * CompressionMethod + 2262.14 * Deflate;169.389139908612;169.389139908612;169.389139908612;169.389139908612;0.118706;2;2262.14 * Deflate;1;1.79769313486232E+308;
2;7221.349542765 * CompressionMethod + 2061.31839698765 * Deflate + 20082.1603012372 * x_10;107.202911602442;107.202911602442;107.202911602442;107.202911602442;0.37983;3;20082.1603012372 * x_10;1;62.18622830617;
3;5566.5749925087 * CompressionMethod + 1883.40228509587 * Deflate + 21767.8767839964 * x_10 + 11504.2105045864 * x_8;80.8634432111433;80.8634432111433;80.8634432111433;80.8634432111433;0.851046;4;11504.2105045864 * x_8;1;26.3394683912982;
4;2939.25139979135 * CompressionMethod + 4116.74010032219 * Deflate + 23141.6359165751 * x_10 + 12421.3947428574 * x_8 + 7106.65404367282 * BZip2;66.6567697728475;66.6567697728475;66.6567697728475;66.6567697728475;1.617526;5;7106.65404367282 * BZip2;1;14.2066734382958;
5;3883.05906859744 * CompressionMethod + -543.77392762807 * Deflate + 19158.1060364644 * x_10 + 12439.7837478812 * x_8 + 6512.09392993751 * BZip2 + 22555.1088225662 * x_10 * Deflate;48.9545331102768;48.9545331102768;48.9545331102768;48.9545331102768;3.135743;7;22555.1088225662 * x_10 * Deflate;2;8.85111833128533;
6;3864.01445894477 * CompressionMethod + -1061.04596311952 * Deflate + 19175.9276637909 * x_10 + 12552.0206385064 * x_8 + 6520.39273857945 * BZip2 + 23073.603840384 * x_10 * Deflate + 5180.78150417469 * Deflate * x_6;45.3048541360792;45.3048541360792;45.3048541360792;45.3048541360792;5.239558;9;5180.78150417469 * Deflate * x_6;2;1.82483948709879;
7;4003.23692262246 * CompressionMethod + -1462.31925846206 * Deflate + 19073.3789434617 * x_10 + 14003.379090804 * x_8 + 6271.53519442847 * BZip2 + 23438.203392378 * x_10 * Deflate + 5442.8323358396 * Deflate * x_6 + -11608.8382356487 * x_8 * PPMd;42.1688390885165;42.1688390885165;42.1688390885165;42.1688390885165;7.986028;11;-11608.8382356487 * x_8 * PPMd;2;1.56800752378138;
8;4117.69945362043 * CompressionMethod + -1571.73414562738 * Deflate + 21242.3326100972 * x_10 + 13975.4229095772 * x_8 + 5968.38133653135 * BZip2 + 21264.2020819098 * x_10 * Deflate + 5437.78469200713 * Deflate * x_6 + -11695.3445854197 * x_8 * PPMd + -17723.365397051 * x_10 * PPMd;39.9400519210257;39.9400519210257;39.9400519210257;39.9400519210257;10.381006;13;-17723.365397051 * x_10 * PPMd;2;1.11439358374538;
9;4714.56477544799 * CompressionMethod + -2100.5875626228 * Deflate + 20733.3898021715 * x_10 + 13598.741590507 * x_8 + 5447.12643268418 * BZip2 + 21705.1329850034 * x_10 * Deflate + 5369.77278717489 * Deflate * x_6 + -9503.33669408505 * x_8 * PPMd + -15399.0960168608 * x_10 * PPMd + -2412.19189409203 * PPMd;36.472969777685;36.472969777685;36.472969777685;36.472969777685;13.254572;14;-2412.19189409203 * PPMd;1;3.46708214334075;
10;4899.40040911906 * CompressionMethod + -2993.12922267833 * Deflate + 20563.221209133 * x_10 + 12584.8397163822 * x_8 + 5360.1718346494 * BZip2 + 22583.0076044263 * x_10 * Deflate + 6077.4788135594 * Deflate * x_6 + -8489.43481996026 * x_8 * PPMd + -15228.9274238222 * x_10 * PPMd + -2597.02752776314 * PPMd + 4933.50448179254 * x_8 * Deflate;34.4373840334572;34.4373840334572;34.4373840334572;34.4373840334572;17.008207;16;4933.50448179254 * x_8 * Deflate;2;1.01779287211388;
11;7712.30958076301 * CompressionMethod + -5806.0383943222 * Deflate + 10541.1686801066 * x_10 + 11400.1822359311 * x_8 + -777.084539846461 * BZip2 + 32605.0601334526 * x_10 * Deflate + 6077.47881355928 * Deflate * x_6 + -7304.77733950927 * x_8 * PPMd + -5206.87489479601 * x_10 * PPMd + -5409.93669940696 * PPMd + 6118.16196224356 * x_8 * Deflate + 48877.1777075482 * x_10 * BZip2;32.3921937218599;32.3921937218599;32.3921937218599;32.3921937218599;21.706355;18;48877.1777075482 * x_10 * BZip2;2;1.02259515579863;
12;6227.65790152203 * CompressionMethod + -4321.38671508127 * Deflate + 11643.9374288935 * x_10 + 11666.2006536163 * x_8 + 683.717212291684 * BZip2 + 31502.2913846658 * x_10 * Deflate + 6077.47881355936 * Deflate * x_6 + -7570.79575719456 * x_8 * PPMd + -6309.64364358273 * x_10 * PPMd + -3925.2850201659 * PPMd + 5852.14354455822 * x_8 * Deflate + 47798.2588858642 * x_10 * BZip2 + 2395.44747284855 * LZMA;31.1558317240085;31.1558317240085;31.1558317240085;31.1558317240085;27.057526;19;2395.44747284855 * LZMA;1;1.23636199785145;
13;5328.83151087598 * CompressionMethod + -3422.56032443525 * Deflate + 13104.3334073793 * x_10 + 13594.5478107234 * x_8 + 1409.65730609374 * BZip2 + 30041.89540618 * x_10 * Deflate + 6077.47881355928 * Deflate * x_6 + -9499.14291430141 * x_8 * PPMd + -7770.03962206842 * x_10 * PPMd + -3026.45862952002 * PPMd + 3923.79638745133 * x_8 * Deflate + 46510.7492042225 * x_10 * BZip2 + -1127.12539632846 * LZMA + 12396.3426659404 * LZMA * x_6;14.2664296274816;14.2664296274816;14.2664296274816;14.2664296274816;33.465534;21;12396.3426659404 * LZMA * x_6;2;8.44470104826343;
14;5357.0450480393 * CompressionMethod + -3450.77386159856 * Deflate + 13076.3707732194 * x_10 + 13479.4428246305 * x_8 + 1739.22933543687 * BZip2 + 30069.8580403401 * x_10 * Deflate + 6077.47881355915 * Deflate * x_6 + -9384.03792820856 * x_8 * PPMd + -7742.07698790875 * x_10 * PPMd + -3054.67216668342 * PPMd + 4038.90137354426 * x_8 * Deflate + 46180.926271876 * x_10 * BZip2 + -1128.69924244072 * LZMA + 12369.7029748894 * LZMA * x_6 + -950.614006117625 * BZip2 * x_0;13.6607182673692;13.6607182673692;13.6607182673692;13.6607182673692;40.888615;23;-950.614006117625 * BZip2 * x_0;2;0.302855680056237;
15;5528.1377929891 * CompressionMethod + -3621.86660654831 * Deflate + 12990.0338097683 * x_10 + 12527.3387884162 * x_8 + 1702.67303038692 * BZip2 + 30156.1950037909 * x_10 * Deflate + 6077.47881355944 * Deflate * x_6 + -8431.93389199445 * x_8 * PPMd + -7655.74002445769 * x_10 * PPMd + -3225.76491163303 * PPMd + 4991.00540975846 * x_8 * Deflate + 46132.7267954271 * x_10 * BZip2 + -1660.34914456927 * LZMA + 12730.260132068 * LZMA * x_6 + -1085.15044601747 * BZip2 * x_0 + 2810.75491610513 * x_8 * LZMA;13.0544722328351;13.0544722328351;13.0544722328351;13.0544722328351;49.617549;25;2810.75491610513 * x_8 * LZMA;2;0.303123017267024;
16;5528.13779298917 * CompressionMethod + -3621.86660654844 * Deflate + 12990.0338097684 * x_10 + 12527.3387884162 * x_8 + 1702.67303038686 * BZip2 + 30156.1950037908 * x_10 * Deflate + 6077.47881355933 * Deflate * x_6 + -8479.03107390362 * x_8 * PPMd + -7665.28675052052 * x_10 * PPMd + -3328.86955311035 * PPMd + 4991.00540975841 * x_8 * Deflate + 46132.726795427 * x_10 * BZip2 + -1660.34914456924 * LZMA + 12730.2601320679 * LZMA * x_6 + -1085.15044601752 * BZip2 * x_0 + 2810.75491610513 * x_8 * LZMA + 337.954102619462 * PPMd * filterOff;12.7668169886211;12.7668169886211;12.7668169886211;12.7668169886211;59.803532;27;337.954102619462 * PPMd * filterOff;2;0.143827622107013;
Elapsed=00:00:59.8113064
average model: 
command: analyze-learning
Round, Model, LearningError, LearningErrorRel, ValidationError, ValidationErrorRel, ElapsedSeconds, ModelComplexity, BestCandidate, BestCandidateSize, BestCandidateScore, TestError
Models:
Termination reason: minImprovementPerRound
1;11036.9600000001 * CompressionMethod + 2262.14 * Deflate;169.389139908612;169.389139908612;169.389139908612;169.389139908612;0.118706;2;2262.14 * Deflate;1;1.79769313486232E+308;185.750161342837
2;7221.349542765 * CompressionMethod + 2061.31839698765 * Deflate + 20082.1603012372 * x_10;107.202911602442;107.202911602442;107.202911602442;107.202911602442;0.37983;3;20082.1603012372 * x_10;1;62.18622830617;119.157995315104
3;5566.5749925087 * CompressionMethod + 1883.40228509587 * Deflate + 21767.8767839964 * x_10 + 11504.2105045864 * x_8;80.8634432111433;80.8634432111433;80.8634432111433;80.8634432111433;0.851046;4;11504.2105045864 * x_8;1;26.3394683912982;89.6145909247967
4;2939.25139979135 * CompressionMethod + 4116.74010032219 * Deflate + 23141.6359165751 * x_10 + 12421.3947428574 * x_8 + 7106.65404367282 * BZip2;66.6567697728475;66.6567697728475;66.6567697728475;66.6567697728475;1.617526;5;7106.65404367282 * BZip2;1;14.2066734382958;65.6779136982721
5;3883.05906859744 * CompressionMethod + -543.77392762807 * Deflate + 19158.1060364644 * x_10 + 12439.7837478812 * x_8 + 6512.09392993751 * BZip2 + 22555.1088225662 * x_10 * Deflate;48.9545331102768;48.9545331102768;48.9545331102768;48.9545331102768;3.135743;7;22555.1088225662 * x_10 * Deflate;2;8.85111833128533;51.9779016359196
6;3864.01445894477 * CompressionMethod + -1061.04596311952 * Deflate + 19175.9276637909 * x_10 + 12552.0206385064 * x_8 + 6520.39273857945 * BZip2 + 23073.603840384 * x_10 * Deflate + 5180.78150417469 * Deflate * x_6;45.3048541360792;45.3048541360792;45.3048541360792;45.3048541360792;5.239558;9;5180.78150417469 * Deflate * x_6;2;1.82483948709879;47.3474464737895
7;4003.23692262246 * CompressionMethod + -1462.31925846206 * Deflate + 19073.3789434617 * x_10 + 14003.379090804 * x_8 + 6271.53519442847 * BZip2 + 23438.203392378 * x_10 * Deflate + 5442.8323358396 * Deflate * x_6 + -11608.8382356487 * x_8 * PPMd;42.1688390885165;42.1688390885165;42.1688390885165;42.1688390885165;7.986028;11;-11608.8382356487 * x_8 * PPMd;2;1.56800752378138;42.1059122238878
8;4117.69945362043 * CompressionMethod + -1571.73414562738 * Deflate + 21242.3326100972 * x_10 + 13975.4229095772 * x_8 + 5968.38133653135 * BZip2 + 21264.2020819098 * x_10 * Deflate + 5437.78469200713 * Deflate * x_6 + -11695.3445854197 * x_8 * PPMd + -17723.365397051 * x_10 * PPMd;39.9400519210257;39.9400519210257;39.9400519210257;39.9400519210257;10.381006;13;-17723.365397051 * x_10 * PPMd;2;1.11439358374538;37.3469469906013
9;4714.56477544799 * CompressionMethod + -2100.5875626228 * Deflate + 20733.3898021715 * x_10 + 13598.741590507 * x_8 + 5447.12643268418 * BZip2 + 21705.1329850034 * x_10 * Deflate + 5369.77278717489 * Deflate * x_6 + -9503.33669408505 * x_8 * PPMd + -15399.0960168608 * x_10 * PPMd + -2412.19189409203 * PPMd;36.472969777685;36.472969777685;36.472969777685;36.472969777685;13.254572;14;-2412.19189409203 * PPMd;1;3.46708214334075;32.8519134059998
10;4899.40040911906 * CompressionMethod + -2993.12922267833 * Deflate + 20563.221209133 * x_10 + 12584.8397163822 * x_8 + 5360.1718346494 * BZip2 + 22583.0076044263 * x_10 * Deflate + 6077.4788135594 * Deflate * x_6 + -8489.43481996026 * x_8 * PPMd + -15228.9274238222 * x_10 * PPMd + -2597.02752776314 * PPMd + 4933.50448179254 * x_8 * Deflate;34.4373840334572;34.4373840334572;34.4373840334572;34.4373840334572;17.008207;16;4933.50448179254 * x_8 * Deflate;2;1.01779287211388;30.9258252396088
11;7712.30958076301 * CompressionMethod + -5806.0383943222 * Deflate + 10541.1686801066 * x_10 + 11400.1822359311 * x_8 + -777.084539846461 * BZip2 + 32605.0601334526 * x_10 * Deflate + 6077.47881355928 * Deflate * x_6 + -7304.77733950927 * x_8 * PPMd + -5206.87489479601 * x_10 * PPMd + -5409.93669940696 * PPMd + 6118.16196224356 * x_8 * Deflate + 48877.1777075482 * x_10 * BZip2;32.3921937218599;32.3921937218599;32.3921937218599;32.3921937218599;21.706355;18;48877.1777075482 * x_10 * BZip2;2;1.02259515579863;36.6176408765885
12;6227.65790152203 * CompressionMethod + -4321.38671508127 * Deflate + 11643.9374288935 * x_10 + 11666.2006536163 * x_8 + 683.717212291684 * BZip2 + 31502.2913846658 * x_10 * Deflate + 6077.47881355936 * Deflate * x_6 + -7570.79575719456 * x_8 * PPMd + -6309.64364358273 * x_10 * PPMd + -3925.2850201659 * PPMd + 5852.14354455822 * x_8 * Deflate + 47798.2588858642 * x_10 * BZip2 + 2395.44747284855 * LZMA;31.1558317240085;31.1558317240085;31.1558317240085;31.1558317240085;27.057526;19;2395.44747284855 * LZMA;1;1.23636199785145;35.4306617178442
13;5328.83151087598 * CompressionMethod + -3422.56032443525 * Deflate + 13104.3334073793 * x_10 + 13594.5478107234 * x_8 + 1409.65730609374 * BZip2 + 30041.89540618 * x_10 * Deflate + 6077.47881355928 * Deflate * x_6 + -9499.14291430141 * x_8 * PPMd + -7770.03962206842 * x_10 * PPMd + -3026.45862952002 * PPMd + 3923.79638745133 * x_8 * Deflate + 46510.7492042225 * x_10 * BZip2 + -1127.12539632846 * LZMA + 12396.3426659404 * LZMA * x_6;14.2664296274816;14.2664296274816;14.2664296274816;14.2664296274816;33.465534;21;12396.3426659404 * LZMA * x_6;2;8.44470104826343;17.6378333712521
14;5357.0450480393 * CompressionMethod + -3450.77386159856 * Deflate + 13076.3707732194 * x_10 + 13479.4428246305 * x_8 + 1739.22933543687 * BZip2 + 30069.8580403401 * x_10 * Deflate + 6077.47881355915 * Deflate * x_6 + -9384.03792820856 * x_8 * PPMd + -7742.07698790875 * x_10 * PPMd + -3054.67216668342 * PPMd + 4038.90137354426 * x_8 * Deflate + 46180.926271876 * x_10 * BZip2 + -1128.69924244072 * LZMA + 12369.7029748894 * LZMA * x_6 + -950.614006117625 * BZip2 * x_0;13.6607182673692;13.6607182673692;13.6607182673692;13.6607182673692;40.888615;23;-950.614006117625 * BZip2 * x_0;2;0.302855680056237;17.6634042334086
15;5528.1377929891 * CompressionMethod + -3621.86660654831 * Deflate + 12990.0338097683 * x_10 + 12527.3387884162 * x_8 + 1702.67303038692 * BZip2 + 30156.1950037909 * x_10 * Deflate + 6077.47881355944 * Deflate * x_6 + -8431.93389199445 * x_8 * PPMd + -7655.74002445769 * x_10 * PPMd + -3225.76491163303 * PPMd + 4991.00540975846 * x_8 * Deflate + 46132.7267954271 * x_10 * BZip2 + -1660.34914456927 * LZMA + 12730.260132068 * LZMA * x_6 + -1085.15044601747 * BZip2 * x_0 + 2810.75491610513 * x_8 * LZMA;13.0544722328351;13.0544722328351;13.0544722328351;13.0544722328351;49.617549;25;2810.75491610513 * x_8 * LZMA;2;0.303123017267024;17.0668615807265
16;5528.13779298917 * CompressionMethod + -3621.86660654844 * Deflate + 12990.0338097684 * x_10 + 12527.3387884162 * x_8 + 1702.67303038686 * BZip2 + 30156.1950037908 * x_10 * Deflate + 6077.47881355933 * Deflate * x_6 + -8479.03107390362 * x_8 * PPMd + -7665.28675052052 * x_10 * PPMd + -3328.86955311035 * PPMd + 4991.00540975841 * x_8 * Deflate + 46132.726795427 * x_10 * BZip2 + -1660.34914456924 * LZMA + 12730.2601320679 * LZMA * x_6 + -1085.15044601752 * BZip2 * x_0 + 2810.75491610513 * x_8 * LZMA + 337.954102619462 * PPMd * filterOff;12.7668169886211;12.7668169886211;12.7668169886211;12.7668169886211;59.803532;27;337.954102619462 * PPMd * filterOff;2;0.143827622107013;17.0992340720052
Analyze finished
command: printconfigs /scratch/kaltenec/Distribution-Aware-Sampling/Results_newTry/7z_disc/7z_disc_11/sampledConfigurations_local_1.csv
command: clean-sampling
command: clean-global
command: script /scratch/kaltenec/Distribution-Aware-Sampling/Results_newTry/7z_disc/7z_disc_11/learn_local_2.a
command: log /scratch/kaltenec/Distribution-Aware-Sampling/Results_newTry/7z_disc/7z_disc_11/out_local_2.log
