Current machine learning settings: epsilon:0 lossFunction:RELATIVE parallelization:True bagging:False baggingNumbers:3 baggingTestDataFraction:50 useBackward:False abortError:1 limitFeatureSize:False featureSizeTreshold:4 quadraticFunctionSupport:True crossValidation:False crossValidation-k:5 learn-logFunction:False learn-accumulatedLogFunction:False learn-asymFunction:False learn-ratioFunction:False learn-mirrowedFunction:False numberOfRounds:70 backwardErrorDelta:1 minImprovementPerRound:0.1 withHierarchy:False bruteForceCandidates:False ignoreBadFeatures:False stopOnLongRound:True candidateSizePenalty:True learnTimeLimit:00:00:00 scoreMeasure:RELERROR outputRoundsToStdout:False blacklisted: 
command: mlsettings bagging:False stopOnLongRound:False parallelization:True lossFunction:RELATIVE useBackward:False abortError:10 limitFeatureSize:False featureSizeTreshold:7 quadraticFunctionSupport:True crossValidation:False learn_logFunction:True numberOfRounds:70 backwardErrorDelta:1 minImprovementPerRound:0.25 withHierarchy:False
Current machine learning settings: epsilon:0 lossFunction:RELATIVE parallelization:True bagging:False baggingNumbers:3 baggingTestDataFraction:50 useBackward:False abortError:10 limitFeatureSize:False featureSizeTreshold:7 quadraticFunctionSupport:True crossValidation:False crossValidation-k:5 learn-logFunction:True learn-accumulatedLogFunction:False learn-asymFunction:False learn-ratioFunction:False learn-mirrowedFunction:False numberOfRounds:70 backwardErrorDelta:1 minImprovementPerRound:0.25 withHierarchy:False bruteForceCandidates:False ignoreBadFeatures:False stopOnLongRound:False candidateSizePenalty:True learnTimeLimit:00:00:00 scoreMeasure:RELERROR outputRoundsToStdout:False blacklisted: 
command: solver z3
command: vm /scratch/kaltenec/Distribution-Aware-Sampling/DistOut/ConstraintData/7z_disc/FeatureModel.xml
command: all /scratch/kaltenec/Distribution-Aware-Sampling/DistOut/ConstraintData/7z_disc/measurements.xml
Configs with too large deviation: 0
68640 configurations loaded.
command: nfp Performance
command: hybrid distribution-aware distance-metric:manhattan distribution:uniform onlyBinary:true selection:SolverSelection number-weight-optimization:1-1 numConfigs:600 seed:11
command: learn-splconqueror
Learning: NumberOfConfigurationsLearning:600 NumberOfConfigurationsValidation:600
Learning progress:
1;11107.4007220217 * CompressionMethod + 637.381886674066 * BlockSize_1;157.358113888789;157.358113888789;157.358113888789;157.358113888789;0.129603;2;637.381886674066 * BlockSize_1;1;1.79769313486232E+308;
2;8152.03454319896 * CompressionMethod + 584.898347674738 * BlockSize_1 + 23060.1811699692 * x_10;119.280599995803;119.280599995803;119.280599995803;119.280599995803;0.40285;3;23060.1811699692 * x_10;1;38.0775138929861;
3;6847.4884730169 * CompressionMethod + 930.145800760021 * BlockSize_1 + 24337.8248412096 * x_10 + 12153.958119669 * x_8;94.8056804515765;94.8056804515765;94.8056804515765;94.8056804515765;0.962487;4;12153.958119669 * x_8;1;24.4749195442261;
4;3888.76929590551 * CompressionMethod + 759.40473579176 * BlockSize_1 + 27309.84851689 * x_10 + 15121.9904457786 * x_8 + 7814.5954735502 * x_6;75.5950559901862;75.5950559901862;75.5950559901862;75.5950559901862;1.678006;5;7814.5954735502 * x_6;1;19.2106244613903;
5;3880.3418242115 * CompressionMethod + 870.494135394204 * BlockSize_1 + 27309.6196717318 * x_10 + 15124.3584956761 * x_8 + 10839.1734684601 * x_6 + -12524.2124215455 * x_6 * PPMd;45.7142472873134;45.7142472873134;45.7142472873134;45.7142472873134;3.098626;7;-12524.2124215455 * x_6 * PPMd;2;14.9404043514364;
6;3864.60493765804 * CompressionMethod + 1077.93491268987 * BlockSize_1 + 9705.15547763266 * x_10 + 15128.7804307408 * x_8 + 10838.0077731598 * x_6 + -12526.6066561844 * x_6 * PPMd + 48411.1013766601 * x_10 * BZip2;31.776217371895;31.776217371895;31.776217371895;31.776217371895;5.256736;9;48411.1013766601 * x_10 * BZip2;2;6.96901495770922;
7;3873.16042267001 * CompressionMethod + 965.15806480509 * BlockSize_1 + 9705.80626591733 * x_10 + 15126.3764101589 * x_8 + 5326.71516382058 * x_6 + -7013.37866228655 * x_6 * PPMd + 48409.9505924981 * x_10 * BZip2 + 8177.03359462554 * x_6 * LZMA2;25.8884114274837;25.8884114274837;25.8884114274837;25.8884114274837;8.130722;11;8177.03359462554 * x_6 * LZMA2;2;2.94390297220567;
8;3281.97020938273 * CompressionMethod + 992.509248584346 * BlockSize_1 + 10294.7637295085 * x_10 + 14838.2230942392 * x_8 + 5156.36121423584 * x_6 + -6254.37879557985 * x_6 * PPMd + 46553.2358187082 * x_10 * BZip2 + 8936.17325782455 * x_6 * LZMA2 + 1856.99386750176 * BZip2;18.1187598569079;18.1187598569079;18.1187598569079;18.1187598569079;11.611763;12;1856.99386750176 * BZip2;1;7.76965157057578;
9;3305.94738778356 * CompressionMethod + 685.644894104483 * BlockSize_1 + 16675.8470004534 * x_10 + 14832.0237965134 * x_8 + 5154.20645399582 * x_6 + -6247.65569239366 * x_6 * PPMd + 40172.2938815828 * x_10 * BZip2 + 8941.3279257719 * x_6 * LZMA2 + 1854.79423774428 * BZip2 + -12504.8201840011 * x_10 * PPMd;14.4090158652474;14.4090158652474;14.4090158652474;14.4090158652474;15.769341;14;-12504.8201840011 * x_10 * PPMd;2;1.85487199583023;
10;3113.11893773248 * CompressionMethod + 542.325021666026 * BlockSize_1 + 16886.5904345593 * x_10 + 14729.131061658 * x_8 + 7250.07432899832 * x_6 + -8137.36303618809 * x_6 * PPMd + 39522.5150779207 * x_10 * BZip2 + 7050.88805004582 * x_6 * LZMA2 + 2496.89519109715 * BZip2 + -12517.0023731583 * x_10 * PPMd + -5270.08845782805 * x_6 * BZip2;11.66884398267;11.66884398267;11.66884398267;11.66884398267;20.604026;16;-5270.08845782805 * x_6 * BZip2;2;1.37008594128869;
11;2900.63278618136 * CompressionMethod + 352.892217993675 * BlockSize_1 + 17122.7556865695 * x_10 + 12513.6445893621 * x_8 + 7484.41811174243 * x_6 + -8141.5990112255 * x_6 * PPMd + 38797.2744395031 * x_10 * BZip2 + 7045.6838521427 * x_6 * LZMA2 + 3211.98764360374 * BZip2 + -12533.1041614706 * x_10 * PPMd + -6007.03854152756 * x_6 * BZip2 + 4620.5755582973 * x_8 * Deflate;10.804228985934;10.804228985934;10.804228985934;10.804228985934;26.46875;18;4620.5755582973 * x_8 * Deflate;2;0.432307498368024;
12;3174.71876736563 * CompressionMethod + 313.033025529195 * BlockSize_1 + 16853.6521044434 * x_10 + 12603.0660044336 * x_8 + 7214.9312681502 * x_6 + -6469.61503340095 * x_6 * PPMd + 39085.8880225651 * x_10 * BZip2 + 7044.58881938266 * x_6 * LZMA2 + 2921.23874665949 * BZip2 + -10863.6169092706 * x_10 * PPMd + -5720.88878217542 * x_6 * BZip2 + 4261.85126513731 * x_8 * Deflate + -1672.8752835595 * PPMd;9.48186464238512;9.48186464238512;9.48186464238512;9.48186464238512;32.806606;19;-1672.8752835595 * PPMd;1;1.32236434354887;
Elapsed=00:00:32.8136587
average model: 
command: analyze-learning
Round, Model, LearningError, LearningErrorRel, ValidationError, ValidationErrorRel, ElapsedSeconds, ModelComplexity, BestCandidate, BestCandidateSize, BestCandidateScore, TestError
Models:
Termination reason: abortError
1;11107.4007220217 * CompressionMethod + 637.381886674066 * BlockSize_1;157.358113888789;157.358113888789;157.358113888789;157.358113888789;0.129603;2;637.381886674066 * BlockSize_1;1;1.79769313486232E+308;175.834009670282
2;8152.03454319896 * CompressionMethod + 584.898347674738 * BlockSize_1 + 23060.1811699692 * x_10;119.280599995803;119.280599995803;119.280599995803;119.280599995803;0.40285;3;23060.1811699692 * x_10;1;38.0775138929861;128.852231575577
3;6847.4884730169 * CompressionMethod + 930.145800760021 * BlockSize_1 + 24337.8248412096 * x_10 + 12153.958119669 * x_8;94.8056804515765;94.8056804515765;94.8056804515765;94.8056804515765;0.962487;4;12153.958119669 * x_8;1;24.4749195442261;105.138808251551
4;3888.76929590551 * CompressionMethod + 759.40473579176 * BlockSize_1 + 27309.84851689 * x_10 + 15121.9904457786 * x_8 + 7814.5954735502 * x_6;75.5950559901862;75.5950559901862;75.5950559901862;75.5950559901862;1.678006;5;7814.5954735502 * x_6;1;19.2106244613903;68.2560873534525
5;3880.3418242115 * CompressionMethod + 870.494135394204 * BlockSize_1 + 27309.6196717318 * x_10 + 15124.3584956761 * x_8 + 10839.1734684601 * x_6 + -12524.2124215455 * x_6 * PPMd;45.7142472873134;45.7142472873134;45.7142472873134;45.7142472873134;3.098626;7;-12524.2124215455 * x_6 * PPMd;2;14.9404043514364;58.5487823357383
6;3864.60493765804 * CompressionMethod + 1077.93491268987 * BlockSize_1 + 9705.15547763266 * x_10 + 15128.7804307408 * x_8 + 10838.0077731598 * x_6 + -12526.6066561844 * x_6 * PPMd + 48411.1013766601 * x_10 * BZip2;31.776217371895;31.776217371895;31.776217371895;31.776217371895;5.256736;9;48411.1013766601 * x_10 * BZip2;2;6.96901495770922;47.5069383733561
7;3873.16042267001 * CompressionMethod + 965.15806480509 * BlockSize_1 + 9705.80626591733 * x_10 + 15126.3764101589 * x_8 + 5326.71516382058 * x_6 + -7013.37866228655 * x_6 * PPMd + 48409.9505924981 * x_10 * BZip2 + 8177.03359462554 * x_6 * LZMA2;25.8884114274837;25.8884114274837;25.8884114274837;25.8884114274837;8.130722;11;8177.03359462554 * x_6 * LZMA2;2;2.94390297220567;43.6504903665119
8;3281.97020938273 * CompressionMethod + 992.509248584346 * BlockSize_1 + 10294.7637295085 * x_10 + 14838.2230942392 * x_8 + 5156.36121423584 * x_6 + -6254.37879557985 * x_6 * PPMd + 46553.2358187082 * x_10 * BZip2 + 8936.17325782455 * x_6 * LZMA2 + 1856.99386750176 * BZip2;18.1187598569079;18.1187598569079;18.1187598569079;18.1187598569079;11.611763;12;1856.99386750176 * BZip2;1;7.76965157057578;34.0145866311584
9;3305.94738778356 * CompressionMethod + 685.644894104483 * BlockSize_1 + 16675.8470004534 * x_10 + 14832.0237965134 * x_8 + 5154.20645399582 * x_6 + -6247.65569239366 * x_6 * PPMd + 40172.2938815828 * x_10 * BZip2 + 8941.3279257719 * x_6 * LZMA2 + 1854.79423774428 * BZip2 + -12504.8201840011 * x_10 * PPMd;14.4090158652474;14.4090158652474;14.4090158652474;14.4090158652474;15.769341;14;-12504.8201840011 * x_10 * PPMd;2;1.85487199583023;30.1923796900955
10;3113.11893773248 * CompressionMethod + 542.325021666026 * BlockSize_1 + 16886.5904345593 * x_10 + 14729.131061658 * x_8 + 7250.07432899832 * x_6 + -8137.36303618809 * x_6 * PPMd + 39522.5150779207 * x_10 * BZip2 + 7050.88805004582 * x_6 * LZMA2 + 2496.89519109715 * BZip2 + -12517.0023731583 * x_10 * PPMd + -5270.08845782805 * x_6 * BZip2;11.66884398267;11.66884398267;11.66884398267;11.66884398267;20.604026;16;-5270.08845782805 * x_6 * BZip2;2;1.37008594128869;26.7451170155592
11;2900.63278618136 * CompressionMethod + 352.892217993675 * BlockSize_1 + 17122.7556865695 * x_10 + 12513.6445893621 * x_8 + 7484.41811174243 * x_6 + -8141.5990112255 * x_6 * PPMd + 38797.2744395031 * x_10 * BZip2 + 7045.6838521427 * x_6 * LZMA2 + 3211.98764360374 * BZip2 + -12533.1041614706 * x_10 * PPMd + -6007.03854152756 * x_6 * BZip2 + 4620.5755582973 * x_8 * Deflate;10.804228985934;10.804228985934;10.804228985934;10.804228985934;26.46875;18;4620.5755582973 * x_8 * Deflate;2;0.432307498368024;24.1400757223909
12;3174.71876736563 * CompressionMethod + 313.033025529195 * BlockSize_1 + 16853.6521044434 * x_10 + 12603.0660044336 * x_8 + 7214.9312681502 * x_6 + -6469.61503340095 * x_6 * PPMd + 39085.8880225651 * x_10 * BZip2 + 7044.58881938266 * x_6 * LZMA2 + 2921.23874665949 * BZip2 + -10863.6169092706 * x_10 * PPMd + -5720.88878217542 * x_6 * BZip2 + 4261.85126513731 * x_8 * Deflate + -1672.8752835595 * PPMd;9.48186464238512;9.48186464238512;9.48186464238512;9.48186464238512;32.806606;19;-1672.8752835595 * PPMd;1;1.32236434354887;23.7316781661605
Analyze finished
command: measurementstocsv /scratch/kaltenec/Distribution-Aware-Sampling/Results_opt/7z_disc/7z_disc_11/sampledConfigurations_solv_1.csv
command: clean-sampling
command: clean-global
command: script /scratch/kaltenec/Distribution-Aware-Sampling/Results_opt/7z_disc/7z_disc_11/learn_solv_2.a
command: log /scratch/kaltenec/Distribution-Aware-Sampling/Results_opt/7z_disc/7z_disc_11/out_solv_2.log
