Current machine learning settings: epsilon:0 lossFunction:RELATIVE parallelization:True bagging:False baggingNumbers:3 baggingTestDataFraction:50 useBackward:False abortError:1 limitFeatureSize:False featureSizeTreshold:4 quadraticFunctionSupport:True crossValidation:False crossValidation-k:5 learn-logFunction:False learn-accumulatedLogFunction:False learn-asymFunction:False learn-ratioFunction:False learn-mirrowedFunction:False numberOfRounds:70 backwardErrorDelta:1 minImprovementPerRound:0.1 withHierarchy:False bruteForceCandidates:False ignoreBadFeatures:False stopOnLongRound:True candidateSizePenalty:True learnTimeLimit:00:00:00 scoreMeasure:RELERROR outputRoundsToStdout:False blacklisted: 
command: mlsettings bagging:False stopOnLongRound:False parallelization:True lossFunction:RELATIVE useBackward:False abortError:10 limitFeatureSize:False featureSizeTreshold:7 quadraticFunctionSupport:True crossValidation:False learn_logFunction:True numberOfRounds:70 backwardErrorDelta:1 minImprovementPerRound:0.25 withHierarchy:False
Current machine learning settings: epsilon:0 lossFunction:RELATIVE parallelization:True bagging:False baggingNumbers:3 baggingTestDataFraction:50 useBackward:False abortError:10 limitFeatureSize:False featureSizeTreshold:7 quadraticFunctionSupport:True crossValidation:False crossValidation-k:5 learn-logFunction:True learn-accumulatedLogFunction:False learn-asymFunction:False learn-ratioFunction:False learn-mirrowedFunction:False numberOfRounds:70 backwardErrorDelta:1 minImprovementPerRound:0.25 withHierarchy:False bruteForceCandidates:False ignoreBadFeatures:False stopOnLongRound:False candidateSizePenalty:True learnTimeLimit:00:00:00 scoreMeasure:RELERROR outputRoundsToStdout:False blacklisted: 
command: solver z3
command: vm /scratch/kaltenec/Distribution-Aware-Sampling/DistOut/ConstraintData/JavaGC_disc/FeatureModel.xml
command: all /scratch/kaltenec/Distribution-Aware-Sampling/DistOut/ConstraintData/JavaGC_disc/measurements.xml
Configs with too large deviation: 0
193536 configurations loaded.
command: nfp Performance
command: binary satoutput numConfigs:3504 seed:74
command: learn-splconqueror
Learning: NumberOfConfigurationsLearning:3504 NumberOfConfigurationsValidation:3504
Learning progress:
1;67.5955580338261 * MaxTenuringThreshold + 8.6454514574895 * DisableExplicitGC;91.5100990030197;91.5100990030197;91.5100990030197;91.5100990030197;1.258439;2;8.6454514574895 * DisableExplicitGC;1;1.79769313486232E+308;
2;38.3510825399011 * MaxTenuringThreshold + 6.07728986808766 * DisableExplicitGC + 224.920925343524 * NewRatio_32;53.2249699997417;53.2249699997417;53.2249699997417;53.2249699997417;4.347233;3;224.920925343524 * NewRatio_32;1;38.285129003278;
3;38.7602502638142 * MaxTenuringThreshold + 5.1814963684802 * DisableExplicitGC + 21.1722436460762 * NewRatio_32 + 421.778037298536 * NewRatio_32 * UseAdaptiveSizePolicy;27.6084074883015;27.6084074883015;27.6084074883015;27.6084074883015;8.758535;5;421.778037298536 * NewRatio_32 * UseAdaptiveSizePolicy;2;12.8082812557201;
4;29.5938690714362 * MaxTenuringThreshold + 4.54408153954609 * DisableExplicitGC + 30.6404212472507 * NewRatio_32 + 400.732650070717 * NewRatio_32 * UseAdaptiveSizePolicy + 21.0553395563196 * UseAdaptiveSizePolicy;21.0387434478549;21.0387434478549;21.0387434478549;21.0387434478549;15.171218;6;21.0553395563196 * UseAdaptiveSizePolicy;1;6.56966404044659;
5;29.5486636514707 * MaxTenuringThreshold + 4.64659219976387 * DisableExplicitGC + 30.6370910076906 * NewRatio_32 + 411.555845735631 * NewRatio_32 * UseAdaptiveSizePolicy + 10.2305433328378 * UseAdaptiveSizePolicy + 25.9289530438569 * UseAdaptiveSizePolicy * NewRatio_4;13.543630660408;13.543630660408;13.543630660408;13.543630660408;25.319904;8;25.9289530438569 * UseAdaptiveSizePolicy * NewRatio_4;2;3.74755639372344;
6;30.9951224909831 * MaxTenuringThreshold + 4.76386606177154 * DisableExplicitGC + 30.7488045871675 * NewRatio_32 + 411.405746538599 * NewRatio_32 * UseAdaptiveSizePolicy + 10.4158376313853 * UseAdaptiveSizePolicy + 25.8906107821022 * UseAdaptiveSizePolicy * NewRatio_4 + -3.46803518110883 * UseAdaptiveGCBoundary;11.802800856403;11.802800856403;11.802800856403;11.802800856403;38.815226;9;-3.46803518110883 * UseAdaptiveGCBoundary;1;1.740829804005;
7;32.3936002807684 * MaxTenuringThreshold + 4.83151011826637 * DisableExplicitGC + 30.856743077264 * NewRatio_32 + 411.339408896552 * NewRatio_32 * UseAdaptiveSizePolicy + 7.07946347447693 * UseAdaptiveSizePolicy + 25.9359654666406 * UseAdaptiveSizePolicy * NewRatio_4 + -6.77433955938105 * UseAdaptiveGCBoundary + 7.22075886947504 * UseAdaptiveGCBoundary * UseAdaptiveSizePolicy;10.4440686180818;10.4440686180818;10.4440686180818;10.4440686180818;57.247789;11;7.22075886947504 * UseAdaptiveGCBoundary * UseAdaptiveSizePolicy;2;0.679366119160578;
8;32.3614117920205 * MaxTenuringThreshold + 4.90835497212648 * DisableExplicitGC + 30.8543776268676 * NewRatio_32 + 403.339898469706 * NewRatio_32 * UseAdaptiveSizePolicy + 15.0613698498027 * UseAdaptiveSizePolicy + 17.9355699091194 * UseAdaptiveSizePolicy * NewRatio_4 + -6.77827190989413 * UseAdaptiveGCBoundary + 7.25531100189383 * UseAdaptiveGCBoundary * UseAdaptiveSizePolicy + -14.2910437143916 * UseAdaptiveSizePolicy * NewRatio_1;9.32494758001323;9.32494758001323;9.32494758001323;9.32494758001323;81.493198;13;-14.2910437143916 * UseAdaptiveSizePolicy * NewRatio_1;2;0.559560519034306;
Elapsed=00:01:21.5651195
average model: 
command: analyze-learning
Round, Model, LearningError, LearningErrorRel, ValidationError, ValidationErrorRel, ElapsedSeconds, ModelComplexity, BestCandidate, BestCandidateSize, BestCandidateScore, TestError
Models:
Termination reason: abortError
1;67.5955580338261 * MaxTenuringThreshold + 8.6454514574895 * DisableExplicitGC;91.5100990030197;91.5100990030197;91.5100990030197;91.5100990030197;1.258439;2;8.6454514574895 * DisableExplicitGC;1;1.79769313486232E+308;97.3756491161044
2;38.3510825399011 * MaxTenuringThreshold + 6.07728986808766 * DisableExplicitGC + 224.920925343524 * NewRatio_32;53.2249699997417;53.2249699997417;53.2249699997417;53.2249699997417;4.347233;3;224.920925343524 * NewRatio_32;1;38.285129003278;65.3872631319082
3;38.7602502638142 * MaxTenuringThreshold + 5.1814963684802 * DisableExplicitGC + 21.1722436460762 * NewRatio_32 + 421.778037298536 * NewRatio_32 * UseAdaptiveSizePolicy;27.6084074883015;27.6084074883015;27.6084074883015;27.6084074883015;8.758535;5;421.778037298536 * NewRatio_32 * UseAdaptiveSizePolicy;2;12.8082812557201;45.9250296656032
4;29.5938690714362 * MaxTenuringThreshold + 4.54408153954609 * DisableExplicitGC + 30.6404212472507 * NewRatio_32 + 400.732650070717 * NewRatio_32 * UseAdaptiveSizePolicy + 21.0553395563196 * UseAdaptiveSizePolicy;21.0387434478549;21.0387434478549;21.0387434478549;21.0387434478549;15.171218;6;21.0553395563196 * UseAdaptiveSizePolicy;1;6.56966404044659;42.3132860113883
5;29.5486636514707 * MaxTenuringThreshold + 4.64659219976387 * DisableExplicitGC + 30.6370910076906 * NewRatio_32 + 411.555845735631 * NewRatio_32 * UseAdaptiveSizePolicy + 10.2305433328378 * UseAdaptiveSizePolicy + 25.9289530438569 * UseAdaptiveSizePolicy * NewRatio_4;13.543630660408;13.543630660408;13.543630660408;13.543630660408;25.319904;8;25.9289530438569 * UseAdaptiveSizePolicy * NewRatio_4;2;3.74755639372344;36.8494713710826
6;30.9951224909831 * MaxTenuringThreshold + 4.76386606177154 * DisableExplicitGC + 30.7488045871675 * NewRatio_32 + 411.405746538599 * NewRatio_32 * UseAdaptiveSizePolicy + 10.4158376313853 * UseAdaptiveSizePolicy + 25.8906107821022 * UseAdaptiveSizePolicy * NewRatio_4 + -3.46803518110883 * UseAdaptiveGCBoundary;11.802800856403;11.802800856403;11.802800856403;11.802800856403;38.815226;9;-3.46803518110883 * UseAdaptiveGCBoundary;1;1.740829804005;36.0164174918045
7;32.3936002807684 * MaxTenuringThreshold + 4.83151011826637 * DisableExplicitGC + 30.856743077264 * NewRatio_32 + 411.339408896552 * NewRatio_32 * UseAdaptiveSizePolicy + 7.07946347447693 * UseAdaptiveSizePolicy + 25.9359654666406 * UseAdaptiveSizePolicy * NewRatio_4 + -6.77433955938105 * UseAdaptiveGCBoundary + 7.22075886947504 * UseAdaptiveGCBoundary * UseAdaptiveSizePolicy;10.4440686180818;10.4440686180818;10.4440686180818;10.4440686180818;57.247789;11;7.22075886947504 * UseAdaptiveGCBoundary * UseAdaptiveSizePolicy;2;0.679366119160578;35.4512013689788
8;32.3614117920205 * MaxTenuringThreshold + 4.90835497212648 * DisableExplicitGC + 30.8543776268676 * NewRatio_32 + 403.339898469706 * NewRatio_32 * UseAdaptiveSizePolicy + 15.0613698498027 * UseAdaptiveSizePolicy + 17.9355699091194 * UseAdaptiveSizePolicy * NewRatio_4 + -6.77827190989413 * UseAdaptiveGCBoundary + 7.25531100189383 * UseAdaptiveGCBoundary * UseAdaptiveSizePolicy + -14.2910437143916 * UseAdaptiveSizePolicy * NewRatio_1;9.32494758001323;9.32494758001323;9.32494758001323;9.32494758001323;81.493198;13;-14.2910437143916 * UseAdaptiveSizePolicy * NewRatio_1;2;0.559560519034306;34.0530336331561
Analyze finished
command: measurementstocsv /scratch/kaltenec/Distribution-Aware-Sampling/Results_Henard/JavaGC_disc/JavaGC_disc_74/sampledConfigurations_henard_2.csv
command: clean-sampling
command: clean-global
