Current machine learning settings: epsilon:0 lossFunction:RELATIVE parallelization:True bagging:False baggingNumbers:3 considerEpsilonTube:False baggingTestDataFraction:50 useBackward:False abortError:1 limitFeatureSize:False featureSizeTreshold:4 quadraticFunctionSupport:True crossValidation:False crossValidation-k:5 learn-logFunction:False learn-accumulatedLogFunction:False learn-asymFunction:False learn-ratioFunction:False learn-mirrowedFunction:False numberOfRounds:70 backwardErrorDelta:1 minImprovementPerRound:0.1 withHierarchy:False bruteForceCandidates:False ignoreBadFeatures:False stopOnLongRound:True candidateSizePenalty:True learnTimeLimit:00:00:00 scoreMeasure:RELERROR outputRoundsToStdout:False blacklisted: 
command: mlsettings bagging:False stopOnLongRound:False parallelization:True lossFunction:RELATIVE useBackward:False abortError:10 limitFeatureSize:False featureSizeTreshold:7 quadraticFunctionSupport:True crossValidation:False learn_logFunction:True numberOfRounds:70 backwardErrorDelta:1 minImprovementPerRound:0.25 withHierarchy:False
Current machine learning settings: epsilon:0 lossFunction:RELATIVE parallelization:True bagging:False baggingNumbers:3 considerEpsilonTube:False baggingTestDataFraction:50 useBackward:False abortError:10 limitFeatureSize:False featureSizeTreshold:7 quadraticFunctionSupport:True crossValidation:False crossValidation-k:5 learn-logFunction:True learn-accumulatedLogFunction:False learn-asymFunction:False learn-ratioFunction:False learn-mirrowedFunction:False numberOfRounds:70 backwardErrorDelta:1 minImprovementPerRound:0.25 withHierarchy:False bruteForceCandidates:False ignoreBadFeatures:False stopOnLongRound:False candidateSizePenalty:True learnTimeLimit:00:00:00 scoreMeasure:RELERROR outputRoundsToStdout:False blacklisted: 
command: solver z3
command: vm /scratch/kaltenec/Distribution-Aware-Sampling/DistOut/ConstraintData/7z_disc/FeatureModel.xml
command: all /scratch/kaltenec/Distribution-Aware-Sampling/DistOut/ConstraintData/7z_disc/measurements.xml
Configs with too large deviation: 0
68640 configurations loaded.
command: nfp Performance
command: hybrid distribution-aware distance-metric:manhattan distribution:uniform onlyBinary:true selection:SolverSelection optimization:None numConfigs:39 seed:12
command: learn-splconqueror
Learning: NumberOfConfigurationsLearning:39 NumberOfConfigurationsValidation:39
Learning progress:
1;6913.44827586207 * CompressionMethod + -3792.44827586207 * Deflate;84.9090340884437;84.9090340884437;84.9090340884437;84.9090340884437;0.060744;2;-3792.44827586207 * Deflate;1;1.79769313486232E+308;
2;8157.82608695652 * CompressionMethod + -5036.82608695653 * Deflate + -6014.49275362319 * PPMd;60.9662548751531;60.9662548751531;60.9662548751531;60.9662548751531;0.085213;3;-6014.49275362319 * PPMd;1;23.9427792132906;
3;4828.84376662529 * CompressionMethod + -3099.96364603653 * Deflate + -8486.00993083881 * PPMd + 6960.59939705622 * x_6;42.5534235899589;42.5534235899589;42.5534235899589;42.5534235899589;0.12088;4;6960.59939705622 * x_6;1;18.4128312851942;
4;4471.26777251186 * CompressionMethod + -2891.91943127962 * Deflate + -9973.52606635071 * PPMd + 7708.25829383886 * x_6 + 7332.25829383885 * PPMd * x_4;29.2225265280864;29.2225265280864;29.2225265280864;29.2225265280864;0.179633;6;7332.25829383885 * PPMd * x_4;2;6.66544853093628;
5;4228.86363636364 * CompressionMethod + -2285.90909090909 * Deflate + -7913.09090909091 * PPMd + 5890.22727272727 * x_6 + 5514.22727272726 * PPMd * x_4 + 6393.4090909091 * x_6 * LZMA;20.873990293241;20.873990293241;20.873990293241;20.873990293241;0.261278;8;6393.4090909091 * x_6 * LZMA;2;4.17426811742268;
6;5409.70479704797 * CompressionMethod + -3274.52029520295 * Deflate + -8132.7822878229 * PPMd + 4929.07749077492 * x_6 + 4553.07749077492 * PPMd * x_4 + 8417.7082235108 * x_6 * LZMA + -2243.99051133368 * LZMA;15.5587084854702;15.5587084854702;15.5587084854702;15.5587084854702;0.489455;9;-2243.99051133368 * LZMA;1;5.31528180777082;
7;5663.99999999999 * CompressionMethod + -3687.74999999998 * Deflate + -7951.14285714286 * PPMd + 4493.14285714288 * x_6 + 4117.14285714288 * PPMd * x_4 + 8853.64285714284 * x_6 * LZMA + -2498.2857142857 * LZMA + 1230.60714285712 * BlockSize_128;14.2506968764755;14.2506968764755;14.2506968764755;14.2506968764755;0.808599;10;1230.60714285712 * BlockSize_128;1;1.30801160899469;
8;5664 * CompressionMethod + -3687.75000000001 * Deflate + -15169 * PPMd + 11711 * x_6 + 11335 * PPMd * x_4 + 1635.78571428573 * x_6 * LZMA + -2498.28571428572 * LZMA + -5987.24999999997 * BlockSize_128 + -10105 * x_6 * BZip2;7.80289512103356;7.80289512103356;7.80289512103356;7.80289512103356;1.212557;12;-10105 * x_6 * BZip2;2;3.22390087772097;
Elapsed=00:00:01.2166915
average model: 
command: analyze-learning
Round, Model, LearningError, LearningErrorRel, ValidationError, ValidationErrorRel, ElapsedSeconds, ModelComplexity, BestCandidate, BestCandidateSize, BestCandidateScore, TestError
Models:
Termination reason: abortError
1;6913.44827586207 * CompressionMethod + -3792.44827586207 * Deflate;84.9090340884437;84.9090340884437;84.9090340884437;84.9090340884437;0.060744;2;-3792.44827586207 * Deflate;1;1.79769313486232E+308;81.6886635635414
2;8157.82608695652 * CompressionMethod + -5036.82608695653 * Deflate + -6014.49275362319 * PPMd;60.9662548751531;60.9662548751531;60.9662548751531;60.9662548751531;0.085213;3;-6014.49275362319 * PPMd;1;23.9427792132906;68.486501643743
3;4828.84376662529 * CompressionMethod + -3099.96364603653 * Deflate + -8486.00993083881 * PPMd + 6960.59939705622 * x_6;42.5534235899589;42.5534235899589;42.5534235899589;42.5534235899589;0.12088;4;6960.59939705622 * x_6;1;18.4128312851942;75.883173476596
4;4471.26777251186 * CompressionMethod + -2891.91943127962 * Deflate + -9973.52606635071 * PPMd + 7708.25829383886 * x_6 + 7332.25829383885 * PPMd * x_4;29.2225265280864;29.2225265280864;29.2225265280864;29.2225265280864;0.179633;6;7332.25829383885 * PPMd * x_4;2;6.66544853093628;74.3192713530633
5;4228.86363636364 * CompressionMethod + -2285.90909090909 * Deflate + -7913.09090909091 * PPMd + 5890.22727272727 * x_6 + 5514.22727272726 * PPMd * x_4 + 6393.4090909091 * x_6 * LZMA;20.873990293241;20.873990293241;20.873990293241;20.873990293241;0.261278;8;6393.4090909091 * x_6 * LZMA;2;4.17426811742268;64.0486236124614
6;5409.70479704797 * CompressionMethod + -3274.52029520295 * Deflate + -8132.7822878229 * PPMd + 4929.07749077492 * x_6 + 4553.07749077492 * PPMd * x_4 + 8417.7082235108 * x_6 * LZMA + -2243.99051133368 * LZMA;15.5587084854702;15.5587084854702;15.5587084854702;15.5587084854702;0.489455;9;-2243.99051133368 * LZMA;1;5.31528180777082;59.9629522141548
7;5663.99999999999 * CompressionMethod + -3687.74999999998 * Deflate + -7951.14285714286 * PPMd + 4493.14285714288 * x_6 + 4117.14285714288 * PPMd * x_4 + 8853.64285714284 * x_6 * LZMA + -2498.2857142857 * LZMA + 1230.60714285712 * BlockSize_128;14.2506968764755;14.2506968764755;14.2506968764755;14.2506968764755;0.808599;10;1230.60714285712 * BlockSize_128;1;1.30801160899469;58.858555368263
8;5664 * CompressionMethod + -3687.75000000001 * Deflate + -15169 * PPMd + 11711 * x_6 + 11335 * PPMd * x_4 + 1635.78571428573 * x_6 * LZMA + -2498.28571428572 * LZMA + -5987.24999999997 * BlockSize_128 + -10105 * x_6 * BZip2;7.80289512103356;7.80289512103356;7.80289512103356;7.80289512103356;1.212557;12;-10105 * x_6 * BZip2;2;3.22390087772097;94.8936861775772
Analyze finished
command: printconfigs /scratch/kaltenec/Distribution-Aware-Sampling/Results_newTry/7z_disc/7z_disc_12/sampledConfigurations_solv_0.csv
command: clean-sampling
command: clean-global
command: script /scratch/kaltenec/Distribution-Aware-Sampling/Results_newTry/7z_disc/7z_disc_12/learn_solv_1.a
command: log /scratch/kaltenec/Distribution-Aware-Sampling/Results_newTry/7z_disc/7z_disc_12/out_solv_1.log
