Current machine learning settings: epsilon:0 lossFunction:RELATIVE parallelization:True bagging:False baggingNumbers:3 baggingTestDataFraction:50 useBackward:False abortError:1 limitFeatureSize:False featureSizeTreshold:4 quadraticFunctionSupport:True crossValidation:False crossValidation-k:5 learn-logFunction:False learn-accumulatedLogFunction:False learn-asymFunction:False learn-ratioFunction:False learn-mirrowedFunction:False numberOfRounds:70 backwardErrorDelta:1 minImprovementPerRound:0.1 withHierarchy:False bruteForceCandidates:False ignoreBadFeatures:False stopOnLongRound:True candidateSizePenalty:True learnTimeLimit:00:00:00 scoreMeasure:RELERROR outputRoundsToStdout:False blacklisted: 
command: mlsettings bagging:False stopOnLongRound:False parallelization:True lossFunction:RELATIVE useBackward:False abortError:10 limitFeatureSize:False featureSizeTreshold:7 quadraticFunctionSupport:True crossValidation:False learn_logFunction:True numberOfRounds:70 backwardErrorDelta:1 minImprovementPerRound:0.25 withHierarchy:False
Current machine learning settings: epsilon:0 lossFunction:RELATIVE parallelization:True bagging:False baggingNumbers:3 baggingTestDataFraction:50 useBackward:False abortError:10 limitFeatureSize:False featureSizeTreshold:7 quadraticFunctionSupport:True crossValidation:False crossValidation-k:5 learn-logFunction:True learn-accumulatedLogFunction:False learn-asymFunction:False learn-ratioFunction:False learn-mirrowedFunction:False numberOfRounds:70 backwardErrorDelta:1 minImprovementPerRound:0.25 withHierarchy:False bruteForceCandidates:False ignoreBadFeatures:False stopOnLongRound:False candidateSizePenalty:True learnTimeLimit:00:00:00 scoreMeasure:RELERROR outputRoundsToStdout:False blacklisted: 
command: solver z3
command: vm ../FeatureModel.xml
command: all ../measurements.xml
Configs with too large deviation: 0
68640 configurations loaded.
command: nfp Performance
command: binary random numConfigs:600 seed:56 fromFile:../allConfigurations.csv
command: learn-splconqueror
Learning: NumberOfConfigurationsLearning:600 NumberOfConfigurationsValidation:600
Learning progress:
1;11554.0767824498 * CompressionMethod + 2105.16850056911 * BlockSize_1;192.354515705556;192.354515705556;192.354515705556;192.354515705556;0.0781271;2;2105.16850056911 * BlockSize_1;1;1.79769313486232E+308;
2;7492.03618210431 * CompressionMethod + -502.410735587506 * BlockSize_1 + 25249.2750953293 * x_10;117.902355909801;117.902355909801;117.902355909801;117.902355909801;0.1718771;3;25249.2750953293 * x_10;1;74.4521597957546;
3;5454.78724491172 * CompressionMethod + -473.075271220219 * BlockSize_1 + 27282.4975962362 * x_10 + 11136.3284352921 * x_8;82.9464911544873;82.9464911544873;82.9464911544873;82.9464911544873;0.3437546;4;11136.3284352921 * x_8;1;34.9558647553137;
4;3857.41430597924 * CompressionMethod + -950.821498662341 * BlockSize_1 + 27415.1900194182 * x_10 + 11326.0475232113 * x_8 + 8215.04525214389 * BZip2;63.1923800722641;63.1923800722641;63.1923800722641;63.1923800722641;0.6093816;5;8215.04525214389 * BZip2;1;19.7541110822232;
5;1802.57754440232 * CompressionMethod + -762.39401814787 * BlockSize_1 + 29400.6304100276 * x_10 + 13325.2984104723 * x_8 + 8448.75288959064 * BZip2 + 7727.22441859203 * x_6;59.7386459054435;59.7386459054435;59.7386459054435;59.7386459054435;1.2343888;6;7727.22441859203 * x_6;1;3.45373416682059;
6;1892.92982802956 * CompressionMethod + -853.134852108823 * BlockSize_1 + 29396.7040403243 * x_10 + 13311.7475586747 * x_8 + 8051.64386091743 * BZip2 + 9785.82596970058 * x_6 + -9077.37517889223 * x_6 * PPMd;48.5034245984172;48.5034245984172;48.5034245984172;48.5034245984172;1.7437319;8;-9077.37517889223 * x_6 * PPMd;2;5.61761065351314;
7;3189.98216311711 * CompressionMethod + -818.48339440506 * BlockSize_1 + 22311.7445518041 * x_10 + 13107.6546119313 * x_8 + 1820.27732696447 * BZip2 + 9870.95497862461 * x_6 + -10461.0003336415 * x_6 * PPMd + 37277.7564940732 * x_10 * BZip2;39.6181400110195;39.6181400110195;39.6181400110195;39.6181400110195;2.446863;10;37277.7564940732 * x_10 * BZip2;2;4.44264229369884;
8;3149.72442299753 * CompressionMethod + -294.080169598871 * BlockSize_1 + 11873.8430095357 * x_10 + 13110.2312195767 * x_8 + 1805.16235705914 * BZip2 + 9875.72691762643 * x_6 + -10447.3646668906 * x_6 * PPMd + 47688.2302371863 * x_10 * BZip2 + 29790.3029298391 * x_10 * Deflate;32.1652209555342;32.1652209555342;32.1652209555342;32.1652209555342;3.3999983;12;29790.3029298391 * x_10 * Deflate;2;3.72645952774266;
9;2671.35858177711 * CompressionMethod + 250.368459853095 * BlockSize_1 + 12271.5497945409 * x_10 + 13181.5176715445 * x_8 + 3882.23010804779 * BZip2 + 12411.486863942 * x_6 + -12527.4441315464 * x_6 * PPMd + 45605.8559693417 * x_10 * BZip2 + 29814.6397140421 * x_10 * Deflate + -11516.8241004011 * x_6 * BZip2;25.275072891918;25.275072891918;25.275072891918;25.275072891918;4.6600541;14;-11516.8241004011 * x_6 * BZip2;2;3.4450740318081;
10;2943.39119226228 * CompressionMethod + 251.505054061047 * BlockSize_1 + 11999.3487997287 * x_10 + 13216.5984659979 * x_8 + 3603.00620292339 * BZip2 + 12387.9651925493 * x_6 + -12776.0024287307 * x_6 * PPMd + 45885.0687965497 * x_10 * BZip2 + 30793.3444166109 * x_10 * Deflate + -11486.3637108596 * x_6 * BZip2 + -978.653896953099 * Deflate;21.3454671331741;21.3454671331741;21.3454671331741;21.3454671331741;6.2538203;15;-978.653896953099 * Deflate;1;3.92960575874391;
11;2968.85232967031 * CompressionMethod + -51.4023129082168 * BlockSize_1 + 15124.8270437603 * x_10 + 13214.7458025019 * x_8 + 3600.92591130978 * BZip2 + 12372.0644465942 * x_6 + -12772.9416798933 * x_6 * PPMd + 42784.0371857188 * x_10 * BZip2 + 27673.5209005049 * x_10 * Deflate + -11426.5310624837 * x_6 * BZip2 + -978.434517427694 * Deflate + -10482.9667288739 * x_10 * PPMd;18.1842674862229;18.1842674862229;18.1842674862229;18.1842674862229;8.8632232;17;-10482.9667288739 * x_10 * PPMd;2;1.5805998234756;
12;3323.68144291596 * CompressionMethod + 372.458834724543 * BlockSize_1 + 14691.9182454243 * x_10 + 15710.9866678889 * x_8 + 2708.33704196296 * BZip2 + 12240.5156321621 * x_6 + -13013.8828598583 * x_6 * PPMd + 43687.7802957929 * x_10 * BZip2 + 28639.9017007005 * x_10 * Deflate + -10851.4138580908 * x_6 * BZip2 + -1910.58333746048 * Deflate + -10431.3783655106 * x_10 * PPMd + -12542.3001388144 * x_8 * PPMd;15.1092367577206;15.1092367577206;15.1092367577206;15.1092367577206;11.6913769;19;-12542.3001388144 * x_8 * PPMd;2;1.53751536425113;
13;3746.18805236403 * CompressionMethod + 266.000914035521 * BlockSize_1 + 14289.0223055768 * x_10 + 15476.6756609293 * x_8 + 2341.37123802745 * BZip2 + 11900.1293211056 * x_6 + -11556.5868891144 * x_6 * PPMd + 44051.9445754997 * x_10 * BZip2 + 28941.3453542777 * x_10 * Deflate + -10542.9110368382 * x_6 * BZip2 + -2220.62477229112 * Deflate + -8909.35489262789 * x_10 * PPMd + -11177.7722320812 * x_8 * PPMd + -1534.98052244017 * PPMd;12.342845398994;12.342845398994;12.342845398994;12.342845398994;14.3286839;20;-1534.98052244017 * PPMd;1;2.76639135872661;
14;3593.36704277018 * CompressionMethod + 344.454435897043 * BlockSize_1 + 14427.3913506172 * x_10 + 15459.2594183753 * x_8 + 2491.76109255404 * BZip2 + 10219.8557725314 * x_6 + -9878.10198215494 * x_6 * PPMd + 43903.619287338 * x_10 * BZip2 + 28543.2119519712 * x_10 * Deflate + -8877.64044916601 * x_6 * BZip2 + -1816.15528700295 * Deflate + -9051.14702765515 * x_10 * PPMd + -11171.9513213749 * x_8 * PPMd + -1383.63976797569 * PPMd + 3753.67373642247 * x_6 * LZMA;10.2613472746748;10.2613472746748;10.2613472746748;10.2613472746748;17.7178907;22;3753.67373642247 * x_6 * LZMA;2;1.04074906215959;
15;3562.24089171052 * CompressionMethod + 377.791505268222 * BlockSize_1 + 14452.3764625823 * x_10 + 15587.1647939903 * x_8 + 2049.54440032313 * BZip2 + 10251.4280684188 * x_6 + -9910.43432129043 * x_6 * PPMd + 44346.7132708681 * x_10 * BZip2 + 28551.0195201473 * x_10 * Deflate + -8443.27813940088 * x_6 * BZip2 + -1821.27047843322 * Deflate + -9077.58670514712 * x_10 * PPMd + -11304.7838739093 * x_8 * PPMd + -1353.14261822498 * PPMd + 3753.22759159473 * x_6 * LZMA + 1405.90304775561 * BZip2 * x_4;10.0081395777579;10.0081395777579;10.0081395777579;10.0081395777579;22.7816929;24;1405.90304775561 * BZip2 * x_4;2;0.126603848458466;
Elapsed=00:00:22.7876639
average model: 

command: analyze-learning
Round, Model, LearningError, LearningErrorRel, ValidationError, ValidationErrorRel, ElapsedSeconds, ModelComplexity, BestCandidate, BestCandidateSize, BestCandidateScore, TestError
Models:
Termination reason: minImprovementPerRound
1;11554.0767824498 * CompressionMethod + 2105.16850056911 * BlockSize_1;192.354515705556;192.354515705556;192.354515705556;192.354515705556;0.0781271;2;2105.16850056911 * BlockSize_1;1;1.79769313486232E+308;186.296162036193
2;7492.03618210431 * CompressionMethod + -502.410735587506 * BlockSize_1 + 25249.2750953293 * x_10;117.902355909801;117.902355909801;117.902355909801;117.902355909801;0.1718771;3;25249.2750953293 * x_10;1;74.4521597957546;116.47460448544
3;5454.78724491172 * CompressionMethod + -473.075271220219 * BlockSize_1 + 27282.4975962362 * x_10 + 11136.3284352921 * x_8;82.9464911544873;82.9464911544873;82.9464911544873;82.9464911544873;0.3437546;4;11136.3284352921 * x_8;1;34.9558647553137;82.553516822953
4;3857.41430597924 * CompressionMethod + -950.821498662341 * BlockSize_1 + 27415.1900194182 * x_10 + 11326.0475232113 * x_8 + 8215.04525214389 * BZip2;63.1923800722641;63.1923800722641;63.1923800722641;63.1923800722641;0.6093816;5;8215.04525214389 * BZip2;1;19.7541110822232;63.6866677890385
5;1802.57754440232 * CompressionMethod + -762.39401814787 * BlockSize_1 + 29400.6304100276 * x_10 + 13325.2984104723 * x_8 + 8448.75288959064 * BZip2 + 7727.22441859203 * x_6;59.7386459054435;59.7386459054435;59.7386459054435;59.7386459054435;1.2343888;6;7727.22441859203 * x_6;1;3.45373416682059;60.2433294004416
6;1892.92982802956 * CompressionMethod + -853.134852108823 * BlockSize_1 + 29396.7040403243 * x_10 + 13311.7475586747 * x_8 + 8051.64386091743 * BZip2 + 9785.82596970058 * x_6 + -9077.37517889223 * x_6 * PPMd;48.5034245984172;48.5034245984172;48.5034245984172;48.5034245984172;1.7437319;8;-9077.37517889223 * x_6 * PPMd;2;5.61761065351314;51.6174947317429
7;3189.98216311711 * CompressionMethod + -818.48339440506 * BlockSize_1 + 22311.7445518041 * x_10 + 13107.6546119313 * x_8 + 1820.27732696447 * BZip2 + 9870.95497862461 * x_6 + -10461.0003336415 * x_6 * PPMd + 37277.7564940732 * x_10 * BZip2;39.6181400110195;39.6181400110195;39.6181400110195;39.6181400110195;2.446863;10;37277.7564940732 * x_10 * BZip2;2;4.44264229369884;40.819607962715
8;3149.72442299753 * CompressionMethod + -294.080169598871 * BlockSize_1 + 11873.8430095357 * x_10 + 13110.2312195767 * x_8 + 1805.16235705914 * BZip2 + 9875.72691762643 * x_6 + -10447.3646668906 * x_6 * PPMd + 47688.2302371863 * x_10 * BZip2 + 29790.3029298391 * x_10 * Deflate;32.1652209555342;32.1652209555342;32.1652209555342;32.1652209555342;3.3999983;12;29790.3029298391 * x_10 * Deflate;2;3.72645952774266;33.0744220577675
9;2671.35858177711 * CompressionMethod + 250.368459853095 * BlockSize_1 + 12271.5497945409 * x_10 + 13181.5176715445 * x_8 + 3882.23010804779 * BZip2 + 12411.486863942 * x_6 + -12527.4441315464 * x_6 * PPMd + 45605.8559693417 * x_10 * BZip2 + 29814.6397140421 * x_10 * Deflate + -11516.8241004011 * x_6 * BZip2;25.275072891918;25.275072891918;25.275072891918;25.275072891918;4.6600541;14;-11516.8241004011 * x_6 * BZip2;2;3.4450740318081;26.4824841389067
10;2943.39119226228 * CompressionMethod + 251.505054061047 * BlockSize_1 + 11999.3487997287 * x_10 + 13216.5984659979 * x_8 + 3603.00620292339 * BZip2 + 12387.9651925493 * x_6 + -12776.0024287307 * x_6 * PPMd + 45885.0687965497 * x_10 * BZip2 + 30793.3444166109 * x_10 * Deflate + -11486.3637108596 * x_6 * BZip2 + -978.653896953099 * Deflate;21.3454671331741;21.3454671331741;21.3454671331741;21.3454671331741;6.2538203;15;-978.653896953099 * Deflate;1;3.92960575874391;23.0135327248197
11;2968.85232967031 * CompressionMethod + -51.4023129082168 * BlockSize_1 + 15124.8270437603 * x_10 + 13214.7458025019 * x_8 + 3600.92591130978 * BZip2 + 12372.0644465942 * x_6 + -12772.9416798933 * x_6 * PPMd + 42784.0371857188 * x_10 * BZip2 + 27673.5209005049 * x_10 * Deflate + -11426.5310624837 * x_6 * BZip2 + -978.434517427694 * Deflate + -10482.9667288739 * x_10 * PPMd;18.1842674862229;18.1842674862229;18.1842674862229;18.1842674862229;8.8632232;17;-10482.9667288739 * x_10 * PPMd;2;1.5805998234756;19.3795692576081
12;3323.68144291596 * CompressionMethod + 372.458834724543 * BlockSize_1 + 14691.9182454243 * x_10 + 15710.9866678889 * x_8 + 2708.33704196296 * BZip2 + 12240.5156321621 * x_6 + -13013.8828598583 * x_6 * PPMd + 43687.7802957929 * x_10 * BZip2 + 28639.9017007005 * x_10 * Deflate + -10851.4138580908 * x_6 * BZip2 + -1910.58333746048 * Deflate + -10431.3783655106 * x_10 * PPMd + -12542.3001388144 * x_8 * PPMd;15.1092367577206;15.1092367577206;15.1092367577206;15.1092367577206;11.6913769;19;-12542.3001388144 * x_8 * PPMd;2;1.53751536425113;16.1517788962408
13;3746.18805236403 * CompressionMethod + 266.000914035521 * BlockSize_1 + 14289.0223055768 * x_10 + 15476.6756609293 * x_8 + 2341.37123802745 * BZip2 + 11900.1293211056 * x_6 + -11556.5868891144 * x_6 * PPMd + 44051.9445754997 * x_10 * BZip2 + 28941.3453542777 * x_10 * Deflate + -10542.9110368382 * x_6 * BZip2 + -2220.62477229112 * Deflate + -8909.35489262789 * x_10 * PPMd + -11177.7722320812 * x_8 * PPMd + -1534.98052244017 * PPMd;12.342845398994;12.342845398994;12.342845398994;12.342845398994;14.3286839;20;-1534.98052244017 * PPMd;1;2.76639135872661;13.2043257613851
14;3593.36704277018 * CompressionMethod + 344.454435897043 * BlockSize_1 + 14427.3913506172 * x_10 + 15459.2594183753 * x_8 + 2491.76109255404 * BZip2 + 10219.8557725314 * x_6 + -9878.10198215494 * x_6 * PPMd + 43903.619287338 * x_10 * BZip2 + 28543.2119519712 * x_10 * Deflate + -8877.64044916601 * x_6 * BZip2 + -1816.15528700295 * Deflate + -9051.14702765515 * x_10 * PPMd + -11171.9513213749 * x_8 * PPMd + -1383.63976797569 * PPMd + 3753.67373642247 * x_6 * LZMA;10.2613472746748;10.2613472746748;10.2613472746748;10.2613472746748;17.7178907;22;3753.67373642247 * x_6 * LZMA;2;1.04074906215959;11.1781093817144
15;3562.24089171052 * CompressionMethod + 377.791505268222 * BlockSize_1 + 14452.3764625823 * x_10 + 15587.1647939903 * x_8 + 2049.54440032313 * BZip2 + 10251.4280684188 * x_6 + -9910.43432129043 * x_6 * PPMd + 44346.7132708681 * x_10 * BZip2 + 28551.0195201473 * x_10 * Deflate + -8443.27813940088 * x_6 * BZip2 + -1821.27047843322 * Deflate + -9077.58670514712 * x_10 * PPMd + -11304.7838739093 * x_8 * PPMd + -1353.14261822498 * PPMd + 3753.22759159473 * x_6 * LZMA + 1405.90304775561 * BZip2 * x_4;10.0081395777579;10.0081395777579;10.0081395777579;10.0081395777579;22.7816929;24;1405.90304775561 * BZip2 * x_4;2;0.126603848458466;11.0344742483255
Analyze finished
command: measurementstocsv ./sampledConfigurations_rand_1.csv
command: clean-sampling
command: clean-global
command: script ./learn_rand_2.a
command: log ./out_rand_2.log
