Current machine learning settings: epsilon:0 lossFunction:RELATIVE parallelization:True bagging:False baggingNumbers:3 considerEpsilonTube:False baggingTestDataFraction:50 useBackward:False abortError:1 limitFeatureSize:False featureSizeTreshold:4 quadraticFunctionSupport:True crossValidation:False crossValidation-k:5 learn-logFunction:False learn-accumulatedLogFunction:False learn-asymFunction:False learn-ratioFunction:False learn-mirrowedFunction:False numberOfRounds:70 backwardErrorDelta:1 minImprovementPerRound:0.1 withHierarchy:False bruteForceCandidates:False ignoreBadFeatures:False stopOnLongRound:True candidateSizePenalty:True learnTimeLimit:00:00:00 scoreMeasure:RELERROR outputRoundsToStdout:False blacklisted: 
command: mlsettings bagging:False stopOnLongRound:False parallelization:True lossFunction:RELATIVE useBackward:False abortError:10 limitFeatureSize:False featureSizeTreshold:7 quadraticFunctionSupport:True crossValidation:False learn_logFunction:True numberOfRounds:70 backwardErrorDelta:1 minImprovementPerRound:0.25 withHierarchy:False
Current machine learning settings: epsilon:0 lossFunction:RELATIVE parallelization:True bagging:False baggingNumbers:3 considerEpsilonTube:False baggingTestDataFraction:50 useBackward:False abortError:10 limitFeatureSize:False featureSizeTreshold:7 quadraticFunctionSupport:True crossValidation:False crossValidation-k:5 learn-logFunction:True learn-accumulatedLogFunction:False learn-asymFunction:False learn-ratioFunction:False learn-mirrowedFunction:False numberOfRounds:70 backwardErrorDelta:1 minImprovementPerRound:0.25 withHierarchy:False bruteForceCandidates:False ignoreBadFeatures:False stopOnLongRound:False candidateSizePenalty:True learnTimeLimit:00:00:00 scoreMeasure:RELERROR outputRoundsToStdout:False blacklisted: 
command: solver z3
command: vm /scratch/kaltenec/Distribution-Aware-Sampling/DistOut/ConstraintData/VP9_disc/FeatureModel.xml
command: all /scratch/kaltenec/Distribution-Aware-Sampling/DistOut/ConstraintData/VP9_disc/measurements.xml
Configs with too large deviation: 0
216000 configurations loaded.
command: nfp Performance
command: hybrid distribution-aware distance-metric:manhattan distribution:uniform onlyBinary:true selection:SolverSelection optimization:None numConfigs:483 seed:95
command: learn-splconqueror
Learning: NumberOfConfigurationsLearning:483 NumberOfConfigurationsValidation:483
Learning progress:
1;28.5615208333335 * Quality + -24.1115208333334 * cpuUsed_4;911.728881310939;911.728881310939;911.728881310939;911.728881310939;0.106357;2;-24.1115208333334 * cpuUsed_4;1;1.79769313486232E+308;
2;7.92488461538469 * Quality + -3.47488461538462 * cpuUsed_4 + 45.025388111888 * cpuUsed_0;244.697366113151;244.697366113151;244.697366113151;244.697366113151;0.320659;3;45.025388111888 * cpuUsed_0;1;667.031515197788;
3;4.26968253968249 * Quality + 0.180317460317414 * cpuUsed_4 + 48.6805901875903 * cpuUsed_0 + 7.09218313195935 * cpuUsed_2;137.563405243431;137.563405243431;137.563405243431;137.563405243431;0.774248;4;7.09218313195935 * cpuUsed_2;1;107.13396086972;
4;-1.6077357801082 * Quality + 6.05773578010824 * cpuUsed_4 + 46.6234937756634 * cpuUsed_0 + -4.26790153091996 * cpuUsed_2 + 17.6322549593722 * AutoAltRef;112.496960401518;112.496960401518;112.496960401518;112.496960401518;1.4748;5;17.6322549593722 * AutoAltRef;1;25.066444841913;
5;-4.24873013065574 * Quality + 8.69873013065544 * cpuUsed_4 + 48.7622647030507 * cpuUsed_0 + -4.5898843194338 * cpuUsed_2 + 18.7085170175189 * AutoAltRef + 3.93920933872347 * Threads_8;80.9116084423223;80.9116084423223;80.9116084423223;80.9116084423223;2.604503;6;3.93920933872347 * Threads_8;1;31.5853519591955;
6;-2.66694971148865 * Quality + 7.1169497114884 * cpuUsed_4 + 50.7246657748889 * cpuUsed_0 + -2.82959786697011 * cpuUsed_2 + 15.8199883324151 * AutoAltRef + 2.87090621487844 * Threads_8 + -6.15859106340023 * cpuUsed_0 * bitRate_300;61.9192986009817;61.9192986009817;61.9192986009817;61.9192986009817;4.305965;8;-6.15859106340023 * cpuUsed_0 * bitRate_300;2;9.49615492067029;
7;-2.49506755379177 * Quality + 6.94506755379171 * cpuUsed_4 + 50.7081767850595 * cpuUsed_0 + 0.3946270680133 * cpuUsed_2 + 15.6019700966826 * AutoAltRef + 2.69966805091913 * Threads_8 + -6.31398423126785 * cpuUsed_0 * bitRate_300 + -6.10863942471821 * cpuUsed_2 * good;56.2124996645679;56.2124996645679;56.2124996645679;56.2124996645679;7.195266;10;-6.10863942471821 * cpuUsed_2 * good;2;2.85339946820691;
8;-2.30530159795116 * Quality + 6.75530159795114 * cpuUsed_4 + 54.7779872164924 * cpuUsed_0 + 0.570040058522018 * cpuUsed_2 + 15.3192237915758 * AutoAltRef + 2.53480276843389 * Threads_8 + -6.8355083505793 * cpuUsed_0 * bitRate_300 + -6.12596250531075 * cpuUsed_2 * good + -9.9681393812318 * cpuUsed_0 * lagInFrames_0;54.4319961774635;54.4319961774635;54.4319961774635;54.4319961774635;10.051838;12;-9.9681393812318 * cpuUsed_0 * lagInFrames_0;2;0.890251743552213;
9;-2.18787612154019 * Quality + 6.63787612154028 * cpuUsed_4 + 54.9707402479407 * cpuUsed_0 + 0.706009490806753 * cpuUsed_2 + 15.1057618046358 * AutoAltRef + 2.45493692492265 * Threads_8 + -7.0993741977588 * cpuUsed_0 * bitRate_300 + -6.13772894130846 * cpuUsed_2 * good + -10.0916398097112 * cpuUsed_0 * lagInFrames_0 + -15.1728641264003 * cpuUsed_0 * bitRate_900;54.0615388532104;54.0615388532104;54.0615388532104;54.0615388532104;14.628838;14;-15.1728641264003 * cpuUsed_0 * bitRate_900;2;0.185228662126551;
Elapsed=00:00:14.6483785
average model: 
command: analyze-learning
Round, Model, LearningError, LearningErrorRel, ValidationError, ValidationErrorRel, ElapsedSeconds, ModelComplexity, BestCandidate, BestCandidateSize, BestCandidateScore, TestError
Models:
Termination reason: minImprovementPerRound
1;28.5615208333335 * Quality + -24.1115208333334 * cpuUsed_4;911.728881310939;911.728881310939;911.728881310939;911.728881310939;0.106357;2;-24.1115208333334 * cpuUsed_4;1;1.79769313486232E+308;1081.01761217923
2;7.92488461538469 * Quality + -3.47488461538462 * cpuUsed_4 + 45.025388111888 * cpuUsed_0;244.697366113151;244.697366113151;244.697366113151;244.697366113151;0.320659;3;45.025388111888 * cpuUsed_0;1;667.031515197788;297.50048266621
3;4.26968253968249 * Quality + 0.180317460317414 * cpuUsed_4 + 48.6805901875903 * cpuUsed_0 + 7.09218313195935 * cpuUsed_2;137.563405243431;137.563405243431;137.563405243431;137.563405243431;0.774248;4;7.09218313195935 * cpuUsed_2;1;107.13396086972;169.741719819384
4;-1.6077357801082 * Quality + 6.05773578010824 * cpuUsed_4 + 46.6234937756634 * cpuUsed_0 + -4.26790153091996 * cpuUsed_2 + 17.6322549593722 * AutoAltRef;112.496960401518;112.496960401518;112.496960401518;112.496960401518;1.4748;5;17.6322549593722 * AutoAltRef;1;25.066444841913;408.27265725428
5;-4.24873013065574 * Quality + 8.69873013065544 * cpuUsed_4 + 48.7622647030507 * cpuUsed_0 + -4.5898843194338 * cpuUsed_2 + 18.7085170175189 * AutoAltRef + 3.93920933872347 * Threads_8;80.9116084423223;80.9116084423223;80.9116084423223;80.9116084423223;2.604503;6;3.93920933872347 * Threads_8;1;31.5853519591955;435.393905683998
6;-2.66694971148865 * Quality + 7.1169497114884 * cpuUsed_4 + 50.7246657748889 * cpuUsed_0 + -2.82959786697011 * cpuUsed_2 + 15.8199883324151 * AutoAltRef + 2.87090621487844 * Threads_8 + -6.15859106340023 * cpuUsed_0 * bitRate_300;61.9192986009817;61.9192986009817;61.9192986009817;61.9192986009817;4.305965;8;-6.15859106340023 * cpuUsed_0 * bitRate_300;2;9.49615492067029;372.485982935822
7;-2.49506755379177 * Quality + 6.94506755379171 * cpuUsed_4 + 50.7081767850595 * cpuUsed_0 + 0.3946270680133 * cpuUsed_2 + 15.6019700966826 * AutoAltRef + 2.69966805091913 * Threads_8 + -6.31398423126785 * cpuUsed_0 * bitRate_300 + -6.10863942471821 * cpuUsed_2 * good;56.2124996645679;56.2124996645679;56.2124996645679;56.2124996645679;7.195266;10;-6.10863942471821 * cpuUsed_2 * good;2;2.85339946820691;367.822538746483
8;-2.30530159795116 * Quality + 6.75530159795114 * cpuUsed_4 + 54.7779872164924 * cpuUsed_0 + 0.570040058522018 * cpuUsed_2 + 15.3192237915758 * AutoAltRef + 2.53480276843389 * Threads_8 + -6.8355083505793 * cpuUsed_0 * bitRate_300 + -6.12596250531075 * cpuUsed_2 * good + -9.9681393812318 * cpuUsed_0 * lagInFrames_0;54.4319961774635;54.4319961774635;54.4319961774635;54.4319961774635;10.051838;12;-9.9681393812318 * cpuUsed_0 * lagInFrames_0;2;0.890251743552213;361.896269810059
9;-2.18787612154019 * Quality + 6.63787612154028 * cpuUsed_4 + 54.9707402479407 * cpuUsed_0 + 0.706009490806753 * cpuUsed_2 + 15.1057618046358 * AutoAltRef + 2.45493692492265 * Threads_8 + -7.0993741977588 * cpuUsed_0 * bitRate_300 + -6.13772894130846 * cpuUsed_2 * good + -10.0916398097112 * cpuUsed_0 * lagInFrames_0 + -15.1728641264003 * cpuUsed_0 * bitRate_900;54.0615388532104;54.0615388532104;54.0615388532104;54.0615388532104;14.628838;14;-15.1728641264003 * cpuUsed_0 * bitRate_900;2;0.185228662126551;355.683750132444
Analyze finished
command: printconfigs /scratch/kaltenec/Distribution-Aware-Sampling/Results_newTry/VP9_disc/VP9_disc_95/sampledConfigurations_solv_1.csv
command: clean-sampling
command: clean-global
command: script /scratch/kaltenec/Distribution-Aware-Sampling/Results_newTry/VP9_disc/VP9_disc_95/learn_solv_2.a
command: log /scratch/kaltenec/Distribution-Aware-Sampling/Results_newTry/VP9_disc/VP9_disc_95/out_solv_2.log
