Current machine learning settings: epsilon:0 lossFunction:RELATIVE parallelization:True bagging:False baggingNumbers:3 considerEpsilonTube:False baggingTestDataFraction:50 useBackward:False abortError:1 limitFeatureSize:False featureSizeTreshold:4 quadraticFunctionSupport:True crossValidation:False crossValidation-k:5 learn-logFunction:False learn-accumulatedLogFunction:False learn-asymFunction:False learn-ratioFunction:False learn-mirrowedFunction:False numberOfRounds:70 backwardErrorDelta:1 minImprovementPerRound:0.1 withHierarchy:False bruteForceCandidates:False ignoreBadFeatures:False stopOnLongRound:True candidateSizePenalty:True learnTimeLimit:00:00:00 scoreMeasure:RELERROR outputRoundsToStdout:False blacklisted: 
command: mlsettings bagging:False stopOnLongRound:False parallelization:True lossFunction:RELATIVE useBackward:False abortError:10 limitFeatureSize:False featureSizeTreshold:7 quadraticFunctionSupport:True crossValidation:False learn_logFunction:True numberOfRounds:70 backwardErrorDelta:1 minImprovementPerRound:0.25 withHierarchy:False
Current machine learning settings: epsilon:0 lossFunction:RELATIVE parallelization:True bagging:False baggingNumbers:3 considerEpsilonTube:False baggingTestDataFraction:50 useBackward:False abortError:10 limitFeatureSize:False featureSizeTreshold:7 quadraticFunctionSupport:True crossValidation:False crossValidation-k:5 learn-logFunction:True learn-accumulatedLogFunction:False learn-asymFunction:False learn-ratioFunction:False learn-mirrowedFunction:False numberOfRounds:70 backwardErrorDelta:1 minImprovementPerRound:0.25 withHierarchy:False bruteForceCandidates:False ignoreBadFeatures:False stopOnLongRound:False candidateSizePenalty:True learnTimeLimit:00:00:00 scoreMeasure:RELERROR outputRoundsToStdout:False blacklisted: 
command: solver z3
command: vm /scratch/kaltenec/Distribution-Aware-Sampling/DistOut/ConstraintData/JavaGC_disc/FeatureModel.xml
command: all /scratch/kaltenec/Distribution-Aware-Sampling/DistOut/ConstraintData/JavaGC_disc/measurements.xml
Configs with too large deviation: 0
193536 configurations loaded.
command: nfp Performance
command: binary satoutput numConfigs:468 seed:91
command: learn-splconqueror
Learning: NumberOfConfigurationsLearning:468 NumberOfConfigurationsValidation:468
Learning progress:
1;50.6276756509302 * MaxTenuringThreshold + -16.7192256509224 * NewRatio_1;39.3899045079761;39.3899045079761;39.3899045079761;39.3899045079761;0.06078;2;-16.7192256509224 * NewRatio_1;1;1.79769313486232E+308;
2;34.6022999449037 * MaxTenuringThreshold + -0.693849944902357 * NewRatio_1 + 33.3385048170013 * UseAdaptiveSizePolicy;14.2721047397362;14.2721047397362;14.2721047397362;14.2721047397362;0.173009;3;33.3385048170013 * UseAdaptiveSizePolicy;1;25.1177997682399;
3;37.9224203718461 * MaxTenuringThreshold + -4.01397037184136 * NewRatio_1 + 33.605300208452 * UseAdaptiveSizePolicy + -7.17383163678619 * UseAdaptiveGCBoundary;8.90143788331081;8.90143788331081;8.90143788331081;8.90143788331081;0.403222;4;-7.17383163678619 * UseAdaptiveGCBoundary;1;5.37066685642536;
Elapsed=00:00:00.4116243
average model: 
command: analyze-learning
Round, Model, LearningError, LearningErrorRel, ValidationError, ValidationErrorRel, ElapsedSeconds, ModelComplexity, BestCandidate, BestCandidateSize, BestCandidateScore, TestError
Models:
Termination reason: abortError
1;50.6276756509302 * MaxTenuringThreshold + -16.7192256509224 * NewRatio_1;39.3899045079761;39.3899045079761;39.3899045079761;39.3899045079761;0.06078;2;-16.7192256509224 * NewRatio_1;1;1.79769313486232E+308;50.0135822737567
2;34.6022999449037 * MaxTenuringThreshold + -0.693849944902357 * NewRatio_1 + 33.3385048170013 * UseAdaptiveSizePolicy;14.2721047397362;14.2721047397362;14.2721047397362;14.2721047397362;0.173009;3;33.3385048170013 * UseAdaptiveSizePolicy;1;25.1177997682399;50.6826360029639
3;37.9224203718461 * MaxTenuringThreshold + -4.01397037184136 * NewRatio_1 + 33.605300208452 * UseAdaptiveSizePolicy + -7.17383163678619 * UseAdaptiveGCBoundary;8.90143788331081;8.90143788331081;8.90143788331081;8.90143788331081;0.403222;4;-7.17383163678619 * UseAdaptiveGCBoundary;1;5.37066685642536;47.0817242452575
Analyze finished
command: clean-sampling
command: clean-global
