Current machine learning settings: epsilon:0 lossFunction:RELATIVE parallelization:True bagging:False baggingNumbers:3 baggingTestDataFraction:50 useBackward:False abortError:1 limitFeatureSize:False featureSizeTreshold:4 quadraticFunctionSupport:True crossValidation:False crossValidation-k:5 learn-logFunction:False learn-accumulatedLogFunction:False learn-asymFunction:False learn-ratioFunction:False learn-mirrowedFunction:False numberOfRounds:70 backwardErrorDelta:1 minImprovementPerRound:0.1 withHierarchy:False bruteForceCandidates:False ignoreBadFeatures:False stopOnLongRound:True candidateSizePenalty:True learnTimeLimit:00:00:00 scoreMeasure:RELERROR outputRoundsToStdout:False blacklisted: 
command: mlsettings bagging:False stopOnLongRound:False parallelization:True lossFunction:RELATIVE useBackward:False abortError:10 limitFeatureSize:False featureSizeTreshold:7 quadraticFunctionSupport:True crossValidation:False learn_logFunction:True numberOfRounds:70 backwardErrorDelta:1 minImprovementPerRound:0.25 withHierarchy:False
Current machine learning settings: epsilon:0 lossFunction:RELATIVE parallelization:True bagging:False baggingNumbers:3 baggingTestDataFraction:50 useBackward:False abortError:10 limitFeatureSize:False featureSizeTreshold:7 quadraticFunctionSupport:True crossValidation:False crossValidation-k:5 learn-logFunction:True learn-accumulatedLogFunction:False learn-asymFunction:False learn-ratioFunction:False learn-mirrowedFunction:False numberOfRounds:70 backwardErrorDelta:1 minImprovementPerRound:0.25 withHierarchy:False bruteForceCandidates:False ignoreBadFeatures:False stopOnLongRound:False candidateSizePenalty:True learnTimeLimit:00:00:00 scoreMeasure:RELERROR outputRoundsToStdout:False blacklisted: 
command: solver z3
command: vm /scratch/kaltenec/Distribution-Aware-Sampling/DistOut/ConstraintData/Polly_disc/FeatureModel.xml
Warning: Variability model contains outdated notation. Children nodes will no longer have effect on the model. Instead use the parent node to describe the parent of an configuration option. You can also use the converter providedby the Variability Model GUI in export>convert legacy model.
command: all /scratch/kaltenec/Distribution-Aware-Sampling/DistOut/ConstraintData/Polly_disc/measurements.xml
Configs with too large deviation: 0
60000 configurations loaded.
command: nfp Performance
command: hybrid distribution-aware distance-metric:manhattan distribution:uniform onlyBinary:true selection:SolverSelection  numConfigs:28 seed:33
command: learn-splconqueror
Learning: NumberOfConfigurationsLearning:28 NumberOfConfigurationsValidation:28
Learning progress:
1;22.3363157894737 * polly_vectorizer + 6.59405458089671 * max;35.2968850853588;35.2968850853588;35.2968850853588;35.2968850853588;0.193382;2;6.59405458089671 * max;1;1.79769313486232E+308;
2;25.3137777777778 * polly_vectorizer + 3.61659259259259 * max + -14.1429444444445 * pollyoptmaxconstantterm_10;19.538024487772;19.538024487772;19.538024487772;19.538024487772;0.214905;3;-14.1429444444445 * pollyoptmaxconstantterm_10;1;15.7588605975868;
3;21.915873015873 * polly_vectorizer + 3.23904761904763 * max + -10.7450396825397 * pollyoptmaxconstantterm_10 + 5.66317460317462 * polly_no_tiling;17.5199041696108;17.5199041696108;17.5199041696108;17.5199041696108;0.248368;4;5.66317460317462 * polly_no_tiling;1;2.01812031816119;
4;20.0038888888889 * polly_vectorizer + 8.97499999999999 * max + -8.83305555555558 * pollyoptmaxconstantterm_10 + 8.84981481481482 * polly_no_tiling + -8.92259259259258 * max * polly_no_tiling;12.7521365371365;12.7521365371365;12.7521365371365;12.7521365371365;0.305314;6;-8.92259259259258 * max * polly_no_tiling;2;2.38388381623714;
5;23.0253116531165 * polly_vectorizer + 7.96785907859078 * max + -5.81163279132791 * pollyoptmaxconstantterm_10 + 11.199810298103 * polly_no_tiling + -10.2654471544716 * max * polly_no_tiling + -6.04284552845528 * value_based;12.4745151321378;12.4745151321378;12.4745151321378;12.4745151321378;0.443208;7;-6.04284552845528 * value_based;1;0.277621404998737;
6;26.1763247863248 * polly_vectorizer + 6.91752136752136 * max + -2.66061965811966 * pollyoptmaxconstantterm_10 + 2.96809381832639 * polly_no_tiling + -6.99230172927848 * max * polly_no_tiling + -12.3448717948718 * value_based + 12.0178175313059 * polly_no_tiling * value_based;6.34904619295175;6.34904619295175;6.34904619295175;6.34904619295175;0.554578;9;12.0178175313059 * polly_no_tiling * value_based;2;3.06273446959301;
Elapsed=00:00:00.5570361
average model: 
command: analyze-learning
Round, Model, LearningError, LearningErrorRel, ValidationError, ValidationErrorRel, ElapsedSeconds, ModelComplexity, BestCandidate, BestCandidateSize, BestCandidateScore, TestError
Models:
Termination reason: abortError
1;22.3363157894737 * polly_vectorizer + 6.59405458089671 * max;35.2968850853588;35.2968850853588;35.2968850853588;35.2968850853588;0.193382;2;6.59405458089671 * max;1;1.79769313486232E+308;28.1718155024371
2;25.3137777777778 * polly_vectorizer + 3.61659259259259 * max + -14.1429444444445 * pollyoptmaxconstantterm_10;19.538024487772;19.538024487772;19.538024487772;19.538024487772;0.214905;3;-14.1429444444445 * pollyoptmaxconstantterm_10;1;15.7588605975868;33.5806904359295
3;21.915873015873 * polly_vectorizer + 3.23904761904763 * max + -10.7450396825397 * pollyoptmaxconstantterm_10 + 5.66317460317462 * polly_no_tiling;17.5199041696108;17.5199041696108;17.5199041696108;17.5199041696108;0.248368;4;5.66317460317462 * polly_no_tiling;1;2.01812031816119;30.8225721330188
4;20.0038888888889 * polly_vectorizer + 8.97499999999999 * max + -8.83305555555558 * pollyoptmaxconstantterm_10 + 8.84981481481482 * polly_no_tiling + -8.92259259259258 * max * polly_no_tiling;12.7521365371365;12.7521365371365;12.7521365371365;12.7521365371365;0.305314;6;-8.92259259259258 * max * polly_no_tiling;2;2.38388381623714;24.7586877062215
5;23.0253116531165 * polly_vectorizer + 7.96785907859078 * max + -5.81163279132791 * pollyoptmaxconstantterm_10 + 11.199810298103 * polly_no_tiling + -10.2654471544716 * max * polly_no_tiling + -6.04284552845528 * value_based;12.4745151321378;12.4745151321378;12.4745151321378;12.4745151321378;0.443208;7;-6.04284552845528 * value_based;1;0.277621404998737;22.4558268590895
6;26.1763247863248 * polly_vectorizer + 6.91752136752136 * max + -2.66061965811966 * pollyoptmaxconstantterm_10 + 2.96809381832639 * polly_no_tiling + -6.99230172927848 * max * polly_no_tiling + -12.3448717948718 * value_based + 12.0178175313059 * polly_no_tiling * value_based;6.34904619295175;6.34904619295175;6.34904619295175;6.34904619295175;0.554578;9;12.0178175313059 * polly_no_tiling * value_based;2;3.06273446959301;16.6308456497118
Analyze finished
command: measurementstocsv /scratch/kaltenec/Distribution-Aware-Sampling/Results_test/Polly_disc/Polly_disc_33/sampledConfigurations_solv_0.csv
command: clean-sampling
command: clean-global
command: script /scratch/kaltenec/Distribution-Aware-Sampling/Results_test/Polly_disc/Polly_disc_33/learn_solv_1.a
command: log /scratch/kaltenec/Distribution-Aware-Sampling/Results_test/Polly_disc/Polly_disc_33/out_solv_1.log
