Current machine learning settings: epsilon:0 lossFunction:RELATIVE parallelization:True bagging:False baggingNumbers:3 baggingTestDataFraction:50 useBackward:False abortError:1 limitFeatureSize:False featureSizeTreshold:4 quadraticFunctionSupport:True crossValidation:False crossValidation-k:5 learn-logFunction:False learn-accumulatedLogFunction:False learn-asymFunction:False learn-ratioFunction:False learn-mirrowedFunction:False numberOfRounds:70 backwardErrorDelta:1 minImprovementPerRound:0.1 withHierarchy:False bruteForceCandidates:False ignoreBadFeatures:False stopOnLongRound:True candidateSizePenalty:True learnTimeLimit:00:00:00 scoreMeasure:RELERROR outputRoundsToStdout:False blacklisted: 
command: mlsettings bagging:False stopOnLongRound:False parallelization:True lossFunction:RELATIVE useBackward:False abortError:10 limitFeatureSize:False featureSizeTreshold:7 quadraticFunctionSupport:True crossValidation:False learn_logFunction:True numberOfRounds:70 backwardErrorDelta:1 minImprovementPerRound:0.25 withHierarchy:False
Current machine learning settings: epsilon:0 lossFunction:RELATIVE parallelization:True bagging:False baggingNumbers:3 baggingTestDataFraction:50 useBackward:False abortError:10 limitFeatureSize:False featureSizeTreshold:7 quadraticFunctionSupport:True crossValidation:False crossValidation-k:5 learn-logFunction:True learn-accumulatedLogFunction:False learn-asymFunction:False learn-ratioFunction:False learn-mirrowedFunction:False numberOfRounds:70 backwardErrorDelta:1 minImprovementPerRound:0.25 withHierarchy:False bruteForceCandidates:False ignoreBadFeatures:False stopOnLongRound:False candidateSizePenalty:True learnTimeLimit:00:00:00 scoreMeasure:RELERROR outputRoundsToStdout:False blacklisted: 
command: solver z3
command: vm /scratch/kaltenec/Distribution-Aware-Sampling/DistOut/ConstraintData/JavaGC_disc/FeatureModel.xml
command: all /scratch/kaltenec/Distribution-Aware-Sampling/DistOut/ConstraintData/JavaGC_disc/measurements.xml
Configs with too large deviation: 0
193536 configurations loaded.
command: nfp Performance
command: binary satoutput numConfigs:3504 seed:99
command: learn-splconqueror
Learning: NumberOfConfigurationsLearning:3504 NumberOfConfigurationsValidation:3504
Learning progress:
1;45.2210711402187 * MaxTenuringThreshold + 8.97949410007017 * DisableExplicitGC;74.3665190318643;74.3665190318643;74.3665190318643;74.3665190318643;2.125674;2;8.97949410007017 * DisableExplicitGC;1;1.79769313486232E+308;
2;28.0842372853289 * MaxTenuringThreshold + 4.52645037214554 * DisableExplicitGC + 93.968550281648 * NewRatio_16;41.4426971524634;41.4426971524634;41.4426971524634;41.4426971524634;4.774728;3;93.968550281648 * NewRatio_16;1;32.9238218794009;
3;28.0643185569862 * MaxTenuringThreshold + 4.57399995185512 * DisableExplicitGC + 13.9877313543226 * NewRatio_16 + 160.180083577078 * NewRatio_16 * UseAdaptiveSizePolicy;21.8530732789649;21.8530732789649;21.8530732789649;21.8530732789649;9.114038;5;160.180083577078 * NewRatio_16 * UseAdaptiveSizePolicy;2;9.79481193674923;
4;23.3011586853767 * MaxTenuringThreshold + 6.14921448256867 * DisableExplicitGC + 12.411377793946 * NewRatio_16 + 160.166663016796 * NewRatio_16 * UseAdaptiveSizePolicy + 15.2400326070099 * SurvivorRatio_1;18.754532462818;18.754532462818;18.754532462818;18.754532462818;15.381918;6;15.2400326070099 * SurvivorRatio_1;1;3.09854081614689;
5;21.0048050959957 * MaxTenuringThreshold + 6.72133408705795 * DisableExplicitGC + 14.1750196488377 * NewRatio_16 + 160.166774024878 * NewRatio_16 * UseAdaptiveSizePolicy + 15.9286821969544 * SurvivorRatio_1 + 6.61578626107664 * NewRatio_2;15.7586595275997;15.7586595275997;15.7586595275997;15.7586595275997;24.255619;7;6.61578626107664 * NewRatio_2;1;2.99587293521837;
6;19.3438963072476 * MaxTenuringThreshold + 4.10178497173021 * DisableExplicitGC + 16.6211323965425 * NewRatio_16 + 160.161606855424 * NewRatio_16 * UseAdaptiveSizePolicy + 17.3047474722904 * SurvivorRatio_1 + 8.90440965043139 * NewRatio_2 + 61.5313562944763 * NewRatio_8;14.7064679713665;14.7064679713665;14.7064679713665;14.7064679713665;36.188699;8;61.5313562944763 * NewRatio_8;1;1.05219155623321;
7;22.4072937585406 * MaxTenuringThreshold + 2.83903123339612 * DisableExplicitGC + 17.1179506517169 * NewRatio_16 + 135.559345191936 * NewRatio_16 * UseAdaptiveSizePolicy + 9.25509449310583 * SurvivorRatio_1 + 7.75384995781757 * NewRatio_2 + 60.0583688248718 * NewRatio_8 + 67.2007719423608 * NewRatio_16 * UseAdaptiveSizePolicy * SurvivorRatio_1;11.8603413391571;11.8603413391571;11.8603413391571;11.8603413391571;50.374972;11;67.2007719423608 * NewRatio_16 * UseAdaptiveSizePolicy * SurvivorRatio_1;3;0.948708877403124;
8;22.4342980929483 * MaxTenuringThreshold + 2.7800501467225 * DisableExplicitGC + 17.1217608417011 * NewRatio_16 + 135.556055174658 * NewRatio_16 * UseAdaptiveSizePolicy + 9.25010771991155 * SurvivorRatio_1 + 7.74762668409667 * NewRatio_2 + 13.8750432560642 * NewRatio_8 + 67.209539554444 * NewRatio_16 * UseAdaptiveSizePolicy * SurvivorRatio_1 + 91.268348125607 * NewRatio_8 * UseAdaptiveSizePolicy;10.2393612657473;10.2393612657473;10.2393612657473;10.2393612657473;67.547715;13;91.268348125607 * NewRatio_8 * UseAdaptiveSizePolicy;2;0.810490036704908;
9;22.8536058379938 * MaxTenuringThreshold + 1.29173035412006 * DisableExplicitGC + 17.1741114159243 * NewRatio_16 + 135.778946091937 * NewRatio_16 * UseAdaptiveSizePolicy + 9.96199696641458 * SurvivorRatio_1 + 3.74691284141787 * NewRatio_2 + 14.7930620248838 * NewRatio_8 + 66.5930554228516 * NewRatio_16 * UseAdaptiveSizePolicy * SurvivorRatio_1 + 91.3093309523889 * NewRatio_8 * UseAdaptiveSizePolicy + 8.84211912739795 * NewRatio_2 * SurvivorRatio_16;8.75384979039303;8.75384979039303;8.75384979039303;8.75384979039303;87.449012;15;8.84211912739795 * NewRatio_2 * SurvivorRatio_16;2;0.742755737677122;
Elapsed=00:01:27.4992125
average model: 
command: analyze-learning
Round, Model, LearningError, LearningErrorRel, ValidationError, ValidationErrorRel, ElapsedSeconds, ModelComplexity, BestCandidate, BestCandidateSize, BestCandidateScore, TestError
Models:
Termination reason: abortError
1;45.2210711402187 * MaxTenuringThreshold + 8.97949410007017 * DisableExplicitGC;74.3665190318643;74.3665190318643;74.3665190318643;74.3665190318643;2.125674;2;8.97949410007017 * DisableExplicitGC;1;1.79769313486232E+308;59.1178850979184
2;28.0842372853289 * MaxTenuringThreshold + 4.52645037214554 * DisableExplicitGC + 93.968550281648 * NewRatio_16;41.4426971524634;41.4426971524634;41.4426971524634;41.4426971524634;4.774728;3;93.968550281648 * NewRatio_16;1;32.9238218794009;52.0692511266175
3;28.0643185569862 * MaxTenuringThreshold + 4.57399995185512 * DisableExplicitGC + 13.9877313543226 * NewRatio_16 + 160.180083577078 * NewRatio_16 * UseAdaptiveSizePolicy;21.8530732789649;21.8530732789649;21.8530732789649;21.8530732789649;9.114038;5;160.180083577078 * NewRatio_16 * UseAdaptiveSizePolicy;2;9.79481193674923;34.7316621909977
4;23.3011586853767 * MaxTenuringThreshold + 6.14921448256867 * DisableExplicitGC + 12.411377793946 * NewRatio_16 + 160.166663016796 * NewRatio_16 * UseAdaptiveSizePolicy + 15.2400326070099 * SurvivorRatio_1;18.754532462818;18.754532462818;18.754532462818;18.754532462818;15.381918;6;15.2400326070099 * SurvivorRatio_1;1;3.09854081614689;34.7890363619958
5;21.0048050959957 * MaxTenuringThreshold + 6.72133408705795 * DisableExplicitGC + 14.1750196488377 * NewRatio_16 + 160.166774024878 * NewRatio_16 * UseAdaptiveSizePolicy + 15.9286821969544 * SurvivorRatio_1 + 6.61578626107664 * NewRatio_2;15.7586595275997;15.7586595275997;15.7586595275997;15.7586595275997;24.255619;7;6.61578626107664 * NewRatio_2;1;2.99587293521837;35.1865256675678
6;19.3438963072476 * MaxTenuringThreshold + 4.10178497173021 * DisableExplicitGC + 16.6211323965425 * NewRatio_16 + 160.161606855424 * NewRatio_16 * UseAdaptiveSizePolicy + 17.3047474722904 * SurvivorRatio_1 + 8.90440965043139 * NewRatio_2 + 61.5313562944763 * NewRatio_8;14.7064679713665;14.7064679713665;14.7064679713665;14.7064679713665;36.188699;8;61.5313562944763 * NewRatio_8;1;1.05219155623321;45.285223035198
7;22.4072937585406 * MaxTenuringThreshold + 2.83903123339612 * DisableExplicitGC + 17.1179506517169 * NewRatio_16 + 135.559345191936 * NewRatio_16 * UseAdaptiveSizePolicy + 9.25509449310583 * SurvivorRatio_1 + 7.75384995781757 * NewRatio_2 + 60.0583688248718 * NewRatio_8 + 67.2007719423608 * NewRatio_16 * UseAdaptiveSizePolicy * SurvivorRatio_1;11.8603413391571;11.8603413391571;11.8603413391571;11.8603413391571;50.374972;11;67.2007719423608 * NewRatio_16 * UseAdaptiveSizePolicy * SurvivorRatio_1;3;0.948708877403124;42.3732141690385
8;22.4342980929483 * MaxTenuringThreshold + 2.7800501467225 * DisableExplicitGC + 17.1217608417011 * NewRatio_16 + 135.556055174658 * NewRatio_16 * UseAdaptiveSizePolicy + 9.25010771991155 * SurvivorRatio_1 + 7.74762668409667 * NewRatio_2 + 13.8750432560642 * NewRatio_8 + 67.209539554444 * NewRatio_16 * UseAdaptiveSizePolicy * SurvivorRatio_1 + 91.268348125607 * NewRatio_8 * UseAdaptiveSizePolicy;10.2393612657473;10.2393612657473;10.2393612657473;10.2393612657473;67.547715;13;91.268348125607 * NewRatio_8 * UseAdaptiveSizePolicy;2;0.810490036704908;28.7396626053181
9;22.8536058379938 * MaxTenuringThreshold + 1.29173035412006 * DisableExplicitGC + 17.1741114159243 * NewRatio_16 + 135.778946091937 * NewRatio_16 * UseAdaptiveSizePolicy + 9.96199696641458 * SurvivorRatio_1 + 3.74691284141787 * NewRatio_2 + 14.7930620248838 * NewRatio_8 + 66.5930554228516 * NewRatio_16 * UseAdaptiveSizePolicy * SurvivorRatio_1 + 91.3093309523889 * NewRatio_8 * UseAdaptiveSizePolicy + 8.84211912739795 * NewRatio_2 * SurvivorRatio_16;8.75384979039303;8.75384979039303;8.75384979039303;8.75384979039303;87.449012;15;8.84211912739795 * NewRatio_2 * SurvivorRatio_16;2;0.742755737677122;29.3334065730334
Analyze finished
command: measurementstocsv /scratch/kaltenec/Distribution-Aware-Sampling/Results_test/JavaGC_disc/JavaGC_disc_99/sampledConfigurations_semi_2.csv
command: clean-sampling
command: clean-global
