Current machine learning settings: epsilon:0 lossFunction:RELATIVE parallelization:True bagging:False baggingNumbers:3 considerEpsilonTube:False baggingTestDataFraction:50 useBackward:False abortError:1 limitFeatureSize:False featureSizeTreshold:4 quadraticFunctionSupport:True crossValidation:False crossValidation-k:5 learn-logFunction:False learn-accumulatedLogFunction:False learn-asymFunction:False learn-ratioFunction:False learn-mirrowedFunction:False numberOfRounds:70 backwardErrorDelta:1 minImprovementPerRound:0.1 withHierarchy:False bruteForceCandidates:False ignoreBadFeatures:False stopOnLongRound:True candidateSizePenalty:True learnTimeLimit:00:00:00 scoreMeasure:RELERROR outputRoundsToStdout:False blacklisted: 
command: mlsettings bagging:False stopOnLongRound:False parallelization:True lossFunction:RELATIVE useBackward:False abortError:10 limitFeatureSize:False featureSizeTreshold:7 quadraticFunctionSupport:True crossValidation:False learn_logFunction:True numberOfRounds:70 backwardErrorDelta:1 minImprovementPerRound:0.25 withHierarchy:False
Current machine learning settings: epsilon:0 lossFunction:RELATIVE parallelization:True bagging:False baggingNumbers:3 considerEpsilonTube:False baggingTestDataFraction:50 useBackward:False abortError:10 limitFeatureSize:False featureSizeTreshold:7 quadraticFunctionSupport:True crossValidation:False crossValidation-k:5 learn-logFunction:True learn-accumulatedLogFunction:False learn-asymFunction:False learn-ratioFunction:False learn-mirrowedFunction:False numberOfRounds:70 backwardErrorDelta:1 minImprovementPerRound:0.25 withHierarchy:False bruteForceCandidates:False ignoreBadFeatures:False stopOnLongRound:False candidateSizePenalty:True learnTimeLimit:00:00:00 scoreMeasure:RELERROR outputRoundsToStdout:False blacklisted: 
command: solver z3
command: vm /scratch/kaltenec/Distribution-Aware-Sampling/DistOut/ConstraintData/JavaGC_disc/FeatureModel.xml
command: all /scratch/kaltenec/Distribution-Aware-Sampling/DistOut/ConstraintData/JavaGC_disc/measurements.xml
Configs with too large deviation: 0
193536 configurations loaded.
command: nfp Performance
command: hybrid distribution-aware distance-metric:manhattan distribution:uniform onlyBinary:true selection:SolverSelection optimization:local numConfigs:32 seed:51
command: learn-splconqueror
Learning: NumberOfConfigurationsLearning:32 NumberOfConfigurationsValidation:32
Learning progress:
1;68.3552730434783 * MaxTenuringThreshold + -39.0503345249598 * NewRatio_1;46.3745737736621;46.3745737736621;46.3745737736621;46.3745737736621;0.059267;2;-39.0503345249598 * NewRatio_1;1;1.79769313486232E+308;
2;63.7473687878787 * MaxTenuringThreshold + -34.4424302693603 * NewRatio_1 + 105.981797878788 * NewRatio_16;39.7811120824005;39.7811120824005;39.7811120824005;39.7811120824005;0.08663;3;105.981797878788 * NewRatio_16;1;6.59346169126161;
3;71.1830966666666 * MaxTenuringThreshold + -41.8781581481482 * NewRatio_1 + 98.54607 * NewRatio_16 + -27.2643355555556 * NewRatio_2;36.4371755142577;36.4371755142577;36.4371755142577;36.4371755142577;0.126404;4;-27.2643355555556 * NewRatio_2;1;3.34393656814279;
4;67.5928436296296 * MaxTenuringThreshold + -47.8619132098766 * NewRatio_1 + 73.4142987407407 * NewRatio_16 + -52.3961068148149 * NewRatio_2 + 28.7220242962963 * UseAdaptiveSizeDecayMajorGCCost;33.9482910365308;33.9482910365308;33.9482910365308;33.9482910365308;0.186492;5;28.7220242962963 * UseAdaptiveSizeDecayMajorGCCost;1;2.48888447772685;
5;65.1133723809524 * MaxTenuringThreshold + -39.597009047619 * NewRatio_1 + 56.058 * NewRatio_16 + -69.7524055555556 * NewRatio_2 + 48.5577942857143 * UseAdaptiveSizeDecayMajorGCCost + -37.1920687301587 * NewRatio_1 * UseAdaptiveSizeDecayMajorGCCost;28.9849520720766;28.9849520720766;28.9849520720766;28.9849520720766;0.278616;7;-37.1920687301587 * NewRatio_1 * UseAdaptiveSizeDecayMajorGCCost;2;2.48166948222713;
6;52.1072248009951 * MaxTenuringThreshold + -36.7067540298508 * NewRatio_1 + 56.058 * NewRatio_16 + -69.7524055555555 * NewRatio_2 + 0.868586492537197 * UseAdaptiveSizeDecayMajorGCCost + -40.082323747927 * NewRatio_1 * UseAdaptiveSizeDecayMajorGCCost + 60.6953553731344 * UseAdaptiveSizePolicyFootprintGoal;24.9198200927447;24.9198200927447;24.9198200927447;24.9198200927447;0.404086;8;60.6953553731344 * UseAdaptiveSizePolicyFootprintGoal;1;4.06513197933189;
7;47.9921618181818 * MaxTenuringThreshold + -23.5385524848485 * NewRatio_1 + 56.058 * NewRatio_16 + -69.7524055555555 * NewRatio_2 + -14.2199777777778 * UseAdaptiveSizeDecayMajorGCCost + 20.2719333333334 * NewRatio_1 * UseAdaptiveSizeDecayMajorGCCost + 79.8989826262627 * UseAdaptiveSizePolicyFootprintGoal + -73.5224586262627 * NewRatio_1 * UseAdaptiveSizePolicy;14.2158729175728;14.2158729175728;14.2158729175728;14.2158729175728;0.621311;10;-73.5224586262627 * NewRatio_1 * UseAdaptiveSizePolicy;2;5.35197358758596;
8;37.8460495238096 * MaxTenuringThreshold + -13.3924401904762 * NewRatio_1 + 56.058 * NewRatio_16 + -69.7524055555555 * NewRatio_2 + -14.2199777777779 * UseAdaptiveSizeDecayMajorGCCost + 20.2719333333333 * NewRatio_1 * UseAdaptiveSizeDecayMajorGCCost + 90.045094920635 * UseAdaptiveSizePolicyFootprintGoal + -83.6685709206349 * NewRatio_1 * UseAdaptiveSizePolicy + 27.9018088095238 * NewRatio_32;10.2390022402449;10.2390022402449;10.2390022402449;10.2390022402449;0.986716;11;27.9018088095238 * NewRatio_32;1;3.97687067732785;
9;31.8202429109812 * MaxTenuringThreshold + -11.5846982066277 * NewRatio_1 + 56.058 * NewRatio_16 + -69.7524055555555 * NewRatio_2 + -14.2199777777777 * UseAdaptiveSizeDecayMajorGCCost + 20.2719333333333 * NewRatio_1 * UseAdaptiveSizeDecayMajorGCCost + 96.0709015334632 * UseAdaptiveSizePolicyFootprintGoal + -85.4763129044834 * NewRatio_1 * UseAdaptiveSizePolicy + 31.2913250292398 * NewRatio_32 + 10.5451615724497 * SurvivorRatio_6;8.40546642384925;8.40546642384925;8.40546642384925;8.40546642384925;1.424889;12;10.5451615724497 * SurvivorRatio_6;1;1.83353581639565;
Elapsed=00:00:01.4276069
average model: 
command: analyze-learning
Round, Model, LearningError, LearningErrorRel, ValidationError, ValidationErrorRel, ElapsedSeconds, ModelComplexity, BestCandidate, BestCandidateSize, BestCandidateScore, TestError
Models:
Termination reason: abortError
1;68.3552730434783 * MaxTenuringThreshold + -39.0503345249598 * NewRatio_1;46.3745737736621;46.3745737736621;46.3745737736621;46.3745737736621;0.059267;2;-39.0503345249598 * NewRatio_1;1;1.79769313486232E+308;66.1721354484782
2;63.7473687878787 * MaxTenuringThreshold + -34.4424302693603 * NewRatio_1 + 105.981797878788 * NewRatio_16;39.7811120824005;39.7811120824005;39.7811120824005;39.7811120824005;0.08663;3;105.981797878788 * NewRatio_16;1;6.59346169126161;77.871015208172
3;71.1830966666666 * MaxTenuringThreshold + -41.8781581481482 * NewRatio_1 + 98.54607 * NewRatio_16 + -27.2643355555556 * NewRatio_2;36.4371755142577;36.4371755142577;36.4371755142577;36.4371755142577;0.126404;4;-27.2643355555556 * NewRatio_2;1;3.34393656814279;71.365436051926
4;67.5928436296296 * MaxTenuringThreshold + -47.8619132098766 * NewRatio_1 + 73.4142987407407 * NewRatio_16 + -52.3961068148149 * NewRatio_2 + 28.7220242962963 * UseAdaptiveSizeDecayMajorGCCost;33.9482910365308;33.9482910365308;33.9482910365308;33.9482910365308;0.186492;5;28.7220242962963 * UseAdaptiveSizeDecayMajorGCCost;1;2.48888447772685;83.9703728300164
5;65.1133723809524 * MaxTenuringThreshold + -39.597009047619 * NewRatio_1 + 56.058 * NewRatio_16 + -69.7524055555556 * NewRatio_2 + 48.5577942857143 * UseAdaptiveSizeDecayMajorGCCost + -37.1920687301587 * NewRatio_1 * UseAdaptiveSizeDecayMajorGCCost;28.9849520720766;28.9849520720766;28.9849520720766;28.9849520720766;0.278616;7;-37.1920687301587 * NewRatio_1 * UseAdaptiveSizeDecayMajorGCCost;2;2.48166948222713;88.8191872808249
6;52.1072248009951 * MaxTenuringThreshold + -36.7067540298508 * NewRatio_1 + 56.058 * NewRatio_16 + -69.7524055555555 * NewRatio_2 + 0.868586492537197 * UseAdaptiveSizeDecayMajorGCCost + -40.082323747927 * NewRatio_1 * UseAdaptiveSizeDecayMajorGCCost + 60.6953553731344 * UseAdaptiveSizePolicyFootprintGoal;24.9198200927447;24.9198200927447;24.9198200927447;24.9198200927447;0.404086;8;60.6953553731344 * UseAdaptiveSizePolicyFootprintGoal;1;4.06513197933189;103.798491855896
7;47.9921618181818 * MaxTenuringThreshold + -23.5385524848485 * NewRatio_1 + 56.058 * NewRatio_16 + -69.7524055555555 * NewRatio_2 + -14.2199777777778 * UseAdaptiveSizeDecayMajorGCCost + 20.2719333333334 * NewRatio_1 * UseAdaptiveSizeDecayMajorGCCost + 79.8989826262627 * UseAdaptiveSizePolicyFootprintGoal + -73.5224586262627 * NewRatio_1 * UseAdaptiveSizePolicy;14.2158729175728;14.2158729175728;14.2158729175728;14.2158729175728;0.621311;10;-73.5224586262627 * NewRatio_1 * UseAdaptiveSizePolicy;2;5.35197358758596;118.317039852409
8;37.8460495238096 * MaxTenuringThreshold + -13.3924401904762 * NewRatio_1 + 56.058 * NewRatio_16 + -69.7524055555555 * NewRatio_2 + -14.2199777777779 * UseAdaptiveSizeDecayMajorGCCost + 20.2719333333333 * NewRatio_1 * UseAdaptiveSizeDecayMajorGCCost + 90.045094920635 * UseAdaptiveSizePolicyFootprintGoal + -83.6685709206349 * NewRatio_1 * UseAdaptiveSizePolicy + 27.9018088095238 * NewRatio_32;10.2390022402449;10.2390022402449;10.2390022402449;10.2390022402449;0.986716;11;27.9018088095238 * NewRatio_32;1;3.97687067732785;123.837895168093
9;31.8202429109812 * MaxTenuringThreshold + -11.5846982066277 * NewRatio_1 + 56.058 * NewRatio_16 + -69.7524055555555 * NewRatio_2 + -14.2199777777777 * UseAdaptiveSizeDecayMajorGCCost + 20.2719333333333 * NewRatio_1 * UseAdaptiveSizeDecayMajorGCCost + 96.0709015334632 * UseAdaptiveSizePolicyFootprintGoal + -85.4763129044834 * NewRatio_1 * UseAdaptiveSizePolicy + 31.2913250292398 * NewRatio_32 + 10.5451615724497 * SurvivorRatio_6;8.40546642384925;8.40546642384925;8.40546642384925;8.40546642384925;1.424889;12;10.5451615724497 * SurvivorRatio_6;1;1.83353581639565;128.523599037116
Analyze finished
command: printconfigs /scratch/kaltenec/Distribution-Aware-Sampling/Results_newTry/JavaGC_disc/JavaGC_disc_51/sampledConfigurations_local_0.csv
command: clean-sampling
command: clean-global
command: script /scratch/kaltenec/Distribution-Aware-Sampling/Results_newTry/JavaGC_disc/JavaGC_disc_51/learn_local_1.a
command: log /scratch/kaltenec/Distribution-Aware-Sampling/Results_newTry/JavaGC_disc/JavaGC_disc_51/out_local_1.log
