Current machine learning settings: epsilon:0 lossFunction:RELATIVE parallelization:True bagging:False baggingNumbers:3 baggingTestDataFraction:50 useBackward:False abortError:1 limitFeatureSize:False featureSizeTreshold:4 quadraticFunctionSupport:True crossValidation:False crossValidation-k:5 learn-logFunction:False learn-accumulatedLogFunction:False learn-asymFunction:False learn-ratioFunction:False learn-mirrowedFunction:False numberOfRounds:70 backwardErrorDelta:1 minImprovementPerRound:0.1 withHierarchy:False bruteForceCandidates:False ignoreBadFeatures:False stopOnLongRound:True candidateSizePenalty:True learnTimeLimit:00:00:00 scoreMeasure:RELERROR outputRoundsToStdout:False blacklisted: 
command: mlsettings bagging:False stopOnLongRound:False parallelization:True lossFunction:RELATIVE useBackward:False abortError:10 limitFeatureSize:False featureSizeTreshold:7 quadraticFunctionSupport:True crossValidation:False learn_logFunction:True numberOfRounds:70 backwardErrorDelta:1 minImprovementPerRound:0.25 withHierarchy:False
Current machine learning settings: epsilon:0 lossFunction:RELATIVE parallelization:True bagging:False baggingNumbers:3 baggingTestDataFraction:50 useBackward:False abortError:10 limitFeatureSize:False featureSizeTreshold:7 quadraticFunctionSupport:True crossValidation:False crossValidation-k:5 learn-logFunction:True learn-accumulatedLogFunction:False learn-asymFunction:False learn-ratioFunction:False learn-mirrowedFunction:False numberOfRounds:70 backwardErrorDelta:1 minImprovementPerRound:0.25 withHierarchy:False bruteForceCandidates:False ignoreBadFeatures:False stopOnLongRound:False candidateSizePenalty:True learnTimeLimit:00:00:00 scoreMeasure:RELERROR outputRoundsToStdout:False blacklisted: 
command: solver z3
command: vm /scratch/kaltenec/Distribution-Aware-Sampling/DistOut/ConstraintData/JavaGC_disc/FeatureModel.xml
command: all /scratch/kaltenec/Distribution-Aware-Sampling/DistOut/ConstraintData/JavaGC_disc/measurements.xml
Configs with too large deviation: 0
193536 configurations loaded.
command: nfp Performance
command: hybrid distribution-aware distance-metric:manhattan distribution:uniform onlyBinary:true selection:SolverSelection  numConfigs:32 seed:83
command: learn-splconqueror
Learning: NumberOfConfigurationsLearning:32 NumberOfConfigurationsValidation:32
Learning progress:
1;37.2206833333333 * MaxTenuringThreshold + 48.8981153846154 * DisableExplicitGC;66.1275065841501;66.1275065841501;66.1275065841501;66.1275065841501;0.039647;2;48.8981153846154 * DisableExplicitGC;1;1.79769313486232E+308;
2;37.2206833333333 * MaxTenuringThreshold + 27.5340282608696 * DisableExplicitGC + 185.15542173913 * NewRatio_32;38.3127269945485;38.3127269945485;38.3127269945485;38.3127269945485;0.077223;3;185.15542173913 * NewRatio_32;1;27.8147795896016;
3;52.2802984094053 * MaxTenuringThreshold + 38.0102822268326 * DisableExplicitGC + 159.619552697096 * NewRatio_32 + -45.1788452282157 * NewRatio_2;27.0561423491077;27.0561423491077;27.0561423491077;27.0561423491077;0.133529;4;-45.1788452282157 * NewRatio_2;1;11.2565846454408;
4;48.9109896600567 * MaxTenuringThreshold + 30.2349543437205 * DisableExplicitGC + 170.764189329556 * NewRatio_32 + -35.07091898017 * NewRatio_2 + 41.6412004406673 * NewRatio_8;19.1819165977247;19.1819165977247;19.1819165977247;19.1819165977247;0.228655;5;41.6412004406673 * NewRatio_8;1;7.874225751383;
5;45.0974107526881 * MaxTenuringThreshold + 21.4343876344087 * DisableExplicitGC + 183.378334946237 * NewRatio_32 + -23.6301822580645 * NewRatio_2 + 54.2553460573478 * NewRatio_8 + 103.553334946237 * NewRatio_16;14.7693097472821;14.7693097472821;14.7693097472821;14.7693097472821;0.417533;6;103.553334946237 * NewRatio_16;1;4.41260685044261;
6;33.1442111111112 * MaxTenuringThreshold + 9.56907916666667 * DisableExplicitGC + 207.196843055556 * NewRatio_32 + -1.39371527777778 * NewRatio_2 + 78.0738541666667 * NewRatio_8 + 127.371843055556 * NewRatio_16 + 27.2462638888889 * NewRatio_4;10.52209349401;10.52209349401;10.52209349401;10.52209349401;0.665236;7;27.2462638888889 * NewRatio_4;1;4.24721625327208;
7;49.9140624737945 * MaxTenuringThreshold + -4.61130985324936 * DisableExplicitGC + 204.607380712788 * NewRatio_32 + -0.283945702306129 * NewRatio_2 + 75.4843918238993 * NewRatio_8 + 141.552232075472 * NewRatio_16 + 25.0267247379454 * NewRatio_4 + -16.7698513626835 * TenuredGenerationSizeSupplement_50;5.82966045250778;5.82966045250778;5.82966045250778;5.82966045250778;0.98512;8;-16.7698513626835 * TenuredGenerationSizeSupplement_50;1;4.69243304150223;
Elapsed=00:00:00.9873817
average model: 
command: analyze-learning
Round, Model, LearningError, LearningErrorRel, ValidationError, ValidationErrorRel, ElapsedSeconds, ModelComplexity, BestCandidate, BestCandidateSize, BestCandidateScore, TestError
Models:
Termination reason: abortError
1;37.2206833333333 * MaxTenuringThreshold + 48.8981153846154 * DisableExplicitGC;66.1275065841501;66.1275065841501;66.1275065841501;66.1275065841501;0.039647;2;48.8981153846154 * DisableExplicitGC;1;1.79769313486232E+308;81.0323631442966
2;37.2206833333333 * MaxTenuringThreshold + 27.5340282608696 * DisableExplicitGC + 185.15542173913 * NewRatio_32;38.3127269945485;38.3127269945485;38.3127269945485;38.3127269945485;0.077223;3;185.15542173913 * NewRatio_32;1;27.8147795896016;76.573263982845
3;52.2802984094053 * MaxTenuringThreshold + 38.0102822268326 * DisableExplicitGC + 159.619552697096 * NewRatio_32 + -45.1788452282157 * NewRatio_2;27.0561423491077;27.0561423491077;27.0561423491077;27.0561423491077;0.133529;4;-45.1788452282157 * NewRatio_2;1;11.2565846454408;100.163563074924
4;48.9109896600567 * MaxTenuringThreshold + 30.2349543437205 * DisableExplicitGC + 170.764189329556 * NewRatio_32 + -35.07091898017 * NewRatio_2 + 41.6412004406673 * NewRatio_8;19.1819165977247;19.1819165977247;19.1819165977247;19.1819165977247;0.228655;5;41.6412004406673 * NewRatio_8;1;7.874225751383;97.3889866727919
5;45.0974107526881 * MaxTenuringThreshold + 21.4343876344087 * DisableExplicitGC + 183.378334946237 * NewRatio_32 + -23.6301822580645 * NewRatio_2 + 54.2553460573478 * NewRatio_8 + 103.553334946237 * NewRatio_16;14.7693097472821;14.7693097472821;14.7693097472821;14.7693097472821;0.417533;6;103.553334946237 * NewRatio_16;1;4.41260685044261;104.296202168103
6;33.1442111111112 * MaxTenuringThreshold + 9.56907916666667 * DisableExplicitGC + 207.196843055556 * NewRatio_32 + -1.39371527777778 * NewRatio_2 + 78.0738541666667 * NewRatio_8 + 127.371843055556 * NewRatio_16 + 27.2462638888889 * NewRatio_4;10.52209349401;10.52209349401;10.52209349401;10.52209349401;0.665236;7;27.2462638888889 * NewRatio_4;1;4.24721625327208;97.007378973065
7;49.9140624737945 * MaxTenuringThreshold + -4.61130985324936 * DisableExplicitGC + 204.607380712788 * NewRatio_32 + -0.283945702306129 * NewRatio_2 + 75.4843918238993 * NewRatio_8 + 141.552232075472 * NewRatio_16 + 25.0267247379454 * NewRatio_4 + -16.7698513626835 * TenuredGenerationSizeSupplement_50;5.82966045250778;5.82966045250778;5.82966045250778;5.82966045250778;0.98512;8;-16.7698513626835 * TenuredGenerationSizeSupplement_50;1;4.69243304150223;108.71359648715
Analyze finished
command: measurementstocsv /scratch/kaltenec/Distribution-Aware-Sampling/Results_test/JavaGC_disc/JavaGC_disc_83/sampledConfigurations_solv_0.csv
command: clean-sampling
command: clean-global
command: script /scratch/kaltenec/Distribution-Aware-Sampling/Results_test/JavaGC_disc/JavaGC_disc_83/learn_solv_1.a
command: log /scratch/kaltenec/Distribution-Aware-Sampling/Results_test/JavaGC_disc/JavaGC_disc_83/out_solv_1.log
