Current machine learning settings: epsilon:0 lossFunction:RELATIVE parallelization:True bagging:False baggingNumbers:3 baggingTestDataFraction:50 useBackward:False abortError:1 limitFeatureSize:False featureSizeTreshold:4 quadraticFunctionSupport:True crossValidation:False crossValidation-k:5 learn-logFunction:False learn-accumulatedLogFunction:False learn-asymFunction:False learn-ratioFunction:False learn-mirrowedFunction:False numberOfRounds:70 backwardErrorDelta:1 minImprovementPerRound:0.1 withHierarchy:False bruteForceCandidates:False ignoreBadFeatures:False stopOnLongRound:True candidateSizePenalty:True learnTimeLimit:00:00:00 scoreMeasure:RELERROR outputRoundsToStdout:False blacklisted: 
command: mlsettings bagging:False stopOnLongRound:False parallelization:True lossFunction:RELATIVE useBackward:False abortError:10 limitFeatureSize:False featureSizeTreshold:7 quadraticFunctionSupport:True crossValidation:False learn_logFunction:True numberOfRounds:70 backwardErrorDelta:1 minImprovementPerRound:0.25 withHierarchy:False
Current machine learning settings: epsilon:0 lossFunction:RELATIVE parallelization:True bagging:False baggingNumbers:3 baggingTestDataFraction:50 useBackward:False abortError:10 limitFeatureSize:False featureSizeTreshold:7 quadraticFunctionSupport:True crossValidation:False crossValidation-k:5 learn-logFunction:True learn-accumulatedLogFunction:False learn-asymFunction:False learn-ratioFunction:False learn-mirrowedFunction:False numberOfRounds:70 backwardErrorDelta:1 minImprovementPerRound:0.25 withHierarchy:False bruteForceCandidates:False ignoreBadFeatures:False stopOnLongRound:False candidateSizePenalty:True learnTimeLimit:00:00:00 scoreMeasure:RELERROR outputRoundsToStdout:False blacklisted: 
command: solver z3
command: vm /scratch/kaltenec/Distribution-Aware-Sampling/DistOut/ConstraintData/JavaGC_disc/FeatureModel.xml
command: all /scratch/kaltenec/Distribution-Aware-Sampling/DistOut/ConstraintData/JavaGC_disc/measurements.xml
Configs with too large deviation: 0
193536 configurations loaded.
command: nfp Performance
command: hybrid distribution-aware distance-metric:manhattan distribution:uniform onlyBinary:true selection:SolverSelection  numConfigs:32 seed:36
command: learn-splconqueror
Learning: NumberOfConfigurationsLearning:32 NumberOfConfigurationsValidation:32
Learning progress:
1;71.8018899999999 * MaxTenuringThreshold + -18.9408324242424 * DisableExplicitGC;47.1798819648042;47.1798819648042;47.1798819648042;47.1798819648042;0.155967;2;-18.9408324242424 * DisableExplicitGC;1;1.79769313486232E+308;
2;78.8868874702805 * MaxTenuringThreshold + -14.7542430099857 * DisableExplicitGC + -35.4249873514028 * NewRatio_1;33.511529865869;33.511529865869;33.511529865869;33.511529865869;0.184461;3;-35.4249873514028 * NewRatio_1;1;13.6683520989352;
3;81.3071009166666 * MaxTenuringThreshold + -2.30743099999994 * DisableExplicitGC + -47.5260545833334 * NewRatio_1 + -34.6238699166667 * NewRatio_2;26.7123972433943;26.7123972433943;26.7123972433943;26.7123972433943;0.235159;4;-34.6238699166667 * NewRatio_2;1;6.79913262247466;
4;80.0607955162058 * MaxTenuringThreshold + -14.1952671274722 * DisableExplicitGC + -41.2945275810293 * NewRatio_1 + -35.1853921300611 * NewRatio_2 + 19.1739292378586 * TenuredGenerationSizeSupplement_90;22.1096274967369;22.1096274967369;22.1096274967369;22.1096274967369;0.309846;5;19.1739292378586 * TenuredGenerationSizeSupplement_90;1;4.60276974665748;
5;54.0299108233686 * MaxTenuringThreshold + 0.372393840109361 * DisableExplicitGC + -26.0042820829063 * NewRatio_1 + -21.8264991117185 * NewRatio_2 + 16.5199922275367 * TenuredGenerationSizeSupplement_90 + 28.7160444915158 * NewRatio_8;18.3593886841678;18.3593886841678;18.3593886841678;18.3593886841678;0.448499;6;28.7160444915158 * NewRatio_8;1;3.75023881256902;
6;73.1289562445739 * MaxTenuringThreshold + -15.837026553392 * DisableExplicitGC + -31.4257690396462 * NewRatio_1 + -21.2760943445367 * NewRatio_2 + 11.7039505146967 * TenuredGenerationSizeSupplement_90 + -27.3656145779072 * NewRatio_8 + 67.1264480642027 * NewRatio_8 * UseAdaptiveSizePolicy;9.71234356460843;9.71234356460843;9.71234356460843;9.71234356460843;0.693196;8;67.1264480642027 * NewRatio_8 * UseAdaptiveSizePolicy;2;4.32352255977971;
Elapsed=00:00:00.6961551
average model: 
command: analyze-learning
Round, Model, LearningError, LearningErrorRel, ValidationError, ValidationErrorRel, ElapsedSeconds, ModelComplexity, BestCandidate, BestCandidateSize, BestCandidateScore, TestError
Models:
Termination reason: abortError
1;71.8018899999999 * MaxTenuringThreshold + -18.9408324242424 * DisableExplicitGC;47.1798819648042;47.1798819648042;47.1798819648042;47.1798819648042;0.155967;2;-18.9408324242424 * DisableExplicitGC;1;1.79769313486232E+308;82.5780899571093
2;78.8868874702805 * MaxTenuringThreshold + -14.7542430099857 * DisableExplicitGC + -35.4249873514028 * NewRatio_1;33.511529865869;33.511529865869;33.511529865869;33.511529865869;0.184461;3;-35.4249873514028 * NewRatio_1;1;13.6683520989352;76.2784425973533
3;81.3071009166666 * MaxTenuringThreshold + -2.30743099999994 * DisableExplicitGC + -47.5260545833334 * NewRatio_1 + -34.6238699166667 * NewRatio_2;26.7123972433943;26.7123972433943;26.7123972433943;26.7123972433943;0.235159;4;-34.6238699166667 * NewRatio_2;1;6.79913262247466;65.5500721912098
4;80.0607955162058 * MaxTenuringThreshold + -14.1952671274722 * DisableExplicitGC + -41.2945275810293 * NewRatio_1 + -35.1853921300611 * NewRatio_2 + 19.1739292378586 * TenuredGenerationSizeSupplement_90;22.1096274967369;22.1096274967369;22.1096274967369;22.1096274967369;0.309846;5;19.1739292378586 * TenuredGenerationSizeSupplement_90;1;4.60276974665748;72.0808088441862
5;54.0299108233686 * MaxTenuringThreshold + 0.372393840109361 * DisableExplicitGC + -26.0042820829063 * NewRatio_1 + -21.8264991117185 * NewRatio_2 + 16.5199922275367 * TenuredGenerationSizeSupplement_90 + 28.7160444915158 * NewRatio_8;18.3593886841678;18.3593886841678;18.3593886841678;18.3593886841678;0.448499;6;28.7160444915158 * NewRatio_8;1;3.75023881256902;56.4398765172435
6;73.1289562445739 * MaxTenuringThreshold + -15.837026553392 * DisableExplicitGC + -31.4257690396462 * NewRatio_1 + -21.2760943445367 * NewRatio_2 + 11.7039505146967 * TenuredGenerationSizeSupplement_90 + -27.3656145779072 * NewRatio_8 + 67.1264480642027 * NewRatio_8 * UseAdaptiveSizePolicy;9.71234356460843;9.71234356460843;9.71234356460843;9.71234356460843;0.693196;8;67.1264480642027 * NewRatio_8 * UseAdaptiveSizePolicy;2;4.32352255977971;56.0238451436704
Analyze finished
command: measurementstocsv /scratch/kaltenec/Distribution-Aware-Sampling/Results_test/JavaGC_disc/JavaGC_disc_36/sampledConfigurations_solv_0.csv
command: clean-sampling
command: clean-global
command: script /scratch/kaltenec/Distribution-Aware-Sampling/Results_test/JavaGC_disc/JavaGC_disc_36/learn_solv_1.a
command: log /scratch/kaltenec/Distribution-Aware-Sampling/Results_test/JavaGC_disc/JavaGC_disc_36/out_solv_1.log
