Current machine learning settings: epsilon:0 lossFunction:RELATIVE parallelization:True bagging:False baggingNumbers:3 baggingTestDataFraction:50 useBackward:False abortError:1 limitFeatureSize:False featureSizeTreshold:4 quadraticFunctionSupport:True crossValidation:False crossValidation-k:5 learn-logFunction:False learn-accumulatedLogFunction:False learn-asymFunction:False learn-ratioFunction:False learn-mirrowedFunction:False numberOfRounds:70 backwardErrorDelta:1 minImprovementPerRound:0.1 withHierarchy:False bruteForceCandidates:False ignoreBadFeatures:False stopOnLongRound:True candidateSizePenalty:True learnTimeLimit:00:00:00 scoreMeasure:RELERROR outputRoundsToStdout:False blacklisted: 
command: mlsettings bagging:False stopOnLongRound:False parallelization:True lossFunction:RELATIVE useBackward:False abortError:10 limitFeatureSize:False featureSizeTreshold:7 quadraticFunctionSupport:True crossValidation:False learn_logFunction:True numberOfRounds:70 backwardErrorDelta:1 minImprovementPerRound:0.25 withHierarchy:False
Current machine learning settings: epsilon:0 lossFunction:RELATIVE parallelization:True bagging:False baggingNumbers:3 baggingTestDataFraction:50 useBackward:False abortError:10 limitFeatureSize:False featureSizeTreshold:7 quadraticFunctionSupport:True crossValidation:False crossValidation-k:5 learn-logFunction:True learn-accumulatedLogFunction:False learn-asymFunction:False learn-ratioFunction:False learn-mirrowedFunction:False numberOfRounds:70 backwardErrorDelta:1 minImprovementPerRound:0.25 withHierarchy:False bruteForceCandidates:False ignoreBadFeatures:False stopOnLongRound:False candidateSizePenalty:True learnTimeLimit:00:00:00 scoreMeasure:RELERROR outputRoundsToStdout:False blacklisted: 
command: solver z3
command: vm /scratch/kaltenec/Distribution-Aware-Sampling/DistOut/ConstraintData/BerkeleyDBC/FeatureModel.xml
Warning: Variability model contains outdated notation. Children nodes will no longer have effect on the model. Instead use the parent node to describe the parent of an configuration option. You can also use the converter providedby the Variability Model GUI in export>convert legacy model.
Warning: Default value nodes in models are no longer used and should be removed. You can also use the converter provided by the Variability Model GUI in export>convert legacy model to update your model.
command: all /scratch/kaltenec/Distribution-Aware-Sampling/DistOut/ConstraintData/BerkeleyDBC/measurements.xml
Configs with too large deviation: 0
2560 configurations loaded.
command: nfp Performance
command: hybrid distribution-aware distance-metric:manhattan distribution:uniform onlyBinary:true selection:SolverSelection number-weight-optimization:1-1 numConfigs:97 seed:94
command: learn-splconqueror
Learning: NumberOfConfigurationsLearning:97 NumberOfConfigurationsValidation:97
Learning progress:
1;3.34141832227967 * PAGESIZE + 3.89845384126809 * CS16MB;87.2481608383234;87.2481608383234;87.2481608383234;87.2481608383234;0.010561;2;3.89845384126809 * CS16MB;1;1.79769313486232E+308;
2;3.34141832227967 * PAGESIZE + 5.92195824106636 * CS16MB + -7.58814149924347 * CS16MB * PS1K;74.5517477613861;74.5517477613861;74.5517477613861;74.5517477613861;0.032876;4;-7.58814149924347 * CS16MB * PS1K;2;6.34820653846865;
3;3.34141832227967 * PAGESIZE + 2.96588325124712 * CS16MB + -4.63206650942422 * CS16MB * PS1K + 32.5168248880117 * CS16MB * PS32K;68.1455397582825;68.1455397582825;68.1455397582825;68.1455397582825;0.066573;6;32.5168248880117 * CS16MB * PS32K;2;3.20310400155181;
4;3.26836538082781 * PAGESIZE + 2.93909717271475 * CS16MB + -4.53222748944001 * CS16MB * PS1K + 32.6166639079959 * CS16MB * PS32K + 0.332796733280692 * PS8K;65.831053484886;65.831053484886;65.831053484886;65.831053484886;0.116622;7;0.332796733280692 * PS8K;1;2.3144862733965;
5;2.28045789884756 * PAGESIZE + 3.66159667446151 * CS16MB + -4.26681950920652 * CS16MB * PS1K + 26.9653505511049 * CS16MB * PS32K + 1.21749000072569 * PS8K + 5.91672133712457 * PS32K;61.2317158460894;61.2317158460894;61.2317158460894;61.2317158460894;0.192676;8;5.91672133712457 * PS32K;1;4.59933763879667;
6;2.28045789884757 * PAGESIZE + 3.66159667446151 * CS16MB + -4.2668195092065 * CS16MB * PS1K + -3.84685038686622 * CS16MB * PS32K + 1.21749000072567 * PS8K + -0.930434426869009 * PS32K + 37.6593567019647 * PS32K * HAVE_CRYPTO;42.2008040643199;42.2008040643199;42.2008040643199;42.2008040643199;0.292442;10;37.6593567019647 * PS32K * HAVE_CRYPTO;2;9.51545589088473;
7;2.28045789884756 * PAGESIZE + 3.66159667446149 * CS16MB + -4.26681950920649 * CS16MB * PS1K + -3.84685038686631 * CS16MB * PS32K + -2.23166054816815 * PS8K + -0.930434426868993 * PS32K + 37.6593567019647 * PS32K * HAVE_CRYPTO + 10.3474516466815 * PS8K * HAVE_CRYPTO;33.6500271883659;33.6500271883659;33.6500271883659;33.6500271883659;0.422278;12;10.3474516466815 * PS8K * HAVE_CRYPTO;2;4.27538843797698;
8;2.28045789884757 * PAGESIZE + 3.66159667446152 * CS16MB + -4.26681950920655 * CS16MB * PS1K + -3.84685038686621 * CS16MB * PS32K + -2.23166054816818 * PS8K + -1.36141955134418 * PS32K + 36.7973864530143 * PS32K * HAVE_CRYPTO + 10.3474516466816 * PS8K * HAVE_CRYPTO + 1.29295537342554 * PS32K * HAVE_HASH;31.3951544853131;31.3951544853131;31.3951544853131;31.3951544853131;0.634806;14;1.29295537342554 * PS32K * HAVE_HASH;2;1.1274363515264;
9;2.10492184402417 * PAGESIZE + 5.16619143009064 * CS16MB + -5.59587821001224 * CS16MB * PS1K + -5.3514451424954 * CS16MB * PS32K + -1.53926833192034 * PS8K + -1.18588349652081 * PS32K + 36.7973864530143 * PS32K * HAVE_CRYPTO + 10.3474516466816 * PS8K * HAVE_CRYPTO + 1.29295537342554 * PS32K * HAVE_HASH + -5.12258788560027 * CS16MB * PS8K;29.2635590949591;29.2635590949591;29.2635590949591;29.2635590949591;0.839484;16;-5.12258788560027 * CS16MB * PS8K;2;1.06579769517701;
10;2.10492184402416 * PAGESIZE + 19.0696714337536 * CS16MB + -19.4993582136753 * CS16MB * PS1K + -19.2549251461583 * CS16MB * PS32K + -1.53926833192032 * PS8K + -1.18588349652078 * PS32K + 36.7973864530143 * PS32K * HAVE_CRYPTO + 10.3474516466815 * PS8K * HAVE_CRYPTO + 1.29295537342554 * PS32K * HAVE_HASH + -19.0260678892632 * CS16MB * PS8K + -16.2207266709402 * CS16MB * PS4K;26.7603521234919;26.7603521234919;26.7603521234919;26.7603521234919;1.091699;18;-16.2207266709402 * CS16MB * PS4K;2;1.25160348573361;
11;2.10492184402416 * PAGESIZE + 17.6124329893093 * CS16MB + -19.1350486025641 * CS16MB * PS1K + -19.2549251461585 * CS16MB * PS32K + -1.53926833192033 * PS8K + -1.18588349652078 * PS32K + 36.7973864530144 * PS32K * HAVE_CRYPTO + 10.3474516466815 * PS8K * HAVE_CRYPTO + 1.29295537342554 * PS32K * HAVE_HASH + -17.5688294448189 * CS16MB * PS8K + -16.2207266709402 * CS16MB * PS4K + 1.45723844444438 * CS16MB * HAVE_REPLICATION;25.5784517151643;25.5784517151643;25.5784517151643;25.5784517151643;1.399195;20;1.45723844444438 * CS16MB * HAVE_REPLICATION;2;0.590950204163804;
12;2.10492184402418 * PAGESIZE + 17.6124329893092 * CS16MB + -19.1350486025642 * CS16MB * PS1K + -19.2549251461583 * CS16MB * PS32K + -1.53926833192034 * PS8K + -1.18588349652079 * PS32K + 36.7973864530143 * PS32K * HAVE_CRYPTO + 10.3474516466816 * PS8K * HAVE_CRYPTO + 1.29295537342553 * PS32K * HAVE_HASH + -17.5688294448188 * CS16MB * PS8K + -20.6425355598291 * CS16MB * PS4K + 1.45723844444441 * CS16MB * HAVE_REPLICATION + 5.30617066666663 * CS16MB * PS4K * HAVE_CRYPTO;23.9193597518186;23.9193597518186;23.9193597518186;23.9193597518186;1.766934;23;5.30617066666663 * CS16MB * PS4K * HAVE_CRYPTO;3;0.553030654448546;
13;2.10492184402417 * PAGESIZE + 17.6124329893092 * CS16MB + -19.1350486025641 * CS16MB * PS1K + -19.2549251461583 * CS16MB * PS32K + -1.53926833192032 * PS8K + -1.18588349652084 * PS32K + 36.880960829392 * PS32K * HAVE_CRYPTO + 10.3474516466816 * PS8K * HAVE_CRYPTO + 1.46010412618085 * PS32K * HAVE_HASH + -17.5688294448188 * CS16MB * PS8K + -20.6425355598291 * CS16MB * PS4K + 1.45723844444445 * CS16MB * HAVE_REPLICATION + 5.3061706666667 * CS16MB * PS4K * HAVE_CRYPTO + -0.250723129132931 * PS32K * HAVE_HASH * HAVE_REPLICATION;23.642843349282;23.642843349282;23.642843349282;23.642843349282;2.18953;26;-0.250723129132931 * PS32K * HAVE_HASH * HAVE_REPLICATION;3;0.0921721341788917;
Elapsed=00:00:02.1906105
average model: 
command: analyze-learning
Round, Model, LearningError, LearningErrorRel, ValidationError, ValidationErrorRel, ElapsedSeconds, ModelComplexity, BestCandidate, BestCandidateSize, BestCandidateScore, TestError
Models:
Termination reason: minImprovementPerRound
1;3.34141832227967 * PAGESIZE + 3.89845384126809 * CS16MB;87.2481608383234;87.2481608383234;87.2481608383234;87.2481608383234;0.010561;2;3.89845384126809 * CS16MB;1;1.79769313486232E+308;84.3342158664617
2;3.34141832227967 * PAGESIZE + 5.92195824106636 * CS16MB + -7.58814149924347 * CS16MB * PS1K;74.5517477613861;74.5517477613861;74.5517477613861;74.5517477613861;0.032876;4;-7.58814149924347 * CS16MB * PS1K;2;6.34820653846865;83.1383288527999
3;3.34141832227967 * PAGESIZE + 2.96588325124712 * CS16MB + -4.63206650942422 * CS16MB * PS1K + 32.5168248880117 * CS16MB * PS32K;68.1455397582825;68.1455397582825;68.1455397582825;68.1455397582825;0.066573;6;32.5168248880117 * CS16MB * PS32K;2;3.20310400155181;103.142582026053
4;3.26836538082781 * PAGESIZE + 2.93909717271475 * CS16MB + -4.53222748944001 * CS16MB * PS1K + 32.6166639079959 * CS16MB * PS32K + 0.332796733280692 * PS8K;65.831053484886;65.831053484886;65.831053484886;65.831053484886;0.116622;7;0.332796733280692 * PS8K;1;2.3144862733965;101.9188841105
5;2.28045789884756 * PAGESIZE + 3.66159667446151 * CS16MB + -4.26681950920652 * CS16MB * PS1K + 26.9653505511049 * CS16MB * PS32K + 1.21749000072569 * PS8K + 5.91672133712457 * PS32K;61.2317158460894;61.2317158460894;61.2317158460894;61.2317158460894;0.192676;8;5.91672133712457 * PS32K;1;4.59933763879667;110.385517279119
6;2.28045789884757 * PAGESIZE + 3.66159667446151 * CS16MB + -4.2668195092065 * CS16MB * PS1K + -3.84685038686622 * CS16MB * PS32K + 1.21749000072567 * PS8K + -0.930434426869009 * PS32K + 37.6593567019647 * PS32K * HAVE_CRYPTO;42.2008040643199;42.2008040643199;42.2008040643199;42.2008040643199;0.292442;10;37.6593567019647 * PS32K * HAVE_CRYPTO;2;9.51545589088473;52.3129542166337
7;2.28045789884756 * PAGESIZE + 3.66159667446149 * CS16MB + -4.26681950920649 * CS16MB * PS1K + -3.84685038686631 * CS16MB * PS32K + -2.23166054816815 * PS8K + -0.930434426868993 * PS32K + 37.6593567019647 * PS32K * HAVE_CRYPTO + 10.3474516466815 * PS8K * HAVE_CRYPTO;33.6500271883659;33.6500271883659;33.6500271883659;33.6500271883659;0.422278;12;10.3474516466815 * PS8K * HAVE_CRYPTO;2;4.27538843797698;44.1744910962209
8;2.28045789884757 * PAGESIZE + 3.66159667446152 * CS16MB + -4.26681950920655 * CS16MB * PS1K + -3.84685038686621 * CS16MB * PS32K + -2.23166054816818 * PS8K + -1.36141955134418 * PS32K + 36.7973864530143 * PS32K * HAVE_CRYPTO + 10.3474516466816 * PS8K * HAVE_CRYPTO + 1.29295537342554 * PS32K * HAVE_HASH;31.3951544853131;31.3951544853131;31.3951544853131;31.3951544853131;0.634806;14;1.29295537342554 * PS32K * HAVE_HASH;2;1.1274363515264;40.9752090051837
9;2.10492184402417 * PAGESIZE + 5.16619143009064 * CS16MB + -5.59587821001224 * CS16MB * PS1K + -5.3514451424954 * CS16MB * PS32K + -1.53926833192034 * PS8K + -1.18588349652081 * PS32K + 36.7973864530143 * PS32K * HAVE_CRYPTO + 10.3474516466816 * PS8K * HAVE_CRYPTO + 1.29295537342554 * PS32K * HAVE_HASH + -5.12258788560027 * CS16MB * PS8K;29.2635590949591;29.2635590949591;29.2635590949591;29.2635590949591;0.839484;16;-5.12258788560027 * CS16MB * PS8K;2;1.06579769517701;41.2378919367695
10;2.10492184402416 * PAGESIZE + 19.0696714337536 * CS16MB + -19.4993582136753 * CS16MB * PS1K + -19.2549251461583 * CS16MB * PS32K + -1.53926833192032 * PS8K + -1.18588349652078 * PS32K + 36.7973864530143 * PS32K * HAVE_CRYPTO + 10.3474516466815 * PS8K * HAVE_CRYPTO + 1.29295537342554 * PS32K * HAVE_HASH + -19.0260678892632 * CS16MB * PS8K + -16.2207266709402 * CS16MB * PS4K;26.7603521234919;26.7603521234919;26.7603521234919;26.7603521234919;1.091699;18;-16.2207266709402 * CS16MB * PS4K;2;1.25160348573361;61.5501829480261
11;2.10492184402416 * PAGESIZE + 17.6124329893093 * CS16MB + -19.1350486025641 * CS16MB * PS1K + -19.2549251461585 * CS16MB * PS32K + -1.53926833192033 * PS8K + -1.18588349652078 * PS32K + 36.7973864530144 * PS32K * HAVE_CRYPTO + 10.3474516466815 * PS8K * HAVE_CRYPTO + 1.29295537342554 * PS32K * HAVE_HASH + -17.5688294448189 * CS16MB * PS8K + -16.2207266709402 * CS16MB * PS4K + 1.45723844444438 * CS16MB * HAVE_REPLICATION;25.5784517151643;25.5784517151643;25.5784517151643;25.5784517151643;1.399195;20;1.45723844444438 * CS16MB * HAVE_REPLICATION;2;0.590950204163804;62.5242463826551
12;2.10492184402418 * PAGESIZE + 17.6124329893092 * CS16MB + -19.1350486025642 * CS16MB * PS1K + -19.2549251461583 * CS16MB * PS32K + -1.53926833192034 * PS8K + -1.18588349652079 * PS32K + 36.7973864530143 * PS32K * HAVE_CRYPTO + 10.3474516466816 * PS8K * HAVE_CRYPTO + 1.29295537342553 * PS32K * HAVE_HASH + -17.5688294448188 * CS16MB * PS8K + -20.6425355598291 * CS16MB * PS4K + 1.45723844444441 * CS16MB * HAVE_REPLICATION + 5.30617066666663 * CS16MB * PS4K * HAVE_CRYPTO;23.9193597518186;23.9193597518186;23.9193597518186;23.9193597518186;1.766934;23;5.30617066666663 * CS16MB * PS4K * HAVE_CRYPTO;3;0.553030654448546;61.9274357546161
13;2.10492184402417 * PAGESIZE + 17.6124329893092 * CS16MB + -19.1350486025641 * CS16MB * PS1K + -19.2549251461583 * CS16MB * PS32K + -1.53926833192032 * PS8K + -1.18588349652084 * PS32K + 36.880960829392 * PS32K * HAVE_CRYPTO + 10.3474516466816 * PS8K * HAVE_CRYPTO + 1.46010412618085 * PS32K * HAVE_HASH + -17.5688294448188 * CS16MB * PS8K + -20.6425355598291 * CS16MB * PS4K + 1.45723844444445 * CS16MB * HAVE_REPLICATION + 5.3061706666667 * CS16MB * PS4K * HAVE_CRYPTO + -0.250723129132931 * PS32K * HAVE_HASH * HAVE_REPLICATION;23.642843349282;23.642843349282;23.642843349282;23.642843349282;2.18953;26;-0.250723129132931 * PS32K * HAVE_HASH * HAVE_REPLICATION;3;0.0921721341788917;62.0013447751939
Analyze finished
command: measurementstocsv /scratch/kaltenec/Distribution-Aware-Sampling/Results_opt/BerkeleyDBC/BerkeleyDBC_94/sampledConfigurations_solv_1.csv
command: clean-sampling
command: clean-global
command: script /scratch/kaltenec/Distribution-Aware-Sampling/Results_opt/BerkeleyDBC/BerkeleyDBC_94/learn_solv_2.a
command: log /scratch/kaltenec/Distribution-Aware-Sampling/Results_opt/BerkeleyDBC/BerkeleyDBC_94/out_solv_2.log
