Current machine learning settings: epsilon:0 lossFunction:RELATIVE parallelization:True bagging:False baggingNumbers:3 baggingTestDataFraction:50 useBackward:False abortError:1 limitFeatureSize:False featureSizeTreshold:4 quadraticFunctionSupport:True crossValidation:False crossValidation-k:5 learn-logFunction:False learn-accumulatedLogFunction:False learn-asymFunction:False learn-ratioFunction:False learn-mirrowedFunction:False numberOfRounds:70 backwardErrorDelta:1 minImprovementPerRound:0.1 withHierarchy:False bruteForceCandidates:False ignoreBadFeatures:False stopOnLongRound:True candidateSizePenalty:True learnTimeLimit:00:00:00 scoreMeasure:RELERROR outputRoundsToStdout:False blacklisted: 
command: mlsettings bagging:False stopOnLongRound:False parallelization:True lossFunction:RELATIVE useBackward:False abortError:10 limitFeatureSize:False featureSizeTreshold:7 quadraticFunctionSupport:True crossValidation:False learn_logFunction:True numberOfRounds:70 backwardErrorDelta:1 minImprovementPerRound:0.25 withHierarchy:False
Current machine learning settings: epsilon:0 lossFunction:RELATIVE parallelization:True bagging:False baggingNumbers:3 baggingTestDataFraction:50 useBackward:False abortError:10 limitFeatureSize:False featureSizeTreshold:7 quadraticFunctionSupport:True crossValidation:False crossValidation-k:5 learn-logFunction:True learn-accumulatedLogFunction:False learn-asymFunction:False learn-ratioFunction:False learn-mirrowedFunction:False numberOfRounds:70 backwardErrorDelta:1 minImprovementPerRound:0.25 withHierarchy:False bruteForceCandidates:False ignoreBadFeatures:False stopOnLongRound:False candidateSizePenalty:True learnTimeLimit:00:00:00 scoreMeasure:RELERROR outputRoundsToStdout:False blacklisted: 
command: solver z3
command: vm /scratch/kaltenec/Distribution-Aware-Sampling/DistOut/ConstraintData/lrzip/FeatureModel.xml
Warning: Variability model contains outdated notation. Children nodes will no longer have effect on the model. Instead use the parent node to describe the parent of an configuration option. You can also use the converter providedby the Variability Model GUI in export>convert legacy model.
Warning: Default value nodes in models are no longer used and should be removed. You can also use the converter provided by the Variability Model GUI in export>convert legacy model to update your model.
command: all /scratch/kaltenec/Distribution-Aware-Sampling/DistOut/ConstraintData/lrzip/measurements.xml
Configs with too large deviation: 0
432 configurations loaded.
command: nfp Performance
command: binary satoutput numConfigs:181 seed:33
command: learn-splconqueror
Learning: NumberOfConfigurationsLearning:181 NumberOfConfigurationsValidation:181
Learning progress:
1;49406.3636363635 * level + 163819.614465826 * compression;87.2636096636621;87.2636096636621;87.2636096636621;87.2636096636621;0.016242;2;163819.614465826 * compression;1;1.79769313486232E+308;
2;49406.3636363635 * level + 217790.293226381 * compression + -211256.656862745 * compressionLzo;44.2303024265126;44.2303024265126;44.2303024265126;44.2303024265126;0.062774;3;-211256.656862745 * compressionLzo;1;43.0333072371494;
3;49406.3636363637 * level + 141286.299154334 * compression + -134752.662790698 * compressionLzo + 487712.962209303 * compressionZpaq;26.8494741324919;26.8494741324919;26.8494741324919;26.8494741324919;0.136422;4;487712.962209303 * compressionZpaq;1;17.3808282940207;
4;49406.3636363635 * level + 191524.001748252 * compression + -184990.365384615 * compressionLzo + 437475.259615385 * compressionZpaq + -127071.83597285 * compressionGzip;12.9524224271483;12.9524224271483;12.9524224271483;12.9524224271483;0.245637;5;-127071.83597285 * compressionGzip;1;13.8970517053437;
5;43534.1277895865 * level + 191524.001748252 * compression + -184822.587217565 * compressionLzo + 437475.259615385 * compressionZpaq + -126726.410334805 * compressionGzip + 11744.4716935544 * encryption;9.1383338120957;9.1383338120957;9.1383338120957;9.1383338120957;0.400509;6;11744.4716935544 * encryption;1;3.81408861505258;
Elapsed=00:00:00.4019293
average model: 
command: analyze-learning
Round, Model, LearningError, LearningErrorRel, ValidationError, ValidationErrorRel, ElapsedSeconds, ModelComplexity, BestCandidate, BestCandidateSize, BestCandidateScore, TestError
Models:
Termination reason: abortError
1;49406.3636363635 * level + 163819.614465826 * compression;87.2636096636621;87.2636096636621;87.2636096636621;87.2636096636621;0.016242;2;163819.614465826 * compression;1;1.79769313486232E+308;86.3341187692028
2;49406.3636363635 * level + 217790.293226381 * compression + -211256.656862745 * compressionLzo;44.2303024265126;44.2303024265126;44.2303024265126;44.2303024265126;0.062774;3;-211256.656862745 * compressionLzo;1;43.0333072371494;47.2329794717086
3;49406.3636363637 * level + 141286.299154334 * compression + -134752.662790698 * compressionLzo + 487712.962209303 * compressionZpaq;26.8494741324919;26.8494741324919;26.8494741324919;26.8494741324919;0.136422;4;487712.962209303 * compressionZpaq;1;17.3808282940207;35.0024189521266
4;49406.3636363635 * level + 191524.001748252 * compression + -184990.365384615 * compressionLzo + 437475.259615385 * compressionZpaq + -127071.83597285 * compressionGzip;12.9524224271483;12.9524224271483;12.9524224271483;12.9524224271483;0.245637;5;-127071.83597285 * compressionGzip;1;13.8970517053437;24.7067316977491
5;43534.1277895865 * level + 191524.001748252 * compression + -184822.587217565 * compressionLzo + 437475.259615385 * compressionZpaq + -126726.410334805 * compressionGzip + 11744.4716935544 * encryption;9.1383338120957;9.1383338120957;9.1383338120957;9.1383338120957;0.400509;6;11744.4716935544 * encryption;1;3.81408861505258;22.0054142254032
Analyze finished
command: measurementstocsv /scratch/kaltenec/Distribution-Aware-Sampling/Results_test/lrzip/lrzip_33/sampledConfigurations_semi_2.csv
command: clean-sampling
command: clean-global
