Current machine learning settings: epsilon:0 lossFunction:RELATIVE parallelization:True bagging:False baggingNumbers:3 baggingTestDataFraction:50 useBackward:False abortError:1 limitFeatureSize:False featureSizeTreshold:4 quadraticFunctionSupport:True crossValidation:False crossValidation-k:5 learn-logFunction:False learn-accumulatedLogFunction:False learn-asymFunction:False learn-ratioFunction:False learn-mirrowedFunction:False numberOfRounds:70 backwardErrorDelta:1 minImprovementPerRound:0.1 withHierarchy:False bruteForceCandidates:False ignoreBadFeatures:False stopOnLongRound:True candidateSizePenalty:True learnTimeLimit:00:00:00 scoreMeasure:RELERROR outputRoundsToStdout:False blacklisted: 
command: mlsettings bagging:False stopOnLongRound:False parallelization:True lossFunction:RELATIVE useBackward:False abortError:10 limitFeatureSize:False featureSizeTreshold:7 quadraticFunctionSupport:True crossValidation:False learn_logFunction:True numberOfRounds:70 backwardErrorDelta:1 minImprovementPerRound:0.25 withHierarchy:False
Current machine learning settings: epsilon:0 lossFunction:RELATIVE parallelization:True bagging:False baggingNumbers:3 baggingTestDataFraction:50 useBackward:False abortError:10 limitFeatureSize:False featureSizeTreshold:7 quadraticFunctionSupport:True crossValidation:False crossValidation-k:5 learn-logFunction:True learn-accumulatedLogFunction:False learn-asymFunction:False learn-ratioFunction:False learn-mirrowedFunction:False numberOfRounds:70 backwardErrorDelta:1 minImprovementPerRound:0.25 withHierarchy:False bruteForceCandidates:False ignoreBadFeatures:False stopOnLongRound:False candidateSizePenalty:True learnTimeLimit:00:00:00 scoreMeasure:RELERROR outputRoundsToStdout:False blacklisted: 
command: solver z3
command: vm /scratch/kaltenec/Distribution-Aware-Sampling/DistOut/ConstraintData/JavaGC_disc/FeatureModel.xml
command: all /scratch/kaltenec/Distribution-Aware-Sampling/DistOut/ConstraintData/JavaGC_disc/measurements.xml
Configs with too large deviation: 0
193536 configurations loaded.
command: nfp Performance
command: hybrid distribution-aware distance-metric:manhattan distribution:uniform onlyBinary:true selection:SolverSelection  numConfigs:32 seed:21
command: learn-splconqueror
Learning: NumberOfConfigurationsLearning:32 NumberOfConfigurationsValidation:32
Learning progress:
1;36.36706 * MaxTenuringThreshold + 71.0493712500001 * DisableExplicitGC;73.4264906658506;73.4264906658506;73.4264906658506;73.4264906658506;0.050803;2;71.0493712500001 * DisableExplicitGC;1;1.79769313486232E+308;
2;36.36706 * MaxTenuringThreshold + 107.303227878788 * DisableExplicitGC + -116.012341212121 * DisableExplicitGC * NewRatio_1;33.9145264093582;33.9145264093582;33.9145264093582;33.9145264093582;0.078562;4;-116.012341212121 * DisableExplicitGC * NewRatio_1;2;19.7559821282462;
3;23.984025 * MaxTenuringThreshold + 119.686262878788 * DisableExplicitGC + -116.012341212121 * DisableExplicitGC * NewRatio_1 + 16.5107133333334 * SurvivorRatio_1;25.264942191104;25.264942191104;25.264942191104;25.264942191104;0.129924;5;16.5107133333334 * SurvivorRatio_1;1;8.64958421825422;
4;23.9840249999999 * MaxTenuringThreshold + 131.059425666667 * DisableExplicitGC + -127.385504 * DisableExplicitGC * NewRatio_1 + 16.5107133333333 * SurvivorRatio_1 + -125.104790666667 * DisableExplicitGC * NewRatio_2;15.2190738437915;15.2190738437915;15.2190738437915;15.2190738437915;0.214663;7;-125.104790666667 * DisableExplicitGC * NewRatio_2;2;5.02293417365624;
5;23.984025 * MaxTenuringThreshold + 131.059425666667 * DisableExplicitGC + -119.481958 * DisableExplicitGC * NewRatio_1 + 17.827971 * SurvivorRatio_1 + -125.104790666667 * DisableExplicitGC * NewRatio_2 + -7.90354600000011 * NewRatio_1;13.5096416025856;13.5096416025856;13.5096416025856;13.5096416025856;0.383443;8;-7.90354600000011 * NewRatio_1;1;1.70943224120592;
6;23.9840250000001 * MaxTenuringThreshold + 101.059135 * DisableExplicitGC + -149.482248666666 * DisableExplicitGC * NewRatio_1 + 17.827971 * SurvivorRatio_1 + -155.105081333333 * DisableExplicitGC * NewRatio_2 + -7.90354600000031 * NewRatio_1 + 60.0005813333333 * SurvivorRatio_6;11.8247450442948;11.8247450442948;11.8247450442948;11.8247450442948;0.611204;9;60.0005813333333 * SurvivorRatio_6;1;1.68489655829078;
7;23.984025 * MaxTenuringThreshold + 77.8416750000001 * DisableExplicitGC + -149.482248666667 * DisableExplicitGC * NewRatio_1 + 17.827971 * SurvivorRatio_1 + -155.105081333333 * DisableExplicitGC * NewRatio_2 + -7.90354600000001 * NewRatio_1 + 83.2180413333333 * SurvivorRatio_6 + 29.021825 * NewRatio_8;10.9991644773822;10.9991644773822;10.9991644773822;10.9991644773822;0.906818;10;29.021825 * NewRatio_8;1;0.82558056691256;
8;23.9840249999998 * MaxTenuringThreshold + 77.8416750000002 * DisableExplicitGC + -149.482248666666 * DisableExplicitGC * NewRatio_1 + 17.8279710000002 * SurvivorRatio_1 + -155.105081333333 * DisableExplicitGC * NewRatio_2 + -7.90354599999997 * NewRatio_1 + 83.2180413333333 * SurvivorRatio_6 + 33.49175 * NewRatio_8 + -8.93985000000006 * SurvivorRatio_26;10.6311938375084;10.6311938375084;10.6311938375084;10.6311938375084;1.275171;11;-8.93985000000006 * SurvivorRatio_26;1;0.367970639873878;
9;23.0772996666667 * MaxTenuringThreshold + 78.7484003333333 * DisableExplicitGC + -149.935611333334 * DisableExplicitGC * NewRatio_1 + 18.2813336666666 * SurvivorRatio_1 + -155.105081333333 * DisableExplicitGC * NewRatio_2 + -7.45018333333327 * NewRatio_1 + 83.2180413333335 * SurvivorRatio_6 + 33.4917500000002 * NewRatio_8 + -8.93984999999998 * SurvivorRatio_26 + 0.906725333333438 * TenuredGenerationSizeSupplement_70;10.5032774118808;10.5032774118808;10.5032774118808;10.5032774118808;2.010175;12;0.906725333333438 * TenuredGenerationSizeSupplement_70;1;0.127916425627536;
Elapsed=00:00:02.0148075
average model: 
command: analyze-learning
Round, Model, LearningError, LearningErrorRel, ValidationError, ValidationErrorRel, ElapsedSeconds, ModelComplexity, BestCandidate, BestCandidateSize, BestCandidateScore, TestError
Models:
Termination reason: minImprovementPerRound
1;36.36706 * MaxTenuringThreshold + 71.0493712500001 * DisableExplicitGC;73.4264906658506;73.4264906658506;73.4264906658506;73.4264906658506;0.050803;2;71.0493712500001 * DisableExplicitGC;1;1.79769313486232E+308;100.6419132112
2;36.36706 * MaxTenuringThreshold + 107.303227878788 * DisableExplicitGC + -116.012341212121 * DisableExplicitGC * NewRatio_1;33.9145264093582;33.9145264093582;33.9145264093582;33.9145264093582;0.078562;4;-116.012341212121 * DisableExplicitGC * NewRatio_1;2;19.7559821282462;101.9673039306
3;23.984025 * MaxTenuringThreshold + 119.686262878788 * DisableExplicitGC + -116.012341212121 * DisableExplicitGC * NewRatio_1 + 16.5107133333334 * SurvivorRatio_1;25.264942191104;25.264942191104;25.264942191104;25.264942191104;0.129924;5;16.5107133333334 * SurvivorRatio_1;1;8.64958421825422;102.280694422988
4;23.9840249999999 * MaxTenuringThreshold + 131.059425666667 * DisableExplicitGC + -127.385504 * DisableExplicitGC * NewRatio_1 + 16.5107133333333 * SurvivorRatio_1 + -125.104790666667 * DisableExplicitGC * NewRatio_2;15.2190738437915;15.2190738437915;15.2190738437915;15.2190738437915;0.214663;7;-125.104790666667 * DisableExplicitGC * NewRatio_2;2;5.02293417365624;83.5258889250476
5;23.984025 * MaxTenuringThreshold + 131.059425666667 * DisableExplicitGC + -119.481958 * DisableExplicitGC * NewRatio_1 + 17.827971 * SurvivorRatio_1 + -125.104790666667 * DisableExplicitGC * NewRatio_2 + -7.90354600000011 * NewRatio_1;13.5096416025856;13.5096416025856;13.5096416025856;13.5096416025856;0.383443;8;-7.90354600000011 * NewRatio_1;1;1.70943224120592;84.4947752644983
6;23.9840250000001 * MaxTenuringThreshold + 101.059135 * DisableExplicitGC + -149.482248666666 * DisableExplicitGC * NewRatio_1 + 17.827971 * SurvivorRatio_1 + -155.105081333333 * DisableExplicitGC * NewRatio_2 + -7.90354600000031 * NewRatio_1 + 60.0005813333333 * SurvivorRatio_6;11.8247450442948;11.8247450442948;11.8247450442948;11.8247450442948;0.611204;9;60.0005813333333 * SurvivorRatio_6;1;1.68489655829078;107.177094922268
7;23.984025 * MaxTenuringThreshold + 77.8416750000001 * DisableExplicitGC + -149.482248666667 * DisableExplicitGC * NewRatio_1 + 17.827971 * SurvivorRatio_1 + -155.105081333333 * DisableExplicitGC * NewRatio_2 + -7.90354600000001 * NewRatio_1 + 83.2180413333333 * SurvivorRatio_6 + 29.021825 * NewRatio_8;10.9991644773822;10.9991644773822;10.9991644773822;10.9991644773822;0.906818;10;29.021825 * NewRatio_8;1;0.82558056691256;118.537397059494
8;23.9840249999998 * MaxTenuringThreshold + 77.8416750000002 * DisableExplicitGC + -149.482248666666 * DisableExplicitGC * NewRatio_1 + 17.8279710000002 * SurvivorRatio_1 + -155.105081333333 * DisableExplicitGC * NewRatio_2 + -7.90354599999997 * NewRatio_1 + 83.2180413333333 * SurvivorRatio_6 + 33.49175 * NewRatio_8 + -8.93985000000006 * SurvivorRatio_26;10.6311938375084;10.6311938375084;10.6311938375084;10.6311938375084;1.275171;11;-8.93985000000006 * SurvivorRatio_26;1;0.367970639873878;120.89344505468
9;23.0772996666667 * MaxTenuringThreshold + 78.7484003333333 * DisableExplicitGC + -149.935611333334 * DisableExplicitGC * NewRatio_1 + 18.2813336666666 * SurvivorRatio_1 + -155.105081333333 * DisableExplicitGC * NewRatio_2 + -7.45018333333327 * NewRatio_1 + 83.2180413333335 * SurvivorRatio_6 + 33.4917500000002 * NewRatio_8 + -8.93984999999998 * SurvivorRatio_26 + 0.906725333333438 * TenuredGenerationSizeSupplement_70;10.5032774118808;10.5032774118808;10.5032774118808;10.5032774118808;2.010175;12;0.906725333333438 * TenuredGenerationSizeSupplement_70;1;0.127916425627536;121.063569346237
Analyze finished
command: measurementstocsv /scratch/kaltenec/Distribution-Aware-Sampling/Results_test/JavaGC_disc/JavaGC_disc_21/sampledConfigurations_solv_0.csv
command: clean-sampling
command: clean-global
command: script /scratch/kaltenec/Distribution-Aware-Sampling/Results_test/JavaGC_disc/JavaGC_disc_21/learn_solv_1.a
command: log /scratch/kaltenec/Distribution-Aware-Sampling/Results_test/JavaGC_disc/JavaGC_disc_21/out_solv_1.log
