Current machine learning settings: epsilon:0 lossFunction:RELATIVE parallelization:True bagging:False baggingNumbers:3 baggingTestDataFraction:50 useBackward:False abortError:1 limitFeatureSize:False featureSizeTreshold:4 quadraticFunctionSupport:True crossValidation:False crossValidation-k:5 learn-logFunction:False learn-accumulatedLogFunction:False learn-asymFunction:False learn-ratioFunction:False learn-mirrowedFunction:False numberOfRounds:70 backwardErrorDelta:1 minImprovementPerRound:0.1 withHierarchy:False bruteForceCandidates:False ignoreBadFeatures:False stopOnLongRound:True candidateSizePenalty:True learnTimeLimit:00:00:00 scoreMeasure:RELERROR outputRoundsToStdout:False blacklisted: 
command: mlsettings bagging:False stopOnLongRound:False parallelization:True lossFunction:RELATIVE useBackward:False abortError:10 limitFeatureSize:False featureSizeTreshold:7 quadraticFunctionSupport:True crossValidation:False learn_logFunction:True numberOfRounds:70 backwardErrorDelta:1 minImprovementPerRound:0.25 withHierarchy:False
Current machine learning settings: epsilon:0 lossFunction:RELATIVE parallelization:True bagging:False baggingNumbers:3 baggingTestDataFraction:50 useBackward:False abortError:10 limitFeatureSize:False featureSizeTreshold:7 quadraticFunctionSupport:True crossValidation:False crossValidation-k:5 learn-logFunction:True learn-accumulatedLogFunction:False learn-asymFunction:False learn-ratioFunction:False learn-mirrowedFunction:False numberOfRounds:70 backwardErrorDelta:1 minImprovementPerRound:0.25 withHierarchy:False bruteForceCandidates:False ignoreBadFeatures:False stopOnLongRound:False candidateSizePenalty:True learnTimeLimit:00:00:00 scoreMeasure:RELERROR outputRoundsToStdout:False blacklisted: 
command: solver z3
command: vm /scratch/kaltenec/Distribution-Aware-Sampling/DistOut/ConstraintData/Hipacc_disc/FeatureModel.xml
Warning: Variability model contains outdated notation. Children nodes will no longer have effect on the model. Instead use the parent node to describe the parent of an configuration option. You can also use the converter providedby the Variability Model GUI in export>convert legacy model.
Warning: Default value nodes in models are no longer used and should be removed. You can also use the converter provided by the Variability Model GUI in export>convert legacy model to update your model.
command: all /scratch/kaltenec/Distribution-Aware-Sampling/DistOut/ConstraintData/Hipacc_disc/measurements.xml
Configs with too large deviation: 0
13485 configurations loaded.
command: nfp Performance
command: hybrid distribution-aware distance-metric:manhattan distribution:uniform onlyBinary:true selection:SolverSelection  numConfigs:4131 seed:92
command: learn-splconqueror
Learning: NumberOfConfigurationsLearning:4131 NumberOfConfigurationsValidation:4131
Learning progress:
1;36.9026215476488 * API + 6.43885166663669 * Array2D;34.0947440346487;34.0947440346487;34.0947440346487;34.0947440346487;2.704344;2;6.43885166663669 * Array2D;1;1.79769313486232E+308;
2;27.6865566009477 * API + 6.45944366875205 * Array2D + 18.3909458891725 * LocalMemory;23.928098966637;23.928098966637;23.928098966637;23.928098966637;4.854958;3;18.3909458891725 * LocalMemory;1;10.1666450680117;
3;26.5642286610961 * API + 6.57891074473709 * Array2D + 17.5064073064082 * LocalMemory + 20.2318221734759 * bs_32x1;21.3733427654584;21.3733427654584;21.3733427654584;21.3733427654584;9.889662;4;20.2318221734759 * bs_32x1;1;2.55475620117855;
4;23.6811905232936 * API + 6.69842218865057 * Array2D + 17.5524646084581 * LocalMemory + 20.5155244140993 * bs_32x1 + 9.52081758987116 * pixelPerThread_1;20.1971303996687;20.1971303996687;20.1971303996687;20.1971303996687;17.853203;5;9.52081758987116 * pixelPerThread_1;1;1.17621236578972;
5;24.0022114850875 * API + 6.7179958543916 * Array2D + 19.1364229621177 * LocalMemory + 19.2260077585612 * bs_32x1 + 9.33572543263899 * pixelPerThread_1 + -13.8261479766433 * bs_64x2;19.1813486429117;19.1813486429117;19.1813486429117;19.1813486429117;29.891354;6;-13.8261479766433 * bs_64x2;1;1.01578175675699;
6;23.7625340719524 * API + 9.47873725226367 * Array2D + 24.5223934999024 * LocalMemory + 20.8030757367549 * bs_32x1 + 9.47363439233122 * pixelPerThread_1 + -11.2715160570997 * bs_64x2 + -11.0971464696159 * LocalMemory * TextureMemory;17.6478771768572;17.6478771768572;17.6478771768572;17.6478771768572;47.0169;8;-11.0971464696159 * LocalMemory * TextureMemory;2;0.766735733027282;
7;24.148048841745 * API + 9.63638371106243 * Array2D + 24.4184804937023 * LocalMemory + 21.790978992126 * bs_32x1 + 7.92947614227072 * pixelPerThread_1 + -9.84451599880177 * bs_64x2 + -13.1204212633838 * LocalMemory * TextureMemory + 44.1911483442527 * LocalMemory * bs_1024x1;16.4197345129162;16.4197345129162;16.4197345129162;16.4197345129162;71.049399;10;44.1911483442527 * LocalMemory * bs_1024x1;2;0.614071331970472;
8;23.5024355024737 * API + 9.32881798570227 * Array2D + 24.7289320598869 * LocalMemory + 22.4018544525237 * bs_32x1 + 7.76804506074828 * pixelPerThread_1 + -9.2595296968674 * bs_64x2 + -13.3772835959619 * LocalMemory * TextureMemory + 44.9585837916849 * LocalMemory * bs_1024x1 + 8.15159064767101 * bs_32x32;15.9067347170259;15.9067347170259;15.9067347170259;15.9067347170259;99.399117;11;8.15159064767101 * bs_32x32;1;0.512999795890289;
9;23.3984074548537 * API + 9.34454097384085 * Array2D + 22.5796713809374 * LocalMemory + 22.978943083816 * bs_32x1 + 7.86388997239968 * pixelPerThread_1 + -8.5555269957481 * bs_64x2 + -11.3820802861333 * LocalMemory * TextureMemory + 45.1201096154964 * LocalMemory * bs_1024x1 + 8.55813730207456 * bs_32x32 + 29.5059625599987 * LocalMemory * bs_512x1;15.0234570608505;15.0234570608505;15.0234570608505;15.0234570608505;134.102412;13;29.5059625599987 * LocalMemory * bs_512x1;2;0.441638828087723;
10;23.9879198842542 * API + 9.34225892613678 * Array2D + 22.6554926054238 * LocalMemory + 15.2175789635004 * bs_32x1 + 5.72778772337695 * pixelPerThread_1 + -8.65369373165381 * bs_64x2 + -11.3953157496514 * LocalMemory * TextureMemory + 46.6042174035902 * LocalMemory * bs_1024x1 + 8.71055478312618 * bs_32x32 + 29.3746544683674 * LocalMemory * bs_512x1 + 28.5798440527419 * bs_32x1 * pixelPerThread_1;14.2129405176046;14.2129405176046;14.2129405176046;14.2129405176046;176.261187;15;28.5798440527419 * bs_32x1 * pixelPerThread_1;2;0.405258271622925;
11;23.4894248857385 * API + 9.05548081168319 * Array2D + 23.1150311788749 * LocalMemory + 15.4289683187364 * bs_32x1 + 5.73715789796002 * pixelPerThread_1 + -8.55216260835628 * bs_64x2 + -11.4114406845778 * LocalMemory * TextureMemory + 39.6592638767658 * LocalMemory * bs_1024x1 + 9.05576589885723 * bs_32x32 + 29.4112683497862 * LocalMemory * bs_512x1 + 28.5931382198909 * bs_32x1 * pixelPerThread_1 + 7.00370008107113 * bs_1024x1;13.8520427233888;13.8520427233888;13.8520427233888;13.8520427233888;224.003502;16;7.00370008107113 * bs_1024x1;1;0.360897794215859;
12;24.0810346575309 * API + 9.19484107123728 * Array2D + 22.1344840172132 * LocalMemory + 15.5952504735552 * bs_32x1 + 5.44452981085059 * pixelPerThread_1 + -8.01979302072598 * bs_64x2 + -11.6724051105145 * LocalMemory * TextureMemory + 41.1113512492145 * LocalMemory * bs_1024x1 + 2.96079989528446 * bs_32x32 + 29.873362761433 * LocalMemory * bs_512x1 + 28.8267633480744 * bs_32x1 * pixelPerThread_1 + 6.48780805428495 * bs_1024x1 + 16.5894943880236 * bs_32x32 * LocalMemory;13.3673103515629;13.3673103515629;13.3673103515629;13.3673103515629;280.730597;18;16.5894943880236 * bs_32x32 * LocalMemory;2;0.242366185912938;
Elapsed=00:04:40.7797623
average model: 
command: analyze-learning
Round, Model, LearningError, LearningErrorRel, ValidationError, ValidationErrorRel, ElapsedSeconds, ModelComplexity, BestCandidate, BestCandidateSize, BestCandidateScore, TestError
Models:
Termination reason: minImprovementPerRound
1;36.9026215476488 * API + 6.43885166663669 * Array2D;34.0947440346487;34.0947440346487;34.0947440346487;34.0947440346487;2.704344;2;6.43885166663669 * Array2D;1;1.79769313486232E+308;36.3206998141594
2;27.6865566009477 * API + 6.45944366875205 * Array2D + 18.3909458891725 * LocalMemory;23.928098966637;23.928098966637;23.928098966637;23.928098966637;4.854958;3;18.3909458891725 * LocalMemory;1;10.1666450680117;22.2112285148983
3;26.5642286610961 * API + 6.57891074473709 * Array2D + 17.5064073064082 * LocalMemory + 20.2318221734759 * bs_32x1;21.3733427654584;21.3733427654584;21.3733427654584;21.3733427654584;9.889662;4;20.2318221734759 * bs_32x1;1;2.55475620117855;19.9649046038514
4;23.6811905232936 * API + 6.69842218865057 * Array2D + 17.5524646084581 * LocalMemory + 20.5155244140993 * bs_32x1 + 9.52081758987116 * pixelPerThread_1;20.1971303996687;20.1971303996687;20.1971303996687;20.1971303996687;17.853203;5;9.52081758987116 * pixelPerThread_1;1;1.17621236578972;18.5690356306736
5;24.0022114850875 * API + 6.7179958543916 * Array2D + 19.1364229621177 * LocalMemory + 19.2260077585612 * bs_32x1 + 9.33572543263899 * pixelPerThread_1 + -13.8261479766433 * bs_64x2;19.1813486429117;19.1813486429117;19.1813486429117;19.1813486429117;29.891354;6;-13.8261479766433 * bs_64x2;1;1.01578175675699;19.2636497001335
6;23.7625340719524 * API + 9.47873725226367 * Array2D + 24.5223934999024 * LocalMemory + 20.8030757367549 * bs_32x1 + 9.47363439233122 * pixelPerThread_1 + -11.2715160570997 * bs_64x2 + -11.0971464696159 * LocalMemory * TextureMemory;17.6478771768572;17.6478771768572;17.6478771768572;17.6478771768572;47.0169;8;-11.0971464696159 * LocalMemory * TextureMemory;2;0.766735733027282;17.8015786093699
7;24.148048841745 * API + 9.63638371106243 * Array2D + 24.4184804937023 * LocalMemory + 21.790978992126 * bs_32x1 + 7.92947614227072 * pixelPerThread_1 + -9.84451599880177 * bs_64x2 + -13.1204212633838 * LocalMemory * TextureMemory + 44.1911483442527 * LocalMemory * bs_1024x1;16.4197345129162;16.4197345129162;16.4197345129162;16.4197345129162;71.049399;10;44.1911483442527 * LocalMemory * bs_1024x1;2;0.614071331970472;16.8683374907303
8;23.5024355024737 * API + 9.32881798570227 * Array2D + 24.7289320598869 * LocalMemory + 22.4018544525237 * bs_32x1 + 7.76804506074828 * pixelPerThread_1 + -9.2595296968674 * bs_64x2 + -13.3772835959619 * LocalMemory * TextureMemory + 44.9585837916849 * LocalMemory * bs_1024x1 + 8.15159064767101 * bs_32x32;15.9067347170259;15.9067347170259;15.9067347170259;15.9067347170259;99.399117;11;8.15159064767101 * bs_32x32;1;0.512999795890289;16.3027543186706
9;23.3984074548537 * API + 9.34454097384085 * Array2D + 22.5796713809374 * LocalMemory + 22.978943083816 * bs_32x1 + 7.86388997239968 * pixelPerThread_1 + -8.5555269957481 * bs_64x2 + -11.3820802861333 * LocalMemory * TextureMemory + 45.1201096154964 * LocalMemory * bs_1024x1 + 8.55813730207456 * bs_32x32 + 29.5059625599987 * LocalMemory * bs_512x1;15.0234570608505;15.0234570608505;15.0234570608505;15.0234570608505;134.102412;13;29.5059625599987 * LocalMemory * bs_512x1;2;0.441638828087723;15.3421201723429
10;23.9879198842542 * API + 9.34225892613678 * Array2D + 22.6554926054238 * LocalMemory + 15.2175789635004 * bs_32x1 + 5.72778772337695 * pixelPerThread_1 + -8.65369373165381 * bs_64x2 + -11.3953157496514 * LocalMemory * TextureMemory + 46.6042174035902 * LocalMemory * bs_1024x1 + 8.71055478312618 * bs_32x32 + 29.3746544683674 * LocalMemory * bs_512x1 + 28.5798440527419 * bs_32x1 * pixelPerThread_1;14.2129405176046;14.2129405176046;14.2129405176046;14.2129405176046;176.261187;15;28.5798440527419 * bs_32x1 * pixelPerThread_1;2;0.405258271622925;14.6939576371263
11;23.4894248857385 * API + 9.05548081168319 * Array2D + 23.1150311788749 * LocalMemory + 15.4289683187364 * bs_32x1 + 5.73715789796002 * pixelPerThread_1 + -8.55216260835628 * bs_64x2 + -11.4114406845778 * LocalMemory * TextureMemory + 39.6592638767658 * LocalMemory * bs_1024x1 + 9.05576589885723 * bs_32x32 + 29.4112683497862 * LocalMemory * bs_512x1 + 28.5931382198909 * bs_32x1 * pixelPerThread_1 + 7.00370008107113 * bs_1024x1;13.8520427233888;13.8520427233888;13.8520427233888;13.8520427233888;224.003502;16;7.00370008107113 * bs_1024x1;1;0.360897794215859;14.2971491455757
12;24.0810346575309 * API + 9.19484107123728 * Array2D + 22.1344840172132 * LocalMemory + 15.5952504735552 * bs_32x1 + 5.44452981085059 * pixelPerThread_1 + -8.01979302072598 * bs_64x2 + -11.6724051105145 * LocalMemory * TextureMemory + 41.1113512492145 * LocalMemory * bs_1024x1 + 2.96079989528446 * bs_32x32 + 29.873362761433 * LocalMemory * bs_512x1 + 28.8267633480744 * bs_32x1 * pixelPerThread_1 + 6.48780805428495 * bs_1024x1 + 16.5894943880236 * bs_32x32 * LocalMemory;13.3673103515629;13.3673103515629;13.3673103515629;13.3673103515629;280.730597;18;16.5894943880236 * bs_32x32 * LocalMemory;2;0.242366185912938;14.1192924032759
Analyze finished
command: measurementstocsv /scratch/kaltenec/Distribution-Aware-Sampling/Results_test/Hipacc_disc/Hipacc_disc_92/sampledConfigurations_solv_2.csv
command: clean-sampling
command: clean-global
