Current machine learning settings: epsilon:0 lossFunction:RELATIVE parallelization:True bagging:False baggingNumbers:3 considerEpsilonTube:False baggingTestDataFraction:50 useBackward:False abortError:1 limitFeatureSize:False featureSizeTreshold:4 quadraticFunctionSupport:True crossValidation:False crossValidation-k:5 learn-logFunction:False learn-accumulatedLogFunction:False learn-asymFunction:False learn-ratioFunction:False learn-mirrowedFunction:False numberOfRounds:70 backwardErrorDelta:1 minImprovementPerRound:0.1 withHierarchy:False bruteForceCandidates:False ignoreBadFeatures:False stopOnLongRound:True candidateSizePenalty:True learnTimeLimit:00:00:00 scoreMeasure:RELERROR outputRoundsToStdout:False blacklisted: 
command: mlsettings bagging:False stopOnLongRound:False parallelization:True lossFunction:RELATIVE useBackward:False abortError:10 limitFeatureSize:False featureSizeTreshold:7 quadraticFunctionSupport:True crossValidation:False learn_logFunction:True numberOfRounds:70 backwardErrorDelta:1 minImprovementPerRound:0.25 withHierarchy:False
Current machine learning settings: epsilon:0 lossFunction:RELATIVE parallelization:True bagging:False baggingNumbers:3 considerEpsilonTube:False baggingTestDataFraction:50 useBackward:False abortError:10 limitFeatureSize:False featureSizeTreshold:7 quadraticFunctionSupport:True crossValidation:False crossValidation-k:5 learn-logFunction:True learn-accumulatedLogFunction:False learn-asymFunction:False learn-ratioFunction:False learn-mirrowedFunction:False numberOfRounds:70 backwardErrorDelta:1 minImprovementPerRound:0.25 withHierarchy:False bruteForceCandidates:False ignoreBadFeatures:False stopOnLongRound:False candidateSizePenalty:True learnTimeLimit:00:00:00 scoreMeasure:RELERROR outputRoundsToStdout:False blacklisted: 
command: solver z3
command: vm /scratch/kaltenec/Distribution-Aware-Sampling/DistOut/ConstraintData/JavaGC_disc/FeatureModel.xml
command: all /scratch/kaltenec/Distribution-Aware-Sampling/DistOut/ConstraintData/JavaGC_disc/measurements.xml
Configs with too large deviation: 0
193536 configurations loaded.
command: nfp Performance
command: binary satoutput numConfigs:3504 seed:44
command: learn-splconqueror
Learning: NumberOfConfigurationsLearning:3504 NumberOfConfigurationsValidation:3504
Learning progress:
1;72.866392856415 * MaxTenuringThreshold + -47.6324575774468 * NewRatio_1;60.33460907309;60.33460907309;60.33460907309;60.33460907309;0.708602;2;-47.6324575774468 * NewRatio_1;1;1.79769313486232E+308;
2;48.6632205244993 * MaxTenuringThreshold + -74.357303765275 * NewRatio_1 + 90.5818955351203 * UseAdaptiveSizePolicy;48.0963818010384;48.0963818010384;48.0963818010384;48.0963818010384;2.328767;3;90.5818955351203 * UseAdaptiveSizePolicy;1;12.2382272720516;
3;46.4378347907105 * MaxTenuringThreshold + -19.8353532874405 * NewRatio_1 + 98.9105416852611 * UseAdaptiveSizePolicy + -101.34467351932 * NewRatio_1 * UseAdaptiveSizePolicy;36.2592667529434;36.2592667529434;36.2592667529434;36.2592667529434;4.699304;5;-101.34467351932 * NewRatio_1 * UseAdaptiveSizePolicy;2;5.91855752404753;
4;46.4378347907103 * MaxTenuringThreshold + -19.8353532874404 * NewRatio_1 + 152.566640095654 * UseAdaptiveSizePolicy + -155.000771929715 * NewRatio_1 * UseAdaptiveSizePolicy + -135.535924886367 * UseAdaptiveSizePolicy * NewRatio_4;24.5963721411505;24.5963721411505;24.5963721411505;24.5963721411505;8.986609;7;-135.535924886367 * UseAdaptiveSizePolicy * NewRatio_4;2;5.83144730589642;
5;33.2766690307703 * MaxTenuringThreshold + -6.6741875275046 * NewRatio_1 + 152.761066408018 * UseAdaptiveSizePolicy + -155.195198242069 * NewRatio_1 * UseAdaptiveSizePolicy + -122.569185438789 * UseAdaptiveSizePolicy * NewRatio_4 + 33.5609726878457 * NewRatio_32;17.02753986047;17.02753986047;17.02753986047;17.02753986047;16.183226;8;33.5609726878457 * NewRatio_32;1;7.56883228068052;
6;37.0262405203177 * MaxTenuringThreshold + -10.4237590170542 * NewRatio_1 + 185.352929963242 * UseAdaptiveSizePolicy + -187.787061797298 * NewRatio_1 * UseAdaptiveSizePolicy + -158.910620483561 * UseAdaptiveSizePolicy * NewRatio_4 + 23.9995653895013 * NewRatio_32 + -87.9477072182547 * UseAdaptiveSizePolicy * NewRatio_8;11.7251544214069;11.7251544214069;11.7251544214069;11.7251544214069;26.259463;10;-87.9477072182547 * UseAdaptiveSizePolicy * NewRatio_8;2;2.65119271953153;
7;36.3073248641588 * MaxTenuringThreshold + -9.70484336089189 * NewRatio_1 + 183.786576383733 * UseAdaptiveSizePolicy + -186.220708217793 * NewRatio_1 * UseAdaptiveSizePolicy + -156.625351247894 * UseAdaptiveSizePolicy * NewRatio_4 + 24.9977958448035 * NewRatio_32 + -85.662437982587 * UseAdaptiveSizePolicy * NewRatio_8 + 4.33648729187506 * NewRatio_16;11.4112438192177;11.4112438192177;11.4112438192177;11.4112438192177;38.989661;11;4.33648729187506 * NewRatio_16;1;0.313910602189239;
8;36.3073248641588 * MaxTenuringThreshold + -12.7872547576366 * NewRatio_1 + 183.786576383733 * UseAdaptiveSizePolicy + -186.018351439073 * NewRatio_1 * UseAdaptiveSizePolicy + -156.625351247892 * UseAdaptiveSizePolicy * NewRatio_4 + 24.9977958448017 * NewRatio_32 + -85.6624379825851 * UseAdaptiveSizePolicy * NewRatio_8 + 4.3364872918759 * NewRatio_16 + 5.71647204487309 * NewRatio_1 * DisableExplicitGC;10.8471040065236;10.8471040065236;10.8471040065236;10.8471040065236;54.734449;13;5.71647204487309 * NewRatio_1 * DisableExplicitGC;2;0.282069906347051;
9;36.3073248641584 * MaxTenuringThreshold + -12.7872547576395 * NewRatio_1 + 183.233896108588 * UseAdaptiveSizePolicy + -185.465671163924 * NewRatio_1 * UseAdaptiveSizePolicy + -156.072670972747 * UseAdaptiveSizePolicy * NewRatio_4 + 23.2910512140405 * NewRatio_32 + -85.1097577074396 * UseAdaptiveSizePolicy * NewRatio_8 + 4.5654292828755 * NewRatio_16 + 5.71647204487619 * NewRatio_1 * DisableExplicitGC + 18.6059696731637 * NewRatio_32 * UseAdaptiveGCBoundary;10.3702490191922;10.3702490191922;10.3702490191922;10.3702490191922;73.637441;15;18.6059696731637 * NewRatio_32 * UseAdaptiveGCBoundary;2;0.238427493665717;
Elapsed=00:01:13.6897203
average model: 
command: analyze-learning
Round, Model, LearningError, LearningErrorRel, ValidationError, ValidationErrorRel, ElapsedSeconds, ModelComplexity, BestCandidate, BestCandidateSize, BestCandidateScore, TestError
Models:
Termination reason: minImprovementPerRound
1;72.866392856415 * MaxTenuringThreshold + -47.6324575774468 * NewRatio_1;60.33460907309;60.33460907309;60.33460907309;60.33460907309;0.708602;2;-47.6324575774468 * NewRatio_1;1;1.79769313486232E+308;70.6297108493101
2;48.6632205244993 * MaxTenuringThreshold + -74.357303765275 * NewRatio_1 + 90.5818955351203 * UseAdaptiveSizePolicy;48.0963818010384;48.0963818010384;48.0963818010384;48.0963818010384;2.328767;3;90.5818955351203 * UseAdaptiveSizePolicy;1;12.2382272720516;88.9273334090737
3;46.4378347907105 * MaxTenuringThreshold + -19.8353532874405 * NewRatio_1 + 98.9105416852611 * UseAdaptiveSizePolicy + -101.34467351932 * NewRatio_1 * UseAdaptiveSizePolicy;36.2592667529434;36.2592667529434;36.2592667529434;36.2592667529434;4.699304;5;-101.34467351932 * NewRatio_1 * UseAdaptiveSizePolicy;2;5.91855752404753;61.8382029948764
4;46.4378347907103 * MaxTenuringThreshold + -19.8353532874404 * NewRatio_1 + 152.566640095654 * UseAdaptiveSizePolicy + -155.000771929715 * NewRatio_1 * UseAdaptiveSizePolicy + -135.535924886367 * UseAdaptiveSizePolicy * NewRatio_4;24.5963721411505;24.5963721411505;24.5963721411505;24.5963721411505;8.986609;7;-135.535924886367 * UseAdaptiveSizePolicy * NewRatio_4;2;5.83144730589642;66.0503884238675
5;33.2766690307703 * MaxTenuringThreshold + -6.6741875275046 * NewRatio_1 + 152.761066408018 * UseAdaptiveSizePolicy + -155.195198242069 * NewRatio_1 * UseAdaptiveSizePolicy + -122.569185438789 * UseAdaptiveSizePolicy * NewRatio_4 + 33.5609726878457 * NewRatio_32;17.02753986047;17.02753986047;17.02753986047;17.02753986047;16.183226;8;33.5609726878457 * NewRatio_32;1;7.56883228068052;52.523141319629
6;37.0262405203177 * MaxTenuringThreshold + -10.4237590170542 * NewRatio_1 + 185.352929963242 * UseAdaptiveSizePolicy + -187.787061797298 * NewRatio_1 * UseAdaptiveSizePolicy + -158.910620483561 * UseAdaptiveSizePolicy * NewRatio_4 + 23.9995653895013 * NewRatio_32 + -87.9477072182547 * UseAdaptiveSizePolicy * NewRatio_8;11.7251544214069;11.7251544214069;11.7251544214069;11.7251544214069;26.259463;10;-87.9477072182547 * UseAdaptiveSizePolicy * NewRatio_8;2;2.65119271953153;58.7233526211342
7;36.3073248641588 * MaxTenuringThreshold + -9.70484336089189 * NewRatio_1 + 183.786576383733 * UseAdaptiveSizePolicy + -186.220708217793 * NewRatio_1 * UseAdaptiveSizePolicy + -156.625351247894 * UseAdaptiveSizePolicy * NewRatio_4 + 24.9977958448035 * NewRatio_32 + -85.662437982587 * UseAdaptiveSizePolicy * NewRatio_8 + 4.33648729187506 * NewRatio_16;11.4112438192177;11.4112438192177;11.4112438192177;11.4112438192177;38.989661;11;4.33648729187506 * NewRatio_16;1;0.313910602189239;57.6083729575356
8;36.3073248641588 * MaxTenuringThreshold + -12.7872547576366 * NewRatio_1 + 183.786576383733 * UseAdaptiveSizePolicy + -186.018351439073 * NewRatio_1 * UseAdaptiveSizePolicy + -156.625351247892 * UseAdaptiveSizePolicy * NewRatio_4 + 24.9977958448017 * NewRatio_32 + -85.6624379825851 * UseAdaptiveSizePolicy * NewRatio_8 + 4.3364872918759 * NewRatio_16 + 5.71647204487309 * NewRatio_1 * DisableExplicitGC;10.8471040065236;10.8471040065236;10.8471040065236;10.8471040065236;54.734449;13;5.71647204487309 * NewRatio_1 * DisableExplicitGC;2;0.282069906347051;57.0930233683299
9;36.3073248641584 * MaxTenuringThreshold + -12.7872547576395 * NewRatio_1 + 183.233896108588 * UseAdaptiveSizePolicy + -185.465671163924 * NewRatio_1 * UseAdaptiveSizePolicy + -156.072670972747 * UseAdaptiveSizePolicy * NewRatio_4 + 23.2910512140405 * NewRatio_32 + -85.1097577074396 * UseAdaptiveSizePolicy * NewRatio_8 + 4.5654292828755 * NewRatio_16 + 5.71647204487619 * NewRatio_1 * DisableExplicitGC + 18.6059696731637 * NewRatio_32 * UseAdaptiveGCBoundary;10.3702490191922;10.3702490191922;10.3702490191922;10.3702490191922;73.637441;15;18.6059696731637 * NewRatio_32 * UseAdaptiveGCBoundary;2;0.238427493665717;56.6773122178914
Analyze finished
command: printconfigs /scratch/kaltenec/Distribution-Aware-Sampling/Results_newTry/JavaGC_disc/JavaGC_disc_44/sampledConfigurations_semi_2.csv
command: clean-sampling
command: clean-global
