Current machine learning settings: epsilon:0 lossFunction:RELATIVE parallelization:True bagging:False baggingNumbers:3 baggingTestDataFraction:50 useBackward:False abortError:1 limitFeatureSize:False featureSizeTreshold:4 quadraticFunctionSupport:True crossValidation:False crossValidation-k:5 learn-logFunction:False learn-accumulatedLogFunction:False learn-asymFunction:False learn-ratioFunction:False learn-mirrowedFunction:False numberOfRounds:70 backwardErrorDelta:1 minImprovementPerRound:0.1 withHierarchy:False bruteForceCandidates:False ignoreBadFeatures:False stopOnLongRound:True candidateSizePenalty:True learnTimeLimit:00:00:00 scoreMeasure:RELERROR outputRoundsToStdout:False blacklisted: 
command: mlsettings bagging:False stopOnLongRound:False parallelization:True lossFunction:RELATIVE useBackward:False abortError:10 limitFeatureSize:False featureSizeTreshold:7 quadraticFunctionSupport:True crossValidation:False learn_logFunction:True numberOfRounds:70 backwardErrorDelta:1 minImprovementPerRound:0.25 withHierarchy:False
Current machine learning settings: epsilon:0 lossFunction:RELATIVE parallelization:True bagging:False baggingNumbers:3 baggingTestDataFraction:50 useBackward:False abortError:10 limitFeatureSize:False featureSizeTreshold:7 quadraticFunctionSupport:True crossValidation:False crossValidation-k:5 learn-logFunction:True learn-accumulatedLogFunction:False learn-asymFunction:False learn-ratioFunction:False learn-mirrowedFunction:False numberOfRounds:70 backwardErrorDelta:1 minImprovementPerRound:0.25 withHierarchy:False bruteForceCandidates:False ignoreBadFeatures:False stopOnLongRound:False candidateSizePenalty:True learnTimeLimit:00:00:00 scoreMeasure:RELERROR outputRoundsToStdout:False blacklisted: 
command: solver z3
command: vm /scratch/kaltenec/Distribution-Aware-Sampling/DistOut/ConstraintData/7z_disc/FeatureModel.xml
command: all /scratch/kaltenec/Distribution-Aware-Sampling/DistOut/ConstraintData/7z_disc/measurements.xml
Configs with too large deviation: 0
68640 configurations loaded.
command: nfp Performance
command: hybrid distribution-aware distance-metric:manhattan distribution:uniform onlyBinary:true selection:SolverSelection number-weight-optimization:1-1 numConfigs:600 seed:68
command: learn-splconqueror
Learning: NumberOfConfigurationsLearning:600 NumberOfConfigurationsValidation:600
Learning progress:
1;9742.72563176903 * CompressionMethod + -1128.59519698634 * BlockSize_1;140.630304165342;140.630304165342;140.630304165342;140.630304165342;0.13032;2;-1128.59519698634 * BlockSize_1;1;1.79769313486232E+308;
2;12793.7638390493 * CompressionMethod + -1688.43934850644 * BlockSize_1 + -9549.57721374718 * x_0;96.2823995320955;96.2823995320955;96.2823995320955;96.2823995320955;0.471045;3;-9549.57721374718 * x_0;1;44.3479046332465;
3;14417.2143379552 * CompressionMethod + -1412.93687936591 * BlockSize_1 + -11190.5199329161 * x_0 + -11276.7539833519 * x_2;72.4815563110768;72.4815563110768;72.4815563110768;72.4815563110768;1.288413;4;-11276.7539833519 * x_2;1;23.8008432210187;
4;16925.0116296469 * CompressionMethod + -1875.76116378078 * BlockSize_1 + -13668.9315557559 * x_0 + -13738.268846602 * x_2 + -12389.6824202878 * x_4;48.9441614499728;48.9441614499728;48.9441614499728;48.9441614499728;2.204376;5;-12389.6824202878 * x_4;1;23.537394861104;
5;16921.9525916898 * CompressionMethod + -1839.94492770035 * BlockSize_1 + -13668.1465645341 * x_0 + -13738.7914322531 * x_2 + -13789.1300964048 * x_4 + 4084.67521003613 * x_4 * BZip2;44.7860188828083;44.7860188828083;44.7860188828083;44.7860188828083;3.375749;7;4084.67521003613 * x_4 * BZip2;2;2.07907128358226;
6;16920.5480431078 * CompressionMethod + -1823.50000471877 * BlockSize_1 + -14007.0862780964 * x_0 + -13739.0313759691 * x_2 + -13788.7980427999 * x_4 + 4085.06249988896 * x_4 * BZip2 + 3375.14349839504 * x_0 * BZip2;41.951108435974;41.951108435974;41.951108435974;41.951108435974;5.133849;9;3375.14349839504 * x_0 * BZip2;2;1.41745522341712;
7;16920.7375252296 * CompressionMethod + -1825.71852456236 * BlockSize_1 + -13756.5964620334 * x_0 + -13738.9990061065 * x_2 + -13788.842838845 * x_4 + 4085.01025213903 * x_4 * BZip2 + 3124.58096441254 * x_0 * BZip2 + -1330.97115541098 * x_0 * Deflate;39.0675902226211;39.0675902226211;39.0675902226211;39.0675902226211;7.304334;11;-1330.97115541098 * x_0 * Deflate;2;1.44175910667649;
8;17093.7471345944 * CompressionMethod + 1255.33504863223 * BlockSize_1 + -14130.5443479108 * x_0 + -13879.6667894904 * x_2 + -14162.7907247225 * x_4 + 4157.57129643525 * x_4 * BZip2 + 3163.35852654649 * x_0 * BZip2 + -1322.59872722287 * x_0 * Deflate + -10213.4154990136 * BlockSize_1 * PPMd;37.2304825711369;37.2304825711369;37.2304825711369;37.2304825711369;10.043877;13;-10213.4154990136 * BlockSize_1 * PPMd;2;0.91855382574208;
9;17156.4353681425 * CompressionMethod + 1269.07383080812 * BlockSize_1 + -14194.1285889921 * x_0 + -14236.8887357843 * x_2 + -14226.3749658037 * x_4 + 4157.89485471092 * x_4 * BZip2 + 3163.53144028084 * x_0 * BZip2 + -1322.56139357581 * x_0 * Deflate + -11708.8425322838 * BlockSize_1 * PPMd + 10290.2220691176 * BlockSize_1 * PPMd * x_2;35.5503575321135;35.5503575321135;35.5503575321135;35.5503575321135;13.381224;16;10290.2220691176 * BlockSize_1 * PPMd * x_2;3;0.560041679674467;
10;17156.03217416 * CompressionMethod + 1278.11209591817 * BlockSize_1 + -14194.314847082 * x_0 + -14237.10887043 * x_2 + -13899.1564150962 * x_4 + 3830.70290360662 * x_4 * BZip2 + 3163.64519418963 * x_0 * BZip2 + -1322.53683307266 * x_0 * Deflate + -11717.4776034113 * BlockSize_1 * PPMd + 10290.4422037634 * BlockSize_1 * PPMd * x_2 + -1255.05176705676 * x_4 * Deflate;34.7440196463701;34.7440196463701;34.7440196463701;34.7440196463701;17.787014;18;-1255.05176705676 * x_4 * Deflate;2;0.40316894287168;
11;17039.185603589 * CompressionMethod + 1292.92705027583 * BlockSize_1 + -14078.4344691866 * x_0 + -14121.2840208493 * x_2 + -13783.1813124286 * x_4 + 3830.95708174503 * x_4 * BZip2 + 3163.83165242537 * x_0 * BZip2 + -2269.58590932608 * x_0 * Deflate + -11615.445987198 * BlockSize_1 * PPMd + 10174.6173541825 * BlockSize_1 * PPMd * x_2 + -2202.50421296478 * x_4 * Deflate + 947.089334281627 * Deflate;34.3795954149654;34.3795954149654;34.3795954149654;34.3795954149654;22.799525;19;947.089334281627 * Deflate;1;0.364424231404762;
12;17041.3706232414 * CompressionMethod + 1246.04844682458 * BlockSize_1 + -14077.5621886139 * x_0 + -14120.2360333671 * x_2 + -13782.608767172 * x_4 + 3830.15279197977 * x_4 * BZip2 + 3163.24164711866 * x_0 * BZip2 + 7986.24666068721 * x_0 * Deflate + -11570.7524033992 * BlockSize_1 * PPMd + 10173.5693667001 * BlockSize_1 * PPMd * x_2 + 8054.60472993642 * x_4 * Deflate + -9308.87062324119 * Deflate + 11669.7052259715 * Deflate * x_8;33.2906548022358;33.2906548022358;33.2906548022358;33.2906548022358;28.212924;21;11669.7052259715 * Deflate * x_8;2;0.544470306364804;
13;17007.3101451037 * CompressionMethod + 1976.80052323365 * BlockSize_1 + -13963.1872677391 * x_0 + -14136.5722501542 * x_2 + -13791.5337052937 * x_4 + 3842.69020505552 * x_4 * BZip2 + 3147.7423686958 * x_0 * BZip2 + 7948.8397474358 * x_0 * Deflate + -12267.4440016705 * BlockSize_1 * PPMd + 10189.9055834875 * BlockSize_1 * PPMd * x_2 + 8002.63366169108 * x_4 * Deflate + -9274.81014510361 * Deflate + 11644.5068785092 * Deflate * x_8 + -1962.24019837813 * x_0 * BlockSize_1;32.7414777401014;32.7414777401014;32.7414777401014;32.7414777401014;34.341454;23;-1962.24019837813 * x_0 * BlockSize_1;2;0.274588531067163;
14;17007.3101451036 * CompressionMethod + 1976.80052323374 * BlockSize_1 + -14032.1024884909 * x_0 + -14136.572250154 * x_2 + -13791.5337052936 * x_4 + 3842.69020505544 * x_4 * BZip2 + 3216.53679151476 * x_0 * BZip2 + 8017.61152064209 * x_0 * Deflate + -12267.4440016706 * BlockSize_1 * PPMd + 10189.9055834878 * BlockSize_1 * PPMd * x_2 + 8002.63366169088 * x_4 * Deflate + -9274.81014510349 * Deflate + 11644.5068785092 * Deflate * x_8 + -1959.94503765197 * x_0 * BlockSize_1 + 296.551375538765 * x_0 * LZMA2;32.370755655998;32.370755655998;32.370755655998;32.370755655998;41.780867;25;296.551375538765 * x_0 * LZMA2;2;0.185361042051724;
Elapsed=00:00:41.7874388
average model: 
command: analyze-learning
Round, Model, LearningError, LearningErrorRel, ValidationError, ValidationErrorRel, ElapsedSeconds, ModelComplexity, BestCandidate, BestCandidateSize, BestCandidateScore, TestError
Models:
Termination reason: minImprovementPerRound
1;9742.72563176903 * CompressionMethod + -1128.59519698634 * BlockSize_1;140.630304165342;140.630304165342;140.630304165342;140.630304165342;0.13032;2;-1128.59519698634 * BlockSize_1;1;1.79769313486232E+308;147.747686083693
2;12793.7638390493 * CompressionMethod + -1688.43934850644 * BlockSize_1 + -9549.57721374718 * x_0;96.2823995320955;96.2823995320955;96.2823995320955;96.2823995320955;0.471045;3;-9549.57721374718 * x_0;1;44.3479046332465;153.929917065799
3;14417.2143379552 * CompressionMethod + -1412.93687936591 * BlockSize_1 + -11190.5199329161 * x_0 + -11276.7539833519 * x_2;72.4815563110768;72.4815563110768;72.4815563110768;72.4815563110768;1.288413;4;-11276.7539833519 * x_2;1;23.8008432210187;114.793918096633
4;16925.0116296469 * CompressionMethod + -1875.76116378078 * BlockSize_1 + -13668.9315557559 * x_0 + -13738.268846602 * x_2 + -12389.6824202878 * x_4;48.9441614499728;48.9441614499728;48.9441614499728;48.9441614499728;2.204376;5;-12389.6824202878 * x_4;1;23.537394861104;65.8834901942922
5;16921.9525916898 * CompressionMethod + -1839.94492770035 * BlockSize_1 + -13668.1465645341 * x_0 + -13738.7914322531 * x_2 + -13789.1300964048 * x_4 + 4084.67521003613 * x_4 * BZip2;44.7860188828083;44.7860188828083;44.7860188828083;44.7860188828083;3.375749;7;4084.67521003613 * x_4 * BZip2;2;2.07907128358226;59.2191945898824
6;16920.5480431078 * CompressionMethod + -1823.50000471877 * BlockSize_1 + -14007.0862780964 * x_0 + -13739.0313759691 * x_2 + -13788.7980427999 * x_4 + 4085.06249988896 * x_4 * BZip2 + 3375.14349839504 * x_0 * BZip2;41.951108435974;41.951108435974;41.951108435974;41.951108435974;5.133849;9;3375.14349839504 * x_0 * BZip2;2;1.41745522341712;57.2307385451356
7;16920.7375252296 * CompressionMethod + -1825.71852456236 * BlockSize_1 + -13756.5964620334 * x_0 + -13738.9990061065 * x_2 + -13788.842838845 * x_4 + 4085.01025213903 * x_4 * BZip2 + 3124.58096441254 * x_0 * BZip2 + -1330.97115541098 * x_0 * Deflate;39.0675902226211;39.0675902226211;39.0675902226211;39.0675902226211;7.304334;11;-1330.97115541098 * x_0 * Deflate;2;1.44175910667649;56.0737856483505
8;17093.7471345944 * CompressionMethod + 1255.33504863223 * BlockSize_1 + -14130.5443479108 * x_0 + -13879.6667894904 * x_2 + -14162.7907247225 * x_4 + 4157.57129643525 * x_4 * BZip2 + 3163.35852654649 * x_0 * BZip2 + -1322.59872722287 * x_0 * Deflate + -10213.4154990136 * BlockSize_1 * PPMd;37.2304825711369;37.2304825711369;37.2304825711369;37.2304825711369;10.043877;13;-10213.4154990136 * BlockSize_1 * PPMd;2;0.91855382574208;56.9503774299878
9;17156.4353681425 * CompressionMethod + 1269.07383080812 * BlockSize_1 + -14194.1285889921 * x_0 + -14236.8887357843 * x_2 + -14226.3749658037 * x_4 + 4157.89485471092 * x_4 * BZip2 + 3163.53144028084 * x_0 * BZip2 + -1322.56139357581 * x_0 * Deflate + -11708.8425322838 * BlockSize_1 * PPMd + 10290.2220691176 * BlockSize_1 * PPMd * x_2;35.5503575321135;35.5503575321135;35.5503575321135;35.5503575321135;13.381224;16;10290.2220691176 * BlockSize_1 * PPMd * x_2;3;0.560041679674467;55.8651208997134
10;17156.03217416 * CompressionMethod + 1278.11209591817 * BlockSize_1 + -14194.314847082 * x_0 + -14237.10887043 * x_2 + -13899.1564150962 * x_4 + 3830.70290360662 * x_4 * BZip2 + 3163.64519418963 * x_0 * BZip2 + -1322.53683307266 * x_0 * Deflate + -11717.4776034113 * BlockSize_1 * PPMd + 10290.4422037634 * BlockSize_1 * PPMd * x_2 + -1255.05176705676 * x_4 * Deflate;34.7440196463701;34.7440196463701;34.7440196463701;34.7440196463701;17.787014;18;-1255.05176705676 * x_4 * Deflate;2;0.40316894287168;54.5972836967418
11;17039.185603589 * CompressionMethod + 1292.92705027583 * BlockSize_1 + -14078.4344691866 * x_0 + -14121.2840208493 * x_2 + -13783.1813124286 * x_4 + 3830.95708174503 * x_4 * BZip2 + 3163.83165242537 * x_0 * BZip2 + -2269.58590932608 * x_0 * Deflate + -11615.445987198 * BlockSize_1 * PPMd + 10174.6173541825 * BlockSize_1 * PPMd * x_2 + -2202.50421296478 * x_4 * Deflate + 947.089334281627 * Deflate;34.3795954149654;34.3795954149654;34.3795954149654;34.3795954149654;22.799525;19;947.089334281627 * Deflate;1;0.364424231404762;56.1200400383072
12;17041.3706232414 * CompressionMethod + 1246.04844682458 * BlockSize_1 + -14077.5621886139 * x_0 + -14120.2360333671 * x_2 + -13782.608767172 * x_4 + 3830.15279197977 * x_4 * BZip2 + 3163.24164711866 * x_0 * BZip2 + 7986.24666068721 * x_0 * Deflate + -11570.7524033992 * BlockSize_1 * PPMd + 10173.5693667001 * BlockSize_1 * PPMd * x_2 + 8054.60472993642 * x_4 * Deflate + -9308.87062324119 * Deflate + 11669.7052259715 * Deflate * x_8;33.2906548022358;33.2906548022358;33.2906548022358;33.2906548022358;28.212924;21;11669.7052259715 * Deflate * x_8;2;0.544470306364804;63.5235731158842
13;17007.3101451037 * CompressionMethod + 1976.80052323365 * BlockSize_1 + -13963.1872677391 * x_0 + -14136.5722501542 * x_2 + -13791.5337052937 * x_4 + 3842.69020505552 * x_4 * BZip2 + 3147.7423686958 * x_0 * BZip2 + 7948.8397474358 * x_0 * Deflate + -12267.4440016705 * BlockSize_1 * PPMd + 10189.9055834875 * BlockSize_1 * PPMd * x_2 + 8002.63366169108 * x_4 * Deflate + -9274.81014510361 * Deflate + 11644.5068785092 * Deflate * x_8 + -1962.24019837813 * x_0 * BlockSize_1;32.7414777401014;32.7414777401014;32.7414777401014;32.7414777401014;34.341454;23;-1962.24019837813 * x_0 * BlockSize_1;2;0.274588531067163;63.5597424809032
14;17007.3101451036 * CompressionMethod + 1976.80052323374 * BlockSize_1 + -14032.1024884909 * x_0 + -14136.572250154 * x_2 + -13791.5337052936 * x_4 + 3842.69020505544 * x_4 * BZip2 + 3216.53679151476 * x_0 * BZip2 + 8017.61152064209 * x_0 * Deflate + -12267.4440016706 * BlockSize_1 * PPMd + 10189.9055834878 * BlockSize_1 * PPMd * x_2 + 8002.63366169088 * x_4 * Deflate + -9274.81014510349 * Deflate + 11644.5068785092 * Deflate * x_8 + -1959.94503765197 * x_0 * BlockSize_1 + 296.551375538765 * x_0 * LZMA2;32.370755655998;32.370755655998;32.370755655998;32.370755655998;41.780867;25;296.551375538765 * x_0 * LZMA2;2;0.185361042051724;63.3395438733914
Analyze finished
command: measurementstocsv /scratch/kaltenec/Distribution-Aware-Sampling/Results_opt/7z_disc/7z_disc_68/sampledConfigurations_solv_1.csv
command: clean-sampling
command: clean-global
command: script /scratch/kaltenec/Distribution-Aware-Sampling/Results_opt/7z_disc/7z_disc_68/learn_solv_2.a
command: log /scratch/kaltenec/Distribution-Aware-Sampling/Results_opt/7z_disc/7z_disc_68/out_solv_2.log
