Current machine learning settings: epsilon:0 lossFunction:RELATIVE parallelization:True bagging:False baggingNumbers:3 baggingTestDataFraction:50 useBackward:False abortError:1 limitFeatureSize:False featureSizeTreshold:4 quadraticFunctionSupport:True crossValidation:False crossValidation-k:5 learn-logFunction:False learn-accumulatedLogFunction:False learn-asymFunction:False learn-ratioFunction:False learn-mirrowedFunction:False numberOfRounds:70 backwardErrorDelta:1 minImprovementPerRound:0.1 withHierarchy:False bruteForceCandidates:False ignoreBadFeatures:False stopOnLongRound:True candidateSizePenalty:True learnTimeLimit:00:00:00 scoreMeasure:RELERROR outputRoundsToStdout:False blacklisted: 
command: mlsettings bagging:False stopOnLongRound:False parallelization:True lossFunction:RELATIVE useBackward:False abortError:10 limitFeatureSize:False featureSizeTreshold:7 quadraticFunctionSupport:True crossValidation:False learn_logFunction:True numberOfRounds:70 backwardErrorDelta:1 minImprovementPerRound:0.25 withHierarchy:False
Current machine learning settings: epsilon:0 lossFunction:RELATIVE parallelization:True bagging:False baggingNumbers:3 baggingTestDataFraction:50 useBackward:False abortError:10 limitFeatureSize:False featureSizeTreshold:7 quadraticFunctionSupport:True crossValidation:False crossValidation-k:5 learn-logFunction:True learn-accumulatedLogFunction:False learn-asymFunction:False learn-ratioFunction:False learn-mirrowedFunction:False numberOfRounds:70 backwardErrorDelta:1 minImprovementPerRound:0.25 withHierarchy:False bruteForceCandidates:False ignoreBadFeatures:False stopOnLongRound:False candidateSizePenalty:True learnTimeLimit:00:00:00 scoreMeasure:RELERROR outputRoundsToStdout:False blacklisted: 
command: solver z3
command: vm /scratch/kaltenec/Distribution-Aware-Sampling/DistOut/ConstraintData/JavaGC_disc/FeatureModel.xml
command: all /scratch/kaltenec/Distribution-Aware-Sampling/DistOut/ConstraintData/JavaGC_disc/measurements.xml
Configs with too large deviation: 0
193536 configurations loaded.
command: nfp Performance
command: binary satoutput numConfigs:3504 seed:82
command: learn-splconqueror
Learning: NumberOfConfigurationsLearning:3504 NumberOfConfigurationsValidation:3504
Learning progress:
1;57.6698841032898 * MaxTenuringThreshold + -16.9754688004839 * DisableExplicitGC;65.2565277497589;65.2565277497589;65.2565277497589;65.2565277497589;0.98082;2;-16.9754688004839 * DisableExplicitGC;1;1.79769313486232E+308;
2;41.6101289339477 * MaxTenuringThreshold + -0.915713631140343 * DisableExplicitGC + 69.1033909645801 * NewRatio_16;48.7035065417258;48.7035065417258;48.7035065417258;48.7035065417258;3.349802;3;69.1033909645801 * NewRatio_16;1;16.5530212080331;
3;41.6101289339478 * MaxTenuringThreshold + -0.915713631141975 * DisableExplicitGC + 0.584519596954223 * NewRatio_16 + 137.246641733327 * NewRatio_16 * UseAdaptiveSizePolicy;30.6282112273613;30.6282112273613;30.6282112273613;30.6282112273613;6.956838;5;137.246641733327 * NewRatio_16 * UseAdaptiveSizePolicy;2;9.03764765718227;
4;29.6016300762805 * MaxTenuringThreshold + -0.982144756674193 * DisableExplicitGC + 12.593018454623 * NewRatio_16 + 113.273833526207 * NewRatio_16 * UseAdaptiveSizePolicy + 23.9728082071174 * UseAdaptiveSizePolicy;24.7108839604324;24.7108839604324;24.7108839604324;24.7108839604324;12.221133;6;23.9728082071174 * UseAdaptiveSizePolicy;1;5.9173272669289;
5;28.7654176693591 * MaxTenuringThreshold + 2.54935942612859 * DisableExplicitGC + 13.4292308615445 * NewRatio_16 + 121.873273399388 * NewRatio_16 * UseAdaptiveSizePolicy + 15.3733683339352 * UseAdaptiveSizePolicy + 85.2074203448092 * UseAdaptiveSizePolicy * NewRatio_8;16.7380257232057;16.7380257232057;16.7380257232057;16.7380257232057;21.414542;8;85.2074203448092 * UseAdaptiveSizePolicy * NewRatio_8;2;3.98642911861335;
6;31.5942692382687 * MaxTenuringThreshold + 3.11992978776257 * DisableExplicitGC + 13.2575835214397 * NewRatio_16 + 121.871357725271 * NewRatio_16 * UseAdaptiveSizePolicy + 15.3671333778895 * UseAdaptiveSizePolicy + 85.4798350771174 * UseAdaptiveSizePolicy * NewRatio_8 + -5.33061092242296 * UseAdaptiveGCBoundary;14.5328906192018;14.5328906192018;14.5328906192018;14.5328906192018;32.368352;9;-5.33061092242296 * UseAdaptiveGCBoundary;1;2.20513510400388;
7;30.9113025958244 * MaxTenuringThreshold + 5.20176329994884 * DisableExplicitGC + 13.7701990545653 * NewRatio_16 + 127.246098072974 * NewRatio_16 * UseAdaptiveSizePolicy + 9.99291556017642 * UseAdaptiveSizePolicy + 91.147354148554 * UseAdaptiveSizePolicy * NewRatio_8 + -4.98886997751242 * UseAdaptiveGCBoundary + 20.7582990279796 * UseAdaptiveSizePolicy * NewRatio_4;12.4546235814844;12.4546235814844;12.4546235814844;12.4546235814844;48.319659;11;20.7582990279796 * UseAdaptiveSizePolicy * NewRatio_4;2;1.03913351885871;
8;32.2557253905653 * MaxTenuringThreshold + 4.72699482556954 * DisableExplicitGC + 14.0860293072472 * NewRatio_16 + 127.510880389217 * NewRatio_16 * UseAdaptiveSizePolicy + 9.73273997764132 * UseAdaptiveSizePolicy + 90.1940636263295 * UseAdaptiveSizePolicy * NewRatio_8 + -5.13811436798671 * UseAdaptiveGCBoundary + 22.2536741918202 * UseAdaptiveSizePolicy * NewRatio_4 + -7.24648850782998 * SurvivorRatio_6;11.225014373311;11.225014373311;11.225014373311;11.225014373311;68.38621;12;-7.24648850782998 * SurvivorRatio_6;1;1.22960920817335;
9;32.2201109600944 * MaxTenuringThreshold + 5.66417103813827 * DisableExplicitGC + 14.0329943053096 * NewRatio_16 + 127.490901341746 * NewRatio_16 * UseAdaptiveSizePolicy + 9.753202493328 * UseAdaptiveSizePolicy + 89.9786767469349 * UseAdaptiveSizePolicy * NewRatio_8 + -4.89088736094789 * UseAdaptiveGCBoundary + 22.108725133835 * UseAdaptiveSizePolicy * NewRatio_4 + -7.40453803410804 * SurvivorRatio_6 + -14.1285098574946 * NewRatio_1;10.675393741612;10.675393741612;10.675393741612;10.675393741612;92.504977;13;-14.1285098574946 * NewRatio_1;1;0.549620631699026;
10;31.5303937879495 * MaxTenuringThreshold + 5.70558622331146 * DisableExplicitGC + 13.7909879279008 * NewRatio_16 + 128.210009874968 * NewRatio_16 * UseAdaptiveSizePolicy + 10.9480486549731 * UseAdaptiveSizePolicy + 89.4597778115379 * UseAdaptiveSizePolicy * NewRatio_8 + -4.87389353975136 * UseAdaptiveGCBoundary + 23.1228469409095 * UseAdaptiveSizePolicy * NewRatio_4 + -3.18578718512671 * SurvivorRatio_6 + -14.0563065538421 * NewRatio_1 + -8.73183152283305 * SurvivorRatio_6 * UseAdaptiveSizePolicy;9.8205625249184;9.8205625249184;9.8205625249184;9.8205625249184;119.973417;15;-8.73183152283305 * SurvivorRatio_6 * UseAdaptiveSizePolicy;2;0.427415608346802;
Elapsed=00:02:00.0373691
average model: 
command: analyze-learning
Round, Model, LearningError, LearningErrorRel, ValidationError, ValidationErrorRel, ElapsedSeconds, ModelComplexity, BestCandidate, BestCandidateSize, BestCandidateScore, TestError
Models:
Termination reason: abortError
1;57.6698841032898 * MaxTenuringThreshold + -16.9754688004839 * DisableExplicitGC;65.2565277497589;65.2565277497589;65.2565277497589;65.2565277497589;0.98082;2;-16.9754688004839 * DisableExplicitGC;1;1.79769313486232E+308;60.7961636140816
2;41.6101289339477 * MaxTenuringThreshold + -0.915713631140343 * DisableExplicitGC + 69.1033909645801 * NewRatio_16;48.7035065417258;48.7035065417258;48.7035065417258;48.7035065417258;3.349802;3;69.1033909645801 * NewRatio_16;1;16.5530212080331;57.7692132546157
3;41.6101289339478 * MaxTenuringThreshold + -0.915713631141975 * DisableExplicitGC + 0.584519596954223 * NewRatio_16 + 137.246641733327 * NewRatio_16 * UseAdaptiveSizePolicy;30.6282112273613;30.6282112273613;30.6282112273613;30.6282112273613;6.956838;5;137.246641733327 * NewRatio_16 * UseAdaptiveSizePolicy;2;9.03764765718227;41.4836904805269
4;29.6016300762805 * MaxTenuringThreshold + -0.982144756674193 * DisableExplicitGC + 12.593018454623 * NewRatio_16 + 113.273833526207 * NewRatio_16 * UseAdaptiveSizePolicy + 23.9728082071174 * UseAdaptiveSizePolicy;24.7108839604324;24.7108839604324;24.7108839604324;24.7108839604324;12.221133;6;23.9728082071174 * UseAdaptiveSizePolicy;1;5.9173272669289;38.1298729080295
5;28.7654176693591 * MaxTenuringThreshold + 2.54935942612859 * DisableExplicitGC + 13.4292308615445 * NewRatio_16 + 121.873273399388 * NewRatio_16 * UseAdaptiveSizePolicy + 15.3733683339352 * UseAdaptiveSizePolicy + 85.2074203448092 * UseAdaptiveSizePolicy * NewRatio_8;16.7380257232057;16.7380257232057;16.7380257232057;16.7380257232057;21.414542;8;85.2074203448092 * UseAdaptiveSizePolicy * NewRatio_8;2;3.98642911861335;30.7166867512338
6;31.5942692382687 * MaxTenuringThreshold + 3.11992978776257 * DisableExplicitGC + 13.2575835214397 * NewRatio_16 + 121.871357725271 * NewRatio_16 * UseAdaptiveSizePolicy + 15.3671333778895 * UseAdaptiveSizePolicy + 85.4798350771174 * UseAdaptiveSizePolicy * NewRatio_8 + -5.33061092242296 * UseAdaptiveGCBoundary;14.5328906192018;14.5328906192018;14.5328906192018;14.5328906192018;32.368352;9;-5.33061092242296 * UseAdaptiveGCBoundary;1;2.20513510400388;29.5695460381212
7;30.9113025958244 * MaxTenuringThreshold + 5.20176329994884 * DisableExplicitGC + 13.7701990545653 * NewRatio_16 + 127.246098072974 * NewRatio_16 * UseAdaptiveSizePolicy + 9.99291556017642 * UseAdaptiveSizePolicy + 91.147354148554 * UseAdaptiveSizePolicy * NewRatio_8 + -4.98886997751242 * UseAdaptiveGCBoundary + 20.7582990279796 * UseAdaptiveSizePolicy * NewRatio_4;12.4546235814844;12.4546235814844;12.4546235814844;12.4546235814844;48.319659;11;20.7582990279796 * UseAdaptiveSizePolicy * NewRatio_4;2;1.03913351885871;26.5762330489633
8;32.2557253905653 * MaxTenuringThreshold + 4.72699482556954 * DisableExplicitGC + 14.0860293072472 * NewRatio_16 + 127.510880389217 * NewRatio_16 * UseAdaptiveSizePolicy + 9.73273997764132 * UseAdaptiveSizePolicy + 90.1940636263295 * UseAdaptiveSizePolicy * NewRatio_8 + -5.13811436798671 * UseAdaptiveGCBoundary + 22.2536741918202 * UseAdaptiveSizePolicy * NewRatio_4 + -7.24648850782998 * SurvivorRatio_6;11.225014373311;11.225014373311;11.225014373311;11.225014373311;68.38621;12;-7.24648850782998 * SurvivorRatio_6;1;1.22960920817335;26.3171378665689
9;32.2201109600944 * MaxTenuringThreshold + 5.66417103813827 * DisableExplicitGC + 14.0329943053096 * NewRatio_16 + 127.490901341746 * NewRatio_16 * UseAdaptiveSizePolicy + 9.753202493328 * UseAdaptiveSizePolicy + 89.9786767469349 * UseAdaptiveSizePolicy * NewRatio_8 + -4.89088736094789 * UseAdaptiveGCBoundary + 22.108725133835 * UseAdaptiveSizePolicy * NewRatio_4 + -7.40453803410804 * SurvivorRatio_6 + -14.1285098574946 * NewRatio_1;10.675393741612;10.675393741612;10.675393741612;10.675393741612;92.504977;13;-14.1285098574946 * NewRatio_1;1;0.549620631699026;23.6084852424664
10;31.5303937879495 * MaxTenuringThreshold + 5.70558622331146 * DisableExplicitGC + 13.7909879279008 * NewRatio_16 + 128.210009874968 * NewRatio_16 * UseAdaptiveSizePolicy + 10.9480486549731 * UseAdaptiveSizePolicy + 89.4597778115379 * UseAdaptiveSizePolicy * NewRatio_8 + -4.87389353975136 * UseAdaptiveGCBoundary + 23.1228469409095 * UseAdaptiveSizePolicy * NewRatio_4 + -3.18578718512671 * SurvivorRatio_6 + -14.0563065538421 * NewRatio_1 + -8.73183152283305 * SurvivorRatio_6 * UseAdaptiveSizePolicy;9.8205625249184;9.8205625249184;9.8205625249184;9.8205625249184;119.973417;15;-8.73183152283305 * SurvivorRatio_6 * UseAdaptiveSizePolicy;2;0.427415608346802;23.4010011583939
Analyze finished
command: measurementstocsv /scratch/kaltenec/Distribution-Aware-Sampling/Results_test/JavaGC_disc/JavaGC_disc_82/sampledConfigurations_semi_2.csv
command: clean-sampling
command: clean-global
