Current machine learning settings: epsilon:0 lossFunction:RELATIVE parallelization:True bagging:False baggingNumbers:3 considerEpsilonTube:False baggingTestDataFraction:50 useBackward:False abortError:1 limitFeatureSize:False featureSizeTreshold:4 quadraticFunctionSupport:True crossValidation:False crossValidation-k:5 learn-logFunction:False learn-accumulatedLogFunction:False learn-asymFunction:False learn-ratioFunction:False learn-mirrowedFunction:False numberOfRounds:70 backwardErrorDelta:1 minImprovementPerRound:0.1 withHierarchy:False bruteForceCandidates:False ignoreBadFeatures:False stopOnLongRound:True candidateSizePenalty:True learnTimeLimit:00:00:00 scoreMeasure:RELERROR outputRoundsToStdout:False blacklisted: 
command: mlsettings bagging:False stopOnLongRound:False parallelization:True lossFunction:RELATIVE useBackward:False abortError:10 limitFeatureSize:False featureSizeTreshold:7 quadraticFunctionSupport:True crossValidation:False learn_logFunction:True numberOfRounds:70 backwardErrorDelta:1 minImprovementPerRound:0.25 withHierarchy:False
Current machine learning settings: epsilon:0 lossFunction:RELATIVE parallelization:True bagging:False baggingNumbers:3 considerEpsilonTube:False baggingTestDataFraction:50 useBackward:False abortError:10 limitFeatureSize:False featureSizeTreshold:7 quadraticFunctionSupport:True crossValidation:False crossValidation-k:5 learn-logFunction:True learn-accumulatedLogFunction:False learn-asymFunction:False learn-ratioFunction:False learn-mirrowedFunction:False numberOfRounds:70 backwardErrorDelta:1 minImprovementPerRound:0.25 withHierarchy:False bruteForceCandidates:False ignoreBadFeatures:False stopOnLongRound:False candidateSizePenalty:True learnTimeLimit:00:00:00 scoreMeasure:RELERROR outputRoundsToStdout:False blacklisted: 
command: solver z3
command: vm /scratch/kaltenec/Distribution-Aware-Sampling/DistOut/ConstraintData/7z_disc/FeatureModel.xml
command: all /scratch/kaltenec/Distribution-Aware-Sampling/DistOut/ConstraintData/7z_disc/measurements.xml
Configs with too large deviation: 0
68640 configurations loaded.
command: nfp Performance
command: hybrid distribution-aware distance-metric:manhattan distribution:uniform onlyBinary:true selection:SolverSelection optimization:local numConfigs:600 seed:91
command: learn-splconqueror
Learning: NumberOfConfigurationsLearning:600 NumberOfConfigurationsValidation:600
Learning progress:
1;11195.4228855722 * CompressionMethod + 2762.2538821046 * Deflate;182.219322670517;182.219322670517;182.219322670517;182.219322670517;0.116417;2;2762.2538821046 * Deflate;1;1.79769313486232E+308;
2;6236.27195912668 * CompressionMethod + 3738.23063785864 * Deflate + 21907.4579388032 * x_10;110.192647187087;110.192647187087;110.192647187087;110.192647187087;0.402097;3;21907.4579388032 * x_10;1;72.0266754834299;
3;3986.73977303477 * CompressionMethod + 4086.92893852386 * Deflate + 24058.1465121081 * x_10 + 11071.8637287219 * x_8;80.8463504506101;80.8463504506101;80.8463504506101;80.8463504506101;0.894765;4;11071.8637287219 * x_8;1;29.3462967364774;
4;2475.10131732057 * CompressionMethod + 3602.17257207393 * Deflate + 25707.1962213041 * x_10 + 12727.3309964597 * x_8 + 5494.76922695365 * x_6;71.3812500410046;71.3812500410046;71.3812500410046;71.3812500410046;1.697313;5;5494.76922695365 * x_6;1;9.46510040960553;
5;3878.46384723601 * CompressionMethod + -933.084384360121 * Deflate + 19090.4372516651 * x_10 + 12669.5941569148 * x_8 + 6145.83933542287 * x_6 + 22926.9610632368 * x_10 * Deflate;45.9735324421692;45.9735324421692;45.9735324421692;45.9735324421692;3.382048;7;22926.9610632368 * x_10 * Deflate;2;12.7038587994177;
6;4119.90966949151 * CompressionMethod + -1713.36661482014 * Deflate + 18848.9914294097 * x_10 + 12659.6606447958 * x_8 + 7797.90920252367 * x_6 + 23707.2432936968 * x_10 * Deflate + -9009.31887201512 * x_6 * PPMd;37.1770871968621;37.1770871968621;37.1770871968621;37.1770871968621;5.599621;9;-9009.31887201512 * x_6 * PPMd;2;4.39822262265356;
7;4364.36470820663 * CompressionMethod + -2503.37375213098 * Deflate + 18604.5363906945 * x_10 + 15565.5098172517 * x_8 + 7985.10754811244 * x_6 + 24497.2504310076 * x_10 * Deflate + -9440.97225631901 * x_6 * PPMd + -13267.3745254584 * x_8 * PPMd;31.1153103197101;31.1153103197101;31.1153103197101;31.1153103197101;8.21797;11;-13267.3745254584 * x_8 * PPMd;2;3.03088843857596;
8;4364.36470820661 * CompressionMethod + -2503.37375213098 * Deflate + 11856.9173430755 * x_10 + 15565.5098172517 * x_8 + 7985.10754811244 * x_6 + 31244.8694786267 * x_10 * Deflate + -9440.97225631908 * x_6 * PPMd + -13267.3745254583 * x_8 * PPMd + 47233.3333333333 * x_10 * BZip2;25.7838675780495;25.7838675780495;25.7838675780495;25.7838675780495;11.371717;13;47233.3333333333 * x_10 * BZip2;2;2.6657213708303;
9;3952.705139102 * CompressionMethod + -2104.40866148186 * Deflate + 12268.5769121802 * x_10 + 15623.7566536987 * x_8 + 7994.23662218244 * x_6 + 30845.9043879774 * x_10 * Deflate + -9038.44176128435 * x_6 * PPMd + -12913.9617928007 * x_8 * PPMd + 46039.9794524035 * x_10 * BZip2 + 1193.35388092965 * BZip2;22.0969271713684;22.0969271713684;22.0969271713684;22.0969271713684;14.594505;14;1193.35388092965 * BZip2;1;3.68694040668117;
10;3541.71044233812 * CompressionMethod + -1265.68948165485 * Deflate + 12679.5716089439 * x_10 + 15609.8019214354 * x_8 + 6693.96136774636 * x_6 + 30007.1852081509 * x_10 * Deflate + -7327.17181008445 * x_6 * PPMd + -12489.0123637735 * x_8 * PPMd + 45412.8134852697 * x_10 * BZip2 + 1820.51984806387 * BZip2 + 6596.09289579797 * x_6 * LZMA2;18.6995478359963;18.6995478359963;18.6995478359963;18.6995478359963;18.683697;16;6596.09289579797 * x_6 * LZMA2;2;1.69868966768603;
11;3541.71044233818 * CompressionMethod + -1265.6894816549 * Deflate + 14449.2126345849 * x_10 + 15609.8019214354 * x_8 + 6693.9613677462 * x_6 + 28237.5441825097 * x_10 * Deflate + -7327.17181008441 * x_6 * PPMd + -12489.0123637735 * x_8 * PPMd + 43643.1724596287 * x_10 * BZip2 + 1820.51984806388 * BZip2 + 6596.09289579801 * x_6 * LZMA2 + -10617.8461538463 * x_10 * PPMd;15.7400707224556;15.7400707224556;15.7400707224556;15.7400707224556;23.6872;18;-10617.8461538463 * x_10 * PPMd;2;1.47973855677036;
12;3418.59727168534 * CompressionMethod + -1622.38273509916 * Deflate + 14572.3258052377 * x_10 + 15705.1597879259 * x_8 + 8111.96095847244 * x_6 + 28594.2374359541 * x_10 * Deflate + -8622.05823015787 * x_6 * PPMd + -12461.2570596112 * x_8 * PPMd + 42676.3937564189 * x_10 * BZip2 + 2787.29855127376 * BZip2 + 5301.20647572454 * x_6 * LZMA2 + -10617.8461538462 * x_10 * PPMd + -6612.52344809809 * x_6 * BZip2;13.0612445225591;13.0612445225591;13.0612445225591;13.0612445225591;28.924689;20;-6612.52344809809 * x_6 * BZip2;2;1.33941309994827;
13;3953.37403123595 * CompressionMethod + -2047.04108714022 * Deflate + 14037.5490456871 * x_10 + 15414.5009814833 * x_8 + 7923.44408597071 * x_6 + 29018.8957879951 * x_10 * Deflate + -7425.35224923603 * x_6 * PPMd + -11162.4091447484 * x_8 * PPMd + 43165.277020215 * x_10 * BZip2 + 2298.41528747727 * BZip2 + 4954.94658867575 * x_6 * LZMA2 + -9074.88028587566 * x_10 * PPMd + -6469.90007135063 * x_6 * BZip2 + -1542.96586797064 * PPMd;11.586737025136;11.586737025136;11.586737025136;11.586737025136;35.268788;21;-1542.96586797064 * PPMd;1;1.47450749742306;
14;3251.57513068007 * CompressionMethod + -735.457610641969 * Deflate + 14739.3479462429 * x_10 + 15501.2292709574 * x_8 + 6015.39191392423 * x_6 + 27707.3123114967 * x_10 * Deflate + -5517.30007718957 * x_6 * PPMd + -11249.1374342227 * x_8 * PPMd + 42477.1720601025 * x_10 * BZip2 + 2986.52024758978 * BZip2 + 7564.797661278 * x_6 * LZMA2 + -9776.67918643137 * x_10 * PPMd + -4548.15395886059 * x_6 * BZip2 + -841.166967414703 * PPMd + 8343.86628872913 * x_6 * LZMA;10.7225064861196;10.7225064861196;10.7225064861196;10.7225064861196;43.598339;23;8343.86628872913 * x_6 * LZMA;2;0.432115269508197;
15;3597.05458290429 * CompressionMethod + -1511.56677802617 * Deflate + 14393.8684940188 * x_10 + 14400.0135169927 * x_8 + 6446.02162908423 * x_6 + 28483.4214788809 * x_10 * Deflate + -5947.92979234961 * x_6 * PPMd + -10147.9216802582 * x_8 * PPMd + 42648.7753406482 * x_10 * BZip2 + 2814.9169670442 * BZip2 + 6788.68849389374 * x_6 * LZMA2 + -9431.1997342072 * x_10 * PPMd + -5152.65984569943 * x_6 * BZip2 + -1186.64641963895 * PPMd + 7567.75712134492 * x_6 * LZMA + 2839.68386331441 * x_8 * Deflate;9.1053536571374;9.1053536571374;9.1053536571374;9.1053536571374;52.60426;25;2839.68386331441 * x_8 * Deflate;2;0.808576414491108;
Elapsed=00:00:52.6118403
average model: 
command: analyze-learning
Round, Model, LearningError, LearningErrorRel, ValidationError, ValidationErrorRel, ElapsedSeconds, ModelComplexity, BestCandidate, BestCandidateSize, BestCandidateScore, TestError
Models:
Termination reason: abortError
1;11195.4228855722 * CompressionMethod + 2762.2538821046 * Deflate;182.219322670517;182.219322670517;182.219322670517;182.219322670517;0.116417;2;2762.2538821046 * Deflate;1;1.79769313486232E+308;191.405921901354
2;6236.27195912668 * CompressionMethod + 3738.23063785864 * Deflate + 21907.4579388032 * x_10;110.192647187087;110.192647187087;110.192647187087;110.192647187087;0.402097;3;21907.4579388032 * x_10;1;72.0266754834299;112.283898997635
3;3986.73977303477 * CompressionMethod + 4086.92893852386 * Deflate + 24058.1465121081 * x_10 + 11071.8637287219 * x_8;80.8463504506101;80.8463504506101;80.8463504506101;80.8463504506101;0.894765;4;11071.8637287219 * x_8;1;29.3462967364774;78.2138133554435
4;2475.10131732057 * CompressionMethod + 3602.17257207393 * Deflate + 25707.1962213041 * x_10 + 12727.3309964597 * x_8 + 5494.76922695365 * x_6;71.3812500410046;71.3812500410046;71.3812500410046;71.3812500410046;1.697313;5;5494.76922695365 * x_6;1;9.46510040960553;68.8530376476997
5;3878.46384723601 * CompressionMethod + -933.084384360121 * Deflate + 19090.4372516651 * x_10 + 12669.5941569148 * x_8 + 6145.83933542287 * x_6 + 22926.9610632368 * x_10 * Deflate;45.9735324421692;45.9735324421692;45.9735324421692;45.9735324421692;3.382048;7;22926.9610632368 * x_10 * Deflate;2;12.7038587994177;51.7412284857395
6;4119.90966949151 * CompressionMethod + -1713.36661482014 * Deflate + 18848.9914294097 * x_10 + 12659.6606447958 * x_8 + 7797.90920252367 * x_6 + 23707.2432936968 * x_10 * Deflate + -9009.31887201512 * x_6 * PPMd;37.1770871968621;37.1770871968621;37.1770871968621;37.1770871968621;5.599621;9;-9009.31887201512 * x_6 * PPMd;2;4.39822262265356;42.8264850441381
7;4364.36470820663 * CompressionMethod + -2503.37375213098 * Deflate + 18604.5363906945 * x_10 + 15565.5098172517 * x_8 + 7985.10754811244 * x_6 + 24497.2504310076 * x_10 * Deflate + -9440.97225631901 * x_6 * PPMd + -13267.3745254584 * x_8 * PPMd;31.1153103197101;31.1153103197101;31.1153103197101;31.1153103197101;8.21797;11;-13267.3745254584 * x_8 * PPMd;2;3.03088843857596;37.3320699299979
8;4364.36470820661 * CompressionMethod + -2503.37375213098 * Deflate + 11856.9173430755 * x_10 + 15565.5098172517 * x_8 + 7985.10754811244 * x_6 + 31244.8694786267 * x_10 * Deflate + -9440.97225631908 * x_6 * PPMd + -13267.3745254583 * x_8 * PPMd + 47233.3333333333 * x_10 * BZip2;25.7838675780495;25.7838675780495;25.7838675780495;25.7838675780495;11.371717;13;47233.3333333333 * x_10 * BZip2;2;2.6657213708303;31.3332293867997
9;3952.705139102 * CompressionMethod + -2104.40866148186 * Deflate + 12268.5769121802 * x_10 + 15623.7566536987 * x_8 + 7994.23662218244 * x_6 + 30845.9043879774 * x_10 * Deflate + -9038.44176128435 * x_6 * PPMd + -12913.9617928007 * x_8 * PPMd + 46039.9794524035 * x_10 * BZip2 + 1193.35388092965 * BZip2;22.0969271713684;22.0969271713684;22.0969271713684;22.0969271713684;14.594505;14;1193.35388092965 * BZip2;1;3.68694040668117;26.352462074533
10;3541.71044233812 * CompressionMethod + -1265.68948165485 * Deflate + 12679.5716089439 * x_10 + 15609.8019214354 * x_8 + 6693.96136774636 * x_6 + 30007.1852081509 * x_10 * Deflate + -7327.17181008445 * x_6 * PPMd + -12489.0123637735 * x_8 * PPMd + 45412.8134852697 * x_10 * BZip2 + 1820.51984806387 * BZip2 + 6596.09289579797 * x_6 * LZMA2;18.6995478359963;18.6995478359963;18.6995478359963;18.6995478359963;18.683697;16;6596.09289579797 * x_6 * LZMA2;2;1.69868966768603;22.1890101728529
11;3541.71044233818 * CompressionMethod + -1265.6894816549 * Deflate + 14449.2126345849 * x_10 + 15609.8019214354 * x_8 + 6693.9613677462 * x_6 + 28237.5441825097 * x_10 * Deflate + -7327.17181008441 * x_6 * PPMd + -12489.0123637735 * x_8 * PPMd + 43643.1724596287 * x_10 * BZip2 + 1820.51984806388 * BZip2 + 6596.09289579801 * x_6 * LZMA2 + -10617.8461538463 * x_10 * PPMd;15.7400707224556;15.7400707224556;15.7400707224556;15.7400707224556;23.6872;18;-10617.8461538463 * x_10 * PPMd;2;1.47973855677036;18.4719889607389
12;3418.59727168534 * CompressionMethod + -1622.38273509916 * Deflate + 14572.3258052377 * x_10 + 15705.1597879259 * x_8 + 8111.96095847244 * x_6 + 28594.2374359541 * x_10 * Deflate + -8622.05823015787 * x_6 * PPMd + -12461.2570596112 * x_8 * PPMd + 42676.3937564189 * x_10 * BZip2 + 2787.29855127376 * BZip2 + 5301.20647572454 * x_6 * LZMA2 + -10617.8461538462 * x_10 * PPMd + -6612.52344809809 * x_6 * BZip2;13.0612445225591;13.0612445225591;13.0612445225591;13.0612445225591;28.924689;20;-6612.52344809809 * x_6 * BZip2;2;1.33941309994827;14.0816117488077
13;3953.37403123595 * CompressionMethod + -2047.04108714022 * Deflate + 14037.5490456871 * x_10 + 15414.5009814833 * x_8 + 7923.44408597071 * x_6 + 29018.8957879951 * x_10 * Deflate + -7425.35224923603 * x_6 * PPMd + -11162.4091447484 * x_8 * PPMd + 43165.277020215 * x_10 * BZip2 + 2298.41528747727 * BZip2 + 4954.94658867575 * x_6 * LZMA2 + -9074.88028587566 * x_10 * PPMd + -6469.90007135063 * x_6 * BZip2 + -1542.96586797064 * PPMd;11.586737025136;11.586737025136;11.586737025136;11.586737025136;35.268788;21;-1542.96586797064 * PPMd;1;1.47450749742306;12.5047879652343
14;3251.57513068007 * CompressionMethod + -735.457610641969 * Deflate + 14739.3479462429 * x_10 + 15501.2292709574 * x_8 + 6015.39191392423 * x_6 + 27707.3123114967 * x_10 * Deflate + -5517.30007718957 * x_6 * PPMd + -11249.1374342227 * x_8 * PPMd + 42477.1720601025 * x_10 * BZip2 + 2986.52024758978 * BZip2 + 7564.797661278 * x_6 * LZMA2 + -9776.67918643137 * x_10 * PPMd + -4548.15395886059 * x_6 * BZip2 + -841.166967414703 * PPMd + 8343.86628872913 * x_6 * LZMA;10.7225064861196;10.7225064861196;10.7225064861196;10.7225064861196;43.598339;23;8343.86628872913 * x_6 * LZMA;2;0.432115269508197;10.9908918874854
15;3597.05458290429 * CompressionMethod + -1511.56677802617 * Deflate + 14393.8684940188 * x_10 + 14400.0135169927 * x_8 + 6446.02162908423 * x_6 + 28483.4214788809 * x_10 * Deflate + -5947.92979234961 * x_6 * PPMd + -10147.9216802582 * x_8 * PPMd + 42648.7753406482 * x_10 * BZip2 + 2814.9169670442 * BZip2 + 6788.68849389374 * x_6 * LZMA2 + -9431.1997342072 * x_10 * PPMd + -5152.65984569943 * x_6 * BZip2 + -1186.64641963895 * PPMd + 7567.75712134492 * x_6 * LZMA + 2839.68386331441 * x_8 * Deflate;9.1053536571374;9.1053536571374;9.1053536571374;9.1053536571374;52.60426;25;2839.68386331441 * x_8 * Deflate;2;0.808576414491108;9.59187662998807
Analyze finished
command: printconfigs /scratch/kaltenec/Distribution-Aware-Sampling/Results_newTry/7z_disc/7z_disc_91/sampledConfigurations_local_1.csv
command: clean-sampling
command: clean-global
command: script /scratch/kaltenec/Distribution-Aware-Sampling/Results_newTry/7z_disc/7z_disc_91/learn_local_2.a
command: log /scratch/kaltenec/Distribution-Aware-Sampling/Results_newTry/7z_disc/7z_disc_91/out_local_2.log
