Current machine learning settings: epsilon:0 lossFunction:RELATIVE parallelization:True bagging:False baggingNumbers:3 considerEpsilonTube:False baggingTestDataFraction:50 useBackward:False abortError:1 limitFeatureSize:False featureSizeTreshold:4 quadraticFunctionSupport:True crossValidation:False crossValidation-k:5 learn-logFunction:False learn-accumulatedLogFunction:False learn-asymFunction:False learn-ratioFunction:False learn-mirrowedFunction:False numberOfRounds:70 backwardErrorDelta:1 minImprovementPerRound:0.1 withHierarchy:False bruteForceCandidates:False ignoreBadFeatures:False stopOnLongRound:True candidateSizePenalty:True learnTimeLimit:00:00:00 scoreMeasure:RELERROR outputRoundsToStdout:False blacklisted: 
command: mlsettings bagging:False stopOnLongRound:False parallelization:True lossFunction:RELATIVE useBackward:False abortError:10 limitFeatureSize:False featureSizeTreshold:7 quadraticFunctionSupport:True crossValidation:False learn_logFunction:True numberOfRounds:70 backwardErrorDelta:1 minImprovementPerRound:0.25 withHierarchy:False
Current machine learning settings: epsilon:0 lossFunction:RELATIVE parallelization:True bagging:False baggingNumbers:3 considerEpsilonTube:False baggingTestDataFraction:50 useBackward:False abortError:10 limitFeatureSize:False featureSizeTreshold:7 quadraticFunctionSupport:True crossValidation:False crossValidation-k:5 learn-logFunction:True learn-accumulatedLogFunction:False learn-asymFunction:False learn-ratioFunction:False learn-mirrowedFunction:False numberOfRounds:70 backwardErrorDelta:1 minImprovementPerRound:0.25 withHierarchy:False bruteForceCandidates:False ignoreBadFeatures:False stopOnLongRound:False candidateSizePenalty:True learnTimeLimit:00:00:00 scoreMeasure:RELERROR outputRoundsToStdout:False blacklisted: 
command: solver z3
command: vm /scratch/kaltenec/Distribution-Aware-Sampling/DistOut/ConstraintData/7z_disc/FeatureModel.xml
command: all /scratch/kaltenec/Distribution-Aware-Sampling/DistOut/ConstraintData/7z_disc/measurements.xml
Configs with too large deviation: 0
68640 configurations loaded.
command: nfp Performance
command: binary satoutput numConfigs:600 seed:70
command: learn-splconqueror
Learning: NumberOfConfigurationsLearning:600 NumberOfConfigurationsValidation:600
Learning progress:
1;9909.12313432842 * CompressionMethod + 5197.59561567174 * Deflate;136.141603537765;136.141603537765;136.141603537765;136.141603537765;0.101749;2;5197.59561567174 * Deflate;1;1.79769313486232E+308;
2;3428.0256328305 * CompressionMethod + 2169.92962957043 * Deflate + 12678.3513167988 * x_8;37.901529015201;37.901529015201;37.901529015201;37.901529015201;0.324184;3;12678.3513167988 * x_8;1;98.240074522564;
3;3550.76799485868 * CompressionMethod + 37.2810893315927 * Deflate + 15358.2262210797 * x_8 + -12501.1817159383 * x_8 * PPMd;17.3783727153201;17.3783727153201;17.3783727153201;17.3783727153201;0.80301;5;-12501.1817159383 * x_8 * PPMd;2;10.2615781499405;
4;3303.43468989449 * CompressionMethod + 521.390789901734 * Deflate + 15042.5243602718 * x_8 + -11938.1465501663 * x_8 * PPMd + 1906.65323659106 * BZip2;14.1164777456019;14.1164777456019;14.1164777456019;14.1164777456019;1.611109;6;1906.65323659106 * BZip2;1;3.26189496971819;
5;3617.25155907153 * CompressionMethod + 399.188867796523 * Deflate + 14787.037764176 * x_8 + -10735.631514176 * x_8 * PPMd + 1763.16076481113 * BZip2 + -1260.84530907149 * PPMd;12.1597669196088;12.1597669196088;12.1597669196088;12.1597669196088;2.78086;7;-1260.84530907149 * PPMd;1;1.95671082599314;
6;3331.211083376 * CompressionMethod + 510.574517718802 * Deflate + 15019.910865207 * x_8 + -10968.5046152069 * x_8 * PPMd + 1893.95250648605 * BZip2 + -974.80483337601 * PPMd + 13811.2889166242 * x_6;10.5312293371237;10.5312293371237;10.5312293371237;10.5312293371237;4.330269;8;13811.2889166242 * x_6;1;1.62853758248507;
7;3484.19596770639 * CompressionMethod + -1621.69596770637 * Deflate + 14697.1756297701 * x_8 + -10645.7693797702 * x_8 * PPMd + 1956.12444578027 * BZip2 + -1127.78971770625 * PPMd + 13658.3040322935 * x_6 + 2961.78270356319 * Deflate * Files_30;8.05679452731251;8.05679452731251;8.05679452731251;8.05679452731251;6.587084;10;2961.78270356319 * Deflate * Files_30;2;1.23721740490561;
Elapsed=00:00:06.5935384
average model: 
command: analyze-learning
Round, Model, LearningError, LearningErrorRel, ValidationError, ValidationErrorRel, ElapsedSeconds, ModelComplexity, BestCandidate, BestCandidateSize, BestCandidateScore, TestError
Models:
Termination reason: abortError
1;9909.12313432842 * CompressionMethod + 5197.59561567174 * Deflate;136.141603537765;136.141603537765;136.141603537765;136.141603537765;0.101749;2;5197.59561567174 * Deflate;1;1.79769313486232E+308;180.361076614345
2;3428.0256328305 * CompressionMethod + 2169.92962957043 * Deflate + 12678.3513167988 * x_8;37.901529015201;37.901529015201;37.901529015201;37.901529015201;0.324184;3;12678.3513167988 * x_8;1;98.240074522564;60.197672339874
3;3550.76799485868 * CompressionMethod + 37.2810893315927 * Deflate + 15358.2262210797 * x_8 + -12501.1817159383 * x_8 * PPMd;17.3783727153201;17.3783727153201;17.3783727153201;17.3783727153201;0.80301;5;-12501.1817159383 * x_8 * PPMd;2;10.2615781499405;45.6597001797314
4;3303.43468989449 * CompressionMethod + 521.390789901734 * Deflate + 15042.5243602718 * x_8 + -11938.1465501663 * x_8 * PPMd + 1906.65323659106 * BZip2;14.1164777456019;14.1164777456019;14.1164777456019;14.1164777456019;1.611109;6;1906.65323659106 * BZip2;1;3.26189496971819;41.6699906628354
5;3617.25155907153 * CompressionMethod + 399.188867796523 * Deflate + 14787.037764176 * x_8 + -10735.631514176 * x_8 * PPMd + 1763.16076481113 * BZip2 + -1260.84530907149 * PPMd;12.1597669196088;12.1597669196088;12.1597669196088;12.1597669196088;2.78086;7;-1260.84530907149 * PPMd;1;1.95671082599314;39.4818546732183
6;3331.211083376 * CompressionMethod + 510.574517718802 * Deflate + 15019.910865207 * x_8 + -10968.5046152069 * x_8 * PPMd + 1893.95250648605 * BZip2 + -974.80483337601 * PPMd + 13811.2889166242 * x_6;10.5312293371237;10.5312293371237;10.5312293371237;10.5312293371237;4.330269;8;13811.2889166242 * x_6;1;1.62853758248507;56.7751220204647
7;3484.19596770639 * CompressionMethod + -1621.69596770637 * Deflate + 14697.1756297701 * x_8 + -10645.7693797702 * x_8 * PPMd + 1956.12444578027 * BZip2 + -1127.78971770625 * PPMd + 13658.3040322935 * x_6 + 2961.78270356319 * Deflate * Files_30;8.05679452731251;8.05679452731251;8.05679452731251;8.05679452731251;6.587084;10;2961.78270356319 * Deflate * Files_30;2;1.23721740490561;48.470170662648
Analyze finished
command: clean-sampling
command: clean-global
