Current machine learning settings: epsilon:0 lossFunction:RELATIVE parallelization:True bagging:False baggingNumbers:3 baggingTestDataFraction:50 useBackward:False abortError:1 limitFeatureSize:False featureSizeTreshold:4 quadraticFunctionSupport:True crossValidation:False crossValidation-k:5 learn-logFunction:False learn-accumulatedLogFunction:False learn-asymFunction:False learn-ratioFunction:False learn-mirrowedFunction:False numberOfRounds:70 backwardErrorDelta:1 minImprovementPerRound:0.1 withHierarchy:False bruteForceCandidates:False ignoreBadFeatures:False stopOnLongRound:True candidateSizePenalty:True learnTimeLimit:00:00:00 scoreMeasure:RELERROR outputRoundsToStdout:False blacklisted: 
command: mlsettings bagging:False stopOnLongRound:False parallelization:True lossFunction:RELATIVE useBackward:False abortError:10 limitFeatureSize:False featureSizeTreshold:7 quadraticFunctionSupport:True crossValidation:False learn_logFunction:True numberOfRounds:70 backwardErrorDelta:1 minImprovementPerRound:0.25 withHierarchy:False
Current machine learning settings: epsilon:0 lossFunction:RELATIVE parallelization:True bagging:False baggingNumbers:3 baggingTestDataFraction:50 useBackward:False abortError:10 limitFeatureSize:False featureSizeTreshold:7 quadraticFunctionSupport:True crossValidation:False crossValidation-k:5 learn-logFunction:True learn-accumulatedLogFunction:False learn-asymFunction:False learn-ratioFunction:False learn-mirrowedFunction:False numberOfRounds:70 backwardErrorDelta:1 minImprovementPerRound:0.25 withHierarchy:False bruteForceCandidates:False ignoreBadFeatures:False stopOnLongRound:False candidateSizePenalty:True learnTimeLimit:00:00:00 scoreMeasure:RELERROR outputRoundsToStdout:False blacklisted: 
command: solver z3
command: vm /scratch/kaltenec/Distribution-Aware-Sampling/DistOut/ConstraintData/VP9_disc/FeatureModel.xml
command: all /scratch/kaltenec/Distribution-Aware-Sampling/DistOut/ConstraintData/VP9_disc/measurements.xml
Configs with too large deviation: 0
216000 configurations loaded.
command: nfp Performance
command: hybrid distribution-aware distance-metric:manhattan distribution:uniform onlyBinary:true selection:SolverSelection number-weight-optimization:1-1 numConfigs:31 seed:8
command: learn-splconqueror
Learning: NumberOfConfigurationsLearning:31 NumberOfConfigurationsValidation:31
Learning progress:
1;10.6616666666667 * Quality + 10.3478070175439 * AutoAltRef;252.893826535449;252.893826535449;252.893826535449;252.893826535449;0.501924;2;10.3478070175439 * AutoAltRef;1;1.79769313486232E+308;
2;-3.78337016574585 * Quality + 13.3888674033149 * AutoAltRef + 43.3351104972376 * cpuUsed_0;132.546889714957;132.546889714957;132.546889714957;132.546889714957;0.552768;3;43.3351104972376 * cpuUsed_0;1;120.346936820493;
3;3.9985185185185 * Quality + 1.1601851851852 * AutoAltRef + 19.9894444444445 * cpuUsed_0 + 50.3043518518518 * cpuUsed_0 * FrameBoost;34.4791869087219;34.4791869087219;34.4791869087219;34.4791869087219;0.651214;5;50.3043518518518 * cpuUsed_0 * FrameBoost;2;49.0338514031174;
4;3.95275700934578 * Quality + 0.702570093457958 * AutoAltRef + 20.1267289719626 * cpuUsed_0 + 50.6704439252337 * cpuUsed_0 * FrameBoost + 1.48267289719628 * cpuUsed_2;30.5357350578936;30.5357350578936;30.5357350578936;30.5357350578936;0.806978;6;1.48267289719628 * cpuUsed_2;1;3.94345185082829;
5;3.13979288856306 * Quality + 0.203381598240474 * AutoAltRef + 21.0395307917889 * cpuUsed_0 + 49.5437041788856 * cpuUsed_0 * FrameBoost + 2.79482551319647 * cpuUsed_2 + 6.10436217008797 * Threads_8;29.1939289645362;29.1939289645362;29.1939289645362;29.1939289645362;1.002859;7;6.10436217008797 * Threads_8;1;1.34180609335738;
6;3.22954166666668 * Quality + -0.0770833333333345 * AutoAltRef + 21.005875 * cpuUsed_0 + 50.0036666666666 * cpuUsed_0 * FrameBoost + 2.98554166666665 * cpuUsed_2 + 5.16199999999999 * Threads_8 + 3.82554166666667 * Threads_8 * good;26.2613663697587;26.2613663697587;26.2613663697587;26.2613663697587;1.379836;9;3.82554166666667 * Threads_8 * good;2;1.46628129738876;
7;3.93493055555556 * Quality + -0.0770833333333223 * AutoAltRef + 20.3004861111111 * cpuUsed_0 + 65.5222222222222 * cpuUsed_0 * FrameBoost + 2.28015277777778 * cpuUsed_2 + -0.481111111111132 * Threads_8 + 8.76326388888888 * Threads_8 * good + -28.2155555555556 * cpuUsed_0 * bitRate_600;19.3493779149908;19.3493779149908;19.3493779149908;19.3493779149908;1.865771;11;-28.2155555555556 * cpuUsed_0 * bitRate_600;2;3.45599422738396;
8;3.82400923593618 * Quality + -0.742611251049541 * AutoAltRef + 20.5445130142737 * cpuUsed_0 + 65.8771704450043 * cpuUsed_0 * FrameBoost + 3.0566020151134 * cpuUsed_2 + -0.126162888329152 * Threads_8 + 9.18476490344253 * Threads_8 * good + -31.2326154492024 * cpuUsed_0 * bitRate_600 + 6.38906801007557 * AutoAltRef * constantBitrate;15.0292928285091;15.0292928285091;15.0292928285091;15.0292928285091;2.477508;13;6.38906801007557 * AutoAltRef * constantBitrate;2;2.1600425432408;
9;8.58203170028818 * Quality + -5.27564841498559 * AutoAltRef + 18.6779682997118 * cpuUsed_0 + 67.5228962536023 * cpuUsed_0 * FrameBoost + 2.83161671469743 * cpuUsed_2 + -0.134495677233424 * Threads_8 + 8.96811239193081 * Threads_8 * good + -31.1617867435159 * cpuUsed_0 * bitRate_600 + 11.2012536023055 * AutoAltRef * constantBitrate + -4.96217579250717 * constantBitrate;12.5597757017792;12.5597757017792;12.5597757017792;12.5597757017792;3.278197;14;-4.96217579250717 * constantBitrate;1;2.46951712672995;
10;8.58203170028822 * Quality + -5.27564841498561 * AutoAltRef + 18.6779682997118 * cpuUsed_0 + 67.5228962536024 * cpuUsed_0 * FrameBoost + 3.76695004803073 * cpuUsed_2 + -0.134495677233439 * Threads_8 + 8.96811239193087 * Threads_8 * good + -31.1617867435159 * cpuUsed_0 * bitRate_600 + 11.2012536023054 * AutoAltRef * constantBitrate + -4.96217579250722 * constantBitrate + -2.33833333333336 * cpuUsed_2 * bitRate_300;10.4403074412837;10.4403074412837;10.4403074412837;10.4403074412837;4.105301;16;-2.33833333333336 * cpuUsed_2 * bitRate_300;2;1.05973413024774;
11;12.1731593714927 * Quality + -8.43391694725027 * AutoAltRef + 15.0868406285073 * cpuUsed_0 + 70.6891806958474 * cpuUsed_0 * FrameBoost + 3.33409090909094 * cpuUsed_2 + -0.15052749719418 * Threads_8 + 8.55128507295177 * Threads_8 * good + -31.0255162738496 * cpuUsed_0 * bitRate_600 + 14.8965881032548 * AutoAltRef * constantBitrate + -8.94608305274975 * constantBitrate + -2.33833333333333 * cpuUsed_2 * bitRate_300 + 11.1260830527498 * cpuUsed_0 * complexity;8.66341757030213;8.66341757030213;8.66341757030213;8.66341757030213;5.27679;18;11.1260830527498 * cpuUsed_0 * complexity;2;0.888444935490795;
Elapsed=00:00:05.2811454
average model: 
command: analyze-learning
Round, Model, LearningError, LearningErrorRel, ValidationError, ValidationErrorRel, ElapsedSeconds, ModelComplexity, BestCandidate, BestCandidateSize, BestCandidateScore, TestError
Models:
Termination reason: abortError
1;10.6616666666667 * Quality + 10.3478070175439 * AutoAltRef;252.893826535449;252.893826535449;252.893826535449;252.893826535449;0.501924;2;10.3478070175439 * AutoAltRef;1;1.79769313486232E+308;216.549493888445
2;-3.78337016574585 * Quality + 13.3888674033149 * AutoAltRef + 43.3351104972376 * cpuUsed_0;132.546889714957;132.546889714957;132.546889714957;132.546889714957;0.552768;3;43.3351104972376 * cpuUsed_0;1;120.346936820493;143.736508088749
3;3.9985185185185 * Quality + 1.1601851851852 * AutoAltRef + 19.9894444444445 * cpuUsed_0 + 50.3043518518518 * cpuUsed_0 * FrameBoost;34.4791869087219;34.4791869087219;34.4791869087219;34.4791869087219;0.651214;5;50.3043518518518 * cpuUsed_0 * FrameBoost;2;49.0338514031174;71.6839010957822
4;3.95275700934578 * Quality + 0.702570093457958 * AutoAltRef + 20.1267289719626 * cpuUsed_0 + 50.6704439252337 * cpuUsed_0 * FrameBoost + 1.48267289719628 * cpuUsed_2;30.5357350578936;30.5357350578936;30.5357350578936;30.5357350578936;0.806978;6;1.48267289719628 * cpuUsed_2;1;3.94345185082829;67.979120791639
5;3.13979288856306 * Quality + 0.203381598240474 * AutoAltRef + 21.0395307917889 * cpuUsed_0 + 49.5437041788856 * cpuUsed_0 * FrameBoost + 2.79482551319647 * cpuUsed_2 + 6.10436217008797 * Threads_8;29.1939289645362;29.1939289645362;29.1939289645362;29.1939289645362;1.002859;7;6.10436217008797 * Threads_8;1;1.34180609335738;75.9542490292932
6;3.22954166666668 * Quality + -0.0770833333333345 * AutoAltRef + 21.005875 * cpuUsed_0 + 50.0036666666666 * cpuUsed_0 * FrameBoost + 2.98554166666665 * cpuUsed_2 + 5.16199999999999 * Threads_8 + 3.82554166666667 * Threads_8 * good;26.2613663697587;26.2613663697587;26.2613663697587;26.2613663697587;1.379836;9;3.82554166666667 * Threads_8 * good;2;1.46628129738876;78.7368462685982
7;3.93493055555556 * Quality + -0.0770833333333223 * AutoAltRef + 20.3004861111111 * cpuUsed_0 + 65.5222222222222 * cpuUsed_0 * FrameBoost + 2.28015277777778 * cpuUsed_2 + -0.481111111111132 * Threads_8 + 8.76326388888888 * Threads_8 * good + -28.2155555555556 * cpuUsed_0 * bitRate_600;19.3493779149908;19.3493779149908;19.3493779149908;19.3493779149908;1.865771;11;-28.2155555555556 * cpuUsed_0 * bitRate_600;2;3.45599422738396;79.186903802029
8;3.82400923593618 * Quality + -0.742611251049541 * AutoAltRef + 20.5445130142737 * cpuUsed_0 + 65.8771704450043 * cpuUsed_0 * FrameBoost + 3.0566020151134 * cpuUsed_2 + -0.126162888329152 * Threads_8 + 9.18476490344253 * Threads_8 * good + -31.2326154492024 * cpuUsed_0 * bitRate_600 + 6.38906801007557 * AutoAltRef * constantBitrate;15.0292928285091;15.0292928285091;15.0292928285091;15.0292928285091;2.477508;13;6.38906801007557 * AutoAltRef * constantBitrate;2;2.1600425432408;90.9058882748519
9;8.58203170028818 * Quality + -5.27564841498559 * AutoAltRef + 18.6779682997118 * cpuUsed_0 + 67.5228962536023 * cpuUsed_0 * FrameBoost + 2.83161671469743 * cpuUsed_2 + -0.134495677233424 * Threads_8 + 8.96811239193081 * Threads_8 * good + -31.1617867435159 * cpuUsed_0 * bitRate_600 + 11.2012536023055 * AutoAltRef * constantBitrate + -4.96217579250717 * constantBitrate;12.5597757017792;12.5597757017792;12.5597757017792;12.5597757017792;3.278197;14;-4.96217579250717 * constantBitrate;1;2.46951712672995;110.086076069477
10;8.58203170028822 * Quality + -5.27564841498561 * AutoAltRef + 18.6779682997118 * cpuUsed_0 + 67.5228962536024 * cpuUsed_0 * FrameBoost + 3.76695004803073 * cpuUsed_2 + -0.134495677233439 * Threads_8 + 8.96811239193087 * Threads_8 * good + -31.1617867435159 * cpuUsed_0 * bitRate_600 + 11.2012536023054 * AutoAltRef * constantBitrate + -4.96217579250722 * constantBitrate + -2.33833333333336 * cpuUsed_2 * bitRate_300;10.4403074412837;10.4403074412837;10.4403074412837;10.4403074412837;4.105301;16;-2.33833333333336 * cpuUsed_2 * bitRate_300;2;1.05973413024774;110.352594663465
11;12.1731593714927 * Quality + -8.43391694725027 * AutoAltRef + 15.0868406285073 * cpuUsed_0 + 70.6891806958474 * cpuUsed_0 * FrameBoost + 3.33409090909094 * cpuUsed_2 + -0.15052749719418 * Threads_8 + 8.55128507295177 * Threads_8 * good + -31.0255162738496 * cpuUsed_0 * bitRate_600 + 14.8965881032548 * AutoAltRef * constantBitrate + -8.94608305274975 * constantBitrate + -2.33833333333333 * cpuUsed_2 * bitRate_300 + 11.1260830527498 * cpuUsed_0 * complexity;8.66341757030213;8.66341757030213;8.66341757030213;8.66341757030213;5.27679;18;11.1260830527498 * cpuUsed_0 * complexity;2;0.888444935490795;130.551309566512
Analyze finished
command: measurementstocsv /scratch/kaltenec/Distribution-Aware-Sampling/Results_opt/VP9_disc/VP9_disc_8/sampledConfigurations_solv_0.csv
command: clean-sampling
command: clean-global
command: script /scratch/kaltenec/Distribution-Aware-Sampling/Results_opt/VP9_disc/VP9_disc_8/learn_solv_1.a
command: log /scratch/kaltenec/Distribution-Aware-Sampling/Results_opt/VP9_disc/VP9_disc_8/out_solv_1.log
