Current machine learning settings: epsilon:0 lossFunction:RELATIVE parallelization:True bagging:False baggingNumbers:3 baggingTestDataFraction:50 useBackward:False abortError:1 limitFeatureSize:False featureSizeTreshold:4 quadraticFunctionSupport:True crossValidation:False crossValidation-k:5 learn-logFunction:False learn-accumulatedLogFunction:False learn-asymFunction:False learn-ratioFunction:False learn-mirrowedFunction:False numberOfRounds:70 backwardErrorDelta:1 minImprovementPerRound:0.1 withHierarchy:False bruteForceCandidates:False ignoreBadFeatures:False stopOnLongRound:True candidateSizePenalty:True learnTimeLimit:00:00:00 scoreMeasure:RELERROR outputRoundsToStdout:False blacklisted: 
command: mlsettings bagging:False stopOnLongRound:False parallelization:True lossFunction:RELATIVE useBackward:False abortError:10 limitFeatureSize:False featureSizeTreshold:7 quadraticFunctionSupport:True crossValidation:False learn_logFunction:True numberOfRounds:70 backwardErrorDelta:1 minImprovementPerRound:0.25 withHierarchy:False
Current machine learning settings: epsilon:0 lossFunction:RELATIVE parallelization:True bagging:False baggingNumbers:3 baggingTestDataFraction:50 useBackward:False abortError:10 limitFeatureSize:False featureSizeTreshold:7 quadraticFunctionSupport:True crossValidation:False crossValidation-k:5 learn-logFunction:True learn-accumulatedLogFunction:False learn-asymFunction:False learn-ratioFunction:False learn-mirrowedFunction:False numberOfRounds:70 backwardErrorDelta:1 minImprovementPerRound:0.25 withHierarchy:False bruteForceCandidates:False ignoreBadFeatures:False stopOnLongRound:False candidateSizePenalty:True learnTimeLimit:00:00:00 scoreMeasure:RELERROR outputRoundsToStdout:False blacklisted: 
command: solver z3
command: vm ../FeatureModel.xml
command: all ../measurements.xml
Configs with too large deviation: 0
68640 configurations loaded.
command: nfp Performance
command: binary random numConfigs:4091 seed:44 fromFile:../allConfigurations.csv
command: learn-splconqueror
Learning: NumberOfConfigurationsLearning:4091 NumberOfConfigurationsValidation:4091
Learning progress:
1;11396.54685836 * CompressionMethod + 685.9606043266 * BlockSize_1;180.1364836933;180.1364836933;180.1364836933;180.1364836933;0.4375061;2;685.9606043266 * BlockSize_1;1;1.79769313486232E+308;
2;7555.0592998904 * CompressionMethod + 311.735683544643 * BlockSize_1 + 23537.7280091546 * x_10;116.623256625203;116.623256625203;116.623256625203;116.623256625203;1.2812645;3;23537.7280091546 * x_10;1;63.5132270680965;
3;5237.09526049133 * CompressionMethod + 643.001603911313 * BlockSize_1 + 25826.1586826976 * x_10 + 11483.435423115 * x_8;78.1247722898537;78.1247722898537;78.1247722898537;78.1247722898537;4.2187931;4;11483.435423115 * x_8;1;38.4984843353494;
4;3414.86243576425 * CompressionMethod + 537.818243506966 * BlockSize_1 + 27657.7689243994 * x_10 + 13312.7627266966 * x_8 + 6948.28848541748 * x_6;57.805546505656;57.805546505656;57.805546505656;57.805546505656;7.8282058;5;6948.28848541748 * x_6;1;20.3192257841977;
5;3424.88043717508 * CompressionMethod + 414.731213977027 * BlockSize_1 + 27658.724506602 * x_10 + 13311.0467829958 * x_8 + 8698.18133289863 * x_6 + -9480.41402354613 * x_6 * PPMd;49.5732956505693;49.5732956505693;49.5732956505693;49.5732956505693;13.9532691;7;-9480.41402354613 * x_6 * PPMd;2;4.11612542754333;
6;3418.34467399168 * CompressionMethod + 495.033426261954 * BlockSize_1 + 33011.469916409 * x_10 + 13312.1662679317 * x_8 + 8696.93269795253 * x_6 + -9477.45983367352 * x_6 * PPMd + -28822.5377993233 * x_10 * PPMd;41.6592361742192;41.6592361742192;41.6592361742192;41.6592361742192;21.6897173;9;-28822.5377993233 * x_10 * PPMd;2;3.95702973817507;
7;2021.19581437229 * CompressionMethod + 544.183514679274 * BlockSize_1 + 32603.3934775464 * x_10 + 13076.7022301226 * x_8 + 8199.55324631395 * x_6 + -7585.88791871245 * x_6 * PPMd + -27022.0309093286 * x_10 * PPMd + 7310.40192091827 * BZip2;38.8474393775191;38.8474393775191;38.8474393775191;38.8474393775191;30.6898113;10;7310.40192091827 * BZip2;1;2.81179679670007;
8;3105.26641640367 * CompressionMethod + 485.681773244253 * BlockSize_1 + 24096.9501844761 * x_10 + 13258.8377442183 * x_8 + 8585.20388638345 * x_6 + -9052.09025907358 * x_6 * PPMd + -19594.0420511113 * x_10 * PPMd + 1646.83947951684 * BZip2 + 35813.6981323522 * x_10 * BZip2;32.8988214875259;32.8988214875259;32.8988214875259;32.8988214875259;44.0493237;12;35813.6981323522 * x_10 * BZip2;2;2.97430894499662;
9;2707.61376622968 * CompressionMethod + 443.913542796324 * BlockSize_1 + 24498.2436489265 * x_10 + 13190.274080085 * x_8 + 11057.5417478004 * x_6 + -11124.2630955514 * x_6 * PPMd + -19593.6731152655 * x_10 * PPMd + 3751.31885424111 * BZip2 + 33709.2906749482 * x_10 * BZip2 + -10114.5722370633 * x_6 * BZip2;26.6979212818699;26.6979212818699;26.6979212818699;26.6979212818699;60.4384586;14;-10114.5722370633 * x_6 * BZip2;2;3.10045010282798;
10;2712.64492218712 * CompressionMethod + 382.268017747129 * BlockSize_1 + 15386.5382969 * x_10 + 13189.4170342535 * x_8 + 11058.7316998757 * x_6 + -11126.7762020778 * x_6 * PPMd + -10481.0809487917 * x_10 * PPMd + 3751.24616375678 * BZip2 + 42821.5171637278 * x_10 * BZip2 + -10115.4483399695 * x_6 * BZip2 + 26689.8984530359 * x_10 * Deflate;22.3831791904394;22.3831791904394;22.3831791904394;22.3831791904394;81.1886724;16;26689.8984530359 * x_10 * Deflate;2;2.15737104571526;
11;3110.83224334444 * CompressionMethod + 386.921235299569 * BlockSize_1 + 14987.9575051412 * x_10 + 13156.8222751768 * x_8 + 11249.5373644421 * x_6 + -11716.0490805868 * x_6 * PPMd + -10481.134187075 * x_10 * PPMd + 3361.94619606922 * BZip2 + 43210.7969826781 * x_10 * BZip2 + -10315.5393305591 * x_6 * BZip2 + 28276.3177390614 * x_10 * Deflate + -1586.45483548188 * Deflate;19.321746489568;19.321746489568;19.321746489568;19.321746489568;104.6783258;17;-1586.45483548188 * Deflate;1;3.06143270087135;
12;2965.09125669108 * CompressionMethod + 430.420912371037 * BlockSize_1 + 15130.0202102774 * x_10 + 13169.0784646338 * x_8 + 9424.35168096541 * x_6 + -9747.7389323857 * x_6 * PPMd + -10481.631874556 * x_10 * PPMd + 3500.88414623535 * BZip2 + 43071.6706760672 * x_10 * BZip2 + -8487.27097771347 * x_6 * BZip2 + 27710.0097610761 * x_10 * Deflate + -1020.47918450389 * Deflate + 4877.21010781627 * x_6 * LZMA;17.6039321706801;17.6039321706801;17.6039321706801;17.6039321706801;133.6913141;19;4877.21010781627 * x_6 * LZMA;2;0.858907159443968;
13;3283.97125515586 * CompressionMethod + 320.634293007594 * BlockSize_1 + 14820.4236391854 * x_10 + 15217.6605048358 * x_8 + 9515.42853252264 * x_6 + -10151.0920759792 * x_6 * PPMd + -10480.3757864701 * x_10 * PPMd + 2609.46082926878 * BZip2 + 43963.5693762705 * x_10 * BZip2 + -7996.41486569137 * x_6 * BZip2 + 28395.8767509236 * x_10 * Deflate + -1705.50743114472 * Deflate + 4476.34386958881 * x_6 * LZMA + -12209.2911588072 * x_8 * PPMd;14.1460782609147;14.1460782609147;14.1460782609147;14.1460782609147;167.0745545;21;-12209.2911588072 * x_8 * PPMd;2;1.7289269548827;
14;3700.33077617848 * CompressionMethod + 311.772470974149 * BlockSize_1 + 14404.8134634083 * x_10 + 14960.6943783522 * x_8 + 9284.23861997128 * x_6 + -8932.8448930018 * x_6 * PPMd + -9077.39064727787 * x_10 * PPMd + 2266.6501625914 * BZip2 + 44306.4184152167 * x_10 * BZip2 + -7838.015888496 * x_6 * BZip2 + 28713.1518869303 * x_10 * Deflate + -2022.71486497562 * Deflate + 4291.90804255946 * x_6 * LZMA + -10965.412127419 * x_8 * PPMd + -1402.88374952271 * PPMd;11.6560160828388;11.6560160828388;11.6560160828388;11.6560160828388;206.2853143;22;-1402.88374952271 * PPMd;1;2.49006217807584;
15;3281.43182193556 * CompressionMethod + 268.495639353638 * BlockSize_1 + 14827.3718556187 * x_10 + 15006.0869083066 * x_8 + 5645.04774945547 * x_6 + -5294.42860872553 * x_6 * PPMd + -9499.17216758315 * x_10 * PPMd + 2675.98696299728 * BZip2 + 43897.2690063211 * x_10 * BZip2 + -4185.56155617477 * x_6 * BZip2 + 27449.2591328659 * x_10 * Deflate + -758.491486388778 * Deflate + 8353.58129923562 * x_6 * LZMA + -11012.2842546549 * x_8 * PPMd + -980.607091348443 * PPMd + 7937.98679963228 * x_6 * LZMA2;10.8465348636814;10.8465348636814;10.8465348636814;10.8465348636814;253.2949713;24;7937.98679963228 * x_6 * LZMA2;2;0.404740609578729;
16;3482.15600341728 * CompressionMethod + 255.090878174381 * BlockSize_1 + 14627.7811649726 * x_10 + 14260.7923245489 * x_8 + 6234.16152411895 * x_6 + -5883.78230722768 * x_6 * PPMd + -9299.3408451275 * x_10 * PPMd + 2687.64034110418 * BZip2 + 43885.6736717051 * x_10 * BZip2 + -4985.90643058984 * x_6 * BZip2 + 28237.8755711123 * x_10 * Deflate + -1547.00551550413 * Deflate + 7564.85329146874 * x_6 * LZMA + -10267.4479680383 * x_8 * PPMd + -1180.28504756728 * PPMd + 7149.86740261225 * x_6 * LZMA2 + 3355.96628102315 * x_8 * Deflate;8.61563667070895;8.61563667070895;8.61563667070895;8.61563667070895;314.2528709;26;3355.96628102315 * x_8 * Deflate;2;1.1154490964862;
Elapsed=00:05:14.3434418
average model: 

command: analyze-learning
Round, Model, LearningError, LearningErrorRel, ValidationError, ValidationErrorRel, ElapsedSeconds, ModelComplexity, BestCandidate, BestCandidateSize, BestCandidateScore, TestError
Models:
Termination reason: abortError
1;11396.54685836 * CompressionMethod + 685.9606043266 * BlockSize_1;180.1364836933;180.1364836933;180.1364836933;180.1364836933;0.4375061;2;685.9606043266 * BlockSize_1;1;1.79769313486232E+308;181.324504036917
2;7555.0592998904 * CompressionMethod + 311.735683544643 * BlockSize_1 + 23537.7280091546 * x_10;116.623256625203;116.623256625203;116.623256625203;116.623256625203;1.2812645;3;23537.7280091546 * x_10;1;63.5132270680965;117.561103185218
3;5237.09526049133 * CompressionMethod + 643.001603911313 * BlockSize_1 + 25826.1586826976 * x_10 + 11483.435423115 * x_8;78.1247722898537;78.1247722898537;78.1247722898537;78.1247722898537;4.2187931;4;11483.435423115 * x_8;1;38.4984843353494;79.575543689645
4;3414.86243576425 * CompressionMethod + 537.818243506966 * BlockSize_1 + 27657.7689243994 * x_10 + 13312.7627266966 * x_8 + 6948.28848541748 * x_6;57.805546505656;57.805546505656;57.805546505656;57.805546505656;7.8282058;5;6948.28848541748 * x_6;1;20.3192257841977;59.4944122134454
5;3424.88043717508 * CompressionMethod + 414.731213977027 * BlockSize_1 + 27658.724506602 * x_10 + 13311.0467829958 * x_8 + 8698.18133289863 * x_6 + -9480.41402354613 * x_6 * PPMd;49.5732956505693;49.5732956505693;49.5732956505693;49.5732956505693;13.9532691;7;-9480.41402354613 * x_6 * PPMd;2;4.11612542754333;50.8310833002267
6;3418.34467399168 * CompressionMethod + 495.033426261954 * BlockSize_1 + 33011.469916409 * x_10 + 13312.1662679317 * x_8 + 8696.93269795253 * x_6 + -9477.45983367352 * x_6 * PPMd + -28822.5377993233 * x_10 * PPMd;41.6592361742192;41.6592361742192;41.6592361742192;41.6592361742192;21.6897173;9;-28822.5377993233 * x_10 * PPMd;2;3.95702973817507;42.2872254707687
7;2021.19581437229 * CompressionMethod + 544.183514679274 * BlockSize_1 + 32603.3934775464 * x_10 + 13076.7022301226 * x_8 + 8199.55324631395 * x_6 + -7585.88791871245 * x_6 * PPMd + -27022.0309093286 * x_10 * PPMd + 7310.40192091827 * BZip2;38.8474393775191;38.8474393775191;38.8474393775191;38.8474393775191;30.6898113;10;7310.40192091827 * BZip2;1;2.81179679670007;38.9960354633176
8;3105.26641640367 * CompressionMethod + 485.681773244253 * BlockSize_1 + 24096.9501844761 * x_10 + 13258.8377442183 * x_8 + 8585.20388638345 * x_6 + -9052.09025907358 * x_6 * PPMd + -19594.0420511113 * x_10 * PPMd + 1646.83947951684 * BZip2 + 35813.6981323522 * x_10 * BZip2;32.8988214875259;32.8988214875259;32.8988214875259;32.8988214875259;44.0493237;12;35813.6981323522 * x_10 * BZip2;2;2.97430894499662;33.3692683749084
9;2707.61376622968 * CompressionMethod + 443.913542796324 * BlockSize_1 + 24498.2436489265 * x_10 + 13190.274080085 * x_8 + 11057.5417478004 * x_6 + -11124.2630955514 * x_6 * PPMd + -19593.6731152655 * x_10 * PPMd + 3751.31885424111 * BZip2 + 33709.2906749482 * x_10 * BZip2 + -10114.5722370633 * x_6 * BZip2;26.6979212818699;26.6979212818699;26.6979212818699;26.6979212818699;60.4384586;14;-10114.5722370633 * x_6 * BZip2;2;3.10045010282798;27.1844661210787
10;2712.64492218712 * CompressionMethod + 382.268017747129 * BlockSize_1 + 15386.5382969 * x_10 + 13189.4170342535 * x_8 + 11058.7316998757 * x_6 + -11126.7762020778 * x_6 * PPMd + -10481.0809487917 * x_10 * PPMd + 3751.24616375678 * BZip2 + 42821.5171637278 * x_10 * BZip2 + -10115.4483399695 * x_6 * BZip2 + 26689.8984530359 * x_10 * Deflate;22.3831791904394;22.3831791904394;22.3831791904394;22.3831791904394;81.1886724;16;26689.8984530359 * x_10 * Deflate;2;2.15737104571526;22.9520015748211
11;3110.83224334444 * CompressionMethod + 386.921235299569 * BlockSize_1 + 14987.9575051412 * x_10 + 13156.8222751768 * x_8 + 11249.5373644421 * x_6 + -11716.0490805868 * x_6 * PPMd + -10481.134187075 * x_10 * PPMd + 3361.94619606922 * BZip2 + 43210.7969826781 * x_10 * BZip2 + -10315.5393305591 * x_6 * BZip2 + 28276.3177390614 * x_10 * Deflate + -1586.45483548188 * Deflate;19.321746489568;19.321746489568;19.321746489568;19.321746489568;104.6783258;17;-1586.45483548188 * Deflate;1;3.06143270087135;20.1320341525685
12;2965.09125669108 * CompressionMethod + 430.420912371037 * BlockSize_1 + 15130.0202102774 * x_10 + 13169.0784646338 * x_8 + 9424.35168096541 * x_6 + -9747.7389323857 * x_6 * PPMd + -10481.631874556 * x_10 * PPMd + 3500.88414623535 * BZip2 + 43071.6706760672 * x_10 * BZip2 + -8487.27097771347 * x_6 * BZip2 + 27710.0097610761 * x_10 * Deflate + -1020.47918450389 * Deflate + 4877.21010781627 * x_6 * LZMA;17.6039321706801;17.6039321706801;17.6039321706801;17.6039321706801;133.6913141;19;4877.21010781627 * x_6 * LZMA;2;0.858907159443968;18.6112155852132
13;3283.97125515586 * CompressionMethod + 320.634293007594 * BlockSize_1 + 14820.4236391854 * x_10 + 15217.6605048358 * x_8 + 9515.42853252264 * x_6 + -10151.0920759792 * x_6 * PPMd + -10480.3757864701 * x_10 * PPMd + 2609.46082926878 * BZip2 + 43963.5693762705 * x_10 * BZip2 + -7996.41486569137 * x_6 * BZip2 + 28395.8767509236 * x_10 * Deflate + -1705.50743114472 * Deflate + 4476.34386958881 * x_6 * LZMA + -12209.2911588072 * x_8 * PPMd;14.1460782609147;14.1460782609147;14.1460782609147;14.1460782609147;167.0745545;21;-12209.2911588072 * x_8 * PPMd;2;1.7289269548827;14.4401685692718
14;3700.33077617848 * CompressionMethod + 311.772470974149 * BlockSize_1 + 14404.8134634083 * x_10 + 14960.6943783522 * x_8 + 9284.23861997128 * x_6 + -8932.8448930018 * x_6 * PPMd + -9077.39064727787 * x_10 * PPMd + 2266.6501625914 * BZip2 + 44306.4184152167 * x_10 * BZip2 + -7838.015888496 * x_6 * BZip2 + 28713.1518869303 * x_10 * Deflate + -2022.71486497562 * Deflate + 4291.90804255946 * x_6 * LZMA + -10965.412127419 * x_8 * PPMd + -1402.88374952271 * PPMd;11.6560160828388;11.6560160828388;11.6560160828388;11.6560160828388;206.2853143;22;-1402.88374952271 * PPMd;1;2.49006217807584;11.6914053562618
15;3281.43182193556 * CompressionMethod + 268.495639353638 * BlockSize_1 + 14827.3718556187 * x_10 + 15006.0869083066 * x_8 + 5645.04774945547 * x_6 + -5294.42860872553 * x_6 * PPMd + -9499.17216758315 * x_10 * PPMd + 2675.98696299728 * BZip2 + 43897.2690063211 * x_10 * BZip2 + -4185.56155617477 * x_6 * BZip2 + 27449.2591328659 * x_10 * Deflate + -758.491486388778 * Deflate + 8353.58129923562 * x_6 * LZMA + -11012.2842546549 * x_8 * PPMd + -980.607091348443 * PPMd + 7937.98679963228 * x_6 * LZMA2;10.8465348636814;10.8465348636814;10.8465348636814;10.8465348636814;253.2949713;24;7937.98679963228 * x_6 * LZMA2;2;0.404740609578729;10.9595758149172
16;3482.15600341728 * CompressionMethod + 255.090878174381 * BlockSize_1 + 14627.7811649726 * x_10 + 14260.7923245489 * x_8 + 6234.16152411895 * x_6 + -5883.78230722768 * x_6 * PPMd + -9299.3408451275 * x_10 * PPMd + 2687.64034110418 * BZip2 + 43885.6736717051 * x_10 * BZip2 + -4985.90643058984 * x_6 * BZip2 + 28237.8755711123 * x_10 * Deflate + -1547.00551550413 * Deflate + 7564.85329146874 * x_6 * LZMA + -10267.4479680383 * x_8 * PPMd + -1180.28504756728 * PPMd + 7149.86740261225 * x_6 * LZMA2 + 3355.96628102315 * x_8 * Deflate;8.61563667070895;8.61563667070895;8.61563667070895;8.61563667070895;314.2528709;26;3355.96628102315 * x_8 * Deflate;2;1.1154490964862;8.72373049587866
Analyze finished
command: measurementstocsv ./sampledConfigurations_rand_2.csv
command: clean-sampling
command: clean-global
