Current machine learning settings: epsilon:0 lossFunction:RELATIVE parallelization:True bagging:False baggingNumbers:3 baggingTestDataFraction:50 useBackward:False abortError:1 limitFeatureSize:False featureSizeTreshold:4 quadraticFunctionSupport:True crossValidation:False crossValidation-k:5 learn-logFunction:False learn-accumulatedLogFunction:False learn-asymFunction:False learn-ratioFunction:False learn-mirrowedFunction:False numberOfRounds:70 backwardErrorDelta:1 minImprovementPerRound:0.1 withHierarchy:False bruteForceCandidates:False ignoreBadFeatures:False stopOnLongRound:True candidateSizePenalty:True learnTimeLimit:00:00:00 scoreMeasure:RELERROR outputRoundsToStdout:False blacklisted: 
command: mlsettings bagging:False stopOnLongRound:False parallelization:True lossFunction:RELATIVE useBackward:False abortError:10 limitFeatureSize:False featureSizeTreshold:7 quadraticFunctionSupport:True crossValidation:False learn_logFunction:True numberOfRounds:70 backwardErrorDelta:1 minImprovementPerRound:0.25 withHierarchy:False
Current machine learning settings: epsilon:0 lossFunction:RELATIVE parallelization:True bagging:False baggingNumbers:3 baggingTestDataFraction:50 useBackward:False abortError:10 limitFeatureSize:False featureSizeTreshold:7 quadraticFunctionSupport:True crossValidation:False crossValidation-k:5 learn-logFunction:True learn-accumulatedLogFunction:False learn-asymFunction:False learn-ratioFunction:False learn-mirrowedFunction:False numberOfRounds:70 backwardErrorDelta:1 minImprovementPerRound:0.25 withHierarchy:False bruteForceCandidates:False ignoreBadFeatures:False stopOnLongRound:False candidateSizePenalty:True learnTimeLimit:00:00:00 scoreMeasure:RELERROR outputRoundsToStdout:False blacklisted: 
command: solver z3
command: vm /scratch/kaltenec/Distribution-Aware-Sampling/DistOut/ConstraintData/JavaGC_disc/FeatureModel.xml
command: all /scratch/kaltenec/Distribution-Aware-Sampling/DistOut/ConstraintData/JavaGC_disc/measurements.xml
Configs with too large deviation: 0
193536 configurations loaded.
command: nfp Performance
command: binary satoutput numConfigs:3504 seed:6
command: learn-splconqueror
Learning: NumberOfConfigurationsLearning:3504 NumberOfConfigurationsValidation:3504
Learning progress:
1;50.7430213131802 * MaxTenuringThreshold + 6.14173217615258 * DisableExplicitGC;64.6219502645683;64.6219502645683;64.6219502645683;64.6219502645683;1.221938;2;6.14173217615258 * DisableExplicitGC;1;1.79769313486232E+308;
2;31.2506692436139 * MaxTenuringThreshold + 5.12742493750153 * DisableExplicitGC + 68.3398531533004 * UseAdaptiveSizePolicy;44.060314461192;44.060314461192;44.060314461192;44.060314461192;4.221557;3;68.3398531533004 * UseAdaptiveSizePolicy;1;20.5616358033763;
3;28.11711841014 * MaxTenuringThreshold + 6.81641147567002 * DisableExplicitGC + 51.3884398523034 * UseAdaptiveSizePolicy + 131.802335004346 * NewRatio_32;36.6144378156567;36.6144378156567;36.6144378156567;36.6144378156567;9.469008;4;131.802335004346 * NewRatio_32;1;7.44587664553534;
4;33.5679640757293 * MaxTenuringThreshold + 6.03212136737731 * DisableExplicitGC + 54.6029574829993 * UseAdaptiveSizePolicy + 124.179505885657 * NewRatio_32 + -12.9157211762937 * UseAdaptiveGCBoundary;31.1571214084499;31.1571214084499;31.1571214084499;31.1571214084499;16.55995;5;-12.9157211762937 * UseAdaptiveGCBoundary;1;5.45731640720675;
5;34.1110012675439 * MaxTenuringThreshold + 4.02991287928328 * DisableExplicitGC + 77.5303670588003 * UseAdaptiveSizePolicy + 106.825486932481 * NewRatio_32 + -11.3660136090769 * UseAdaptiveGCBoundary + -69.8385415662171 * UseAdaptiveSizePolicy * NewRatio_2;21.8013320907542;21.8013320907542;21.8013320907542;21.8013320907542;27.476507;7;-69.8385415662171 * UseAdaptiveSizePolicy * NewRatio_2;2;4.67789465884786;
6;34.7281978748026 * MaxTenuringThreshold + 2.03190026379033 * DisableExplicitGC + 129.931251665501 * UseAdaptiveSizePolicy + 66.8395363319086 * NewRatio_32 + -8.92718839347739 * UseAdaptiveGCBoundary + -123.872965538665 * UseAdaptiveSizePolicy * NewRatio_2 + -92.2931938687799 * UseAdaptiveSizePolicy * NewRatio_4;15.5475536438652;15.5475536438652;15.5475536438652;15.5475536438652;41.54765;9;-92.2931938687799 * UseAdaptiveSizePolicy * NewRatio_4;2;3.1268892234445;
7;31.2432426338769 * MaxTenuringThreshold + 1.80246230121645 * DisableExplicitGC + 129.137283431364 * UseAdaptiveSizePolicy + 71.0164036566383 * NewRatio_32 + -7.17881882679568 * UseAdaptiveGCBoundary + -120.747207182703 * UseAdaptiveSizePolicy * NewRatio_2 + -89.0980044962236 * UseAdaptiveSizePolicy * NewRatio_4 + 10.9479874567415 * NewRatio_16;14.0988088001198;14.0988088001198;14.0988088001198;14.0988088001198;58.740535;10;10.9479874567415 * NewRatio_16;1;1.44874484374542;
8;30.9001425110448 * MaxTenuringThreshold + 4.20637137642798 * DisableExplicitGC + 116.230154655492 * UseAdaptiveSizePolicy + 16.9011213392849 * NewRatio_32 + -6.48273800785618 * UseAdaptiveGCBoundary + -108.836767947445 * UseAdaptiveSizePolicy * NewRatio_2 + -77.3332745242632 * UseAdaptiveSizePolicy * NewRatio_4 + 11.3050912894036 * NewRatio_16 + 82.9122054749456 * NewRatio_32 * UseAdaptiveSizePolicy;12.0653654988966;12.0653654988966;12.0653654988966;12.0653654988966;80.046792;12;82.9122054749456 * NewRatio_32 * UseAdaptiveSizePolicy;2;1.0167216506116;
9;27.8430285382881 * MaxTenuringThreshold + 3.99926416550199 * DisableExplicitGC + 118.217236172928 * UseAdaptiveSizePolicy + 20.1203192162474 * NewRatio_32 + -5.97079868659603 * UseAdaptiveGCBoundary + -108.055007762098 * UseAdaptiveSizePolicy * NewRatio_2 + -81.63627401377 * UseAdaptiveSizePolicy * NewRatio_4 + 14.1403984606538 * NewRatio_16 + 80.8127457839263 * NewRatio_32 * UseAdaptiveSizePolicy + 5.11481073652265 * NewRatio_4;11.3495039444231;11.3495039444231;11.3495039444231;11.3495039444231;105.528797;13;5.11481073652265 * NewRatio_4;1;0.715861554473488;
10;26.4615439403944 * MaxTenuringThreshold + 3.69238955241754 * DisableExplicitGC + 119.171626356167 * UseAdaptiveSizePolicy + 21.542648868842 * NewRatio_32 + -5.59030571410853 * UseAdaptiveGCBoundary + -109.945508771603 * UseAdaptiveSizePolicy * NewRatio_2 + -83.6391926136931 * UseAdaptiveSizePolicy * NewRatio_4 + 15.434731462789 * NewRatio_16 + 79.8911604531279 * NewRatio_32 * UseAdaptiveSizePolicy + 5.49420860766781 * NewRatio_4 + 4.58430677742122 * SurvivorRatio_1;10.6196306978235;10.6196306978235;10.6196306978235;10.6196306978235;137.230921;14;4.58430677742122 * SurvivorRatio_1;1;0.729873246599549;
11;26.882224031215 * MaxTenuringThreshold + 3.49550119775241 * DisableExplicitGC + 118.794524091337 * UseAdaptiveSizePolicy + 21.3635733600418 * NewRatio_32 + -5.21521977034698 * UseAdaptiveGCBoundary + -115.737884848001 * UseAdaptiveSizePolicy * NewRatio_2 + -82.9612150347375 * UseAdaptiveSizePolicy * NewRatio_4 + 15.0749736582624 * NewRatio_16 + 80.073911341056 * NewRatio_32 * UseAdaptiveSizePolicy + 5.44702958700881 * NewRatio_4 + 2.57139177481635 * SurvivorRatio_1 + 13.8141486350778 * UseAdaptiveSizePolicy * NewRatio_2 * SurvivorRatio_1;9.70732975030761;9.70732975030761;9.70732975030761;9.70732975030761;174.67506;17;13.8141486350778 * UseAdaptiveSizePolicy * NewRatio_2 * SurvivorRatio_1;3;0.304100315838644;
Elapsed=00:02:54.7361351
average model: 
command: analyze-learning
Round, Model, LearningError, LearningErrorRel, ValidationError, ValidationErrorRel, ElapsedSeconds, ModelComplexity, BestCandidate, BestCandidateSize, BestCandidateScore, TestError
Models:
Termination reason: abortError
1;50.7430213131802 * MaxTenuringThreshold + 6.14173217615258 * DisableExplicitGC;64.6219502645683;64.6219502645683;64.6219502645683;64.6219502645683;1.221938;2;6.14173217615258 * DisableExplicitGC;1;1.79769313486232E+308;65.814158287937
2;31.2506692436139 * MaxTenuringThreshold + 5.12742493750153 * DisableExplicitGC + 68.3398531533004 * UseAdaptiveSizePolicy;44.060314461192;44.060314461192;44.060314461192;44.060314461192;4.221557;3;68.3398531533004 * UseAdaptiveSizePolicy;1;20.5616358033763;68.4257099497463
3;28.11711841014 * MaxTenuringThreshold + 6.81641147567002 * DisableExplicitGC + 51.3884398523034 * UseAdaptiveSizePolicy + 131.802335004346 * NewRatio_32;36.6144378156567;36.6144378156567;36.6144378156567;36.6144378156567;9.469008;4;131.802335004346 * NewRatio_32;1;7.44587664553534;62.0989387909124
4;33.5679640757293 * MaxTenuringThreshold + 6.03212136737731 * DisableExplicitGC + 54.6029574829993 * UseAdaptiveSizePolicy + 124.179505885657 * NewRatio_32 + -12.9157211762937 * UseAdaptiveGCBoundary;31.1571214084499;31.1571214084499;31.1571214084499;31.1571214084499;16.55995;5;-12.9157211762937 * UseAdaptiveGCBoundary;1;5.45731640720675;61.3118819600846
5;34.1110012675439 * MaxTenuringThreshold + 4.02991287928328 * DisableExplicitGC + 77.5303670588003 * UseAdaptiveSizePolicy + 106.825486932481 * NewRatio_32 + -11.3660136090769 * UseAdaptiveGCBoundary + -69.8385415662171 * UseAdaptiveSizePolicy * NewRatio_2;21.8013320907542;21.8013320907542;21.8013320907542;21.8013320907542;27.476507;7;-69.8385415662171 * UseAdaptiveSizePolicy * NewRatio_2;2;4.67789465884786;57.5178912162281
6;34.7281978748026 * MaxTenuringThreshold + 2.03190026379033 * DisableExplicitGC + 129.931251665501 * UseAdaptiveSizePolicy + 66.8395363319086 * NewRatio_32 + -8.92718839347739 * UseAdaptiveGCBoundary + -123.872965538665 * UseAdaptiveSizePolicy * NewRatio_2 + -92.2931938687799 * UseAdaptiveSizePolicy * NewRatio_4;15.5475536438652;15.5475536438652;15.5475536438652;15.5475536438652;41.54765;9;-92.2931938687799 * UseAdaptiveSizePolicy * NewRatio_4;2;3.1268892234445;63.2587338497473
7;31.2432426338769 * MaxTenuringThreshold + 1.80246230121645 * DisableExplicitGC + 129.137283431364 * UseAdaptiveSizePolicy + 71.0164036566383 * NewRatio_32 + -7.17881882679568 * UseAdaptiveGCBoundary + -120.747207182703 * UseAdaptiveSizePolicy * NewRatio_2 + -89.0980044962236 * UseAdaptiveSizePolicy * NewRatio_4 + 10.9479874567415 * NewRatio_16;14.0988088001198;14.0988088001198;14.0988088001198;14.0988088001198;58.740535;10;10.9479874567415 * NewRatio_16;1;1.44874484374542;60.1858584610215
8;30.9001425110448 * MaxTenuringThreshold + 4.20637137642798 * DisableExplicitGC + 116.230154655492 * UseAdaptiveSizePolicy + 16.9011213392849 * NewRatio_32 + -6.48273800785618 * UseAdaptiveGCBoundary + -108.836767947445 * UseAdaptiveSizePolicy * NewRatio_2 + -77.3332745242632 * UseAdaptiveSizePolicy * NewRatio_4 + 11.3050912894036 * NewRatio_16 + 82.9122054749456 * NewRatio_32 * UseAdaptiveSizePolicy;12.0653654988966;12.0653654988966;12.0653654988966;12.0653654988966;80.046792;12;82.9122054749456 * NewRatio_32 * UseAdaptiveSizePolicy;2;1.0167216506116;52.6667159982654
9;27.8430285382881 * MaxTenuringThreshold + 3.99926416550199 * DisableExplicitGC + 118.217236172928 * UseAdaptiveSizePolicy + 20.1203192162474 * NewRatio_32 + -5.97079868659603 * UseAdaptiveGCBoundary + -108.055007762098 * UseAdaptiveSizePolicy * NewRatio_2 + -81.63627401377 * UseAdaptiveSizePolicy * NewRatio_4 + 14.1403984606538 * NewRatio_16 + 80.8127457839263 * NewRatio_32 * UseAdaptiveSizePolicy + 5.11481073652265 * NewRatio_4;11.3495039444231;11.3495039444231;11.3495039444231;11.3495039444231;105.528797;13;5.11481073652265 * NewRatio_4;1;0.715861554473488;52.306245434383
10;26.4615439403944 * MaxTenuringThreshold + 3.69238955241754 * DisableExplicitGC + 119.171626356167 * UseAdaptiveSizePolicy + 21.542648868842 * NewRatio_32 + -5.59030571410853 * UseAdaptiveGCBoundary + -109.945508771603 * UseAdaptiveSizePolicy * NewRatio_2 + -83.6391926136931 * UseAdaptiveSizePolicy * NewRatio_4 + 15.434731462789 * NewRatio_16 + 79.8911604531279 * NewRatio_32 * UseAdaptiveSizePolicy + 5.49420860766781 * NewRatio_4 + 4.58430677742122 * SurvivorRatio_1;10.6196306978235;10.6196306978235;10.6196306978235;10.6196306978235;137.230921;14;4.58430677742122 * SurvivorRatio_1;1;0.729873246599549;52.3940705275
11;26.882224031215 * MaxTenuringThreshold + 3.49550119775241 * DisableExplicitGC + 118.794524091337 * UseAdaptiveSizePolicy + 21.3635733600418 * NewRatio_32 + -5.21521977034698 * UseAdaptiveGCBoundary + -115.737884848001 * UseAdaptiveSizePolicy * NewRatio_2 + -82.9612150347375 * UseAdaptiveSizePolicy * NewRatio_4 + 15.0749736582624 * NewRatio_16 + 80.073911341056 * NewRatio_32 * UseAdaptiveSizePolicy + 5.44702958700881 * NewRatio_4 + 2.57139177481635 * SurvivorRatio_1 + 13.8141486350778 * UseAdaptiveSizePolicy * NewRatio_2 * SurvivorRatio_1;9.70732975030761;9.70732975030761;9.70732975030761;9.70732975030761;174.67506;17;13.8141486350778 * UseAdaptiveSizePolicy * NewRatio_2 * SurvivorRatio_1;3;0.304100315838644;52.4915347497683
Analyze finished
command: measurementstocsv /scratch/kaltenec/Distribution-Aware-Sampling/Results_test/JavaGC_disc/JavaGC_disc_6/sampledConfigurations_semi_2.csv
command: clean-sampling
command: clean-global
