Current machine learning settings: epsilon:0 lossFunction:RELATIVE parallelization:True bagging:False baggingNumbers:3 baggingTestDataFraction:50 useBackward:False abortError:1 limitFeatureSize:False featureSizeTreshold:4 quadraticFunctionSupport:True crossValidation:False crossValidation-k:5 learn-logFunction:False learn-accumulatedLogFunction:False learn-asymFunction:False learn-ratioFunction:False learn-mirrowedFunction:False numberOfRounds:70 backwardErrorDelta:1 minImprovementPerRound:0.1 withHierarchy:False bruteForceCandidates:False ignoreBadFeatures:False stopOnLongRound:True candidateSizePenalty:True learnTimeLimit:00:00:00 scoreMeasure:RELERROR outputRoundsToStdout:False blacklisted: 
command: mlsettings bagging:False stopOnLongRound:False parallelization:True lossFunction:RELATIVE useBackward:False abortError:10 limitFeatureSize:False featureSizeTreshold:7 quadraticFunctionSupport:True crossValidation:False learn_logFunction:True numberOfRounds:70 backwardErrorDelta:1 minImprovementPerRound:0.25 withHierarchy:False
Current machine learning settings: epsilon:0 lossFunction:RELATIVE parallelization:True bagging:False baggingNumbers:3 baggingTestDataFraction:50 useBackward:False abortError:10 limitFeatureSize:False featureSizeTreshold:7 quadraticFunctionSupport:True crossValidation:False crossValidation-k:5 learn-logFunction:True learn-accumulatedLogFunction:False learn-asymFunction:False learn-ratioFunction:False learn-mirrowedFunction:False numberOfRounds:70 backwardErrorDelta:1 minImprovementPerRound:0.25 withHierarchy:False bruteForceCandidates:False ignoreBadFeatures:False stopOnLongRound:False candidateSizePenalty:True learnTimeLimit:00:00:00 scoreMeasure:RELERROR outputRoundsToStdout:False blacklisted: 
command: solver z3
command: vm /scratch/kaltenec/Distribution-Aware-Sampling/DistOut/ConstraintData/7z_disc/FeatureModel.xml
command: all /scratch/kaltenec/Distribution-Aware-Sampling/DistOut/ConstraintData/7z_disc/measurements.xml
Configs with too large deviation: 0
68640 configurations loaded.
command: nfp Performance
command: binary satoutput numConfigs:600 seed:57
command: learn-splconqueror
Learning: NumberOfConfigurationsLearning:600 NumberOfConfigurationsValidation:600
Learning progress:
1;6783.55704697992 * CompressionMethod + -3451.05704697983 * BlockSize_1;108.112322151025;108.112322151025;108.112322151025;108.112322151025;0.129424;2;-3451.05704697983 * BlockSize_1;1;1.79769313486232E+308;
2;17579.7090178407 * CompressionMethod + -7416.52263287985 * BlockSize_1 + -13661.3727699214 * x_4;71.1595980230349;71.1595980230349;71.1595980230349;71.1595980230349;0.405566;3;-13661.3727699214 * x_4;1;36.9527241279897;
3;22593.412592405 * CompressionMethod + -9928.68554682999 * BlockSize_1 + -18664.4540911499 * x_4 + -18579.8831806403 * x_2;54.12564059515;54.12564059515;54.12564059515;54.12564059515;1.043566;4;-18579.8831806403 * x_2;1;17.0339574278849;
4;20510.4983463623 * CompressionMethod + -7913.84277300144 * BlockSize_1 + -18528.3111467214 * x_4 + -19286.4003953963 * x_2 + 7903.38913893007 * BZip2;40.9109039506387;40.9109039506387;40.9109039506387;40.9109039506387;2.062779;5;7903.38913893007 * BZip2;1;13.2147366445113;
5;15319.7904694207 * CompressionMethod + -5767.83580926566 * BlockSize_1 + -12438.9093203105 * x_4 + -12789.2799869341 * x_2 + 4201.88696628821 * BZip2 + 47273.3225642911 * BZip2 * x_10;25.03274751136;25.03274751136;25.03274751136;25.03274751136;3.706123;7;47273.3225642911 * BZip2 * x_10;2;7.93907821963935;
6;16144.6503154932 * CompressionMethod + 347.526733277779 * BlockSize_1 + -13273.861537623 * x_4 + -13591.4510901408 * x_2 + 4137.60219483514 * BZip2 + 46512.7474896719 * BZip2 * x_10 + -13045.492559919 * x_0;21.2622742643452;21.2622742643452;21.2622742643452;21.2622742643452;5.731572;8;-13045.492559919 * x_0;1;3.77047324701487;
7;16163.3612749439 * CompressionMethod + 266.566726883354 * BlockSize_1 + -13157.6391530829 * x_4 + -13568.8878743324 * x_2 + 4020.65869826757 * BZip2 + 46610.9800267885 * BZip2 * x_10 + -13037.2168505712 * x_0 + -1001.92212186102 * Deflate;18.1966344421615;18.1966344421615;18.1966344421615;18.1966344421615;8.410328;9;-1001.92212186102 * Deflate;1;3.06563982218363;
8;16217.8244044336 * CompressionMethod + 30.911504426234 * BlockSize_1 + -12819.3435784778 * x_4 + -13503.2117475946 * x_2 + 3680.26413895621 * BZip2 + 46896.9114566102 * BZip2 * x_10 + -13013.1282392426 * x_0 + -1394.68082595579 * Deflate + -1126.60582595567 * x_4 * PPMd;12.8095405115139;12.8095405115139;12.8095405115139;12.8095405115139;11.764747;11;-1126.60582595567 * x_4 * PPMd;2;2.69354696532384;
9;16210.4302109357 * CompressionMethod + 41.2939258970728 * BlockSize_1 + -12829.2534207644 * x_4 + -13860.310957242 * x_2 + 3726.4778483185 * BZip2 + 46858.0919407459 * BZip2 * x_10 + -13009.194852901 * x_0 + -1377.3767901712 * Deflate + -1109.30179017124 * x_4 * PPMd + 789.214079639659 * x_2 * LZMA;12.3925050481766;12.3925050481766;12.3925050481766;12.3925050481766;16.09883;13;789.214079639659 * x_2 * LZMA;2;0.208517731668622;
Elapsed=00:00:16.1077770
average model: 
command: analyze-learning
Round, Model, LearningError, LearningErrorRel, ValidationError, ValidationErrorRel, ElapsedSeconds, ModelComplexity, BestCandidate, BestCandidateSize, BestCandidateScore, TestError
Models:
Termination reason: minImprovementPerRound
1;6783.55704697992 * CompressionMethod + -3451.05704697983 * BlockSize_1;108.112322151025;108.112322151025;108.112322151025;108.112322151025;0.129424;2;-3451.05704697983 * BlockSize_1;1;1.79769313486232E+308;93.8475318618763
2;17579.7090178407 * CompressionMethod + -7416.52263287985 * BlockSize_1 + -13661.3727699214 * x_4;71.1595980230349;71.1595980230349;71.1595980230349;71.1595980230349;0.405566;3;-13661.3727699214 * x_4;1;36.9527241279897;217.29489554891
3;22593.412592405 * CompressionMethod + -9928.68554682999 * BlockSize_1 + -18664.4540911499 * x_4 + -18579.8831806403 * x_2;54.12564059515;54.12564059515;54.12564059515;54.12564059515;1.043566;4;-18579.8831806403 * x_2;1;17.0339574278849;194.710090630528
4;20510.4983463623 * CompressionMethod + -7913.84277300144 * BlockSize_1 + -18528.3111467214 * x_4 + -19286.4003953963 * x_2 + 7903.38913893007 * BZip2;40.9109039506387;40.9109039506387;40.9109039506387;40.9109039506387;2.062779;5;7903.38913893007 * BZip2;1;13.2147366445113;179.4402563053
5;15319.7904694207 * CompressionMethod + -5767.83580926566 * BlockSize_1 + -12438.9093203105 * x_4 + -12789.2799869341 * x_2 + 4201.88696628821 * BZip2 + 47273.3225642911 * BZip2 * x_10;25.03274751136;25.03274751136;25.03274751136;25.03274751136;3.706123;7;47273.3225642911 * BZip2 * x_10;2;7.93907821963935;120.988574040319
6;16144.6503154932 * CompressionMethod + 347.526733277779 * BlockSize_1 + -13273.861537623 * x_4 + -13591.4510901408 * x_2 + 4137.60219483514 * BZip2 + 46512.7474896719 * BZip2 * x_10 + -13045.492559919 * x_0;21.2622742643452;21.2622742643452;21.2622742643452;21.2622742643452;5.731572;8;-13045.492559919 * x_0;1;3.77047324701487;52.394372935813
7;16163.3612749439 * CompressionMethod + 266.566726883354 * BlockSize_1 + -13157.6391530829 * x_4 + -13568.8878743324 * x_2 + 4020.65869826757 * BZip2 + 46610.9800267885 * BZip2 * x_10 + -13037.2168505712 * x_0 + -1001.92212186102 * Deflate;18.1966344421615;18.1966344421615;18.1966344421615;18.1966344421615;8.410328;9;-1001.92212186102 * Deflate;1;3.06563982218363;48.66671633951
8;16217.8244044336 * CompressionMethod + 30.911504426234 * BlockSize_1 + -12819.3435784778 * x_4 + -13503.2117475946 * x_2 + 3680.26413895621 * BZip2 + 46896.9114566102 * BZip2 * x_10 + -13013.1282392426 * x_0 + -1394.68082595579 * Deflate + -1126.60582595567 * x_4 * PPMd;12.8095405115139;12.8095405115139;12.8095405115139;12.8095405115139;11.764747;11;-1126.60582595567 * x_4 * PPMd;2;2.69354696532384;47.5747617429754
9;16210.4302109357 * CompressionMethod + 41.2939258970728 * BlockSize_1 + -12829.2534207644 * x_4 + -13860.310957242 * x_2 + 3726.4778483185 * BZip2 + 46858.0919407459 * BZip2 * x_10 + -13009.194852901 * x_0 + -1377.3767901712 * Deflate + -1109.30179017124 * x_4 * PPMd + 789.214079639659 * x_2 * LZMA;12.3925050481766;12.3925050481766;12.3925050481766;12.3925050481766;16.09883;13;789.214079639659 * x_2 * LZMA;2;0.208517731668622;47.976704981777
Analyze finished
command: measurementstocsv /scratch/kaltenec/Distribution-Aware-Sampling/Results_test/7z_disc/7z_disc_57/sampledConfigurations_semi_1.csv
command: clean-sampling
command: clean-global
command: script /scratch/kaltenec/Distribution-Aware-Sampling/Results_test/7z_disc/7z_disc_57/learn_semi_2.a
command: log /scratch/kaltenec/Distribution-Aware-Sampling/Results_test/7z_disc/7z_disc_57/out_semi_2.log
