Current machine learning settings: epsilon:0 lossFunction:RELATIVE parallelization:True bagging:False baggingNumbers:3 baggingTestDataFraction:50 useBackward:False abortError:1 limitFeatureSize:False featureSizeTreshold:4 quadraticFunctionSupport:True crossValidation:False crossValidation-k:5 learn-logFunction:False learn-accumulatedLogFunction:False learn-asymFunction:False learn-ratioFunction:False learn-mirrowedFunction:False numberOfRounds:70 backwardErrorDelta:1 minImprovementPerRound:0.1 withHierarchy:False bruteForceCandidates:False ignoreBadFeatures:False stopOnLongRound:True candidateSizePenalty:True learnTimeLimit:00:00:00 scoreMeasure:RELERROR outputRoundsToStdout:False blacklisted: 
command: mlsettings bagging:False stopOnLongRound:False parallelization:True lossFunction:RELATIVE useBackward:False abortError:10 limitFeatureSize:False featureSizeTreshold:7 quadraticFunctionSupport:True crossValidation:False learn_logFunction:True numberOfRounds:70 backwardErrorDelta:1 minImprovementPerRound:0.25 withHierarchy:False
Current machine learning settings: epsilon:0 lossFunction:RELATIVE parallelization:True bagging:False baggingNumbers:3 baggingTestDataFraction:50 useBackward:False abortError:10 limitFeatureSize:False featureSizeTreshold:7 quadraticFunctionSupport:True crossValidation:False crossValidation-k:5 learn-logFunction:True learn-accumulatedLogFunction:False learn-asymFunction:False learn-ratioFunction:False learn-mirrowedFunction:False numberOfRounds:70 backwardErrorDelta:1 minImprovementPerRound:0.25 withHierarchy:False bruteForceCandidates:False ignoreBadFeatures:False stopOnLongRound:False candidateSizePenalty:True learnTimeLimit:00:00:00 scoreMeasure:RELERROR outputRoundsToStdout:False blacklisted: 
command: solver z3
command: vm /scratch/kaltenec/Distribution-Aware-Sampling/DistOut/ConstraintData/7z_disc/FeatureModel.xml
command: all /scratch/kaltenec/Distribution-Aware-Sampling/DistOut/ConstraintData/7z_disc/measurements.xml
Configs with too large deviation: 0
68640 configurations loaded.
command: nfp Performance
command: hybrid distribution-aware distance-metric:manhattan distribution:uniform onlyBinary:true selection:SolverSelection number-weight-optimization:1-1 numConfigs:600 seed:57
command: learn-splconqueror
Learning: NumberOfConfigurationsLearning:600 NumberOfConfigurationsValidation:600
Learning progress:
1;12986.7148014441 * CompressionMethod + 876.546068121273 * BlockSize_1;267.406503391109;267.406503391109;267.406503391109;267.406503391109;0.129365;2;876.546068121273 * BlockSize_1;1;1.79769313486232E+308;
2;19074.2383944774 * CompressionMethod + -1218.57881893433 * BlockSize_1 + -16695.4854977247 * PPMd;128.681110925161;128.681110925161;128.681110925161;128.681110925161;0.402204;3;-16695.4854977247 * PPMd;1;138.725392465948;
3;10567.1190563082 * CompressionMethod + 340.607565465174 * BlockSize_1 + -8815.66424054447 * PPMd + 23292.6882044425 * x_10;85.1037507218732;85.1037507218732;85.1037507218732;85.1037507218732;0.925792;4;23292.6882044425 * x_10;1;43.5773602032882;
4;6442.81435372622 * CompressionMethod + 1065.67186272488 * BlockSize_1 + -5182.61887535095 * PPMd + 27240.493811201 * x_10 + 10989.0719371576 * x_8;60.9115449762972;60.9115449762972;60.9115449762972;60.9115449762972;1.824266;5;10989.0719371576 * x_8;1;24.1922057455761;
5;6014.04796625855 * CompressionMethod + 679.007332073549 * BlockSize_1 + -4367.42432148333 * PPMd + 11071.0388898166 * x_10 + 11387.8412230002 * x_8 + 46861.4615884678 * x_10 * BZip2;33.6346239571824;33.6346239571824;33.6346239571824;33.6346239571824;3.545998;7;46861.4615884678 * x_10 * BZip2;2;13.6384605095574;
6;6524.22707976084 * CompressionMethod + 513.540822727303 * BlockSize_1 + -4849.73229978123 * PPMd + 10618.9390477928 * x_10 + 11122.7096536277 * x_8 + 46816.3600824289 * x_10 * BZip2 + -1997.03329994737 * Deflate;30.3202345195011;30.3202345195011;30.3202345195011;30.3202345195011;6.00313;8;-1997.03329994737 * Deflate;1;3.31438943768131;
7;6217.36289046475 * CompressionMethod + 511.958213401836 * BlockSize_1 + -4336.2214472718 * PPMd + 10896.6644709682 * x_10 + 11885.8431211408 * x_8 + 46845.6229747709 * x_10 * BZip2 + -1845.18665731142 * Deflate + -7246.98456433414 * PPMd * x_8;24.8427984723019;24.8427984723019;24.8427984723019;24.8427984723019;9.225423;10;-7246.98456433414 * PPMd * x_8;2;2.73871802359959;
8;7073.05469263527 * CompressionMethod + 622.593890099491 * BlockSize_1 + -5179.39089233013 * PPMd + 10137.344869211 * x_10 + 12419.0386355379 * x_8 + 46740.5734663813 * x_10 * BZip2 + -2794.87663390545 * Deflate + -7792.70243584322 * PPMd * x_8 + -2230.44574836548 * LZMA;22.6587248514522;22.6587248514522;22.6587248514522;22.6587248514522;13.036677;11;-2230.44574836548 * LZMA;1;2.18407362084973;
9;6719.10145859709 * CompressionMethod + 727.04556411412 * BlockSize_1 + -4839.69364263055 * PPMd + 10494.8977411307 * x_10 + 13559.1825722833 * x_8 + 46728.7815403416 * x_10 * BZip2 + -2675.58801922829 * Deflate + -8918.59038824992 * PPMd * x_8 + -3620.07136348865 * LZMA + 14057.5892093775 * LZMA * x_6;17.1864827016024;17.1864827016024;17.1864827016024;17.1864827016024;16.905479;13;14057.5892093775 * LZMA * x_6;2;2.7361210749249;
10;6700.60657479419 * CompressionMethod + 557.458030687665 * BlockSize_1 + -4812.9897924147 * PPMd + 10529.7808984538 * x_10 + 13667.8512199418 * x_8 + 46725.6942498353 * x_10 * BZip2 + -3268.74959974574 * Deflate + -9035.46800232102 * PPMd * x_8 + -3643.54231718143 * LZMA + 14120.7534885513 * LZMA * x_6 + 4344.58358761223 * Deflate * x_6;14.5672723348869;14.5672723348869;14.5672723348869;14.5672723348869;21.67874;15;4344.58358761223 * Deflate * x_6;2;1.30960518335776;
11;6976.98130341526 * CompressionMethod + 528.810734868067 * BlockSize_1 + -5073.67749040825 * PPMd + 9946.49928740347 * x_10 + 13639.7251373944 * x_8 + 47034.8479789957 * x_10 * BZip2 + -4240.87087025108 * Deflate + -9023.02895040138 * PPMd * x_8 + -3887.3456562381 * LZMA + 14091.7630109643 * LZMA * x_6 + 5048.5150711594 * Deflate * x_6 + 31477.3902794327 * Deflate * tmOff;12.6971987108752;12.6971987108752;12.6971987108752;12.6971987108752;27.348571;17;31477.3902794327 * Deflate * tmOff;2;0.935036812005824;
12;7177.06585411406 * CompressionMethod + 479.004131943534 * BlockSize_1 + -5266.47008038224 * PPMd + 9755.64503197906 * x_10 + 12957.1030694383 * x_8 + 47029.5240839505 * x_10 * BZip2 + -5326.76282381091 * Deflate + -8347.69884317017 * PPMd * x_8 + -3680.53795515647 * LZMA + 13691.0965845497 * LZMA * x_6 + 5948.55293199866 * Deflate * x_6 + 32554.0519377177 * Deflate * tmOff + 4491.59390025854 * x_8 * Deflate;11.0189753147863;11.0189753147863;11.0189753147863;11.0189753147863;33.784769;19;4491.59390025854 * x_8 * Deflate;2;0.839111698044491;
13;6904.16291612912 * CompressionMethod + 479.726687864714 * BlockSize_1 + -4878.82457566395 * PPMd + 10289.882855844 * x_10 + 13122.357023437 * x_8 + 46768.132527018 * x_10 * BZip2 + -5053.859885826 * Deflate + -8627.69536390202 * PPMd * x_8 + -3515.1711444264 * LZMA + 13798.5423923142 * LZMA * x_6 + 5948.34648744973 * Deflate * x_6 + 32019.8141138529 * Deflate * tmOff + 4326.33994626017 * x_8 * Deflate + -5263.22119630927 * PPMd * tmOff;10.0342145656266;10.0342145656266;10.0342145656266;10.0342145656266;41.371643;21;-5263.22119630927 * PPMd * tmOff;2;0.492380374579807;
14;6904.34376116255 * CompressionMethod + 478.267068620628 * BlockSize_1 + -4929.78663983859 * PPMd + 10289.8010936725 * x_10 + 13122.2545477941 * x_8 + 46768.1479240968 * x_10 * BZip2 + -5054.04073085954 * Deflate + -8576.81166911806 * PPMd * x_8 + -3515.10239118061 * LZMA + 13798.4752464404 * LZMA * x_6 + 5948.76352151985 * Deflate * x_6 + 32019.8958760246 * Deflate * tmOff + 4326.4424219028 * x_8 * Deflate + -5212.35821499615 * PPMd * tmOff + 309.790329062631 * PPMd * x_6;9.38219785282449;9.38219785282449;9.38219785282449;9.38219785282449;49.784143;23;309.790329062631 * PPMd * x_6;2;0.326008356401077;
Elapsed=00:00:49.7911760
average model: 
command: analyze-learning
Round, Model, LearningError, LearningErrorRel, ValidationError, ValidationErrorRel, ElapsedSeconds, ModelComplexity, BestCandidate, BestCandidateSize, BestCandidateScore, TestError
Models:
Termination reason: abortError
1;12986.7148014441 * CompressionMethod + 876.546068121273 * BlockSize_1;267.406503391109;267.406503391109;267.406503391109;267.406503391109;0.129365;2;876.546068121273 * BlockSize_1;1;1.79769313486232E+308;211.41076064601
2;19074.2383944774 * CompressionMethod + -1218.57881893433 * BlockSize_1 + -16695.4854977247 * PPMd;128.681110925161;128.681110925161;128.681110925161;128.681110925161;0.402204;3;-16695.4854977247 * PPMd;1;138.725392465948;224.986843584346
3;10567.1190563082 * CompressionMethod + 340.607565465174 * BlockSize_1 + -8815.66424054447 * PPMd + 23292.6882044425 * x_10;85.1037507218732;85.1037507218732;85.1037507218732;85.1037507218732;0.925792;4;23292.6882044425 * x_10;1;43.5773602032882;127.092815230511
4;6442.81435372622 * CompressionMethod + 1065.67186272488 * BlockSize_1 + -5182.61887535095 * PPMd + 27240.493811201 * x_10 + 10989.0719371576 * x_8;60.9115449762972;60.9115449762972;60.9115449762972;60.9115449762972;1.824266;5;10989.0719371576 * x_8;1;24.1922057455761;76.3826235925841
5;6014.04796625855 * CompressionMethod + 679.007332073549 * BlockSize_1 + -4367.42432148333 * PPMd + 11071.0388898166 * x_10 + 11387.8412230002 * x_8 + 46861.4615884678 * x_10 * BZip2;33.6346239571824;33.6346239571824;33.6346239571824;33.6346239571824;3.545998;7;46861.4615884678 * x_10 * BZip2;2;13.6384605095574;57.8646373498334
6;6524.22707976084 * CompressionMethod + 513.540822727303 * BlockSize_1 + -4849.73229978123 * PPMd + 10618.9390477928 * x_10 + 11122.7096536277 * x_8 + 46816.3600824289 * x_10 * BZip2 + -1997.03329994737 * Deflate;30.3202345195011;30.3202345195011;30.3202345195011;30.3202345195011;6.00313;8;-1997.03329994737 * Deflate;1;3.31438943768131;53.1423084655749
7;6217.36289046475 * CompressionMethod + 511.958213401836 * BlockSize_1 + -4336.2214472718 * PPMd + 10896.6644709682 * x_10 + 11885.8431211408 * x_8 + 46845.6229747709 * x_10 * BZip2 + -1845.18665731142 * Deflate + -7246.98456433414 * PPMd * x_8;24.8427984723019;24.8427984723019;24.8427984723019;24.8427984723019;9.225423;10;-7246.98456433414 * PPMd * x_8;2;2.73871802359959;46.6319219583943
8;7073.05469263527 * CompressionMethod + 622.593890099491 * BlockSize_1 + -5179.39089233013 * PPMd + 10137.344869211 * x_10 + 12419.0386355379 * x_8 + 46740.5734663813 * x_10 * BZip2 + -2794.87663390545 * Deflate + -7792.70243584322 * PPMd * x_8 + -2230.44574836548 * LZMA;22.6587248514522;22.6587248514522;22.6587248514522;22.6587248514522;13.036677;11;-2230.44574836548 * LZMA;1;2.18407362084973;44.7429400740564
9;6719.10145859709 * CompressionMethod + 727.04556411412 * BlockSize_1 + -4839.69364263055 * PPMd + 10494.8977411307 * x_10 + 13559.1825722833 * x_8 + 46728.7815403416 * x_10 * BZip2 + -2675.58801922829 * Deflate + -8918.59038824992 * PPMd * x_8 + -3620.07136348865 * LZMA + 14057.5892093775 * LZMA * x_6;17.1864827016024;17.1864827016024;17.1864827016024;17.1864827016024;16.905479;13;14057.5892093775 * LZMA * x_6;2;2.7361210749249;36.62782588072
10;6700.60657479419 * CompressionMethod + 557.458030687665 * BlockSize_1 + -4812.9897924147 * PPMd + 10529.7808984538 * x_10 + 13667.8512199418 * x_8 + 46725.6942498353 * x_10 * BZip2 + -3268.74959974574 * Deflate + -9035.46800232102 * PPMd * x_8 + -3643.54231718143 * LZMA + 14120.7534885513 * LZMA * x_6 + 4344.58358761223 * Deflate * x_6;14.5672723348869;14.5672723348869;14.5672723348869;14.5672723348869;21.67874;15;4344.58358761223 * Deflate * x_6;2;1.30960518335776;31.9304579316699
11;6976.98130341526 * CompressionMethod + 528.810734868067 * BlockSize_1 + -5073.67749040825 * PPMd + 9946.49928740347 * x_10 + 13639.7251373944 * x_8 + 47034.8479789957 * x_10 * BZip2 + -4240.87087025108 * Deflate + -9023.02895040138 * PPMd * x_8 + -3887.3456562381 * LZMA + 14091.7630109643 * LZMA * x_6 + 5048.5150711594 * Deflate * x_6 + 31477.3902794327 * Deflate * tmOff;12.6971987108752;12.6971987108752;12.6971987108752;12.6971987108752;27.348571;17;31477.3902794327 * Deflate * tmOff;2;0.935036812005824;116.953077970919
12;7177.06585411406 * CompressionMethod + 479.004131943534 * BlockSize_1 + -5266.47008038224 * PPMd + 9755.64503197906 * x_10 + 12957.1030694383 * x_8 + 47029.5240839505 * x_10 * BZip2 + -5326.76282381091 * Deflate + -8347.69884317017 * PPMd * x_8 + -3680.53795515647 * LZMA + 13691.0965845497 * LZMA * x_6 + 5948.55293199866 * Deflate * x_6 + 32554.0519377177 * Deflate * tmOff + 4491.59390025854 * x_8 * Deflate;11.0189753147863;11.0189753147863;11.0189753147863;11.0189753147863;33.784769;19;4491.59390025854 * x_8 * Deflate;2;0.839111698044491;116.822680626778
13;6904.16291612912 * CompressionMethod + 479.726687864714 * BlockSize_1 + -4878.82457566395 * PPMd + 10289.882855844 * x_10 + 13122.357023437 * x_8 + 46768.132527018 * x_10 * BZip2 + -5053.859885826 * Deflate + -8627.69536390202 * PPMd * x_8 + -3515.1711444264 * LZMA + 13798.5423923142 * LZMA * x_6 + 5948.34648744973 * Deflate * x_6 + 32019.8141138529 * Deflate * tmOff + 4326.33994626017 * x_8 * Deflate + -5263.22119630927 * PPMd * tmOff;10.0342145656266;10.0342145656266;10.0342145656266;10.0342145656266;41.371643;21;-5263.22119630927 * PPMd * tmOff;2;0.492380374579807;128.825701550325
14;6904.34376116255 * CompressionMethod + 478.267068620628 * BlockSize_1 + -4929.78663983859 * PPMd + 10289.8010936725 * x_10 + 13122.2545477941 * x_8 + 46768.1479240968 * x_10 * BZip2 + -5054.04073085954 * Deflate + -8576.81166911806 * PPMd * x_8 + -3515.10239118061 * LZMA + 13798.4752464404 * LZMA * x_6 + 5948.76352151985 * Deflate * x_6 + 32019.8958760246 * Deflate * tmOff + 4326.4424219028 * x_8 * Deflate + -5212.35821499615 * PPMd * tmOff + 309.790329062631 * PPMd * x_6;9.38219785282449;9.38219785282449;9.38219785282449;9.38219785282449;49.784143;23;309.790329062631 * PPMd * x_6;2;0.326008356401077;128.48011054914
Analyze finished
command: measurementstocsv /scratch/kaltenec/Distribution-Aware-Sampling/Results_opt/7z_disc/7z_disc_57/sampledConfigurations_solv_1.csv
command: clean-sampling
command: clean-global
command: script /scratch/kaltenec/Distribution-Aware-Sampling/Results_opt/7z_disc/7z_disc_57/learn_solv_2.a
command: log /scratch/kaltenec/Distribution-Aware-Sampling/Results_opt/7z_disc/7z_disc_57/out_solv_2.log
