Current machine learning settings: epsilon:0 lossFunction:RELATIVE parallelization:True bagging:False baggingNumbers:3 considerEpsilonTube:False baggingTestDataFraction:50 useBackward:False abortError:1 limitFeatureSize:False featureSizeTreshold:4 quadraticFunctionSupport:True crossValidation:False crossValidation-k:5 learn-logFunction:False learn-accumulatedLogFunction:False learn-asymFunction:False learn-ratioFunction:False learn-mirrowedFunction:False numberOfRounds:70 backwardErrorDelta:1 minImprovementPerRound:0.1 withHierarchy:False bruteForceCandidates:False ignoreBadFeatures:False stopOnLongRound:True candidateSizePenalty:True learnTimeLimit:00:00:00 scoreMeasure:RELERROR outputRoundsToStdout:False blacklisted: 
command: mlsettings bagging:False stopOnLongRound:False parallelization:True lossFunction:RELATIVE useBackward:False abortError:10 limitFeatureSize:False featureSizeTreshold:7 quadraticFunctionSupport:True crossValidation:False learn_logFunction:True numberOfRounds:70 backwardErrorDelta:1 minImprovementPerRound:0.25 withHierarchy:False
Current machine learning settings: epsilon:0 lossFunction:RELATIVE parallelization:True bagging:False baggingNumbers:3 considerEpsilonTube:False baggingTestDataFraction:50 useBackward:False abortError:10 limitFeatureSize:False featureSizeTreshold:7 quadraticFunctionSupport:True crossValidation:False crossValidation-k:5 learn-logFunction:True learn-accumulatedLogFunction:False learn-asymFunction:False learn-ratioFunction:False learn-mirrowedFunction:False numberOfRounds:70 backwardErrorDelta:1 minImprovementPerRound:0.25 withHierarchy:False bruteForceCandidates:False ignoreBadFeatures:False stopOnLongRound:False candidateSizePenalty:True learnTimeLimit:00:00:00 scoreMeasure:RELERROR outputRoundsToStdout:False blacklisted: 
command: solver z3
command: vm /scratch/kaltenec/Distribution-Aware-Sampling/DistOut/ConstraintData/VP9_disc/FeatureModel.xml
command: all /scratch/kaltenec/Distribution-Aware-Sampling/DistOut/ConstraintData/VP9_disc/measurements.xml
Configs with too large deviation: 0
216000 configurations loaded.
command: nfp Performance
command: binary satoutput numConfigs:483 seed:10
command: learn-splconqueror
Learning: NumberOfConfigurationsLearning:483 NumberOfConfigurationsValidation:483
Learning progress:
1;5.91407582938392 * Quality + 0.402153678812852 * cpuUsed_4;392.148149914803;392.148149914803;392.148149914803;392.148149914803;0.105944;2;0.402153678812852 * cpuUsed_4;1;1.79769313486232E+308;
2;1.08006211180121 * Quality + -2.57974750329753 * cpuUsed_4 + 7.81591489969303 * good;107.098561409951;107.098561409951;107.098561409951;107.098561409951;0.330986;3;7.81591489969303 * good;1;285.049588504852;
3;1.08006211180125 * Quality + -0.950491803278678 * cpuUsed_4 + 6.18665919967414 * good + 25.0138669238188 * cpuUsed_0;92.6786864316155;92.6786864316155;92.6786864316155;92.6786864316155;0.811398;4;25.0138669238188 * cpuUsed_0;1;14.4198749783353;
4;1.08006211180126 * Quality + -0.950491803278689 * cpuUsed_4 + 3.40703699069423 * good + 27.1285598984937 * cpuUsed_0 + 5.65189849159249 * good * lossless;76.2246700457637;76.2246700457637;76.2246700457637;76.2246700457637;1.80706;6;5.65189849159249 * good * lossless;2;8.22700819292589;
5;0.357250000000003 * Quality + -0.950491803278719 * cpuUsed_4 + 4.12984910249551 * good + 27.1285598984936 * cpuUsed_0 + 4.21519787430853 * good * lossless + 1.43670061728394 * lossless;37.2151261203749;37.2151261203749;37.2151261203749;37.2151261203749;2.809269;7;1.43670061728394 * lossless;1;39.0095439253887;
6;0.357249999999981 * Quality + 0.306159688841558 * cpuUsed_4 + 2.87370072081203 * good + 28.3848286320855 * cpuUsed_0 + 4.21417488308712 * good * lossless + 1.43670061728396 * lossless + 4.86703117583079 * cpuUsed_2;32.3198546812042;32.3198546812042;32.3198546812042;32.3198546812042;4.278526;8;4.86703117583079 * cpuUsed_2;1;4.89527143917076;
7;0.357249999999991 * Quality + 0.692735194555394 * cpuUsed_4 + 2.71516077495728 * good + 28.863430842856 * cpuUsed_0 + 1.49364563130271 * good * lossless + 1.43670061728397 * lossless + 5.11043483072519 * cpuUsed_2 + 11.2842847336882 * good * lossless * TileColumns_0;23.3838231024194;23.3838231024194;23.3838231024194;23.3838231024194;6.492136;11;11.2842847336882 * good * lossless * TileColumns_0;3;2.97867719292825;
8;0.357250000000003 * Quality + 0.692735194555319 * cpuUsed_4 + 2.71516077495729 * good + 28.8634308428559 * cpuUsed_0 + 1.77145589770946 * good * lossless + 1.15889035087721 * lossless + 5.11043483072516 * cpuUsed_2 + 10.3466750845655 * good * lossless * TileColumns_0 + 0.937609649122787 * lossless * TileColumns_0;20.2326894672196;20.2326894672196;20.2326894672196;20.2326894672196;9.029139;13;0.937609649122787 * lossless * TileColumns_0;2;1.57556681759993;
9;0.357249999999991 * Quality + 0.642503657905211 * cpuUsed_4 + 2.71764030712262 * good + 28.8150299277069 * cpuUsed_0 + 2.1617876530714 * good * lossless + 1.15889035087718 * lossless + 3.2824790242364 * cpuUsed_2 + 8.88049502001826 * good * lossless * TileColumns_0 + 0.937609649122821 * lossless * TileColumns_0 + 7.54453208786584 * cpuUsed_2 * TileColumns_0;17.7598799102107;17.7598799102107;17.7598799102107;17.7598799102107;11.853479;15;7.54453208786584 * cpuUsed_2 * TileColumns_0;2;1.23640477850442;
10;0.357249999999985 * Quality + 0.332085914279286 * cpuUsed_4 + 2.71760232300227 * good + 28.8065351053777 * cpuUsed_0 + 2.23431650789303 * good * lossless + 1.15889035087723 * lossless + 3.24625258094597 * cpuUsed_2 + 8.61182031362891 * good * lossless * TileColumns_0 + 0.937609649122765 * lossless * TileColumns_0 + 7.6723312460082 * cpuUsed_2 * TileColumns_0 + 1.41338322970831 * cpuUsed_4 * TileColumns_0;17.0822104141389;17.0822104141389;17.0822104141389;17.0822104141389;15.952606;17;1.41338322970831 * cpuUsed_4 * TileColumns_0;2;0.338834748035884;
11;0.407985704738331 * Quality + 0.364474296703887 * cpuUsed_4 + 2.71330757473258 * good + 28.7587458738493 * cpuUsed_0 + 2.22530454398908 * good * lossless + 1.17936265278914 * lossless + 3.27864096337055 * cpuUsed_2 + 8.63557201071217 * good * lossless * TileColumns_0 + 0.86640164247252 * lossless * TileColumns_0 + 7.61030002717587 * cpuUsed_2 * TileColumns_0 + 1.35116741615001 * cpuUsed_4 * TileColumns_0 + -0.169119015794466 * TileColumns_3;16.1961362473165;16.1961362473165;16.1961362473165;16.1961362473165;20.202475;18;-0.169119015794466 * TileColumns_3;1;0.886074166822457;
12;0.332340691720154 * Quality + 0.357729532433168 * cpuUsed_4 + 2.71236520727255 * good + 28.773279961176 * cpuUsed_0 + 2.22257258570494 * good * lossless + 1.184171535132 * lossless + 3.27189619909982 * cpuUsed_2 + 8.64171477865139 * good * lossless * TileColumns_0 + 0.8496750951929 * lossless * TileColumns_0 + 7.61003935976801 * cpuUsed_2 * TileColumns_0 + 1.35086312384321 * cpuUsed_4 * TileColumns_0 + -0.179657006265238 * TileColumns_3 + 0.087562677954952 * constrainedQuality;15.8155310465882;15.8155310465882;15.8155310465882;15.8155310465882;25.142589;19;0.087562677954952 * constrainedQuality;1;0.380605200728272;
13;0.331647077166024 * Quality + 0.081999211183282 * cpuUsed_4 + 2.76566154663309 * good + 28.7334488257511 * cpuUsed_0 + 2.11090474794076 * good * lossless + 1.18410522208001 * lossless + 3.27426916220078 * cpuUsed_2 + 8.65400199673612 * good * lossless * TileColumns_0 + 0.849905749286855 * lossless * TileColumns_0 + 7.60083532837927 * cpuUsed_2 * TileColumns_0 + 1.36254285136026 * cpuUsed_4 * TileColumns_0 + -0.178932778288063 * TileColumns_3 + 0.0880919514671019 * constrainedQuality + 0.556206568701608 * cpuUsed_4 * lossless;15.5663967002268;15.5663967002268;15.5663967002268;15.5663967002268;31.340286;21;0.556206568701608 * cpuUsed_4 * lossless;2;0.124567173180696;
Elapsed=00:00:31.3524318
average model: 
command: analyze-learning
Round, Model, LearningError, LearningErrorRel, ValidationError, ValidationErrorRel, ElapsedSeconds, ModelComplexity, BestCandidate, BestCandidateSize, BestCandidateScore, TestError
Models:
Termination reason: minImprovementPerRound
1;5.91407582938392 * Quality + 0.402153678812852 * cpuUsed_4;392.148149914803;392.148149914803;392.148149914803;392.148149914803;0.105944;2;0.402153678812852 * cpuUsed_4;1;1.79769313486232E+308;221.812179999662
2;1.08006211180121 * Quality + -2.57974750329753 * cpuUsed_4 + 7.81591489969303 * good;107.098561409951;107.098561409951;107.098561409951;107.098561409951;0.330986;3;7.81591489969303 * good;1;285.049588504852;92.5002122446452
3;1.08006211180125 * Quality + -0.950491803278678 * cpuUsed_4 + 6.18665919967414 * good + 25.0138669238188 * cpuUsed_0;92.6786864316155;92.6786864316155;92.6786864316155;92.6786864316155;0.811398;4;25.0138669238188 * cpuUsed_0;1;14.4198749783353;76.3370198132921
4;1.08006211180126 * Quality + -0.950491803278689 * cpuUsed_4 + 3.40703699069423 * good + 27.1285598984937 * cpuUsed_0 + 5.65189849159249 * good * lossless;76.2246700457637;76.2246700457637;76.2246700457637;76.2246700457637;1.80706;6;5.65189849159249 * good * lossless;2;8.22700819292589;66.7837993452868
5;0.357250000000003 * Quality + -0.950491803278719 * cpuUsed_4 + 4.12984910249551 * good + 27.1285598984936 * cpuUsed_0 + 4.21519787430853 * good * lossless + 1.43670061728394 * lossless;37.2151261203749;37.2151261203749;37.2151261203749;37.2151261203749;2.809269;7;1.43670061728394 * lossless;1;39.0095439253887;49.3514488950408
6;0.357249999999981 * Quality + 0.306159688841558 * cpuUsed_4 + 2.87370072081203 * good + 28.3848286320855 * cpuUsed_0 + 4.21417488308712 * good * lossless + 1.43670061728396 * lossless + 4.86703117583079 * cpuUsed_2;32.3198546812042;32.3198546812042;32.3198546812042;32.3198546812042;4.278526;8;4.86703117583079 * cpuUsed_2;1;4.89527143917076;40.7354576189625
7;0.357249999999991 * Quality + 0.692735194555394 * cpuUsed_4 + 2.71516077495728 * good + 28.863430842856 * cpuUsed_0 + 1.49364563130271 * good * lossless + 1.43670061728397 * lossless + 5.11043483072519 * cpuUsed_2 + 11.2842847336882 * good * lossless * TileColumns_0;23.3838231024194;23.3838231024194;23.3838231024194;23.3838231024194;6.492136;11;11.2842847336882 * good * lossless * TileColumns_0;3;2.97867719292825;35.2082232093236
8;0.357250000000003 * Quality + 0.692735194555319 * cpuUsed_4 + 2.71516077495729 * good + 28.8634308428559 * cpuUsed_0 + 1.77145589770946 * good * lossless + 1.15889035087721 * lossless + 5.11043483072516 * cpuUsed_2 + 10.3466750845655 * good * lossless * TileColumns_0 + 0.937609649122787 * lossless * TileColumns_0;20.2326894672196;20.2326894672196;20.2326894672196;20.2326894672196;9.029139;13;0.937609649122787 * lossless * TileColumns_0;2;1.57556681759993;33.8782714385811
9;0.357249999999991 * Quality + 0.642503657905211 * cpuUsed_4 + 2.71764030712262 * good + 28.8150299277069 * cpuUsed_0 + 2.1617876530714 * good * lossless + 1.15889035087718 * lossless + 3.2824790242364 * cpuUsed_2 + 8.88049502001826 * good * lossless * TileColumns_0 + 0.937609649122821 * lossless * TileColumns_0 + 7.54453208786584 * cpuUsed_2 * TileColumns_0;17.7598799102107;17.7598799102107;17.7598799102107;17.7598799102107;11.853479;15;7.54453208786584 * cpuUsed_2 * TileColumns_0;2;1.23640477850442;33.3308584125597
10;0.357249999999985 * Quality + 0.332085914279286 * cpuUsed_4 + 2.71760232300227 * good + 28.8065351053777 * cpuUsed_0 + 2.23431650789303 * good * lossless + 1.15889035087723 * lossless + 3.24625258094597 * cpuUsed_2 + 8.61182031362891 * good * lossless * TileColumns_0 + 0.937609649122765 * lossless * TileColumns_0 + 7.6723312460082 * cpuUsed_2 * TileColumns_0 + 1.41338322970831 * cpuUsed_4 * TileColumns_0;17.0822104141389;17.0822104141389;17.0822104141389;17.0822104141389;15.952606;17;1.41338322970831 * cpuUsed_4 * TileColumns_0;2;0.338834748035884;33.2736103561269
11;0.407985704738331 * Quality + 0.364474296703887 * cpuUsed_4 + 2.71330757473258 * good + 28.7587458738493 * cpuUsed_0 + 2.22530454398908 * good * lossless + 1.17936265278914 * lossless + 3.27864096337055 * cpuUsed_2 + 8.63557201071217 * good * lossless * TileColumns_0 + 0.86640164247252 * lossless * TileColumns_0 + 7.61030002717587 * cpuUsed_2 * TileColumns_0 + 1.35116741615001 * cpuUsed_4 * TileColumns_0 + -0.169119015794466 * TileColumns_3;16.1961362473165;16.1961362473165;16.1961362473165;16.1961362473165;20.202475;18;-0.169119015794466 * TileColumns_3;1;0.886074166822457;33.3368832618072
12;0.332340691720154 * Quality + 0.357729532433168 * cpuUsed_4 + 2.71236520727255 * good + 28.773279961176 * cpuUsed_0 + 2.22257258570494 * good * lossless + 1.184171535132 * lossless + 3.27189619909982 * cpuUsed_2 + 8.64171477865139 * good * lossless * TileColumns_0 + 0.8496750951929 * lossless * TileColumns_0 + 7.61003935976801 * cpuUsed_2 * TileColumns_0 + 1.35086312384321 * cpuUsed_4 * TileColumns_0 + -0.179657006265238 * TileColumns_3 + 0.087562677954952 * constrainedQuality;15.8155310465882;15.8155310465882;15.8155310465882;15.8155310465882;25.142589;19;0.087562677954952 * constrainedQuality;1;0.380605200728272;34.0100733060314
13;0.331647077166024 * Quality + 0.081999211183282 * cpuUsed_4 + 2.76566154663309 * good + 28.7334488257511 * cpuUsed_0 + 2.11090474794076 * good * lossless + 1.18410522208001 * lossless + 3.27426916220078 * cpuUsed_2 + 8.65400199673612 * good * lossless * TileColumns_0 + 0.849905749286855 * lossless * TileColumns_0 + 7.60083532837927 * cpuUsed_2 * TileColumns_0 + 1.36254285136026 * cpuUsed_4 * TileColumns_0 + -0.178932778288063 * TileColumns_3 + 0.0880919514671019 * constrainedQuality + 0.556206568701608 * cpuUsed_4 * lossless;15.5663967002268;15.5663967002268;15.5663967002268;15.5663967002268;31.340286;21;0.556206568701608 * cpuUsed_4 * lossless;2;0.124567173180696;34.0568815359186
Analyze finished
command: clean-sampling
command: clean-global
