Current machine learning settings: epsilon:0 lossFunction:RELATIVE parallelization:True bagging:False baggingNumbers:3 considerEpsilonTube:False baggingTestDataFraction:50 useBackward:False abortError:1 limitFeatureSize:False featureSizeTreshold:4 quadraticFunctionSupport:True crossValidation:False crossValidation-k:5 learn-logFunction:False learn-accumulatedLogFunction:False learn-asymFunction:False learn-ratioFunction:False learn-mirrowedFunction:False numberOfRounds:70 backwardErrorDelta:1 minImprovementPerRound:0.1 withHierarchy:False bruteForceCandidates:False ignoreBadFeatures:False stopOnLongRound:True candidateSizePenalty:True learnTimeLimit:00:00:00 scoreMeasure:RELERROR outputRoundsToStdout:False blacklisted: 
command: mlsettings bagging:False stopOnLongRound:False parallelization:True lossFunction:RELATIVE useBackward:False abortError:10 limitFeatureSize:False featureSizeTreshold:7 quadraticFunctionSupport:True crossValidation:False learn_logFunction:True numberOfRounds:70 backwardErrorDelta:1 minImprovementPerRound:0.25 withHierarchy:False
Current machine learning settings: epsilon:0 lossFunction:RELATIVE parallelization:True bagging:False baggingNumbers:3 considerEpsilonTube:False baggingTestDataFraction:50 useBackward:False abortError:10 limitFeatureSize:False featureSizeTreshold:7 quadraticFunctionSupport:True crossValidation:False crossValidation-k:5 learn-logFunction:True learn-accumulatedLogFunction:False learn-asymFunction:False learn-ratioFunction:False learn-mirrowedFunction:False numberOfRounds:70 backwardErrorDelta:1 minImprovementPerRound:0.25 withHierarchy:False bruteForceCandidates:False ignoreBadFeatures:False stopOnLongRound:False candidateSizePenalty:True learnTimeLimit:00:00:00 scoreMeasure:RELERROR outputRoundsToStdout:False blacklisted: 
command: solver z3
command: vm /scratch/kaltenec/Distribution-Aware-Sampling/DistOut/ConstraintData/JavaGC_disc/FeatureModel.xml
command: all /scratch/kaltenec/Distribution-Aware-Sampling/DistOut/ConstraintData/JavaGC_disc/measurements.xml
Configs with too large deviation: 0
193536 configurations loaded.
command: nfp Performance
command: binary satoutput henard:true numConfigs:32 seed:95
command: learn-splconqueror
Learning: NumberOfConfigurationsLearning:32 NumberOfConfigurationsValidation:32
Learning progress:
1;37.1249222222222 * MaxTenuringThreshold + -6.96633601532568 * NewRatio_1;15.9238093921991;15.9238093921991;15.9238093921991;15.9238093921991;0.042674;2;-6.96633601532568 * NewRatio_1;1;1.79769313486232E+308;
2;37.1249222222222 * MaxTenuringThreshold + -13.9423222222222 * NewRatio_1 + 8.42931666666666 * SurvivorRatio_1;10.8981775794178;10.8981775794178;10.8981775794178;10.8981775794178;0.069601;3;8.42931666666666 * SurvivorRatio_1;1;5.02563181278132;
3;24.6532 * MaxTenuringThreshold + -1.47060000000003 * NewRatio_1 + 8.42931666666665 * SurvivorRatio_1 + 18.7075833333333 * NewRatio_16;8.74608019090271;8.74608019090271;8.74608019090271;8.74608019090271;0.115158;4;18.7075833333333 * NewRatio_16;1;2.15209738851509;
Elapsed=00:00:00.1166870
average model: 
command: analyze-learning
Round, Model, LearningError, LearningErrorRel, ValidationError, ValidationErrorRel, ElapsedSeconds, ModelComplexity, BestCandidate, BestCandidateSize, BestCandidateScore, TestError
Models:
Termination reason: abortError
1;37.1249222222222 * MaxTenuringThreshold + -6.96633601532568 * NewRatio_1;15.9238093921991;15.9238093921991;15.9238093921991;15.9238093921991;0.042674;2;-6.96633601532568 * NewRatio_1;1;1.79769313486232E+308;39.6394956818836
2;37.1249222222222 * MaxTenuringThreshold + -13.9423222222222 * NewRatio_1 + 8.42931666666666 * SurvivorRatio_1;10.8981775794178;10.8981775794178;10.8981775794178;10.8981775794178;0.069601;3;8.42931666666666 * SurvivorRatio_1;1;5.02563181278132;38.0392672010687
3;24.6532 * MaxTenuringThreshold + -1.47060000000003 * NewRatio_1 + 8.42931666666665 * SurvivorRatio_1 + 18.7075833333333 * NewRatio_16;8.74608019090271;8.74608019090271;8.74608019090271;8.74608019090271;0.115158;4;18.7075833333333 * NewRatio_16;1;2.15209738851509;41.3809320481909
Analyze finished
command: clean-sampling
command: clean-global
command: script /scratch/kaltenec/Distribution-Aware-Sampling/Results_newTry/JavaGC_disc/JavaGC_disc_95/learn_henard_1.a
command: log /scratch/kaltenec/Distribution-Aware-Sampling/Results_newTry/JavaGC_disc/JavaGC_disc_95/out_henard_1.log
