Current machine learning settings: epsilon:0 lossFunction:RELATIVE parallelization:True bagging:False baggingNumbers:3 baggingTestDataFraction:50 useBackward:False abortError:1 limitFeatureSize:False featureSizeTreshold:4 quadraticFunctionSupport:True crossValidation:False crossValidation-k:5 learn-logFunction:False learn-accumulatedLogFunction:False learn-asymFunction:False learn-ratioFunction:False learn-mirrowedFunction:False numberOfRounds:70 backwardErrorDelta:1 minImprovementPerRound:0.1 withHierarchy:False bruteForceCandidates:False ignoreBadFeatures:False stopOnLongRound:True candidateSizePenalty:True learnTimeLimit:00:00:00 scoreMeasure:RELERROR outputRoundsToStdout:False blacklisted: 
command: mlsettings bagging:False stopOnLongRound:False parallelization:True lossFunction:RELATIVE useBackward:False abortError:10 limitFeatureSize:False featureSizeTreshold:7 quadraticFunctionSupport:True crossValidation:False learn_logFunction:True numberOfRounds:70 backwardErrorDelta:1 minImprovementPerRound:0.25 withHierarchy:False
Current machine learning settings: epsilon:0 lossFunction:RELATIVE parallelization:True bagging:False baggingNumbers:3 baggingTestDataFraction:50 useBackward:False abortError:10 limitFeatureSize:False featureSizeTreshold:7 quadraticFunctionSupport:True crossValidation:False crossValidation-k:5 learn-logFunction:True learn-accumulatedLogFunction:False learn-asymFunction:False learn-ratioFunction:False learn-mirrowedFunction:False numberOfRounds:70 backwardErrorDelta:1 minImprovementPerRound:0.25 withHierarchy:False bruteForceCandidates:False ignoreBadFeatures:False stopOnLongRound:False candidateSizePenalty:True learnTimeLimit:00:00:00 scoreMeasure:RELERROR outputRoundsToStdout:False blacklisted: 
command: solver z3
command: vm ../FeatureModel.xml
command: all ../measurements.xml
Configs with too large deviation: 0
68640 configurations loaded.
command: nfp Performance
command: binary random numConfigs:39 seed:62 fromFile:../allConfigurations.csv
command: learn-splconqueror
Learning: NumberOfConfigurationsLearning:39 NumberOfConfigurationsValidation:39
Learning progress:
1;9962.1052631579 * CompressionMethod + 8287.89473684211 * BlockSize_1;151.923600285897;151.923600285897;151.923600285897;151.923600285897;0.1250025;2;8287.89473684211 * BlockSize_1;1;1.79769313486232E+308;
2;7564.41176470588 * CompressionMethod + 10685.5882352941 * BlockSize_1 + 22778.0882352941 * x_10;106.388251840363;106.388251840363;106.388251840363;106.388251840363;0.1562526;3;22778.0882352941 * x_10;1;45.5353484455341;
3;5080.74074074075 * CompressionMethod + 13169.2592592593 * BlockSize_1 + 25261.7592592592 * x_10 + 12063.544973545 * x_8;64.0780436834929;64.0780436834929;64.0780436834929;64.0780436834929;0.2187529;4;12063.544973545 * x_8;1;42.3102081568703;
4;3141.04576436223 * CompressionMethod + 15108.9542356378 * BlockSize_1 + 25331.0340798442 * x_10 + 12934.4284323272 * x_8 + 7481.68062317428 * BZip2;39.2647516822346;39.2647516822346;39.2647516822346;39.2647516822346;0.2500026;5;7481.68062317428 * BZip2;1;24.8132920012583;
5;2369.93665713119 * CompressionMethod + -550.000000000038 * BlockSize_1 + 25945.3616673478 * x_10 + 13615.9480997139 * x_8 + 8108.8067020842 * BZip2 + 16430.0633428688 * Files_60;35.1903504809539;35.1903504809539;35.1903504809539;35.1903504809539;0.3125021;6;16430.0633428688 * Files_60;1;4.07440120128076;
6;3714.43422263111 * CompressionMethod + -549.99999999996 * BlockSize_1 + 14658.8991107022 * x_10 + 12984.8574057038 * x_8 + 3114.95860165593 * BZip2 + 15085.5657773689 * Files_60 + 44761.7080650108 * BZip2 * x_10;29.5012370001154;29.5012370001154;29.5012370001154;29.5012370001154;0.3750027;8;44761.7080650108 * BZip2 * x_10;2;2.84455674041922;
7;3045.4336734694 * CompressionMethod + -549.99999999998 * BlockSize_1 + 15327.8996598639 * x_10 + 13718.112244898 * x_8 + 2665.17857142857 * BZip2 + 11646.0714285714 * Files_60 + 45211.4880952382 * BZip2 * x_10 + 4108.49489795916 * x_6;26.5708098441093;26.5708098441093;26.5708098441093;26.5708098441093;0.4687535;9;4108.49489795916 * x_6;1;2.93042715600607;
8;2836.4825930372 * CompressionMethod + -549.999999999961 * BlockSize_1 + 15536.8507402961 * x_10 + 13801.6926770708 * x_8 + 3542.77310924372 * BZip2 + 14571.3865546219 * Files_60 + 44333.8935574229 * BZip2 * x_10 + 1392.13085234092 * x_6 + 12871.3865546219 * x_6 * BlockSize_4096;19.4376819593023;19.4376819593023;19.4376819593023;19.4376819593023;0.5824284;11;12871.3865546219 * x_6 * BlockSize_4096;2;3.56656394240354;
9;3193.38028169015 * CompressionMethod + -550.000000000006 * BlockSize_1 + 15179.9530516432 * x_10 + 13481.9718309859 * x_8 + 3282.53521126759 * BZip2 + 14441.2676056338 * Files_60 + 44594.1314553991 * BZip2 * x_10 + 1165.35211267607 * x_6 + 12741.2676056338 * x_6 * BlockSize_4096 + -884.808853118722 * x_2;17.2209028250907;17.2209028250907;17.2209028250907;17.2209028250907;0.7543059;12;-884.808853118722 * x_2;1;2.21677913421156;
10;3313.84433962265 * CompressionMethod + -550.000000000016 * BlockSize_1 + 15059.4889937107 * x_10 + 15120.2830188679 * x_8 + 2945.23584905659 * BZip2 + 14272.6179245283 * Files_60 + 44931.43081761 * BZip2 * x_10 + 1213.53773584904 * x_6 + 12572.6179245283 * x_6 * BlockSize_4096 + -1005.27291105121 * x_2 + -11974.1273584906 * x_8 * BlockSize_256;13.1387713057373;13.1387713057373;13.1387713057373;13.1387713057373;0.9418086;14;-11974.1273584906 * x_8 * BlockSize_256;2;2.04106575967669;
11;3155.63131313133 * CompressionMethod + -549.999999999941 * BlockSize_1 + 15217.7020202021 * x_10 + 15204.6632996633 * x_8 + 3388.23232323236 * BZip2 + 15612.1548821548 * Files_60 + 44488.4343434342 * BZip2 * x_10 + 32.2138047137702 * x_6 + 13912.1548821549 * x_6 * BlockSize_4096 + -847.059884559875 * x_2 + -11900.2946127946 * x_8 * BlockSize_256 + 4472.1548821549 * x_6 * BlockSize_2048;10.0663065944595;10.0663065944595;10.0663065944595;10.0663065944595;1.1605594;16;4472.1548821549 * x_6 * BlockSize_2048;2;1.53623235563893;
12;3248.59360784202 * CompressionMethod + -549.999999999999 * BlockSize_1 + 15124.7397254913 * x_10 + 15199.4365039767 * x_8 + 3305.35027734567 * BZip2 + 15556.9001848971 * Files_60 + 44571.316389321 * BZip2 * x_10 + -5.49379273910505 * x_6 + 13856.9001848971 * x_6 * BlockSize_4096 + -749.937487159939 * x_2 + -11988.0301118187 * x_8 * BlockSize_256 + 4860.43113315528 * x_6 * BlockSize_2048 + -443.530948258166 * Deflate;8.72199178886022;8.72199178886022;8.72199178886022;8.72199178886022;1.5824398;17;-443.530948258166 * Deflate;1;1.34431480559924;
Elapsed=00:00:01.5876671
average model: 

command: analyze-learning
Round, Model, LearningError, LearningErrorRel, ValidationError, ValidationErrorRel, ElapsedSeconds, ModelComplexity, BestCandidate, BestCandidateSize, BestCandidateScore, TestError
Models:
Termination reason: abortError
1;9962.1052631579 * CompressionMethod + 8287.89473684211 * BlockSize_1;151.923600285897;151.923600285897;151.923600285897;151.923600285897;0.1250025;2;8287.89473684211 * BlockSize_1;1;1.79769313486232E+308;165.256497953771
2;7564.41176470588 * CompressionMethod + 10685.5882352941 * BlockSize_1 + 22778.0882352941 * x_10;106.388251840363;106.388251840363;106.388251840363;106.388251840363;0.1562526;3;22778.0882352941 * x_10;1;45.5353484455341;132.505656019943
3;5080.74074074075 * CompressionMethod + 13169.2592592593 * BlockSize_1 + 25261.7592592592 * x_10 + 12063.544973545 * x_8;64.0780436834929;64.0780436834929;64.0780436834929;64.0780436834929;0.2187529;4;12063.544973545 * x_8;1;42.3102081568703;96.0275403766423
4;3141.04576436223 * CompressionMethod + 15108.9542356378 * BlockSize_1 + 25331.0340798442 * x_10 + 12934.4284323272 * x_8 + 7481.68062317428 * BZip2;39.2647516822346;39.2647516822346;39.2647516822346;39.2647516822346;0.2500026;5;7481.68062317428 * BZip2;1;24.8132920012583;74.0356400857517
5;2369.93665713119 * CompressionMethod + -550.000000000038 * BlockSize_1 + 25945.3616673478 * x_10 + 13615.9480997139 * x_8 + 8108.8067020842 * BZip2 + 16430.0633428688 * Files_60;35.1903504809539;35.1903504809539;35.1903504809539;35.1903504809539;0.3125021;6;16430.0633428688 * Files_60;1;4.07440120128076;78.4447592875974
6;3714.43422263111 * CompressionMethod + -549.99999999996 * BlockSize_1 + 14658.8991107022 * x_10 + 12984.8574057038 * x_8 + 3114.95860165593 * BZip2 + 15085.5657773689 * Files_60 + 44761.7080650108 * BZip2 * x_10;29.5012370001154;29.5012370001154;29.5012370001154;29.5012370001154;0.3750027;8;44761.7080650108 * BZip2 * x_10;2;2.84455674041922;70.1227861654454
7;3045.4336734694 * CompressionMethod + -549.99999999998 * BlockSize_1 + 15327.8996598639 * x_10 + 13718.112244898 * x_8 + 2665.17857142857 * BZip2 + 11646.0714285714 * Files_60 + 45211.4880952382 * BZip2 * x_10 + 4108.49489795916 * x_6;26.5708098441093;26.5708098441093;26.5708098441093;26.5708098441093;0.4687535;9;4108.49489795916 * x_6;1;2.93042715600607;59.1480667254071
8;2836.4825930372 * CompressionMethod + -549.999999999961 * BlockSize_1 + 15536.8507402961 * x_10 + 13801.6926770708 * x_8 + 3542.77310924372 * BZip2 + 14571.3865546219 * Files_60 + 44333.8935574229 * BZip2 * x_10 + 1392.13085234092 * x_6 + 12871.3865546219 * x_6 * BlockSize_4096;19.4376819593023;19.4376819593023;19.4376819593023;19.4376819593023;0.5824284;11;12871.3865546219 * x_6 * BlockSize_4096;2;3.56656394240354;62.5222045346982
9;3193.38028169015 * CompressionMethod + -550.000000000006 * BlockSize_1 + 15179.9530516432 * x_10 + 13481.9718309859 * x_8 + 3282.53521126759 * BZip2 + 14441.2676056338 * Files_60 + 44594.1314553991 * BZip2 * x_10 + 1165.35211267607 * x_6 + 12741.2676056338 * x_6 * BlockSize_4096 + -884.808853118722 * x_2;17.2209028250907;17.2209028250907;17.2209028250907;17.2209028250907;0.7543059;12;-884.808853118722 * x_2;1;2.21677913421156;63.4257201747685
10;3313.84433962265 * CompressionMethod + -550.000000000016 * BlockSize_1 + 15059.4889937107 * x_10 + 15120.2830188679 * x_8 + 2945.23584905659 * BZip2 + 14272.6179245283 * Files_60 + 44931.43081761 * BZip2 * x_10 + 1213.53773584904 * x_6 + 12572.6179245283 * x_6 * BlockSize_4096 + -1005.27291105121 * x_2 + -11974.1273584906 * x_8 * BlockSize_256;13.1387713057373;13.1387713057373;13.1387713057373;13.1387713057373;0.9418086;14;-11974.1273584906 * x_8 * BlockSize_256;2;2.04106575967669;64.7482791688672
11;3155.63131313133 * CompressionMethod + -549.999999999941 * BlockSize_1 + 15217.7020202021 * x_10 + 15204.6632996633 * x_8 + 3388.23232323236 * BZip2 + 15612.1548821548 * Files_60 + 44488.4343434342 * BZip2 * x_10 + 32.2138047137702 * x_6 + 13912.1548821549 * x_6 * BlockSize_4096 + -847.059884559875 * x_2 + -11900.2946127946 * x_8 * BlockSize_256 + 4472.1548821549 * x_6 * BlockSize_2048;10.0663065944595;10.0663065944595;10.0663065944595;10.0663065944595;1.1605594;16;4472.1548821549 * x_6 * BlockSize_2048;2;1.53623235563893;66.1199660284982
12;3248.59360784202 * CompressionMethod + -549.999999999999 * BlockSize_1 + 15124.7397254913 * x_10 + 15199.4365039767 * x_8 + 3305.35027734567 * BZip2 + 15556.9001848971 * Files_60 + 44571.316389321 * BZip2 * x_10 + -5.49379273910505 * x_6 + 13856.9001848971 * x_6 * BlockSize_4096 + -749.937487159939 * x_2 + -11988.0301118187 * x_8 * BlockSize_256 + 4860.43113315528 * x_6 * BlockSize_2048 + -443.530948258166 * Deflate;8.72199178886022;8.72199178886022;8.72199178886022;8.72199178886022;1.5824398;17;-443.530948258166 * Deflate;1;1.34431480559924;64.8491458776378
Analyze finished
command: measurementstocsv ./sampledConfigurations_rand_0.csv
command: clean-sampling
command: clean-global
command: script ./learn_rand_1.a
command: log ./out_rand_1.log
