Current machine learning settings: epsilon:0 lossFunction:RELATIVE parallelization:True bagging:False baggingNumbers:3 considerEpsilonTube:False baggingTestDataFraction:50 useBackward:False abortError:1 limitFeatureSize:False featureSizeTreshold:4 quadraticFunctionSupport:True crossValidation:False crossValidation-k:5 learn-logFunction:False learn-accumulatedLogFunction:False learn-asymFunction:False learn-ratioFunction:False learn-mirrowedFunction:False numberOfRounds:70 backwardErrorDelta:1 minImprovementPerRound:0.1 withHierarchy:False bruteForceCandidates:False ignoreBadFeatures:False stopOnLongRound:True candidateSizePenalty:True learnTimeLimit:00:00:00 scoreMeasure:RELERROR outputRoundsToStdout:False blacklisted: 
command: mlsettings bagging:False stopOnLongRound:False parallelization:True lossFunction:RELATIVE useBackward:False abortError:10 limitFeatureSize:False featureSizeTreshold:7 quadraticFunctionSupport:True crossValidation:False learn_logFunction:True numberOfRounds:70 backwardErrorDelta:1 minImprovementPerRound:0.25 withHierarchy:False
Current machine learning settings: epsilon:0 lossFunction:RELATIVE parallelization:True bagging:False baggingNumbers:3 considerEpsilonTube:False baggingTestDataFraction:50 useBackward:False abortError:10 limitFeatureSize:False featureSizeTreshold:7 quadraticFunctionSupport:True crossValidation:False crossValidation-k:5 learn-logFunction:True learn-accumulatedLogFunction:False learn-asymFunction:False learn-ratioFunction:False learn-mirrowedFunction:False numberOfRounds:70 backwardErrorDelta:1 minImprovementPerRound:0.25 withHierarchy:False bruteForceCandidates:False ignoreBadFeatures:False stopOnLongRound:False candidateSizePenalty:True learnTimeLimit:00:00:00 scoreMeasure:RELERROR outputRoundsToStdout:False blacklisted: 
command: solver z3
command: vm /scratch/kaltenec/Distribution-Aware-Sampling/DistOut/ConstraintData/JavaGC_disc/FeatureModel.xml
command: all /scratch/kaltenec/Distribution-Aware-Sampling/DistOut/ConstraintData/JavaGC_disc/measurements.xml
Configs with too large deviation: 0
193536 configurations loaded.
command: nfp Performance
command: hybrid distribution-aware distance-metric:manhattan distribution:uniform onlyBinary:true selection:SolverSelection optimization:None numConfigs:3504 seed:13
command: learn-splconqueror
Learning: NumberOfConfigurationsLearning:3504 NumberOfConfigurationsValidation:3504
Learning progress:
1;72.6759251010631 * MaxTenuringThreshold + -45.9612576253843 * NewRatio_1;70.5908664766929;70.5908664766929;70.5908664766929;70.5908664766929;0.955134;2;-45.9612576253843 * NewRatio_1;1;1.79769313486232E+308;
2;44.5365658462317 * MaxTenuringThreshold + -38.7236640905765 * NewRatio_1 + 80.0414675513796 * UseAdaptiveSizePolicy;53.547428708514;53.547428708514;53.547428708514;53.547428708514;3.567212;3;80.0414675513796 * UseAdaptiveSizePolicy;1;17.0434377681789;
3;39.208845236037 * MaxTenuringThreshold + -12.9047103642481 * NewRatio_1 + 95.1959908822749 * UseAdaptiveSizePolicy + -93.6238924991627 * NewRatio_1 * UseAdaptiveSizePolicy;32.04762186874;32.04762186874;32.04762186874;32.04762186874;8.910667;5;-93.6238924991627 * NewRatio_1 * UseAdaptiveSizePolicy;2;10.749903419887;
4;39.2088452360339 * MaxTenuringThreshold + -12.9047103642324 * NewRatio_1 + 105.35302678295 * UseAdaptiveSizePolicy + -103.780928399847 * NewRatio_1 * UseAdaptiveSizePolicy + -113.19452231528 * UseAdaptiveSizePolicy * NewRatio_2;24.4031275246622;24.4031275246622;24.4031275246622;24.4031275246622;16.206214;7;-113.19452231528 * UseAdaptiveSizePolicy * NewRatio_2;2;3.82224717203893;
5;39.2088452360358 * MaxTenuringThreshold + -12.904710364242 * NewRatio_1 + 130.095831416242 * UseAdaptiveSizePolicy + -128.523733033134 * NewRatio_1 * UseAdaptiveSizePolicy + -137.937326948575 * UseAdaptiveSizePolicy * NewRatio_2 + -103.624681789894 * UseAdaptiveSizePolicy * NewRatio_4;17.3070514559493;17.3070514559493;17.3070514559493;17.3070514559493;25.386424;9;-103.624681789894 * UseAdaptiveSizePolicy * NewRatio_4;2;3.54803803435643;
6;41.40541728806 * MaxTenuringThreshold + -15.1012824162652 * NewRatio_1 + 127.899259364218 * UseAdaptiveSizePolicy + -126.327160981115 * NewRatio_1 * UseAdaptiveSizePolicy + -126.260147936381 * UseAdaptiveSizePolicy * NewRatio_2 + -103.624681789892 * UseAdaptiveSizePolicy * NewRatio_4 + -11.6771790121991 * NewRatio_2;15.4812194234836;15.4812194234836;15.4812194234836;15.4812194234836;36.396138;10;-11.6771790121991 * NewRatio_2;1;1.82583203246568;
7;41.405417288061 * MaxTenuringThreshold + -15.1012824162684 * NewRatio_1 + 151.033204934161 * UseAdaptiveSizePolicy + -149.461106551052 * NewRatio_1 * UseAdaptiveSizePolicy + -149.394093506319 * UseAdaptiveSizePolicy * NewRatio_2 + -126.758627359837 * UseAdaptiveSizePolicy * NewRatio_4 + -11.6771790122012 * NewRatio_2 + -59.1106329820258 * UseAdaptiveSizePolicy * NewRatio_8;13.9347091053307;13.9347091053307;13.9347091053307;13.9347091053307;50.252453;12;-59.1106329820258 * UseAdaptiveSizePolicy * NewRatio_8;2;0.77325515907649;
8;38.416746602881 * MaxTenuringThreshold + -12.1126117310868 * NewRatio_1 + 142.785371566434 * UseAdaptiveSizePolicy + -141.213273183325 * NewRatio_1 * UseAdaptiveSizePolicy + -141.146260138587 * UseAdaptiveSizePolicy * NewRatio_2 + -115.522123306928 * UseAdaptiveSizePolicy * NewRatio_4 + -8.68850832701917 * NewRatio_2 + -47.8741289291175 * UseAdaptiveSizePolicy * NewRatio_8 + 52.8115690486666 * NewRatio_32;12.7366695902086;12.7366695902086;12.7366695902086;12.7366695902086;67.334377;13;52.8115690486666 * NewRatio_32;1;1.19803951512208;
9;35.2147603858947 * MaxTenuringThreshold + -8.91062551410013 * NewRatio_1 + 141.299952634214 * UseAdaptiveSizePolicy + -139.727854251107 * NewRatio_1 * UseAdaptiveSizePolicy + -139.660841206375 * UseAdaptiveSizePolicy * NewRatio_2 + -110.834718157725 * UseAdaptiveSizePolicy * NewRatio_4 + -5.48652211003321 * NewRatio_2 + -43.1867237799137 * UseAdaptiveSizePolicy * NewRatio_8 + 56.7774850022229 * NewRatio_32 + 4.88240222910883 * NewRatio_16;11.9855411460558;11.9855411460558;11.9855411460558;11.9855411460558;86.968999;14;4.88240222910883 * NewRatio_16;1;0.75112844415276;
10;35.8628090252308 * MaxTenuringThreshold + -8.7279116565669 * NewRatio_1 + 141.283264672884 * UseAdaptiveSizePolicy + -139.408618645174 * NewRatio_1 * UseAdaptiveSizePolicy + -139.145887579393 * UseAdaptiveSizePolicy * NewRatio_2 + -110.803248363082 * UseAdaptiveSizePolicy * NewRatio_4 + -5.02731371459721 * NewRatio_2 + -43.1097656194985 * UseAdaptiveSizePolicy * NewRatio_8 + 57.4224369033346 * NewRatio_32 + 5.30429515771482 * NewRatio_16 + -1.78391411157765 * UseAdaptiveGCBoundary;11.379594430115;11.379594430115;11.379594430115;11.379594430115;112.484304;15;-1.78391411157765 * UseAdaptiveGCBoundary;1;0.605946715940798;
11;36.7129511175814 * MaxTenuringThreshold + -8.48821862781107 * NewRatio_1 + 136.551522501545 * UseAdaptiveSizePolicy + -134.279979586763 * NewRatio_1 * UseAdaptiveSizePolicy + -133.760495990669 * UseAdaptiveSizePolicy * NewRatio_2 + -106.052114655457 * UseAdaptiveSizePolicy * NewRatio_4 + -4.42490154608594 * NewRatio_2 + -38.2989580354001 * UseAdaptiveSizePolicy * NewRatio_8 + 21.9445298348012 * NewRatio_32 + 7.11346368961864 * NewRatio_16 + -4.12414042074353 * UseAdaptiveGCBoundary + 53.8141601683132 * NewRatio_32 * UseAdaptiveSizeDecayMajorGCCost;9.96368958369095;9.96368958369095;9.96368958369095;9.96368958369095;146.0175;17;53.8141601683132 * NewRatio_32 * UseAdaptiveSizeDecayMajorGCCost;2;0.707952423212031;
Elapsed=00:02:26.0854222
average model: 
command: analyze-learning
Round, Model, LearningError, LearningErrorRel, ValidationError, ValidationErrorRel, ElapsedSeconds, ModelComplexity, BestCandidate, BestCandidateSize, BestCandidateScore, TestError
Models:
Termination reason: abortError
1;72.6759251010631 * MaxTenuringThreshold + -45.9612576253843 * NewRatio_1;70.5908664766929;70.5908664766929;70.5908664766929;70.5908664766929;0.955134;2;-45.9612576253843 * NewRatio_1;1;1.79769313486232E+308;70.5993682632781
2;44.5365658462317 * MaxTenuringThreshold + -38.7236640905765 * NewRatio_1 + 80.0414675513796 * UseAdaptiveSizePolicy;53.547428708514;53.547428708514;53.547428708514;53.547428708514;3.567212;3;80.0414675513796 * UseAdaptiveSizePolicy;1;17.0434377681789;77.1141701051126
3;39.208845236037 * MaxTenuringThreshold + -12.9047103642481 * NewRatio_1 + 95.1959908822749 * UseAdaptiveSizePolicy + -93.6238924991627 * NewRatio_1 * UseAdaptiveSizePolicy;32.04762186874;32.04762186874;32.04762186874;32.04762186874;8.910667;5;-93.6238924991627 * NewRatio_1 * UseAdaptiveSizePolicy;2;10.749903419887;52.9812179777716
4;39.2088452360339 * MaxTenuringThreshold + -12.9047103642324 * NewRatio_1 + 105.35302678295 * UseAdaptiveSizePolicy + -103.780928399847 * NewRatio_1 * UseAdaptiveSizePolicy + -113.19452231528 * UseAdaptiveSizePolicy * NewRatio_2;24.4031275246622;24.4031275246622;24.4031275246622;24.4031275246622;16.206214;7;-113.19452231528 * UseAdaptiveSizePolicy * NewRatio_2;2;3.82224717203893;33.8670384147502
5;39.2088452360358 * MaxTenuringThreshold + -12.904710364242 * NewRatio_1 + 130.095831416242 * UseAdaptiveSizePolicy + -128.523733033134 * NewRatio_1 * UseAdaptiveSizePolicy + -137.937326948575 * UseAdaptiveSizePolicy * NewRatio_2 + -103.624681789894 * UseAdaptiveSizePolicy * NewRatio_4;17.3070514559493;17.3070514559493;17.3070514559493;17.3070514559493;25.386424;9;-103.624681789894 * UseAdaptiveSizePolicy * NewRatio_4;2;3.54803803435643;24.3073705088347
6;41.40541728806 * MaxTenuringThreshold + -15.1012824162652 * NewRatio_1 + 127.899259364218 * UseAdaptiveSizePolicy + -126.327160981115 * NewRatio_1 * UseAdaptiveSizePolicy + -126.260147936381 * UseAdaptiveSizePolicy * NewRatio_2 + -103.624681789892 * UseAdaptiveSizePolicy * NewRatio_4 + -11.6771790121991 * NewRatio_2;15.4812194234836;15.4812194234836;15.4812194234836;15.4812194234836;36.396138;10;-11.6771790121991 * NewRatio_2;1;1.82583203246568;23.162378276294
7;41.405417288061 * MaxTenuringThreshold + -15.1012824162684 * NewRatio_1 + 151.033204934161 * UseAdaptiveSizePolicy + -149.461106551052 * NewRatio_1 * UseAdaptiveSizePolicy + -149.394093506319 * UseAdaptiveSizePolicy * NewRatio_2 + -126.758627359837 * UseAdaptiveSizePolicy * NewRatio_4 + -11.6771790122012 * NewRatio_2 + -59.1106329820258 * UseAdaptiveSizePolicy * NewRatio_8;13.9347091053307;13.9347091053307;13.9347091053307;13.9347091053307;50.252453;12;-59.1106329820258 * UseAdaptiveSizePolicy * NewRatio_8;2;0.77325515907649;20.4846707638364
8;38.416746602881 * MaxTenuringThreshold + -12.1126117310868 * NewRatio_1 + 142.785371566434 * UseAdaptiveSizePolicy + -141.213273183325 * NewRatio_1 * UseAdaptiveSizePolicy + -141.146260138587 * UseAdaptiveSizePolicy * NewRatio_2 + -115.522123306928 * UseAdaptiveSizePolicy * NewRatio_4 + -8.68850832701917 * NewRatio_2 + -47.8741289291175 * UseAdaptiveSizePolicy * NewRatio_8 + 52.8115690486666 * NewRatio_32;12.7366695902086;12.7366695902086;12.7366695902086;12.7366695902086;67.334377;13;52.8115690486666 * NewRatio_32;1;1.19803951512208;18.7968554200778
9;35.2147603858947 * MaxTenuringThreshold + -8.91062551410013 * NewRatio_1 + 141.299952634214 * UseAdaptiveSizePolicy + -139.727854251107 * NewRatio_1 * UseAdaptiveSizePolicy + -139.660841206375 * UseAdaptiveSizePolicy * NewRatio_2 + -110.834718157725 * UseAdaptiveSizePolicy * NewRatio_4 + -5.48652211003321 * NewRatio_2 + -43.1867237799137 * UseAdaptiveSizePolicy * NewRatio_8 + 56.7774850022229 * NewRatio_32 + 4.88240222910883 * NewRatio_16;11.9855411460558;11.9855411460558;11.9855411460558;11.9855411460558;86.968999;14;4.88240222910883 * NewRatio_16;1;0.75112844415276;17.8944345820497
10;35.8628090252308 * MaxTenuringThreshold + -8.7279116565669 * NewRatio_1 + 141.283264672884 * UseAdaptiveSizePolicy + -139.408618645174 * NewRatio_1 * UseAdaptiveSizePolicy + -139.145887579393 * UseAdaptiveSizePolicy * NewRatio_2 + -110.803248363082 * UseAdaptiveSizePolicy * NewRatio_4 + -5.02731371459721 * NewRatio_2 + -43.1097656194985 * UseAdaptiveSizePolicy * NewRatio_8 + 57.4224369033346 * NewRatio_32 + 5.30429515771482 * NewRatio_16 + -1.78391411157765 * UseAdaptiveGCBoundary;11.379594430115;11.379594430115;11.379594430115;11.379594430115;112.484304;15;-1.78391411157765 * UseAdaptiveGCBoundary;1;0.605946715940798;17.4392504065897
11;36.7129511175814 * MaxTenuringThreshold + -8.48821862781107 * NewRatio_1 + 136.551522501545 * UseAdaptiveSizePolicy + -134.279979586763 * NewRatio_1 * UseAdaptiveSizePolicy + -133.760495990669 * UseAdaptiveSizePolicy * NewRatio_2 + -106.052114655457 * UseAdaptiveSizePolicy * NewRatio_4 + -4.42490154608594 * NewRatio_2 + -38.2989580354001 * UseAdaptiveSizePolicy * NewRatio_8 + 21.9445298348012 * NewRatio_32 + 7.11346368961864 * NewRatio_16 + -4.12414042074353 * UseAdaptiveGCBoundary + 53.8141601683132 * NewRatio_32 * UseAdaptiveSizeDecayMajorGCCost;9.96368958369095;9.96368958369095;9.96368958369095;9.96368958369095;146.0175;17;53.8141601683132 * NewRatio_32 * UseAdaptiveSizeDecayMajorGCCost;2;0.707952423212031;17.438504272533
Analyze finished
command: printconfigs /scratch/kaltenec/Distribution-Aware-Sampling/Results_newTry/JavaGC_disc/JavaGC_disc_13/sampledConfigurations_solv_2.csv
command: clean-sampling
command: clean-global
