Current machine learning settings: epsilon:0 lossFunction:RELATIVE parallelization:True bagging:False baggingNumbers:3 baggingTestDataFraction:50 useBackward:False abortError:1 limitFeatureSize:False featureSizeTreshold:4 quadraticFunctionSupport:True crossValidation:False crossValidation-k:5 learn-logFunction:False learn-accumulatedLogFunction:False learn-asymFunction:False learn-ratioFunction:False learn-mirrowedFunction:False numberOfRounds:70 backwardErrorDelta:1 minImprovementPerRound:0.1 withHierarchy:False bruteForceCandidates:False ignoreBadFeatures:False stopOnLongRound:True candidateSizePenalty:True learnTimeLimit:00:00:00 scoreMeasure:RELERROR outputRoundsToStdout:False blacklisted: 
command: mlsettings bagging:False stopOnLongRound:False parallelization:True lossFunction:RELATIVE useBackward:False abortError:10 limitFeatureSize:False featureSizeTreshold:7 quadraticFunctionSupport:True crossValidation:False learn_logFunction:True numberOfRounds:70 backwardErrorDelta:1 minImprovementPerRound:0.25 withHierarchy:False
Current machine learning settings: epsilon:0 lossFunction:RELATIVE parallelization:True bagging:False baggingNumbers:3 baggingTestDataFraction:50 useBackward:False abortError:10 limitFeatureSize:False featureSizeTreshold:7 quadraticFunctionSupport:True crossValidation:False crossValidation-k:5 learn-logFunction:True learn-accumulatedLogFunction:False learn-asymFunction:False learn-ratioFunction:False learn-mirrowedFunction:False numberOfRounds:70 backwardErrorDelta:1 minImprovementPerRound:0.25 withHierarchy:False bruteForceCandidates:False ignoreBadFeatures:False stopOnLongRound:False candidateSizePenalty:True learnTimeLimit:00:00:00 scoreMeasure:RELERROR outputRoundsToStdout:False blacklisted: 
command: solver z3
command: vm ../FeatureModel.xml
Warning: Variability model contains outdated notation. Children nodes will no longer have effect on the model. Instead use the parent node to describe the parent of an configuration option. You can also use the converter providedby the Variability Model GUI in export>convert legacy model.
Warning: Default value nodes in models are no longer used and should be removed. You can also use the converter provided by the Variability Model GUI in export>convert legacy model to update your model.
command: all ../measurements.xml
Configs with too large deviation: 0
13485 configurations loaded.
command: nfp Performance
command: binary random numConfigs:4131 seed:97 fromFile:../allConfigurations.csv
command: learn-splconqueror
Learning: NumberOfConfigurationsLearning:4131 NumberOfConfigurationsValidation:4131
Learning progress:
1;35.4635961347871 * API + 8.2971828125819 * Array2D;33.5415053310915;33.5415053310915;33.5415053310915;33.5415053310915;0.6250052;2;8.2971828125819 * Array2D;1;1.79769313486232E+308;
2;26.4056011364168 * API + 6.84880196014291 * Array2D + 19.5707001142525 * LocalMemory;20.8047876725844;20.8047876725844;20.8047876725844;20.8047876725844;2.7031513;3;19.5707001142525 * LocalMemory;1;12.7367176585071;
3;25.6078934650385 * API + 7.06696065719246 * Array2D + 19.2312665692255 * LocalMemory + 18.0920658394054 * bs_32x1;19.2911463398403;19.2911463398403;19.2911463398403;19.2911463398403;6.9688225;4;18.0920658394054 * bs_32x1;1;1.51364133274409;
4;23.690772306222 * API + 7.43036518986705 * Array2D + 18.7474343926486 * LocalMemory + 18.3143167383556 * bs_32x1 + 8.16140556633676 * pixelPerThread_1;18.2434167773673;18.2434167773673;18.2434167773673;18.2434167773673;13.3438867;5;8.16140556633676 * pixelPerThread_1;1;1.04772956247301;
5;23.6101110546389 * API + 7.61897712537581 * Array2D + 17.4987752396732 * LocalMemory + 19.0353900817188 * bs_32x1 + 8.35592915669664 * pixelPerThread_1 + 23.2285065289073 * LocalMemory * bs_512x1;17.3906019848397;17.3906019848397;17.3906019848397;17.3906019848397;23.1179632;7;23.2285065289073 * LocalMemory * bs_512x1;2;0.426407396263791;
6;23.5849166926477 * API + 9.70048692532011 * Array2D + 23.4446912597479 * LocalMemory + 18.7986392515142 * bs_32x1 + 8.33089678398847 * pixelPerThread_1 + 23.5535706085969 * LocalMemory * bs_512x1 + -9.76017899296191 * LocalMemory * TextureMemory;16.6560582875213;16.6560582875213;16.6560582875213;16.6560582875213;35.1962122;9;-9.76017899296191 * LocalMemory * TextureMemory;2;0.367271848659191;
7;23.180638541418 * API + 9.66187939387989 * Array2D + 23.5762230445052 * LocalMemory + 19.1252847211039 * bs_32x1 + 8.25084806369507 * pixelPerThread_1 + 23.7943983869249 * LocalMemory * bs_512x1 + -9.68106956169698 * LocalMemory * TextureMemory + 7.80605588192479 * bs_32x32;16.320986930262;16.320986930262;16.320986930262;16.320986930262;51.1651259;10;7.80605588192479 * bs_32x32;1;0.33507135725926;
8;23.3872684004192 * API + 9.56199771525818 * Array2D + 23.3042237399788 * LocalMemory + 19.4551010075944 * bs_32x1 + 7.25138442195173 * pixelPerThread_1 + 24.3864957015968 * LocalMemory * bs_512x1 + -10.1427939873352 * LocalMemory * TextureMemory + 8.06520365310735 * bs_32x32 + 44.7275187189092 * LocalMemory * bs_1024x1;15.6640427804328;15.6640427804328;15.6640427804328;15.6640427804328;68.0715488;12;44.7275187189092 * LocalMemory * bs_1024x1;2;0.328472074914649;
9;23.4576367042536 * API + 9.63003433714318 * Array2D + 24.1831583740523 * LocalMemory + 18.9421742282267 * bs_32x1 + 7.10722474555421 * pixelPerThread_1 + 23.4896163829599 * LocalMemory * bs_512x1 + -10.1753353139972 * LocalMemory * TextureMemory + 7.7664780625826 * bs_32x32 + 43.9456870538529 * LocalMemory * bs_1024x1 + -11.8662434087804 * LocalMemory * bs_64x2;15.0830134926991;15.0830134926991;15.0830134926991;15.0830134926991;90.6186571;14;-11.8662434087804 * LocalMemory * bs_64x2;2;0.290514643866802;
10;23.7968596136878 * API + 9.8204213576511 * Array2D + 24.1321386709303 * LocalMemory + 12.2189624315383 * bs_32x1 + 5.68963954782799 * pixelPerThread_1 + 23.417306883689 * LocalMemory * bs_512x1 + -10.0150519125285 * LocalMemory * TextureMemory + 7.83998536632274 * bs_32x32 + 44.9392268432706 * LocalMemory * bs_1024x1 + -11.9577948155344 * LocalMemory * bs_64x2 + 27.9519531501668 * pixelPerThread_1 * bs_32x1;14.5042002685389;14.5042002685389;14.5042002685389;14.5042002685389;118.289419;16;27.9519531501668 * pixelPerThread_1 * bs_32x1;2;0.28940661208014;
11;23.3595059301763 * API + 10.020557104446 * Array2D + 24.559174380754 * LocalMemory + 12.4198199853629 * bs_32x1 + 5.62717645383942 * pixelPerThread_1 + 23.4404113824638 * LocalMemory * bs_512x1 + -10.0189759027685 * LocalMemory * TextureMemory + 8.15817960552828 * bs_32x32 + 36.5233700586162 * LocalMemory * bs_1024x1 + -11.9381947496658 * LocalMemory * bs_64x2 + 28.0056020770851 * pixelPerThread_1 * bs_32x1 + 8.48377161465205 * bs_1024x1;14.159009983936;14.159009983936;14.159009983936;14.159009983936;150.8835041;17;8.48377161465205 * bs_1024x1;1;0.345190284602912;
12;22.859429994094 * API + 10.1904501219202 * Array2D + 24.7560549167792 * LocalMemory + 12.8132142146775 * bs_32x1 + 5.54925486402252 * pixelPerThread_1 + 23.7674777366608 * LocalMemory * bs_512x1 + -10.0337229156492 * LocalMemory * TextureMemory + 8.61844889641572 * bs_32x32 + 36.3874532812486 * LocalMemory * bs_1024x1 + -11.6150006711167 * LocalMemory * bs_64x2 + 28.0805907986635 * pixelPerThread_1 * bs_32x1 + 9.00580727149969 * bs_1024x1 + 8.9836194953187 * bs_512x2;13.8782743472012;13.8782743472012;13.8782743472012;13.8782743472012;187.8213836;18;8.9836194953187 * bs_512x2;1;0.280735636734763;
13;22.9339126225614 * API + 10.5063970166877 * Array2D + 25.6567919517162 * LocalMemory + 12.2957099145566 * bs_32x1 + 5.43901698265893 * pixelPerThread_1 + 22.9211256204791 * LocalMemory * bs_512x1 + -10.204677450845 * LocalMemory * TextureMemory + 8.31559945436497 * bs_32x32 + 35.6900128407452 * LocalMemory * bs_1024x1 + -12.4740005343055 * LocalMemory * bs_64x2 + 28.1602205909988 * pixelPerThread_1 * bs_32x1 + 8.96239168232691 * bs_1024x1 + 8.67877934197027 * bs_512x2 + -12.4468123390649 * LocalMemory * bs_32x4;13.3583760727405;13.3583760727405;13.3583760727405;13.3583760727405;231.1187021;20;-12.4468123390649 * LocalMemory * bs_32x4;2;0.259949137230358;
14;23.0067382518399 * API + 10.4000265784482 * Array2D + 26.4443295046065 * LocalMemory + 11.7912207603793 * bs_32x1 + 5.37463952897899 * pixelPerThread_1 + 22.0683333717044 * LocalMemory * bs_512x1 + -10.1903888656385 * LocalMemory * TextureMemory + 8.01537241207762 * bs_32x32 + 34.9415339539543 * LocalMemory * bs_1024x1 + -13.326055498181 * LocalMemory * bs_64x2 + 28.1980660545855 * pixelPerThread_1 * bs_32x1 + 8.90770878999315 * bs_1024x1 + 8.36685842179846 * bs_512x2 + -13.2955351009285 * LocalMemory * bs_32x4 + -11.1755815483088 * LocalMemory * bs_64x4;12.944462687415;12.944462687415;12.944462687415;12.944462687415;283.3223638;22;-11.1755815483088 * LocalMemory * bs_64x4;2;0.206956692662718;
Elapsed=00:04:43.3921820
average model: 

command: analyze-learning
Round, Model, LearningError, LearningErrorRel, ValidationError, ValidationErrorRel, ElapsedSeconds, ModelComplexity, BestCandidate, BestCandidateSize, BestCandidateScore, TestError
Models:
Termination reason: minImprovementPerRound
1;35.4635961347871 * API + 8.2971828125819 * Array2D;33.5415053310915;33.5415053310915;33.5415053310915;33.5415053310915;0.6250052;2;8.2971828125819 * Array2D;1;1.79769313486232E+308;33.788335679096
2;26.4056011364168 * API + 6.84880196014291 * Array2D + 19.5707001142525 * LocalMemory;20.8047876725844;20.8047876725844;20.8047876725844;20.8047876725844;2.7031513;3;19.5707001142525 * LocalMemory;1;12.7367176585071;20.7145847909375
3;25.6078934650385 * API + 7.06696065719246 * Array2D + 19.2312665692255 * LocalMemory + 18.0920658394054 * bs_32x1;19.2911463398403;19.2911463398403;19.2911463398403;19.2911463398403;6.9688225;4;18.0920658394054 * bs_32x1;1;1.51364133274409;19.2390635982196
4;23.690772306222 * API + 7.43036518986705 * Array2D + 18.7474343926486 * LocalMemory + 18.3143167383556 * bs_32x1 + 8.16140556633676 * pixelPerThread_1;18.2434167773673;18.2434167773673;18.2434167773673;18.2434167773673;13.3438867;5;8.16140556633676 * pixelPerThread_1;1;1.04772956247301;18.3153173334689
5;23.6101110546389 * API + 7.61897712537581 * Array2D + 17.4987752396732 * LocalMemory + 19.0353900817188 * bs_32x1 + 8.35592915669664 * pixelPerThread_1 + 23.2285065289073 * LocalMemory * bs_512x1;17.3906019848397;17.3906019848397;17.3906019848397;17.3906019848397;23.1179632;7;23.2285065289073 * LocalMemory * bs_512x1;2;0.426407396263791;17.4566735388259
6;23.5849166926477 * API + 9.70048692532011 * Array2D + 23.4446912597479 * LocalMemory + 18.7986392515142 * bs_32x1 + 8.33089678398847 * pixelPerThread_1 + 23.5535706085969 * LocalMemory * bs_512x1 + -9.76017899296191 * LocalMemory * TextureMemory;16.6560582875213;16.6560582875213;16.6560582875213;16.6560582875213;35.1962122;9;-9.76017899296191 * LocalMemory * TextureMemory;2;0.367271848659191;16.6523540989038
7;23.180638541418 * API + 9.66187939387989 * Array2D + 23.5762230445052 * LocalMemory + 19.1252847211039 * bs_32x1 + 8.25084806369507 * pixelPerThread_1 + 23.7943983869249 * LocalMemory * bs_512x1 + -9.68106956169698 * LocalMemory * TextureMemory + 7.80605588192479 * bs_32x32;16.320986930262;16.320986930262;16.320986930262;16.320986930262;51.1651259;10;7.80605588192479 * bs_32x32;1;0.33507135725926;16.267589844265
8;23.3872684004192 * API + 9.56199771525818 * Array2D + 23.3042237399788 * LocalMemory + 19.4551010075944 * bs_32x1 + 7.25138442195173 * pixelPerThread_1 + 24.3864957015968 * LocalMemory * bs_512x1 + -10.1427939873352 * LocalMemory * TextureMemory + 8.06520365310735 * bs_32x32 + 44.7275187189092 * LocalMemory * bs_1024x1;15.6640427804328;15.6640427804328;15.6640427804328;15.6640427804328;68.0715488;12;44.7275187189092 * LocalMemory * bs_1024x1;2;0.328472074914649;15.582478162189
9;23.4576367042536 * API + 9.63003433714318 * Array2D + 24.1831583740523 * LocalMemory + 18.9421742282267 * bs_32x1 + 7.10722474555421 * pixelPerThread_1 + 23.4896163829599 * LocalMemory * bs_512x1 + -10.1753353139972 * LocalMemory * TextureMemory + 7.7664780625826 * bs_32x32 + 43.9456870538529 * LocalMemory * bs_1024x1 + -11.8662434087804 * LocalMemory * bs_64x2;15.0830134926991;15.0830134926991;15.0830134926991;15.0830134926991;90.6186571;14;-11.8662434087804 * LocalMemory * bs_64x2;2;0.290514643866802;15.1447890508684
10;23.7968596136878 * API + 9.8204213576511 * Array2D + 24.1321386709303 * LocalMemory + 12.2189624315383 * bs_32x1 + 5.68963954782799 * pixelPerThread_1 + 23.417306883689 * LocalMemory * bs_512x1 + -10.0150519125285 * LocalMemory * TextureMemory + 7.83998536632274 * bs_32x32 + 44.9392268432706 * LocalMemory * bs_1024x1 + -11.9577948155344 * LocalMemory * bs_64x2 + 27.9519531501668 * pixelPerThread_1 * bs_32x1;14.5042002685389;14.5042002685389;14.5042002685389;14.5042002685389;118.289419;16;27.9519531501668 * pixelPerThread_1 * bs_32x1;2;0.28940661208014;14.5767828209984
11;23.3595059301763 * API + 10.020557104446 * Array2D + 24.559174380754 * LocalMemory + 12.4198199853629 * bs_32x1 + 5.62717645383942 * pixelPerThread_1 + 23.4404113824638 * LocalMemory * bs_512x1 + -10.0189759027685 * LocalMemory * TextureMemory + 8.15817960552828 * bs_32x32 + 36.5233700586162 * LocalMemory * bs_1024x1 + -11.9381947496658 * LocalMemory * bs_64x2 + 28.0056020770851 * pixelPerThread_1 * bs_32x1 + 8.48377161465205 * bs_1024x1;14.159009983936;14.159009983936;14.159009983936;14.159009983936;150.8835041;17;8.48377161465205 * bs_1024x1;1;0.345190284602912;14.1894911896918
12;22.859429994094 * API + 10.1904501219202 * Array2D + 24.7560549167792 * LocalMemory + 12.8132142146775 * bs_32x1 + 5.54925486402252 * pixelPerThread_1 + 23.7674777366608 * LocalMemory * bs_512x1 + -10.0337229156492 * LocalMemory * TextureMemory + 8.61844889641572 * bs_32x32 + 36.3874532812486 * LocalMemory * bs_1024x1 + -11.6150006711167 * LocalMemory * bs_64x2 + 28.0805907986635 * pixelPerThread_1 * bs_32x1 + 9.00580727149969 * bs_1024x1 + 8.9836194953187 * bs_512x2;13.8782743472012;13.8782743472012;13.8782743472012;13.8782743472012;187.8213836;18;8.9836194953187 * bs_512x2;1;0.280735636734763;13.8610951935311
13;22.9339126225614 * API + 10.5063970166877 * Array2D + 25.6567919517162 * LocalMemory + 12.2957099145566 * bs_32x1 + 5.43901698265893 * pixelPerThread_1 + 22.9211256204791 * LocalMemory * bs_512x1 + -10.204677450845 * LocalMemory * TextureMemory + 8.31559945436497 * bs_32x32 + 35.6900128407452 * LocalMemory * bs_1024x1 + -12.4740005343055 * LocalMemory * bs_64x2 + 28.1602205909988 * pixelPerThread_1 * bs_32x1 + 8.96239168232691 * bs_1024x1 + 8.67877934197027 * bs_512x2 + -12.4468123390649 * LocalMemory * bs_32x4;13.3583760727405;13.3583760727405;13.3583760727405;13.3583760727405;231.1187021;20;-12.4468123390649 * LocalMemory * bs_32x4;2;0.259949137230358;13.3222093126286
14;23.0067382518399 * API + 10.4000265784482 * Array2D + 26.4443295046065 * LocalMemory + 11.7912207603793 * bs_32x1 + 5.37463952897899 * pixelPerThread_1 + 22.0683333717044 * LocalMemory * bs_512x1 + -10.1903888656385 * LocalMemory * TextureMemory + 8.01537241207762 * bs_32x32 + 34.9415339539543 * LocalMemory * bs_1024x1 + -13.326055498181 * LocalMemory * bs_64x2 + 28.1980660545855 * pixelPerThread_1 * bs_32x1 + 8.90770878999315 * bs_1024x1 + 8.36685842179846 * bs_512x2 + -13.2955351009285 * LocalMemory * bs_32x4 + -11.1755815483088 * LocalMemory * bs_64x4;12.944462687415;12.944462687415;12.944462687415;12.944462687415;283.3223638;22;-11.1755815483088 * LocalMemory * bs_64x4;2;0.206956692662718;12.9444077659184
Analyze finished
command: measurementstocsv ./sampledConfigurations_rand_2.csv
command: clean-sampling
command: clean-global
