Current machine learning settings: epsilon:0 lossFunction:RELATIVE parallelization:True bagging:False baggingNumbers:3 baggingTestDataFraction:50 useBackward:False abortError:1 limitFeatureSize:False featureSizeTreshold:4 quadraticFunctionSupport:True crossValidation:False crossValidation-k:5 learn-logFunction:False learn-accumulatedLogFunction:False learn-asymFunction:False learn-ratioFunction:False learn-mirrowedFunction:False numberOfRounds:70 backwardErrorDelta:1 minImprovementPerRound:0.1 withHierarchy:False bruteForceCandidates:False ignoreBadFeatures:False stopOnLongRound:True candidateSizePenalty:True learnTimeLimit:00:00:00 scoreMeasure:RELERROR outputRoundsToStdout:False blacklisted: 
command: mlsettings bagging:False stopOnLongRound:False parallelization:True lossFunction:RELATIVE useBackward:False abortError:10 limitFeatureSize:False featureSizeTreshold:7 quadraticFunctionSupport:True crossValidation:False learn_logFunction:True numberOfRounds:70 backwardErrorDelta:1 minImprovementPerRound:0.25 withHierarchy:False
Current machine learning settings: epsilon:0 lossFunction:RELATIVE parallelization:True bagging:False baggingNumbers:3 baggingTestDataFraction:50 useBackward:False abortError:10 limitFeatureSize:False featureSizeTreshold:7 quadraticFunctionSupport:True crossValidation:False crossValidation-k:5 learn-logFunction:True learn-accumulatedLogFunction:False learn-asymFunction:False learn-ratioFunction:False learn-mirrowedFunction:False numberOfRounds:70 backwardErrorDelta:1 minImprovementPerRound:0.25 withHierarchy:False bruteForceCandidates:False ignoreBadFeatures:False stopOnLongRound:False candidateSizePenalty:True learnTimeLimit:00:00:00 scoreMeasure:RELERROR outputRoundsToStdout:False blacklisted: 
command: solver z3
command: vm ../FeatureModel.xml
command: all ../measurements.xml
Configs with too large deviation: 0
68640 configurations loaded.
command: nfp Performance
command: binary random numConfigs:39 seed:36 fromFile:../allConfigurations.csv
command: learn-splconqueror
Learning: NumberOfConfigurationsLearning:39 NumberOfConfigurationsValidation:39
Learning progress:
1;15409.4285714286 * CompressionMethod + -189.428571428583 * BlockSize_1;263.785412753819;263.785412753819;263.785412753819;263.785412753819;0.1718771;2;-189.428571428583 * BlockSize_1;1;1.79769313486232E+308;
2;7569.2857142857 * CompressionMethod + 7650.71428571433 * BlockSize_1 + 39200.7142857143 * x_10;131.444442184318;131.444442184318;131.444442184318;131.444442184318;0.1875003;3;39200.7142857143 * x_10;1;132.340970569501;
3;4039.29687500001 * CompressionMethod + 2944.0625 * BlockSize_1 + 42730.703125 * x_10 + 10982.1875 * x_8;69.624270441969;69.624270441969;69.624270441969;69.624270441969;0.2187509;4;10982.1875 * x_8;1;61.8201717423488;
4;2847.91623036649 * CompressionMethod + 4986.42931937172 * BlockSize_1 + 31473.3717277487 * x_10 + 9847.53926701571 * x_8 + 21785.2460732984 * BZip2;54.0842701619093;54.0842701619093;54.0842701619093;54.0842701619093;0.2656266;5;21785.2460732984 * BZip2;1;15.5400002800597;
5;2992.37290738751 * CompressionMethod + 2879.54231300876 * BlockSize_1 + 31775.9130701889 * x_10 + 12464.1130394717 * x_8 + 21002.9995392413 * BZip2 + -8676.48594685915 * x_8 * PPMd;45.1214816979504;45.1214816979504;45.1214816979504;45.1214816979504;0.3593778;7;-8676.48594685915 * x_8 * PPMd;2;4.48139423197946;
6;3308.15440289504 * CompressionMethod + 2153.24487334138 * BlockSize_1 + 39549.4008845999 * x_10 + 13011.4676316848 * x_8 + 15413.6670687576 * BZip2 + -9539.62203457981 * x_8 * PPMd + -34267.555287495 * x_10 * BlockSize_2048;38.172987288165;38.172987288165;38.172987288165;38.172987288165;0.4531278;9;-34267.555287495 * x_10 * BlockSize_2048;2;3.47424720489269;
7;2375.598923284 * CompressionMethod + 2500.24226110363 * BlockSize_1 + 40265.0829968596 * x_10 + 13792.2117541499 * x_8 + 15738.9771197846 * BZip2 + -9387.81067743384 * x_8 * PPMd + -34050.6819201436 * x_10 * BlockSize_2048 + 8989.40107671599 * BlockSize_4096;34.7603727532398;34.7603727532398;34.7603727532398;34.7603727532398;0.60938;10;8989.40107671599 * BlockSize_4096;1;3.41261453492517;
8;2375.59892328398 * CompressionMethod + 2500.24226110364 * BlockSize_1 + 40265.0829968597 * x_10 + 13792.2117541498 * x_8 + 15738.9771197847 * BZip2 + -9387.81067743381 * x_8 * PPMd + -34050.6819201435 * x_10 * BlockSize_2048 + 714.401076716019 * BlockSize_4096 + 16550 * BlockSize_4096 * Files_0;26.8133790616294;26.8133790616294;26.8133790616294;26.8133790616294;0.7812566;12;16550 * BlockSize_4096 * Files_0;2;3.9734968458052;
9;2877.20363754465 * CompressionMethod + 1446.87236115625 * BlockSize_1 + 51292.0266320234 * x_10 + 14527.8986683989 * x_8 + 7763.46216303991 * BZip2 + -10625.1023059435 * x_8 * PPMd + -45579.2302695681 * x_10 * BlockSize_2048 + 212.796362455304 * BlockSize_4096 + 16550 * BlockSize_4096 * Files_0 + -37269.2302695681 * x_10 * BlockSize_16;21.1691342001374;21.1691342001374;21.1691342001374;21.1691342001374;1.0312588;14;-37269.2302695681 * x_10 * BlockSize_16;2;2.822122430746;
10;2033.72147915029 * CompressionMethod + 1767.30133752953 * BlockSize_1 + 51852.7773406767 * x_10 + 15225.3029110936 * x_8 + 8116.87647521639 * BZip2 + -10479.0243902439 * x_8 * PPMd + -45296.4988198269 * x_10 * BlockSize_2048 + 1056.27852084979 * BlockSize_4096 + 16549.9999999999 * BlockSize_4096 * Files_0 + -41822.7773406767 * x_10 * BlockSize_16 + 4836.27852084972 * BlockSize_16;16.1216723691674;16.1216723691674;16.1216723691674;16.1216723691674;1.3593885;15;4836.27852084972 * BlockSize_16;1;5.04746183097002;
11;2033.72147915026 * CompressionMethod + 1767.30133752954 * BlockSize_1 + 51852.7773406767 * x_10 + 15225.3029110936 * x_8 + 8116.87647521639 * BZip2 + -10479.0243902439 * x_8 * PPMd + -45296.4988198269 * x_10 * BlockSize_2048 + 1056.27852084973 * BlockSize_4096 + 16550 * BlockSize_4096 * Files_0 + -43832.7773406766 * x_10 * BlockSize_16 + 6846.27852084974 * BlockSize_16 + -6030 * BlockSize_16 * PPMd;11.42010371176;11.42010371176;11.42010371176;11.42010371176;1.7656424;17;-6030 * BlockSize_16 * PPMd;2;2.3507843287037;
12;1915.9794893261 * CompressionMethod + 1633.22519882796 * BlockSize_1 + 51834.4014231896 * x_10 + 14984.3742151528 * x_8 + 8287.0238593554 * BZip2 + -10120.3537044789 * x_8 * PPMd + -45160.3809125157 * x_10 * BlockSize_2048 + 1174.02051067394 * BlockSize_4096 + 16550 * BlockSize_4096 * Files_0 + -43814.4014231895 * x_10 * BlockSize_16 + 6964.02051067395 * BlockSize_16 + -6029.99999999999 * BlockSize_16 * PPMd + 865.029300962739 * LZMA;10.2025035878216;10.2025035878216;10.2025035878216;10.2025035878216;2.1562707;18;865.029300962739 * LZMA;1;1.21760012393838;
13;1952.52587481518 * CompressionMethod + 1622.97190734354 * BlockSize_1 + 51812.0675209463 * x_10 + 14961.0251355348 * x_8 + 8269.25825529826 * BZip2 + -10133.5510103499 * x_8 * PPMd + -45174.5933957615 * x_10 * BlockSize_2048 + 1380.00000000002 * BlockSize_4096 + 16307.4741251848 * BlockSize_4096 * Files_0 + -43792.0675209463 * x_10 * BlockSize_16 + 6927.47412518486 * BlockSize_16 + -6030.00000000003 * BlockSize_16 * PPMd + 847.466732380497 * LZMA + -242.525874815183 * x_4;9.5237311583748;9.5237311583748;9.5237311583748;9.5237311583748;2.9219033;19;-242.525874815183 * x_4;1;0.678772429446845;
Elapsed=00:00:02.9224074
average model: 

command: analyze-learning
Round, Model, LearningError, LearningErrorRel, ValidationError, ValidationErrorRel, ElapsedSeconds, ModelComplexity, BestCandidate, BestCandidateSize, BestCandidateScore, TestError
Models:
Termination reason: abortError
1;15409.4285714286 * CompressionMethod + -189.428571428583 * BlockSize_1;263.785412753819;263.785412753819;263.785412753819;263.785412753819;0.1718771;2;-189.428571428583 * BlockSize_1;1;1.79769313486232E+308;255.406945227592
2;7569.2857142857 * CompressionMethod + 7650.71428571433 * BlockSize_1 + 39200.7142857143 * x_10;131.444442184318;131.444442184318;131.444442184318;131.444442184318;0.1875003;3;39200.7142857143 * x_10;1;132.340970569501;139.574209702755
3;4039.29687500001 * CompressionMethod + 2944.0625 * BlockSize_1 + 42730.703125 * x_10 + 10982.1875 * x_8;69.624270441969;69.624270441969;69.624270441969;69.624270441969;0.2187509;4;10982.1875 * x_8;1;61.8201717423488;76.5067453194603
4;2847.91623036649 * CompressionMethod + 4986.42931937172 * BlockSize_1 + 31473.3717277487 * x_10 + 9847.53926701571 * x_8 + 21785.2460732984 * BZip2;54.0842701619093;54.0842701619093;54.0842701619093;54.0842701619093;0.2656266;5;21785.2460732984 * BZip2;1;15.5400002800597;89.3443289718592
5;2992.37290738751 * CompressionMethod + 2879.54231300876 * BlockSize_1 + 31775.9130701889 * x_10 + 12464.1130394717 * x_8 + 21002.9995392413 * BZip2 + -8676.48594685915 * x_8 * PPMd;45.1214816979504;45.1214816979504;45.1214816979504;45.1214816979504;0.3593778;7;-8676.48594685915 * x_8 * PPMd;2;4.48139423197946;81.9076852173353
6;3308.15440289504 * CompressionMethod + 2153.24487334138 * BlockSize_1 + 39549.4008845999 * x_10 + 13011.4676316848 * x_8 + 15413.6670687576 * BZip2 + -9539.62203457981 * x_8 * PPMd + -34267.555287495 * x_10 * BlockSize_2048;38.172987288165;38.172987288165;38.172987288165;38.172987288165;0.4531278;9;-34267.555287495 * x_10 * BlockSize_2048;2;3.47424720489269;76.2671355386297
7;2375.598923284 * CompressionMethod + 2500.24226110363 * BlockSize_1 + 40265.0829968596 * x_10 + 13792.2117541499 * x_8 + 15738.9771197846 * BZip2 + -9387.81067743384 * x_8 * PPMd + -34050.6819201436 * x_10 * BlockSize_2048 + 8989.40107671599 * BlockSize_4096;34.7603727532398;34.7603727532398;34.7603727532398;34.7603727532398;0.60938;10;8989.40107671599 * BlockSize_4096;1;3.41261453492517;84.2042542826691
8;2375.59892328398 * CompressionMethod + 2500.24226110364 * BlockSize_1 + 40265.0829968597 * x_10 + 13792.2117541498 * x_8 + 15738.9771197847 * BZip2 + -9387.81067743381 * x_8 * PPMd + -34050.6819201435 * x_10 * BlockSize_2048 + 714.401076716019 * BlockSize_4096 + 16550 * BlockSize_4096 * Files_0;26.8133790616294;26.8133790616294;26.8133790616294;26.8133790616294;0.7812566;12;16550 * BlockSize_4096 * Files_0;2;3.9734968458052;73.7882769884196
9;2877.20363754465 * CompressionMethod + 1446.87236115625 * BlockSize_1 + 51292.0266320234 * x_10 + 14527.8986683989 * x_8 + 7763.46216303991 * BZip2 + -10625.1023059435 * x_8 * PPMd + -45579.2302695681 * x_10 * BlockSize_2048 + 212.796362455304 * BlockSize_4096 + 16550 * BlockSize_4096 * Files_0 + -37269.2302695681 * x_10 * BlockSize_16;21.1691342001374;21.1691342001374;21.1691342001374;21.1691342001374;1.0312588;14;-37269.2302695681 * x_10 * BlockSize_16;2;2.822122430746;63.469861498203
10;2033.72147915029 * CompressionMethod + 1767.30133752953 * BlockSize_1 + 51852.7773406767 * x_10 + 15225.3029110936 * x_8 + 8116.87647521639 * BZip2 + -10479.0243902439 * x_8 * PPMd + -45296.4988198269 * x_10 * BlockSize_2048 + 1056.27852084979 * BlockSize_4096 + 16549.9999999999 * BlockSize_4096 * Files_0 + -41822.7773406767 * x_10 * BlockSize_16 + 4836.27852084972 * BlockSize_16;16.1216723691674;16.1216723691674;16.1216723691674;16.1216723691674;1.3593885;15;4836.27852084972 * BlockSize_16;1;5.04746183097002;68.2899140018422
11;2033.72147915026 * CompressionMethod + 1767.30133752954 * BlockSize_1 + 51852.7773406767 * x_10 + 15225.3029110936 * x_8 + 8116.87647521639 * BZip2 + -10479.0243902439 * x_8 * PPMd + -45296.4988198269 * x_10 * BlockSize_2048 + 1056.27852084973 * BlockSize_4096 + 16550 * BlockSize_4096 * Files_0 + -43832.7773406766 * x_10 * BlockSize_16 + 6846.27852084974 * BlockSize_16 + -6030 * BlockSize_16 * PPMd;11.42010371176;11.42010371176;11.42010371176;11.42010371176;1.7656424;17;-6030 * BlockSize_16 * PPMd;2;2.3507843287037;68.1608539079631
12;1915.9794893261 * CompressionMethod + 1633.22519882796 * BlockSize_1 + 51834.4014231896 * x_10 + 14984.3742151528 * x_8 + 8287.0238593554 * BZip2 + -10120.3537044789 * x_8 * PPMd + -45160.3809125157 * x_10 * BlockSize_2048 + 1174.02051067394 * BlockSize_4096 + 16550 * BlockSize_4096 * Files_0 + -43814.4014231895 * x_10 * BlockSize_16 + 6964.02051067395 * BlockSize_16 + -6029.99999999999 * BlockSize_16 * PPMd + 865.029300962739 * LZMA;10.2025035878216;10.2025035878216;10.2025035878216;10.2025035878216;2.1562707;18;865.029300962739 * LZMA;1;1.21760012393838;66.9748697871048
13;1952.52587481518 * CompressionMethod + 1622.97190734354 * BlockSize_1 + 51812.0675209463 * x_10 + 14961.0251355348 * x_8 + 8269.25825529826 * BZip2 + -10133.5510103499 * x_8 * PPMd + -45174.5933957615 * x_10 * BlockSize_2048 + 1380.00000000002 * BlockSize_4096 + 16307.4741251848 * BlockSize_4096 * Files_0 + -43792.0675209463 * x_10 * BlockSize_16 + 6927.47412518486 * BlockSize_16 + -6030.00000000003 * BlockSize_16 * PPMd + 847.466732380497 * LZMA + -242.525874815183 * x_4;9.5237311583748;9.5237311583748;9.5237311583748;9.5237311583748;2.9219033;19;-242.525874815183 * x_4;1;0.678772429446845;67.3109640359655
Analyze finished
command: measurementstocsv ./sampledConfigurations_rand_0.csv
command: clean-sampling
command: clean-global
command: script ./learn_rand_1.a
command: log ./out_rand_1.log
