Current machine learning settings: epsilon:0 lossFunction:RELATIVE parallelization:True bagging:False baggingNumbers:3 baggingTestDataFraction:50 useBackward:False abortError:1 limitFeatureSize:False featureSizeTreshold:4 quadraticFunctionSupport:True crossValidation:False crossValidation-k:5 learn-logFunction:False learn-accumulatedLogFunction:False learn-asymFunction:False learn-ratioFunction:False learn-mirrowedFunction:False numberOfRounds:70 backwardErrorDelta:1 minImprovementPerRound:0.1 withHierarchy:False bruteForceCandidates:False ignoreBadFeatures:False stopOnLongRound:True candidateSizePenalty:True learnTimeLimit:00:00:00 scoreMeasure:RELERROR outputRoundsToStdout:False blacklisted: 
command: mlsettings bagging:False stopOnLongRound:False parallelization:True lossFunction:RELATIVE useBackward:False abortError:10 limitFeatureSize:False featureSizeTreshold:7 quadraticFunctionSupport:True crossValidation:False learn_logFunction:True numberOfRounds:70 backwardErrorDelta:1 minImprovementPerRound:0.25 withHierarchy:False
Current machine learning settings: epsilon:0 lossFunction:RELATIVE parallelization:True bagging:False baggingNumbers:3 baggingTestDataFraction:50 useBackward:False abortError:10 limitFeatureSize:False featureSizeTreshold:7 quadraticFunctionSupport:True crossValidation:False crossValidation-k:5 learn-logFunction:True learn-accumulatedLogFunction:False learn-asymFunction:False learn-ratioFunction:False learn-mirrowedFunction:False numberOfRounds:70 backwardErrorDelta:1 minImprovementPerRound:0.25 withHierarchy:False bruteForceCandidates:False ignoreBadFeatures:False stopOnLongRound:False candidateSizePenalty:True learnTimeLimit:00:00:00 scoreMeasure:RELERROR outputRoundsToStdout:False blacklisted: 
command: solver z3
command: vm ../FeatureModel.xml
command: all ../measurements.xml
Configs with too large deviation: 0
68640 configurations loaded.
command: nfp Performance
command: binary random numConfigs:4091 seed:63 fromFile:../allConfigurations.csv
command: learn-splconqueror
Learning: NumberOfConfigurationsLearning:4091 NumberOfConfigurationsValidation:4091
Learning progress:
1;11614.1788661166 * CompressionMethod + 154.833109931297 * BlockSize_1;180.306274782602;180.306274782602;180.306274782602;180.306274782602;0.4843783;2;154.833109931297 * BlockSize_1;1;1.79769313486232E+308;
2;7632.33894450686 * CompressionMethod + -197.817769739951 * BlockSize_1 + 22979.6813909184 * x_10;116.912337773278;116.912337773278;116.912337773278;116.912337773278;1.0468849;3;22979.6813909184 * x_10;1;63.3939370093239;
3;5369.37424343975 * CompressionMethod + -81.9969890839638 * BlockSize_1 + 25232.4266113394 * x_10 + 11061.9830871307 * x_8;80.3182388627126;80.3182388627126;80.3182388627126;80.3182388627126;2.6542595;4;11061.9830871307 * x_8;1;36.5940989105655;
4;3549.50845230574 * CompressionMethod + -74.4764245838813 * BlockSize_1 + 25187.8103931685 * x_10 + 11042.3775557515 * x_8 + 9371.59407803398 * BZip2;60.59102106379;60.59102106379;60.59102106379;60.59102106379;6.1386701;5;9371.59407803398 * BZip2;1;19.7272177989226;
5;3780.98683400361 * CompressionMethod + 211.402114526898 * BlockSize_1 + 31134.6126184267 * x_10 + 11046.8048941026 * x_8 + 8059.23245264919 * BZip2 + -27198.3804520926 * x_10 * PPMd;53.1525095288462;53.1525095288462;53.1525095288462;53.1525095288462;11.3730996;7;-27198.3804520926 * x_10 * PPMd;2;3.7192557674719;
6;1832.67504808473 * CompressionMethod + 456.80181755683 * BlockSize_1 + 33020.2747864165 * x_10 + 12943.8607947248 * x_8 + 8225.92330099347 * BZip2 + -27162.4731094914 * x_10 * PPMd + 7552.97071783182 * x_6;48.7379554007478;48.7379554007478;48.7379554007478;48.7379554007478;18.5450477;8;7552.97071783182 * x_6;1;4.4145541280984;
7;3003.42149759512 * CompressionMethod + 543.493366783499 * BlockSize_1 + 24394.6980508729 * x_10 + 12916.2557198266 * x_8 + 2366.74384697097 * BZip2 + -19717.0899794632 * x_10 * PPMd + 7392.03593707026 * x_6 + 35125.4293719232 * x_10 * BZip2;40.0838469699985;40.0838469699985;40.0838469699985;40.0838469699985;27.9670193;10;35125.4293719232 * x_10 * BZip2;2;4.32705421537462;
8;3097.59553205335 * CompressionMethod + 450.115524901118 * BlockSize_1 + 24308.3803252268 * x_10 + 12913.1600304485 * x_8 + 1938.54937558487 * BZip2 + -19714.7704978143 * x_10 * PPMd + 9314.35857458658 * x_6 + 35553.0010292909 * x_10 * BZip2 + -9680.25553737747 * x_6 * PPMd;32.6700044080325;32.6700044080325;32.6700044080325;32.6700044080325;40.0901802;12;-9680.25553737747 * x_6 * PPMd;2;3.706921280983;
9;2706.56410669901 * CompressionMethod + 607.268252879569 * BlockSize_1 + 24686.1897662558 * x_10 + 12924.0032089225 * x_8 + 3815.56842742585 * BZip2 + -19718.6741312816 * x_10 * PPMd + 11611.4288612092 * x_6 + 33677.0301589035 * x_10 * BZip2 + -11593.2789643317 * x_6 * PPMd + -10726.5057311246 * x_6 * BZip2;27.2229611941504;27.2229611941504;27.2229611941504;27.2229611941504;54.3435433;14;-10726.5057311246 * x_6 * BZip2;2;2.72352160694107;
10;2858.62087721879 * CompressionMethod + 545.416612756204 * BlockSize_1 + 24539.3368596887 * x_10 + 15252.8831725652 * x_8 + 3085.98780904159 * BZip2 + -19717.1377524005 * x_10 * PPMd + 11463.1738463472 * x_6 + 34406.1982375704 * x_10 * BZip2 + -11594.3317582066 * x_6 * PPMd + -9993.85446393998 * x_6 * BZip2 + -11716.6044112059 * x_8 * PPMd;22.368932668881;22.368932668881;22.368932668881;22.368932668881;72.9022089;16;-11716.6044112059 * x_8 * PPMd;2;2.42701426263471;
11;2880.89655427419 * CompressionMethod + 293.81090958122 * BlockSize_1 + 15298.8599964918 * x_10 + 15250.8984555502 * x_8 + 3083.31170722199 * BZip2 + -10471.5179960426 * x_10 * PPMd + 11456.3632952555 * x_6 + 43646.5661081717 * x_10 * BZip2 + -11598.6144084746 * x_6 * PPMd + -9978.68729884285 * x_6 * BZip2 + -11720.366529433 * x_8 * PPMd + 26691.5131461539 * x_10 * Deflate;17.8907821768723;17.8907821768723;17.8907821768723;17.8907821768723;94.6511875;18;26691.5131461539 * x_10 * Deflate;2;2.23907524600432;
12;2569.95542023243 * CompressionMethod + 255.684540870984 * BlockSize_1 + 14972.038119745 * x_10 + 15194.2270050286 * x_8 + 3411.31548374069 * BZip2 + -9829.60018866291 * x_10 * PPMd + 11329.5346399822 * x_6 + 43959.2787935388 * x_10 * BZip2 + -11159.1501138828 * x_6 * PPMd + -9864.68502285539 * x_6 * BZip2 + -11350.2492929113 * x_8 * PPMd + 27333.2476536834 * x_10 * Deflate + 1193.38401581247 * LZMA2;15.7212971337572;15.7212971337572;15.7212971337572;15.7212971337572;123.6454761;19;1193.38401581247 * LZMA2;1;2.1694850431151;
13;1756.62931018238 * CompressionMethod + 277.821634511095 * BlockSize_1 + 14281.9122829523 * x_10 + 14952.3123872669 * x_8 + 4283.43946889912 * BZip2 + -8328.56061740761 * x_10 * PPMd + 11102.9282919666 * x_6 + 44588.8919099402 * x_10 * BZip2 + -10120.2015266459 * x_6 * PPMd + -9699.33622702025 * x_6 * BZip2 + -10296.4628267236 * x_8 * PPMd + 28834.3936532717 * x_10 * Deflate + 2201.79647432809 * LZMA2 + 2073.55530734314 * LZMA;13.1450027322257;13.1450027322257;13.1450027322257;13.1450027322257;159.0305242;20;2073.55530734314 * LZMA;1;2.57629440153151;
14;2428.03491306222 * CompressionMethod + 232.077944752657 * BlockSize_1 + 14883.3200865145 * x_10 + 15129.3098436183 * x_8 + 3571.25763393146 * BZip2 + -9596.38913458173 * x_10 * PPMd + 13836.147699969 * x_6 + 44031.8038637305 * x_10 * BZip2 + -13522.7934846501 * x_6 * PPMd + -12386.6967707392 * x_6 * BZip2 + -11141.8608260442 * x_8 * PPMd + 27566.3452145136 * x_10 * Deflate + 905.434826631321 * LZMA2 + 835.288861363717 * LZMA + -8155.19381660741 * x_6 * Deflate;10.3847436072707;10.3847436072707;10.3847436072707;10.3847436072707;190.3340798;22;-8155.19381660741 * x_6 * Deflate;2;1.38012956247751;
15;2105.76763835673 * CompressionMethod + 233.10598022025 * BlockSize_1 + 14679.5957051833 * x_10 + 14341.2536234389 * x_8 + 4090.46090913679 * BZip2 + -9070.50950805087 * x_10 * PPMd + 13632.3835498738 * x_6 + 44038.5126080099 * x_10 * BZip2 + -12996.8077503146 * x_6 * PPMd + -12379.9828473074 * x_6 * BZip2 + -10031.6048663359 * x_8 * PPMd + 28092.229783522 * x_10 * Deflate + 1423.08258534531 * LZMA2 + 1370.78566263581 * LZMA + -7629.20947740055 * x_6 * Deflate + 3126.43793334809 * x_8 * Deflate;9.00566680651728;9.00566680651728;9.00566680651728;9.00566680651728;224.2030502;24;3126.43793334809 * x_8 * Deflate;2;0.689538400376708;
Elapsed=00:03:44.2729114
average model: 

command: analyze-learning
Round, Model, LearningError, LearningErrorRel, ValidationError, ValidationErrorRel, ElapsedSeconds, ModelComplexity, BestCandidate, BestCandidateSize, BestCandidateScore, TestError
Models:
Termination reason: abortError
1;11614.1788661166 * CompressionMethod + 154.833109931297 * BlockSize_1;180.306274782602;180.306274782602;180.306274782602;180.306274782602;0.4843783;2;154.833109931297 * BlockSize_1;1;1.79769313486232E+308;184.649825904497
2;7632.33894450686 * CompressionMethod + -197.817769739951 * BlockSize_1 + 22979.6813909184 * x_10;116.912337773278;116.912337773278;116.912337773278;116.912337773278;1.0468849;3;22979.6813909184 * x_10;1;63.3939370093239;117.889818704718
3;5369.37424343975 * CompressionMethod + -81.9969890839638 * BlockSize_1 + 25232.4266113394 * x_10 + 11061.9830871307 * x_8;80.3182388627126;80.3182388627126;80.3182388627126;80.3182388627126;2.6542595;4;11061.9830871307 * x_8;1;36.5940989105655;80.3339705741883
4;3549.50845230574 * CompressionMethod + -74.4764245838813 * BlockSize_1 + 25187.8103931685 * x_10 + 11042.3775557515 * x_8 + 9371.59407803398 * BZip2;60.59102106379;60.59102106379;60.59102106379;60.59102106379;6.1386701;5;9371.59407803398 * BZip2;1;19.7272177989226;60.1566295785415
5;3780.98683400361 * CompressionMethod + 211.402114526898 * BlockSize_1 + 31134.6126184267 * x_10 + 11046.8048941026 * x_8 + 8059.23245264919 * BZip2 + -27198.3804520926 * x_10 * PPMd;53.1525095288462;53.1525095288462;53.1525095288462;53.1525095288462;11.3730996;7;-27198.3804520926 * x_10 * PPMd;2;3.7192557674719;54.1351306684884
6;1832.67504808473 * CompressionMethod + 456.80181755683 * BlockSize_1 + 33020.2747864165 * x_10 + 12943.8607947248 * x_8 + 8225.92330099347 * BZip2 + -27162.4731094914 * x_10 * PPMd + 7552.97071783182 * x_6;48.7379554007478;48.7379554007478;48.7379554007478;48.7379554007478;18.5450477;8;7552.97071783182 * x_6;1;4.4145541280984;49.5615662100199
7;3003.42149759512 * CompressionMethod + 543.493366783499 * BlockSize_1 + 24394.6980508729 * x_10 + 12916.2557198266 * x_8 + 2366.74384697097 * BZip2 + -19717.0899794632 * x_10 * PPMd + 7392.03593707026 * x_6 + 35125.4293719232 * x_10 * BZip2;40.0838469699985;40.0838469699985;40.0838469699985;40.0838469699985;27.9670193;10;35125.4293719232 * x_10 * BZip2;2;4.32705421537462;41.0071493099059
8;3097.59553205335 * CompressionMethod + 450.115524901118 * BlockSize_1 + 24308.3803252268 * x_10 + 12913.1600304485 * x_8 + 1938.54937558487 * BZip2 + -19714.7704978143 * x_10 * PPMd + 9314.35857458658 * x_6 + 35553.0010292909 * x_10 * BZip2 + -9680.25553737747 * x_6 * PPMd;32.6700044080325;32.6700044080325;32.6700044080325;32.6700044080325;40.0901802;12;-9680.25553737747 * x_6 * PPMd;2;3.706921280983;33.3721833781279
9;2706.56410669901 * CompressionMethod + 607.268252879569 * BlockSize_1 + 24686.1897662558 * x_10 + 12924.0032089225 * x_8 + 3815.56842742585 * BZip2 + -19718.6741312816 * x_10 * PPMd + 11611.4288612092 * x_6 + 33677.0301589035 * x_10 * BZip2 + -11593.2789643317 * x_6 * PPMd + -10726.5057311246 * x_6 * BZip2;27.2229611941504;27.2229611941504;27.2229611941504;27.2229611941504;54.3435433;14;-10726.5057311246 * x_6 * BZip2;2;2.72352160694107;27.4204157966746
10;2858.62087721879 * CompressionMethod + 545.416612756204 * BlockSize_1 + 24539.3368596887 * x_10 + 15252.8831725652 * x_8 + 3085.98780904159 * BZip2 + -19717.1377524005 * x_10 * PPMd + 11463.1738463472 * x_6 + 34406.1982375704 * x_10 * BZip2 + -11594.3317582066 * x_6 * PPMd + -9993.85446393998 * x_6 * BZip2 + -11716.6044112059 * x_8 * PPMd;22.368932668881;22.368932668881;22.368932668881;22.368932668881;72.9022089;16;-11716.6044112059 * x_8 * PPMd;2;2.42701426263471;22.5790519544546
11;2880.89655427419 * CompressionMethod + 293.81090958122 * BlockSize_1 + 15298.8599964918 * x_10 + 15250.8984555502 * x_8 + 3083.31170722199 * BZip2 + -10471.5179960426 * x_10 * PPMd + 11456.3632952555 * x_6 + 43646.5661081717 * x_10 * BZip2 + -11598.6144084746 * x_6 * PPMd + -9978.68729884285 * x_6 * BZip2 + -11720.366529433 * x_8 * PPMd + 26691.5131461539 * x_10 * Deflate;17.8907821768723;17.8907821768723;17.8907821768723;17.8907821768723;94.6511875;18;26691.5131461539 * x_10 * Deflate;2;2.23907524600432;18.1980199155056
12;2569.95542023243 * CompressionMethod + 255.684540870984 * BlockSize_1 + 14972.038119745 * x_10 + 15194.2270050286 * x_8 + 3411.31548374069 * BZip2 + -9829.60018866291 * x_10 * PPMd + 11329.5346399822 * x_6 + 43959.2787935388 * x_10 * BZip2 + -11159.1501138828 * x_6 * PPMd + -9864.68502285539 * x_6 * BZip2 + -11350.2492929113 * x_8 * PPMd + 27333.2476536834 * x_10 * Deflate + 1193.38401581247 * LZMA2;15.7212971337572;15.7212971337572;15.7212971337572;15.7212971337572;123.6454761;19;1193.38401581247 * LZMA2;1;2.1694850431151;15.9908465709168
13;1756.62931018238 * CompressionMethod + 277.821634511095 * BlockSize_1 + 14281.9122829523 * x_10 + 14952.3123872669 * x_8 + 4283.43946889912 * BZip2 + -8328.56061740761 * x_10 * PPMd + 11102.9282919666 * x_6 + 44588.8919099402 * x_10 * BZip2 + -10120.2015266459 * x_6 * PPMd + -9699.33622702025 * x_6 * BZip2 + -10296.4628267236 * x_8 * PPMd + 28834.3936532717 * x_10 * Deflate + 2201.79647432809 * LZMA2 + 2073.55530734314 * LZMA;13.1450027322257;13.1450027322257;13.1450027322257;13.1450027322257;159.0305242;20;2073.55530734314 * LZMA;1;2.57629440153151;13.3222565942181
14;2428.03491306222 * CompressionMethod + 232.077944752657 * BlockSize_1 + 14883.3200865145 * x_10 + 15129.3098436183 * x_8 + 3571.25763393146 * BZip2 + -9596.38913458173 * x_10 * PPMd + 13836.147699969 * x_6 + 44031.8038637305 * x_10 * BZip2 + -13522.7934846501 * x_6 * PPMd + -12386.6967707392 * x_6 * BZip2 + -11141.8608260442 * x_8 * PPMd + 27566.3452145136 * x_10 * Deflate + 905.434826631321 * LZMA2 + 835.288861363717 * LZMA + -8155.19381660741 * x_6 * Deflate;10.3847436072707;10.3847436072707;10.3847436072707;10.3847436072707;190.3340798;22;-8155.19381660741 * x_6 * Deflate;2;1.38012956247751;10.589578476831
15;2105.76763835673 * CompressionMethod + 233.10598022025 * BlockSize_1 + 14679.5957051833 * x_10 + 14341.2536234389 * x_8 + 4090.46090913679 * BZip2 + -9070.50950805087 * x_10 * PPMd + 13632.3835498738 * x_6 + 44038.5126080099 * x_10 * BZip2 + -12996.8077503146 * x_6 * PPMd + -12379.9828473074 * x_6 * BZip2 + -10031.6048663359 * x_8 * PPMd + 28092.229783522 * x_10 * Deflate + 1423.08258534531 * LZMA2 + 1370.78566263581 * LZMA + -7629.20947740055 * x_6 * Deflate + 3126.43793334809 * x_8 * Deflate;9.00566680651728;9.00566680651728;9.00566680651728;9.00566680651728;224.2030502;24;3126.43793334809 * x_8 * Deflate;2;0.689538400376708;9.04963680134917
Analyze finished
command: measurementstocsv ./sampledConfigurations_rand_2.csv
command: clean-sampling
command: clean-global
