Current machine learning settings: epsilon:0 lossFunction:RELATIVE parallelization:True bagging:False baggingNumbers:3 considerEpsilonTube:False baggingTestDataFraction:50 useBackward:False abortError:10 limitFeatureSize:False featureSizeTreshold:7 quadraticFunctionSupport:True crossValidation:False crossValidation-k:5 learn-logFunction:True learn-accumulatedLogFunction:False learn-asymFunction:False learn-ratioFunction:False learn-mirrowedFunction:False numberOfRounds:70 backwardErrorDelta:1 minImprovementPerRound:0.25 withHierarchy:False bruteForceCandidates:False ignoreBadFeatures:False stopOnLongRound:False candidateSizePenalty:True learnTimeLimit:00:00:00 scoreMeasure:RELERROR outputRoundsToStdout:False blacklisted: 
command: twise t:1
command: printconfigs ./twise_1.txt
command: start
Learning: NumberOfConfigurationsLearning:50 NumberOfConfigurationsValidation:50
Learning progress:
1;29.9157142857143 * API + -3.65371428571429 * padding_192;19.3660570508312;19.3660570508312;19.3660570508312;19.3660570508312;0.050488;2;-3.65371428571429 * padding_192;1;1.79769313486232E+308;
2;28.7721041666667 * API + -2.51010416666666 * padding_192 + 56.0368958333333 * LocalMemory;15.2399539173385;15.2399539173385;15.2399539173385;15.2399539173385;0.089364;3;56.0368958333333 * LocalMemory;1;4.12610313349266;
3;27.8588292682927 * API + -1.59682926829273 * padding_192 + 56.9501707317073 * LocalMemory + 6.26245644599303 * padding_96;11.7052138892622;11.7052138892622;11.7052138892622;11.7052138892622;0.15253;4;6.26245644599303 * padding_96;1;3.53474002807633;
4;26.6087 * API + -0.346699999999968 * padding_192 + 58.2003 * LocalMemory + 7.51258571428569 * padding_96 + 51.2553 * bs_32x1;8.05724811062405;8.05724811062405;8.05724811062405;8.05724811062405;0.290507;5;51.2553 * bs_32x1;1;3.64796577863815;
Elapsed=00:00:00.2926294
average model: 
command: analyze-learning
Round, Model, LearningError, LearningErrorRel, ValidationError, ValidationErrorRel, ElapsedSeconds, ModelComplexity, BestCandidate, BestCandidateSize, BestCandidateScore, TestError
Models:
Termination reason: abortError
1;29.9157142857143 * API + -3.65371428571429 * padding_192;19.3660570508312;19.3660570508312;19.3660570508312;19.3660570508312;0.050488;2;-3.65371428571429 * padding_192;1;1.79769313486232E+308;26.2654327886589
2;28.7721041666667 * API + -2.51010416666666 * padding_192 + 56.0368958333333 * LocalMemory;15.2399539173385;15.2399539173385;15.2399539173385;15.2399539173385;0.089364;3;56.0368958333333 * LocalMemory;1;4.12610313349266;57.6178181940863
3;27.8588292682927 * API + -1.59682926829273 * padding_192 + 56.9501707317073 * LocalMemory + 6.26245644599303 * padding_96;11.7052138892622;11.7052138892622;11.7052138892622;11.7052138892622;0.15253;4;6.26245644599303 * padding_96;1;3.53474002807633;57.4585760882002
4;26.6087 * API + -0.346699999999968 * padding_192 + 58.2003 * LocalMemory + 7.51258571428569 * padding_96 + 51.2553 * bs_32x1;8.05724811062405;8.05724811062405;8.05724811062405;8.05724811062405;0.290507;5;51.2553 * bs_32x1;1;3.64796577863815;60.1285394288808
Analyze finished
command: clean-sampling
command: log ./out_twise_t2.log
