Current machine learning settings: epsilon:0 lossFunction:RELATIVE parallelization:True bagging:False baggingNumbers:3 baggingTestDataFraction:50 useBackward:False abortError:1 limitFeatureSize:False featureSizeTreshold:4 quadraticFunctionSupport:True crossValidation:False crossValidation-k:5 learn-logFunction:False learn-accumulatedLogFunction:False learn-asymFunction:False learn-ratioFunction:False learn-mirrowedFunction:False numberOfRounds:70 backwardErrorDelta:1 minImprovementPerRound:0.1 withHierarchy:False bruteForceCandidates:False ignoreBadFeatures:False stopOnLongRound:True candidateSizePenalty:True learnTimeLimit:00:00:00 scoreMeasure:RELERROR outputRoundsToStdout:False blacklisted: 
command: mlsettings bagging:False stopOnLongRound:False parallelization:True lossFunction:RELATIVE useBackward:False abortError:10 limitFeatureSize:False featureSizeTreshold:7 quadraticFunctionSupport:True crossValidation:False learn_logFunction:True numberOfRounds:70 backwardErrorDelta:1 minImprovementPerRound:0.25 withHierarchy:False
Current machine learning settings: epsilon:0 lossFunction:RELATIVE parallelization:True bagging:False baggingNumbers:3 baggingTestDataFraction:50 useBackward:False abortError:10 limitFeatureSize:False featureSizeTreshold:7 quadraticFunctionSupport:True crossValidation:False crossValidation-k:5 learn-logFunction:True learn-accumulatedLogFunction:False learn-asymFunction:False learn-ratioFunction:False learn-mirrowedFunction:False numberOfRounds:70 backwardErrorDelta:1 minImprovementPerRound:0.25 withHierarchy:False bruteForceCandidates:False ignoreBadFeatures:False stopOnLongRound:False candidateSizePenalty:True learnTimeLimit:00:00:00 scoreMeasure:RELERROR outputRoundsToStdout:False blacklisted: 
command: solver z3
command: vm /local/hdd2/kaltenec/Repositories/DistributionAware/DistOut/ConstraintData/JavaGC_disc/FeatureModel.xml
command: all /local/hdd2/kaltenec/Repositories/DistributionAware/DistOut/ConstraintData/JavaGC_disc/measurements.xml
Configs with too large deviation: 0
193536 configurations loaded.
command: nfp Performance
command: binary random numConfigs:32 seed:48 fromFile:/local/hdd2/kaltenec/Repositories/DistributionAware/DistOut/ConstraintData/JavaGC_disc/allConfigurations.csv
command: learn-splconqueror
Learning: NumberOfConfigurationsLearning:32 NumberOfConfigurationsValidation:32
Learning progress:
1;63.4649222222222 * MaxTenuringThreshold + 9.96424844444444 * DisableExplicitGC;77.090364730701;77.090364730701;77.090364730701;77.090364730701;0.05833;2;9.96424844444444 * DisableExplicitGC;1;1.79769313486232E+308;
2;52.4472854295532 * MaxTenuringThreshold + -18.6816072164948 * DisableExplicitGC + 66.1058207560137 * UseAdaptiveSizePolicy;64.8460033207076;64.8460033207076;64.8460033207076;64.8460033207076;0.105345;3;66.1058207560137 * UseAdaptiveSizePolicy;1;12.2443614099934;
3;49.4683503654485 * MaxTenuringThreshold + -11.9790033222592 * DisableExplicitGC + 83.9794311406424 * UseAdaptiveSizePolicy + -96.3189004060539 * NewRatio_1;41.581962424797;41.581962424797;41.581962424797;41.581962424797;0.183251;4;-96.3189004060539 * NewRatio_1;1;23.2640408959106;
4;46.8136065020576 * MaxTenuringThreshold + -6.0058296296296 * DisableExplicitGC + 99.9078943209877 * UseAdaptiveSizePolicy + -115.565793415638 * NewRatio_1 + -99.8847378600823 * UseAdaptiveSizePolicy * NewRatio_2;32.0335626704868;32.0335626704868;32.0335626704868;32.0335626704868;0.325867;6;-99.8847378600823 * UseAdaptiveSizePolicy * NewRatio_2;2;4.77419987715508;
5;45.8934034408602 * MaxTenuringThreshold + -11.9214207373272 * DisableExplicitGC + 105.429112688172 * UseAdaptiveSizePolicy + -114.251217613927 * NewRatio_1 + -98.5701620583717 * UseAdaptiveSizePolicy * NewRatio_2 + 63.8883839631336 * SurvivorRatio_6;27.2957500797583;27.2957500797583;27.2957500797583;27.2957500797583;0.494562;7;63.8883839631336 * SurvivorRatio_6;1;4.7378125907285;
6;48.5468286561955 * MaxTenuringThreshold + -18.3654534031413 * DisableExplicitGC + 144.346015846422 * UseAdaptiveSizePolicy + -149.377513321699 * NewRatio_1 + -133.696457766143 * UseAdaptiveSizePolicy * NewRatio_2 + 67.6789914136126 * SurvivorRatio_6 + -109.674908900523 * UseAdaptiveSizePolicy * NewRatio_4;20.1520369888154;20.1520369888154;20.1520369888154;20.1520369888154;0.830632;9;-109.674908900523 * UseAdaptiveSizePolicy * NewRatio_4;2;3.57185654547147;
7;47.5303238012391 * MaxTenuringThreshold + -20.5845837202995 * DisableExplicitGC + 145.844525350912 * UseAdaptiveSizePolicy + -150.374928883604 * NewRatio_1 + -136.061143942814 * UseAdaptiveSizePolicy * NewRatio_2 + 70.9146265857271 * SurvivorRatio_6 + -108.677493338618 * UseAdaptiveSizePolicy * NewRatio_4 + 8.20362368859136 * TenuredGenerationSizeSupplementDecay_4;18.0293680973645;18.0293680973645;18.0293680973645;18.0293680973645;1.121171;10;8.20362368859136 * TenuredGenerationSizeSupplementDecay_4;1;2.12266889145094;
8;42.1947899515715 * MaxTenuringThreshold + -9.5224958097592 * DisableExplicitGC + 107.816758681629 * UseAdaptiveSizePolicy + -119.179504614408 * NewRatio_1 + -105.418613843225 * UseAdaptiveSizePolicy * NewRatio_2 + 65.1880725248545 * SurvivorRatio_6 + -72.6889180933614 * UseAdaptiveSizePolicy * NewRatio_4 + 11.5209887062333 * TenuredGenerationSizeSupplementDecay_4 + 100.775999271679 * UseAdaptiveSizePolicy * NewRatio_32;15.6554752191295;15.6554752191295;15.6554752191295;15.6554752191295;1.952426;12;100.775999271679 * UseAdaptiveSizePolicy * NewRatio_32;2;1.1869464391175;
9;35.6734896528037 * MaxTenuringThreshold + -4.64361413092128 * DisableExplicitGC + 108.975435492043 * UseAdaptiveSizePolicy + -119.340751884247 * NewRatio_1 + -105.902355652742 * UseAdaptiveSizePolicy * NewRatio_2 + 43.8404696864768 * SurvivorRatio_6 + -70.578882390899 * UseAdaptiveSizePolicy * NewRatio_4 + 13.4559559442994 * TenuredGenerationSizeSupplementDecay_4 + 80.7091604623069 * UseAdaptiveSizePolicy * NewRatio_32 + 22.9900214583074 * NewRatio_32;13.39561617077;13.39561617077;13.39561617077;13.39561617077;2.77335;13;22.9900214583074 * NewRatio_32;1;2.25985904835945;
10;21.2199905462411 * MaxTenuringThreshold + 7.14739829811667 * DisableExplicitGC + 101.114760539351 * UseAdaptiveSizePolicy + -106.662243896034 * NewRatio_1 + -92.1461744855305 * UseAdaptiveSizePolicy * NewRatio_2 + 32.0494572574389 * SurvivorRatio_6 + -56.1253832843363 * UseAdaptiveSizePolicy * NewRatio_4 + 6.98991687031088 * TenuredGenerationSizeSupplementDecay_4 + 82.6743292004799 * UseAdaptiveSizePolicy * NewRatio_32 + 37.4435205648701 * NewRatio_32 + 24.2793427974276 * NewRatio_16;8.09044656598821;8.09044656598821;8.09044656598821;8.09044656598821;3.575399;14;24.2793427974276 * NewRatio_16;1;5.30516960478182;
Elapsed=00:00:03.5782972
average model: 
command: analyze-learning
Round, Model, LearningError, LearningErrorRel, ValidationError, ValidationErrorRel, ElapsedSeconds, ModelComplexity, BestCandidate, BestCandidateSize, BestCandidateScore, TestError
Models:
Termination reason: abortError
1;63.4649222222222 * MaxTenuringThreshold + 9.96424844444444 * DisableExplicitGC;77.090364730701;77.090364730701;77.090364730701;77.090364730701;0.05833;2;9.96424844444444 * DisableExplicitGC;1;1.79769313486232E+308;90.8350571752378
2;52.4472854295532 * MaxTenuringThreshold + -18.6816072164948 * DisableExplicitGC + 66.1058207560137 * UseAdaptiveSizePolicy;64.8460033207076;64.8460033207076;64.8460033207076;64.8460033207076;0.105345;3;66.1058207560137 * UseAdaptiveSizePolicy;1;12.2443614099934;83.3080793547551
3;49.4683503654485 * MaxTenuringThreshold + -11.9790033222592 * DisableExplicitGC + 83.9794311406424 * UseAdaptiveSizePolicy + -96.3189004060539 * NewRatio_1;41.581962424797;41.581962424797;41.581962424797;41.581962424797;0.183251;4;-96.3189004060539 * NewRatio_1;1;23.2640408959106;81.3290638173834
4;46.8136065020576 * MaxTenuringThreshold + -6.0058296296296 * DisableExplicitGC + 99.9078943209877 * UseAdaptiveSizePolicy + -115.565793415638 * NewRatio_1 + -99.8847378600823 * UseAdaptiveSizePolicy * NewRatio_2;32.0335626704868;32.0335626704868;32.0335626704868;32.0335626704868;0.325867;6;-99.8847378600823 * UseAdaptiveSizePolicy * NewRatio_2;2;4.77419987715508;69.0090628233136
5;45.8934034408602 * MaxTenuringThreshold + -11.9214207373272 * DisableExplicitGC + 105.429112688172 * UseAdaptiveSizePolicy + -114.251217613927 * NewRatio_1 + -98.5701620583717 * UseAdaptiveSizePolicy * NewRatio_2 + 63.8883839631336 * SurvivorRatio_6;27.2957500797583;27.2957500797583;27.2957500797583;27.2957500797583;0.494562;7;63.8883839631336 * SurvivorRatio_6;1;4.7378125907285;85.1086204660675
6;48.5468286561955 * MaxTenuringThreshold + -18.3654534031413 * DisableExplicitGC + 144.346015846422 * UseAdaptiveSizePolicy + -149.377513321699 * NewRatio_1 + -133.696457766143 * UseAdaptiveSizePolicy * NewRatio_2 + 67.6789914136126 * SurvivorRatio_6 + -109.674908900523 * UseAdaptiveSizePolicy * NewRatio_4;20.1520369888154;20.1520369888154;20.1520369888154;20.1520369888154;0.830632;9;-109.674908900523 * UseAdaptiveSizePolicy * NewRatio_4;2;3.57185654547147;93.8400168078301
7;47.5303238012391 * MaxTenuringThreshold + -20.5845837202995 * DisableExplicitGC + 145.844525350912 * UseAdaptiveSizePolicy + -150.374928883604 * NewRatio_1 + -136.061143942814 * UseAdaptiveSizePolicy * NewRatio_2 + 70.9146265857271 * SurvivorRatio_6 + -108.677493338618 * UseAdaptiveSizePolicy * NewRatio_4 + 8.20362368859136 * TenuredGenerationSizeSupplementDecay_4;18.0293680973645;18.0293680973645;18.0293680973645;18.0293680973645;1.121171;10;8.20362368859136 * TenuredGenerationSizeSupplementDecay_4;1;2.12266889145094;96.8751352864203
8;42.1947899515715 * MaxTenuringThreshold + -9.5224958097592 * DisableExplicitGC + 107.816758681629 * UseAdaptiveSizePolicy + -119.179504614408 * NewRatio_1 + -105.418613843225 * UseAdaptiveSizePolicy * NewRatio_2 + 65.1880725248545 * SurvivorRatio_6 + -72.6889180933614 * UseAdaptiveSizePolicy * NewRatio_4 + 11.5209887062333 * TenuredGenerationSizeSupplementDecay_4 + 100.775999271679 * UseAdaptiveSizePolicy * NewRatio_32;15.6554752191295;15.6554752191295;15.6554752191295;15.6554752191295;1.952426;12;100.775999271679 * UseAdaptiveSizePolicy * NewRatio_32;2;1.1869464391175;75.4889969761003
9;35.6734896528037 * MaxTenuringThreshold + -4.64361413092128 * DisableExplicitGC + 108.975435492043 * UseAdaptiveSizePolicy + -119.340751884247 * NewRatio_1 + -105.902355652742 * UseAdaptiveSizePolicy * NewRatio_2 + 43.8404696864768 * SurvivorRatio_6 + -70.578882390899 * UseAdaptiveSizePolicy * NewRatio_4 + 13.4559559442994 * TenuredGenerationSizeSupplementDecay_4 + 80.7091604623069 * UseAdaptiveSizePolicy * NewRatio_32 + 22.9900214583074 * NewRatio_32;13.39561617077;13.39561617077;13.39561617077;13.39561617077;2.77335;13;22.9900214583074 * NewRatio_32;1;2.25985904835945;66.9629780626568
10;21.2199905462411 * MaxTenuringThreshold + 7.14739829811667 * DisableExplicitGC + 101.114760539351 * UseAdaptiveSizePolicy + -106.662243896034 * NewRatio_1 + -92.1461744855305 * UseAdaptiveSizePolicy * NewRatio_2 + 32.0494572574389 * SurvivorRatio_6 + -56.1253832843363 * UseAdaptiveSizePolicy * NewRatio_4 + 6.98991687031088 * TenuredGenerationSizeSupplementDecay_4 + 82.6743292004799 * UseAdaptiveSizePolicy * NewRatio_32 + 37.4435205648701 * NewRatio_32 + 24.2793427974276 * NewRatio_16;8.09044656598821;8.09044656598821;8.09044656598821;8.09044656598821;3.575399;14;24.2793427974276 * NewRatio_16;1;5.30516960478182;58.343367896128
Analyze finished
command: measurementstocsv /localhome/tmp/JavaGC_disc/JavaGC_disc_48/sampledConfigurations_rand_0.csv
command: clean-sampling
command: clean-global
command: script /localhome/tmp/JavaGC_disc/JavaGC_disc_48/learn_rand_1.a
command: log /localhome/tmp/JavaGC_disc/JavaGC_disc_48/out_rand_1.log
