Current machine learning settings: epsilon:0 lossFunction:RELATIVE parallelization:True bagging:False baggingNumbers:3 baggingTestDataFraction:50 useBackward:False abortError:1 limitFeatureSize:False featureSizeTreshold:4 quadraticFunctionSupport:True crossValidation:False crossValidation-k:5 learn-logFunction:False learn-accumulatedLogFunction:False learn-asymFunction:False learn-ratioFunction:False learn-mirrowedFunction:False numberOfRounds:70 backwardErrorDelta:1 minImprovementPerRound:0.1 withHierarchy:False bruteForceCandidates:False ignoreBadFeatures:False stopOnLongRound:True candidateSizePenalty:True learnTimeLimit:00:00:00 scoreMeasure:RELERROR outputRoundsToStdout:False blacklisted: 
command: mlsettings bagging:False stopOnLongRound:False parallelization:True lossFunction:RELATIVE useBackward:False abortError:10 limitFeatureSize:False featureSizeTreshold:7 quadraticFunctionSupport:True crossValidation:False learn_logFunction:True numberOfRounds:70 backwardErrorDelta:1 minImprovementPerRound:0.25 withHierarchy:False
Current machine learning settings: epsilon:0 lossFunction:RELATIVE parallelization:True bagging:False baggingNumbers:3 baggingTestDataFraction:50 useBackward:False abortError:10 limitFeatureSize:False featureSizeTreshold:7 quadraticFunctionSupport:True crossValidation:False crossValidation-k:5 learn-logFunction:True learn-accumulatedLogFunction:False learn-asymFunction:False learn-ratioFunction:False learn-mirrowedFunction:False numberOfRounds:70 backwardErrorDelta:1 minImprovementPerRound:0.25 withHierarchy:False bruteForceCandidates:False ignoreBadFeatures:False stopOnLongRound:False candidateSizePenalty:True learnTimeLimit:00:00:00 scoreMeasure:RELERROR outputRoundsToStdout:False blacklisted: 
command: solver z3
command: vm /scratch/kaltenec/Distribution-Aware-Sampling/DistOut/ConstraintData/VP9_disc/FeatureModel.xml
command: all /scratch/kaltenec/Distribution-Aware-Sampling/DistOut/ConstraintData/VP9_disc/measurements.xml
Configs with too large deviation: 0
216000 configurations loaded.
command: nfp Performance
command: hybrid distribution-aware distance-metric:manhattan distribution:uniform onlyBinary:true selection:SolverSelection number-weight-optimization:1-1 numConfigs:31 seed:57
command: learn-splconqueror
Learning: NumberOfConfigurationsLearning:31 NumberOfConfigurationsValidation:31
Learning progress:
1;15.5941666666667 * Quality + -6.97845238095239 * AutoAltRef;117.246678830262;117.246678830262;117.246678830262;117.246678830262;0.155533;2;-6.97845238095239 * AutoAltRef;1;1.79769313486232E+308;
2;9.06170818505339 * Quality + -2.68569395017793 * AutoAltRef + 15.6779003558719 * cpuUsed_0;62.2644395543059;62.2644395543059;62.2644395543059;62.2644395543059;0.180749;3;15.6779003558719 * cpuUsed_0;1;54.9822392759557;
3;5.38951253481896 * Quality + 1.46172701949861 * AutoAltRef + 12.3513231197771 * cpuUsed_0 + 24.2796935933148 * TileColumns_0;25.163531020884;25.163531020884;25.163531020884;25.163531020884;0.230864;4;24.2796935933148 * TileColumns_0;1;37.1009085334219;
4;3.65458106637651 * Quality + -0.14864526659413 * AutoAltRef + 13.4100761697497 * cpuUsed_0 + 24.1017519042438 * TileColumns_0 + 3.19405331882479 * lossless;22.3527700250994;22.3527700250994;22.3527700250994;22.3527700250994;0.300456;5;3.19405331882479 * lossless;1;2.81076099578456;
5;2.37782243456803 * Quality + 0.980346651615784 * AutoAltRef + 14.7974564880687 * cpuUsed_0 + 23.3702388890347 * TileColumns_0 + 3.1436228440921 * lossless + 2.99003911479801 * cpuUsed_2;12.9783730256883;12.9783730256883;12.9783730256883;12.9783730256883;0.412523;6;2.99003911479801 * cpuUsed_2;1;9.37439699941108;
6;2.54089292872704 * Quality + 0.861326545890093 * AutoAltRef + 14.6077603852228 * cpuUsed_0 + 23.3596522562292 * TileColumns_0 + 3.29151007732469 * lossless + 2.7454863824505 * cpuUsed_2 + -0.576933624407764 * cpuUsed_6;12.0341801946178;12.0341801946178;12.0341801946178;12.0341801946178;0.580441;7;-0.576933624407764 * cpuUsed_6;1;0.944192831070538;
7;32.5631197812992 * Quality + 0.170080526329425 * AutoAltRef + 13.8585388930538 * cpuUsed_0 + 17.0883413256469 * TileColumns_0 + 5.05515368508129 * lossless + 4.28614740325208 * cpuUsed_2 + -1.30742457927253 * cpuUsed_6 + -30.7788810976398 * good;11.2705163488528;11.2705163488528;11.2705163488528;11.2705163488528;0.850709;8;-30.7788810976398 * good;1;0.763663845765027;
8;33.0071765423679 * Quality + -0.328917381473613 * AutoAltRef + 13.4779646843484 * cpuUsed_0 + 17.0248587732836 * TileColumns_0 + 5.41472759573626 * lossless + 3.76351613250547 * cpuUsed_2 + -1.80269766356816 * cpuUsed_6 + -30.8876395219466 * good + -2.48426461615757 * lossless * cpuUsed_8;9.1692047762437;9.1692047762437;9.1692047762437;9.1692047762437;1.222243;10;-2.48426461615757 * lossless * cpuUsed_8;2;1.05065578630453;
Elapsed=00:00:01.2248012
average model: 
command: analyze-learning
Round, Model, LearningError, LearningErrorRel, ValidationError, ValidationErrorRel, ElapsedSeconds, ModelComplexity, BestCandidate, BestCandidateSize, BestCandidateScore, TestError
Models:
Termination reason: abortError
1;15.5941666666667 * Quality + -6.97845238095239 * AutoAltRef;117.246678830262;117.246678830262;117.246678830262;117.246678830262;0.155533;2;-6.97845238095239 * AutoAltRef;1;1.79769313486232E+308;158.233864921189
2;9.06170818505339 * Quality + -2.68569395017793 * AutoAltRef + 15.6779003558719 * cpuUsed_0;62.2644395543059;62.2644395543059;62.2644395543059;62.2644395543059;0.180749;3;15.6779003558719 * cpuUsed_0;1;54.9822392759557;89.2107753831078
3;5.38951253481896 * Quality + 1.46172701949861 * AutoAltRef + 12.3513231197771 * cpuUsed_0 + 24.2796935933148 * TileColumns_0;25.163531020884;25.163531020884;25.163531020884;25.163531020884;0.230864;4;24.2796935933148 * TileColumns_0;1;37.1009085334219;138.127970210503
4;3.65458106637651 * Quality + -0.14864526659413 * AutoAltRef + 13.4100761697497 * cpuUsed_0 + 24.1017519042438 * TileColumns_0 + 3.19405331882479 * lossless;22.3527700250994;22.3527700250994;22.3527700250994;22.3527700250994;0.300456;5;3.19405331882479 * lossless;1;2.81076099578456;125.30054287023
5;2.37782243456803 * Quality + 0.980346651615784 * AutoAltRef + 14.7974564880687 * cpuUsed_0 + 23.3702388890347 * TileColumns_0 + 3.1436228440921 * lossless + 2.99003911479801 * cpuUsed_2;12.9783730256883;12.9783730256883;12.9783730256883;12.9783730256883;0.412523;6;2.99003911479801 * cpuUsed_2;1;9.37439699941108;114.541711580672
6;2.54089292872704 * Quality + 0.861326545890093 * AutoAltRef + 14.6077603852228 * cpuUsed_0 + 23.3596522562292 * TileColumns_0 + 3.29151007732469 * lossless + 2.7454863824505 * cpuUsed_2 + -0.576933624407764 * cpuUsed_6;12.0341801946178;12.0341801946178;12.0341801946178;12.0341801946178;0.580441;7;-0.576933624407764 * cpuUsed_6;1;0.944192831070538;113.979991149369
7;32.5631197812992 * Quality + 0.170080526329425 * AutoAltRef + 13.8585388930538 * cpuUsed_0 + 17.0883413256469 * TileColumns_0 + 5.05515368508129 * lossless + 4.28614740325208 * cpuUsed_2 + -1.30742457927253 * cpuUsed_6 + -30.7788810976398 * good;11.2705163488528;11.2705163488528;11.2705163488528;11.2705163488528;0.850709;8;-30.7788810976398 * good;1;0.763663845765027;376.319164993049
8;33.0071765423679 * Quality + -0.328917381473613 * AutoAltRef + 13.4779646843484 * cpuUsed_0 + 17.0248587732836 * TileColumns_0 + 5.41472759573626 * lossless + 3.76351613250547 * cpuUsed_2 + -1.80269766356816 * cpuUsed_6 + -30.8876395219466 * good + -2.48426461615757 * lossless * cpuUsed_8;9.1692047762437;9.1692047762437;9.1692047762437;9.1692047762437;1.222243;10;-2.48426461615757 * lossless * cpuUsed_8;2;1.05065578630453;370.60424357
Analyze finished
command: measurementstocsv /scratch/kaltenec/Distribution-Aware-Sampling/Results_opt/VP9_disc/VP9_disc_57/sampledConfigurations_solv_0.csv
command: clean-sampling
command: clean-global
command: script /scratch/kaltenec/Distribution-Aware-Sampling/Results_opt/VP9_disc/VP9_disc_57/learn_solv_1.a
command: log /scratch/kaltenec/Distribution-Aware-Sampling/Results_opt/VP9_disc/VP9_disc_57/out_solv_1.log
