Current machine learning settings: epsilon:0 lossFunction:RELATIVE parallelization:True bagging:False baggingNumbers:3 baggingTestDataFraction:50 useBackward:False abortError:1 limitFeatureSize:False featureSizeTreshold:4 quadraticFunctionSupport:True crossValidation:False crossValidation-k:5 learn-logFunction:False learn-accumulatedLogFunction:False learn-asymFunction:False learn-ratioFunction:False learn-mirrowedFunction:False numberOfRounds:70 backwardErrorDelta:1 minImprovementPerRound:0.1 withHierarchy:False bruteForceCandidates:False ignoreBadFeatures:False stopOnLongRound:True candidateSizePenalty:True learnTimeLimit:00:00:00 scoreMeasure:RELERROR outputRoundsToStdout:False blacklisted: 
command: mlsettings bagging:False stopOnLongRound:False parallelization:True lossFunction:RELATIVE useBackward:False abortError:10 limitFeatureSize:False featureSizeTreshold:7 quadraticFunctionSupport:True crossValidation:False learn_logFunction:True numberOfRounds:70 backwardErrorDelta:1 minImprovementPerRound:0.25 withHierarchy:False
Current machine learning settings: epsilon:0 lossFunction:RELATIVE parallelization:True bagging:False baggingNumbers:3 baggingTestDataFraction:50 useBackward:False abortError:10 limitFeatureSize:False featureSizeTreshold:7 quadraticFunctionSupport:True crossValidation:False crossValidation-k:5 learn-logFunction:True learn-accumulatedLogFunction:False learn-asymFunction:False learn-ratioFunction:False learn-mirrowedFunction:False numberOfRounds:70 backwardErrorDelta:1 minImprovementPerRound:0.25 withHierarchy:False bruteForceCandidates:False ignoreBadFeatures:False stopOnLongRound:False candidateSizePenalty:True learnTimeLimit:00:00:00 scoreMeasure:RELERROR outputRoundsToStdout:False blacklisted: 
command: solver z3
command: vm /scratch/kaltenec/Distribution-Aware-Sampling/DistOut/ConstraintData/JavaGC_disc/FeatureModel.xml
command: all /scratch/kaltenec/Distribution-Aware-Sampling/DistOut/ConstraintData/JavaGC_disc/measurements.xml
Configs with too large deviation: 0
193536 configurations loaded.
command: nfp Performance
command: binary satoutput numConfigs:3504 seed:90
command: learn-splconqueror
Learning: NumberOfConfigurationsLearning:3504 NumberOfConfigurationsValidation:3504
Learning progress:
1;67.2497727090879 * MaxTenuringThreshold + 9.8144576579814 * DisableExplicitGC;92.8778477825309;92.8778477825309;92.8778477825309;92.8778477825309;1.454026;2;9.8144576579814 * DisableExplicitGC;1;1.79769313486232E+308;
2;38.1135727510449 * MaxTenuringThreshold + 6.26817129700153 * DisableExplicitGC + 226.185841441352 * NewRatio_32;53.7049516277026;53.7049516277026;53.7049516277026;53.7049516277026;4.56466;3;226.185841441352 * NewRatio_32;1;39.1728961548284;
3;38.5113362859868 * MaxTenuringThreshold + 5.37201952333757 * DisableExplicitGC + 21.2859590397895 * NewRatio_32 + 422.278939537369 * NewRatio_32 * UseAdaptiveSizePolicy;27.9189021098035;27.9189021098035;27.9189021098035;27.9189021098035;9.255747;5;422.278939537369 * NewRatio_32 * UseAdaptiveSizePolicy;2;12.8930247589495;
4;29.3866047315317 * MaxTenuringThreshold + 4.63471755020757 * DisableExplicitGC + 30.7567711122472 * NewRatio_32 + 401.011066645864 * NewRatio_32 * UseAdaptiveSizePolicy + 21.2792721180493 * UseAdaptiveSizePolicy;21.2094914539135;21.2094914539135;21.2094914539135;21.2094914539135;15.549877;6;21.2792721180493 * UseAdaptiveSizePolicy;1;6.70941065589005;
5;29.3816800361545 * MaxTenuringThreshold + 4.64627719081903 * DisableExplicitGC + 30.7562698538751 * NewRatio_32 + 412.382447936383 * NewRatio_32 * UseAdaptiveSizePolicy + 9.90771210704196 * UseAdaptiveSizePolicy + 26.3691793714209 * UseAdaptiveSizePolicy * NewRatio_4;13.6592348940685;13.6592348940685;13.6592348940685;13.6592348940685;26.049275;8;26.3691793714209 * UseAdaptiveSizePolicy * NewRatio_4;2;3.77512827992251;
6;30.8191226546966 * MaxTenuringThreshold + 4.77949829794718 * DisableExplicitGC + 30.9502511191157 * NewRatio_32 + 412.184193514467 * NewRatio_32 * UseAdaptiveSizePolicy + 10.0999916803349 * UseAdaptiveSizePolicy + 26.3147169811043 * UseAdaptiveSizePolicy * NewRatio_4 + -3.5171125326095 * UseAdaptiveGCBoundary;11.8165275786762;11.8165275786762;11.8165275786762;11.8165275786762;39.784476;9;-3.5171125326095 * UseAdaptiveGCBoundary;1;1.84270731539226;
7;32.8923087796306 * MaxTenuringThreshold + 4.87068118262428 * DisableExplicitGC + 28.804199800028 * NewRatio_32 + 410.593435655401 * NewRatio_32 * UseAdaptiveSizePolicy + 11.689409273282 * UseAdaptiveSizePolicy + 22.5806069696838 * UseAdaptiveSizePolicy * NewRatio_4 + -3.45468930523758 * UseAdaptiveGCBoundary + -6.45014871711249 * NewRatio_1;11.1204463307497;11.1204463307497;11.1204463307497;11.1204463307497;58.301049;10;-6.45014871711249 * NewRatio_1;1;0.696081247926552;
8;32.3101602540981 * MaxTenuringThreshold + 4.90504995771325 * DisableExplicitGC + 29.3371265730058 * NewRatio_32 + 413.052967302452 * NewRatio_32 * UseAdaptiveSizePolicy + 9.22942273786861 * UseAdaptiveSizePolicy + 25.5747604754098 * UseAdaptiveSizePolicy * NewRatio_4 + -3.38598659133759 * UseAdaptiveGCBoundary + -4.82650872375476 * NewRatio_1 + 52.3469517715003 * UseAdaptiveSizePolicy * NewRatio_8;10.022276788316;10.022276788316;10.022276788316;10.022276788316;81.786282;12;52.3469517715003 * UseAdaptiveSizePolicy * NewRatio_8;2;0.54908477121683;
9;33.6722279532216 * MaxTenuringThreshold + 4.93924297494928 * DisableExplicitGC + 29.5222850065086 * NewRatio_32 + 412.881049950955 * NewRatio_32 * UseAdaptiveSizePolicy + 5.96357635819391 * UseAdaptiveSizePolicy + 25.6471691978 * UseAdaptiveSizePolicy * NewRatio_4 + -6.63177133265522 * UseAdaptiveGCBoundary + -4.81959159282197 * NewRatio_1 + 52.5459737255602 * UseAdaptiveSizePolicy * NewRatio_8 + 7.14564570828058 * UseAdaptiveSizePolicy * UseAdaptiveGCBoundary;9.12018922591449;9.12018922591449;9.12018922591449;9.12018922591449;109.00407;14;7.14564570828058 * UseAdaptiveSizePolicy * UseAdaptiveGCBoundary;2;0.45104378120076;
Elapsed=00:01:49.0781864
average model: 
command: analyze-learning
Round, Model, LearningError, LearningErrorRel, ValidationError, ValidationErrorRel, ElapsedSeconds, ModelComplexity, BestCandidate, BestCandidateSize, BestCandidateScore, TestError
Models:
Termination reason: abortError
1;67.2497727090879 * MaxTenuringThreshold + 9.8144576579814 * DisableExplicitGC;92.8778477825309;92.8778477825309;92.8778477825309;92.8778477825309;1.454026;2;9.8144576579814 * DisableExplicitGC;1;1.79769313486232E+308;97.7749100432584
2;38.1135727510449 * MaxTenuringThreshold + 6.26817129700153 * DisableExplicitGC + 226.185841441352 * NewRatio_32;53.7049516277026;53.7049516277026;53.7049516277026;53.7049516277026;4.56466;3;226.185841441352 * NewRatio_32;1;39.1728961548284;65.400094141612
3;38.5113362859868 * MaxTenuringThreshold + 5.37201952333757 * DisableExplicitGC + 21.2859590397895 * NewRatio_32 + 422.278939537369 * NewRatio_32 * UseAdaptiveSizePolicy;27.9189021098035;27.9189021098035;27.9189021098035;27.9189021098035;9.255747;5;422.278939537369 * NewRatio_32 * UseAdaptiveSizePolicy;2;12.8930247589495;45.755913958627
4;29.3866047315317 * MaxTenuringThreshold + 4.63471755020757 * DisableExplicitGC + 30.7567711122472 * NewRatio_32 + 401.011066645864 * NewRatio_32 * UseAdaptiveSizePolicy + 21.2792721180493 * UseAdaptiveSizePolicy;21.2094914539135;21.2094914539135;21.2094914539135;21.2094914539135;15.549877;6;21.2792721180493 * UseAdaptiveSizePolicy;1;6.70941065589005;42.2897804094288
5;29.3816800361545 * MaxTenuringThreshold + 4.64627719081903 * DisableExplicitGC + 30.7562698538751 * NewRatio_32 + 412.382447936383 * NewRatio_32 * UseAdaptiveSizePolicy + 9.90771210704196 * UseAdaptiveSizePolicy + 26.3691793714209 * UseAdaptiveSizePolicy * NewRatio_4;13.6592348940685;13.6592348940685;13.6592348940685;13.6592348940685;26.049275;8;26.3691793714209 * UseAdaptiveSizePolicy * NewRatio_4;2;3.77512827992251;36.6612439244009
6;30.8191226546966 * MaxTenuringThreshold + 4.77949829794718 * DisableExplicitGC + 30.9502511191157 * NewRatio_32 + 412.184193514467 * NewRatio_32 * UseAdaptiveSizePolicy + 10.0999916803349 * UseAdaptiveSizePolicy + 26.3147169811043 * UseAdaptiveSizePolicy * NewRatio_4 + -3.5171125326095 * UseAdaptiveGCBoundary;11.8165275786762;11.8165275786762;11.8165275786762;11.8165275786762;39.784476;9;-3.5171125326095 * UseAdaptiveGCBoundary;1;1.84270731539226;35.8056866289436
7;32.8923087796306 * MaxTenuringThreshold + 4.87068118262428 * DisableExplicitGC + 28.804199800028 * NewRatio_32 + 410.593435655401 * NewRatio_32 * UseAdaptiveSizePolicy + 11.689409273282 * UseAdaptiveSizePolicy + 22.5806069696838 * UseAdaptiveSizePolicy * NewRatio_4 + -3.45468930523758 * UseAdaptiveGCBoundary + -6.45014871711249 * NewRatio_1;11.1204463307497;11.1204463307497;11.1204463307497;11.1204463307497;58.301049;10;-6.45014871711249 * NewRatio_1;1;0.696081247926552;34.1661560671617
8;32.3101602540981 * MaxTenuringThreshold + 4.90504995771325 * DisableExplicitGC + 29.3371265730058 * NewRatio_32 + 413.052967302452 * NewRatio_32 * UseAdaptiveSizePolicy + 9.22942273786861 * UseAdaptiveSizePolicy + 25.5747604754098 * UseAdaptiveSizePolicy * NewRatio_4 + -3.38598659133759 * UseAdaptiveGCBoundary + -4.82650872375476 * NewRatio_1 + 52.3469517715003 * UseAdaptiveSizePolicy * NewRatio_8;10.022276788316;10.022276788316;10.022276788316;10.022276788316;81.786282;12;52.3469517715003 * UseAdaptiveSizePolicy * NewRatio_8;2;0.54908477121683;30.2735606532437
9;33.6722279532216 * MaxTenuringThreshold + 4.93924297494928 * DisableExplicitGC + 29.5222850065086 * NewRatio_32 + 412.881049950955 * NewRatio_32 * UseAdaptiveSizePolicy + 5.96357635819391 * UseAdaptiveSizePolicy + 25.6471691978 * UseAdaptiveSizePolicy * NewRatio_4 + -6.63177133265522 * UseAdaptiveGCBoundary + -4.81959159282197 * NewRatio_1 + 52.5459737255602 * UseAdaptiveSizePolicy * NewRatio_8 + 7.14564570828058 * UseAdaptiveSizePolicy * UseAdaptiveGCBoundary;9.12018922591449;9.12018922591449;9.12018922591449;9.12018922591449;109.00407;14;7.14564570828058 * UseAdaptiveSizePolicy * UseAdaptiveGCBoundary;2;0.45104378120076;29.8878729679695
Analyze finished
command: measurementstocsv /scratch/kaltenec/Distribution-Aware-Sampling/Results_Henard/JavaGC_disc/JavaGC_disc_90/sampledConfigurations_henard_2.csv
command: clean-sampling
command: clean-global
