Current machine learning settings: epsilon:0 lossFunction:RELATIVE parallelization:True bagging:False baggingNumbers:3 considerEpsilonTube:False baggingTestDataFraction:50 useBackward:False abortError:1 limitFeatureSize:False featureSizeTreshold:4 quadraticFunctionSupport:True crossValidation:False crossValidation-k:5 learn-logFunction:False learn-accumulatedLogFunction:False learn-asymFunction:False learn-ratioFunction:False learn-mirrowedFunction:False numberOfRounds:70 backwardErrorDelta:1 minImprovementPerRound:0.1 withHierarchy:False bruteForceCandidates:False ignoreBadFeatures:False stopOnLongRound:True candidateSizePenalty:True learnTimeLimit:00:00:00 scoreMeasure:RELERROR outputRoundsToStdout:False blacklisted: 
command: mlsettings bagging:False stopOnLongRound:False parallelization:True lossFunction:RELATIVE useBackward:False abortError:10 limitFeatureSize:False featureSizeTreshold:7 quadraticFunctionSupport:True crossValidation:False learn_logFunction:True numberOfRounds:70 backwardErrorDelta:1 minImprovementPerRound:0.25 withHierarchy:False
Current machine learning settings: epsilon:0 lossFunction:RELATIVE parallelization:True bagging:False baggingNumbers:3 considerEpsilonTube:False baggingTestDataFraction:50 useBackward:False abortError:10 limitFeatureSize:False featureSizeTreshold:7 quadraticFunctionSupport:True crossValidation:False crossValidation-k:5 learn-logFunction:True learn-accumulatedLogFunction:False learn-asymFunction:False learn-ratioFunction:False learn-mirrowedFunction:False numberOfRounds:70 backwardErrorDelta:1 minImprovementPerRound:0.25 withHierarchy:False bruteForceCandidates:False ignoreBadFeatures:False stopOnLongRound:False candidateSizePenalty:True learnTimeLimit:00:00:00 scoreMeasure:RELERROR outputRoundsToStdout:False blacklisted: 
command: solver z3
command: vm /scratch/kaltenec/Distribution-Aware-Sampling/DistOut/ConstraintData/VP9_disc/FeatureModel.xml
command: all /scratch/kaltenec/Distribution-Aware-Sampling/DistOut/ConstraintData/VP9_disc/measurements.xml
Configs with too large deviation: 0
216000 configurations loaded.
command: nfp Performance
command: binary satoutput numConfigs:31 seed:65
command: learn-splconqueror
Learning: NumberOfConfigurationsLearning:31 NumberOfConfigurationsValidation:31
Learning progress:
1;22.2843333333333 * Quality + -16.4643333333333 * cpuUsed_4;684.458718407667;684.458718407667;684.458718407667;684.458718407667;0.073463;2;-16.4643333333333 * cpuUsed_4;1;1.79769313486232E+308;
2;34.3544444444444 * Quality + -28.5344444444444 * cpuUsed_4 + -30.1752777777778 * cpuUsed_8;133.235659494495;133.235659494495;133.235659494495;133.235659494495;0.100833;3;-30.1752777777778 * cpuUsed_8;1;551.223058913171;
3;29.6634444444444 * Quality + -28.5344444444444 * cpuUsed_4 + -29.3934444444445 * cpuUsed_8 + 4.69100000000004 * good;40.5390049717666;40.5390049717666;40.5390049717666;40.5390049717666;0.141943;4;4.69100000000004 * good;1;92.6966545227288;
4;5.35899999999999 * Quality + -4.22999999999999 * cpuUsed_4 + -5.08899999999998 * cpuUsed_8 + 4.69100000000001 * good + 27.3425 * cpuUsed_0;24.7006151148459;24.7006151148459;24.7006151148459;24.7006151148459;0.228321;5;27.3425 * cpuUsed_0;1;15.8383898569207;
5;-10.6519090909091 * Quality + -4.22999999999995 * cpuUsed_4 + -5.089 * cpuUsed_8 + 4.69100000000001 * good + 38.35 * cpuUsed_0 + 16.0109090909091 * bitRate_1500;17.7861245728329;17.7861245728329;17.7861245728329;17.7861245728329;0.34664;6;16.0109090909091 * bitRate_1500;1;6.91449054201302;
6;-9.40690909090904 * Quality + -4.23000000000001 * cpuUsed_4 + -6.33400000000002 * cpuUsed_8 + 3.44599999999999 * good + 38.35 * cpuUsed_0 + 16.0109090909091 * bitRate_1500 + 2.49 * lossless;11.1599825270301;11.1599825270301;11.1599825270301;11.1599825270301;0.539426;7;2.49 * lossless;1;6.62614204580277;
7;-13.736909090909 * Quality + 0.0999999999999947 * cpuUsed_4 + -2.00400000000003 * cpuUsed_8 + 3.44599999999994 * good + 42.68 * cpuUsed_0 + 16.0109090909091 * bitRate_1500 + 2.49000000000001 * lossless + 8.65999999999996 * cpuUsed_2;7.74673845135145;7.74673845135145;7.74673845135145;7.74673845135145;1.139431;8;8.65999999999996 * cpuUsed_2;1;3.41324407567864;
Elapsed=00:00:01.1411047
average model: 
command: analyze-learning
Round, Model, LearningError, LearningErrorRel, ValidationError, ValidationErrorRel, ElapsedSeconds, ModelComplexity, BestCandidate, BestCandidateSize, BestCandidateScore, TestError
Models:
Termination reason: abortError
1;22.2843333333333 * Quality + -16.4643333333333 * cpuUsed_4;684.458718407667;684.458718407667;684.458718407667;684.458718407667;0.073463;2;-16.4643333333333 * cpuUsed_4;1;1.79769313486232E+308;835.469497291055
2;34.3544444444444 * Quality + -28.5344444444444 * cpuUsed_4 + -30.1752777777778 * cpuUsed_8;133.235659494495;133.235659494495;133.235659494495;133.235659494495;0.100833;3;-30.1752777777778 * cpuUsed_8;1;551.223058913171;716.130480856837
3;29.6634444444444 * Quality + -28.5344444444444 * cpuUsed_4 + -29.3934444444445 * cpuUsed_8 + 4.69100000000004 * good;40.5390049717666;40.5390049717666;40.5390049717666;40.5390049717666;0.141943;4;4.69100000000004 * good;1;92.6966545227288;584.946589271507
4;5.35899999999999 * Quality + -4.22999999999999 * cpuUsed_4 + -5.08899999999998 * cpuUsed_8 + 4.69100000000001 * good + 27.3425 * cpuUsed_0;24.7006151148459;24.7006151148459;24.7006151148459;24.7006151148459;0.228321;5;27.3425 * cpuUsed_0;1;15.8383898569207;128.661497096472
5;-10.6519090909091 * Quality + -4.22999999999995 * cpuUsed_4 + -5.089 * cpuUsed_8 + 4.69100000000001 * good + 38.35 * cpuUsed_0 + 16.0109090909091 * bitRate_1500;17.7861245728329;17.7861245728329;17.7861245728329;17.7861245728329;0.34664;6;16.0109090909091 * bitRate_1500;1;6.91449054201302;538.158680029492
6;-9.40690909090904 * Quality + -4.23000000000001 * cpuUsed_4 + -6.33400000000002 * cpuUsed_8 + 3.44599999999999 * good + 38.35 * cpuUsed_0 + 16.0109090909091 * bitRate_1500 + 2.49 * lossless;11.1599825270301;11.1599825270301;11.1599825270301;11.1599825270301;0.539426;7;2.49 * lossless;1;6.62614204580277;509.179250704241
7;-13.736909090909 * Quality + 0.0999999999999947 * cpuUsed_4 + -2.00400000000003 * cpuUsed_8 + 3.44599999999994 * good + 42.68 * cpuUsed_0 + 16.0109090909091 * bitRate_1500 + 2.49000000000001 * lossless + 8.65999999999996 * cpuUsed_2;7.74673845135145;7.74673845135145;7.74673845135145;7.74673845135145;1.139431;8;8.65999999999996 * cpuUsed_2;1;3.41324407567864;549.940062228683
Analyze finished
command: clean-sampling
command: clean-global
command: script /scratch/kaltenec/Distribution-Aware-Sampling/Results_newTry/VP9_disc/VP9_disc_65/learn_semi_1.a
command: log /scratch/kaltenec/Distribution-Aware-Sampling/Results_newTry/VP9_disc/VP9_disc_65/out_semi_1.log
