Current machine learning settings: epsilon:0 lossFunction:RELATIVE parallelization:True bagging:False baggingNumbers:3 considerEpsilonTube:False baggingTestDataFraction:50 useBackward:False abortError:1 limitFeatureSize:False featureSizeTreshold:4 quadraticFunctionSupport:True crossValidation:False crossValidation-k:5 learn-logFunction:False learn-accumulatedLogFunction:False learn-asymFunction:False learn-ratioFunction:False learn-mirrowedFunction:False numberOfRounds:70 backwardErrorDelta:1 minImprovementPerRound:0.1 withHierarchy:False bruteForceCandidates:False ignoreBadFeatures:False stopOnLongRound:True candidateSizePenalty:True learnTimeLimit:00:00:00 scoreMeasure:RELERROR outputRoundsToStdout:False blacklisted: 
command: mlsettings bagging:False stopOnLongRound:False parallelization:True lossFunction:RELATIVE useBackward:False abortError:10 limitFeatureSize:False featureSizeTreshold:7 quadraticFunctionSupport:True crossValidation:False learn_logFunction:True numberOfRounds:70 backwardErrorDelta:1 minImprovementPerRound:0.25 withHierarchy:False
Current machine learning settings: epsilon:0 lossFunction:RELATIVE parallelization:True bagging:False baggingNumbers:3 considerEpsilonTube:False baggingTestDataFraction:50 useBackward:False abortError:10 limitFeatureSize:False featureSizeTreshold:7 quadraticFunctionSupport:True crossValidation:False crossValidation-k:5 learn-logFunction:True learn-accumulatedLogFunction:False learn-asymFunction:False learn-ratioFunction:False learn-mirrowedFunction:False numberOfRounds:70 backwardErrorDelta:1 minImprovementPerRound:0.25 withHierarchy:False bruteForceCandidates:False ignoreBadFeatures:False stopOnLongRound:False candidateSizePenalty:True learnTimeLimit:00:00:00 scoreMeasure:RELERROR outputRoundsToStdout:False blacklisted: 
command: solver z3
command: vm /scratch/kaltenec/Distribution-Aware-Sampling/DistOut/ConstraintData/lrzip/FeatureModel.xml
Warning: Variability model contains outdated notation. Children nodes will no longer have effect on the model. Instead use the parent node to describe the parent of an configuration option. You can also use the converter providedby the Variability Model GUI in export>convert legacy model.
Warning: Default value nodes in models are no longer used and should be removed. You can also use the converter provided by the Variability Model GUI in export>convert legacy model to update your model.
command: all /scratch/kaltenec/Distribution-Aware-Sampling/DistOut/ConstraintData/lrzip/measurements.xml
Configs with too large deviation: 0
432 configurations loaded.
command: nfp Performance
command: hybrid distribution-aware distance-metric:manhattan distribution:uniform onlyBinary:true selection:SolverSelection optimization:None numConfigs:181 seed:76
command: learn-splconqueror
Learning: NumberOfConfigurationsLearning:181 NumberOfConfigurationsValidation:181
Learning progress:
1;435332.47826087 * level + -59949.9782608696 * level6;399.203039315988;399.203039315988;399.203039315988;399.203039315988;0.017765;2;-59949.9782608696 * level6;1;1.79769313486232E+308;
2;178823.212141136 * level + -46370.0759368845 * level6 + 2429293.63795748 * compressionZpaq;141.894011071427;141.894011071427;141.894011071427;141.894011071427;0.052625;3;2429293.63795748 * compressionZpaq;1;257.309028244561;
3;53747.0417176588 * level + -40318.3456606071 * level6 + 2359950.0104526 * compressionZpaq + 193782.773688751 * compression;82.813061302245;82.813061302245;82.813061302245;82.813061302245;0.110526;4;193782.773688751 * compression;1;59.0809497691819;
4;54623.1807015857 * level + -47577.7829559978 * level6 + 2304625.73907071 * compressionZpaq + 248995.057380965 * compression + -239722.589502886 * compressionLzo;52.4331514198534;52.4331514198534;52.4331514198534;52.4331514198534;0.216599;5;-239722.589502886 * compressionLzo;1;30.3799098823917;
5;55762.0666417971 * level + -57014.2664605957 * level6 + 2232710.16861309 * compressionZpaq + 320765.055951492 * compression + -311845.100388241 * compressionLzo + -239490.933721574 * compressionGzip;44.3829956794045;44.3829956794045;44.3829956794045;44.3829956794045;0.358108;6;-239490.933721574 * compressionGzip;1;8.05015574044888;
6;47656.4808394905 * level + 10146.3016156525 * level6 + 1638445.28571429 * compressionZpaq + 320475.570744268 * compression + -309046.743385061 * compressionLzo + -236692.576718395 * compressionGzip + 3772072.66270196 * compressionZpaq * level9;32.7628095950613;32.7628095950613;32.7628095950613;32.7628095950613;0.557654;8;3772072.66270196 * compressionZpaq * level9;2;5.81009304217157;
7;47913.1670267437 * level + 8019.47320697685 * level6 + 1461008.3395283 * compressionZpaq + 497921.684294087 * compression + -486572.307421414 * compressionLzo + -414218.140754747 * compressionGzip + 3771806.80915086 * compressionZpaq * level9 + -301105.120800464 * compressionBzip2;28.8963441211035;28.8963441211035;28.8963441211035;28.8963441211035;0.79144;9;-301105.120800464 * compressionBzip2;1;3.8664654739578;
8;47765.1626145096 * level + 9245.795479777 * level6 + 1461015.00432326 * compressionZpaq + 497909.733627259 * compression + -486514.545865082 * compressionLzo + -425010.686287461 * compressionGzip + 3771960.09943498 * compressionZpaq * level9 + -301093.810845377 * compressionBzip2 + 86802.4567123555 * compressionGzip * level9;27.7047790682601;27.7047790682601;27.7047790682601;27.7047790682601;1.083414;11;86802.4567123555 * compressionGzip * level9;2;0.595782526421718;
9;47585.7963020593 * level + 10731.9734972229 * level6 + 1461023.0813777 * compressionZpaq + 497895.250633087 * compression + -486444.544726582 * compressionLzo + -438090.155101505 * compressionGzip + 3772145.87168716 * compressionZpaq * level9 + -301080.104328749 * compressionBzip2 + 100075.77483302 * compressionGzip * level9 + 91922.4414996861 * compressionGzip * level8;26.4234346609336;26.4234346609336;26.4234346609336;26.4234346609336;1.437883;13;91922.4414996861 * compressionGzip * level8;2;0.640672203663261;
10;50181.2542036944 * level + -10773.2491163228 * level6 + 1650583.67390206 * compressionZpaq + 498104.821767999 * compression + -487457.471878665 * compressionLzo + -438505.714958764 * compressionGzip + 3579780.25012624 * compressionZpaq * level9 + -301278.439715169 * compressionBzip2 + 97686.3056537355 * compressionGzip * level9 + 89532.9723204022 * compressionGzip * level8 + -1517419.74987376 * compressionZpaq * level1;25.4872032170422;25.4872032170422;25.4872032170422;25.4872032170422;1.858668;15;-1517419.74987376 * compressionZpaq * level1;2;0.468115721945701;
11;50099.2862064902 * level + -10094.0857109138 * level6 + 1650575.23708957 * compressionZpaq + 498098.203234064 * compression + -487425.482297978 * compressionLzo + -444470.728726686 * compressionGzip + 3579877.27346988 * compressionZpaq * level9 + -301272.17602105 * compressionBzip2 + 103739.905952793 * compressionGzip * level9 + 95586.5726194592 * compressionGzip * level8 + -1517322.72653014 * compressionZpaq * level1 + 53803.2392861554 * compressionGzip * level7;24.7862360582921;24.7862360582921;24.7862360582921;24.7862360582921;2.354994;17;53803.2392861554 * compressionGzip * level7;2;0.350483579375044;
12;50139.8418472183 * level + -10430.1181626688 * level6 + 1650579.41140575 * compressionZpaq + 498101.477913132 * compression + -498663.319760351 * compressionLzo + -444472.554990018 * compressionGzip + 3579829.2688339 * compressionZpaq * level9 + -301275.27513457 * compressionBzip2 + 103697.901896335 * compressionGzip * level9 + 95544.5685630021 * compressionGzip * level8 + -1517370.73116609 * compressionZpaq * level1 + 53761.2352296676 * compressionGzip * level7 + 14175.1703329133 * compressionLzo * encryption;24.2112636140861;24.2112636140861;24.2112636140861;24.2112636140861;2.932458;19;14175.1703329133 * compressionLzo * encryption;2;0.287486222102991;
13;49837.7361304778 * level + -7926.95650967178 * level6 + 1628604.62622382 * compressionZpaq + 498077.084283826 * compression + -498336.820414303 * compressionLzo + -444458.950850593 * compressionGzip + 3602130.55336188 * compressionZpaq * level9 + -301252.189322223 * compressionBzip2 + 104010.797102955 * compressionGzip * level9 + 95857.4637696223 * compressionGzip * level8 + -1495069.44663813 * compressionZpaq * level1 + 54074.1304362921 * compressionGzip * level7 + 13911.6796325967 * compressionLzo * encryption + 102403.88669521 * compressionZpaq * level4;23.7962862606228;23.7962862606228;23.7962862606228;23.7962862606228;3.654382;21;102403.88669521 * compressionZpaq * level4;2;0.207488676731648;
Elapsed=00:00:03.6569492
average model: 
command: analyze-learning
Round, Model, LearningError, LearningErrorRel, ValidationError, ValidationErrorRel, ElapsedSeconds, ModelComplexity, BestCandidate, BestCandidateSize, BestCandidateScore, TestError
Models:
Termination reason: minImprovementPerRound
1;435332.47826087 * level + -59949.9782608696 * level6;399.203039315988;399.203039315988;399.203039315988;399.203039315988;0.017765;2;-59949.9782608696 * level6;1;1.79769313486232E+308;318.903214862437
2;178823.212141136 * level + -46370.0759368845 * level6 + 2429293.63795748 * compressionZpaq;141.894011071427;141.894011071427;141.894011071427;141.894011071427;0.052625;3;2429293.63795748 * compressionZpaq;1;257.309028244561;119.33723725496
3;53747.0417176588 * level + -40318.3456606071 * level6 + 2359950.0104526 * compressionZpaq + 193782.773688751 * compression;82.813061302245;82.813061302245;82.813061302245;82.813061302245;0.110526;4;193782.773688751 * compression;1;59.0809497691819;105.005851579667
4;54623.1807015857 * level + -47577.7829559978 * level6 + 2304625.73907071 * compressionZpaq + 248995.057380965 * compression + -239722.589502886 * compressionLzo;52.4331514198534;52.4331514198534;52.4331514198534;52.4331514198534;0.216599;5;-239722.589502886 * compressionLzo;1;30.3799098823917;62.8345094517349
5;55762.0666417971 * level + -57014.2664605957 * level6 + 2232710.16861309 * compressionZpaq + 320765.055951492 * compression + -311845.100388241 * compressionLzo + -239490.933721574 * compressionGzip;44.3829956794045;44.3829956794045;44.3829956794045;44.3829956794045;0.358108;6;-239490.933721574 * compressionGzip;1;8.05015574044888;49.7120115674126
6;47656.4808394905 * level + 10146.3016156525 * level6 + 1638445.28571429 * compressionZpaq + 320475.570744268 * compression + -309046.743385061 * compressionLzo + -236692.576718395 * compressionGzip + 3772072.66270196 * compressionZpaq * level9;32.7628095950613;32.7628095950613;32.7628095950613;32.7628095950613;0.557654;8;3772072.66270196 * compressionZpaq * level9;2;5.81009304217157;38.1695576440909
7;47913.1670267437 * level + 8019.47320697685 * level6 + 1461008.3395283 * compressionZpaq + 497921.684294087 * compression + -486572.307421414 * compressionLzo + -414218.140754747 * compressionGzip + 3771806.80915086 * compressionZpaq * level9 + -301105.120800464 * compressionBzip2;28.8963441211035;28.8963441211035;28.8963441211035;28.8963441211035;0.79144;9;-301105.120800464 * compressionBzip2;1;3.8664654739578;36.4272492409759
8;47765.1626145096 * level + 9245.795479777 * level6 + 1461015.00432326 * compressionZpaq + 497909.733627259 * compression + -486514.545865082 * compressionLzo + -425010.686287461 * compressionGzip + 3771960.09943498 * compressionZpaq * level9 + -301093.810845377 * compressionBzip2 + 86802.4567123555 * compressionGzip * level9;27.7047790682601;27.7047790682601;27.7047790682601;27.7047790682601;1.083414;11;86802.4567123555 * compressionGzip * level9;2;0.595782526421718;35.0310288732596
9;47585.7963020593 * level + 10731.9734972229 * level6 + 1461023.0813777 * compressionZpaq + 497895.250633087 * compression + -486444.544726582 * compressionLzo + -438090.155101505 * compressionGzip + 3772145.87168716 * compressionZpaq * level9 + -301080.104328749 * compressionBzip2 + 100075.77483302 * compressionGzip * level9 + 91922.4414996861 * compressionGzip * level8;26.4234346609336;26.4234346609336;26.4234346609336;26.4234346609336;1.437883;13;91922.4414996861 * compressionGzip * level8;2;0.640672203663261;33.6200718638679
10;50181.2542036944 * level + -10773.2491163228 * level6 + 1650583.67390206 * compressionZpaq + 498104.821767999 * compression + -487457.471878665 * compressionLzo + -438505.714958764 * compressionGzip + 3579780.25012624 * compressionZpaq * level9 + -301278.439715169 * compressionBzip2 + 97686.3056537355 * compressionGzip * level9 + 89532.9723204022 * compressionGzip * level8 + -1517419.74987376 * compressionZpaq * level1;25.4872032170422;25.4872032170422;25.4872032170422;25.4872032170422;1.858668;15;-1517419.74987376 * compressionZpaq * level1;2;0.468115721945701;30.8782899817762
11;50099.2862064902 * level + -10094.0857109138 * level6 + 1650575.23708957 * compressionZpaq + 498098.203234064 * compression + -487425.482297978 * compressionLzo + -444470.728726686 * compressionGzip + 3579877.27346988 * compressionZpaq * level9 + -301272.17602105 * compressionBzip2 + 103739.905952793 * compressionGzip * level9 + 95586.5726194592 * compressionGzip * level8 + -1517322.72653014 * compressionZpaq * level1 + 53803.2392861554 * compressionGzip * level7;24.7862360582921;24.7862360582921;24.7862360582921;24.7862360582921;2.354994;17;53803.2392861554 * compressionGzip * level7;2;0.350483579375044;30.0900925085318
12;50139.8418472183 * level + -10430.1181626688 * level6 + 1650579.41140575 * compressionZpaq + 498101.477913132 * compression + -498663.319760351 * compressionLzo + -444472.554990018 * compressionGzip + 3579829.2688339 * compressionZpaq * level9 + -301275.27513457 * compressionBzip2 + 103697.901896335 * compressionGzip * level9 + 95544.5685630021 * compressionGzip * level8 + -1517370.73116609 * compressionZpaq * level1 + 53761.2352296676 * compressionGzip * level7 + 14175.1703329133 * compressionLzo * encryption;24.2112636140861;24.2112636140861;24.2112636140861;24.2112636140861;2.932458;19;14175.1703329133 * compressionLzo * encryption;2;0.287486222102991;28.9931021382365
13;49837.7361304778 * level + -7926.95650967178 * level6 + 1628604.62622382 * compressionZpaq + 498077.084283826 * compression + -498336.820414303 * compressionLzo + -444458.950850593 * compressionGzip + 3602130.55336188 * compressionZpaq * level9 + -301252.189322223 * compressionBzip2 + 104010.797102955 * compressionGzip * level9 + 95857.4637696223 * compressionGzip * level8 + -1495069.44663813 * compressionZpaq * level1 + 54074.1304362921 * compressionGzip * level7 + 13911.6796325967 * compressionLzo * encryption + 102403.88669521 * compressionZpaq * level4;23.7962862606228;23.7962862606228;23.7962862606228;23.7962862606228;3.654382;21;102403.88669521 * compressionZpaq * level4;2;0.207488676731648;28.6432556667358
Analyze finished
command: printconfigs /scratch/kaltenec/Distribution-Aware-Sampling/Results_newTry/lrzip/lrzip_76/sampledConfigurations_solv_2.csv
command: clean-sampling
command: clean-global
