Current machine learning settings: epsilon:0 lossFunction:RELATIVE parallelization:True bagging:False baggingNumbers:3 considerEpsilonTube:False baggingTestDataFraction:50 useBackward:False abortError:1 limitFeatureSize:False featureSizeTreshold:4 quadraticFunctionSupport:True crossValidation:False crossValidation-k:5 learn-logFunction:False learn-accumulatedLogFunction:False learn-asymFunction:False learn-ratioFunction:False learn-mirrowedFunction:False numberOfRounds:70 backwardErrorDelta:1 minImprovementPerRound:0.1 withHierarchy:False bruteForceCandidates:False ignoreBadFeatures:False stopOnLongRound:True candidateSizePenalty:True learnTimeLimit:00:00:00 scoreMeasure:RELERROR outputRoundsToStdout:False blacklisted: 
command: mlsettings bagging:False stopOnLongRound:False parallelization:True lossFunction:RELATIVE useBackward:False abortError:10 limitFeatureSize:False featureSizeTreshold:7 quadraticFunctionSupport:True crossValidation:False learn_logFunction:True numberOfRounds:70 backwardErrorDelta:1 minImprovementPerRound:0.25 withHierarchy:False
Current machine learning settings: epsilon:0 lossFunction:RELATIVE parallelization:True bagging:False baggingNumbers:3 considerEpsilonTube:False baggingTestDataFraction:50 useBackward:False abortError:10 limitFeatureSize:False featureSizeTreshold:7 quadraticFunctionSupport:True crossValidation:False crossValidation-k:5 learn-logFunction:True learn-accumulatedLogFunction:False learn-asymFunction:False learn-ratioFunction:False learn-mirrowedFunction:False numberOfRounds:70 backwardErrorDelta:1 minImprovementPerRound:0.25 withHierarchy:False bruteForceCandidates:False ignoreBadFeatures:False stopOnLongRound:False candidateSizePenalty:True learnTimeLimit:00:00:00 scoreMeasure:RELERROR outputRoundsToStdout:False blacklisted: 
command: solver z3
command: vm /scratch/kaltenec/Distribution-Aware-Sampling/DistOut/ConstraintData/VP9_disc/FeatureModel.xml
command: all /scratch/kaltenec/Distribution-Aware-Sampling/DistOut/ConstraintData/VP9_disc/measurements.xml
Configs with too large deviation: 0
216000 configurations loaded.
command: nfp Performance
command: binary satoutput henard:true numConfigs:483 seed:24
command: learn-splconqueror
Learning: NumberOfConfigurationsLearning:483 NumberOfConfigurationsValidation:483
Learning progress:
1;49.3536192468622 * Quality + -45.0136192468621 * cpuUsed_4;81.2939005654444;81.2939005654444;81.2939005654444;81.2939005654444;0.083769;2;-45.0136192468621 * cpuUsed_4;1;1.79769313486232E+308;
2;3.65714285714319 * Quality + 0.682857142857073 * cpuUsed_4 + 46.3756172277827 * cpuUsed_0;48.7547100003177;48.7547100003177;48.7547100003177;48.7547100003177;0.250127;3;46.3756172277827 * cpuUsed_0;1;32.5391905651267;
3;3.65714285714308 * Quality + 0.682857142857174 * cpuUsed_4 + 31.2067293233082 * cpuUsed_0 + 34.8514448927195 * lossless;31.7574684482787;31.7574684482787;31.7574684482787;31.7574684482787;1.04935;4;34.8514448927195 * lossless;1;16.997241552039;
4;-22.431119728033 * Quality + 0.682857142857156 * cpuUsed_4 + 37.9739854074328 * cpuUsed_0 + 34.4471796830282 * lossless + 26.0882625851758 * TileColumns_0;22.487328982977;22.487328982977;22.487328982977;22.487328982977;1.642723;5;26.0882625851758 * TileColumns_0;1;9.27013946530169;
5;-22.5049037242574 * Quality + 0.682857142857283 * cpuUsed_4 + 46.1216885845966 * cpuUsed_0 + 34.1702121730006 * lossless + 26.1620465814002 * TileColumns_0 + -15.78246678384 * cpuUsed_0 * good;16.7185195458454;16.7185195458454;16.7185195458454;16.7185195458454;2.709737;7;-15.78246678384 * cpuUsed_0 * good;2;2.88440471856581;
6;-13.1149353926411 * Quality + 0.682857142857222 * cpuUsed_4 + 43.7537244376511 * cpuUsed_0 + 17.615763543066 * lossless + 16.7720782497835 * TileColumns_0 + -15.9140678918249 * cpuUsed_0 * good + 22.083996875446 * TileColumns_0 * lossless;11.2834679084349;11.2834679084349;11.2834679084349;11.2834679084349;4.606893;9;22.083996875446 * TileColumns_0 * lossless;2;2.71752581870524;
7;-13.5049573013821 * Quality + 1.27266649298161 * cpuUsed_4 + 42.9751040200242 * cpuUsed_0 + 17.3789616931056 * lossless + 16.5722908084006 * TileColumns_0 + -15.7385028250551 * cpuUsed_0 * good + 22.2956886073459 * TileColumns_0 * lossless + 4.12866545087178 * variance;9.97659124541471;9.97659124541471;9.97659124541471;9.97659124541471;6.64829;10;4.12866545087178 * variance;1;1.30687666302016;
Elapsed=00:00:06.6579293
average model: 
command: analyze-learning
Round, Model, LearningError, LearningErrorRel, ValidationError, ValidationErrorRel, ElapsedSeconds, ModelComplexity, BestCandidate, BestCandidateSize, BestCandidateScore, TestError
Models:
Termination reason: abortError
1;49.3536192468622 * Quality + -45.0136192468621 * cpuUsed_4;81.2939005654444;81.2939005654444;81.2939005654444;81.2939005654444;0.083769;2;-45.0136192468621 * cpuUsed_4;1;1.79769313486232E+308;1907.4072185617
2;3.65714285714319 * Quality + 0.682857142857073 * cpuUsed_4 + 46.3756172277827 * cpuUsed_0;48.7547100003177;48.7547100003177;48.7547100003177;48.7547100003177;0.250127;3;46.3756172277827 * cpuUsed_0;1;32.5391905651267;148.695448260479
3;3.65714285714308 * Quality + 0.682857142857174 * cpuUsed_4 + 31.2067293233082 * cpuUsed_0 + 34.8514448927195 * lossless;31.7574684482787;31.7574684482787;31.7574684482787;31.7574684482787;1.04935;4;34.8514448927195 * lossless;1;16.997241552039;407.666756999421
4;-22.431119728033 * Quality + 0.682857142857156 * cpuUsed_4 + 37.9739854074328 * cpuUsed_0 + 34.4471796830282 * lossless + 26.0882625851758 * TileColumns_0;22.487328982977;22.487328982977;22.487328982977;22.487328982977;1.642723;5;26.0882625851758 * TileColumns_0;1;9.27013946530169;799.826449186715
5;-22.5049037242574 * Quality + 0.682857142857283 * cpuUsed_4 + 46.1216885845966 * cpuUsed_0 + 34.1702121730006 * lossless + 26.1620465814002 * TileColumns_0 + -15.78246678384 * cpuUsed_0 * good;16.7185195458454;16.7185195458454;16.7185195458454;16.7185195458454;2.709737;7;-15.78246678384 * cpuUsed_0 * good;2;2.88440471856581;800.267563261954
6;-13.1149353926411 * Quality + 0.682857142857222 * cpuUsed_4 + 43.7537244376511 * cpuUsed_0 + 17.615763543066 * lossless + 16.7720782497835 * TileColumns_0 + -15.9140678918249 * cpuUsed_0 * good + 22.083996875446 * TileColumns_0 * lossless;11.2834679084349;11.2834679084349;11.2834679084349;11.2834679084349;4.606893;9;22.083996875446 * TileColumns_0 * lossless;2;2.71752581870524;507.180979277755
7;-13.5049573013821 * Quality + 1.27266649298161 * cpuUsed_4 + 42.9751040200242 * cpuUsed_0 + 17.3789616931056 * lossless + 16.5722908084006 * TileColumns_0 + -15.7385028250551 * cpuUsed_0 * good + 22.2956886073459 * TileColumns_0 * lossless + 4.12866545087178 * variance;9.97659124541471;9.97659124541471;9.97659124541471;9.97659124541471;6.64829;10;4.12866545087178 * variance;1;1.30687666302016;494.913343366622
Analyze finished
command: clean-sampling
command: clean-global
