Current machine learning settings: epsilon:0 lossFunction:RELATIVE parallelization:True bagging:False baggingNumbers:3 baggingTestDataFraction:50 useBackward:False abortError:1 limitFeatureSize:False featureSizeTreshold:4 quadraticFunctionSupport:True crossValidation:False crossValidation-k:5 learn-logFunction:False learn-accumulatedLogFunction:False learn-asymFunction:False learn-ratioFunction:False learn-mirrowedFunction:False numberOfRounds:70 backwardErrorDelta:1 minImprovementPerRound:0.1 withHierarchy:False bruteForceCandidates:False ignoreBadFeatures:False stopOnLongRound:True candidateSizePenalty:True learnTimeLimit:00:00:00 scoreMeasure:RELERROR outputRoundsToStdout:False blacklisted: 
command: mlsettings bagging:False stopOnLongRound:False parallelization:True lossFunction:RELATIVE useBackward:False abortError:10 limitFeatureSize:False featureSizeTreshold:7 quadraticFunctionSupport:True crossValidation:False learn_logFunction:True numberOfRounds:70 backwardErrorDelta:1 minImprovementPerRound:0.25 withHierarchy:False
Current machine learning settings: epsilon:0 lossFunction:RELATIVE parallelization:True bagging:False baggingNumbers:3 baggingTestDataFraction:50 useBackward:False abortError:10 limitFeatureSize:False featureSizeTreshold:7 quadraticFunctionSupport:True crossValidation:False crossValidation-k:5 learn-logFunction:True learn-accumulatedLogFunction:False learn-asymFunction:False learn-ratioFunction:False learn-mirrowedFunction:False numberOfRounds:70 backwardErrorDelta:1 minImprovementPerRound:0.25 withHierarchy:False bruteForceCandidates:False ignoreBadFeatures:False stopOnLongRound:False candidateSizePenalty:True learnTimeLimit:00:00:00 scoreMeasure:RELERROR outputRoundsToStdout:False blacklisted: 
command: solver z3
command: vm /scratch/kaltenec/Distribution-Aware-Sampling/DistOut/ConstraintData/7z_disc/FeatureModel.xml
command: all /scratch/kaltenec/Distribution-Aware-Sampling/DistOut/ConstraintData/7z_disc/measurements.xml
Configs with too large deviation: 0
68640 configurations loaded.
command: nfp Performance
command: hybrid distribution-aware distance-metric:manhattan distribution:uniform onlyBinary:true selection:SolverSelection number-weight-optimization:1-1 numConfigs:600 seed:77
command: learn-splconqueror
Learning: NumberOfConfigurationsLearning:600 NumberOfConfigurationsValidation:600
Learning progress:
1;10810.4520795661 * CompressionMethod + 1559.54792043397 * BlockSize_1;157.32976318085;157.32976318085;157.32976318085;157.32976318085;0.128459;2;1559.54792043397 * BlockSize_1;1;1.79769313486232E+308;
2;7472.91275020462 * CompressionMethod + 587.037109102136 * BlockSize_1 + 22508.0396236205 * x_10;101.51003841002;101.51003841002;101.51003841002;101.51003841002;0.486077;3;22508.0396236205 * x_10;1;55.8197247708299;
3;5013.22924298106 * CompressionMethod + -779.260014586423 * BlockSize_1 + 25102.8514178023 * x_10 + 13038.9819587694 * x_8;57.3415147691709;57.3415147691709;57.3415147691709;57.3415147691709;0.953609;4;13038.9819587694 * x_8;1;44.1685236408494;
4;4180.33536496383 * CompressionMethod + -584.191140088197 * BlockSize_1 + 25636.3733662046 * x_10 + 12659.0637047052 * x_8 + 4247.87095407729 * BZip2;45.2438639815102;45.2438639815102;45.2438639815102;45.2438639815102;1.688522;5;4247.87095407729 * BZip2;1;12.0976507876606;
5;4046.16795459961 * CompressionMethod + -349.75308402732 * BlockSize_1 + 16572.8943685867 * x_10 + 12592.210664965 * x_8 + 4865.3276804239 * BZip2 + 24446.2100077573 * x_10 * Deflate;37.4646958783344;37.4646958783344;37.4646958783344;37.4646958783344;2.778022;7;24446.2100077573 * x_10 * Deflate;2;3.88958405158789;
6;3428.4965894624 * CompressionMethod + 7.93649762793245 * BlockSize_1 + 17080.8821424846 * x_10 + 12125.0213105784 * x_8 + 5549.63221554214 * BZip2 + 21781.3240442269 * x_10 * Deflate + 2743.00870932951 * Deflate;33.0430445528241;33.0430445528241;33.0430445528241;33.0430445528241;4.79552;8;2743.00870932951 * Deflate;1;4.42165132551035;
7;3337.5416236098 * CompressionMethod + 38.2837882012792 * BlockSize_1 + 17176.4684501876 * x_10 + 12764.055295301 * x_8 + 5475.2871773906 * BZip2 + 23486.608816578 * x_10 * Deflate + 1030.41489301845 * Deflate + 3913.50689800594 * Deflate * x_6;26.9856685257432;26.9856685257432;26.9856685257432;26.9856685257432;7.749537;10;3913.50689800594 * Deflate * x_6;2;3.02868801354043;
8;3474.2329442653 * CompressionMethod + 238.070462691966 * BlockSize_1 + 17004.0508562262 * x_10 + 11635.9702750074 * x_8 + 5614.90009930634 * BZip2 + 25880.6454385186 * x_10 * Deflate + -1345.52369160054 * Deflate + 6152.75416196946 * Deflate * x_6 + 5370.5440057894 * Deflate * x_8;24.0960733833697;24.0960733833697;24.0960733833697;24.0960733833697;11.249991;12;5370.5440057894 * Deflate * x_8;2;1.44479757118675;
9;3238.16733080193 * CompressionMethod + 503.852105638081 * BlockSize_1 + 17113.6936862923 * x_10 + 8724.38290059227 * x_8 + 6550.13489863345 * BZip2 + 25766.5356900836 * x_10 * Deflate + -1128.44248120462 * Deflate + 6171.73856503691 * Deflate * x_6 + 8292.5421818867 * Deflate * x_8 + 5531.70246206024 * x_8 * LZMA2;22.2137826893756;22.2137826893756;22.2137826893756;22.2137826893756;15.308938;14;5531.70246206024 * x_8 * LZMA2;2;0.94114534699705;
10;3324.15477282084 * CompressionMethod + 102.064438513772 * BlockSize_1 + 19734.2466470135 * x_10 + 8917.16135934438 * x_8 + 6302.12443945073 * BZip2 + 23152.7354632636 * x_10 * Deflate + -1185.73080414327 * Deflate + 6143.03944595664 * Deflate * x_6 + 8084.02549654214 * Deflate * x_8 + 5300.20569859774 * x_8 * LZMA2 + -15037.4014198343 * x_10 * PPMd;20.8394356433209;20.8394356433209;20.8394356433209;20.8394356433209;20.07092;16;-15037.4014198343 * x_10 * PPMd;2;0.687173523027361;
11;2994.69564280379 * CompressionMethod + 270.050797035874 * BlockSize_1 + 19544.9030370416 * x_10 + 8957.79225245314 * x_8 + 6621.16314595569 * BZip2 + 23339.2557730923 * x_10 * Deflate + -868.270699734979 * Deflate + 6155.03847156536 * Deflate * x_6 + 8049.97471425107 * Deflate * x_8 + 4036.30094955223 * x_8 * LZMA2 + -14518.5986798454 * x_10 * PPMd + 1532.96988495124 * LZMA2;20.5365335786156;20.5365335786156;20.5365335786156;20.5365335786156;25.492372;17;1532.96988495124 * LZMA2;1;0.302902064705336;
12;2904.73394591524 * CompressionMethod + 329.279566863936 * BlockSize_1 + 20273.5272836516 * x_10 + 9007.72207194915 * x_8 + 6656.39580023935 * BZip2 + 22609.6360849726 * x_10 * Deflate + -782.539629262634 * Deflate + 6159.26909798151 * Deflate * x_6 + 8002.36491569299 * Deflate * x_8 + 6253.92962077521 * x_8 * LZMA2 + -15157.2612295668 * x_10 * PPMd + -651.594999447036 * LZMA2 + 14434.861053532 * LZMA2 * x_6;19.5707240738089;19.5707240738089;19.5707240738089;19.5707240738089;31.845245;19;14434.861053532 * LZMA2 * x_6;2;0.482904752403325;
13;3450.91392741093 * CompressionMethod + 792.977932943373 * BlockSize_1 + 14484.2327457071 * x_10 + 10678.868176782 * x_8 + 3768.81360080874 * BZip2 + 28391.1373730671 * x_10 * Deflate + -1361.8409226212 * Deflate + 6192.39040984437 * Deflate * x_6 + 6349.38211091412 * Deflate * x_8 + 3146.80444287016 * x_8 * LZMA2 + -9914.14667311796 * x_10 * PPMd + 183.65134317885 * LZMA2 + 13053.4347294102 * LZMA2 * x_6 + 41546.0397260733 * x_10 * BZip2;16.2367451467721;16.2367451467721;16.2367451467721;16.2367451467721;39.05937;21;41546.0397260733 * x_10 * BZip2;2;1.66698946351842;
14;3385.67558367179 * CompressionMethod + -256.568557986248 * BlockSize_1 + 14263.0666980815 * x_10 + 10795.7894645056 * x_8 + 3872.11763969038 * BZip2 + 28629.9428575147 * x_10 * Deflate + -1221.63497238689 * Deflate + 6117.42280334924 * Deflate * x_6 + 6191.34955511237 * Deflate * x_8 + 3063.78304654752 * x_8 * LZMA2 + -9627.74228175323 * x_10 * PPMd + 338.465853273517 * LZMA2 + 12963.8585630547 * LZMA2 * x_6 + 41729.1400785563 * x_10 * BZip2 + 2645.40930836741 * BlockSize_1 * LZMA;15.7924171865553;15.7924171865553;15.7924171865553;15.7924171865553;48.00755;23;2645.40930836741 * BlockSize_1 * LZMA;2;0.222163980108401;
Elapsed=00:00:48.0152861
average model: 
command: analyze-learning
Round, Model, LearningError, LearningErrorRel, ValidationError, ValidationErrorRel, ElapsedSeconds, ModelComplexity, BestCandidate, BestCandidateSize, BestCandidateScore, TestError
Models:
Termination reason: minImprovementPerRound
1;10810.4520795661 * CompressionMethod + 1559.54792043397 * BlockSize_1;157.32976318085;157.32976318085;157.32976318085;157.32976318085;0.128459;2;1559.54792043397 * BlockSize_1;1;1.79769313486232E+308;171.577672808555
2;7472.91275020462 * CompressionMethod + 587.037109102136 * BlockSize_1 + 22508.0396236205 * x_10;101.51003841002;101.51003841002;101.51003841002;101.51003841002;0.486077;3;22508.0396236205 * x_10;1;55.8197247708299;115.769168850224
3;5013.22924298106 * CompressionMethod + -779.260014586423 * BlockSize_1 + 25102.8514178023 * x_10 + 13038.9819587694 * x_8;57.3415147691709;57.3415147691709;57.3415147691709;57.3415147691709;0.953609;4;13038.9819587694 * x_8;1;44.1685236408494;74.2213945702755
4;4180.33536496383 * CompressionMethod + -584.191140088197 * BlockSize_1 + 25636.3733662046 * x_10 + 12659.0637047052 * x_8 + 4247.87095407729 * BZip2;45.2438639815102;45.2438639815102;45.2438639815102;45.2438639815102;1.688522;5;4247.87095407729 * BZip2;1;12.0976507876606;60.4820114270419
5;4046.16795459961 * CompressionMethod + -349.75308402732 * BlockSize_1 + 16572.8943685867 * x_10 + 12592.210664965 * x_8 + 4865.3276804239 * BZip2 + 24446.2100077573 * x_10 * Deflate;37.4646958783344;37.4646958783344;37.4646958783344;37.4646958783344;2.778022;7;24446.2100077573 * x_10 * Deflate;2;3.88958405158789;51.6699147935687
6;3428.4965894624 * CompressionMethod + 7.93649762793245 * BlockSize_1 + 17080.8821424846 * x_10 + 12125.0213105784 * x_8 + 5549.63221554214 * BZip2 + 21781.3240442269 * x_10 * Deflate + 2743.00870932951 * Deflate;33.0430445528241;33.0430445528241;33.0430445528241;33.0430445528241;4.79552;8;2743.00870932951 * Deflate;1;4.42165132551035;55.8776077773671
7;3337.5416236098 * CompressionMethod + 38.2837882012792 * BlockSize_1 + 17176.4684501876 * x_10 + 12764.055295301 * x_8 + 5475.2871773906 * BZip2 + 23486.608816578 * x_10 * Deflate + 1030.41489301845 * Deflate + 3913.50689800594 * Deflate * x_6;26.9856685257432;26.9856685257432;26.9856685257432;26.9856685257432;7.749537;10;3913.50689800594 * Deflate * x_6;2;3.02868801354043;45.3925094773683
8;3474.2329442653 * CompressionMethod + 238.070462691966 * BlockSize_1 + 17004.0508562262 * x_10 + 11635.9702750074 * x_8 + 5614.90009930634 * BZip2 + 25880.6454385186 * x_10 * Deflate + -1345.52369160054 * Deflate + 6152.75416196946 * Deflate * x_6 + 5370.5440057894 * Deflate * x_8;24.0960733833697;24.0960733833697;24.0960733833697;24.0960733833697;11.249991;12;5370.5440057894 * Deflate * x_8;2;1.44479757118675;35.3367839715153
9;3238.16733080193 * CompressionMethod + 503.852105638081 * BlockSize_1 + 17113.6936862923 * x_10 + 8724.38290059227 * x_8 + 6550.13489863345 * BZip2 + 25766.5356900836 * x_10 * Deflate + -1128.44248120462 * Deflate + 6171.73856503691 * Deflate * x_6 + 8292.5421818867 * Deflate * x_8 + 5531.70246206024 * x_8 * LZMA2;22.2137826893756;22.2137826893756;22.2137826893756;22.2137826893756;15.308938;14;5531.70246206024 * x_8 * LZMA2;2;0.94114534699705;33.8812243108556
10;3324.15477282084 * CompressionMethod + 102.064438513772 * BlockSize_1 + 19734.2466470135 * x_10 + 8917.16135934438 * x_8 + 6302.12443945073 * BZip2 + 23152.7354632636 * x_10 * Deflate + -1185.73080414327 * Deflate + 6143.03944595664 * Deflate * x_6 + 8084.02549654214 * Deflate * x_8 + 5300.20569859774 * x_8 * LZMA2 + -15037.4014198343 * x_10 * PPMd;20.8394356433209;20.8394356433209;20.8394356433209;20.8394356433209;20.07092;16;-15037.4014198343 * x_10 * PPMd;2;0.687173523027361;29.4691302894834
11;2994.69564280379 * CompressionMethod + 270.050797035874 * BlockSize_1 + 19544.9030370416 * x_10 + 8957.79225245314 * x_8 + 6621.16314595569 * BZip2 + 23339.2557730923 * x_10 * Deflate + -868.270699734979 * Deflate + 6155.03847156536 * Deflate * x_6 + 8049.97471425107 * Deflate * x_8 + 4036.30094955223 * x_8 * LZMA2 + -14518.5986798454 * x_10 * PPMd + 1532.96988495124 * LZMA2;20.5365335786156;20.5365335786156;20.5365335786156;20.5365335786156;25.492372;17;1532.96988495124 * LZMA2;1;0.302902064705336;30.054976965882
12;2904.73394591524 * CompressionMethod + 329.279566863936 * BlockSize_1 + 20273.5272836516 * x_10 + 9007.72207194915 * x_8 + 6656.39580023935 * BZip2 + 22609.6360849726 * x_10 * Deflate + -782.539629262634 * Deflate + 6159.26909798151 * Deflate * x_6 + 8002.36491569299 * Deflate * x_8 + 6253.92962077521 * x_8 * LZMA2 + -15157.2612295668 * x_10 * PPMd + -651.594999447036 * LZMA2 + 14434.861053532 * LZMA2 * x_6;19.5707240738089;19.5707240738089;19.5707240738089;19.5707240738089;31.845245;19;14434.861053532 * LZMA2 * x_6;2;0.482904752403325;27.4793472172625
13;3450.91392741093 * CompressionMethod + 792.977932943373 * BlockSize_1 + 14484.2327457071 * x_10 + 10678.868176782 * x_8 + 3768.81360080874 * BZip2 + 28391.1373730671 * x_10 * Deflate + -1361.8409226212 * Deflate + 6192.39040984437 * Deflate * x_6 + 6349.38211091412 * Deflate * x_8 + 3146.80444287016 * x_8 * LZMA2 + -9914.14667311796 * x_10 * PPMd + 183.65134317885 * LZMA2 + 13053.4347294102 * LZMA2 * x_6 + 41546.0397260733 * x_10 * BZip2;16.2367451467721;16.2367451467721;16.2367451467721;16.2367451467721;39.05937;21;41546.0397260733 * x_10 * BZip2;2;1.66698946351842;22.1510696823403
14;3385.67558367179 * CompressionMethod + -256.568557986248 * BlockSize_1 + 14263.0666980815 * x_10 + 10795.7894645056 * x_8 + 3872.11763969038 * BZip2 + 28629.9428575147 * x_10 * Deflate + -1221.63497238689 * Deflate + 6117.42280334924 * Deflate * x_6 + 6191.34955511237 * Deflate * x_8 + 3063.78304654752 * x_8 * LZMA2 + -9627.74228175323 * x_10 * PPMd + 338.465853273517 * LZMA2 + 12963.8585630547 * LZMA2 * x_6 + 41729.1400785563 * x_10 * BZip2 + 2645.40930836741 * BlockSize_1 * LZMA;15.7924171865553;15.7924171865553;15.7924171865553;15.7924171865553;48.00755;23;2645.40930836741 * BlockSize_1 * LZMA;2;0.222163980108401;21.3679762580296
Analyze finished
command: measurementstocsv /scratch/kaltenec/Distribution-Aware-Sampling/Results_opt/7z_disc/7z_disc_77/sampledConfigurations_solv_1.csv
command: clean-sampling
command: clean-global
command: script /scratch/kaltenec/Distribution-Aware-Sampling/Results_opt/7z_disc/7z_disc_77/learn_solv_2.a
command: log /scratch/kaltenec/Distribution-Aware-Sampling/Results_opt/7z_disc/7z_disc_77/out_solv_2.log
