Current machine learning settings: epsilon:0 lossFunction:RELATIVE parallelization:True bagging:False baggingNumbers:3 considerEpsilonTube:False baggingTestDataFraction:50 useBackward:False abortError:1 limitFeatureSize:False featureSizeTreshold:4 quadraticFunctionSupport:True crossValidation:False crossValidation-k:5 learn-logFunction:False learn-accumulatedLogFunction:False learn-asymFunction:False learn-ratioFunction:False learn-mirrowedFunction:False numberOfRounds:70 backwardErrorDelta:1 minImprovementPerRound:0.1 withHierarchy:False bruteForceCandidates:False ignoreBadFeatures:False stopOnLongRound:True candidateSizePenalty:True learnTimeLimit:00:00:00 scoreMeasure:RELERROR outputRoundsToStdout:False blacklisted: 
command: mlsettings bagging:False stopOnLongRound:False parallelization:True lossFunction:RELATIVE useBackward:False abortError:10 limitFeatureSize:False featureSizeTreshold:7 quadraticFunctionSupport:True crossValidation:False learn_logFunction:True numberOfRounds:70 backwardErrorDelta:1 minImprovementPerRound:0.25 withHierarchy:False
Current machine learning settings: epsilon:0 lossFunction:RELATIVE parallelization:True bagging:False baggingNumbers:3 considerEpsilonTube:False baggingTestDataFraction:50 useBackward:False abortError:10 limitFeatureSize:False featureSizeTreshold:7 quadraticFunctionSupport:True crossValidation:False crossValidation-k:5 learn-logFunction:True learn-accumulatedLogFunction:False learn-asymFunction:False learn-ratioFunction:False learn-mirrowedFunction:False numberOfRounds:70 backwardErrorDelta:1 minImprovementPerRound:0.25 withHierarchy:False bruteForceCandidates:False ignoreBadFeatures:False stopOnLongRound:False candidateSizePenalty:True learnTimeLimit:00:00:00 scoreMeasure:RELERROR outputRoundsToStdout:False blacklisted: 
command: solver z3
command: vm /scratch/kaltenec/Distribution-Aware-Sampling/DistOut/ConstraintData/JavaGC_disc/FeatureModel.xml
command: all /scratch/kaltenec/Distribution-Aware-Sampling/DistOut/ConstraintData/JavaGC_disc/measurements.xml
Configs with too large deviation: 0
193536 configurations loaded.
command: nfp Performance
command: hybrid distribution-aware distance-metric:manhattan distribution:uniform onlyBinary:true selection:SolverSelection optimization:None numConfigs:32 seed:85
command: learn-splconqueror
Learning: NumberOfConfigurationsLearning:32 NumberOfConfigurationsValidation:32
Learning progress:
1;51.4795771428571 * MaxTenuringThreshold + -21.159805021645 * NewRatio_1;42.3189321671945;42.3189321671945;42.3189321671945;42.3189321671945;0.035927;2;-21.159805021645 * NewRatio_1;1;1.79769313486232E+308;
2;42.68676 * MaxTenuringThreshold + -12.3669878787878 * NewRatio_1 + 46.16229 * NewRatio_8;30.7909561123767;30.7909561123767;30.7909561123767;30.7909561123767;0.060489;3;46.16229 * NewRatio_8;1;11.5279760548178;
3;34.4796533333333 * MaxTenuringThreshold + -4.15988121212122 * NewRatio_1 + 54.3693966666666 * NewRatio_8 + 139.520813333333 * NewRatio_16;20.5450793865181;20.5450793865181;20.5450793865181;20.5450793865181;0.096488;4;139.520813333333 * NewRatio_16;1;10.2458767258586;
4;30.50536 * MaxTenuringThreshold + -0.185587878787901 * NewRatio_1 + 58.3436900000001 * NewRatio_8 + 143.495106666667 * NewRatio_16 + 15.8971733333334 * NewRatio_32;14.6312402810843;14.6312402810843;14.6312402810843;14.6312402810843;0.151419;5;15.8971733333334 * NewRatio_32;1;5.91383910543387;
5;30.50536 * MaxTenuringThreshold + -7.92825457364335 * NewRatio_1 + 37.0513565891473 * NewRatio_8 + 143.495106666667 * NewRatio_16 + 15.8971733333334 * NewRatio_32 + 28.3897778811369 * TenuredGenerationSizeSupplement_90;10.45891999375;10.45891999375;10.45891999375;10.45891999375;0.250052;6;28.3897778811369 * TenuredGenerationSizeSupplement_90;1;4.17232028733424;
6;30.50536 * MaxTenuringThreshold + -4.51099833333337 * NewRatio_1 + 9.71330666666672 * NewRatio_8 + 143.495106666667 * NewRatio_16 + 15.8971733333333 * NewRatio_32 + 15.8598383333334 * TenuredGenerationSizeSupplement_90 + 48.9806727777777 * NewRatio_8 * UseAdaptiveSizePolicy;4.92308347284097;4.92308347284097;4.92308347284097;4.92308347284097;0.432562;8;48.9806727777777 * NewRatio_8 * UseAdaptiveSizePolicy;2;2.76791826045453;
Elapsed=00:00:00.4350883
average model: 
command: analyze-learning
Round, Model, LearningError, LearningErrorRel, ValidationError, ValidationErrorRel, ElapsedSeconds, ModelComplexity, BestCandidate, BestCandidateSize, BestCandidateScore, TestError
Models:
Termination reason: abortError
1;51.4795771428571 * MaxTenuringThreshold + -21.159805021645 * NewRatio_1;42.3189321671945;42.3189321671945;42.3189321671945;42.3189321671945;0.035927;2;-21.159805021645 * NewRatio_1;1;1.79769313486232E+308;48.7827782927968
2;42.68676 * MaxTenuringThreshold + -12.3669878787878 * NewRatio_1 + 46.16229 * NewRatio_8;30.7909561123767;30.7909561123767;30.7909561123767;30.7909561123767;0.060489;3;46.16229 * NewRatio_8;1;11.5279760548178;50.4309159711971
3;34.4796533333333 * MaxTenuringThreshold + -4.15988121212122 * NewRatio_1 + 54.3693966666666 * NewRatio_8 + 139.520813333333 * NewRatio_16;20.5450793865181;20.5450793865181;20.5450793865181;20.5450793865181;0.096488;4;139.520813333333 * NewRatio_16;1;10.2458767258586;69.3657951434183
4;30.50536 * MaxTenuringThreshold + -0.185587878787901 * NewRatio_1 + 58.3436900000001 * NewRatio_8 + 143.495106666667 * NewRatio_16 + 15.8971733333334 * NewRatio_32;14.6312402810843;14.6312402810843;14.6312402810843;14.6312402810843;0.151419;5;15.8971733333334 * NewRatio_32;1;5.91383910543387;67.5100195158408
5;30.50536 * MaxTenuringThreshold + -7.92825457364335 * NewRatio_1 + 37.0513565891473 * NewRatio_8 + 143.495106666667 * NewRatio_16 + 15.8971733333334 * NewRatio_32 + 28.3897778811369 * TenuredGenerationSizeSupplement_90;10.45891999375;10.45891999375;10.45891999375;10.45891999375;0.250052;6;28.3897778811369 * TenuredGenerationSizeSupplement_90;1;4.17232028733424;75.3607771565644
6;30.50536 * MaxTenuringThreshold + -4.51099833333337 * NewRatio_1 + 9.71330666666672 * NewRatio_8 + 143.495106666667 * NewRatio_16 + 15.8971733333333 * NewRatio_32 + 15.8598383333334 * TenuredGenerationSizeSupplement_90 + 48.9806727777777 * NewRatio_8 * UseAdaptiveSizePolicy;4.92308347284097;4.92308347284097;4.92308347284097;4.92308347284097;0.432562;8;48.9806727777777 * NewRatio_8 * UseAdaptiveSizePolicy;2;2.76791826045453;59.9871831417998
Analyze finished
command: printconfigs /scratch/kaltenec/Distribution-Aware-Sampling/Results_newTry/JavaGC_disc/JavaGC_disc_85/sampledConfigurations_solv_0.csv
command: clean-sampling
command: clean-global
command: script /scratch/kaltenec/Distribution-Aware-Sampling/Results_newTry/JavaGC_disc/JavaGC_disc_85/learn_solv_1.a
command: log /scratch/kaltenec/Distribution-Aware-Sampling/Results_newTry/JavaGC_disc/JavaGC_disc_85/out_solv_1.log
