Current machine learning settings: epsilon:0 lossFunction:RELATIVE parallelization:True bagging:False baggingNumbers:3 baggingTestDataFraction:50 useBackward:False abortError:1 limitFeatureSize:False featureSizeTreshold:4 quadraticFunctionSupport:True crossValidation:False crossValidation-k:5 learn-logFunction:False learn-accumulatedLogFunction:False learn-asymFunction:False learn-ratioFunction:False learn-mirrowedFunction:False numberOfRounds:70 backwardErrorDelta:1 minImprovementPerRound:0.1 withHierarchy:False bruteForceCandidates:False ignoreBadFeatures:False stopOnLongRound:True candidateSizePenalty:True learnTimeLimit:00:00:00 scoreMeasure:RELERROR outputRoundsToStdout:False blacklisted: 
command: mlsettings bagging:False stopOnLongRound:False parallelization:True lossFunction:RELATIVE useBackward:False abortError:10 limitFeatureSize:False featureSizeTreshold:7 quadraticFunctionSupport:True crossValidation:False learn_logFunction:True numberOfRounds:70 backwardErrorDelta:1 minImprovementPerRound:0.25 withHierarchy:False
Current machine learning settings: epsilon:0 lossFunction:RELATIVE parallelization:True bagging:False baggingNumbers:3 baggingTestDataFraction:50 useBackward:False abortError:10 limitFeatureSize:False featureSizeTreshold:7 quadraticFunctionSupport:True crossValidation:False crossValidation-k:5 learn-logFunction:True learn-accumulatedLogFunction:False learn-asymFunction:False learn-ratioFunction:False learn-mirrowedFunction:False numberOfRounds:70 backwardErrorDelta:1 minImprovementPerRound:0.25 withHierarchy:False bruteForceCandidates:False ignoreBadFeatures:False stopOnLongRound:False candidateSizePenalty:True learnTimeLimit:00:00:00 scoreMeasure:RELERROR outputRoundsToStdout:False blacklisted: 
command: solver z3
command: vm /scratch/kaltenec/Distribution-Aware-Sampling/DistOut/ConstraintData/JavaGC_disc/FeatureModel.xml
command: all /scratch/kaltenec/Distribution-Aware-Sampling/DistOut/ConstraintData/JavaGC_disc/measurements.xml
Configs with too large deviation: 0
193536 configurations loaded.
command: nfp Performance
command: binary satoutput numConfigs:3504 seed:11
command: learn-splconqueror
Learning: NumberOfConfigurationsLearning:3504 NumberOfConfigurationsValidation:3504
Learning progress:
1;68.5439452348519 * MaxTenuringThreshold + 8.44811298458423 * DisableExplicitGC;94.3699500787946;94.3699500787946;94.3699500787946;94.3699500787946;2.332681;2;8.44811298458423 * DisableExplicitGC;1;1.79769313486232E+308;
2;38.2301633122566 * MaxTenuringThreshold + 5.90855837630245 * DisableExplicitGC + 227.830746811953 * NewRatio_32;53.976428583186;53.976428583186;53.976428583186;53.976428583186;5.725575;3;227.830746811953 * NewRatio_32;1;40.3935214956086;
3;38.532286174753 * MaxTenuringThreshold + 5.24012537649167 * DisableExplicitGC + 21.2026021234731 * NewRatio_32 + 422.006473222505 * NewRatio_32 * UseAdaptiveSizePolicy;27.7017762643485;27.7017762643485;27.7017762643485;27.7017762643485;10.266886;5;422.006473222505 * NewRatio_32 * UseAdaptiveSizePolicy;2;13.1373261594187;
4;29.4365556943449 * MaxTenuringThreshold + 4.63718477706012 * DisableExplicitGC + 30.5814949906471 * NewRatio_32 + 400.884042404026 * NewRatio_32 * UseAdaptiveSizePolicy + 21.1292904922018 * UseAdaptiveSizePolicy;21.135221496245;21.135221496245;21.135221496245;21.135221496245;16.961067;6;21.1292904922018 * UseAdaptiveSizePolicy;1;6.56655476810351;
5;29.4191632574816 * MaxTenuringThreshold + 4.67696258163723 * DisableExplicitGC + 30.5802063533069 * NewRatio_32 + 412.082686647782 * NewRatio_32 * UseAdaptiveSizePolicy + 9.93019369513199 * UseAdaptiveSizePolicy + 26.4908464087516 * UseAdaptiveSizePolicy * NewRatio_4;13.5703087686636;13.5703087686636;13.5703087686636;13.5703087686636;27.278471;8;26.4908464087516 * UseAdaptiveSizePolicy * NewRatio_4;2;3.78245636379071;
6;30.868944203055 * MaxTenuringThreshold + 4.78834404137362 * DisableExplicitGC + 30.76842055712 * NewRatio_32 + 411.89033680893 * NewRatio_32 * UseAdaptiveSizePolicy + 10.0751555353838 * UseAdaptiveSizePolicy + 26.4667662128081 * UseAdaptiveSizePolicy * NewRatio_4 + -3.47920876023901 * UseAdaptiveGCBoundary;11.7548093270057;11.7548093270057;11.7548093270057;11.7548093270057;41.066107;9;-3.47920876023901 * UseAdaptiveGCBoundary;1;1.81549944165785;
7;32.2486459409345 * MaxTenuringThreshold + 4.80380876200757 * DisableExplicitGC + 30.9454025255206 * NewRatio_32 + 411.716737720528 * NewRatio_32 * UseAdaptiveSizePolicy + 6.84912849134677 * UseAdaptiveSizePolicy + 26.4942060382094 * UseAdaptiveSizePolicy * NewRatio_4 + -6.69833195228371 * UseAdaptiveGCBoundary + 7.10318012818422 * UseAdaptiveSizePolicy * UseAdaptiveGCBoundary;10.4456072478904;10.4456072478904;10.4456072478904;10.4456072478904;60.242677;11;7.10318012818422 * UseAdaptiveSizePolicy * UseAdaptiveGCBoundary;2;0.654601039557641;
8;32.2105308090781 * MaxTenuringThreshold + 4.8941902033371 * DisableExplicitGC + 30.942654167088 * NewRatio_32 + 403.327470601316 * NewRatio_32 * UseAdaptiveSizePolicy + 15.1860466236861 * UseAdaptiveSizePolicy + 18.1039952955627 * UseAdaptiveSizePolicy * NewRatio_4 + -6.70158999472518 * UseAdaptiveGCBoundary + 7.21168703468656 * UseAdaptiveSizePolicy * UseAdaptiveGCBoundary + -14.4144111771173 * UseAdaptiveSizePolicy * NewRatio_1;9.26711878738938;9.26711878738938;9.26711878738938;9.26711878738938;84.326357;13;-14.4144111771173 * UseAdaptiveSizePolicy * NewRatio_1;2;0.58924423025053;
Elapsed=00:01:24.3985861
average model: 
command: analyze-learning
Round, Model, LearningError, LearningErrorRel, ValidationError, ValidationErrorRel, ElapsedSeconds, ModelComplexity, BestCandidate, BestCandidateSize, BestCandidateScore, TestError
Models:
Termination reason: abortError
1;68.5439452348519 * MaxTenuringThreshold + 8.44811298458423 * DisableExplicitGC;94.3699500787946;94.3699500787946;94.3699500787946;94.3699500787946;2.332681;2;8.44811298458423 * DisableExplicitGC;1;1.79769313486232E+308;99.004720995829
2;38.2301633122566 * MaxTenuringThreshold + 5.90855837630245 * DisableExplicitGC + 227.830746811953 * NewRatio_32;53.976428583186;53.976428583186;53.976428583186;53.976428583186;5.725575;3;227.830746811953 * NewRatio_32;1;40.3935214956086;65.5448612737762
3;38.532286174753 * MaxTenuringThreshold + 5.24012537649167 * DisableExplicitGC + 21.2026021234731 * NewRatio_32 + 422.006473222505 * NewRatio_32 * UseAdaptiveSizePolicy;27.7017762643485;27.7017762643485;27.7017762643485;27.7017762643485;10.266886;5;422.006473222505 * NewRatio_32 * UseAdaptiveSizePolicy;2;13.1373261594187;45.676037182646
4;29.4365556943449 * MaxTenuringThreshold + 4.63718477706012 * DisableExplicitGC + 30.5814949906471 * NewRatio_32 + 400.884042404026 * NewRatio_32 * UseAdaptiveSizePolicy + 21.1292904922018 * UseAdaptiveSizePolicy;21.135221496245;21.135221496245;21.135221496245;21.135221496245;16.961067;6;21.1292904922018 * UseAdaptiveSizePolicy;1;6.56655476810351;42.2562186454891
5;29.4191632574816 * MaxTenuringThreshold + 4.67696258163723 * DisableExplicitGC + 30.5802063533069 * NewRatio_32 + 412.082686647782 * NewRatio_32 * UseAdaptiveSizePolicy + 9.93019369513199 * UseAdaptiveSizePolicy + 26.4908464087516 * UseAdaptiveSizePolicy * NewRatio_4;13.5703087686636;13.5703087686636;13.5703087686636;13.5703087686636;27.278471;8;26.4908464087516 * UseAdaptiveSizePolicy * NewRatio_4;2;3.78245636379071;36.6826814721426
6;30.868944203055 * MaxTenuringThreshold + 4.78834404137362 * DisableExplicitGC + 30.76842055712 * NewRatio_32 + 411.89033680893 * NewRatio_32 * UseAdaptiveSizePolicy + 10.0751555353838 * UseAdaptiveSizePolicy + 26.4667662128081 * UseAdaptiveSizePolicy * NewRatio_4 + -3.47920876023901 * UseAdaptiveGCBoundary;11.7548093270057;11.7548093270057;11.7548093270057;11.7548093270057;41.066107;9;-3.47920876023901 * UseAdaptiveGCBoundary;1;1.81549944165785;35.8323343503347
7;32.2486459409345 * MaxTenuringThreshold + 4.80380876200757 * DisableExplicitGC + 30.9454025255206 * NewRatio_32 + 411.716737720528 * NewRatio_32 * UseAdaptiveSizePolicy + 6.84912849134677 * UseAdaptiveSizePolicy + 26.4942060382094 * UseAdaptiveSizePolicy * NewRatio_4 + -6.69833195228371 * UseAdaptiveGCBoundary + 7.10318012818422 * UseAdaptiveSizePolicy * UseAdaptiveGCBoundary;10.4456072478904;10.4456072478904;10.4456072478904;10.4456072478904;60.242677;11;7.10318012818422 * UseAdaptiveSizePolicy * UseAdaptiveGCBoundary;2;0.654601039557641;35.2935720447978
8;32.2105308090781 * MaxTenuringThreshold + 4.8941902033371 * DisableExplicitGC + 30.942654167088 * NewRatio_32 + 403.327470601316 * NewRatio_32 * UseAdaptiveSizePolicy + 15.1860466236861 * UseAdaptiveSizePolicy + 18.1039952955627 * UseAdaptiveSizePolicy * NewRatio_4 + -6.70158999472518 * UseAdaptiveGCBoundary + 7.21168703468656 * UseAdaptiveSizePolicy * UseAdaptiveGCBoundary + -14.4144111771173 * UseAdaptiveSizePolicy * NewRatio_1;9.26711878738938;9.26711878738938;9.26711878738938;9.26711878738938;84.326357;13;-14.4144111771173 * UseAdaptiveSizePolicy * NewRatio_1;2;0.58924423025053;33.976386366307
Analyze finished
command: measurementstocsv /scratch/kaltenec/Distribution-Aware-Sampling/Results_Henard/JavaGC_disc/JavaGC_disc_11/sampledConfigurations_henard_2.csv
command: clean-sampling
command: clean-global
