Current machine learning settings: epsilon:0 lossFunction:RELATIVE parallelization:True bagging:False baggingNumbers:3 considerEpsilonTube:False baggingTestDataFraction:50 useBackward:False abortError:1 limitFeatureSize:False featureSizeTreshold:4 quadraticFunctionSupport:True crossValidation:False crossValidation-k:5 learn-logFunction:False learn-accumulatedLogFunction:False learn-asymFunction:False learn-ratioFunction:False learn-mirrowedFunction:False numberOfRounds:70 backwardErrorDelta:1 minImprovementPerRound:0.1 withHierarchy:False bruteForceCandidates:False ignoreBadFeatures:False stopOnLongRound:True candidateSizePenalty:True learnTimeLimit:00:00:00 scoreMeasure:RELERROR outputRoundsToStdout:False blacklisted: 
command: mlsettings bagging:False stopOnLongRound:False parallelization:True lossFunction:RELATIVE useBackward:False abortError:10 limitFeatureSize:False featureSizeTreshold:7 quadraticFunctionSupport:True crossValidation:False learn_logFunction:True numberOfRounds:70 backwardErrorDelta:1 minImprovementPerRound:0.25 withHierarchy:False
Current machine learning settings: epsilon:0 lossFunction:RELATIVE parallelization:True bagging:False baggingNumbers:3 considerEpsilonTube:False baggingTestDataFraction:50 useBackward:False abortError:10 limitFeatureSize:False featureSizeTreshold:7 quadraticFunctionSupport:True crossValidation:False crossValidation-k:5 learn-logFunction:True learn-accumulatedLogFunction:False learn-asymFunction:False learn-ratioFunction:False learn-mirrowedFunction:False numberOfRounds:70 backwardErrorDelta:1 minImprovementPerRound:0.25 withHierarchy:False bruteForceCandidates:False ignoreBadFeatures:False stopOnLongRound:False candidateSizePenalty:True learnTimeLimit:00:00:00 scoreMeasure:RELERROR outputRoundsToStdout:False blacklisted: 
command: solver z3
command: vm /scratch/kaltenec/Distribution-Aware-Sampling/DistOut/ConstraintData/7z_disc/FeatureModel.xml
command: all /scratch/kaltenec/Distribution-Aware-Sampling/DistOut/ConstraintData/7z_disc/measurements.xml
Configs with too large deviation: 0
68640 configurations loaded.
command: nfp Performance
command: hybrid distribution-aware distance-metric:manhattan distribution:uniform onlyBinary:true selection:SolverSelection optimization:None numConfigs:600 seed:51
command: learn-splconqueror
Learning: NumberOfConfigurationsLearning:600 NumberOfConfigurationsValidation:600
Learning progress:
1;7658.92783505159 * CompressionMethod + -2369.71044374715 * Deflate;112.613851437183;112.613851437183;112.613851437183;112.613851437183;0.116681;2;-2369.71044374715 * Deflate;1;1.79769313486232E+308;
2;5920.96733974878 * CompressionMethod + -2436.8153428195 * Deflate + 6290.37940464071 * x_6;85.3073277117111;85.3073277117111;85.3073277117111;85.3073277117111;0.38566;3;6290.37940464071 * x_6;1;27.3065237254717;
3;4590.88061425987 * CompressionMethod + -2059.3692561047 * Deflate + 7545.88097526983 * x_6 + 22707.3738760865 * x_10;64.3846851733025;64.3846851733025;64.3846851733025;64.3846851733025;0.913924;4;22707.3738760865 * x_10;1;20.9226425384087;
4;4730.44242273696 * CompressionMethod + -2781.91077087853 * Deflate + 9581.95365955794 * x_6 + 22658.1297569562 * x_10 + -12124.5389394376 * x_6 * PPMd;43.6998160643651;43.6998160643651;43.6998160643651;43.6998160643651;1.6004;6;-12124.5389394376 * x_6 * PPMd;2;10.3424345544687;
5;4014.49670986347 * CompressionMethod + -2362.82341945073 * Deflate + 10198.4038141788 * x_6 + 23321.6895509013 * x_10 + -12025.0433811851 * x_6 * PPMd + 11805.1770819299 * x_8;36.3091594359732;36.3091594359732;36.3091594359732;36.3091594359732;2.708789;7;11805.1770819299 * x_8;1;7.3906566283919;
6;3555.07100701542 * CompressionMethod + -1904.9363674828 * Deflate + 10177.4219122792 * x_6 + 23493.2258707131 * x_10 + -11544.6357764375 * x_6 * PPMd + 12159.915736401 * x_8 + 1845.2280123208 * BZip2;28.9779992433792;28.9779992433792;28.9779992433792;28.9779992433792;4.497832;8;1845.2280123208 * BZip2;1;7.33116019259399;
7;2929.11501058084 * CompressionMethod + -289.73732427677 * Deflate + 6694.00288637123 * x_6 + 23728.5491210812 * x_10 + -7435.26075409501 * x_6 * PPMd + 12643.8234615388 * x_8 + 3355.0909376469 * BZip2 + 8493.31067447653 * x_6 * LZMA;20.2418885510324;20.2418885510324;20.2418885510324;20.2418885510324;6.880441;10;8493.31067447653 * x_6 * LZMA;2;4.36805534617337;
8;3091.15183572338 * CompressionMethod + -969.296641033199 * Deflate + 6844.6610562728 * x_6 + 21055.1696653732 * x_10 + -7747.95574913901 * x_6 * PPMd + 12518.4033377029 * x_8 + 3229.08282565773 * BZip2 + 8180.6156794324 * x_6 * LZMA + 20896.30847327 * x_10 * Deflate;17.6490999542908;17.6490999542908;17.6490999542908;17.6490999542908;9.567758;12;20896.30847327 * x_10 * Deflate;2;1.29639429837084;
9;3120.06754105978 * CompressionMethod + -1041.70320373366 * Deflate + 6868.81681485584 * x_6 + 21036.5371995072 * x_10 + -7801.02721305846 * x_6 * PPMd + 16592.2393292316 * x_8 + 3157.10014936491 * BZip2 + 8127.54421551297 * x_6 * LZMA + 20958.4317965 * x_10 * Deflate + -12873.7354417199 * x_8 * PPMd;15.8338655750097;15.8338655750097;15.8338655750097;15.8338655750097;12.458906;14;-12873.7354417199 * x_8 * PPMd;2;0.907617189640526;
10;3050.70398616123 * CompressionMethod + -1231.40912349692 * Deflate + 7746.69024363731 * x_6 + 21028.6451746519 * x_10 + -8609.53708694143 * x_6 * PPMd + 16638.1973415625 * x_8 + 3697.88920764126 * BZip2 + 7319.03434163 * x_6 * LZMA + 21225.393296017 * x_10 * Deflate + -12850.3298991524 * x_8 * PPMd + -6908.01071016718 * BZip2 * BlockSize_1024;14.7538654830554;14.7538654830554;14.7538654830554;14.7538654830554;15.708524;16;-6908.01071016718 * BZip2 * BlockSize_1024;2;0.540000045977147;
11;3079.90135953531 * CompressionMethod + -1264.1533246229 * Deflate + 7759.31713501735 * x_6 + 23719.9352930322 * x_10 + -8651.36135169546 * x_6 * PPMd + 16618.7546342444 * x_8 + 3584.31341792766 * BZip2 + 7277.21007687598 * x_6 * LZMA + 18537.6500053888 * x_10 * Deflate + -12860.0845652085 * x_8 * PPMd + -6836.25918520748 * BZip2 * BlockSize_1024 + -18929.8366525673 * x_10 * PPMd;14.1635200262017;14.1635200262017;14.1635200262017;14.1635200262017;19.626135;18;-18929.8366525673 * x_10 * PPMd;2;0.295172728426834;
12;3410.27923241529 * CompressionMethod + -1554.43064832275 * Deflate + 7632.04388219901 * x_6 + 23439.0121354695 * x_10 + -7987.44989723658 * x_6 * PPMd + 16327.5104690713 * x_8 + 3287.58512602486 * BZip2 + 7074.1054568143 * x_6 * LZMA + 18778.4726137714 * x_10 * Deflate + -12032.2021983947 * x_8 * PPMd + -6742.63551336643 * BZip2 * BlockSize_1024 + -18112.275293364 * x_10 * PPMd + -867.016074520549 * PPMd;12.6659843662259;12.6659843662259;12.6659843662259;12.6659843662259;24.427498;19;-867.016074520549 * PPMd;1;1.49753565997582;
13;3300.20094985477 * CompressionMethod + -1543.86264957324 * Deflate + 7734.95641122251 * x_6 + 23547.4512974816 * x_10 + -7966.0701354702 * x_6 * PPMd + 16436.2285701626 * x_8 + 3297.41984931507 * BZip2 + 7081.2712103514 * x_6 * LZMA + 18769.5437355702 * x_10 * Deflate + -12016.6280086961 * x_8 * PPMd + -6745.30448311968 * BZip2 * BlockSize_1024 + -18096.4221645866 * x_10 * PPMd + -881.230082749914 * PPMd + 347.287283089386 * mtOff;11.8602694584718;11.8602694584718;11.8602694584718;11.8602694584718;30.41958;20;347.287283089386 * mtOff;1;0.805714907754084;
14;3311.12788781754 * CompressionMethod + -1544.91168362461 * Deflate + 7724.74078290713 * x_6 + 23536.6870670768 * x_10 + -7970.77577493502 * x_6 * PPMd + 16425.4366508264 * x_8 + 3296.44360396706 * BZip2 + 7080.55990070398 * x_6 * LZMA + 18770.4300620638 * x_10 * Deflate + -11720.798924187 * x_8 * PPMd + -6745.039547419 * BZip2 * BlockSize_1024 + -17800.620769009 * x_10 * PPMd + -1177.19418588542 * PPMd + 312.813756528763 * mtOff + 381.765278303722 * PPMd * tmOff;11.3617268997086;11.3617268997086;11.3617268997086;11.3617268997086;37.027803;22;381.765278303722 * PPMd * tmOff;2;0.249271279381604;
Elapsed=00:00:37.0380598
average model: 
command: analyze-learning
Round, Model, LearningError, LearningErrorRel, ValidationError, ValidationErrorRel, ElapsedSeconds, ModelComplexity, BestCandidate, BestCandidateSize, BestCandidateScore, TestError
Models:
Termination reason: minImprovementPerRound
1;7658.92783505159 * CompressionMethod + -2369.71044374715 * Deflate;112.613851437183;112.613851437183;112.613851437183;112.613851437183;0.116681;2;-2369.71044374715 * Deflate;1;1.79769313486232E+308;100.341757863798
2;5920.96733974878 * CompressionMethod + -2436.8153428195 * Deflate + 6290.37940464071 * x_6;85.3073277117111;85.3073277117111;85.3073277117111;85.3073277117111;0.38566;3;6290.37940464071 * x_6;1;27.3065237254717;79.4546213076029
3;4590.88061425987 * CompressionMethod + -2059.3692561047 * Deflate + 7545.88097526983 * x_6 + 22707.3738760865 * x_10;64.3846851733025;64.3846851733025;64.3846851733025;64.3846851733025;0.913924;4;22707.3738760865 * x_10;1;20.9226425384087;67.8167998224113
4;4730.44242273696 * CompressionMethod + -2781.91077087853 * Deflate + 9581.95365955794 * x_6 + 22658.1297569562 * x_10 + -12124.5389394376 * x_6 * PPMd;43.6998160643651;43.6998160643651;43.6998160643651;43.6998160643651;1.6004;6;-12124.5389394376 * x_6 * PPMd;2;10.3424345544687;56.128704544643
5;4014.49670986347 * CompressionMethod + -2362.82341945073 * Deflate + 10198.4038141788 * x_6 + 23321.6895509013 * x_10 + -12025.0433811851 * x_6 * PPMd + 11805.1770819299 * x_8;36.3091594359732;36.3091594359732;36.3091594359732;36.3091594359732;2.708789;7;11805.1770819299 * x_8;1;7.3906566283919;46.3721853376201
6;3555.07100701542 * CompressionMethod + -1904.9363674828 * Deflate + 10177.4219122792 * x_6 + 23493.2258707131 * x_10 + -11544.6357764375 * x_6 * PPMd + 12159.915736401 * x_8 + 1845.2280123208 * BZip2;28.9779992433792;28.9779992433792;28.9779992433792;28.9779992433792;4.497832;8;1845.2280123208 * BZip2;1;7.33116019259399;40.2024405969229
7;2929.11501058084 * CompressionMethod + -289.73732427677 * Deflate + 6694.00288637123 * x_6 + 23728.5491210812 * x_10 + -7435.26075409501 * x_6 * PPMd + 12643.8234615388 * x_8 + 3355.0909376469 * BZip2 + 8493.31067447653 * x_6 * LZMA;20.2418885510324;20.2418885510324;20.2418885510324;20.2418885510324;6.880441;10;8493.31067447653 * x_6 * LZMA;2;4.36805534617337;36.7434931171337
8;3091.15183572338 * CompressionMethod + -969.296641033199 * Deflate + 6844.6610562728 * x_6 + 21055.1696653732 * x_10 + -7747.95574913901 * x_6 * PPMd + 12518.4033377029 * x_8 + 3229.08282565773 * BZip2 + 8180.6156794324 * x_6 * LZMA + 20896.30847327 * x_10 * Deflate;17.6490999542908;17.6490999542908;17.6490999542908;17.6490999542908;9.567758;12;20896.30847327 * x_10 * Deflate;2;1.29639429837084;31.4315215512516
9;3120.06754105978 * CompressionMethod + -1041.70320373366 * Deflate + 6868.81681485584 * x_6 + 21036.5371995072 * x_10 + -7801.02721305846 * x_6 * PPMd + 16592.2393292316 * x_8 + 3157.10014936491 * BZip2 + 8127.54421551297 * x_6 * LZMA + 20958.4317965 * x_10 * Deflate + -12873.7354417199 * x_8 * PPMd;15.8338655750097;15.8338655750097;15.8338655750097;15.8338655750097;12.458906;14;-12873.7354417199 * x_8 * PPMd;2;0.907617189640526;26.1700947227716
10;3050.70398616123 * CompressionMethod + -1231.40912349692 * Deflate + 7746.69024363731 * x_6 + 21028.6451746519 * x_10 + -8609.53708694143 * x_6 * PPMd + 16638.1973415625 * x_8 + 3697.88920764126 * BZip2 + 7319.03434163 * x_6 * LZMA + 21225.393296017 * x_10 * Deflate + -12850.3298991524 * x_8 * PPMd + -6908.01071016718 * BZip2 * BlockSize_1024;14.7538654830554;14.7538654830554;14.7538654830554;14.7538654830554;15.708524;16;-6908.01071016718 * BZip2 * BlockSize_1024;2;0.540000045977147;26.9615720749406
11;3079.90135953531 * CompressionMethod + -1264.1533246229 * Deflate + 7759.31713501735 * x_6 + 23719.9352930322 * x_10 + -8651.36135169546 * x_6 * PPMd + 16618.7546342444 * x_8 + 3584.31341792766 * BZip2 + 7277.21007687598 * x_6 * LZMA + 18537.6500053888 * x_10 * Deflate + -12860.0845652085 * x_8 * PPMd + -6836.25918520748 * BZip2 * BlockSize_1024 + -18929.8366525673 * x_10 * PPMd;14.1635200262017;14.1635200262017;14.1635200262017;14.1635200262017;19.626135;18;-18929.8366525673 * x_10 * PPMd;2;0.295172728426834;20.9776444449006
12;3410.27923241529 * CompressionMethod + -1554.43064832275 * Deflate + 7632.04388219901 * x_6 + 23439.0121354695 * x_10 + -7987.44989723658 * x_6 * PPMd + 16327.5104690713 * x_8 + 3287.58512602486 * BZip2 + 7074.1054568143 * x_6 * LZMA + 18778.4726137714 * x_10 * Deflate + -12032.2021983947 * x_8 * PPMd + -6742.63551336643 * BZip2 * BlockSize_1024 + -18112.275293364 * x_10 * PPMd + -867.016074520549 * PPMd;12.6659843662259;12.6659843662259;12.6659843662259;12.6659843662259;24.427498;19;-867.016074520549 * PPMd;1;1.49753565997582;18.7793922661633
13;3300.20094985477 * CompressionMethod + -1543.86264957324 * Deflate + 7734.95641122251 * x_6 + 23547.4512974816 * x_10 + -7966.0701354702 * x_6 * PPMd + 16436.2285701626 * x_8 + 3297.41984931507 * BZip2 + 7081.2712103514 * x_6 * LZMA + 18769.5437355702 * x_10 * Deflate + -12016.6280086961 * x_8 * PPMd + -6745.30448311968 * BZip2 * BlockSize_1024 + -18096.4221645866 * x_10 * PPMd + -881.230082749914 * PPMd + 347.287283089386 * mtOff;11.8602694584718;11.8602694584718;11.8602694584718;11.8602694584718;30.41958;20;347.287283089386 * mtOff;1;0.805714907754084;19.5306506192291
14;3311.12788781754 * CompressionMethod + -1544.91168362461 * Deflate + 7724.74078290713 * x_6 + 23536.6870670768 * x_10 + -7970.77577493502 * x_6 * PPMd + 16425.4366508264 * x_8 + 3296.44360396706 * BZip2 + 7080.55990070398 * x_6 * LZMA + 18770.4300620638 * x_10 * Deflate + -11720.798924187 * x_8 * PPMd + -6745.039547419 * BZip2 * BlockSize_1024 + -17800.620769009 * x_10 * PPMd + -1177.19418588542 * PPMd + 312.813756528763 * mtOff + 381.765278303722 * PPMd * tmOff;11.3617268997086;11.3617268997086;11.3617268997086;11.3617268997086;37.027803;22;381.765278303722 * PPMd * tmOff;2;0.249271279381604;19.2276818721948
Analyze finished
command: printconfigs /scratch/kaltenec/Distribution-Aware-Sampling/Results_newTry/7z_disc/7z_disc_51/sampledConfigurations_solv_1.csv
command: clean-sampling
command: clean-global
command: script /scratch/kaltenec/Distribution-Aware-Sampling/Results_newTry/7z_disc/7z_disc_51/learn_solv_2.a
command: log /scratch/kaltenec/Distribution-Aware-Sampling/Results_newTry/7z_disc/7z_disc_51/out_solv_2.log
