Current machine learning settings: epsilon:0 lossFunction:RELATIVE parallelization:True bagging:False baggingNumbers:3 considerEpsilonTube:False baggingTestDataFraction:50 useBackward:False abortError:1 limitFeatureSize:False featureSizeTreshold:4 quadraticFunctionSupport:True crossValidation:False crossValidation-k:5 learn-logFunction:False learn-accumulatedLogFunction:False learn-asymFunction:False learn-ratioFunction:False learn-mirrowedFunction:False numberOfRounds:70 backwardErrorDelta:1 minImprovementPerRound:0.1 withHierarchy:False bruteForceCandidates:False ignoreBadFeatures:False stopOnLongRound:True candidateSizePenalty:True learnTimeLimit:00:00:00 scoreMeasure:RELERROR outputRoundsToStdout:False blacklisted: 
command: mlsettings bagging:False stopOnLongRound:False parallelization:True lossFunction:RELATIVE useBackward:False abortError:10 limitFeatureSize:False featureSizeTreshold:7 quadraticFunctionSupport:True crossValidation:False learn_logFunction:True numberOfRounds:70 backwardErrorDelta:1 minImprovementPerRound:0.25 withHierarchy:False
Current machine learning settings: epsilon:0 lossFunction:RELATIVE parallelization:True bagging:False baggingNumbers:3 considerEpsilonTube:False baggingTestDataFraction:50 useBackward:False abortError:10 limitFeatureSize:False featureSizeTreshold:7 quadraticFunctionSupport:True crossValidation:False crossValidation-k:5 learn-logFunction:True learn-accumulatedLogFunction:False learn-asymFunction:False learn-ratioFunction:False learn-mirrowedFunction:False numberOfRounds:70 backwardErrorDelta:1 minImprovementPerRound:0.25 withHierarchy:False bruteForceCandidates:False ignoreBadFeatures:False stopOnLongRound:False candidateSizePenalty:True learnTimeLimit:00:00:00 scoreMeasure:RELERROR outputRoundsToStdout:False blacklisted: 
command: solver z3
command: vm /scratch/kaltenec/Distribution-Aware-Sampling/DistOut/ConstraintData/7z_disc/FeatureModel.xml
command: all /scratch/kaltenec/Distribution-Aware-Sampling/DistOut/ConstraintData/7z_disc/measurements.xml
Configs with too large deviation: 0
68640 configurations loaded.
command: nfp Performance
command: hybrid distribution-aware distance-metric:manhattan distribution:uniform onlyBinary:true selection:SolverSelection optimization:None numConfigs:39 seed:78
command: learn-splconqueror
Learning: NumberOfConfigurationsLearning:39 NumberOfConfigurationsValidation:39
Learning progress:
1;11325.2173913044 * CompressionMethod + 11551.6576086957 * Deflate;125.072213977004;125.072213977004;125.072213977004;125.072213977004;0.037471;2;11551.6576086957 * Deflate;1;1.79769313486232E+308;
2;7957.13405238829 * CompressionMethod + 7657.31124807396 * Deflate + 19366.4791987673 * x_10;90.5759573539751;90.5759573539751;90.5759573539751;90.5759573539751;0.060382;3;19366.4791987673 * x_10;1;34.4962566230284;
3;5328.53601730161 * CompressionMethod + 8922.63017800699 * Deflate + 21235.8858758942 * x_10 + 10596.0256196972 * x_8;68.6700019359398;68.6700019359398;68.6700019359398;68.6700019359398;0.100011;4;10596.0256196972 * x_8;1;21.9059554180353;
4;2560.79398391047 * CompressionMethod + 11657.8978663868 * Deflate + 21247.0199370409 * x_10 + 11048.8107729975 * x_8 + 5577.23679608256 * LZMA;59.7463981970615;59.7463981970615;59.7463981970615;59.7463981970615;0.158117;5;5577.23679608256 * LZMA;1;8.92360373887832;
5;2943.89969293755 * CompressionMethod + 11621.6581371546 * Deflate + 20493.7512794268 * x_10 + 10018.5670419652 * x_8 + 7536.77072671446 * LZMA + -7400.670419652 * x_0;47.2222916739882;47.2222916739882;47.2222916739882;47.2222916739882;0.242473;6;-7400.670419652 * x_0;1;12.5241065230732;
6;5109.04766971697 * CompressionMethod + 6417.53564588209 * Deflate + 9891.32262183443 * x_10 + 8426.26090657586 * x_8 + 8420.30644818046 * LZMA + -10449.3541178974 * x_0 + 22766.0940625665 * BlockSize_8;37.980571720379;37.980571720379;37.980571720379;37.980571720379;0.406781;7;22766.0940625665 * BlockSize_8;1;9.24171995360927;
7;1167.31809078772 * CompressionMethod + 10152.1612149533 * Deflate + 11737.2496662216 * x_10 + 8858.47797062752 * x_8 + 11792.5 * LZMA + -9879.81809078771 * x_0 + 21127.2710280374 * BlockSize_8 + 10578.0624165554 * LZMA2;31.2649916388636;31.2649916388636;31.2649916388636;31.2649916388636;0.722214;8;10578.0624165554 * LZMA2;1;6.7155800815154;
8;1378.81805807623 * CompressionMethod + 10017.5703266788 * Deflate + 11552.667876588 * x_10 + 8197.05989110708 * x_8 + 11792.5 * LZMA + -10091.3180580762 * x_0 + 21234.943738657 * BlockSize_8 + 13412.1619782214 * LZMA2 + -11520.9800362977 * Files_60;22.8202415245732;22.8202415245732;22.8202415245732;22.8202415245732;1.056027;9;-11520.9800362977 * Files_60;1;8.4447501142904;
9;3517.79199475068 * CompressionMethod + 5891.42060367455 * Deflate + 4155.95800524936 * x_10 + 7037.87401574802 * x_8 + 11792.5 * LZMA + -12230.2919947507 * x_0 + 204.000000000013 * BlockSize_8 + 11659.5833333333 * LZMA2 + -11907.375328084 * Files_60 + 30414.8293963255 * x_10 * Deflate;13.0412376202056;13.0412376202056;13.0412376202056;13.0412376202056;1.679088;11;30414.8293963255 * x_10 * Deflate;2;4.88950195218378;
10;14971.5633895336 * CompressionMethod + -5363.40705058023 * Deflate + 4545.55616378368 * x_10 + 5048.43661046639 * x_8 + 738.688416903891 * LZMA + -12630.2518064375 * x_0 + 203.999999999989 * BlockSize_8 + 868.957740310939 * LZMA2 + -12570.5211298445 * Files_60 + 29826.287497263 * x_10 * Deflate + -12632.9275235384 * PPMd;6.6011651340584;6.6011651340584;6.6011651340584;6.6011651340584;2.353844;12;-12632.9275235384 * PPMd;1;6.44007248614721;
Elapsed=00:00:02.3577468
average model: 
command: analyze-learning
Round, Model, LearningError, LearningErrorRel, ValidationError, ValidationErrorRel, ElapsedSeconds, ModelComplexity, BestCandidate, BestCandidateSize, BestCandidateScore, TestError
Models:
Termination reason: abortError
1;11325.2173913044 * CompressionMethod + 11551.6576086957 * Deflate;125.072213977004;125.072213977004;125.072213977004;125.072213977004;0.037471;2;11551.6576086957 * Deflate;1;1.79769313486232E+308;242.164683789065
2;7957.13405238829 * CompressionMethod + 7657.31124807396 * Deflate + 19366.4791987673 * x_10;90.5759573539751;90.5759573539751;90.5759573539751;90.5759573539751;0.060382;3;19366.4791987673 * x_10;1;34.4962566230284;162.621520948274
3;5328.53601730161 * CompressionMethod + 8922.63017800699 * Deflate + 21235.8858758942 * x_10 + 10596.0256196972 * x_8;68.6700019359398;68.6700019359398;68.6700019359398;68.6700019359398;0.100011;4;10596.0256196972 * x_8;1;21.9059554180353;124.581279251928
4;2560.79398391047 * CompressionMethod + 11657.8978663868 * Deflate + 21247.0199370409 * x_10 + 11048.8107729975 * x_8 + 5577.23679608256 * LZMA;59.7463981970615;59.7463981970615;59.7463981970615;59.7463981970615;0.158117;5;5577.23679608256 * LZMA;1;8.92360373887832;119.039690930552
5;2943.89969293755 * CompressionMethod + 11621.6581371546 * Deflate + 20493.7512794268 * x_10 + 10018.5670419652 * x_8 + 7536.77072671446 * LZMA + -7400.670419652 * x_0;47.2222916739882;47.2222916739882;47.2222916739882;47.2222916739882;0.242473;6;-7400.670419652 * x_0;1;12.5241065230732;126.998720956307
6;5109.04766971697 * CompressionMethod + 6417.53564588209 * Deflate + 9891.32262183443 * x_10 + 8426.26090657586 * x_8 + 8420.30644818046 * LZMA + -10449.3541178974 * x_0 + 22766.0940625665 * BlockSize_8;37.980571720379;37.980571720379;37.980571720379;37.980571720379;0.406781;7;22766.0940625665 * BlockSize_8;1;9.24171995360927;151.497217285981
7;1167.31809078772 * CompressionMethod + 10152.1612149533 * Deflate + 11737.2496662216 * x_10 + 8858.47797062752 * x_8 + 11792.5 * LZMA + -9879.81809078771 * x_0 + 21127.2710280374 * BlockSize_8 + 10578.0624165554 * LZMA2;31.2649916388636;31.2649916388636;31.2649916388636;31.2649916388636;0.722214;8;10578.0624165554 * LZMA2;1;6.7155800815154;153.370644720707
8;1378.81805807623 * CompressionMethod + 10017.5703266788 * Deflate + 11552.667876588 * x_10 + 8197.05989110708 * x_8 + 11792.5 * LZMA + -10091.3180580762 * x_0 + 21234.943738657 * BlockSize_8 + 13412.1619782214 * LZMA2 + -11520.9800362977 * Files_60;22.8202415245732;22.8202415245732;22.8202415245732;22.8202415245732;1.056027;9;-11520.9800362977 * Files_60;1;8.4447501142904;164.520595300403
9;3517.79199475068 * CompressionMethod + 5891.42060367455 * Deflate + 4155.95800524936 * x_10 + 7037.87401574802 * x_8 + 11792.5 * LZMA + -12230.2919947507 * x_0 + 204.000000000013 * BlockSize_8 + 11659.5833333333 * LZMA2 + -11907.375328084 * Files_60 + 30414.8293963255 * x_10 * Deflate;13.0412376202056;13.0412376202056;13.0412376202056;13.0412376202056;1.679088;11;30414.8293963255 * x_10 * Deflate;2;4.88950195218378;136.094897921409
10;14971.5633895336 * CompressionMethod + -5363.40705058023 * Deflate + 4545.55616378368 * x_10 + 5048.43661046639 * x_8 + 738.688416903891 * LZMA + -12630.2518064375 * x_0 + 203.999999999989 * BlockSize_8 + 868.957740310939 * LZMA2 + -12570.5211298445 * Files_60 + 29826.287497263 * x_10 * Deflate + -12632.9275235384 * PPMd;6.6011651340584;6.6011651340584;6.6011651340584;6.6011651340584;2.353844;12;-12632.9275235384 * PPMd;1;6.44007248614721;134.922628681613
Analyze finished
command: printconfigs /scratch/kaltenec/Distribution-Aware-Sampling/Results_newTry/7z_disc/7z_disc_78/sampledConfigurations_solv_0.csv
command: clean-sampling
command: clean-global
command: script /scratch/kaltenec/Distribution-Aware-Sampling/Results_newTry/7z_disc/7z_disc_78/learn_solv_1.a
command: log /scratch/kaltenec/Distribution-Aware-Sampling/Results_newTry/7z_disc/7z_disc_78/out_solv_1.log
