Current machine learning settings: epsilon:0 lossFunction:RELATIVE parallelization:True bagging:False baggingNumbers:3 considerEpsilonTube:False baggingTestDataFraction:50 useBackward:False abortError:1 limitFeatureSize:False featureSizeTreshold:4 quadraticFunctionSupport:True crossValidation:False crossValidation-k:5 learn-logFunction:False learn-accumulatedLogFunction:False learn-asymFunction:False learn-ratioFunction:False learn-mirrowedFunction:False numberOfRounds:70 backwardErrorDelta:1 minImprovementPerRound:0.1 withHierarchy:False bruteForceCandidates:False ignoreBadFeatures:False stopOnLongRound:True candidateSizePenalty:True learnTimeLimit:00:00:00 scoreMeasure:RELERROR outputRoundsToStdout:False blacklisted: 
command: mlsettings bagging:False stopOnLongRound:False parallelization:True lossFunction:RELATIVE useBackward:False abortError:10 limitFeatureSize:False featureSizeTreshold:7 quadraticFunctionSupport:True crossValidation:False learn_logFunction:True numberOfRounds:70 backwardErrorDelta:1 minImprovementPerRound:0.25 withHierarchy:False
Current machine learning settings: epsilon:0 lossFunction:RELATIVE parallelization:True bagging:False baggingNumbers:3 considerEpsilonTube:False baggingTestDataFraction:50 useBackward:False abortError:10 limitFeatureSize:False featureSizeTreshold:7 quadraticFunctionSupport:True crossValidation:False crossValidation-k:5 learn-logFunction:True learn-accumulatedLogFunction:False learn-asymFunction:False learn-ratioFunction:False learn-mirrowedFunction:False numberOfRounds:70 backwardErrorDelta:1 minImprovementPerRound:0.25 withHierarchy:False bruteForceCandidates:False ignoreBadFeatures:False stopOnLongRound:False candidateSizePenalty:True learnTimeLimit:00:00:00 scoreMeasure:RELERROR outputRoundsToStdout:False blacklisted: 
command: solver z3
command: vm /scratch/kaltenec/Distribution-Aware-Sampling/DistOut/ConstraintData/JavaGC_disc/FeatureModel.xml
command: all /scratch/kaltenec/Distribution-Aware-Sampling/DistOut/ConstraintData/JavaGC_disc/measurements.xml
Configs with too large deviation: 0
193536 configurations loaded.
command: nfp Performance
command: binary satoutput numConfigs:32 seed:81
command: learn-splconqueror
Learning: NumberOfConfigurationsLearning:32 NumberOfConfigurationsValidation:32
Learning progress:
1;61.4740344444444 * MaxTenuringThreshold + -27.4833844444446 * NewRatio_1;53.9660474139131;53.9660474139131;53.9660474139131;53.9660474139131;0.039906;2;-27.4833844444446 * NewRatio_1;1;1.79769313486232E+308;
2;38.040662745098 * MaxTenuringThreshold + -4.05001274509808 * NewRatio_1 + 54.0770116138763 * UseAdaptiveSizePolicy;17.402682131053;17.402682131053;17.402682131053;17.402682131053;0.048237;3;54.0770116138763 * UseAdaptiveSizePolicy;1;36.5633652828601;
3;41.5524859591836 * MaxTenuringThreshold + -7.56183595918373 * NewRatio_1 + 53.6267778684808 * UseAdaptiveSizePolicy + -9.95016577324264 * UseAdaptiveGCBoundary;10.9969014400441;10.9969014400441;10.9969014400441;10.9969014400441;0.061325;4;-9.95016577324264 * UseAdaptiveGCBoundary;1;6.40578069100891;
4;45.2187684848484 * MaxTenuringThreshold + -11.2281184848485 * NewRatio_1 + 45.4794833670034 * UseAdaptiveSizePolicy + -20.3379662626262 * UseAdaptiveGCBoundary + 24.9510894107744 * UseAdaptiveSizePolicy * UseAdaptiveGCBoundary;4.13443269380204;4.13443269380204;4.13443269380204;4.13443269380204;0.077771;6;24.9510894107744 * UseAdaptiveSizePolicy * UseAdaptiveGCBoundary;2;3.43123437312101;
Elapsed=00:00:00.0796359
average model: 
command: analyze-learning
Round, Model, LearningError, LearningErrorRel, ValidationError, ValidationErrorRel, ElapsedSeconds, ModelComplexity, BestCandidate, BestCandidateSize, BestCandidateScore, TestError
Models:
Termination reason: abortError
1;61.4740344444444 * MaxTenuringThreshold + -27.4833844444446 * NewRatio_1;53.9660474139131;53.9660474139131;53.9660474139131;53.9660474139131;0.039906;2;-27.4833844444446 * NewRatio_1;1;1.79769313486232E+308;61.0543602758825
2;38.040662745098 * MaxTenuringThreshold + -4.05001274509808 * NewRatio_1 + 54.0770116138763 * UseAdaptiveSizePolicy;17.402682131053;17.402682131053;17.402682131053;17.402682131053;0.048237;3;54.0770116138763 * UseAdaptiveSizePolicy;1;36.5633652828601;62.8265595205626
3;41.5524859591836 * MaxTenuringThreshold + -7.56183595918373 * NewRatio_1 + 53.6267778684808 * UseAdaptiveSizePolicy + -9.95016577324264 * UseAdaptiveGCBoundary;10.9969014400441;10.9969014400441;10.9969014400441;10.9969014400441;0.061325;4;-9.95016577324264 * UseAdaptiveGCBoundary;1;6.40578069100891;57.6801291660468
4;45.2187684848484 * MaxTenuringThreshold + -11.2281184848485 * NewRatio_1 + 45.4794833670034 * UseAdaptiveSizePolicy + -20.3379662626262 * UseAdaptiveGCBoundary + 24.9510894107744 * UseAdaptiveSizePolicy * UseAdaptiveGCBoundary;4.13443269380204;4.13443269380204;4.13443269380204;4.13443269380204;0.077771;6;24.9510894107744 * UseAdaptiveSizePolicy * UseAdaptiveGCBoundary;2;3.43123437312101;60.09676029661
Analyze finished
command: clean-sampling
command: clean-global
command: script /scratch/kaltenec/Distribution-Aware-Sampling/Results_newTry/JavaGC_disc/JavaGC_disc_81/learn_semi_1.a
command: log /scratch/kaltenec/Distribution-Aware-Sampling/Results_newTry/JavaGC_disc/JavaGC_disc_81/out_semi_1.log
