Current machine learning settings: epsilon:0 lossFunction:RELATIVE parallelization:True bagging:False baggingNumbers:3 considerEpsilonTube:False baggingTestDataFraction:50 useBackward:False abortError:1 limitFeatureSize:False featureSizeTreshold:4 quadraticFunctionSupport:True crossValidation:False crossValidation-k:5 learn-logFunction:False learn-accumulatedLogFunction:False learn-asymFunction:False learn-ratioFunction:False learn-mirrowedFunction:False numberOfRounds:70 backwardErrorDelta:1 minImprovementPerRound:0.1 withHierarchy:False bruteForceCandidates:False ignoreBadFeatures:False stopOnLongRound:True candidateSizePenalty:True learnTimeLimit:00:00:00 scoreMeasure:RELERROR outputRoundsToStdout:False blacklisted: 
command: mlsettings bagging:False stopOnLongRound:False parallelization:True lossFunction:RELATIVE useBackward:False abortError:10 limitFeatureSize:False featureSizeTreshold:7 quadraticFunctionSupport:True crossValidation:False learn_logFunction:True numberOfRounds:70 backwardErrorDelta:1 minImprovementPerRound:0.25 withHierarchy:False
Current machine learning settings: epsilon:0 lossFunction:RELATIVE parallelization:True bagging:False baggingNumbers:3 considerEpsilonTube:False baggingTestDataFraction:50 useBackward:False abortError:10 limitFeatureSize:False featureSizeTreshold:7 quadraticFunctionSupport:True crossValidation:False crossValidation-k:5 learn-logFunction:True learn-accumulatedLogFunction:False learn-asymFunction:False learn-ratioFunction:False learn-mirrowedFunction:False numberOfRounds:70 backwardErrorDelta:1 minImprovementPerRound:0.25 withHierarchy:False bruteForceCandidates:False ignoreBadFeatures:False stopOnLongRound:False candidateSizePenalty:True learnTimeLimit:00:00:00 scoreMeasure:RELERROR outputRoundsToStdout:False blacklisted: 
command: solver z3
command: vm /scratch/kaltenec/Distribution-Aware-Sampling/DistOut/ConstraintData/7z_disc/FeatureModel.xml
command: all /scratch/kaltenec/Distribution-Aware-Sampling/DistOut/ConstraintData/7z_disc/measurements.xml
Configs with too large deviation: 0
68640 configurations loaded.
command: nfp Performance
command: binary satoutput numConfigs:4091 seed:60
command: learn-splconqueror
Learning: NumberOfConfigurationsLearning:4091 NumberOfConfigurationsValidation:4091
Learning progress:
1;9550.6442282409 * CompressionMethod + 1487.61966064755 * Deflate;141.859113274301;141.859113274301;141.859113274301;141.859113274301;0.882709;2;1487.61966064755 * Deflate;1;1.79769313486232E+308;
2;7251.07335247901 * CompressionMethod + 2347.26379023718 * Deflate + 12197.0265558191 * x_10;101.549500334158;101.549500334158;101.549500334158;101.549500334158;2.466929;3;12197.0265558191 * x_10;1;40.3096129401436;
3;4286.45952840534 * CompressionMethod + 2943.87687361242 * Deflate + 15134.6299340411 * x_10 + 12127.2020512795 * x_8;50.5715003289774;50.5715003289774;50.5715003289774;50.5715003289774;5.362329;4;12127.2020512795 * x_8;1;50.9780000051801;
4;3167.80717504627 * CompressionMethod + 2294.85235632089 * Deflate + 16282.6655544945 * x_10 + 13284.6021370143 * x_8 + 8635.46924035077 * x_6;35.9780643943635;35.9780643943635;35.9780643943635;35.9780643943635;9.982951;5;8635.46924035077 * x_6;1;14.5934359346139;
5;3193.8611080103 * CompressionMethod + 1933.39526102187 * Deflate + 16272.9758575362 * x_10 + 15279.5027055692 * x_8 + 8659.85118114947 * x_6 + -11819.834401815 * x_8 * PPMd;29.9078143031517;29.9078143031517;29.9078143031517;29.9078143031517;18.924713;7;-11819.834401815 * x_8 * PPMd;2;3.03512504560592;
6;3444.24643058539 * CompressionMethod + -1540.30491039954 * Deflate + 14896.3532904747 * x_10 + 15278.7245809403 * x_8 + 8894.16820807508 * x_6 + -12069.4415997609 * x_8 * PPMd + 28350.2934246339 * x_10 * Deflate;24.2589993769807;24.2589993769807;24.2589993769807;24.2589993769807;30.988973;9;28350.2934246339 * x_10 * Deflate;2;2.82440746308549;
7;2886.21253290015 * CompressionMethod + -814.396510216753 * Deflate + 15219.9153773107 * x_10 + 15155.4196700094 * x_8 + 8129.13720995897 * x_6 + -11388.102791145 * x_8 * PPMd + 27858.8568353 * x_10 * Deflate + 5253.63401183579 * BZip2;22.6199897104797;22.6199897104797;22.6199897104797;22.6199897104797;45.747319;10;5253.63401183579 * BZip2;1;1.63900966650098;
8;2910.28120875979 * CompressionMethod + -845.705816085498 * Deflate + 17674.70106186 * x_10 + 15160.7379597143 * x_8 + 8162.13392071877 * x_6 + -11417.4897567095 * x_8 * PPMd + 25411.3117807604 * x_10 * Deflate + 5027.03843289227 * BZip2 + -12643.4822706196 * x_10 * PPMd;18.9675316357178;18.9675316357178;18.9675316357178;18.9675316357178;64.464073;12;-12643.4822706196 * x_10 * PPMd;2;1.82622903738095;
9;3199.66894595762 * CompressionMethod + -1078.27435293463 * Deflate + 17396.8287451399 * x_10 + 14912.9284916908 * x_8 + 8109.27512023106 * x_6 + -9835.07801316781 * x_8 * PPMd + 25632.3648971304 * x_10 * Deflate + 4819.40100739665 * BZip2 + -11031.0076783817 * x_10 * PPMd + -1623.9900127157 * PPMd;17.1243679147029;17.1243679147029;17.1243679147029;17.1243679147029;86.92859;13;-1623.9900127157 * PPMd;1;1.84316372101489;
10;3093.01863769465 * CompressionMethod + -1164.91728216124 * Deflate + 17509.3204603476 * x_10 + 15038.4187552237 * x_8 + 9006.62823841273 * x_6 + -10644.8013669193 * x_8 * PPMd + 25713.1664194135 * x_10 * Deflate + 4714.07313842929 * BZip2 + -11827.7324838077 * x_10 * PPMd + -833.106614234121 * PPMd + -8651.99480732749 * x_6 * PPMd;13.6839632290398;13.6839632290398;13.6839632290398;13.6839632290398;114.815302;15;-8651.99480732749 * x_6 * PPMd;2;1.72020234283157;
11;3308.19290210867 * CompressionMethod + -1430.43082877056 * Deflate + 35401.8253161477 * x_10 + 15044.5745915936 * x_8 + 9266.85110365722 * x_6 + -10650.9572032897 * x_8 * PPMd + 7871.00084580844 * x_10 * Deflate + 3025.27492484726 * BZip2 + -29720.237339608 * x_10 * PPMd + -1048.28087864791 * PPMd + -8912.2176725728 * x_6 * PPMd + -20340.6835802913 * x_10 * LZMA;12.4874944914566;12.4874944914566;12.4874944914566;12.4874944914566;147.135562;17;-20340.6835802913 * x_10 * LZMA;2;0.598234368791596;
12;3262.93597595599 * CompressionMethod + -1352.80127392766 * Deflate + 35282.7735233153 * x_10 + 15043.668108667 * x_8 + 10671.7452692419 * x_6 + -10650.0507203627 * x_8 * PPMd + 7957.6800099521 * x_10 * Deflate + 3364.16165775449 * BZip2 + -29601.1855467756 * x_10 * PPMd + -1003.02395249538 * PPMd + -10317.111838158 * x_6 * PPMd + -20176.3748613064 * x_10 * LZMA + -4725.87852841982 * x_6 * Files_20;11.9927216140432;11.9927216140432;11.9927216140432;11.9927216140432;185.754608;19;-4725.87852841982 * x_6 * Files_20;2;0.247386438706696;
Elapsed=00:03:05.8166973
average model: 
command: analyze-learning
Round, Model, LearningError, LearningErrorRel, ValidationError, ValidationErrorRel, ElapsedSeconds, ModelComplexity, BestCandidate, BestCandidateSize, BestCandidateScore, TestError
Models:
Termination reason: minImprovementPerRound
1;9550.6442282409 * CompressionMethod + 1487.61966064755 * Deflate;141.859113274301;141.859113274301;141.859113274301;141.859113274301;0.882709;2;1487.61966064755 * Deflate;1;1.79769313486232E+308;153.724768717145
2;7251.07335247901 * CompressionMethod + 2347.26379023718 * Deflate + 12197.0265558191 * x_10;101.549500334158;101.549500334158;101.549500334158;101.549500334158;2.466929;3;12197.0265558191 * x_10;1;40.3096129401436;115.973274439746
3;4286.45952840534 * CompressionMethod + 2943.87687361242 * Deflate + 15134.6299340411 * x_10 + 12127.2020512795 * x_8;50.5715003289774;50.5715003289774;50.5715003289774;50.5715003289774;5.362329;4;12127.2020512795 * x_8;1;50.9780000051801;71.0819397345461
4;3167.80717504627 * CompressionMethod + 2294.85235632089 * Deflate + 16282.6655544945 * x_10 + 13284.6021370143 * x_8 + 8635.46924035077 * x_6;35.9780643943635;35.9780643943635;35.9780643943635;35.9780643943635;9.982951;5;8635.46924035077 * x_6;1;14.5934359346139;63.9415786479848
5;3193.8611080103 * CompressionMethod + 1933.39526102187 * Deflate + 16272.9758575362 * x_10 + 15279.5027055692 * x_8 + 8659.85118114947 * x_6 + -11819.834401815 * x_8 * PPMd;29.9078143031517;29.9078143031517;29.9078143031517;29.9078143031517;18.924713;7;-11819.834401815 * x_8 * PPMd;2;3.03512504560592;56.6516836819717
6;3444.24643058539 * CompressionMethod + -1540.30491039954 * Deflate + 14896.3532904747 * x_10 + 15278.7245809403 * x_8 + 8894.16820807508 * x_6 + -12069.4415997609 * x_8 * PPMd + 28350.2934246339 * x_10 * Deflate;24.2589993769807;24.2589993769807;24.2589993769807;24.2589993769807;30.988973;9;28350.2934246339 * x_10 * Deflate;2;2.82440746308549;39.2893273734814
7;2886.21253290015 * CompressionMethod + -814.396510216753 * Deflate + 15219.9153773107 * x_10 + 15155.4196700094 * x_8 + 8129.13720995897 * x_6 + -11388.102791145 * x_8 * PPMd + 27858.8568353 * x_10 * Deflate + 5253.63401183579 * BZip2;22.6199897104797;22.6199897104797;22.6199897104797;22.6199897104797;45.747319;10;5253.63401183579 * BZip2;1;1.63900966650098;36.5852290493951
8;2910.28120875979 * CompressionMethod + -845.705816085498 * Deflate + 17674.70106186 * x_10 + 15160.7379597143 * x_8 + 8162.13392071877 * x_6 + -11417.4897567095 * x_8 * PPMd + 25411.3117807604 * x_10 * Deflate + 5027.03843289227 * BZip2 + -12643.4822706196 * x_10 * PPMd;18.9675316357178;18.9675316357178;18.9675316357178;18.9675316357178;64.464073;12;-12643.4822706196 * x_10 * PPMd;2;1.82622903738095;32.3669778053296
9;3199.66894595762 * CompressionMethod + -1078.27435293463 * Deflate + 17396.8287451399 * x_10 + 14912.9284916908 * x_8 + 8109.27512023106 * x_6 + -9835.07801316781 * x_8 * PPMd + 25632.3648971304 * x_10 * Deflate + 4819.40100739665 * BZip2 + -11031.0076783817 * x_10 * PPMd + -1623.9900127157 * PPMd;17.1243679147029;17.1243679147029;17.1243679147029;17.1243679147029;86.92859;13;-1623.9900127157 * PPMd;1;1.84316372101489;29.6156672153289
10;3093.01863769465 * CompressionMethod + -1164.91728216124 * Deflate + 17509.3204603476 * x_10 + 15038.4187552237 * x_8 + 9006.62823841273 * x_6 + -10644.8013669193 * x_8 * PPMd + 25713.1664194135 * x_10 * Deflate + 4714.07313842929 * BZip2 + -11827.7324838077 * x_10 * PPMd + -833.106614234121 * PPMd + -8651.99480732749 * x_6 * PPMd;13.6839632290398;13.6839632290398;13.6839632290398;13.6839632290398;114.815302;15;-8651.99480732749 * x_6 * PPMd;2;1.72020234283157;19.477920424437
11;3308.19290210867 * CompressionMethod + -1430.43082877056 * Deflate + 35401.8253161477 * x_10 + 15044.5745915936 * x_8 + 9266.85110365722 * x_6 + -10650.9572032897 * x_8 * PPMd + 7871.00084580844 * x_10 * Deflate + 3025.27492484726 * BZip2 + -29720.237339608 * x_10 * PPMd + -1048.28087864791 * PPMd + -8912.2176725728 * x_6 * PPMd + -20340.6835802913 * x_10 * LZMA;12.4874944914566;12.4874944914566;12.4874944914566;12.4874944914566;147.135562;17;-20340.6835802913 * x_10 * LZMA;2;0.598234368791596;19.1331785606341
12;3262.93597595599 * CompressionMethod + -1352.80127392766 * Deflate + 35282.7735233153 * x_10 + 15043.668108667 * x_8 + 10671.7452692419 * x_6 + -10650.0507203627 * x_8 * PPMd + 7957.6800099521 * x_10 * Deflate + 3364.16165775449 * BZip2 + -29601.1855467756 * x_10 * PPMd + -1003.02395249538 * PPMd + -10317.111838158 * x_6 * PPMd + -20176.3748613064 * x_10 * LZMA + -4725.87852841982 * x_6 * Files_20;11.9927216140432;11.9927216140432;11.9927216140432;11.9927216140432;185.754608;19;-4725.87852841982 * x_6 * Files_20;2;0.247386438706696;20.4368118706516
Analyze finished
command: printconfigs /scratch/kaltenec/Distribution-Aware-Sampling/Results_newTry/7z_disc/7z_disc_60/sampledConfigurations_semi_2.csv
command: clean-sampling
command: clean-global
