Current machine learning settings: epsilon:0 lossFunction:RELATIVE parallelization:True bagging:False baggingNumbers:3 baggingTestDataFraction:50 useBackward:False abortError:1 limitFeatureSize:False featureSizeTreshold:4 quadraticFunctionSupport:True crossValidation:False crossValidation-k:5 learn-logFunction:False learn-accumulatedLogFunction:False learn-asymFunction:False learn-ratioFunction:False learn-mirrowedFunction:False numberOfRounds:70 backwardErrorDelta:1 minImprovementPerRound:0.1 withHierarchy:False bruteForceCandidates:False ignoreBadFeatures:False stopOnLongRound:True candidateSizePenalty:True learnTimeLimit:00:00:00 scoreMeasure:RELERROR outputRoundsToStdout:False blacklisted: 
command: mlsettings bagging:False stopOnLongRound:False parallelization:True lossFunction:RELATIVE useBackward:False abortError:10 limitFeatureSize:False featureSizeTreshold:7 quadraticFunctionSupport:True crossValidation:False learn_logFunction:True numberOfRounds:70 backwardErrorDelta:1 minImprovementPerRound:0.25 withHierarchy:False
Current machine learning settings: epsilon:0 lossFunction:RELATIVE parallelization:True bagging:False baggingNumbers:3 baggingTestDataFraction:50 useBackward:False abortError:10 limitFeatureSize:False featureSizeTreshold:7 quadraticFunctionSupport:True crossValidation:False crossValidation-k:5 learn-logFunction:True learn-accumulatedLogFunction:False learn-asymFunction:False learn-ratioFunction:False learn-mirrowedFunction:False numberOfRounds:70 backwardErrorDelta:1 minImprovementPerRound:0.25 withHierarchy:False bruteForceCandidates:False ignoreBadFeatures:False stopOnLongRound:False candidateSizePenalty:True learnTimeLimit:00:00:00 scoreMeasure:RELERROR outputRoundsToStdout:False blacklisted: 
command: solver z3
command: vm /scratch/kaltenec/Distribution-Aware-Sampling/DistOut/ConstraintData/7z_disc/FeatureModel.xml
command: all /scratch/kaltenec/Distribution-Aware-Sampling/DistOut/ConstraintData/7z_disc/measurements.xml
Configs with too large deviation: 0
68640 configurations loaded.
command: nfp Performance
command: binary satoutput numConfigs:600 seed:67
command: learn-splconqueror
Learning: NumberOfConfigurationsLearning:600 NumberOfConfigurationsValidation:600
Learning progress:
1;3314.84210526319 * CompressionMethod + 291.573736320997 * BlockSize_1;39.6064398026981;39.6064398026981;39.6064398026981;39.6064398026981;0.106766;2;291.573736320997 * BlockSize_1;1;1.79769313486232E+308;
2;2741.85879869508 * CompressionMethod + 249.526038809324 * BlockSize_1 + 3201.96553670403 * BZip2;22.6253467017665;22.6253467017665;22.6253467017665;22.6253467017665;0.453033;3;3201.96553670403 * BZip2;1;16.9810931009316;
3;2919.80832272674 * CompressionMethod + 265.763497058629 * BlockSize_1 + 3010.19992977603 * BZip2 + -802.658203837086 * Deflate;17.2481393243334;17.2481393243334;17.2481393243334;17.2481393243334;1.009503;4;-802.658203837086 * Deflate;1;5.37720737743307;
4;3252.82972294809 * CompressionMethod + 314.39461583721 * BlockSize_1 + 2635.79941971677 * BZip2 + -1177.18374853327 * Deflate + -1181.5806306366 * PPMd;13.0651565897064;13.0651565897064;13.0651565897064;13.0651565897064;2.055332;5;-1181.5806306366 * PPMd;1;4.18298273462701;
5;3235.06636112774 * CompressionMethod + 195.88655649597 * BlockSize_1 + 2754.39858641518 * BZip2 + -1309.51960230554 * Deflate + -1061.51543981228 * PPMd + 29143.8068835292 * x_10;10.8479018444919;10.8479018444919;10.8479018444919;10.8479018444919;3.591857;6;29143.8068835292 * x_10;1;2.21725474521448;
6;3107.52537713093 * CompressionMethod + 182.41717654658 * BlockSize_1 + 2893.40035861454 * BZip2 + -1171.10217897504 * Deflate + -922.3470423549 * PPMd + 29215.6085358101 * x_10 + 304.327811551156 * LZMA2;10.3789011082709;10.3789011082709;10.3789011082709;10.3789011082709;5.573948;7;304.327811551156 * LZMA2;1;0.469000736220995;
7;3110.00283596952 * CompressionMethod + 179.304107446968 * BlockSize_1 + 2893.57173927298 * BZip2 + -1170.92752092028 * Deflate + -1102.19650133413 * PPMd + 29216.1568170437 * x_10 + 304.503228988726 * LZMA2 + 376.195428491392 * PPMd * filterOff;9.55243774817262;9.55243774817262;9.55243774817262;9.55243774817262;8.135148;9;376.195428491392 * PPMd * filterOff;2;0.413231680049157;
Elapsed=00:00:08.1420688
average model: 
command: analyze-learning
Round, Model, LearningError, LearningErrorRel, ValidationError, ValidationErrorRel, ElapsedSeconds, ModelComplexity, BestCandidate, BestCandidateSize, BestCandidateScore, TestError
Models:
Termination reason: abortError
1;3314.84210526319 * CompressionMethod + 291.573736320997 * BlockSize_1;39.6064398026981;39.6064398026981;39.6064398026981;39.6064398026981;0.106766;2;291.573736320997 * BlockSize_1;1;1.79769313486232E+308;54.9817260633273
2;2741.85879869508 * CompressionMethod + 249.526038809324 * BlockSize_1 + 3201.96553670403 * BZip2;22.6253467017665;22.6253467017665;22.6253467017665;22.6253467017665;0.453033;3;3201.96553670403 * BZip2;1;16.9810931009316;46.952259431588
3;2919.80832272674 * CompressionMethod + 265.763497058629 * BlockSize_1 + 3010.19992977603 * BZip2 + -802.658203837086 * Deflate;17.2481393243334;17.2481393243334;17.2481393243334;17.2481393243334;1.009503;4;-802.658203837086 * Deflate;1;5.37720737743307;44.0130717694259
4;3252.82972294809 * CompressionMethod + 314.39461583721 * BlockSize_1 + 2635.79941971677 * BZip2 + -1177.18374853327 * Deflate + -1181.5806306366 * PPMd;13.0651565897064;13.0651565897064;13.0651565897064;13.0651565897064;2.055332;5;-1181.5806306366 * PPMd;1;4.18298273462701;41.8597868042138
5;3235.06636112774 * CompressionMethod + 195.88655649597 * BlockSize_1 + 2754.39858641518 * BZip2 + -1309.51960230554 * Deflate + -1061.51543981228 * PPMd + 29143.8068835292 * x_10;10.8479018444919;10.8479018444919;10.8479018444919;10.8479018444919;3.591857;6;29143.8068835292 * x_10;1;2.21725474521448;45.2893574632484
6;3107.52537713093 * CompressionMethod + 182.41717654658 * BlockSize_1 + 2893.40035861454 * BZip2 + -1171.10217897504 * Deflate + -922.3470423549 * PPMd + 29215.6085358101 * x_10 + 304.327811551156 * LZMA2;10.3789011082709;10.3789011082709;10.3789011082709;10.3789011082709;5.573948;7;304.327811551156 * LZMA2;1;0.469000736220995;45.2340120863755
7;3110.00283596952 * CompressionMethod + 179.304107446968 * BlockSize_1 + 2893.57173927298 * BZip2 + -1170.92752092028 * Deflate + -1102.19650133413 * PPMd + 29216.1568170437 * x_10 + 304.503228988726 * LZMA2 + 376.195428491392 * PPMd * filterOff;9.55243774817262;9.55243774817262;9.55243774817262;9.55243774817262;8.135148;9;376.195428491392 * PPMd * filterOff;2;0.413231680049157;45.1786883813036
Analyze finished
command: measurementstocsv /scratch/kaltenec/Distribution-Aware-Sampling/Results_Henard/7z_disc/7z_disc_67/sampledConfigurations_henard_1.csv
command: clean-sampling
command: clean-global
command: script /scratch/kaltenec/Distribution-Aware-Sampling/Results_Henard/7z_disc/7z_disc_67/learn_henard_2.a
command: log /scratch/kaltenec/Distribution-Aware-Sampling/Results_Henard/7z_disc/7z_disc_67/out_henard_2.log
