Current machine learning settings: epsilon:0 lossFunction:RELATIVE parallelization:True bagging:False baggingNumbers:3 considerEpsilonTube:False baggingTestDataFraction:50 useBackward:False abortError:1 limitFeatureSize:False featureSizeTreshold:4 quadraticFunctionSupport:True crossValidation:False crossValidation-k:5 learn-logFunction:False learn-accumulatedLogFunction:False learn-asymFunction:False learn-ratioFunction:False learn-mirrowedFunction:False numberOfRounds:70 backwardErrorDelta:1 minImprovementPerRound:0.1 withHierarchy:False bruteForceCandidates:False ignoreBadFeatures:False stopOnLongRound:True candidateSizePenalty:True learnTimeLimit:00:00:00 scoreMeasure:RELERROR outputRoundsToStdout:False blacklisted: 
command: mlsettings bagging:False stopOnLongRound:False parallelization:True lossFunction:RELATIVE useBackward:False abortError:10 limitFeatureSize:False featureSizeTreshold:7 quadraticFunctionSupport:True crossValidation:False learn_logFunction:True numberOfRounds:70 backwardErrorDelta:1 minImprovementPerRound:0.25 withHierarchy:False
Current machine learning settings: epsilon:0 lossFunction:RELATIVE parallelization:True bagging:False baggingNumbers:3 considerEpsilonTube:False baggingTestDataFraction:50 useBackward:False abortError:10 limitFeatureSize:False featureSizeTreshold:7 quadraticFunctionSupport:True crossValidation:False crossValidation-k:5 learn-logFunction:True learn-accumulatedLogFunction:False learn-asymFunction:False learn-ratioFunction:False learn-mirrowedFunction:False numberOfRounds:70 backwardErrorDelta:1 minImprovementPerRound:0.25 withHierarchy:False bruteForceCandidates:False ignoreBadFeatures:False stopOnLongRound:False candidateSizePenalty:True learnTimeLimit:00:00:00 scoreMeasure:RELERROR outputRoundsToStdout:False blacklisted: 
command: solver z3
command: vm /scratch/kaltenec/Distribution-Aware-Sampling/DistOut/ConstraintData/7z_disc/FeatureModel.xml
command: all /scratch/kaltenec/Distribution-Aware-Sampling/DistOut/ConstraintData/7z_disc/measurements.xml
Configs with too large deviation: 0
68640 configurations loaded.
command: nfp Performance
command: binary satoutput numConfigs:4091 seed:53
command: learn-splconqueror
Learning: NumberOfConfigurationsLearning:4091 NumberOfConfigurationsValidation:4091
Learning progress:
1;11797.8447339849 * CompressionMethod + 1683.31005716929 * Deflate;200.073991206368;200.073991206368;200.073991206368;200.073991206368;0.881386;2;1683.31005716929 * Deflate;1;1.79769313486232E+308;
2;4353.68042999518 * CompressionMethod + 3859.85932541266 * Deflate + 22332.4929119688 * x_10;79.5564512190677;79.5564512190677;79.5564512190677;79.5564512190677;2.515815;3;22332.4929119688 * x_10;1;120.5175399873;
3;3476.84547041106 * CompressionMethod + 2829.50739293434 * Deflate + 23284.0361687719 * x_10 + 7134.13450433769 * x_6;70.5206256621734;70.5206256621734;70.5206256621734;70.5206256621734;5.693858;4;7134.13450433769 * x_6;1;9.03582555689438;
4;3628.52208677225 * CompressionMethod + 1149.07157817839 * Deflate + 29497.9970417226 * x_10 + 7401.47564957828 * x_6 + -25514.7598692357 * x_10 * PPMd;52.4738707806428;52.4738707806428;52.4738707806428;52.4738707806428;11.184148;6;-25514.7598692357 * x_10 * PPMd;2;9.02337744076529;
5;3852.0524634037 * CompressionMethod + -1327.43705966237 * Deflate + 38655.6974679718 * x_10 + 7795.46430991441 * x_6 + -34895.9906721165 * x_10 * PPMd + -23811.1613897084 * x_10 * LZMA;43.4108364959299;43.4108364959299;43.4108364959299;43.4108364959299;19.972541;8;-23811.1613897084 * x_10 * LZMA;2;4.53151714235643;
6;3932.62874876368 * CompressionMethod + -2220.14734676688 * Deflate + 38714.2448637194 * x_10 + 11180.0266923972 * x_6 + -35035.1143532249 * x_10 * PPMd + -23950.2850708163 * x_10 * LZMA + -12360.1801936364 * x_6 * PPMd;35.2283370139379;35.2283370139379;35.2283370139379;35.2283370139379;32.384937;10;-12360.1801936364 * x_6 * PPMd;2;4.091249740996;
7;4490.41881054596 * CompressionMethod + -2553.65340824312 * Deflate + 38208.4297725575 * x_10 + 10734.9710739307 * x_6 + -32999.1289850586 * x_10 * PPMd + -24002.2600414373 * x_10 * LZMA + -10384.9542981664 * x_6 * PPMd + -2087.96033878535 * PPMd;29.9877878298527;29.9877878298527;29.9877878298527;29.9877878298527;47.955301;11;-2087.96033878535 * PPMd;1;5.24054918408518;
8;4292.6701609574 * CompressionMethod + -2435.41829111688 * Deflate + 38387.752170126 * x_10 + 10892.7529233636 * x_6 + -32834.8816774429 * x_10 * PPMd + -23983.8337894167 * x_10 * LZMA + -10199.1664424151 * x_6 * PPMd + -2233.78139438086 * PPMd + 10885.7348695165 * x_8;28.0815565300447;28.0815565300447;28.0815565300447;28.0815565300447;69.560891;12;10885.7348695165 * x_8;1;1.90623129980808;
9;4465.91012792966 * CompressionMethod + -2602.54607729909 * Deflate + 38240.5580919089 * x_10 + 11014.0339017756 * x_6 + -32684.6257429098 * x_10 * PPMd + -23597.6865012485 * x_10 * LZMA + -10317.3855645111 * x_6 * PPMd + -2410.08321766964 * PPMd + 10982.7473696604 * x_8 + -412.193176923971 * LZMA;27.238479342238;27.238479342238;27.238479342238;27.238479342238;93.688293;13;-412.193176923971 * LZMA;1;0.843077187806706;
10;4434.27219970783 * CompressionMethod + -2601.64832058403 * Deflate + 38272.0561099936 * x_10 + 11112.8614024715 * x_6 + -32939.8680342675 * x_10 * PPMd + -23480.6684007006 * x_10 * LZMA + -10639.9573384803 * x_6 * PPMd + -2154.70101617457 * PPMd + 15455.9848941602 * x_8 + -529.071367334283 * LZMA + -11562.3981829564 * x_8 * PPMd;26.1863816028211;26.1863816028211;26.1863816028211;26.1863816028211;124.406236;15;-11562.3981829564 * x_8 * PPMd;2;0.526048869708433;
11;4629.82813910269 * CompressionMethod + -1664.57599029598 * Deflate + 37930.4629243196 * x_10 + 6652.58265313384 * x_6 + -32598.2748485937 * x_10 * PPMd + -22490.3866746806 * x_10 * LZMA + -6179.67858914261 * x_6 * PPMd + -2350.25695556932 * PPMd + 15935.8245385572 * x_8 + -1373.31584707461 * LZMA + -12042.2378273538 * x_8 * PPMd + 7680.96603044811 * x_6 * LZMA;25.4788825835795;25.4788825835795;25.4788825835795;25.4788825835795;160.619243;17;7680.96603044811 * x_6 * LZMA;2;0.353749509620817;
12;5001.55360539915 * CompressionMethod + -3585.03853612659 * Deflate + 36847.4848561394 * x_10 + 7817.22722350205 * x_6 + -31515.2967804131 * x_10 * PPMd + -21410.1587332543 * x_10 * LZMA + -7344.32315951053 * x_6 * PPMd + -2721.98242186608 * PPMd + 15859.2793438944 * x_8 + -1742.2911866171 * LZMA + -11965.6926326922 * x_8 * PPMd + 6513.57133332521 * x_6 * LZMA + 6484.33340792158 * x_10 * Deflate;23.9366432227104;23.9366432227104;23.9366432227104;23.9366432227104;202.727408;19;6484.33340792158 * x_10 * Deflate;2;0.771119680434516;
13;5001.55360539895 * CompressionMethod + -3585.03853612603 * Deflate + 13793.8339915001 * x_10 + 7817.22722350166 * x_6 + -8461.64591577431 * x_10 * PPMd + 1643.49213138411 * x_10 * LZMA + -7344.32315951127 * x_6 * PPMd + -2721.98242186518 * PPMd + 15859.2793438948 * x_8 + -1742.2911866166 * LZMA + -11965.6926326915 * x_8 * PPMd + 6513.5713333252 * x_6 * LZMA + 29537.9842725606 * x_10 * Deflate + 45755.3375939406 * x_10 * BZip2;14.4185826162825;14.4185826162825;14.4185826162825;14.4185826162825;251.855324;21;45755.3375939406 * x_10 * BZip2;2;4.75903030321396;
14;3864.11572165416 * CompressionMethod + -2525.11964704113 * Deflate + 14931.271875245 * x_10 + 8068.35646661935 * x_6 + -9599.08379951949 * x_10 * PPMd + 497.435451995972 * x_10 * LZMA + -7595.45240262883 * x_6 * PPMd + -1584.5445381206 * PPMd + 15619.3895318253 * x_8 + -596.234507228095 * LZMA + -11725.8028206208 * x_8 * PPMd + 6253.8232945639 * x_6 * LZMA + 28478.0653834759 * x_10 * Deflate + 43452.9258324239 * x_10 * BZip2 + 2302.41176151526 * BZip2;10.0253380458396;10.0253380458396;10.0253380458396;10.0253380458396;308.435178;22;2302.41176151526 * BZip2;1;4.39324457044289;
15;3544.50672645748 * CompressionMethod + -1561.81997197653 * Deflate + 15250.8808704417 * x_10 + 5983.0668682951 * x_6 + -9918.69279471622 * x_10 * PPMd + 177.758157746775 * x_10 * LZMA + -5510.16280430328 * x_6 * PPMd + -1264.9355429241 * PPMd + 15617.4885415296 * x_8 + -276.557212979191 * LZMA + -11723.9018303254 * x_8 * PPMd + 8339.04459383646 * x_6 * LZMA + 27514.7657084095 * x_10 * Deflate + 43124.0850819561 * x_10 * BZip2 + 2631.25251198447 * BZip2 + 8884.2445870667 * x_6 * LZMA2;8.17574781541381;8.17574781541381;8.17574781541381;8.17574781541381;373.18976;24;8884.2445870667 * x_6 * LZMA2;2;0.924795115212904;
Elapsed=00:06:13.3526633
average model: 
command: analyze-learning
Round, Model, LearningError, LearningErrorRel, ValidationError, ValidationErrorRel, ElapsedSeconds, ModelComplexity, BestCandidate, BestCandidateSize, BestCandidateScore, TestError
Models:
Termination reason: abortError
1;11797.8447339849 * CompressionMethod + 1683.31005716929 * Deflate;200.073991206368;200.073991206368;200.073991206368;200.073991206368;0.881386;2;1683.31005716929 * Deflate;1;1.79769313486232E+308;196.909393335016
2;4353.68042999518 * CompressionMethod + 3859.85932541266 * Deflate + 22332.4929119688 * x_10;79.5564512190677;79.5564512190677;79.5564512190677;79.5564512190677;2.515815;3;22332.4929119688 * x_10;1;120.5175399873;85.4502580588872
3;3476.84547041106 * CompressionMethod + 2829.50739293434 * Deflate + 23284.0361687719 * x_10 + 7134.13450433769 * x_6;70.5206256621734;70.5206256621734;70.5206256621734;70.5206256621734;5.693858;4;7134.13450433769 * x_6;1;9.03582555689438;77.6171111144234
4;3628.52208677225 * CompressionMethod + 1149.07157817839 * Deflate + 29497.9970417226 * x_10 + 7401.47564957828 * x_6 + -25514.7598692357 * x_10 * PPMd;52.4738707806428;52.4738707806428;52.4738707806428;52.4738707806428;11.184148;6;-25514.7598692357 * x_10 * PPMd;2;9.02337744076529;64.4081796641224
5;3852.0524634037 * CompressionMethod + -1327.43705966237 * Deflate + 38655.6974679718 * x_10 + 7795.46430991441 * x_6 + -34895.9906721165 * x_10 * PPMd + -23811.1613897084 * x_10 * LZMA;43.4108364959299;43.4108364959299;43.4108364959299;43.4108364959299;19.972541;8;-23811.1613897084 * x_10 * LZMA;2;4.53151714235643;52.7799147911986
6;3932.62874876368 * CompressionMethod + -2220.14734676688 * Deflate + 38714.2448637194 * x_10 + 11180.0266923972 * x_6 + -35035.1143532249 * x_10 * PPMd + -23950.2850708163 * x_10 * LZMA + -12360.1801936364 * x_6 * PPMd;35.2283370139379;35.2283370139379;35.2283370139379;35.2283370139379;32.384937;10;-12360.1801936364 * x_6 * PPMd;2;4.091249740996;41.7087725022666
7;4490.41881054596 * CompressionMethod + -2553.65340824312 * Deflate + 38208.4297725575 * x_10 + 10734.9710739307 * x_6 + -32999.1289850586 * x_10 * PPMd + -24002.2600414373 * x_10 * LZMA + -10384.9542981664 * x_6 * PPMd + -2087.96033878535 * PPMd;29.9877878298527;29.9877878298527;29.9877878298527;29.9877878298527;47.955301;11;-2087.96033878535 * PPMd;1;5.24054918408518;38.4932286287204
8;4292.6701609574 * CompressionMethod + -2435.41829111688 * Deflate + 38387.752170126 * x_10 + 10892.7529233636 * x_6 + -32834.8816774429 * x_10 * PPMd + -23983.8337894167 * x_10 * LZMA + -10199.1664424151 * x_6 * PPMd + -2233.78139438086 * PPMd + 10885.7348695165 * x_8;28.0815565300447;28.0815565300447;28.0815565300447;28.0815565300447;69.560891;12;10885.7348695165 * x_8;1;1.90623129980808;31.0937037009072
9;4465.91012792966 * CompressionMethod + -2602.54607729909 * Deflate + 38240.5580919089 * x_10 + 11014.0339017756 * x_6 + -32684.6257429098 * x_10 * PPMd + -23597.6865012485 * x_10 * LZMA + -10317.3855645111 * x_6 * PPMd + -2410.08321766964 * PPMd + 10982.7473696604 * x_8 + -412.193176923971 * LZMA;27.238479342238;27.238479342238;27.238479342238;27.238479342238;93.688293;13;-412.193176923971 * LZMA;1;0.843077187806706;30.7389577079967
10;4434.27219970783 * CompressionMethod + -2601.64832058403 * Deflate + 38272.0561099936 * x_10 + 11112.8614024715 * x_6 + -32939.8680342675 * x_10 * PPMd + -23480.6684007006 * x_10 * LZMA + -10639.9573384803 * x_6 * PPMd + -2154.70101617457 * PPMd + 15455.9848941602 * x_8 + -529.071367334283 * LZMA + -11562.3981829564 * x_8 * PPMd;26.1863816028211;26.1863816028211;26.1863816028211;26.1863816028211;124.406236;15;-11562.3981829564 * x_8 * PPMd;2;0.526048869708433;25.4274014404605
11;4629.82813910269 * CompressionMethod + -1664.57599029598 * Deflate + 37930.4629243196 * x_10 + 6652.58265313384 * x_6 + -32598.2748485937 * x_10 * PPMd + -22490.3866746806 * x_10 * LZMA + -6179.67858914261 * x_6 * PPMd + -2350.25695556932 * PPMd + 15935.8245385572 * x_8 + -1373.31584707461 * LZMA + -12042.2378273538 * x_8 * PPMd + 7680.96603044811 * x_6 * LZMA;25.4788825835795;25.4788825835795;25.4788825835795;25.4788825835795;160.619243;17;7680.96603044811 * x_6 * LZMA;2;0.353749509620817;26.004286963541
12;5001.55360539915 * CompressionMethod + -3585.03853612659 * Deflate + 36847.4848561394 * x_10 + 7817.22722350205 * x_6 + -31515.2967804131 * x_10 * PPMd + -21410.1587332543 * x_10 * LZMA + -7344.32315951053 * x_6 * PPMd + -2721.98242186608 * PPMd + 15859.2793438944 * x_8 + -1742.2911866171 * LZMA + -11965.6926326922 * x_8 * PPMd + 6513.57133332521 * x_6 * LZMA + 6484.33340792158 * x_10 * Deflate;23.9366432227104;23.9366432227104;23.9366432227104;23.9366432227104;202.727408;19;6484.33340792158 * x_10 * Deflate;2;0.771119680434516;23.9676892423073
13;5001.55360539895 * CompressionMethod + -3585.03853612603 * Deflate + 13793.8339915001 * x_10 + 7817.22722350166 * x_6 + -8461.64591577431 * x_10 * PPMd + 1643.49213138411 * x_10 * LZMA + -7344.32315951127 * x_6 * PPMd + -2721.98242186518 * PPMd + 15859.2793438948 * x_8 + -1742.2911866166 * LZMA + -11965.6926326915 * x_8 * PPMd + 6513.5713333252 * x_6 * LZMA + 29537.9842725606 * x_10 * Deflate + 45755.3375939406 * x_10 * BZip2;14.4185826162825;14.4185826162825;14.4185826162825;14.4185826162825;251.855324;21;45755.3375939406 * x_10 * BZip2;2;4.75903030321396;18.7590308231301
14;3864.11572165416 * CompressionMethod + -2525.11964704113 * Deflate + 14931.271875245 * x_10 + 8068.35646661935 * x_6 + -9599.08379951949 * x_10 * PPMd + 497.435451995972 * x_10 * LZMA + -7595.45240262883 * x_6 * PPMd + -1584.5445381206 * PPMd + 15619.3895318253 * x_8 + -596.234507228095 * LZMA + -11725.8028206208 * x_8 * PPMd + 6253.8232945639 * x_6 * LZMA + 28478.0653834759 * x_10 * Deflate + 43452.9258324239 * x_10 * BZip2 + 2302.41176151526 * BZip2;10.0253380458396;10.0253380458396;10.0253380458396;10.0253380458396;308.435178;22;2302.41176151526 * BZip2;1;4.39324457044289;15.4869348148302
15;3544.50672645748 * CompressionMethod + -1561.81997197653 * Deflate + 15250.8808704417 * x_10 + 5983.0668682951 * x_6 + -9918.69279471622 * x_10 * PPMd + 177.758157746775 * x_10 * LZMA + -5510.16280430328 * x_6 * PPMd + -1264.9355429241 * PPMd + 15617.4885415296 * x_8 + -276.557212979191 * LZMA + -11723.9018303254 * x_8 * PPMd + 8339.04459383646 * x_6 * LZMA + 27514.7657084095 * x_10 * Deflate + 43124.0850819561 * x_10 * BZip2 + 2631.25251198447 * BZip2 + 8884.2445870667 * x_6 * LZMA2;8.17574781541381;8.17574781541381;8.17574781541381;8.17574781541381;373.18976;24;8884.2445870667 * x_6 * LZMA2;2;0.924795115212904;11.0665669973683
Analyze finished
command: printconfigs /scratch/kaltenec/Distribution-Aware-Sampling/Results_newTry/7z_disc/7z_disc_53/sampledConfigurations_semi_2.csv
command: clean-sampling
command: clean-global
