Current machine learning settings: epsilon:0 lossFunction:RELATIVE parallelization:True bagging:False baggingNumbers:3 baggingTestDataFraction:50 useBackward:False abortError:1 limitFeatureSize:False featureSizeTreshold:4 quadraticFunctionSupport:True crossValidation:False crossValidation-k:5 learn-logFunction:False learn-accumulatedLogFunction:False learn-asymFunction:False learn-ratioFunction:False learn-mirrowedFunction:False numberOfRounds:70 backwardErrorDelta:1 minImprovementPerRound:0.1 withHierarchy:False bruteForceCandidates:False ignoreBadFeatures:False stopOnLongRound:True candidateSizePenalty:True learnTimeLimit:00:00:00 scoreMeasure:RELERROR outputRoundsToStdout:False blacklisted: 
command: mlsettings bagging:False stopOnLongRound:False parallelization:True lossFunction:RELATIVE useBackward:False abortError:10 limitFeatureSize:False featureSizeTreshold:7 quadraticFunctionSupport:True crossValidation:False learn_logFunction:True numberOfRounds:70 backwardErrorDelta:1 minImprovementPerRound:0.25 withHierarchy:False
Current machine learning settings: epsilon:0 lossFunction:RELATIVE parallelization:True bagging:False baggingNumbers:3 baggingTestDataFraction:50 useBackward:False abortError:10 limitFeatureSize:False featureSizeTreshold:7 quadraticFunctionSupport:True crossValidation:False crossValidation-k:5 learn-logFunction:True learn-accumulatedLogFunction:False learn-asymFunction:False learn-ratioFunction:False learn-mirrowedFunction:False numberOfRounds:70 backwardErrorDelta:1 minImprovementPerRound:0.25 withHierarchy:False bruteForceCandidates:False ignoreBadFeatures:False stopOnLongRound:False candidateSizePenalty:True learnTimeLimit:00:00:00 scoreMeasure:RELERROR outputRoundsToStdout:False blacklisted: 
command: solver z3
command: vm /scratch/kaltenec/Distribution-Aware-Sampling/DistOut/ConstraintData/Hipacc_disc/FeatureModel.xml
Warning: Variability model contains outdated notation. Children nodes will no longer have effect on the model. Instead use the parent node to describe the parent of an configuration option. You can also use the converter providedby the Variability Model GUI in export>convert legacy model.
Warning: Default value nodes in models are no longer used and should be removed. You can also use the converter provided by the Variability Model GUI in export>convert legacy model to update your model.
command: all /scratch/kaltenec/Distribution-Aware-Sampling/DistOut/ConstraintData/Hipacc_disc/measurements.xml
Configs with too large deviation: 0
13485 configurations loaded.
command: nfp Performance
command: binary satoutput numConfigs:4131 seed:64
command: learn-splconqueror
Learning: NumberOfConfigurationsLearning:4131 NumberOfConfigurationsValidation:4131
Learning progress:
1;35.5877982203613 * API + 7.88127274738039 * Array2D;32.8571943299144;32.8571943299144;32.8571943299144;32.8571943299144;1.153927;2;7.88127274738039 * Array2D;1;1.79769313486232E+308;
2;27.4431518423584 * API + 6.93453803365044 * Array2D + 19.8473812566009 * LocalMemory;21.8218043945873;21.8218043945873;21.8218043945873;21.8218043945873;3.637584;3;19.8473812566009 * LocalMemory;1;11.0353899353272;
3;26.2064085582763 * API + 7.10095558482203 * Array2D + 19.7083084578359 * LocalMemory + 21.9718321641822 * bs_32x1;19.7302524559084;19.7302524559084;19.7302524559084;19.7302524559084;8.60036;4;21.9718321641822 * bs_32x1;1;2.09155193867884;
4;23.3723111270272 * API + 8.04899513842917 * Array2D + 19.4006715617908 * LocalMemory + 22.1930805721391 * bs_32x1 + 7.43836198547661 * pixelPerThread_1;18.7603371817394;18.7603371817394;18.7603371817394;18.7603371817394;15.705459;5;7.43836198547661 * pixelPerThread_1;1;0.969915274168997;
5;22.6578723266205 * API + 8.04323063859809 * Array2D + 19.8545485513838 * LocalMemory + 22.8506143404888 * bs_32x1 + 7.04405605244279 * pixelPerThread_1 + 18.1413648632848 * bs_1024x1;18.2470478798837;18.2470478798837;18.2470478798837;18.2470478798837;27.267983;6;18.1413648632848 * bs_1024x1;1;0.5132893018557;
6;22.590992136119 * API + 8.02218931933099 * Array2D + 18.4962040523541 * LocalMemory + 23.5020754362811 * bs_32x1 + 7.08356386658446 * pixelPerThread_1 + 18.5237841871345 * bs_1024x1 + 25.3217949664011 * LocalMemory * bs_512x1;17.3570818921784;17.3570818921784;17.3570818921784;17.3570818921784;42.091105;8;25.3217949664011 * LocalMemory * bs_512x1;2;0.444982993852646;
7;23.2301201831645 * API + 8.05330115889488 * Array2D + 17.4789100634499 * LocalMemory + 23.52552841313 * bs_32x1 + 6.48187819569198 * pixelPerThread_1 + 9.28733058688674 * bs_1024x1 + 25.93269774995 * LocalMemory * bs_512x1 + 37.1625220175356 * bs_1024x1 * LocalMemory;16.5322772149759;16.5322772149759;16.5322772149759;16.5322772149759;60.46972;10;37.1625220175356 * bs_1024x1 * LocalMemory;2;0.412402338601254;
8;22.7860308027945 * API + 8.03023909214349 * Array2D + 17.5940068080363 * LocalMemory + 23.9430466781772 * bs_32x1 + 6.41949172367533 * pixelPerThread_1 + 9.75635034804365 * bs_1024x1 + 26.2881078805892 * LocalMemory * bs_512x1 + 37.0861625901102 * bs_1024x1 * LocalMemory + 9.97105187357746 * bs_512x2;16.1252360916998;16.1252360916998;16.1252360916998;16.1252360916998;83.375466;11;9.97105187357746 * bs_512x2;1;0.407041123276109;
9;23.3226747147747 * API + 8.00391597141994 * Array2D + 17.6420096546538 * LocalMemory + 14.8076132840996 * bs_32x1 + 4.96559036590579 * pixelPerThread_1 + 9.76352953273885 * bs_1024x1 + 26.2746680116162 * LocalMemory * bs_512x1 + 37.9497004001813 * bs_1024x1 * LocalMemory + 10.0300422692065 * bs_512x2 + 25.2198913965716 * bs_32x1 * pixelPerThread_1;15.394233000747;15.394233000747;15.394233000747;15.394233000747;111.301023;13;25.2198913965716 * bs_32x1 * pixelPerThread_1;2;0.365501545476413;
10;22.7947249213692 * API + 8.06840584321016 * Array2D + 17.7801796376668 * LocalMemory + 15.2695277703194 * bs_32x1 + 4.97729932332993 * pixelPerThread_1 + 10.282424905884 * bs_1024x1 + 26.6542582411207 * LocalMemory * bs_512x1 + 37.8052931093486 * bs_1024x1 * LocalMemory + 10.5017352896396 * bs_512x2 + 25.2109025872324 * bs_32x1 * pixelPerThread_1 + 8.50975265962943 * bs_256x4;14.9387561575095;14.9387561575095;14.9387561575095;14.9387561575095;144.892971;14;8.50975265962943 * bs_256x4;1;0.455476843237511;
11;22.2676028550335 * API + 8.10942071810822 * Array2D + 17.9166077177081 * LocalMemory + 15.7332129019696 * bs_32x1 + 4.92251317467162 * pixelPerThread_1 + 10.8269843639994 * bs_1024x1 + 27.0628237747251 * LocalMemory * bs_512x1 + 37.703935182025 * bs_1024x1 * LocalMemory + 11.0028874269547 * bs_512x2 + 25.2676506528626 * bs_32x1 * pixelPerThread_1 + 9.01023839487781 * bs_256x4 + 8.97878888604728 * bs_64x16;14.6174206117801;14.6174206117801;14.6174206117801;14.6174206117801;184.991927;15;8.97878888604728 * bs_64x16;1;0.321335545729369;
12;22.3494754883809 * API + 8.08297052114302 * Array2D + 18.6451767741501 * LocalMemory + 15.3316955058016 * bs_32x1 + 4.89543800478352 * pixelPerThread_1 + 10.7571270355709 * bs_1024x1 + 26.2652767337602 * LocalMemory * bs_512x1 + 36.9918954459403 * bs_1024x1 * LocalMemory + 10.6899934869711 * bs_512x2 + 25.2973611216984 * bs_32x1 * pixelPerThread_1 + 8.70241027693169 * bs_256x4 + 8.66695415019283 * bs_64x16 + -11.5455374937284 * LocalMemory * bs_32x4;14.0836482066401;14.0836482066401;14.0836482066401;14.0836482066401;232.1782;17;-11.5455374937284 * LocalMemory * bs_32x4;2;0.266886202569999;
13;22.4138865502461 * API + 8.10815391432628 * Array2D + 19.3546318619137 * LocalMemory + 14.9520562187013 * bs_32x1 + 4.90129242856248 * pixelPerThread_1 + 10.6887023507932 * bs_1024x1 + 25.4869298623744 * LocalMemory * bs_512x1 + 36.2792004799105 * bs_1024x1 * LocalMemory + 10.3831669229922 * bs_512x2 + 25.2957001311112 * bs_32x1 * pixelPerThread_1 + 8.40271458218209 * bs_256x4 + 8.36197234752923 * bs_64x16 + -12.3236010220602 * LocalMemory * bs_32x4 + -12.1786042318634 * LocalMemory * bs_64x2;13.5832926553119;13.5832926553119;13.5832926553119;13.5832926553119;287.870965;19;-12.1786042318634 * LocalMemory * bs_64x2;2;0.250177775664082;
14;22.5237979938877 * API + 8.09779506104471 * Array2D + 20.132188360569 * LocalMemory + 14.499615322663 * bs_32x1 + 4.80730400592166 * pixelPerThread_1 + 10.6145763267382 * bs_1024x1 + 24.6371407683538 * LocalMemory * bs_512x1 + 35.5604224761592 * bs_1024x1 * LocalMemory + 10.0526142908412 * bs_512x2 + 25.393071896542 * bs_32x1 * pixelPerThread_1 + 8.07485040870073 * bs_256x4 + 8.03220567941855 * bs_64x16 + -13.1748864803315 * LocalMemory * bs_32x4 + -13.0273082015319 * LocalMemory * bs_64x2 + -11.51181061686 * LocalMemory * bs_128x2;13.0935817087184;13.0935817087184;13.0935817087184;13.0935817087184;352.379405;21;-11.51181061686 * LocalMemory * bs_128x2;2;0.24485547329675;
Elapsed=00:05:52.4183711
average model: 
command: analyze-learning
Round, Model, LearningError, LearningErrorRel, ValidationError, ValidationErrorRel, ElapsedSeconds, ModelComplexity, BestCandidate, BestCandidateSize, BestCandidateScore, TestError
Models:
Termination reason: minImprovementPerRound
1;35.5877982203613 * API + 7.88127274738039 * Array2D;32.8571943299144;32.8571943299144;32.8571943299144;32.8571943299144;1.153927;2;7.88127274738039 * Array2D;1;1.79769313486232E+308;33.9877527824601
2;27.4431518423584 * API + 6.93453803365044 * Array2D + 19.8473812566009 * LocalMemory;21.8218043945873;21.8218043945873;21.8218043945873;21.8218043945873;3.637584;3;19.8473812566009 * LocalMemory;1;11.0353899353272;22.5906200203339
3;26.2064085582763 * API + 7.10095558482203 * Array2D + 19.7083084578359 * LocalMemory + 21.9718321641822 * bs_32x1;19.7302524559084;19.7302524559084;19.7302524559084;19.7302524559084;8.60036;4;21.9718321641822 * bs_32x1;1;2.09155193867884;20.5932799721064
4;23.3723111270272 * API + 8.04899513842917 * Array2D + 19.4006715617908 * LocalMemory + 22.1930805721391 * bs_32x1 + 7.43836198547661 * pixelPerThread_1;18.7603371817394;18.7603371817394;18.7603371817394;18.7603371817394;15.705459;5;7.43836198547661 * pixelPerThread_1;1;0.969915274168997;18.1667563273128
5;22.6578723266205 * API + 8.04323063859809 * Array2D + 19.8545485513838 * LocalMemory + 22.8506143404888 * bs_32x1 + 7.04405605244279 * pixelPerThread_1 + 18.1413648632848 * bs_1024x1;18.2470478798837;18.2470478798837;18.2470478798837;18.2470478798837;27.267983;6;18.1413648632848 * bs_1024x1;1;0.5132893018557;18.0498088075555
6;22.590992136119 * API + 8.02218931933099 * Array2D + 18.4962040523541 * LocalMemory + 23.5020754362811 * bs_32x1 + 7.08356386658446 * pixelPerThread_1 + 18.5237841871345 * bs_1024x1 + 25.3217949664011 * LocalMemory * bs_512x1;17.3570818921784;17.3570818921784;17.3570818921784;17.3570818921784;42.091105;8;25.3217949664011 * LocalMemory * bs_512x1;2;0.444982993852646;17.1701009791035
7;23.2301201831645 * API + 8.05330115889488 * Array2D + 17.4789100634499 * LocalMemory + 23.52552841313 * bs_32x1 + 6.48187819569198 * pixelPerThread_1 + 9.28733058688674 * bs_1024x1 + 25.93269774995 * LocalMemory * bs_512x1 + 37.1625220175356 * bs_1024x1 * LocalMemory;16.5322772149759;16.5322772149759;16.5322772149759;16.5322772149759;60.46972;10;37.1625220175356 * bs_1024x1 * LocalMemory;2;0.412402338601254;16.3400751597638
8;22.7860308027945 * API + 8.03023909214349 * Array2D + 17.5940068080363 * LocalMemory + 23.9430466781772 * bs_32x1 + 6.41949172367533 * pixelPerThread_1 + 9.75635034804365 * bs_1024x1 + 26.2881078805892 * LocalMemory * bs_512x1 + 37.0861625901102 * bs_1024x1 * LocalMemory + 9.97105187357746 * bs_512x2;16.1252360916998;16.1252360916998;16.1252360916998;16.1252360916998;83.375466;11;9.97105187357746 * bs_512x2;1;0.407041123276109;16.198076516333
9;23.3226747147747 * API + 8.00391597141994 * Array2D + 17.6420096546538 * LocalMemory + 14.8076132840996 * bs_32x1 + 4.96559036590579 * pixelPerThread_1 + 9.76352953273885 * bs_1024x1 + 26.2746680116162 * LocalMemory * bs_512x1 + 37.9497004001813 * bs_1024x1 * LocalMemory + 10.0300422692065 * bs_512x2 + 25.2198913965716 * bs_32x1 * pixelPerThread_1;15.394233000747;15.394233000747;15.394233000747;15.394233000747;111.301023;13;25.2198913965716 * bs_32x1 * pixelPerThread_1;2;0.365501545476413;15.5525578059163
10;22.7947249213692 * API + 8.06840584321016 * Array2D + 17.7801796376668 * LocalMemory + 15.2695277703194 * bs_32x1 + 4.97729932332993 * pixelPerThread_1 + 10.282424905884 * bs_1024x1 + 26.6542582411207 * LocalMemory * bs_512x1 + 37.8052931093486 * bs_1024x1 * LocalMemory + 10.5017352896396 * bs_512x2 + 25.2109025872324 * bs_32x1 * pixelPerThread_1 + 8.50975265962943 * bs_256x4;14.9387561575095;14.9387561575095;14.9387561575095;14.9387561575095;144.892971;14;8.50975265962943 * bs_256x4;1;0.455476843237511;15.3596159145187
11;22.2676028550335 * API + 8.10942071810822 * Array2D + 17.9166077177081 * LocalMemory + 15.7332129019696 * bs_32x1 + 4.92251317467162 * pixelPerThread_1 + 10.8269843639994 * bs_1024x1 + 27.0628237747251 * LocalMemory * bs_512x1 + 37.703935182025 * bs_1024x1 * LocalMemory + 11.0028874269547 * bs_512x2 + 25.2676506528626 * bs_32x1 * pixelPerThread_1 + 9.01023839487781 * bs_256x4 + 8.97878888604728 * bs_64x16;14.6174206117801;14.6174206117801;14.6174206117801;14.6174206117801;184.991927;15;8.97878888604728 * bs_64x16;1;0.321335545729369;15.2671066761189
12;22.3494754883809 * API + 8.08297052114302 * Array2D + 18.6451767741501 * LocalMemory + 15.3316955058016 * bs_32x1 + 4.89543800478352 * pixelPerThread_1 + 10.7571270355709 * bs_1024x1 + 26.2652767337602 * LocalMemory * bs_512x1 + 36.9918954459403 * bs_1024x1 * LocalMemory + 10.6899934869711 * bs_512x2 + 25.2973611216984 * bs_32x1 * pixelPerThread_1 + 8.70241027693169 * bs_256x4 + 8.66695415019283 * bs_64x16 + -11.5455374937284 * LocalMemory * bs_32x4;14.0836482066401;14.0836482066401;14.0836482066401;14.0836482066401;232.1782;17;-11.5455374937284 * LocalMemory * bs_32x4;2;0.266886202569999;14.7865984510238
13;22.4138865502461 * API + 8.10815391432628 * Array2D + 19.3546318619137 * LocalMemory + 14.9520562187013 * bs_32x1 + 4.90129242856248 * pixelPerThread_1 + 10.6887023507932 * bs_1024x1 + 25.4869298623744 * LocalMemory * bs_512x1 + 36.2792004799105 * bs_1024x1 * LocalMemory + 10.3831669229922 * bs_512x2 + 25.2957001311112 * bs_32x1 * pixelPerThread_1 + 8.40271458218209 * bs_256x4 + 8.36197234752923 * bs_64x16 + -12.3236010220602 * LocalMemory * bs_32x4 + -12.1786042318634 * LocalMemory * bs_64x2;13.5832926553119;13.5832926553119;13.5832926553119;13.5832926553119;287.870965;19;-12.1786042318634 * LocalMemory * bs_64x2;2;0.250177775664082;14.2051865243143
14;22.5237979938877 * API + 8.09779506104471 * Array2D + 20.132188360569 * LocalMemory + 14.499615322663 * bs_32x1 + 4.80730400592166 * pixelPerThread_1 + 10.6145763267382 * bs_1024x1 + 24.6371407683538 * LocalMemory * bs_512x1 + 35.5604224761592 * bs_1024x1 * LocalMemory + 10.0526142908412 * bs_512x2 + 25.393071896542 * bs_32x1 * pixelPerThread_1 + 8.07485040870073 * bs_256x4 + 8.03220567941855 * bs_64x16 + -13.1748864803315 * LocalMemory * bs_32x4 + -13.0273082015319 * LocalMemory * bs_64x2 + -11.51181061686 * LocalMemory * bs_128x2;13.0935817087184;13.0935817087184;13.0935817087184;13.0935817087184;352.379405;21;-11.51181061686 * LocalMemory * bs_128x2;2;0.24485547329675;13.7851213050233
Analyze finished
command: measurementstocsv /scratch/kaltenec/Distribution-Aware-Sampling/Results_Henard/Hipacc_disc/Hipacc_disc_64/sampledConfigurations_henard_2.csv
command: clean-sampling
command: clean-global
