Current machine learning settings: epsilon:0 lossFunction:RELATIVE parallelization:True bagging:False baggingNumbers:3 baggingTestDataFraction:50 useBackward:False abortError:1 limitFeatureSize:False featureSizeTreshold:4 quadraticFunctionSupport:True crossValidation:False crossValidation-k:5 learn-logFunction:False learn-accumulatedLogFunction:False learn-asymFunction:False learn-ratioFunction:False learn-mirrowedFunction:False numberOfRounds:70 backwardErrorDelta:1 minImprovementPerRound:0.1 withHierarchy:False bruteForceCandidates:False ignoreBadFeatures:False stopOnLongRound:True candidateSizePenalty:True learnTimeLimit:00:00:00 scoreMeasure:RELERROR outputRoundsToStdout:False blacklisted: 
command: mlsettings bagging:False stopOnLongRound:False parallelization:True lossFunction:RELATIVE useBackward:False abortError:10 limitFeatureSize:False featureSizeTreshold:7 quadraticFunctionSupport:True crossValidation:False learn_logFunction:True numberOfRounds:70 backwardErrorDelta:1 minImprovementPerRound:0.25 withHierarchy:False
Current machine learning settings: epsilon:0 lossFunction:RELATIVE parallelization:True bagging:False baggingNumbers:3 baggingTestDataFraction:50 useBackward:False abortError:10 limitFeatureSize:False featureSizeTreshold:7 quadraticFunctionSupport:True crossValidation:False crossValidation-k:5 learn-logFunction:True learn-accumulatedLogFunction:False learn-asymFunction:False learn-ratioFunction:False learn-mirrowedFunction:False numberOfRounds:70 backwardErrorDelta:1 minImprovementPerRound:0.25 withHierarchy:False bruteForceCandidates:False ignoreBadFeatures:False stopOnLongRound:False candidateSizePenalty:True learnTimeLimit:00:00:00 scoreMeasure:RELERROR outputRoundsToStdout:False blacklisted: 
command: solver z3
command: vm /scratch/kaltenec/Distribution-Aware-Sampling/DistOut/ConstraintData/Hipacc_disc/FeatureModel.xml
Warning: Variability model contains outdated notation. Children nodes will no longer have effect on the model. Instead use the parent node to describe the parent of an configuration option. You can also use the converter providedby the Variability Model GUI in export>convert legacy model.
Warning: Default value nodes in models are no longer used and should be removed. You can also use the converter provided by the Variability Model GUI in export>convert legacy model to update your model.
command: all /scratch/kaltenec/Distribution-Aware-Sampling/DistOut/ConstraintData/Hipacc_disc/measurements.xml
Configs with too large deviation: 0
13485 configurations loaded.
command: nfp Performance
command: binary satoutput numConfigs:4131 seed:42
command: learn-splconqueror
Learning: NumberOfConfigurationsLearning:4131 NumberOfConfigurationsValidation:4131
Learning progress:
1;39.5541759741873 * API + 9.33772598659754 * Array2D;40.9603045257494;40.9603045257494;40.9603045257494;40.9603045257494;1.260257;2;9.33772598659754 * Array2D;1;1.79769313486232E+308;
2;28.1807987126558 * API + 9.6245010570328 * Array2D + 24.5833352933006 * LocalMemory;24.8351873832803;24.8351873832803;24.8351873832803;24.8351873832803;3.763461;3;24.5833352933006 * LocalMemory;1;16.1251171424692;
3;26.0489637342626 * API + 9.29755952343786 * Array2D + 24.2345027835551 * LocalMemory + 16.6775937294435 * bs_32x1;21.2114769129243;21.2114769129243;21.2114769129243;21.2114769129243;8.955471;4;16.6775937294435 * bs_32x1;1;3.62371047035595;
4;25.822806166046 * API + 8.92518216217635 * Array2D + 21.0365016228001 * LocalMemory + 18.5132045758969 * bs_32x1 + 22.3486053322749 * LocalMemory * bs_512x1;18.9627456119227;18.9627456119227;18.9627456119227;18.9627456119227;16.858809;6;22.3486053322749 * LocalMemory * bs_512x1;2;1.1243656505008;
5;24.023531437698 * API + 8.34488819262396 * Array2D + 22.0572763019184 * LocalMemory + 19.818380918216 * bs_32x1 + 23.144299276898 * LocalMemory * bs_512x1 + 16.8511998912295 * bs_1024x1;17.9332772917726;17.9332772917726;17.9332772917726;17.9332772917726;27.663121;7;16.8511998912295 * bs_1024x1;1;1.02946832015015;
6;24.0207316744275 * API + 8.46593456488863 * Array2D + 22.0574465573015 * LocalMemory + 11.1268005667812 * bs_32x1 + 23.1433422256094 * LocalMemory * bs_512x1 + 16.8495149935858 * bs_1024x1 + 31.7552012861696 * bs_32x1 * pixelPerThread_1;16.3957567137955;16.3957567137955;16.3957567137955;16.3957567137955;42.036035;9;31.7552012861696 * bs_32x1 * pixelPerThread_1;2;0.76876028898854;
7;22.6195522281549 * API + 8.62992859704579 * Array2D + 21.7412232890837 * LocalMemory + 12.6813381969551 * bs_32x1 + 23.6064163485212 * LocalMemory * bs_512x1 + 16.3313459210577 * bs_1024x1 + 26.8665212471563 * bs_32x1 * pixelPerThread_1 + 4.88922851403789 * pixelPerThread_1;15.750242564921;15.750242564921;15.750242564921;15.750242564921;60.325242;10;4.88922851403789 * pixelPerThread_1;1;0.645514148874518;
8;23.0751527400226 * API + 8.81074073518696 * Array2D + 24.5369931513429 * LocalMemory + 10.8226118224167 * bs_32x1 + 20.4933147991025 * LocalMemory * bs_512x1 + 15.5310625326361 * bs_1024x1 + 27.4291416189614 * bs_32x1 * pixelPerThread_1 + 4.32721286510282 * pixelPerThread_1 + -14.6732848761997 * LocalMemory * bs_64x4;14.3345279049604;14.3345279049604;14.3345279049604;14.3345279049604;85.032332;12;-14.6732848761997 * LocalMemory * bs_64x4;2;0.707857329980273;
9;22.9570086276314 * API + 11.091108736823 * Array2D + 29.3368490691386 * LocalMemory + 11.0839364662333 * bs_32x1 + 20.9350767926056 * LocalMemory * bs_512x1 + 15.7791712042695 * bs_1024x1 + 27.6675677839693 * bs_32x1 * pixelPerThread_1 + 4.3082719649887 * pixelPerThread_1 + -13.6570266244898 * LocalMemory * bs_64x4 + -10.0019567686434 * LocalMemory * TextureMemory;13.416022940923;13.416022940923;13.416022940923;13.416022940923;115.44911;14;-10.0019567686434 * LocalMemory * TextureMemory;2;0.459252482018734;
10;24.0712789548397 * API + 11.0957605796928 * Array2D + 27.6699723326149 * LocalMemory + 10.8948257120607 * bs_32x1 + 22.0246376675348 * LocalMemory * bs_512x1 + 8.24376983568622 * bs_1024x1 + 29.0622713794654 * bs_32x1 * pixelPerThread_1 + 2.92104232396975 * pixelPerThread_1 + -12.5484107180661 * LocalMemory * bs_64x4 + -10.3540715917037 * LocalMemory * TextureMemory + 36.4007687306193 * LocalMemory * bs_1024x1;12.5762862990469;12.5762862990469;12.5762862990469;12.5762862990469;155.764387;16;36.4007687306193 * LocalMemory * bs_1024x1;2;0.419868320938031;
11;22.7445257052315 * API + 10.8623423210841 * Array2D + 27.8842123584288 * LocalMemory + 12.1553021285327 * bs_32x1 + 23.2372746404109 * LocalMemory * bs_512x1 + 9.60439260268279 * bs_1024x1 + 29.1639365820821 * bs_32x1 * pixelPerThread_1 + 2.82136342934848 * pixelPerThread_1 + -11.3292530234298 * LocalMemory * bs_64x4 + -10.4847017520923 * LocalMemory * TextureMemory + 36.3368290211228 * LocalMemory * bs_1024x1 + 8.71462166773495 * bs_32x32;11.5330924285057;11.5330924285057;11.5330924285057;11.5330924285057;201.769439;17;8.71462166773495 * bs_32x32;1;1.04319387054117;
12;22.9792651190772 * API + 10.6895998159233 * Array2D + 29.3854349669006 * LocalMemory + 11.3192245488444 * bs_32x1 + 21.8250028175855 * LocalMemory * bs_512x1 + 9.40758092307453 * bs_1024x1 + 29.2995887316869 * bs_32x1 * pixelPerThread_1 + 2.69684746046751 * pixelPerThread_1 + -12.710882625289 * LocalMemory * bs_64x4 + -11.0377218375808 * LocalMemory * TextureMemory + 35.2502333335866 * LocalMemory * bs_1024x1 + 8.12067155364254 * bs_32x32 + -16.3013602130513 * LocalMemory * bs_32x4;10.9095773870475;10.9095773870475;10.9095773870475;10.9095773870475;255.928901;19;-16.3013602130513 * LocalMemory * bs_32x4;2;0.311757520729099;
13;22.9951460640727 * API + 10.1161092963537 * Array2D + 29.0335327212612 * LocalMemory + 18.8028819069643 * bs_32x1 + 21.8040490021916 * LocalMemory * bs_512x1 + 9.41190485431395 * bs_1024x1 + 29.4339475100094 * bs_32x1 * pixelPerThread_1 + 2.7005468425358 * pixelPerThread_1 + -12.774583424086 * LocalMemory * bs_64x4 + -10.3183222081271 * LocalMemory * TextureMemory + 35.1805257372221 * LocalMemory * bs_1024x1 + 8.11430437487436 * bs_32x32 + -16.1752708834949 * LocalMemory * bs_32x4 + -9.94480245637422 * bs_32x1 * CUDA;10.6081312319386;10.6081312319386;10.6081312319386;10.6081312319386;318.828954;21;-9.94480245637422 * bs_32x1 * CUDA;2;0.150723077554449;
Elapsed=00:05:18.8746609
average model: 
command: analyze-learning
Round, Model, LearningError, LearningErrorRel, ValidationError, ValidationErrorRel, ElapsedSeconds, ModelComplexity, BestCandidate, BestCandidateSize, BestCandidateScore, TestError
Models:
Termination reason: minImprovementPerRound
1;39.5541759741873 * API + 9.33772598659754 * Array2D;40.9603045257494;40.9603045257494;40.9603045257494;40.9603045257494;1.260257;2;9.33772598659754 * Array2D;1;1.79769313486232E+308;41.7449707598902
2;28.1807987126558 * API + 9.6245010570328 * Array2D + 24.5833352933006 * LocalMemory;24.8351873832803;24.8351873832803;24.8351873832803;24.8351873832803;3.763461;3;24.5833352933006 * LocalMemory;1;16.1251171424692;27.3321023553856
3;26.0489637342626 * API + 9.29755952343786 * Array2D + 24.2345027835551 * LocalMemory + 16.6775937294435 * bs_32x1;21.2114769129243;21.2114769129243;21.2114769129243;21.2114769129243;8.955471;4;16.6775937294435 * bs_32x1;1;3.62371047035595;23.0219189527964
4;25.822806166046 * API + 8.92518216217635 * Array2D + 21.0365016228001 * LocalMemory + 18.5132045758969 * bs_32x1 + 22.3486053322749 * LocalMemory * bs_512x1;18.9627456119227;18.9627456119227;18.9627456119227;18.9627456119227;16.858809;6;22.3486053322749 * LocalMemory * bs_512x1;2;1.1243656505008;20.3141032974264
5;24.023531437698 * API + 8.34488819262396 * Array2D + 22.0572763019184 * LocalMemory + 19.818380918216 * bs_32x1 + 23.144299276898 * LocalMemory * bs_512x1 + 16.8511998912295 * bs_1024x1;17.9332772917726;17.9332772917726;17.9332772917726;17.9332772917726;27.663121;7;16.8511998912295 * bs_1024x1;1;1.02946832015015;18.7144986826174
6;24.0207316744275 * API + 8.46593456488863 * Array2D + 22.0574465573015 * LocalMemory + 11.1268005667812 * bs_32x1 + 23.1433422256094 * LocalMemory * bs_512x1 + 16.8495149935858 * bs_1024x1 + 31.7552012861696 * bs_32x1 * pixelPerThread_1;16.3957567137955;16.3957567137955;16.3957567137955;16.3957567137955;42.036035;9;31.7552012861696 * bs_32x1 * pixelPerThread_1;2;0.76876028898854;18.085741202723
7;22.6195522281549 * API + 8.62992859704579 * Array2D + 21.7412232890837 * LocalMemory + 12.6813381969551 * bs_32x1 + 23.6064163485212 * LocalMemory * bs_512x1 + 16.3313459210577 * bs_1024x1 + 26.8665212471563 * bs_32x1 * pixelPerThread_1 + 4.88922851403789 * pixelPerThread_1;15.750242564921;15.750242564921;15.750242564921;15.750242564921;60.325242;10;4.88922851403789 * pixelPerThread_1;1;0.645514148874518;17.2545509302339
8;23.0751527400226 * API + 8.81074073518696 * Array2D + 24.5369931513429 * LocalMemory + 10.8226118224167 * bs_32x1 + 20.4933147991025 * LocalMemory * bs_512x1 + 15.5310625326361 * bs_1024x1 + 27.4291416189614 * bs_32x1 * pixelPerThread_1 + 4.32721286510282 * pixelPerThread_1 + -14.6732848761997 * LocalMemory * bs_64x4;14.3345279049604;14.3345279049604;14.3345279049604;14.3345279049604;85.032332;12;-14.6732848761997 * LocalMemory * bs_64x4;2;0.707857329980273;18.1296647986289
9;22.9570086276314 * API + 11.091108736823 * Array2D + 29.3368490691386 * LocalMemory + 11.0839364662333 * bs_32x1 + 20.9350767926056 * LocalMemory * bs_512x1 + 15.7791712042695 * bs_1024x1 + 27.6675677839693 * bs_32x1 * pixelPerThread_1 + 4.3082719649887 * pixelPerThread_1 + -13.6570266244898 * LocalMemory * bs_64x4 + -10.0019567686434 * LocalMemory * TextureMemory;13.416022940923;13.416022940923;13.416022940923;13.416022940923;115.44911;14;-10.0019567686434 * LocalMemory * TextureMemory;2;0.459252482018734;16.4462821662631
10;24.0712789548397 * API + 11.0957605796928 * Array2D + 27.6699723326149 * LocalMemory + 10.8948257120607 * bs_32x1 + 22.0246376675348 * LocalMemory * bs_512x1 + 8.24376983568622 * bs_1024x1 + 29.0622713794654 * bs_32x1 * pixelPerThread_1 + 2.92104232396975 * pixelPerThread_1 + -12.5484107180661 * LocalMemory * bs_64x4 + -10.3540715917037 * LocalMemory * TextureMemory + 36.4007687306193 * LocalMemory * bs_1024x1;12.5762862990469;12.5762862990469;12.5762862990469;12.5762862990469;155.764387;16;36.4007687306193 * LocalMemory * bs_1024x1;2;0.419868320938031;15.7586804292757
11;22.7445257052315 * API + 10.8623423210841 * Array2D + 27.8842123584288 * LocalMemory + 12.1553021285327 * bs_32x1 + 23.2372746404109 * LocalMemory * bs_512x1 + 9.60439260268279 * bs_1024x1 + 29.1639365820821 * bs_32x1 * pixelPerThread_1 + 2.82136342934848 * pixelPerThread_1 + -11.3292530234298 * LocalMemory * bs_64x4 + -10.4847017520923 * LocalMemory * TextureMemory + 36.3368290211228 * LocalMemory * bs_1024x1 + 8.71462166773495 * bs_32x32;11.5330924285057;11.5330924285057;11.5330924285057;11.5330924285057;201.769439;17;8.71462166773495 * bs_32x32;1;1.04319387054117;14.7759131611408
12;22.9792651190772 * API + 10.6895998159233 * Array2D + 29.3854349669006 * LocalMemory + 11.3192245488444 * bs_32x1 + 21.8250028175855 * LocalMemory * bs_512x1 + 9.40758092307453 * bs_1024x1 + 29.2995887316869 * bs_32x1 * pixelPerThread_1 + 2.69684746046751 * pixelPerThread_1 + -12.710882625289 * LocalMemory * bs_64x4 + -11.0377218375808 * LocalMemory * TextureMemory + 35.2502333335866 * LocalMemory * bs_1024x1 + 8.12067155364254 * bs_32x32 + -16.3013602130513 * LocalMemory * bs_32x4;10.9095773870475;10.9095773870475;10.9095773870475;10.9095773870475;255.928901;19;-16.3013602130513 * LocalMemory * bs_32x4;2;0.311757520729099;14.3228255787353
13;22.9951460640727 * API + 10.1161092963537 * Array2D + 29.0335327212612 * LocalMemory + 18.8028819069643 * bs_32x1 + 21.8040490021916 * LocalMemory * bs_512x1 + 9.41190485431395 * bs_1024x1 + 29.4339475100094 * bs_32x1 * pixelPerThread_1 + 2.7005468425358 * pixelPerThread_1 + -12.774583424086 * LocalMemory * bs_64x4 + -10.3183222081271 * LocalMemory * TextureMemory + 35.1805257372221 * LocalMemory * bs_1024x1 + 8.11430437487436 * bs_32x32 + -16.1752708834949 * LocalMemory * bs_32x4 + -9.94480245637422 * bs_32x1 * CUDA;10.6081312319386;10.6081312319386;10.6081312319386;10.6081312319386;318.828954;21;-9.94480245637422 * bs_32x1 * CUDA;2;0.150723077554449;14.2238990372926
Analyze finished
command: measurementstocsv /scratch/kaltenec/Distribution-Aware-Sampling/Results_test/Hipacc_disc/Hipacc_disc_42/sampledConfigurations_semi_2.csv
command: clean-sampling
command: clean-global
