Current machine learning settings: epsilon:0 lossFunction:RELATIVE parallelization:True bagging:False baggingNumbers:3 baggingTestDataFraction:50 useBackward:False abortError:1 limitFeatureSize:False featureSizeTreshold:4 quadraticFunctionSupport:True crossValidation:False crossValidation-k:5 learn-logFunction:False learn-accumulatedLogFunction:False learn-asymFunction:False learn-ratioFunction:False learn-mirrowedFunction:False numberOfRounds:70 backwardErrorDelta:1 minImprovementPerRound:0.1 withHierarchy:False bruteForceCandidates:False ignoreBadFeatures:False stopOnLongRound:True candidateSizePenalty:True learnTimeLimit:00:00:00 scoreMeasure:RELERROR outputRoundsToStdout:False blacklisted: 
command: mlsettings bagging:False stopOnLongRound:False parallelization:True lossFunction:RELATIVE useBackward:False abortError:10 limitFeatureSize:False featureSizeTreshold:7 quadraticFunctionSupport:True crossValidation:False learn_logFunction:True numberOfRounds:70 backwardErrorDelta:1 minImprovementPerRound:0.25 withHierarchy:False
Current machine learning settings: epsilon:0 lossFunction:RELATIVE parallelization:True bagging:False baggingNumbers:3 baggingTestDataFraction:50 useBackward:False abortError:10 limitFeatureSize:False featureSizeTreshold:7 quadraticFunctionSupport:True crossValidation:False crossValidation-k:5 learn-logFunction:True learn-accumulatedLogFunction:False learn-asymFunction:False learn-ratioFunction:False learn-mirrowedFunction:False numberOfRounds:70 backwardErrorDelta:1 minImprovementPerRound:0.25 withHierarchy:False bruteForceCandidates:False ignoreBadFeatures:False stopOnLongRound:False candidateSizePenalty:True learnTimeLimit:00:00:00 scoreMeasure:RELERROR outputRoundsToStdout:False blacklisted: 
command: solver z3
command: vm /scratch/kaltenec/Distribution-Aware-Sampling/DistOut/ConstraintData/VP9_disc/FeatureModel.xml
command: all /scratch/kaltenec/Distribution-Aware-Sampling/DistOut/ConstraintData/VP9_disc/measurements.xml
Configs with too large deviation: 0
216000 configurations loaded.
command: nfp Performance
command: hybrid distribution-aware distance-metric:manhattan distribution:uniform onlyBinary:true selection:SolverSelection number-weight-optimization:1-1 numConfigs:31 seed:29
command: learn-splconqueror
Learning: NumberOfConfigurationsLearning:31 NumberOfConfigurationsValidation:31
Learning progress:
1;10.435625 * Quality + 2.75637500000001 * AutoAltRef;113.34969059596;113.34969059596;113.34969059596;113.34969059596;0.123703;2;2.75637500000001 * AutoAltRef;1;1.79769313486232E+308;
2;6.48002808988764 * Quality + 2.49266853932585 * AutoAltRef + 15.8223876404494 * cpuUsed_0;58.3704248985142;58.3704248985142;58.3704248985142;58.3704248985142;0.154255;3;15.8223876404494 * cpuUsed_0;1;54.9792656974453;
3;6.86446721311475 * Quality + -3.75446721311475 * AutoAltRef + 14.284631147541 * cpuUsed_0 + 8.55377049180329 * complexity;38.7880794243468;38.7880794243468;38.7880794243468;38.7880794243468;0.212455;4;8.55377049180329 * complexity;1;19.5823454741674;
4;5.30235 * Quality + -2.19235 * AutoAltRef + 11.87045 * cpuUsed_0 + 6.2816 * complexity + 17.3253 * TileColumns_0;25.2939645849278;25.2939645849278;25.2939645849278;25.2939645849278;0.300749;5;17.3253 * TileColumns_0;1;13.494114839419;
5;3.5649898989899 * Quality + -0.454989898989892 * AutoAltRef + 12.8103333333333 * cpuUsed_0 + 1.26888888888889 * complexity + 17.9518888888889 * TileColumns_0 + 4.55701010101011 * lossless;17.7422523419797;17.7422523419797;17.7422523419797;17.7422523419797;0.440958;6;4.55701010101011 * lossless;1;7.55171224294809;
6;2.3994911734164 * Quality + -0.434177421747511 * AutoAltRef + 14.6418313306631 * cpuUsed_0 + -0.333671858774655 * complexity + 16.1203908915591 * TileColumns_0 + 5.7225088265836 * lossless + 4.57874499332443 * cpuUsed_2;13.8072847072911;13.8072847072911;13.8072847072911;13.8072847072911;0.68897;7;4.57874499332443 * cpuUsed_2;1;3.93496763468865;
7;2.84758725341426 * Quality + -0.397116843702563 * AutoAltRef + 15.3796737481032 * cpuUsed_0 + -1.29472003034903 * complexity + 14.1208042488619 * TileColumns_0 + 5.27441274658575 * lossless + 2.63811836115327 * cpuUsed_2 + 5.67784901365706 * complexity * cpuUsed_2;10.1761444732153;10.1761444732153;10.1761444732153;10.1761444732153;1.006018;9;5.67784901365706 * complexity * cpuUsed_2;2;1.8155701170379;
8;2.84758725341426 * Quality + -0.39711684370257 * AutoAltRef + 15.3796737481032 * cpuUsed_0 + -0.715220030349017 * complexity + 14.1208042488619 * TileColumns_0 + 4.69491274658575 * lossless + 2.63811836115327 * cpuUsed_2 + 5.67784901365704 * complexity * cpuUsed_2 + 2.8975 * bitRate_900;8.78277579830768;8.78277579830768;8.78277579830768;8.78277579830768;1.401089;10;2.8975 * bitRate_900;1;1.39336867490759;
Elapsed=00:00:01.4035316
average model: 
command: analyze-learning
Round, Model, LearningError, LearningErrorRel, ValidationError, ValidationErrorRel, ElapsedSeconds, ModelComplexity, BestCandidate, BestCandidateSize, BestCandidateScore, TestError
Models:
Termination reason: abortError
1;10.435625 * Quality + 2.75637500000001 * AutoAltRef;113.34969059596;113.34969059596;113.34969059596;113.34969059596;0.123703;2;2.75637500000001 * AutoAltRef;1;1.79769313486232E+308;152.057396280115
2;6.48002808988764 * Quality + 2.49266853932585 * AutoAltRef + 15.8223876404494 * cpuUsed_0;58.3704248985142;58.3704248985142;58.3704248985142;58.3704248985142;0.154255;3;15.8223876404494 * cpuUsed_0;1;54.9792656974453;89.1858494264779
3;6.86446721311475 * Quality + -3.75446721311475 * AutoAltRef + 14.284631147541 * cpuUsed_0 + 8.55377049180329 * complexity;38.7880794243468;38.7880794243468;38.7880794243468;38.7880794243468;0.212455;4;8.55377049180329 * complexity;1;19.5823454741674;91.4217769737507
4;5.30235 * Quality + -2.19235 * AutoAltRef + 11.87045 * cpuUsed_0 + 6.2816 * complexity + 17.3253 * TileColumns_0;25.2939645849278;25.2939645849278;25.2939645849278;25.2939645849278;0.300749;5;17.3253 * TileColumns_0;1;13.494114839419;116.004959674499
5;3.5649898989899 * Quality + -0.454989898989892 * AutoAltRef + 12.8103333333333 * cpuUsed_0 + 1.26888888888889 * complexity + 17.9518888888889 * TileColumns_0 + 4.55701010101011 * lossless;17.7422523419797;17.7422523419797;17.7422523419797;17.7422523419797;0.440958;6;4.55701010101011 * lossless;1;7.55171224294809;114.950221618593
6;2.3994911734164 * Quality + -0.434177421747511 * AutoAltRef + 14.6418313306631 * cpuUsed_0 + -0.333671858774655 * complexity + 16.1203908915591 * TileColumns_0 + 5.7225088265836 * lossless + 4.57874499332443 * cpuUsed_2;13.8072847072911;13.8072847072911;13.8072847072911;13.8072847072911;0.68897;7;4.57874499332443 * cpuUsed_2;1;3.93496763468865;102.191255494273
7;2.84758725341426 * Quality + -0.397116843702563 * AutoAltRef + 15.3796737481032 * cpuUsed_0 + -1.29472003034903 * complexity + 14.1208042488619 * TileColumns_0 + 5.27441274658575 * lossless + 2.63811836115327 * cpuUsed_2 + 5.67784901365706 * complexity * cpuUsed_2;10.1761444732153;10.1761444732153;10.1761444732153;10.1761444732153;1.006018;9;5.67784901365706 * complexity * cpuUsed_2;2;1.8155701170379;93.6479708738835
8;2.84758725341426 * Quality + -0.39711684370257 * AutoAltRef + 15.3796737481032 * cpuUsed_0 + -0.715220030349017 * complexity + 14.1208042488619 * TileColumns_0 + 4.69491274658575 * lossless + 2.63811836115327 * cpuUsed_2 + 5.67784901365704 * complexity * cpuUsed_2 + 2.8975 * bitRate_900;8.78277579830768;8.78277579830768;8.78277579830768;8.78277579830768;1.401089;10;2.8975 * bitRate_900;1;1.39336867490759;97.8588544319451
Analyze finished
command: measurementstocsv /scratch/kaltenec/Distribution-Aware-Sampling/Results_opt/VP9_disc/VP9_disc_29/sampledConfigurations_solv_0.csv
command: clean-sampling
command: clean-global
command: script /scratch/kaltenec/Distribution-Aware-Sampling/Results_opt/VP9_disc/VP9_disc_29/learn_solv_1.a
command: log /scratch/kaltenec/Distribution-Aware-Sampling/Results_opt/VP9_disc/VP9_disc_29/out_solv_1.log
