Current machine learning settings: epsilon:0 lossFunction:RELATIVE parallelization:True bagging:False baggingNumbers:3 considerEpsilonTube:False baggingTestDataFraction:50 useBackward:False abortError:1 limitFeatureSize:False featureSizeTreshold:4 quadraticFunctionSupport:True crossValidation:False crossValidation-k:5 learn-logFunction:False learn-accumulatedLogFunction:False learn-asymFunction:False learn-ratioFunction:False learn-mirrowedFunction:False numberOfRounds:70 backwardErrorDelta:1 minImprovementPerRound:0.1 withHierarchy:False bruteForceCandidates:False ignoreBadFeatures:False stopOnLongRound:True candidateSizePenalty:True learnTimeLimit:00:00:00 scoreMeasure:RELERROR outputRoundsToStdout:False blacklisted: 
command: mlsettings bagging:False stopOnLongRound:False parallelization:True lossFunction:RELATIVE useBackward:False abortError:10 limitFeatureSize:False featureSizeTreshold:7 quadraticFunctionSupport:True crossValidation:False learn_logFunction:True numberOfRounds:70 backwardErrorDelta:1 minImprovementPerRound:0.25 withHierarchy:False
Current machine learning settings: epsilon:0 lossFunction:RELATIVE parallelization:True bagging:False baggingNumbers:3 considerEpsilonTube:False baggingTestDataFraction:50 useBackward:False abortError:10 limitFeatureSize:False featureSizeTreshold:7 quadraticFunctionSupport:True crossValidation:False crossValidation-k:5 learn-logFunction:True learn-accumulatedLogFunction:False learn-asymFunction:False learn-ratioFunction:False learn-mirrowedFunction:False numberOfRounds:70 backwardErrorDelta:1 minImprovementPerRound:0.25 withHierarchy:False bruteForceCandidates:False ignoreBadFeatures:False stopOnLongRound:False candidateSizePenalty:True learnTimeLimit:00:00:00 scoreMeasure:RELERROR outputRoundsToStdout:False blacklisted: 
command: solver z3
command: vm /scratch/kaltenec/Distribution-Aware-Sampling/DistOut/ConstraintData/VP9_disc/FeatureModel.xml
command: all /scratch/kaltenec/Distribution-Aware-Sampling/DistOut/ConstraintData/VP9_disc/measurements.xml
Configs with too large deviation: 0
216000 configurations loaded.
command: nfp Performance
command: binary satoutput numConfigs:483 seed:86
command: learn-splconqueror
Learning: NumberOfConfigurationsLearning:483 NumberOfConfigurationsValidation:483
Learning progress:
1;4.53686721991704 * Quality + 1.28313278008298 * cpuUsed_4;416.593134599457;416.593134599457;416.593134599457;416.593134599457;0.08348;2;1.28313278008298 * cpuUsed_4;1;1.79769313486232E+308;
2;1.01549586776859 * Quality + -2.26758333333335 * cpuUsed_4 + 7.07208746556476 * good;108.863546757274;108.863546757274;108.863546757274;108.863546757274;0.247393;3;7.07208746556476 * good;1;307.729587842183;
3;0.614941622937239 * Quality + -1.87715420969075 * cpuUsed_4 + 7.08221258675352 * good + 0.807784393743242 * lossless;69.4442234387951;69.4442234387951;69.4442234387951;69.4442234387951;0.59723;4;0.807784393743242 * lossless;1;39.419323318479;
4;0.291741283456575 * Quality + -0.885449259985441 * cpuUsed_4 + 6.41370797652887 * good + 1.45957174502923 * lossless + 23.2002650257288 * bitRate_300;40.6577832414983;40.6577832414983;40.6577832414983;40.6577832414983;1.302307;5;23.2002650257288 * bitRate_300;1;28.7864401972968;
5;0.257112829578008 * Quality + -1.53318660261761 * cpuUsed_4 + 7.0960737730396 * good + 1.52940579368433 * lossless + 25.3922339416195 * bitRate_300 + -3.97558876193207 * good * lagInFrames_0;37.7958257069588;37.7958257069588;37.7958257069588;37.7958257069588;2.255806;7;-3.97558876193207 * good * lagInFrames_0;2;1.43097876726974;
6;0.246316933586049 * Quality + -2.58489369483291 * cpuUsed_4 + 8.15857676124689 * good + 1.55117751726812 * lossless + 25.074100325395 * bitRate_300 + -5.00259162831902 * good * lagInFrames_0 + -4.30194078680034 * good * TileColumns_3;37.1233681511857;37.1233681511857;37.1233681511857;37.1233681511857;3.466069;9;-4.30194078680034 * good * TileColumns_3;2;0.336228777886586;
7;0.27090981303819 * Quality + -2.6058040467629 * cpuUsed_4 + 8.15489423372473 * good + 1.50158187703966 * lossless + 25.2730368665361 * bitRate_300 + -5.3103772786186 * good * lagInFrames_0 + -4.29805331861611 * good * TileColumns_3 + 0.591173172997784 * good * lagInFrames_0 * lossless;35.8751509665418;35.8751509665418;35.8751509665418;35.8751509665418;5.252645;12;0.591173172997784 * good * lagInFrames_0 * lossless;3;0.416072394881288;
8;0.257835765815345 * Quality + -2.55213197004489 * cpuUsed_4 + 8.11429620422956 * good + 1.52794787227235 * lossless + 25.2911906571907 * bitRate_300 + -5.26065167812982 * good * lagInFrames_0 + -4.25756423951438 * good * TileColumns_3 + 0.568753653994393 * good * lagInFrames_0 * lossless + 6.00786802995511 * cpuUsed_2;35.7478578287225;35.7478578287225;35.7478578287225;35.7478578287225;7.437587;13;6.00786802995511 * cpuUsed_2;1;0.127293137819301;
Elapsed=00:00:07.4439653
average model: 
command: analyze-learning
Round, Model, LearningError, LearningErrorRel, ValidationError, ValidationErrorRel, ElapsedSeconds, ModelComplexity, BestCandidate, BestCandidateSize, BestCandidateScore, TestError
Models:
Termination reason: minImprovementPerRound
1;4.53686721991704 * Quality + 1.28313278008298 * cpuUsed_4;416.593134599457;416.593134599457;416.593134599457;416.593134599457;0.08348;2;1.28313278008298 * cpuUsed_4;1;1.79769313486232E+308;175.562043544557
2;1.01549586776859 * Quality + -2.26758333333335 * cpuUsed_4 + 7.07208746556476 * good;108.863546757274;108.863546757274;108.863546757274;108.863546757274;0.247393;3;7.07208746556476 * good;1;307.729587842183;87.5379558458868
3;0.614941622937239 * Quality + -1.87715420969075 * cpuUsed_4 + 7.08221258675352 * good + 0.807784393743242 * lossless;69.4442234387951;69.4442234387951;69.4442234387951;69.4442234387951;0.59723;4;0.807784393743242 * lossless;1;39.419323318479;73.4064481330884
4;0.291741283456575 * Quality + -0.885449259985441 * cpuUsed_4 + 6.41370797652887 * good + 1.45957174502923 * lossless + 23.2002650257288 * bitRate_300;40.6577832414983;40.6577832414983;40.6577832414983;40.6577832414983;1.302307;5;23.2002650257288 * bitRate_300;1;28.7864401972968;271.799803698404
5;0.257112829578008 * Quality + -1.53318660261761 * cpuUsed_4 + 7.0960737730396 * good + 1.52940579368433 * lossless + 25.3922339416195 * bitRate_300 + -3.97558876193207 * good * lagInFrames_0;37.7958257069588;37.7958257069588;37.7958257069588;37.7958257069588;2.255806;7;-3.97558876193207 * good * lagInFrames_0;2;1.43097876726974;290.610438561906
6;0.246316933586049 * Quality + -2.58489369483291 * cpuUsed_4 + 8.15857676124689 * good + 1.55117751726812 * lossless + 25.074100325395 * bitRate_300 + -5.00259162831902 * good * lagInFrames_0 + -4.30194078680034 * good * TileColumns_3;37.1233681511857;37.1233681511857;37.1233681511857;37.1233681511857;3.466069;9;-4.30194078680034 * good * TileColumns_3;2;0.336228777886586;290.233765416238
7;0.27090981303819 * Quality + -2.6058040467629 * cpuUsed_4 + 8.15489423372473 * good + 1.50158187703966 * lossless + 25.2730368665361 * bitRate_300 + -5.3103772786186 * good * lagInFrames_0 + -4.29805331861611 * good * TileColumns_3 + 0.591173172997784 * good * lagInFrames_0 * lossless;35.8751509665418;35.8751509665418;35.8751509665418;35.8751509665418;5.252645;12;0.591173172997784 * good * lagInFrames_0 * lossless;3;0.416072394881288;292.026910667396
8;0.257835765815345 * Quality + -2.55213197004489 * cpuUsed_4 + 8.11429620422956 * good + 1.52794787227235 * lossless + 25.2911906571907 * bitRate_300 + -5.26065167812982 * good * lagInFrames_0 + -4.25756423951438 * good * TileColumns_3 + 0.568753653994393 * good * lagInFrames_0 * lossless + 6.00786802995511 * cpuUsed_2;35.7478578287225;35.7478578287225;35.7478578287225;35.7478578287225;7.437587;13;6.00786802995511 * cpuUsed_2;1;0.127293137819301;290.77602841558
Analyze finished
command: clean-sampling
command: clean-global
