Current machine learning settings: epsilon:0 lossFunction:RELATIVE parallelization:True bagging:False baggingNumbers:3 considerEpsilonTube:False baggingTestDataFraction:50 useBackward:False abortError:1 limitFeatureSize:False featureSizeTreshold:4 quadraticFunctionSupport:True crossValidation:False crossValidation-k:5 learn-logFunction:False learn-accumulatedLogFunction:False learn-asymFunction:False learn-ratioFunction:False learn-mirrowedFunction:False numberOfRounds:70 backwardErrorDelta:1 minImprovementPerRound:0.1 withHierarchy:False bruteForceCandidates:False ignoreBadFeatures:False stopOnLongRound:True candidateSizePenalty:True learnTimeLimit:00:00:00 scoreMeasure:RELERROR outputRoundsToStdout:False blacklisted: 
command: mlsettings bagging:False stopOnLongRound:False parallelization:True lossFunction:RELATIVE useBackward:False abortError:10 limitFeatureSize:False featureSizeTreshold:7 quadraticFunctionSupport:True crossValidation:False learn_logFunction:True numberOfRounds:70 backwardErrorDelta:1 minImprovementPerRound:0.25 withHierarchy:False
Current machine learning settings: epsilon:0 lossFunction:RELATIVE parallelization:True bagging:False baggingNumbers:3 considerEpsilonTube:False baggingTestDataFraction:50 useBackward:False abortError:10 limitFeatureSize:False featureSizeTreshold:7 quadraticFunctionSupport:True crossValidation:False crossValidation-k:5 learn-logFunction:True learn-accumulatedLogFunction:False learn-asymFunction:False learn-ratioFunction:False learn-mirrowedFunction:False numberOfRounds:70 backwardErrorDelta:1 minImprovementPerRound:0.25 withHierarchy:False bruteForceCandidates:False ignoreBadFeatures:False stopOnLongRound:False candidateSizePenalty:True learnTimeLimit:00:00:00 scoreMeasure:RELERROR outputRoundsToStdout:False blacklisted: 
command: solver z3
command: vm /scratch/kaltenec/Distribution-Aware-Sampling/DistOut/ConstraintData/VP9_disc/FeatureModel.xml
command: all /scratch/kaltenec/Distribution-Aware-Sampling/DistOut/ConstraintData/VP9_disc/measurements.xml
Configs with too large deviation: 0
216000 configurations loaded.
command: nfp Performance
command: binary satoutput henard:true numConfigs:31 seed:86
command: learn-splconqueror
Learning: NumberOfConfigurationsLearning:31 NumberOfConfigurationsValidation:31
Learning progress:
1;34.7436666666666 * Quality + -30.6636666666667 * cpuUsed_6;35.1745365404604;35.1745365404604;35.1745365404604;35.1745365404604;0.042114;2;-30.6636666666667 * cpuUsed_6;1;1.79769313486232E+308;
2;28.9478947368421 * Quality + -24.8678947368421 * cpuUsed_6 + 15.8066507177033 * realtime;23.1193035122328;23.1193035122328;23.1193035122328;23.1193035122328;0.057582;3;15.8066507177033 * realtime;1;12.0552330282276;
3;30.1488888888889 * Quality + -26.0688888888889 * cpuUsed_6 + 14.6056565656566 * realtime + -22.8188888888889 * cpuUsed_2;13.0429829005221;13.0429829005221;13.0429829005221;13.0429829005221;0.085347;4;-22.8188888888889 * cpuUsed_2;1;10.0763206117107;
4;18.1561481481482 * Quality + -28.467437037037 * cpuUsed_6 + 13.5154074074074 * realtime + -25.217437037037 * cpuUsed_2 + 14.3912888888889 * TileColumns_0;8.27453208385429;8.27453208385429;8.27453208385429;8.27453208385429;0.121442;5;14.3912888888889 * TileColumns_0;1;4.76845081666781;
Elapsed=00:00:00.1229912
average model: 
command: analyze-learning
Round, Model, LearningError, LearningErrorRel, ValidationError, ValidationErrorRel, ElapsedSeconds, ModelComplexity, BestCandidate, BestCandidateSize, BestCandidateScore, TestError
Models:
Termination reason: abortError
1;34.7436666666666 * Quality + -30.6636666666667 * cpuUsed_6;35.1745365404604;35.1745365404604;35.1745365404604;35.1745365404604;0.042114;2;-30.6636666666667 * cpuUsed_6;1;1.79769313486232E+308;904.56780681844
2;28.9478947368421 * Quality + -24.8678947368421 * cpuUsed_6 + 15.8066507177033 * realtime;23.1193035122328;23.1193035122328;23.1193035122328;23.1193035122328;0.057582;3;15.8066507177033 * realtime;1;12.0552330282276;1320.51035101954
3;30.1488888888889 * Quality + -26.0688888888889 * cpuUsed_6 + 14.6056565656566 * realtime + -22.8188888888889 * cpuUsed_2;13.0429829005221;13.0429829005221;13.0429829005221;13.0429829005221;0.085347;4;-22.8188888888889 * cpuUsed_2;1;10.0763206117107;1268.62489459271
4;18.1561481481482 * Quality + -28.467437037037 * cpuUsed_6 + 13.5154074074074 * realtime + -25.217437037037 * cpuUsed_2 + 14.3912888888889 * TileColumns_0;8.27453208385429;8.27453208385429;8.27453208385429;8.27453208385429;0.121442;5;14.3912888888889 * TileColumns_0;1;4.76845081666781;848.85706615049
Analyze finished
command: clean-sampling
command: clean-global
command: script /scratch/kaltenec/Distribution-Aware-Sampling/Results_newTry/VP9_disc/VP9_disc_86/learn_henard_1.a
command: log /scratch/kaltenec/Distribution-Aware-Sampling/Results_newTry/VP9_disc/VP9_disc_86/out_henard_1.log
