Current machine learning settings: epsilon:0 lossFunction:RELATIVE parallelization:True bagging:False baggingNumbers:3 baggingTestDataFraction:50 useBackward:False abortError:1 limitFeatureSize:False featureSizeTreshold:4 quadraticFunctionSupport:True crossValidation:False crossValidation-k:5 learn-logFunction:False learn-accumulatedLogFunction:False learn-asymFunction:False learn-ratioFunction:False learn-mirrowedFunction:False numberOfRounds:70 backwardErrorDelta:1 minImprovementPerRound:0.1 withHierarchy:False bruteForceCandidates:False ignoreBadFeatures:False stopOnLongRound:True candidateSizePenalty:True learnTimeLimit:00:00:00 scoreMeasure:RELERROR outputRoundsToStdout:False blacklisted: 
command: mlsettings bagging:False stopOnLongRound:False parallelization:True lossFunction:RELATIVE useBackward:False abortError:10 limitFeatureSize:False featureSizeTreshold:7 quadraticFunctionSupport:True crossValidation:False learn_logFunction:True numberOfRounds:70 backwardErrorDelta:1 minImprovementPerRound:0.25 withHierarchy:False
Current machine learning settings: epsilon:0 lossFunction:RELATIVE parallelization:True bagging:False baggingNumbers:3 baggingTestDataFraction:50 useBackward:False abortError:10 limitFeatureSize:False featureSizeTreshold:7 quadraticFunctionSupport:True crossValidation:False crossValidation-k:5 learn-logFunction:True learn-accumulatedLogFunction:False learn-asymFunction:False learn-ratioFunction:False learn-mirrowedFunction:False numberOfRounds:70 backwardErrorDelta:1 minImprovementPerRound:0.25 withHierarchy:False bruteForceCandidates:False ignoreBadFeatures:False stopOnLongRound:False candidateSizePenalty:True learnTimeLimit:00:00:00 scoreMeasure:RELERROR outputRoundsToStdout:False blacklisted: 
command: solver z3
command: vm /scratch/kaltenec/Distribution-Aware-Sampling/DistOut/ConstraintData/VP9_disc/FeatureModel.xml
command: all /scratch/kaltenec/Distribution-Aware-Sampling/DistOut/ConstraintData/VP9_disc/measurements.xml
Configs with too large deviation: 0
216000 configurations loaded.
command: nfp Performance
command: hybrid distribution-aware distance-metric:manhattan distribution:uniform onlyBinary:true selection:SolverSelection  numConfigs:483 seed:54
command: learn-splconqueror
Learning: NumberOfConfigurationsLearning:483 NumberOfConfigurationsValidation:483
Learning progress:
1;5.61199095022629 * Quality + 36.7162151566439 * AutoAltRef;374.22140889393;374.22140889393;374.22140889393;374.22140889393;0.121596;2;36.7162151566439 * AutoAltRef;1;1.79769313486232E+308;
2;5.27112323204139 * Quality + 3.12903571900666 * AutoAltRef + 75.3317657188596 * Threads_6;71.3068670013368;71.3068670013368;71.3068670013368;71.3068670013368;0.446596;3;75.3317657188596 * Threads_6;1;302.914541892594;
3;4.25400863601433 * Quality + 0.994441396448775 * AutoAltRef + 78.4655368700281 * Threads_6 + 6.33281584488001 * cpuUsed_2;45.2778257045586;45.2778257045586;45.2778257045586;45.2778257045586;0.983117;4;6.33281584488001 * cpuUsed_2;1;26.0290412967782;
4;1.79983667284096 * Quality + 2.82471789582826 * AutoAltRef + 43.4660780528764 * Threads_6 + 7.55539988323727 * cpuUsed_2 + 35.6387347557304 * cpuUsed_0;40.5340863633349;40.5340863633349;40.5340863633349;40.5340863633349;1.930642;5;35.6387347557304 * cpuUsed_0;1;4.74373934122367;
5;2.06795321637427 * Quality + 4.69278340255868 * AutoAltRef + 41.6137105756141 * Threads_6 + 6.03026729779183 * cpuUsed_2 + 35.3706182121972 * cpuUsed_0 + -2.7729588411551 * AutoAltRef * cpuUsed_6;35.0698465437947;35.0698465437947;35.0698465437947;35.0698465437947;3.641886;7;-2.7729588411551 * AutoAltRef * cpuUsed_6;2;2.73211990977013;
6;2.06795321637426 * Quality + 4.69278340255867 * AutoAltRef + 41.6137105756141 * Threads_6 + 6.03026729779193 * cpuUsed_2 + 35.3706182121972 * cpuUsed_0 + -0.296847730044065 * AutoAltRef * cpuUsed_6 + -4.95222222222211 * AutoAltRef * cpuUsed_6 * realtime;17.2134925758706;17.2134925758706;17.2134925758706;17.2134925758706;5.343699;10;-4.95222222222211 * AutoAltRef * cpuUsed_6 * realtime;3;5.95211798930803;
7;2.06795321637441 * Quality + 7.51090588798366 * AutoAltRef + 38.8192697917471 * Threads_6 + 3.1733331348129 * cpuUsed_2 + 35.3706182121972 * cpuUsed_0 + -3.11497021546923 * AutoAltRef * cpuUsed_6 + -4.95222222222229 * AutoAltRef * cpuUsed_6 * realtime + 10.2787136488127 * cpuUsed_2 * TileColumns_0;15.0730773755627;15.0730773755627;15.0730773755627;15.0730773755627;8.121606;12;10.2787136488127 * cpuUsed_2 * TileColumns_0;2;1.07020760015393;
8;2.06795321637433 * Quality + 7.18352338577062 * AutoAltRef + 32.7441305754207 * Threads_6 + 3.4163387034661 * cpuUsed_2 + 35.3706182121972 * cpuUsed_0 + -2.78758771325604 * AutoAltRef * cpuUsed_6 + -4.95222222222226 * AutoAltRef * cpuUsed_6 * realtime + 10.0357080801598 * cpuUsed_2 * TileColumns_0 + 12.9080118983727 * cpuUsed_0 * realtime;13.3012216757128;13.3012216757128;13.3012216757128;13.3012216757128;11.071994;14;12.9080118983727 * cpuUsed_0 * realtime;2;0.885927849924974;
9;1.60174174581626 * Quality + 7.16611873731447 * AutoAltRef + 32.7612451464027 * Threads_6 + 3.44201918309979 * cpuUsed_2 + 34.9204829992447 * cpuUsed_0 + -3.22031827775239 * AutoAltRef * cpuUsed_6 + -4.03587553871167 * AutoAltRef * cpuUsed_6 * realtime + 10.0180657293288 * cpuUsed_2 * TileColumns_0 + 13.8246486593576 * cpuUsed_0 * realtime + 0.916346683510544 * good;11.3126480370817;11.3126480370817;11.3126480370817;11.3126480370817;15.201708;15;0.916346683510544 * good;1;1.9885736386311;
10;1.08976604196679 * Quality + 5.30170581633086 * AutoAltRef + 34.5945845187033 * Threads_6 + 3.39763871697711 * cpuUsed_2 + 34.4261616300107 * cpuUsed_0 + -1.8502267260027 * AutoAltRef * cpuUsed_6 + -6.91574566813128 * AutoAltRef * cpuUsed_6 * realtime + 10.0712733627592 * cpuUsed_2 * TileColumns_0 + 10.975852078621 * cpuUsed_0 * realtime + 1.92264375659399 * good + 3.88616720250298 * AutoAltRef * realtime;8.8797619472934;8.8797619472934;8.8797619472934;8.8797619472934;20.407152;17;3.88616720250298 * AutoAltRef * realtime;2;1.21644304489413;
Elapsed=00:00:20.4271227
average model: 
command: analyze-learning
Round, Model, LearningError, LearningErrorRel, ValidationError, ValidationErrorRel, ElapsedSeconds, ModelComplexity, BestCandidate, BestCandidateSize, BestCandidateScore, TestError
Models:
Termination reason: abortError
1;5.61199095022629 * Quality + 36.7162151566439 * AutoAltRef;374.22140889393;374.22140889393;374.22140889393;374.22140889393;0.121596;2;36.7162151566439 * AutoAltRef;1;1.79769313486232E+308;373.359108724643
2;5.27112323204139 * Quality + 3.12903571900666 * AutoAltRef + 75.3317657188596 * Threads_6;71.3068670013368;71.3068670013368;71.3068670013368;71.3068670013368;0.446596;3;75.3317657188596 * Threads_6;1;302.914541892594;360.990084853666
3;4.25400863601433 * Quality + 0.994441396448775 * AutoAltRef + 78.4655368700281 * Threads_6 + 6.33281584488001 * cpuUsed_2;45.2778257045586;45.2778257045586;45.2778257045586;45.2778257045586;0.983117;4;6.33281584488001 * cpuUsed_2;1;26.0290412967782;352.544157124786
4;1.79983667284096 * Quality + 2.82471789582826 * AutoAltRef + 43.4660780528764 * Threads_6 + 7.55539988323727 * cpuUsed_2 + 35.6387347557304 * cpuUsed_0;40.5340863633349;40.5340863633349;40.5340863633349;40.5340863633349;1.930642;5;35.6387347557304 * cpuUsed_0;1;4.74373934122367;214.206160411416
5;2.06795321637427 * Quality + 4.69278340255868 * AutoAltRef + 41.6137105756141 * Threads_6 + 6.03026729779183 * cpuUsed_2 + 35.3706182121972 * cpuUsed_0 + -2.7729588411551 * AutoAltRef * cpuUsed_6;35.0698465437947;35.0698465437947;35.0698465437947;35.0698465437947;3.641886;7;-2.7729588411551 * AutoAltRef * cpuUsed_6;2;2.73211990977013;213.254469083915
6;2.06795321637426 * Quality + 4.69278340255867 * AutoAltRef + 41.6137105756141 * Threads_6 + 6.03026729779193 * cpuUsed_2 + 35.3706182121972 * cpuUsed_0 + -0.296847730044065 * AutoAltRef * cpuUsed_6 + -4.95222222222211 * AutoAltRef * cpuUsed_6 * realtime;17.2134925758706;17.2134925758706;17.2134925758706;17.2134925758706;5.343699;10;-4.95222222222211 * AutoAltRef * cpuUsed_6 * realtime;3;5.95211798930803;212.039631891505
7;2.06795321637441 * Quality + 7.51090588798366 * AutoAltRef + 38.8192697917471 * Threads_6 + 3.1733331348129 * cpuUsed_2 + 35.3706182121972 * cpuUsed_0 + -3.11497021546923 * AutoAltRef * cpuUsed_6 + -4.95222222222229 * AutoAltRef * cpuUsed_6 * realtime + 10.2787136488127 * cpuUsed_2 * TileColumns_0;15.0730773755627;15.0730773755627;15.0730773755627;15.0730773755627;8.121606;12;10.2787136488127 * cpuUsed_2 * TileColumns_0;2;1.07020760015393;214.099158553103
8;2.06795321637433 * Quality + 7.18352338577062 * AutoAltRef + 32.7441305754207 * Threads_6 + 3.4163387034661 * cpuUsed_2 + 35.3706182121972 * cpuUsed_0 + -2.78758771325604 * AutoAltRef * cpuUsed_6 + -4.95222222222226 * AutoAltRef * cpuUsed_6 * realtime + 10.0357080801598 * cpuUsed_2 * TileColumns_0 + 12.9080118983727 * cpuUsed_0 * realtime;13.3012216757128;13.3012216757128;13.3012216757128;13.3012216757128;11.071994;14;12.9080118983727 * cpuUsed_0 * realtime;2;0.885927849924974;192.962662386964
9;1.60174174581626 * Quality + 7.16611873731447 * AutoAltRef + 32.7612451464027 * Threads_6 + 3.44201918309979 * cpuUsed_2 + 34.9204829992447 * cpuUsed_0 + -3.22031827775239 * AutoAltRef * cpuUsed_6 + -4.03587553871167 * AutoAltRef * cpuUsed_6 * realtime + 10.0180657293288 * cpuUsed_2 * TileColumns_0 + 13.8246486593576 * cpuUsed_0 * realtime + 0.916346683510544 * good;11.3126480370817;11.3126480370817;11.3126480370817;11.3126480370817;15.201708;15;0.916346683510544 * good;1;1.9885736386311;191.759538312893
10;1.08976604196679 * Quality + 5.30170581633086 * AutoAltRef + 34.5945845187033 * Threads_6 + 3.39763871697711 * cpuUsed_2 + 34.4261616300107 * cpuUsed_0 + -1.8502267260027 * AutoAltRef * cpuUsed_6 + -6.91574566813128 * AutoAltRef * cpuUsed_6 * realtime + 10.0712733627592 * cpuUsed_2 * TileColumns_0 + 10.975852078621 * cpuUsed_0 * realtime + 1.92264375659399 * good + 3.88616720250298 * AutoAltRef * realtime;8.8797619472934;8.8797619472934;8.8797619472934;8.8797619472934;20.407152;17;3.88616720250298 * AutoAltRef * realtime;2;1.21644304489413;198.883778179527
Analyze finished
command: measurementstocsv /scratch/kaltenec/Distribution-Aware-Sampling/Results_test/VP9_disc/VP9_disc_54/sampledConfigurations_solv_1.csv
command: clean-sampling
command: clean-global
command: script /scratch/kaltenec/Distribution-Aware-Sampling/Results_test/VP9_disc/VP9_disc_54/learn_solv_2.a
command: log /scratch/kaltenec/Distribution-Aware-Sampling/Results_test/VP9_disc/VP9_disc_54/out_solv_2.log
