Current machine learning settings: epsilon:0 lossFunction:RELATIVE parallelization:True bagging:False baggingNumbers:3 baggingTestDataFraction:50 useBackward:False abortError:1 limitFeatureSize:False featureSizeTreshold:4 quadraticFunctionSupport:True crossValidation:False crossValidation-k:5 learn-logFunction:False learn-accumulatedLogFunction:False learn-asymFunction:False learn-ratioFunction:False learn-mirrowedFunction:False numberOfRounds:70 backwardErrorDelta:1 minImprovementPerRound:0.1 withHierarchy:False bruteForceCandidates:False ignoreBadFeatures:False stopOnLongRound:True candidateSizePenalty:True learnTimeLimit:00:00:00 scoreMeasure:RELERROR outputRoundsToStdout:False blacklisted: 
command: mlsettings bagging:False stopOnLongRound:False parallelization:True lossFunction:RELATIVE useBackward:False abortError:10 limitFeatureSize:False featureSizeTreshold:7 quadraticFunctionSupport:True crossValidation:False learn_logFunction:True numberOfRounds:70 backwardErrorDelta:1 minImprovementPerRound:0.25 withHierarchy:False
Current machine learning settings: epsilon:0 lossFunction:RELATIVE parallelization:True bagging:False baggingNumbers:3 baggingTestDataFraction:50 useBackward:False abortError:10 limitFeatureSize:False featureSizeTreshold:7 quadraticFunctionSupport:True crossValidation:False crossValidation-k:5 learn-logFunction:True learn-accumulatedLogFunction:False learn-asymFunction:False learn-ratioFunction:False learn-mirrowedFunction:False numberOfRounds:70 backwardErrorDelta:1 minImprovementPerRound:0.25 withHierarchy:False bruteForceCandidates:False ignoreBadFeatures:False stopOnLongRound:False candidateSizePenalty:True learnTimeLimit:00:00:00 scoreMeasure:RELERROR outputRoundsToStdout:False blacklisted: 
command: solver z3
command: vm /scratch/kaltenec/Distribution-Aware-Sampling/DistOut/ConstraintData/VP9_disc/FeatureModel.xml
command: all /scratch/kaltenec/Distribution-Aware-Sampling/DistOut/ConstraintData/VP9_disc/measurements.xml
Configs with too large deviation: 0
216000 configurations loaded.
command: nfp Performance
command: binary satoutput numConfigs:483 seed:67
command: learn-splconqueror
Learning: NumberOfConfigurationsLearning:483 NumberOfConfigurationsValidation:483
Learning progress:
1;48.8282608695655 * Quality + 3.28405797101447 * AutoAltRef;69.3703158643318;69.3703158643318;69.3703158643318;69.3703158643318;0.09568;2;3.28405797101447 * AutoAltRef;1;1.79769313486232E+308;
2;33.6138740798592 * Quality + 1.44396989320323 * AutoAltRef + 37.16080313238 * lossless;43.7648454103481;43.7648454103481;43.7648454103481;43.7648454103481;0.341308;3;37.16080313238 * lossless;1;25.6054704539837;
3;4.74981760897018 * Quality + 1.17060797009986 * AutoAltRef + 36.0809121598483 * lossless + 30.068800244838 * cpuUsed_0;30.2374612041989;30.2374612041989;30.2374612041989;30.2374612041989;0.797736;4;30.068800244838 * cpuUsed_0;1;13.5273842061492;
4;-18.1012196710833 * Quality + 0.240964541038873 * AutoAltRef + 35.2293182909306 * lossless + 33.8090703480687 * cpuUsed_0 + 25.6999225653017 * TileColumns_0;23.2178152040094;23.2178152040094;23.2178152040094;23.2178152040094;2.054761;5;25.6999225653017 * TileColumns_0;1;7.01964600018945;
5;-23.0161446090434 * Quality + -0.0634161741666071 * AutoAltRef + 34.9354098937328 * lossless + 30.9866630301791 * cpuUsed_0 + 26.153889515929 * TileColumns_0 + 15.3255629898573 * realtime;17.6371791877262;17.6371791877262;17.6371791877262;17.6371791877262;4.005919;6;15.3255629898573 * realtime;1;5.58063601628329;
6;-14.8508333250779 * Quality + -0.237810569927808 * AutoAltRef + 17.5747098148602 * lossless + 29.6806964311129 * cpuUsed_0 + 17.0696941054753 * TileColumns_0 + 15.534839337095 * realtime + 22.2882323603724 * lossless * TileColumns_0;12.2185636971972;12.2185636971972;12.2185636971972;12.2185636971972;6.608888;8;22.2882323603724 * lossless * TileColumns_0;2;2.70930774526447;
7;-15.1576605146574 * Quality + -0.235954059450482 * AutoAltRef + 17.890132722107 * lossless + 28.936522160879 * cpuUsed_0 + 16.971128853151 * TileColumns_0 + 15.5149401762573 * realtime + 21.9649915696107 * lossless * TileColumns_0 + 4.00948711779438 * variance;11.0912131480953;11.0912131480953;11.0912131480953;11.0912131480953;10.091139;9;4.00948711779438 * variance;1;1.12735054910191;
8;-11.9115211320418 * Quality + -0.264267272708788 * AutoAltRef + 18.3239778961354 * lossless + 29.0357978921382 * cpuUsed_0 + 12.7424938119809 * TileColumns_0 + 8.79587608999104 * realtime + 21.4986575953094 * lossless * TileColumns_0 + 3.91332090728642 * variance + 8.64487321781853 * TileColumns_0 * realtime;9.85734492697416;9.85734492697416;9.85734492697416;9.85734492697416;14.504834;11;8.64487321781853 * TileColumns_0 * realtime;2;0.616934110560568;
Elapsed=00:00:14.5189560
average model: 
command: analyze-learning
Round, Model, LearningError, LearningErrorRel, ValidationError, ValidationErrorRel, ElapsedSeconds, ModelComplexity, BestCandidate, BestCandidateSize, BestCandidateScore, TestError
Models:
Termination reason: abortError
1;48.8282608695655 * Quality + 3.28405797101447 * AutoAltRef;69.3703158643318;69.3703158643318;69.3703158643318;69.3703158643318;0.09568;2;3.28405797101447 * AutoAltRef;1;1.79769313486232E+308;819.780817304654
2;33.6138740798592 * Quality + 1.44396989320323 * AutoAltRef + 37.16080313238 * lossless;43.7648454103481;43.7648454103481;43.7648454103481;43.7648454103481;0.341308;3;37.16080313238 * lossless;1;25.6054704539837;889.325128868387
3;4.74981760897018 * Quality + 1.17060797009986 * AutoAltRef + 36.0809121598483 * lossless + 30.068800244838 * cpuUsed_0;30.2374612041989;30.2374612041989;30.2374612041989;30.2374612041989;0.797736;4;30.068800244838 * cpuUsed_0;1;13.5273842061492;383.941082675752
4;-18.1012196710833 * Quality + 0.240964541038873 * AutoAltRef + 35.2293182909306 * lossless + 33.8090703480687 * cpuUsed_0 + 25.6999225653017 * TileColumns_0;23.2178152040094;23.2178152040094;23.2178152040094;23.2178152040094;2.054761;5;25.6999225653017 * TileColumns_0;1;7.01964600018945;318.264613643519
5;-23.0161446090434 * Quality + -0.0634161741666071 * AutoAltRef + 34.9354098937328 * lossless + 30.9866630301791 * cpuUsed_0 + 26.153889515929 * TileColumns_0 + 15.3255629898573 * realtime;17.6371791877262;17.6371791877262;17.6371791877262;17.6371791877262;4.005919;6;15.3255629898573 * realtime;1;5.58063601628329;381.808803503096
6;-14.8508333250779 * Quality + -0.237810569927808 * AutoAltRef + 17.5747098148602 * lossless + 29.6806964311129 * cpuUsed_0 + 17.0696941054753 * TileColumns_0 + 15.534839337095 * realtime + 22.2882323603724 * lossless * TileColumns_0;12.2185636971972;12.2185636971972;12.2185636971972;12.2185636971972;6.608888;8;22.2882323603724 * lossless * TileColumns_0;2;2.70930774526447;288.974686153676
7;-15.1576605146574 * Quality + -0.235954059450482 * AutoAltRef + 17.890132722107 * lossless + 28.936522160879 * cpuUsed_0 + 16.971128853151 * TileColumns_0 + 15.5149401762573 * realtime + 21.9649915696107 * lossless * TileColumns_0 + 4.00948711779438 * variance;11.0912131480953;11.0912131480953;11.0912131480953;11.0912131480953;10.091139;9;4.00948711779438 * variance;1;1.12735054910191;290.374009967099
8;-11.9115211320418 * Quality + -0.264267272708788 * AutoAltRef + 18.3239778961354 * lossless + 29.0357978921382 * cpuUsed_0 + 12.7424938119809 * TileColumns_0 + 8.79587608999104 * realtime + 21.4986575953094 * lossless * TileColumns_0 + 3.91332090728642 * variance + 8.64487321781853 * TileColumns_0 * realtime;9.85734492697416;9.85734492697416;9.85734492697416;9.85734492697416;14.504834;11;8.64487321781853 * TileColumns_0 * realtime;2;0.616934110560568;263.071424164913
Analyze finished
command: measurementstocsv /scratch/kaltenec/Distribution-Aware-Sampling/Results_Henard/VP9_disc/VP9_disc_67/sampledConfigurations_henard_1.csv
command: clean-sampling
command: clean-global
command: script /scratch/kaltenec/Distribution-Aware-Sampling/Results_Henard/VP9_disc/VP9_disc_67/learn_henard_2.a
command: log /scratch/kaltenec/Distribution-Aware-Sampling/Results_Henard/VP9_disc/VP9_disc_67/out_henard_2.log
