Current machine learning settings: epsilon:0 lossFunction:RELATIVE parallelization:True bagging:False baggingNumbers:3 baggingTestDataFraction:50 useBackward:False abortError:1 limitFeatureSize:False featureSizeTreshold:4 quadraticFunctionSupport:True crossValidation:False crossValidation-k:5 learn-logFunction:False learn-accumulatedLogFunction:False learn-asymFunction:False learn-ratioFunction:False learn-mirrowedFunction:False numberOfRounds:70 backwardErrorDelta:1 minImprovementPerRound:0.1 withHierarchy:False bruteForceCandidates:False ignoreBadFeatures:False stopOnLongRound:True candidateSizePenalty:True learnTimeLimit:00:00:00 scoreMeasure:RELERROR outputRoundsToStdout:False blacklisted: 
command: mlsettings bagging:False stopOnLongRound:False parallelization:True lossFunction:RELATIVE useBackward:False abortError:10 limitFeatureSize:False featureSizeTreshold:7 quadraticFunctionSupport:True crossValidation:False learn_logFunction:True numberOfRounds:70 backwardErrorDelta:1 minImprovementPerRound:0.25 withHierarchy:False
Current machine learning settings: epsilon:0 lossFunction:RELATIVE parallelization:True bagging:False baggingNumbers:3 baggingTestDataFraction:50 useBackward:False abortError:10 limitFeatureSize:False featureSizeTreshold:7 quadraticFunctionSupport:True crossValidation:False crossValidation-k:5 learn-logFunction:True learn-accumulatedLogFunction:False learn-asymFunction:False learn-ratioFunction:False learn-mirrowedFunction:False numberOfRounds:70 backwardErrorDelta:1 minImprovementPerRound:0.25 withHierarchy:False bruteForceCandidates:False ignoreBadFeatures:False stopOnLongRound:False candidateSizePenalty:True learnTimeLimit:00:00:00 scoreMeasure:RELERROR outputRoundsToStdout:False blacklisted: 
command: solver z3
command: vm ../FeatureModel.xml
Warning: Variability model contains outdated notation. Children nodes will no longer have effect on the model. Instead use the parent node to describe the parent of an configuration option. You can also use the converter providedby the Variability Model GUI in export>convert legacy model.
Warning: Default value nodes in models are no longer used and should be removed. You can also use the converter provided by the Variability Model GUI in export>convert legacy model to update your model.
command: all ../measurements.xml
Configs with too large deviation: 0
2560 configurations loaded.
command: nfp Performance
command: binary random numConfigs:363 seed:64 fromFile:../allConfigurations.csv
command: learn-splconqueror
Learning: NumberOfConfigurationsLearning:363 NumberOfConfigurationsValidation:363
Learning progress:
1;9.57878154241584 * PAGESIZE + -2.79809385336559 * CS16MB;123.164958011309;123.164958011309;123.164958011309;123.164958011309;0.0312505;2;-2.79809385336559 * CS16MB;1;1.79769313486232E+308;
2;11.5846854378832 * PAGESIZE + -3.16140202836253 * CS16MB + -9.41754879736357 * PS1K;107.687374562251;107.687374562251;107.687374562251;107.687374562251;0.0781255;3;-9.41754879736357 * PS1K;1;15.4775834490576;
3;12.0650387444014 * PAGESIZE + -3.25236133103085 * CS16MB + -9.39836507760203 * PS1K + -0.912855138581458 * HAVE_HASH;103.939328057836;103.939328057836;103.939328057836;103.939328057836;0.1093748;4;-0.912855138581458 * HAVE_HASH;1;3.7480465044153;
4;11.7298322568574 * PAGESIZE + -2.84297943464803 * CS16MB + -8.25715798195558 * PS1K + -8.00436694087749 * HAVE_HASH + 14.0522791229484 * HAVE_HASH * HAVE_CRYPTO;87.6652305479567;87.6652305479567;87.6652305479567;87.6652305479567;0.1875019;6;14.0522791229484 * HAVE_HASH * HAVE_CRYPTO;2;8.13704875493966;
5;11.0943427383392 * PAGESIZE + -1.65083248840438 * CS16MB + -6.67608874056091 * PS1K + -8.04787303464883 * HAVE_HASH + 8.30838805431977 * HAVE_HASH * HAVE_CRYPTO + 27.6672962309163 * HAVE_HASH * HAVE_CRYPTO * PS32K;48.8075758362995;48.8075758362995;48.8075758362995;48.8075758362995;0.3593781;9;27.6672962309163 * HAVE_HASH * HAVE_CRYPTO * PS32K;3;12.9525515705524;
6;10.8205407644077 * PAGESIZE + -1.16048347581569 * CS16MB + -5.96227583436431 * PS1K + -8.07009842336015 * HAVE_HASH + 5.70510445320562 * HAVE_HASH * HAVE_CRYPTO + 30.5420897440438 * HAVE_HASH * HAVE_CRYPTO * PS32K + 12.873128170659 * HAVE_HASH * HAVE_CRYPTO * PS16K;35.139136634392;35.139136634392;35.139136634392;35.139136634392;0.5156288;12;12.873128170659 * HAVE_HASH * HAVE_CRYPTO * PS16K;3;4.55614640063583;
7;10.8408050181353 * PAGESIZE + -1.18763683445676 * CS16MB + -6.02789831561647 * PS1K + -7.9156039755726 * HAVE_HASH + 5.55433950338697 * HAVE_HASH * HAVE_CRYPTO + 30.5194536602794 * HAVE_HASH * HAVE_CRYPTO * PS32K + 14.3826152112061 * HAVE_HASH * HAVE_CRYPTO * PS16K + -1.5316705683342 * HAVE_HASH * PS16K;31.5591533672572;31.5591533672572;31.5591533672572;31.5591533672572;0.6875062;14;-1.5316705683342 * HAVE_HASH * PS16K;2;1.78999163356741;
8;11.0595697138098 * PAGESIZE + -2.00206283783822 * CS16MB + -6.00652706876054 * PS1K + -8.37703266644894 * HAVE_HASH + 5.52760797174298 * HAVE_HASH * HAVE_CRYPTO + 30.7378346142778 * HAVE_HASH * HAVE_CRYPTO * PS32K + 14.4546930298256 * HAVE_HASH * HAVE_CRYPTO * PS16K + -1.40237229057096 * HAVE_HASH * PS16K + 1.83471746032958 * HAVE_HASH * CS16MB;29.522841805438;29.522841805438;29.522841805438;29.522841805438;0.9062591;16;1.83471746032958 * HAVE_HASH * CS16MB;2;1.01815578090958;
9;11.0244867060427 * PAGESIZE + -1.99455830934377 * CS16MB + -5.83760888321488 * PS1K + -8.57648605984726 * HAVE_HASH + 5.40446724798432 * HAVE_HASH * HAVE_CRYPTO + 31.0979263548067 * HAVE_HASH * HAVE_CRYPTO * PS32K + 14.5756874286023 * HAVE_HASH * HAVE_CRYPTO * PS16K + -1.16247007695073 * HAVE_HASH * PS16K + 1.77892061974207 * HAVE_HASH * CS16MB + 0.946794257190495 * HAVE_HASH * PS8K;27.6547147751173;27.6547147751173;27.6547147751173;27.6547147751173;1.2656372;18;0.946794257190495 * HAVE_HASH * PS8K;2;0.934063515160362;
10;10.9442987306385 * PAGESIZE + -1.96249440474974 * CS16MB + -5.79447329565835 * PS1K + -8.51290497581724 * HAVE_HASH + 5.40362699505516 * HAVE_HASH * HAVE_CRYPTO + 31.1152427349618 * HAVE_HASH * HAVE_CRYPTO * PS32K + 14.5766439163297 * HAVE_HASH * HAVE_CRYPTO * PS16K + -1.54875272642053 * HAVE_HASH * PS16K + 1.74947199811047 * HAVE_HASH * CS16MB + 0.963077822780699 * HAVE_HASH * PS8K + 0.402598953848141 * PS16K;27.2185734965646;27.2185734965646;27.2185734965646;27.2185734965646;1.6250158;19;0.402598953848141 * PS16K;1;0.436141278552714;
11;10.9978035486153 * PAGESIZE + -2.14002570549706 * CS16MB + -5.8021261608472 * PS1K + -8.56346349566546 * HAVE_HASH + 5.40377606784531 * HAVE_HASH * HAVE_CRYPTO + 31.1121705634581 * HAVE_HASH * HAVE_CRYPTO * PS32K + -4.86030001833462 * HAVE_HASH * HAVE_CRYPTO * PS16K + 8.88271295835616 * HAVE_HASH * PS16K + 1.92653931055774 * HAVE_HASH * CS16MB + 0.960188887233208 * HAVE_HASH * PS8K + -10.0317614748016 * PS16K + 19.436774240172 * PS16K * HAVE_CRYPTO;24.6606161004737;24.6606161004737;24.6606161004737;24.6606161004737;2.1093969;21;19.436774240172 * PS16K * HAVE_CRYPTO;2;1.27897869804544;
12;11.0032336969227 * PAGESIZE + -2.14137994796178 * CS16MB + -5.82385089587488 * PS1K + -8.52073403236589 * HAVE_HASH + 5.37058195384708 * HAVE_HASH * HAVE_CRYPTO + 31.27391027043 * HAVE_HASH * HAVE_CRYPTO * PS32K + -4.82686303641691 * HAVE_HASH * HAVE_CRYPTO * PS16K + 8.8390117215174 * HAVE_HASH * PS16K + 1.93476440992384 * HAVE_HASH * CS16MB + 0.927929352762756 * HAVE_HASH * PS8K + -10.0369832781144 * PS16K + 19.4368367436704 * PS16K * HAVE_CRYPTO + -0.177048747425796 * HAVE_HASH * PS32K;24.5711521039748;24.5711521039748;24.5711521039748;24.5711521039748;2.7344009;23;-0.177048747425796 * HAVE_HASH * PS32K;2;0.0447319982494516;
Elapsed=00:00:02.7396654
average model: 

command: analyze-learning
Round, Model, LearningError, LearningErrorRel, ValidationError, ValidationErrorRel, ElapsedSeconds, ModelComplexity, BestCandidate, BestCandidateSize, BestCandidateScore, TestError
Models:
Termination reason: minImprovementPerRound
1;9.57878154241584 * PAGESIZE + -2.79809385336559 * CS16MB;123.164958011309;123.164958011309;123.164958011309;123.164958011309;0.0312505;2;-2.79809385336559 * CS16MB;1;1.79769313486232E+308;149.947008779668
2;11.5846854378832 * PAGESIZE + -3.16140202836253 * CS16MB + -9.41754879736357 * PS1K;107.687374562251;107.687374562251;107.687374562251;107.687374562251;0.0781255;3;-9.41754879736357 * PS1K;1;15.4775834490576;137.529031737632
3;12.0650387444014 * PAGESIZE + -3.25236133103085 * CS16MB + -9.39836507760203 * PS1K + -0.912855138581458 * HAVE_HASH;103.939328057836;103.939328057836;103.939328057836;103.939328057836;0.1093748;4;-0.912855138581458 * HAVE_HASH;1;3.7480465044153;132.647608001895
4;11.7298322568574 * PAGESIZE + -2.84297943464803 * CS16MB + -8.25715798195558 * PS1K + -8.00436694087749 * HAVE_HASH + 14.0522791229484 * HAVE_HASH * HAVE_CRYPTO;87.6652305479567;87.6652305479567;87.6652305479567;87.6652305479567;0.1875019;6;14.0522791229484 * HAVE_HASH * HAVE_CRYPTO;2;8.13704875493966;91.1416426572143
5;11.0943427383392 * PAGESIZE + -1.65083248840438 * CS16MB + -6.67608874056091 * PS1K + -8.04787303464883 * HAVE_HASH + 8.30838805431977 * HAVE_HASH * HAVE_CRYPTO + 27.6672962309163 * HAVE_HASH * HAVE_CRYPTO * PS32K;48.8075758362995;48.8075758362995;48.8075758362995;48.8075758362995;0.3593781;9;27.6672962309163 * HAVE_HASH * HAVE_CRYPTO * PS32K;3;12.9525515705524;51.1491506771534
6;10.8205407644077 * PAGESIZE + -1.16048347581569 * CS16MB + -5.96227583436431 * PS1K + -8.07009842336015 * HAVE_HASH + 5.70510445320562 * HAVE_HASH * HAVE_CRYPTO + 30.5420897440438 * HAVE_HASH * HAVE_CRYPTO * PS32K + 12.873128170659 * HAVE_HASH * HAVE_CRYPTO * PS16K;35.139136634392;35.139136634392;35.139136634392;35.139136634392;0.5156288;12;12.873128170659 * HAVE_HASH * HAVE_CRYPTO * PS16K;3;4.55614640063583;36.3133884132999
7;10.8408050181353 * PAGESIZE + -1.18763683445676 * CS16MB + -6.02789831561647 * PS1K + -7.9156039755726 * HAVE_HASH + 5.55433950338697 * HAVE_HASH * HAVE_CRYPTO + 30.5194536602794 * HAVE_HASH * HAVE_CRYPTO * PS32K + 14.3826152112061 * HAVE_HASH * HAVE_CRYPTO * PS16K + -1.5316705683342 * HAVE_HASH * PS16K;31.5591533672572;31.5591533672572;31.5591533672572;31.5591533672572;0.6875062;14;-1.5316705683342 * HAVE_HASH * PS16K;2;1.78999163356741;31.0685133826476
8;11.0595697138098 * PAGESIZE + -2.00206283783822 * CS16MB + -6.00652706876054 * PS1K + -8.37703266644894 * HAVE_HASH + 5.52760797174298 * HAVE_HASH * HAVE_CRYPTO + 30.7378346142778 * HAVE_HASH * HAVE_CRYPTO * PS32K + 14.4546930298256 * HAVE_HASH * HAVE_CRYPTO * PS16K + -1.40237229057096 * HAVE_HASH * PS16K + 1.83471746032958 * HAVE_HASH * CS16MB;29.522841805438;29.522841805438;29.522841805438;29.522841805438;0.9062591;16;1.83471746032958 * HAVE_HASH * CS16MB;2;1.01815578090958;27.1861896253843
9;11.0244867060427 * PAGESIZE + -1.99455830934377 * CS16MB + -5.83760888321488 * PS1K + -8.57648605984726 * HAVE_HASH + 5.40446724798432 * HAVE_HASH * HAVE_CRYPTO + 31.0979263548067 * HAVE_HASH * HAVE_CRYPTO * PS32K + 14.5756874286023 * HAVE_HASH * HAVE_CRYPTO * PS16K + -1.16247007695073 * HAVE_HASH * PS16K + 1.77892061974207 * HAVE_HASH * CS16MB + 0.946794257190495 * HAVE_HASH * PS8K;27.6547147751173;27.6547147751173;27.6547147751173;27.6547147751173;1.2656372;18;0.946794257190495 * HAVE_HASH * PS8K;2;0.934063515160362;25.4680794899549
10;10.9442987306385 * PAGESIZE + -1.96249440474974 * CS16MB + -5.79447329565835 * PS1K + -8.51290497581724 * HAVE_HASH + 5.40362699505516 * HAVE_HASH * HAVE_CRYPTO + 31.1152427349618 * HAVE_HASH * HAVE_CRYPTO * PS32K + 14.5766439163297 * HAVE_HASH * HAVE_CRYPTO * PS16K + -1.54875272642053 * HAVE_HASH * PS16K + 1.74947199811047 * HAVE_HASH * CS16MB + 0.963077822780699 * HAVE_HASH * PS8K + 0.402598953848141 * PS16K;27.2185734965646;27.2185734965646;27.2185734965646;27.2185734965646;1.6250158;19;0.402598953848141 * PS16K;1;0.436141278552714;24.9903159550476
11;10.9978035486153 * PAGESIZE + -2.14002570549706 * CS16MB + -5.8021261608472 * PS1K + -8.56346349566546 * HAVE_HASH + 5.40377606784531 * HAVE_HASH * HAVE_CRYPTO + 31.1121705634581 * HAVE_HASH * HAVE_CRYPTO * PS32K + -4.86030001833462 * HAVE_HASH * HAVE_CRYPTO * PS16K + 8.88271295835616 * HAVE_HASH * PS16K + 1.92653931055774 * HAVE_HASH * CS16MB + 0.960188887233208 * HAVE_HASH * PS8K + -10.0317614748016 * PS16K + 19.436774240172 * PS16K * HAVE_CRYPTO;24.6606161004737;24.6606161004737;24.6606161004737;24.6606161004737;2.1093969;21;19.436774240172 * PS16K * HAVE_CRYPTO;2;1.27897869804544;21.7572021006408
12;11.0032336969227 * PAGESIZE + -2.14137994796178 * CS16MB + -5.82385089587488 * PS1K + -8.52073403236589 * HAVE_HASH + 5.37058195384708 * HAVE_HASH * HAVE_CRYPTO + 31.27391027043 * HAVE_HASH * HAVE_CRYPTO * PS32K + -4.82686303641691 * HAVE_HASH * HAVE_CRYPTO * PS16K + 8.8390117215174 * HAVE_HASH * PS16K + 1.93476440992384 * HAVE_HASH * CS16MB + 0.927929352762756 * HAVE_HASH * PS8K + -10.0369832781144 * PS16K + 19.4368367436704 * PS16K * HAVE_CRYPTO + -0.177048747425796 * HAVE_HASH * PS32K;24.5711521039748;24.5711521039748;24.5711521039748;24.5711521039748;2.7344009;23;-0.177048747425796 * HAVE_HASH * PS32K;2;0.0447319982494516;21.5144668847228
Analyze finished
command: measurementstocsv ./sampledConfigurations_rand_2.csv
command: clean-sampling
command: clean-global
