Current machine learning settings: epsilon:0 lossFunction:RELATIVE parallelization:True bagging:False baggingNumbers:3 baggingTestDataFraction:50 useBackward:False abortError:1 limitFeatureSize:False featureSizeTreshold:4 quadraticFunctionSupport:True crossValidation:False crossValidation-k:5 learn-logFunction:False learn-accumulatedLogFunction:False learn-asymFunction:False learn-ratioFunction:False learn-mirrowedFunction:False numberOfRounds:70 backwardErrorDelta:1 minImprovementPerRound:0.1 withHierarchy:False bruteForceCandidates:False ignoreBadFeatures:False stopOnLongRound:True candidateSizePenalty:True learnTimeLimit:00:00:00 scoreMeasure:RELERROR outputRoundsToStdout:False blacklisted: 
command: mlsettings bagging:False stopOnLongRound:False parallelization:True lossFunction:RELATIVE useBackward:False abortError:10 limitFeatureSize:False featureSizeTreshold:7 quadraticFunctionSupport:True crossValidation:False learn_logFunction:True numberOfRounds:70 backwardErrorDelta:1 minImprovementPerRound:0.25 withHierarchy:False
Current machine learning settings: epsilon:0 lossFunction:RELATIVE parallelization:True bagging:False baggingNumbers:3 baggingTestDataFraction:50 useBackward:False abortError:10 limitFeatureSize:False featureSizeTreshold:7 quadraticFunctionSupport:True crossValidation:False crossValidation-k:5 learn-logFunction:True learn-accumulatedLogFunction:False learn-asymFunction:False learn-ratioFunction:False learn-mirrowedFunction:False numberOfRounds:70 backwardErrorDelta:1 minImprovementPerRound:0.25 withHierarchy:False bruteForceCandidates:False ignoreBadFeatures:False stopOnLongRound:False candidateSizePenalty:True learnTimeLimit:00:00:00 scoreMeasure:RELERROR outputRoundsToStdout:False blacklisted: 
command: solver z3
command: vm /scratch/kaltenec/Distribution-Aware-Sampling/DistOut/ConstraintData/7z_disc/FeatureModel.xml
command: all /scratch/kaltenec/Distribution-Aware-Sampling/DistOut/ConstraintData/7z_disc/measurements.xml
Configs with too large deviation: 0
68640 configurations loaded.
command: nfp Performance
command: hybrid distribution-aware distance-metric:manhattan distribution:uniform onlyBinary:true selection:SolverSelection  numConfigs:600 seed:64
command: learn-splconqueror
Learning: NumberOfConfigurationsLearning:600 NumberOfConfigurationsValidation:600
Learning progress:
1;11521.3347921226 * CompressionMethod + 1457.54632675859 * BlockSize_1;142.18685301912;142.18685301912;142.18685301912;142.18685301912;0.130408;2;1457.54632675859 * BlockSize_1;1;1.79769313486232E+308;
2;6981.62702848245 * CompressionMethod + 9.81845408257595 * BlockSize_1 + 10976.9653332463 * x_8;72.8757006773711;72.8757006773711;72.8757006773711;72.8757006773711;0.438998;3;10976.9653332463 * x_8;1;69.3111523417486;
3;4691.20546355464 * CompressionMethod + 1195.44954219098 * BlockSize_1 + 12921.022760075 * x_8 + 6348.55889253622 * x_6;57.1393135673195;57.1393135673195;57.1393135673195;57.1393135673195;1.184485;4;6348.55889253622 * x_6;1;15.7363871100516;
4;3335.82427363873 * CompressionMethod + 450.179249973648 * BlockSize_1 + 14494.1233612005 * x_8 + 7710.84073330596 * x_6 + 14694.0861013744 * x_10;41.920295316767;41.920295316767;41.920295316767;41.920295316767;2.396548;5;14694.0861013744 * x_10;1;15.2190182505525;
5;3252.80040963265 * CompressionMethod + 771.098416612409 * BlockSize_1 + 15872.5206243462 * x_8 + 7790.89312354687 * x_6 + 14616.6503820612 * x_10 + -12789.5307782112 * x_8 * PPMd;33.0847113235688;33.0847113235688;33.0847113235688;33.0847113235688;4.341577;7;-12789.5307782112 * x_8 * PPMd;2;4.41779199659912;
6;3257.57993816217 * CompressionMethod + 752.62370056556 * BlockSize_1 + 15872.9419612585 * x_8 + 9643.07206524053 * x_6 + 14621.1082115551 * x_10 + -12787.7239927386 * x_8 * PPMd + -10026.6520034027 * x_6 * PPMd;24.4820926655486;24.4820926655486;24.4820926655486;24.4820926655486;6.929336;9;-10026.6520034027 * x_6 * PPMd;2;4.30130932901007;
7;3551.99800724106 * CompressionMethod + 731.950504673747 * BlockSize_1 + 15916.8660444119 * x_8 + 9679.01974667451 * x_6 + 14378.7674198033 * x_10 + -13118.2245879085 * x_8 * PPMd + -10357.0177539155 * x_6 * PPMd + -1001.77630514621 * Deflate;22.0010768726091;22.0010768726091;22.0010768726091;22.0010768726091;9.975047;10;-1001.77630514621 * Deflate;1;2.48101579293957;
8;3240.77343664324 * CompressionMethod + 800.789314942458 * BlockSize_1 + 15845.2908066113 * x_8 + 9662.15110259023 * x_6 + 14584.6670536978 * x_10 + -12761.5360523707 * x_8 * PPMd + -10028.9245392335 * x_6 * PPMd + -669.835940170376 * Deflate + 1369.79239267562 * BZip2;20.8585319682715;20.8585319682715;20.8585319682715;20.8585319682715;13.598814;11;1369.79239267562 * BZip2;1;1.14254490433757;
9;3010.94438442494 * CompressionMethod + 854.467613879008 * BlockSize_1 + 15782.7472757863 * x_8 + 11169.8715545237 * x_6 + 14724.6771104962 * x_10 + -12489.5242034067 * x_8 * PPMd + -11306.8159389487 * x_6 * PPMd + -684.649899864731 * Deflate + 2896.12265520803 * BZip2 + -9531.93859415666 * x_6 * BZip2;17.372826290163;17.372826290163;17.372826290163;17.372826290163;17.897973;13;-9531.93859415666 * x_6 * BZip2;2;1.74285283905424;
10;3125.40531581491 * CompressionMethod + 598.958310517691 * BlockSize_1 + 15798.7340489442 * x_8 + 11094.5867409932 * x_6 + 20951.3896521536 * x_10 + -12523.0545859898 * x_8 * PPMd + -11345.992056808 * x_6 * PPMd + -775.805879804027 * Deflate + 2743.25656561785 * BZip2 + -9418.24862242596 * x_6 * BZip2 + -16542.0032936965 * x_10 * PPMd;15.169498978045;15.169498978045;15.169498978045;15.169498978045;23.088084;15;-16542.0032936965 * x_10 * PPMd;2;1.10166365605903;
11;3291.65028731534 * CompressionMethod + 612.534041864939 * BlockSize_1 + 15674.5889835329 * x_8 + 10962.0390776751 * x_6 + 20788.9741644699 * x_10 + -11103.3644950362 * x_8 * PPMd + -9912.74995260894 * x_6 * PPMd + -862.260243143328 * Deflate + 2650.08708957985 * BZip2 + -9358.7764545703 * x_6 * BZip2 + -15083.4186089144 * x_10 * PPMd + -1466.93941238142 * PPMd;14.1153322693755;14.1153322693755;14.1153322693755;14.1153322693755;29.191406;16;-1466.93941238142 * PPMd;1;1.05416670866946;
12;2788.66036228189 * CompressionMethod + 671.803509222832 * BlockSize_1 + 16583.9260381702 * x_8 + 11476.3032899063 * x_6 + 21049.013150462 * x_10 + -12015.4265826555 * x_8 * PPMd + -10407.257675721 * x_6 * PPMd + -893.072888660368 * Deflate + 5791.73861449894 * BZip2 + -12511.7022666873 * x_6 * BZip2 + -15343.4575949065 * x_10 * PPMd + -983.705976467137 * PPMd + -5374.54861952936 * x_8 * BZip2;12.9575422508239;12.9575422508239;12.9575422508239;12.9575422508239;36.48717;18;-5374.54861952936 * x_8 * BZip2;2;0.578895009275823;
13;3073.85009429528 * CompressionMethod + 374.328077238599 * BlockSize_1 + 16486.2240463179 * x_8 + 11292.9278725921 * x_6 + 38841.6811523985 * x_10 + -11904.0475594477 * x_8 * PPMd + -10323.0407357348 * x_6 * PPMd + -1142.61715954835 * Deflate + 4963.03918775178 * BZip2 + -11784.817154639 * x_6 * BZip2 + -33136.125596843 * x_10 * PPMd + -1169.73723115258 * PPMd + -4658.96807494726 * x_8 * BZip2 + -22284.3619519796 * x_10 * LZMA;10.9539217456959;10.9539217456959;10.9539217456959;10.9539217456959;44.733045;20;-22284.3619519796 * x_10 * LZMA;2;1.00181025256397;
14;3158.2416406363 * CompressionMethod + 74.827150453994 * BlockSize_1 + 16335.8427114391 * x_8 + 11215.5758429351 * x_6 + 39073.4018781347 * x_10 + -11944.2986800623 * x_8 * PPMd + -10345.5223483395 * x_6 * PPMd + -1150.25244602539 * Deflate + 4920.84043835037 * BZip2 + -11749.6579219219 * x_6 * BZip2 + -33367.8463225792 * x_10 * PPMd + -1154.29513523202 * PPMd + -4610.62420936541 * x_8 * BZip2 + -22450.7237606646 * x_10 * LZMA + 538.879616213783 * BlockSize_1 * x_8;10.4604666160959;10.4604666160959;10.4604666160959;10.4604666160959;53.985783;22;538.879616213783 * BlockSize_1 * x_8;2;0.246727564800024;
Elapsed=00:00:53.9978495
average model: 
command: analyze-learning
Round, Model, LearningError, LearningErrorRel, ValidationError, ValidationErrorRel, ElapsedSeconds, ModelComplexity, BestCandidate, BestCandidateSize, BestCandidateScore, TestError
Models:
Termination reason: minImprovementPerRound
1;11521.3347921226 * CompressionMethod + 1457.54632675859 * BlockSize_1;142.18685301912;142.18685301912;142.18685301912;142.18685301912;0.130408;2;1457.54632675859 * BlockSize_1;1;1.79769313486232E+308;184.761386025198
2;6981.62702848245 * CompressionMethod + 9.81845408257595 * BlockSize_1 + 10976.9653332463 * x_8;72.8757006773711;72.8757006773711;72.8757006773711;72.8757006773711;0.438998;3;10976.9653332463 * x_8;1;69.3111523417486;98.3121510057357
3;4691.20546355464 * CompressionMethod + 1195.44954219098 * BlockSize_1 + 12921.022760075 * x_8 + 6348.55889253622 * x_6;57.1393135673195;57.1393135673195;57.1393135673195;57.1393135673195;1.184485;4;6348.55889253622 * x_6;1;15.7363871100516;72.914996129999
4;3335.82427363873 * CompressionMethod + 450.179249973648 * BlockSize_1 + 14494.1233612005 * x_8 + 7710.84073330596 * x_6 + 14694.0861013744 * x_10;41.920295316767;41.920295316767;41.920295316767;41.920295316767;2.396548;5;14694.0861013744 * x_10;1;15.2190182505525;51.4183406509714
5;3252.80040963265 * CompressionMethod + 771.098416612409 * BlockSize_1 + 15872.5206243462 * x_8 + 7790.89312354687 * x_6 + 14616.6503820612 * x_10 + -12789.5307782112 * x_8 * PPMd;33.0847113235688;33.0847113235688;33.0847113235688;33.0847113235688;4.341577;7;-12789.5307782112 * x_8 * PPMd;2;4.41779199659912;44.9851748077772
6;3257.57993816217 * CompressionMethod + 752.62370056556 * BlockSize_1 + 15872.9419612585 * x_8 + 9643.07206524053 * x_6 + 14621.1082115551 * x_10 + -12787.7239927386 * x_8 * PPMd + -10026.6520034027 * x_6 * PPMd;24.4820926655486;24.4820926655486;24.4820926655486;24.4820926655486;6.929336;9;-10026.6520034027 * x_6 * PPMd;2;4.30130932901007;35.6101810642165
7;3551.99800724106 * CompressionMethod + 731.950504673747 * BlockSize_1 + 15916.8660444119 * x_8 + 9679.01974667451 * x_6 + 14378.7674198033 * x_10 + -13118.2245879085 * x_8 * PPMd + -10357.0177539155 * x_6 * PPMd + -1001.77630514621 * Deflate;22.0010768726091;22.0010768726091;22.0010768726091;22.0010768726091;9.975047;10;-1001.77630514621 * Deflate;1;2.48101579293957;33.4176401547917
8;3240.77343664324 * CompressionMethod + 800.789314942458 * BlockSize_1 + 15845.2908066113 * x_8 + 9662.15110259023 * x_6 + 14584.6670536978 * x_10 + -12761.5360523707 * x_8 * PPMd + -10028.9245392335 * x_6 * PPMd + -669.835940170376 * Deflate + 1369.79239267562 * BZip2;20.8585319682715;20.8585319682715;20.8585319682715;20.8585319682715;13.598814;11;1369.79239267562 * BZip2;1;1.14254490433757;30.3458526610103
9;3010.94438442494 * CompressionMethod + 854.467613879008 * BlockSize_1 + 15782.7472757863 * x_8 + 11169.8715545237 * x_6 + 14724.6771104962 * x_10 + -12489.5242034067 * x_8 * PPMd + -11306.8159389487 * x_6 * PPMd + -684.649899864731 * Deflate + 2896.12265520803 * BZip2 + -9531.93859415666 * x_6 * BZip2;17.372826290163;17.372826290163;17.372826290163;17.372826290163;17.897973;13;-9531.93859415666 * x_6 * BZip2;2;1.74285283905424;24.1879850102871
10;3125.40531581491 * CompressionMethod + 598.958310517691 * BlockSize_1 + 15798.7340489442 * x_8 + 11094.5867409932 * x_6 + 20951.3896521536 * x_10 + -12523.0545859898 * x_8 * PPMd + -11345.992056808 * x_6 * PPMd + -775.805879804027 * Deflate + 2743.25656561785 * BZip2 + -9418.24862242596 * x_6 * BZip2 + -16542.0032936965 * x_10 * PPMd;15.169498978045;15.169498978045;15.169498978045;15.169498978045;23.088084;15;-16542.0032936965 * x_10 * PPMd;2;1.10166365605903;21.1297100549689
11;3291.65028731534 * CompressionMethod + 612.534041864939 * BlockSize_1 + 15674.5889835329 * x_8 + 10962.0390776751 * x_6 + 20788.9741644699 * x_10 + -11103.3644950362 * x_8 * PPMd + -9912.74995260894 * x_6 * PPMd + -862.260243143328 * Deflate + 2650.08708957985 * BZip2 + -9358.7764545703 * x_6 * BZip2 + -15083.4186089144 * x_10 * PPMd + -1466.93941238142 * PPMd;14.1153322693755;14.1153322693755;14.1153322693755;14.1153322693755;29.191406;16;-1466.93941238142 * PPMd;1;1.05416670866946;18.8848308161967
12;2788.66036228189 * CompressionMethod + 671.803509222832 * BlockSize_1 + 16583.9260381702 * x_8 + 11476.3032899063 * x_6 + 21049.013150462 * x_10 + -12015.4265826555 * x_8 * PPMd + -10407.257675721 * x_6 * PPMd + -893.072888660368 * Deflate + 5791.73861449894 * BZip2 + -12511.7022666873 * x_6 * BZip2 + -15343.4575949065 * x_10 * PPMd + -983.705976467137 * PPMd + -5374.54861952936 * x_8 * BZip2;12.9575422508239;12.9575422508239;12.9575422508239;12.9575422508239;36.48717;18;-5374.54861952936 * x_8 * BZip2;2;0.578895009275823;20.7265227326263
13;3073.85009429528 * CompressionMethod + 374.328077238599 * BlockSize_1 + 16486.2240463179 * x_8 + 11292.9278725921 * x_6 + 38841.6811523985 * x_10 + -11904.0475594477 * x_8 * PPMd + -10323.0407357348 * x_6 * PPMd + -1142.61715954835 * Deflate + 4963.03918775178 * BZip2 + -11784.817154639 * x_6 * BZip2 + -33136.125596843 * x_10 * PPMd + -1169.73723115258 * PPMd + -4658.96807494726 * x_8 * BZip2 + -22284.3619519796 * x_10 * LZMA;10.9539217456959;10.9539217456959;10.9539217456959;10.9539217456959;44.733045;20;-22284.3619519796 * x_10 * LZMA;2;1.00181025256397;18.4284852579458
14;3158.2416406363 * CompressionMethod + 74.827150453994 * BlockSize_1 + 16335.8427114391 * x_8 + 11215.5758429351 * x_6 + 39073.4018781347 * x_10 + -11944.2986800623 * x_8 * PPMd + -10345.5223483395 * x_6 * PPMd + -1150.25244602539 * Deflate + 4920.84043835037 * BZip2 + -11749.6579219219 * x_6 * BZip2 + -33367.8463225792 * x_10 * PPMd + -1154.29513523202 * PPMd + -4610.62420936541 * x_8 * BZip2 + -22450.7237606646 * x_10 * LZMA + 538.879616213783 * BlockSize_1 * x_8;10.4604666160959;10.4604666160959;10.4604666160959;10.4604666160959;53.985783;22;538.879616213783 * BlockSize_1 * x_8;2;0.246727564800024;18.2676454018605
Analyze finished
command: measurementstocsv /scratch/kaltenec/Distribution-Aware-Sampling/Results_test/7z_disc/7z_disc_64/sampledConfigurations_solv_1.csv
command: clean-sampling
command: clean-global
command: script /scratch/kaltenec/Distribution-Aware-Sampling/Results_test/7z_disc/7z_disc_64/learn_solv_2.a
command: log /scratch/kaltenec/Distribution-Aware-Sampling/Results_test/7z_disc/7z_disc_64/out_solv_2.log
