Current machine learning settings: epsilon:0 lossFunction:RELATIVE parallelization:True bagging:False baggingNumbers:3 baggingTestDataFraction:50 useBackward:False abortError:1 limitFeatureSize:False featureSizeTreshold:4 quadraticFunctionSupport:True crossValidation:False crossValidation-k:5 learn-logFunction:False learn-accumulatedLogFunction:False learn-asymFunction:False learn-ratioFunction:False learn-mirrowedFunction:False numberOfRounds:70 backwardErrorDelta:1 minImprovementPerRound:0.1 withHierarchy:False bruteForceCandidates:False ignoreBadFeatures:False stopOnLongRound:True candidateSizePenalty:True learnTimeLimit:00:00:00 scoreMeasure:RELERROR outputRoundsToStdout:False blacklisted: 
command: mlsettings bagging:False stopOnLongRound:False parallelization:True lossFunction:RELATIVE useBackward:False abortError:10 limitFeatureSize:False featureSizeTreshold:7 quadraticFunctionSupport:True crossValidation:False learn_logFunction:True numberOfRounds:70 backwardErrorDelta:1 minImprovementPerRound:0.25 withHierarchy:False
Current machine learning settings: epsilon:0 lossFunction:RELATIVE parallelization:True bagging:False baggingNumbers:3 baggingTestDataFraction:50 useBackward:False abortError:10 limitFeatureSize:False featureSizeTreshold:7 quadraticFunctionSupport:True crossValidation:False crossValidation-k:5 learn-logFunction:True learn-accumulatedLogFunction:False learn-asymFunction:False learn-ratioFunction:False learn-mirrowedFunction:False numberOfRounds:70 backwardErrorDelta:1 minImprovementPerRound:0.25 withHierarchy:False bruteForceCandidates:False ignoreBadFeatures:False stopOnLongRound:False candidateSizePenalty:True learnTimeLimit:00:00:00 scoreMeasure:RELERROR outputRoundsToStdout:False blacklisted: 
command: solver z3
command: vm /scratch/kaltenec/Distribution-Aware-Sampling/DistOut/ConstraintData/7z_disc/FeatureModel.xml
command: all /scratch/kaltenec/Distribution-Aware-Sampling/DistOut/ConstraintData/7z_disc/measurements.xml
Configs with too large deviation: 0
68640 configurations loaded.
command: nfp Performance
command: hybrid distribution-aware distance-metric:manhattan distribution:uniform onlyBinary:true selection:SolverSelection number-weight-optimization:1-1 numConfigs:39 seed:64
command: learn-splconqueror
Learning: NumberOfConfigurationsLearning:39 NumberOfConfigurationsValidation:39
Learning progress:
1;10475.9459459459 * CompressionMethod + 9144.05405405407 * BlockSize_1;104.971761970487;104.971761970487;104.971761970487;104.971761970487;0.044493;2;9144.05405405407 * BlockSize_1;1;1.79769313486232E+308;
2;6756.52173913043 * CompressionMethod + 12863.4782608696 * BlockSize_1 + 9829.90683229815 * x_8;62.0574114686414;62.0574114686414;62.0574114686414;62.0574114686414;0.075426;3;9829.90683229815 * x_8;1;42.9143505018458;
3;8478.50374064839 * CompressionMethod + 11141.4962593516 * BlockSize_1 + 10583.2739579622 * x_8 + -4950.69825436411 * mtOff;44.0741965485661;44.0741965485661;44.0741965485661;44.0741965485661;0.136595;4;-4950.69825436411 * mtOff;1;17.9832149200754;
4;9244.11267605634 * CompressionMethod + 10375.8873239437 * BlockSize_1 + 10083.9637826962 * x_8 + -5483.29577464789 * mtOff + -6674.11267605634 * x_2;36.2937405538788;36.2937405538788;36.2937405538788;36.2937405538788;0.227023;5;-6674.11267605634 * x_2;1;7.78045599468724;
5;9465.57055214724 * CompressionMethod + 10154.4294478528 * BlockSize_1 + 9451.22699386502 * x_8 + -8030.06134969325 * mtOff + -6895.57055214724 * x_2 + 7861.75460122702 * BZip2;28.6530963174763;28.6530963174763;28.6530963174763;28.6530963174763;0.371822;6;7861.75460122702 * BZip2;1;7.64064423640249;
6;12479.2631578947 * CompressionMethod + 7140.73684210528 * BlockSize_1 + 7461.05263157894 * x_8 + -10247.6842105263 * mtOff + -9909.26315789473 * x_2 + 8259.78947368421 * BZip2 + -4634.26315789472 * Deflate;23.1261643456871;23.1261643456871;23.1261643456871;23.1261643456871;0.684866;7;-4634.26315789472 * Deflate;1;5.5269319717892;
7;11067.2844827586 * CompressionMethod + 8552.71551724137 * BlockSize_1 + 8393.49137931034 * x_8 + -9208.68103448273 * mtOff + -16090 * x_2 + 8073.30172413793 * BZip2 + -3222.28448275862 * Deflate + 7592.7155172414 * Files_80;21.4502171170782;21.4502171170782;21.4502171170782;21.4502171170782;0.986925;8;7592.7155172414 * Files_80;1;1.67594722860898;
8;9279.8330404218 * CompressionMethod + 10340.1669595782 * BlockSize_1 + 10691.6432337434 * x_8 + -6365.78207381371 * mtOff + -16090 * x_2 + 5638.96309314587 * BZip2 + -1434.83304042179 * Deflate + 9380.16695957819 * Files_80 + -6582.36086701815 * x_8 * PPMd;14.945395300472;14.945395300472;14.945395300472;14.945395300472;1.535283;10;-6582.36086701815 * x_8 * PPMd;2;3.25241090830308;
9;5117.45432399513 * CompressionMethod + -439.999999999998 * BlockSize_1 + 13908.6236297199 * x_8 + -2662.97198538367 * mtOff + -16090 * x_2 + 4168.34348355664 * BZip2 + 2727.5456760049 * Deflate + 13542.5456760049 * Files_80 + -9339.77263499798 * x_8 * PPMd + 14942.5456760049 * x_10;8.97611086243781;8.97611086243781;8.97611086243781;8.97611086243781;2.062115;11;14942.5456760049 * x_10;1;5.9692844380342;
Elapsed=00:00:02.0657124
average model: 
command: analyze-learning
Round, Model, LearningError, LearningErrorRel, ValidationError, ValidationErrorRel, ElapsedSeconds, ModelComplexity, BestCandidate, BestCandidateSize, BestCandidateScore, TestError
Models:
Termination reason: abortError
1;10475.9459459459 * CompressionMethod + 9144.05405405407 * BlockSize_1;104.971761970487;104.971761970487;104.971761970487;104.971761970487;0.044493;2;9144.05405405407 * BlockSize_1;1;1.79769313486232E+308;176.222270659808
2;6756.52173913043 * CompressionMethod + 12863.4782608696 * BlockSize_1 + 9829.90683229815 * x_8;62.0574114686414;62.0574114686414;62.0574114686414;62.0574114686414;0.075426;3;9829.90683229815 * x_8;1;42.9143505018458;113.940280086254
3;8478.50374064839 * CompressionMethod + 11141.4962593516 * BlockSize_1 + 10583.2739579622 * x_8 + -4950.69825436411 * mtOff;44.0741965485661;44.0741965485661;44.0741965485661;44.0741965485661;0.136595;4;-4950.69825436411 * mtOff;1;17.9832149200754;104.688781543988
4;9244.11267605634 * CompressionMethod + 10375.8873239437 * BlockSize_1 + 10083.9637826962 * x_8 + -5483.29577464789 * mtOff + -6674.11267605634 * x_2;36.2937405538788;36.2937405538788;36.2937405538788;36.2937405538788;0.227023;5;-6674.11267605634 * x_2;1;7.78045599468724;106.010547369643
5;9465.57055214724 * CompressionMethod + 10154.4294478528 * BlockSize_1 + 9451.22699386502 * x_8 + -8030.06134969325 * mtOff + -6895.57055214724 * x_2 + 7861.75460122702 * BZip2;28.6530963174763;28.6530963174763;28.6530963174763;28.6530963174763;0.371822;6;7861.75460122702 * BZip2;1;7.64064423640249;117.642703548587
6;12479.2631578947 * CompressionMethod + 7140.73684210528 * BlockSize_1 + 7461.05263157894 * x_8 + -10247.6842105263 * mtOff + -9909.26315789473 * x_2 + 8259.78947368421 * BZip2 + -4634.26315789472 * Deflate;23.1261643456871;23.1261643456871;23.1261643456871;23.1261643456871;0.684866;7;-4634.26315789472 * Deflate;1;5.5269319717892;143.642053585361
7;11067.2844827586 * CompressionMethod + 8552.71551724137 * BlockSize_1 + 8393.49137931034 * x_8 + -9208.68103448273 * mtOff + -16090 * x_2 + 8073.30172413793 * BZip2 + -3222.28448275862 * Deflate + 7592.7155172414 * Files_80;21.4502171170782;21.4502171170782;21.4502171170782;21.4502171170782;0.986925;8;7592.7155172414 * Files_80;1;1.67594722860898;173.386575858507
8;9279.8330404218 * CompressionMethod + 10340.1669595782 * BlockSize_1 + 10691.6432337434 * x_8 + -6365.78207381371 * mtOff + -16090 * x_2 + 5638.96309314587 * BZip2 + -1434.83304042179 * Deflate + 9380.16695957819 * Files_80 + -6582.36086701815 * x_8 * PPMd;14.945395300472;14.945395300472;14.945395300472;14.945395300472;1.535283;10;-6582.36086701815 * x_8 * PPMd;2;3.25241090830308;156.264130270377
9;5117.45432399513 * CompressionMethod + -439.999999999998 * BlockSize_1 + 13908.6236297199 * x_8 + -2662.97198538367 * mtOff + -16090 * x_2 + 4168.34348355664 * BZip2 + 2727.5456760049 * Deflate + 13542.5456760049 * Files_80 + -9339.77263499798 * x_8 * PPMd + 14942.5456760049 * x_10;8.97611086243781;8.97611086243781;8.97611086243781;8.97611086243781;2.062115;11;14942.5456760049 * x_10;1;5.9692844380342;140.277772473478
Analyze finished
command: measurementstocsv /scratch/kaltenec/Distribution-Aware-Sampling/Results_opt/7z_disc/7z_disc_64/sampledConfigurations_solv_0.csv
command: clean-sampling
command: clean-global
command: script /scratch/kaltenec/Distribution-Aware-Sampling/Results_opt/7z_disc/7z_disc_64/learn_solv_1.a
command: log /scratch/kaltenec/Distribution-Aware-Sampling/Results_opt/7z_disc/7z_disc_64/out_solv_1.log
