Current machine learning settings: epsilon:0 lossFunction:RELATIVE parallelization:True bagging:False baggingNumbers:3 considerEpsilonTube:False baggingTestDataFraction:50 useBackward:False abortError:1 limitFeatureSize:False featureSizeTreshold:4 quadraticFunctionSupport:True crossValidation:False crossValidation-k:5 learn-logFunction:False learn-accumulatedLogFunction:False learn-asymFunction:False learn-ratioFunction:False learn-mirrowedFunction:False numberOfRounds:70 backwardErrorDelta:1 minImprovementPerRound:0.1 withHierarchy:False bruteForceCandidates:False ignoreBadFeatures:False stopOnLongRound:True candidateSizePenalty:True learnTimeLimit:00:00:00 scoreMeasure:RELERROR outputRoundsToStdout:False blacklisted: 
command: mlsettings bagging:False stopOnLongRound:False parallelization:True lossFunction:RELATIVE useBackward:False abortError:10 limitFeatureSize:False featureSizeTreshold:7 quadraticFunctionSupport:True crossValidation:False learn_logFunction:True numberOfRounds:70 backwardErrorDelta:1 minImprovementPerRound:0.25 withHierarchy:False
Current machine learning settings: epsilon:0 lossFunction:RELATIVE parallelization:True bagging:False baggingNumbers:3 considerEpsilonTube:False baggingTestDataFraction:50 useBackward:False abortError:10 limitFeatureSize:False featureSizeTreshold:7 quadraticFunctionSupport:True crossValidation:False crossValidation-k:5 learn-logFunction:True learn-accumulatedLogFunction:False learn-asymFunction:False learn-ratioFunction:False learn-mirrowedFunction:False numberOfRounds:70 backwardErrorDelta:1 minImprovementPerRound:0.25 withHierarchy:False bruteForceCandidates:False ignoreBadFeatures:False stopOnLongRound:False candidateSizePenalty:True learnTimeLimit:00:00:00 scoreMeasure:RELERROR outputRoundsToStdout:False blacklisted: 
command: solver z3
command: vm /scratch/kaltenec/Distribution-Aware-Sampling/DistOut/ConstraintData/Dune_disc/FeatureModel.xml
Warning: Variability model contains outdated notation. Children nodes will no longer have effect on the model. Instead use the parent node to describe the parent of an configuration option. You can also use the converter providedby the Variability Model GUI in export>convert legacy model.
Warning: Default value nodes in models are no longer used and should be removed. You can also use the converter provided by the Variability Model GUI in export>convert legacy model to update your model.
command: all /scratch/kaltenec/Distribution-Aware-Sampling/DistOut/ConstraintData/Dune_disc/measurements.xml
Configs with too large deviation: 0
2304 configurations loaded.
command: nfp Performance
command: binary satoutput numConfigs:1071 seed:31
command: learn-splconqueror
Learning: NumberOfConfigurationsLearning:1071 NumberOfConfigurationsValidation:1071
Learning progress:
1;10897.2013121207 * Precon + 409.301882522172 * cells_53;18.9497313460275;18.9497313460275;18.9497313460275;18.9497313460275;0.179892;2;409.301882522172 * cells_53;1;1.79769313486232E+308;
2;9942.83707189719 * Precon + 392.861739405872 * cells_53 + 6067.52739587385 * post_0;16.4193575458029;16.4193575458029;16.4193575458029;16.4193575458029;0.467496;3;6067.52739587385 * post_0;1;2.53037380022465;
3;10412.1538837297 * Precon + -78.0750963653385 * cells_53 + 6077.65254549085 * post_0 + -2061.11602313378 * cells_50;14.8562827361046;14.8562827361046;14.8562827361046;14.8562827361046;0.954334;4;-2061.11602313378 * cells_50;1;1.56307480969828;
4;11022.0234223944 * Precon + -679.351889742013 * cells_53 + 6023.94788744037 * post_0 + -2662.34963688587 * cells_50 + -1734.73536861552 * cells_52;14.1637017895239;14.1637017895239;14.1637017895239;14.1637017895239;1.692048;5;-1734.73536861552 * cells_52;1;0.69258094658068;
5;11550.1187837337 * Precon + -692.205117978443 * cells_53 + 6049.04415577409 * post_0 + -2672.61370867456 * cells_50 + -1744.79131859944 * cells_52 + -1038.51507207238 * SeqGS;12.9114938612492;12.9114938612492;12.9114938612492;12.9114938612492;2.775238;6;-1038.51507207238 * SeqGS;1;1.25220792827477;
6;11542.3324007685 * Precon + -650.555372187392 * cells_53 + 3258.95990506972 * post_0 + -2630.79379523112 * cells_50 + -1705.54654106181 * cells_52 + -1071.28762326095 * SeqGS + 10723.4098220278 * post_0 * pre_1;11.8190256905111;11.8190256905111;11.8190256905111;11.8190256905111;4.47355;8;10723.4098220278 * post_0 * pre_1;2;0.54623408536902;
7;11542.3324007685 * Precon + -650.555372187374 * cells_53 + 3258.95990506974 * post_0 + -2630.79379523115 * cells_50 + -1705.54654106182 * cells_52 + -1071.28762326095 * SeqGS + 4898.42126683314 * post_0 * pre_1 + 23299.9542207791 * post_0 * pre_1 * CGSolver;10.892986324112;10.892986324112;10.892986324112;10.892986324112;6.626512;11;23299.9542207791 * post_0 * pre_1 * CGSolver;3;0.308679788799709;
8;11544.7559837157 * Precon + -663.519236680814 * cells_53 + 2152.77734137353 * post_0 + -2643.81062596339 * cells_50 + -1717.76183717963 * cells_52 + -1061.08686681835 * SeqGS + 6003.56092431228 * post_0 * pre_1 + 19844.3660403514 * post_0 * pre_1 * CGSolver + 3455.5881804276 * post_0 * CGSolver;10.2461277325244;10.2461277325244;10.2461277325244;10.2461277325244;9.277726;13;3455.5881804276 * post_0 * CGSolver;2;0.323429295793811;
9;11704.8655684482 * Precon + -820.934499702574 * cells_53 + 2144.52061740387 * post_0 + -2801.21234968017 * cells_50 + -1875.33364265689 * cells_52 + -1064.17146824969 * SeqGS + 5998.48927910781 * post_0 * pre_1 + 19835.0680241433 * post_0 * pre_1 * CGSolver + 3464.8861966359 * post_0 * CGSolver + -325.654089061139 * cells_54;10.0159733041896;10.0159733041896;10.0159733041896;10.0159733041896;12.597662;14;-325.654089061139 * cells_54;1;0.230154428334782;
Elapsed=00:00:12.6110502
average model: 
command: analyze-learning
Round, Model, LearningError, LearningErrorRel, ValidationError, ValidationErrorRel, ElapsedSeconds, ModelComplexity, BestCandidate, BestCandidateSize, BestCandidateScore, TestError
Models:
Termination reason: minImprovementPerRound
1;10897.2013121207 * Precon + 409.301882522172 * cells_53;18.9497313460275;18.9497313460275;18.9497313460275;18.9497313460275;0.179892;2;409.301882522172 * cells_53;1;1.79769313486232E+308;19.975786815627
2;9942.83707189719 * Precon + 392.861739405872 * cells_53 + 6067.52739587385 * post_0;16.4193575458029;16.4193575458029;16.4193575458029;16.4193575458029;0.467496;3;6067.52739587385 * post_0;1;2.53037380022465;16.8508410368776
3;10412.1538837297 * Precon + -78.0750963653385 * cells_53 + 6077.65254549085 * post_0 + -2061.11602313378 * cells_50;14.8562827361046;14.8562827361046;14.8562827361046;14.8562827361046;0.954334;4;-2061.11602313378 * cells_50;1;1.56307480969828;15.9109817695714
4;11022.0234223944 * Precon + -679.351889742013 * cells_53 + 6023.94788744037 * post_0 + -2662.34963688587 * cells_50 + -1734.73536861552 * cells_52;14.1637017895239;14.1637017895239;14.1637017895239;14.1637017895239;1.692048;5;-1734.73536861552 * cells_52;1;0.69258094658068;16.4997617418851
5;11550.1187837337 * Precon + -692.205117978443 * cells_53 + 6049.04415577409 * post_0 + -2672.61370867456 * cells_50 + -1744.79131859944 * cells_52 + -1038.51507207238 * SeqGS;12.9114938612492;12.9114938612492;12.9114938612492;12.9114938612492;2.775238;6;-1038.51507207238 * SeqGS;1;1.25220792827477;15.4084970165368
6;11542.3324007685 * Precon + -650.555372187392 * cells_53 + 3258.95990506972 * post_0 + -2630.79379523112 * cells_50 + -1705.54654106181 * cells_52 + -1071.28762326095 * SeqGS + 10723.4098220278 * post_0 * pre_1;11.8190256905111;11.8190256905111;11.8190256905111;11.8190256905111;4.47355;8;10723.4098220278 * post_0 * pre_1;2;0.54623408536902;14.1394720793722
7;11542.3324007685 * Precon + -650.555372187374 * cells_53 + 3258.95990506974 * post_0 + -2630.79379523115 * cells_50 + -1705.54654106182 * cells_52 + -1071.28762326095 * SeqGS + 4898.42126683314 * post_0 * pre_1 + 23299.9542207791 * post_0 * pre_1 * CGSolver;10.892986324112;10.892986324112;10.892986324112;10.892986324112;6.626512;11;23299.9542207791 * post_0 * pre_1 * CGSolver;3;0.308679788799709;13.6680612889775
8;11544.7559837157 * Precon + -663.519236680814 * cells_53 + 2152.77734137353 * post_0 + -2643.81062596339 * cells_50 + -1717.76183717963 * cells_52 + -1061.08686681835 * SeqGS + 6003.56092431228 * post_0 * pre_1 + 19844.3660403514 * post_0 * pre_1 * CGSolver + 3455.5881804276 * post_0 * CGSolver;10.2461277325244;10.2461277325244;10.2461277325244;10.2461277325244;9.277726;13;3455.5881804276 * post_0 * CGSolver;2;0.323429295793811;13.3604387301099
9;11704.8655684482 * Precon + -820.934499702574 * cells_53 + 2144.52061740387 * post_0 + -2801.21234968017 * cells_50 + -1875.33364265689 * cells_52 + -1064.17146824969 * SeqGS + 5998.48927910781 * post_0 * pre_1 + 19835.0680241433 * post_0 * pre_1 * CGSolver + 3464.8861966359 * post_0 * CGSolver + -325.654089061139 * cells_54;10.0159733041896;10.0159733041896;10.0159733041896;10.0159733041896;12.597662;14;-325.654089061139 * cells_54;1;0.230154428334782;13.4120534756599
Analyze finished
command: printconfigs /scratch/kaltenec/Distribution-Aware-Sampling/Results_newTry/Dune_disc/Dune_disc_31/sampledConfigurations_semi_2.csv
command: clean-sampling
command: clean-global
