Current machine learning settings: epsilon:0 lossFunction:RELATIVE parallelization:True bagging:False baggingNumbers:3 baggingTestDataFraction:50 useBackward:False abortError:1 limitFeatureSize:False featureSizeTreshold:4 quadraticFunctionSupport:True crossValidation:False crossValidation-k:5 learn-logFunction:False learn-accumulatedLogFunction:False learn-asymFunction:False learn-ratioFunction:False learn-mirrowedFunction:False numberOfRounds:70 backwardErrorDelta:1 minImprovementPerRound:0.1 withHierarchy:False bruteForceCandidates:False ignoreBadFeatures:False stopOnLongRound:True candidateSizePenalty:True learnTimeLimit:00:00:00 scoreMeasure:RELERROR outputRoundsToStdout:False blacklisted: 
command: mlsettings bagging:False stopOnLongRound:False parallelization:True lossFunction:RELATIVE useBackward:False abortError:10 limitFeatureSize:False featureSizeTreshold:7 quadraticFunctionSupport:True crossValidation:False learn_logFunction:True numberOfRounds:70 backwardErrorDelta:1 minImprovementPerRound:0.25 withHierarchy:False
Current machine learning settings: epsilon:0 lossFunction:RELATIVE parallelization:True bagging:False baggingNumbers:3 baggingTestDataFraction:50 useBackward:False abortError:10 limitFeatureSize:False featureSizeTreshold:7 quadraticFunctionSupport:True crossValidation:False crossValidation-k:5 learn-logFunction:True learn-accumulatedLogFunction:False learn-asymFunction:False learn-ratioFunction:False learn-mirrowedFunction:False numberOfRounds:70 backwardErrorDelta:1 minImprovementPerRound:0.25 withHierarchy:False bruteForceCandidates:False ignoreBadFeatures:False stopOnLongRound:False candidateSizePenalty:True learnTimeLimit:00:00:00 scoreMeasure:RELERROR outputRoundsToStdout:False blacklisted: 
command: solver z3
command: vm ../FeatureModel.xml
Warning: Variability model contains outdated notation. Children nodes will no longer have effect on the model. Instead use the parent node to describe the parent of an configuration option. You can also use the converter providedby the Variability Model GUI in export>convert legacy model.
Warning: Default value nodes in models are no longer used and should be removed. You can also use the converter provided by the Variability Model GUI in export>convert legacy model to update your model.
command: all ../measurements.xml
Configs with too large deviation: 0
432 configurations loaded.
command: nfp Performance
command: binary random numConfigs:93 seed:53 fromFile:../allConfigurations.csv
command: learn-splconqueror
Learning: NumberOfConfigurationsLearning:93 NumberOfConfigurationsValidation:93
Learning progress:
1;47045.6249999997 * level + 434751.647727273 * compression;211.206294059995;211.206294059995;211.206294059995;211.206294059995;0.0156245;2;434751.647727273 * compression;1;1.79769313486232E+308;
2;47045.6249999997 * level + 188222.470238095 * compression + 1355910.47619048 * compressionZpaq;90.2738036068638;90.2738036068638;90.2738036068638;90.2738036068638;0.0468754;3;1355910.47619048 * compressionZpaq;1;120.932490453132;
3;47045.6250000001 * level + 249229.268617022 * compression + 1294903.67781155 * compressionZpaq + -240214.268617021 * compressionLzo;43.5431882211218;43.5431882211218;43.5431882211218;43.5431882211218;0.1093756;4;-240214.268617021 * compressionLzo;1;46.730615385742;
4;47045.6249999997 * level + 314692.556818182 * compression + 1229440.38961039 * compressionZpaq + -305677.556818182 * compressionLzo + -219769.610389609 * compressionGzip;33.0953935779265;33.0953935779265;33.0953935779265;33.0953935779265;0.1562506;5;-219769.610389609 * compressionGzip;1;10.4477946431953;
5;47045.625000001 * level + 314692.556818181 * compression + 1479415.45454545 * compressionZpaq + -305677.556818182 * compressionLzo + -219769.61038961 * compressionGzip + -1166550.3030303 * compressionZpaq * level2;28.9738290334529;28.9738290334529;28.9738290334529;28.9738290334529;0.2343777;7;-1166550.3030303 * compressionZpaq * level2;2;2.06078227223677;
6;47045.625 * level + 314692.556818182 * compression + 1737410.70707071 * compressionZpaq + -305677.556818182 * compressionLzo + -219769.610389611 * compressionGzip + -1424545.55555556 * compressionZpaq * level2 + -1418973.88888889 * compressionZpaq * level3;24.7440150792082;24.7440150792082;24.7440150792082;24.7440150792082;0.3281292;9;-1418973.88888889 * compressionZpaq * level3;2;2.11490697712235;
7;47045.6249999999 * level + 402682.152777778 * compression + 1649421.11111111 * compressionZpaq + -393667.152777779 * compressionLzo + -307759.206349206 * compressionGzip + -1424545.55555556 * compressionZpaq * level2 + -1418973.88888889 * compressionZpaq * level3 + -193577.111111111 * compressionBzip2;22.7199163975083;22.7199163975083;22.7199163975083;22.7199163975083;0.5312552;10;-193577.111111111 * compressionBzip2;1;2.02409868169989;
8;47045.6249999996 * level + 402682.152777778 * compression + 1827653.47222222 * compressionZpaq + -393667.152777777 * compressionLzo + -307759.206349206 * compressionGzip + -1602777.91666667 * compressionZpaq * level2 + -1597206.25 * compressionZpaq * level3 + -193577.111111113 * compressionBzip2 + -1604091.25 * compressionZpaq * level1;19.79154776706;19.79154776706;19.79154776706;19.79154776706;0.6406317;12;-1604091.25 * compressionZpaq * level1;2;1.46418431522417;
9;47045.6250000002 * level + 402682.152777778 * compression + 1827653.47222222 * compressionZpaq + -393667.152777777 * compressionLzo + -329468.777777779 * compressionGzip + -1602777.91666667 * compressionZpaq * level2 + -1597206.25 * compressionZpaq * level3 + -193577.111111111 * compressionBzip2 + -1604091.25 * compressionZpaq * level1 + 75983.5000000007 * compressionGzip * level8;17.5492763626822;17.5492763626822;17.5492763626822;17.5492763626822;0.8437577;14;75983.5000000007 * compressionGzip * level8;2;1.1211357021889;
10;47045.6249999995 * level + 402682.152777779 * compression + 1827653.47222222 * compressionZpaq + -398992.222222223 * compressionLzo + -329468.777777779 * compressionGzip + -1602777.91666666 * compressionZpaq * level2 + -1597206.25 * compressionZpaq * level3 + -193577.111111112 * compressionBzip2 + -1604091.24999999 * compressionZpaq * level1 + 75983.4999999983 * compressionGzip * level8 + 12171.5873015874 * compressionLzo * encryption;16.2522952669888;16.2522952669888;16.2522952669888;16.2522952669888;1.0468856;16;12171.5873015874 * compressionLzo * encryption;2;0.648490547846686;
11;47045.6249999997 * level + 402682.152777778 * compression + 1827653.47222222 * compressionZpaq + -398992.222222223 * compressionLzo + -338264.444444444 * compressionGzip + -1602777.91666667 * compressionZpaq * level2 + -1597206.25 * compressionZpaq * level3 + -193577.111111112 * compressionBzip2 + -1604091.25 * compressionZpaq * level1 + 84779.1666666667 * compressionGzip * level8 + 12171.5873015901 * compressionLzo * encryption + 87956.6666666682 * compressionGzip * level9;15.4772038905486;15.4772038905486;15.4772038905486;15.4772038905486;1.6406423;18;87956.6666666682 * compressionGzip * level9;2;0.387545688220094;
12;47045.6250000004 * level + 402682.152777777 * compression + 1827653.47222222 * compressionZpaq + -398992.222222222 * compressionLzo + -349609.206349206 * compressionGzip + -1602777.91666667 * compressionZpaq * level2 + -1597206.25 * compressionZpaq * level3 + -193577.111111109 * compressionBzip2 + -1604091.25 * compressionZpaq * level1 + 96123.9285714289 * compressionGzip * level8 + 12171.5873015872 * compressionLzo * encryption + 99301.4285714302 * compressionGzip * level9 + 51051.4285714295 * compressionGzip * level7;14.7629888732016;14.7629888732016;14.7629888732016;14.7629888732016;1.9218954;20;51051.4285714295 * compressionGzip * level7;2;0.357107508673516;
13;47045.6250000011 * level + 402682.152777777 * compression + 1827653.47222222 * compressionZpaq + -398992.222222223 * compressionLzo + -342919.77777778 * compressionGzip + -1602777.91666666 * compressionZpaq * level2 + -1597206.25 * compressionZpaq * level3 + -193577.111111113 * compressionBzip2 + -1604091.25 * compressionZpaq * level1 + 89434.5000000004 * compressionGzip * level8 + 12171.5873015876 * compressionLzo * encryption + 92612.0000000012 * compressionGzip * level9 + 44362.0000000011 * compressionGzip * level7 + -23412.9999999986 * compressionGzip * level1;14.3320588051288;14.3320588051288;14.3320588051288;14.3320588051288;2.2343986;22;-23412.9999999986 * compressionGzip * level1;2;0.215465034036386;
Elapsed=00:00:02.2480422
average model: 

command: analyze-learning
Round, Model, LearningError, LearningErrorRel, ValidationError, ValidationErrorRel, ElapsedSeconds, ModelComplexity, BestCandidate, BestCandidateSize, BestCandidateScore, TestError
Models:
Termination reason: minImprovementPerRound
1;47045.6249999997 * level + 434751.647727273 * compression;211.206294059995;211.206294059995;211.206294059995;211.206294059995;0.0156245;2;434751.647727273 * compression;1;1.79769313486232E+308;219.654994471816
2;47045.6249999997 * level + 188222.470238095 * compression + 1355910.47619048 * compressionZpaq;90.2738036068638;90.2738036068638;90.2738036068638;90.2738036068638;0.0468754;3;1355910.47619048 * compressionZpaq;1;120.932490453132;93.2132490468405
3;47045.6250000001 * level + 249229.268617022 * compression + 1294903.67781155 * compressionZpaq + -240214.268617021 * compressionLzo;43.5431882211218;43.5431882211218;43.5431882211218;43.5431882211218;0.1093756;4;-240214.268617021 * compressionLzo;1;46.730615385742;51.9773311379867
4;47045.6249999997 * level + 314692.556818182 * compression + 1229440.38961039 * compressionZpaq + -305677.556818182 * compressionLzo + -219769.610389609 * compressionGzip;33.0953935779265;33.0953935779265;33.0953935779265;33.0953935779265;0.1562506;5;-219769.610389609 * compressionGzip;1;10.4477946431953;37.2131046766825
5;47045.625000001 * level + 314692.556818181 * compression + 1479415.45454545 * compressionZpaq + -305677.556818182 * compressionLzo + -219769.61038961 * compressionGzip + -1166550.3030303 * compressionZpaq * level2;28.9738290334529;28.9738290334529;28.9738290334529;28.9738290334529;0.2343777;7;-1166550.3030303 * compressionZpaq * level2;2;2.06078227223677;35.1288323782551
6;47045.625 * level + 314692.556818182 * compression + 1737410.70707071 * compressionZpaq + -305677.556818182 * compressionLzo + -219769.610389611 * compressionGzip + -1424545.55555556 * compressionZpaq * level2 + -1418973.88888889 * compressionZpaq * level3;24.7440150792082;24.7440150792082;24.7440150792082;24.7440150792082;0.3281292;9;-1418973.88888889 * compressionZpaq * level3;2;2.11490697712235;31.6613556057456
7;47045.6249999999 * level + 402682.152777778 * compression + 1649421.11111111 * compressionZpaq + -393667.152777779 * compressionLzo + -307759.206349206 * compressionGzip + -1424545.55555556 * compressionZpaq * level2 + -1418973.88888889 * compressionZpaq * level3 + -193577.111111111 * compressionBzip2;22.7199163975083;22.7199163975083;22.7199163975083;22.7199163975083;0.5312552;10;-193577.111111111 * compressionBzip2;1;2.02409868169989;27.548153194684
8;47045.6249999996 * level + 402682.152777778 * compression + 1827653.47222222 * compressionZpaq + -393667.152777777 * compressionLzo + -307759.206349206 * compressionGzip + -1602777.91666667 * compressionZpaq * level2 + -1597206.25 * compressionZpaq * level3 + -193577.111111113 * compressionBzip2 + -1604091.25 * compressionZpaq * level1;19.79154776706;19.79154776706;19.79154776706;19.79154776706;0.6406317;12;-1604091.25 * compressionZpaq * level1;2;1.46418431522417;23.008341696009
9;47045.6250000002 * level + 402682.152777778 * compression + 1827653.47222222 * compressionZpaq + -393667.152777777 * compressionLzo + -329468.777777779 * compressionGzip + -1602777.91666667 * compressionZpaq * level2 + -1597206.25 * compressionZpaq * level3 + -193577.111111111 * compressionBzip2 + -1604091.25 * compressionZpaq * level1 + 75983.5000000007 * compressionGzip * level8;17.5492763626822;17.5492763626822;17.5492763626822;17.5492763626822;0.8437577;14;75983.5000000007 * compressionGzip * level8;2;1.1211357021889;20.9724799595961
10;47045.6249999995 * level + 402682.152777779 * compression + 1827653.47222222 * compressionZpaq + -398992.222222223 * compressionLzo + -329468.777777779 * compressionGzip + -1602777.91666666 * compressionZpaq * level2 + -1597206.25 * compressionZpaq * level3 + -193577.111111112 * compressionBzip2 + -1604091.24999999 * compressionZpaq * level1 + 75983.4999999983 * compressionGzip * level8 + 12171.5873015874 * compressionLzo * encryption;16.2522952669888;16.2522952669888;16.2522952669888;16.2522952669888;1.0468856;16;12171.5873015874 * compressionLzo * encryption;2;0.648490547846686;19.697253655329
11;47045.6249999997 * level + 402682.152777778 * compression + 1827653.47222222 * compressionZpaq + -398992.222222223 * compressionLzo + -338264.444444444 * compressionGzip + -1602777.91666667 * compressionZpaq * level2 + -1597206.25 * compressionZpaq * level3 + -193577.111111112 * compressionBzip2 + -1604091.25 * compressionZpaq * level1 + 84779.1666666667 * compressionGzip * level8 + 12171.5873015901 * compressionLzo * encryption + 87956.6666666682 * compressionGzip * level9;15.4772038905486;15.4772038905486;15.4772038905486;15.4772038905486;1.6406423;18;87956.6666666682 * compressionGzip * level9;2;0.387545688220094;18.4474902408291
12;47045.6250000004 * level + 402682.152777777 * compression + 1827653.47222222 * compressionZpaq + -398992.222222222 * compressionLzo + -349609.206349206 * compressionGzip + -1602777.91666667 * compressionZpaq * level2 + -1597206.25 * compressionZpaq * level3 + -193577.111111109 * compressionBzip2 + -1604091.25 * compressionZpaq * level1 + 96123.9285714289 * compressionGzip * level8 + 12171.5873015872 * compressionLzo * encryption + 99301.4285714302 * compressionGzip * level9 + 51051.4285714295 * compressionGzip * level7;14.7629888732016;14.7629888732016;14.7629888732016;14.7629888732016;1.9218954;20;51051.4285714295 * compressionGzip * level7;2;0.357107508673516;17.4979985135574
13;47045.6250000011 * level + 402682.152777777 * compression + 1827653.47222222 * compressionZpaq + -398992.222222223 * compressionLzo + -342919.77777778 * compressionGzip + -1602777.91666666 * compressionZpaq * level2 + -1597206.25 * compressionZpaq * level3 + -193577.111111113 * compressionBzip2 + -1604091.25 * compressionZpaq * level1 + 89434.5000000004 * compressionGzip * level8 + 12171.5873015876 * compressionLzo * encryption + 92612.0000000012 * compressionGzip * level9 + 44362.0000000011 * compressionGzip * level7 + -23412.9999999986 * compressionGzip * level1;14.3320588051288;14.3320588051288;14.3320588051288;14.3320588051288;2.2343986;22;-23412.9999999986 * compressionGzip * level1;2;0.215465034036386;17.3248144949706
Analyze finished
command: measurementstocsv ./sampledConfigurations_rand_1.csv
command: clean-sampling
command: clean-global
command: script ./learn_rand_2.a
command: log ./out_rand_2.log
