Current machine learning settings: epsilon:0 lossFunction:RELATIVE parallelization:True bagging:False baggingNumbers:3 baggingTestDataFraction:50 useBackward:False abortError:1 limitFeatureSize:False featureSizeTreshold:4 quadraticFunctionSupport:True crossValidation:False crossValidation-k:5 learn-logFunction:False learn-accumulatedLogFunction:False learn-asymFunction:False learn-ratioFunction:False learn-mirrowedFunction:False numberOfRounds:70 backwardErrorDelta:1 minImprovementPerRound:0.1 withHierarchy:False bruteForceCandidates:False ignoreBadFeatures:False stopOnLongRound:True candidateSizePenalty:True learnTimeLimit:00:00:00 scoreMeasure:RELERROR outputRoundsToStdout:False blacklisted: 
command: mlsettings bagging:False stopOnLongRound:False parallelization:True lossFunction:RELATIVE useBackward:False abortError:10 limitFeatureSize:False featureSizeTreshold:7 quadraticFunctionSupport:True crossValidation:False learn_logFunction:True numberOfRounds:70 backwardErrorDelta:1 minImprovementPerRound:0.25 withHierarchy:False
Current machine learning settings: epsilon:0 lossFunction:RELATIVE parallelization:True bagging:False baggingNumbers:3 baggingTestDataFraction:50 useBackward:False abortError:10 limitFeatureSize:False featureSizeTreshold:7 quadraticFunctionSupport:True crossValidation:False crossValidation-k:5 learn-logFunction:True learn-accumulatedLogFunction:False learn-asymFunction:False learn-ratioFunction:False learn-mirrowedFunction:False numberOfRounds:70 backwardErrorDelta:1 minImprovementPerRound:0.25 withHierarchy:False bruteForceCandidates:False ignoreBadFeatures:False stopOnLongRound:False candidateSizePenalty:True learnTimeLimit:00:00:00 scoreMeasure:RELERROR outputRoundsToStdout:False blacklisted: 
command: solver z3
command: vm /scratch/kaltenec/Distribution-Aware-Sampling/DistOut/ConstraintData/7z_disc/FeatureModel.xml
command: all /scratch/kaltenec/Distribution-Aware-Sampling/DistOut/ConstraintData/7z_disc/measurements.xml
Configs with too large deviation: 0
68640 configurations loaded.
command: nfp Performance
command: binary satoutput numConfigs:600 seed:93
command: learn-splconqueror
Learning: NumberOfConfigurationsLearning:600 NumberOfConfigurationsValidation:600
Learning progress:
1;3368.46938775513 * CompressionMethod + 248.383201886331 * BlockSize_1;40.1655610691853;40.1655610691853;40.1655610691853;40.1655610691853;0.107263;2;248.383201886331 * BlockSize_1;1;1.79769313486232E+308;
2;2716.61321094315 * CompressionMethod + 223.779697624188 * BlockSize_1 + 3362.20554355649 * BZip2;22.2257126861721;22.2257126861721;22.2257126861721;22.2257126861721;0.455871;3;3362.20554355649 * BZip2;1;17.9398483830132;
3;3020.65291595401 * CompressionMethod + 212.805893120739 * BlockSize_1 + 3067.40212400272 * BZip2 + -1209.73130597716 * Deflate;15.4889718700032;15.4889718700032;15.4889718700032;15.4889718700032;1.076115;4;-1209.73130597716 * Deflate;1;6.73674081616898;
4;3396.16953897046 * CompressionMethod + 241.054262801471 * BlockSize_1 + 2668.10978983832 * BZip2 + -1608.66751753233 * Deflate + -1249.1382632579 * PPMd;11.4855267121027;11.4855267121027;11.4855267121027;11.4855267121027;1.915967;5;-1249.1382632579 * PPMd;1;4.00344515790044;
5;3319.69384243669 * CompressionMethod + 172.832554694683 * BlockSize_1 + 2802.00542402864 * BZip2 + -1475.6319433374 * Deflate + -1114.43886756403 * PPMd + 16437.4736028687 * x_10;10.6042566981506;10.6042566981506;10.6042566981506;10.6042566981506;3.147273;6;16437.4736028687 * x_10;1;0.881270013952093;
6;3320.45928061344 * CompressionMethod + 171.908749998593 * BlockSize_1 + 2802.0175214711 * BZip2 + -1475.6314921507 * Deflate + -1290.91505144556 * PPMd + 16437.631969388 * x_10 + 365.605413690489 * PPMd * filterOff;9.84224989118005;9.84224989118005;9.84224989118005;9.84224989118005;5.003968;8;365.605413690489 * PPMd * filterOff;2;0.381003403485293;
Elapsed=00:00:05.0103151
average model: 
command: analyze-learning
Round, Model, LearningError, LearningErrorRel, ValidationError, ValidationErrorRel, ElapsedSeconds, ModelComplexity, BestCandidate, BestCandidateSize, BestCandidateScore, TestError
Models:
Termination reason: abortError
1;3368.46938775513 * CompressionMethod + 248.383201886331 * BlockSize_1;40.1655610691853;40.1655610691853;40.1655610691853;40.1655610691853;0.107263;2;248.383201886331 * BlockSize_1;1;1.79769313486232E+308;55.3426294885209
2;2716.61321094315 * CompressionMethod + 223.779697624188 * BlockSize_1 + 3362.20554355649 * BZip2;22.2257126861721;22.2257126861721;22.2257126861721;22.2257126861721;0.455871;3;3362.20554355649 * BZip2;1;17.9398483830132;46.7543512242442
3;3020.65291595401 * CompressionMethod + 212.805893120739 * BlockSize_1 + 3067.40212400272 * BZip2 + -1209.73130597716 * Deflate;15.4889718700032;15.4889718700032;15.4889718700032;15.4889718700032;1.076115;4;-1209.73130597716 * Deflate;1;6.73674081616898;43.2035345444059
4;3396.16953897046 * CompressionMethod + 241.054262801471 * BlockSize_1 + 2668.10978983832 * BZip2 + -1608.66751753233 * Deflate + -1249.1382632579 * PPMd;11.4855267121027;11.4855267121027;11.4855267121027;11.4855267121027;1.915967;5;-1249.1382632579 * PPMd;1;4.00344515790044;41.1451964419805
5;3319.69384243669 * CompressionMethod + 172.832554694683 * BlockSize_1 + 2802.00542402864 * BZip2 + -1475.6319433374 * Deflate + -1114.43886756403 * PPMd + 16437.4736028687 * x_10;10.6042566981506;10.6042566981506;10.6042566981506;10.6042566981506;3.147273;6;16437.4736028687 * x_10;1;0.881270013952093;36.4909428416409
6;3320.45928061344 * CompressionMethod + 171.908749998593 * BlockSize_1 + 2802.0175214711 * BZip2 + -1475.6314921507 * Deflate + -1290.91505144556 * PPMd + 16437.631969388 * x_10 + 365.605413690489 * PPMd * filterOff;9.84224989118005;9.84224989118005;9.84224989118005;9.84224989118005;5.003968;8;365.605413690489 * PPMd * filterOff;2;0.381003403485293;36.4361745469345
Analyze finished
command: measurementstocsv /scratch/kaltenec/Distribution-Aware-Sampling/Results_Henard/7z_disc/7z_disc_93/sampledConfigurations_henard_1.csv
command: clean-sampling
command: clean-global
command: script /scratch/kaltenec/Distribution-Aware-Sampling/Results_Henard/7z_disc/7z_disc_93/learn_henard_2.a
command: log /scratch/kaltenec/Distribution-Aware-Sampling/Results_Henard/7z_disc/7z_disc_93/out_henard_2.log
