Current machine learning settings: epsilon:0 lossFunction:RELATIVE parallelization:True bagging:False baggingNumbers:3 baggingTestDataFraction:50 useBackward:False abortError:1 limitFeatureSize:False featureSizeTreshold:4 quadraticFunctionSupport:True crossValidation:False crossValidation-k:5 learn-logFunction:False learn-accumulatedLogFunction:False learn-asymFunction:False learn-ratioFunction:False learn-mirrowedFunction:False numberOfRounds:70 backwardErrorDelta:1 minImprovementPerRound:0.1 withHierarchy:False bruteForceCandidates:False ignoreBadFeatures:False stopOnLongRound:True candidateSizePenalty:True learnTimeLimit:00:00:00 scoreMeasure:RELERROR outputRoundsToStdout:False blacklisted: 
command: mlsettings bagging:False stopOnLongRound:False parallelization:True lossFunction:RELATIVE useBackward:False abortError:10 limitFeatureSize:False featureSizeTreshold:7 quadraticFunctionSupport:True crossValidation:False learn_logFunction:True numberOfRounds:70 backwardErrorDelta:1 minImprovementPerRound:0.25 withHierarchy:False
Current machine learning settings: epsilon:0 lossFunction:RELATIVE parallelization:True bagging:False baggingNumbers:3 baggingTestDataFraction:50 useBackward:False abortError:10 limitFeatureSize:False featureSizeTreshold:7 quadraticFunctionSupport:True crossValidation:False crossValidation-k:5 learn-logFunction:True learn-accumulatedLogFunction:False learn-asymFunction:False learn-ratioFunction:False learn-mirrowedFunction:False numberOfRounds:70 backwardErrorDelta:1 minImprovementPerRound:0.25 withHierarchy:False bruteForceCandidates:False ignoreBadFeatures:False stopOnLongRound:False candidateSizePenalty:True learnTimeLimit:00:00:00 scoreMeasure:RELERROR outputRoundsToStdout:False blacklisted: 
command: solver z3
command: vm /scratch/kaltenec/Distribution-Aware-Sampling/DistOut/ConstraintData/7z_disc/FeatureModel.xml
command: all /scratch/kaltenec/Distribution-Aware-Sampling/DistOut/ConstraintData/7z_disc/measurements.xml
Configs with too large deviation: 0
68640 configurations loaded.
command: nfp Performance
command: binary satoutput numConfigs:39 seed:43
command: learn-splconqueror
Learning: NumberOfConfigurationsLearning:39 NumberOfConfigurationsValidation:39
Learning progress:
1;2950.81081081081 * CompressionMethod + 159.189189189191 * BlockSize_1;26.3434302794241;26.3434302794241;26.3434302794241;26.3434302794241;0.030484;2;159.189189189191 * BlockSize_1;1;1.79769313486232E+308;
2;3224.13793103448 * CompressionMethod + -114.137931034479 * BlockSize_1 + -1264.13793103448 * Deflate;18.668937158193;18.668937158193;18.668937158193;18.668937158193;0.03956;3;-1264.13793103448 * Deflate;1;7.67449312123115;
3;3645 * CompressionMethod + -535 * BlockSize_1 + -1685 * Deflate + -1356.11111111111 * PPMd;13.8017736932572;13.8017736932572;13.8017736932572;13.8017736932572;0.055956;4;-1356.11111111111 * PPMd;1;4.86716346493574;
4;3370 * CompressionMethod + -260.000000000001 * BlockSize_1 + -1410 * Deflate + -1081.11111111111 * PPMd + 2750 * BZip2;9.83739223573044;9.83739223573044;9.83739223573044;9.83739223573044;0.081281;5;2750 * BZip2;1;3.96438145752681;
Elapsed=00:00:00.0830105
average model: 
command: analyze-learning
Round, Model, LearningError, LearningErrorRel, ValidationError, ValidationErrorRel, ElapsedSeconds, ModelComplexity, BestCandidate, BestCandidateSize, BestCandidateScore, TestError
Models:
Termination reason: abortError
1;2950.81081081081 * CompressionMethod + 159.189189189191 * BlockSize_1;26.3434302794241;26.3434302794241;26.3434302794241;26.3434302794241;0.030484;2;159.189189189191 * BlockSize_1;1;1.79769313486232E+308;53.6048025953764
2;3224.13793103448 * CompressionMethod + -114.137931034479 * BlockSize_1 + -1264.13793103448 * Deflate;18.668937158193;18.668937158193;18.668937158193;18.668937158193;0.03956;3;-1264.13793103448 * Deflate;1;7.67449312123115;49.5143921794126
3;3645 * CompressionMethod + -535 * BlockSize_1 + -1685 * Deflate + -1356.11111111111 * PPMd;13.8017736932572;13.8017736932572;13.8017736932572;13.8017736932572;0.055956;4;-1356.11111111111 * PPMd;1;4.86716346493574;47.0178302299573
4;3370 * CompressionMethod + -260.000000000001 * BlockSize_1 + -1410 * Deflate + -1081.11111111111 * PPMd + 2750 * BZip2;9.83739223573044;9.83739223573044;9.83739223573044;9.83739223573044;0.081281;5;2750 * BZip2;1;3.96438145752681;41.1957444948302
Analyze finished
command: measurementstocsv /scratch/kaltenec/Distribution-Aware-Sampling/Results_test/7z_disc/7z_disc_43/sampledConfigurations_semi_0.csv
command: clean-sampling
command: clean-global
command: script /scratch/kaltenec/Distribution-Aware-Sampling/Results_test/7z_disc/7z_disc_43/learn_semi_1.a
command: log /scratch/kaltenec/Distribution-Aware-Sampling/Results_test/7z_disc/7z_disc_43/out_semi_1.log
