Current machine learning settings: epsilon:0 lossFunction:RELATIVE parallelization:True bagging:False baggingNumbers:3 considerEpsilonTube:False baggingTestDataFraction:50 useBackward:False abortError:1 limitFeatureSize:False featureSizeTreshold:4 quadraticFunctionSupport:True crossValidation:False crossValidation-k:5 learn-logFunction:False learn-accumulatedLogFunction:False learn-asymFunction:False learn-ratioFunction:False learn-mirrowedFunction:False numberOfRounds:70 backwardErrorDelta:1 minImprovementPerRound:0.1 withHierarchy:False bruteForceCandidates:False ignoreBadFeatures:False stopOnLongRound:True candidateSizePenalty:True learnTimeLimit:00:00:00 scoreMeasure:RELERROR outputRoundsToStdout:False blacklisted: 
command: mlsettings bagging:False stopOnLongRound:False parallelization:True lossFunction:RELATIVE useBackward:False abortError:10 limitFeatureSize:False featureSizeTreshold:7 quadraticFunctionSupport:True crossValidation:False learn_logFunction:True numberOfRounds:70 backwardErrorDelta:1 minImprovementPerRound:0.25 withHierarchy:False
Current machine learning settings: epsilon:0 lossFunction:RELATIVE parallelization:True bagging:False baggingNumbers:3 considerEpsilonTube:False baggingTestDataFraction:50 useBackward:False abortError:10 limitFeatureSize:False featureSizeTreshold:7 quadraticFunctionSupport:True crossValidation:False crossValidation-k:5 learn-logFunction:True learn-accumulatedLogFunction:False learn-asymFunction:False learn-ratioFunction:False learn-mirrowedFunction:False numberOfRounds:70 backwardErrorDelta:1 minImprovementPerRound:0.25 withHierarchy:False bruteForceCandidates:False ignoreBadFeatures:False stopOnLongRound:False candidateSizePenalty:True learnTimeLimit:00:00:00 scoreMeasure:RELERROR outputRoundsToStdout:False blacklisted: 
command: solver z3
command: vm /scratch/kaltenec/Distribution-Aware-Sampling/DistOut/ConstraintData/7z_disc/FeatureModel.xml
command: all /scratch/kaltenec/Distribution-Aware-Sampling/DistOut/ConstraintData/7z_disc/measurements.xml
Configs with too large deviation: 0
68640 configurations loaded.
command: nfp Performance
command: hybrid distribution-aware distance-metric:manhattan distribution:uniform onlyBinary:true selection:SolverSelection optimization:local numConfigs:39 seed:5
command: learn-splconqueror
Learning: NumberOfConfigurationsLearning:39 NumberOfConfigurationsValidation:39
Learning progress:
1;11262.4242424242 * CompressionMethod + 13340.9090909091 * Deflate;195.409969997855;195.409969997855;195.409969997855;195.409969997855;0.06503;2;13340.9090909091 * Deflate;1;1.79769313486232E+308;
2;6122.68336314849 * CompressionMethod + 10000.0775193798 * Deflate + 16961.14490161 * x_10;120.785096921774;120.785096921774;120.785096921774;120.785096921774;0.092818;3;16961.14490161 * x_10;1;74.6248730760809;
3;2546.79517553306 * CompressionMethod + 9818.84342020247 * Deflate + 20578.8563428818 * x_10 + 11689.5993969416 * x_6;75.2632035608541;75.2632035608541;75.2632035608541;75.2632035608541;0.140647;4;11689.5993969416 * x_6;1;45.5218933609201;
4;4067.48691099475 * CompressionMethod + -3867.38219895287 * Deflate + 15427.5130890053 * x_10 + 11879.6858638744 * x_6 + 29419.0488656195 * x_10 * Deflate;45.1000062611129;45.1000062611129;45.1000062611129;45.1000062611129;0.217459;6;29419.0488656195 * x_10 * Deflate;2;15.0815986498706;
5;3422.63508512214 * CompressionMethod + -4284.25610658769 * Deflate + 16072.3649148779 * x_10 + 12576.6469282013 * x_6 + 29835.9227732544 * x_10 * Deflate + 2488.2161361954 * x_4;37.9656326456879;37.9656326456879;37.9656326456879;37.9656326456879;0.475302;7;2488.2161361954 * x_4;1;7.13437361542498;
6;3422.63508512213 * CompressionMethod + -4284.25610658771 * Deflate + 10837.3649148779 * x_10 + 12576.6469282013 * x_6 + 35070.9227732544 * x_10 * Deflate + 2488.21613619542 * x_4 + 52350 * BlockSize_2;31.2903346268292;31.2903346268292;31.2903346268292;31.2903346268292;0.615283;8;52350 * BlockSize_2;1;6.67529801885872;
7;3422.63508512216 * CompressionMethod + -4284.25610658771 * Deflate + 14444.0315815445 * x_10 + 12576.6469282013 * x_6 + 31464.2561065877 * x_10 * Deflate + 2488.21613619541 * x_4 + 48743.3333333334 * BlockSize_2 + -10820 * x_10 * BlockSize_32;21.9829332892474;21.9829332892474;21.9829332892474;21.9829332892474;0.79127;10;-10820 * x_10 * BlockSize_32;2;4.65370066879088;
8;3113.21543408362 * CompressionMethod + -4168.58520900319 * Deflate + 14753.4512325831 * x_10 + 12871.6077170418 * x_6 + 31348.5852090032 * x_10 * Deflate + 2774.50160771704 * x_4 + 48743.3333333334 * BlockSize_2 + -10820 * x_10 * BlockSize_32 + 3906.78456591638 * x_8;18.4699038576021;18.4699038576021;18.4699038576021;18.4699038576021;1.01985;11;3906.78456591638 * x_8;1;3.51302943164534;
9;3043.09090909091 * CompressionMethod + -3327.09090909088 * Deflate + 14823.5757575757 * x_10 + 12836.5454545455 * x_6 + 30507.0909090909 * x_10 * Deflate + 495.454545454564 * x_4 + 45108.5454545455 * BlockSize_2 + -10820 * x_10 * BlockSize_32 + 3976.9090909091 * x_8 + 3634.78787878792 * BZip2;15.8151511541154;15.8151511541154;15.8151511541154;15.8151511541154;1.433582;12;3634.78787878792 * BZip2;1;2.65475270348672;
10;2815.8823529412 * CompressionMethod + -600.58823529411 * Deflate + 15050.7843137255 * x_10 + 6474.70588235293 * x_6 + 27780.5882352941 * x_10 * Deflate + -640.588235294098 * x_4 + 43745.2941176471 * BlockSize_2 + -10820 * x_10 * BlockSize_32 + 4204.11764705884 * x_8 + 4998.03921568627 * BZip2 + 7140.84033613446 * x_6 * LZMA2;8.40938489639644;8.40938489639644;8.40938489639644;8.40938489639644;2.069726;14;7140.84033613446 * x_6 * LZMA2;2;3.70288312885947;
Elapsed=00:00:02.0741089
average model: 
command: analyze-learning
Round, Model, LearningError, LearningErrorRel, ValidationError, ValidationErrorRel, ElapsedSeconds, ModelComplexity, BestCandidate, BestCandidateSize, BestCandidateScore, TestError
Models:
Termination reason: abortError
1;11262.4242424242 * CompressionMethod + 13340.9090909091 * Deflate;195.409969997855;195.409969997855;195.409969997855;195.409969997855;0.06503;2;13340.9090909091 * Deflate;1;1.79769313486232E+308;251.181472757637
2;6122.68336314849 * CompressionMethod + 10000.0775193798 * Deflate + 16961.14490161 * x_10;120.785096921774;120.785096921774;120.785096921774;120.785096921774;0.092818;3;16961.14490161 * x_10;1;74.6248730760809;140.72320185393
3;2546.79517553306 * CompressionMethod + 9818.84342020247 * Deflate + 20578.8563428818 * x_10 + 11689.5993969416 * x_6;75.2632035608541;75.2632035608541;75.2632035608541;75.2632035608541;0.140647;4;11689.5993969416 * x_6;1;45.5218933609201;115.902306032813
4;4067.48691099475 * CompressionMethod + -3867.38219895287 * Deflate + 15427.5130890053 * x_10 + 11879.6858638744 * x_6 + 29419.0488656195 * x_10 * Deflate;45.1000062611129;45.1000062611129;45.1000062611129;45.1000062611129;0.217459;6;29419.0488656195 * x_10 * Deflate;2;15.0815986498706;68.7382799221606
5;3422.63508512214 * CompressionMethod + -4284.25610658769 * Deflate + 16072.3649148779 * x_10 + 12576.6469282013 * x_6 + 29835.9227732544 * x_10 * Deflate + 2488.2161361954 * x_4;37.9656326456879;37.9656326456879;37.9656326456879;37.9656326456879;0.475302;7;2488.2161361954 * x_4;1;7.13437361542498;73.2773174914767
6;3422.63508512213 * CompressionMethod + -4284.25610658771 * Deflate + 10837.3649148779 * x_10 + 12576.6469282013 * x_6 + 35070.9227732544 * x_10 * Deflate + 2488.21613619542 * x_4 + 52350 * BlockSize_2;31.2903346268292;31.2903346268292;31.2903346268292;31.2903346268292;0.615283;8;52350 * BlockSize_2;1;6.67529801885872;154.327587783469
7;3422.63508512216 * CompressionMethod + -4284.25610658771 * Deflate + 14444.0315815445 * x_10 + 12576.6469282013 * x_6 + 31464.2561065877 * x_10 * Deflate + 2488.21613619541 * x_4 + 48743.3333333334 * BlockSize_2 + -10820 * x_10 * BlockSize_32;21.9829332892474;21.9829332892474;21.9829332892474;21.9829332892474;0.79127;10;-10820 * x_10 * BlockSize_32;2;4.65370066879088;148.991906970249
8;3113.21543408362 * CompressionMethod + -4168.58520900319 * Deflate + 14753.4512325831 * x_10 + 12871.6077170418 * x_6 + 31348.5852090032 * x_10 * Deflate + 2774.50160771704 * x_4 + 48743.3333333334 * BlockSize_2 + -10820 * x_10 * BlockSize_32 + 3906.78456591638 * x_8;18.4699038576021;18.4699038576021;18.4699038576021;18.4699038576021;1.01985;11;3906.78456591638 * x_8;1;3.51302943164534;145.501908230087
9;3043.09090909091 * CompressionMethod + -3327.09090909088 * Deflate + 14823.5757575757 * x_10 + 12836.5454545455 * x_6 + 30507.0909090909 * x_10 * Deflate + 495.454545454564 * x_4 + 45108.5454545455 * BlockSize_2 + -10820 * x_10 * BlockSize_32 + 3976.9090909091 * x_8 + 3634.78787878792 * BZip2;15.8151511541154;15.8151511541154;15.8151511541154;15.8151511541154;1.433582;12;3634.78787878792 * BZip2;1;2.65475270348672;129.927921479376
10;2815.8823529412 * CompressionMethod + -600.58823529411 * Deflate + 15050.7843137255 * x_10 + 6474.70588235293 * x_6 + 27780.5882352941 * x_10 * Deflate + -640.588235294098 * x_4 + 43745.2941176471 * BlockSize_2 + -10820 * x_10 * BlockSize_32 + 4204.11764705884 * x_8 + 4998.03921568627 * BZip2 + 7140.84033613446 * x_6 * LZMA2;8.40938489639644;8.40938489639644;8.40938489639644;8.40938489639644;2.069726;14;7140.84033613446 * x_6 * LZMA2;2;3.70288312885947;109.453496858405
Analyze finished
command: printconfigs /scratch/kaltenec/Distribution-Aware-Sampling/Results_newTry/7z_disc/7z_disc_5/sampledConfigurations_local_0.csv
command: clean-sampling
command: clean-global
command: script /scratch/kaltenec/Distribution-Aware-Sampling/Results_newTry/7z_disc/7z_disc_5/learn_local_1.a
command: log /scratch/kaltenec/Distribution-Aware-Sampling/Results_newTry/7z_disc/7z_disc_5/out_local_1.log
