Current machine learning settings: epsilon:0 lossFunction:RELATIVE parallelization:True bagging:False baggingNumbers:3 baggingTestDataFraction:50 useBackward:False abortError:1 limitFeatureSize:False featureSizeTreshold:4 quadraticFunctionSupport:True crossValidation:False crossValidation-k:5 learn-logFunction:False learn-accumulatedLogFunction:False learn-asymFunction:False learn-ratioFunction:False learn-mirrowedFunction:False numberOfRounds:70 backwardErrorDelta:1 minImprovementPerRound:0.1 withHierarchy:False bruteForceCandidates:False ignoreBadFeatures:False stopOnLongRound:True candidateSizePenalty:True learnTimeLimit:00:00:00 scoreMeasure:RELERROR outputRoundsToStdout:False blacklisted: 
command: mlsettings bagging:False stopOnLongRound:False parallelization:True lossFunction:RELATIVE useBackward:False abortError:10 limitFeatureSize:False featureSizeTreshold:7 quadraticFunctionSupport:True crossValidation:False learn_logFunction:True numberOfRounds:70 backwardErrorDelta:1 minImprovementPerRound:0.25 withHierarchy:False
Current machine learning settings: epsilon:0 lossFunction:RELATIVE parallelization:True bagging:False baggingNumbers:3 baggingTestDataFraction:50 useBackward:False abortError:10 limitFeatureSize:False featureSizeTreshold:7 quadraticFunctionSupport:True crossValidation:False crossValidation-k:5 learn-logFunction:True learn-accumulatedLogFunction:False learn-asymFunction:False learn-ratioFunction:False learn-mirrowedFunction:False numberOfRounds:70 backwardErrorDelta:1 minImprovementPerRound:0.25 withHierarchy:False bruteForceCandidates:False ignoreBadFeatures:False stopOnLongRound:False candidateSizePenalty:True learnTimeLimit:00:00:00 scoreMeasure:RELERROR outputRoundsToStdout:False blacklisted: 
command: solver z3
command: vm /scratch/kaltenec/Distribution-Aware-Sampling/DistOut/ConstraintData/VP9_disc/FeatureModel.xml
command: all /scratch/kaltenec/Distribution-Aware-Sampling/DistOut/ConstraintData/VP9_disc/measurements.xml
Configs with too large deviation: 0
216000 configurations loaded.
command: nfp Performance
command: hybrid distribution-aware distance-metric:manhattan distribution:uniform onlyBinary:true selection:SolverSelection  numConfigs:31 seed:10
command: learn-splconqueror
Learning: NumberOfConfigurationsLearning:31 NumberOfConfigurationsValidation:31
Learning progress:
1;17.2617391304348 * Quality + -11.2817391304348 * AutoAltRef;58.3540149529134;58.3540149529134;58.3540149529134;58.3540149529134;0.13554;2;-11.2817391304348 * AutoAltRef;1;1.79769313486232E+308;
2;1.86666666666668 * Quality + 4.11333333333334 * AutoAltRef + 20.8286274509804 * TileColumns_0;25.0282649060655;25.0282649060655;25.0282649060655;25.0282649060655;0.162754;3;20.8286274509804 * TileColumns_0;1;33.3257500468478;
3;-12.530619047619 * Quality + 18.510619047619 * AutoAltRef + 29.297619047619 * TileColumns_0 + 14.3972857142857 * Threads_2;9.98818039843214;9.98818039843214;9.98818039843214;9.98818039843214;0.219719;4;14.3972857142857 * Threads_2;1;15.0400845076334;
Elapsed=00:00:00.2217257
average model: 
command: analyze-learning
Round, Model, LearningError, LearningErrorRel, ValidationError, ValidationErrorRel, ElapsedSeconds, ModelComplexity, BestCandidate, BestCandidateSize, BestCandidateScore, TestError
Models:
Termination reason: abortError
1;17.2617391304348 * Quality + -11.2817391304348 * AutoAltRef;58.3540149529134;58.3540149529134;58.3540149529134;58.3540149529134;0.13554;2;-11.2817391304348 * AutoAltRef;1;1.79769313486232E+308;155.942101982687
2;1.86666666666668 * Quality + 4.11333333333334 * AutoAltRef + 20.8286274509804 * TileColumns_0;25.0282649060655;25.0282649060655;25.0282649060655;25.0282649060655;0.162754;3;20.8286274509804 * TileColumns_0;1;33.3257500468478;119.754666561544
3;-12.530619047619 * Quality + 18.510619047619 * AutoAltRef + 29.297619047619 * TileColumns_0 + 14.3972857142857 * Threads_2;9.98818039843214;9.98818039843214;9.98818039843214;9.98818039843214;0.219719;4;14.3972857142857 * Threads_2;1;15.0400845076334;232.996287751725
Analyze finished
command: measurementstocsv /scratch/kaltenec/Distribution-Aware-Sampling/Results_test/VP9_disc/VP9_disc_10/sampledConfigurations_solv_0.csv
command: clean-sampling
command: clean-global
command: script /scratch/kaltenec/Distribution-Aware-Sampling/Results_test/VP9_disc/VP9_disc_10/learn_solv_1.a
command: log /scratch/kaltenec/Distribution-Aware-Sampling/Results_test/VP9_disc/VP9_disc_10/out_solv_1.log
