Current machine learning settings: epsilon:0 lossFunction:RELATIVE parallelization:True bagging:False baggingNumbers:3 considerEpsilonTube:False baggingTestDataFraction:50 useBackward:False abortError:1 limitFeatureSize:False featureSizeTreshold:4 quadraticFunctionSupport:True crossValidation:False crossValidation-k:5 learn-logFunction:False learn-accumulatedLogFunction:False learn-asymFunction:False learn-ratioFunction:False learn-mirrowedFunction:False numberOfRounds:70 backwardErrorDelta:1 minImprovementPerRound:0.1 withHierarchy:False bruteForceCandidates:False ignoreBadFeatures:False stopOnLongRound:True candidateSizePenalty:True learnTimeLimit:00:00:00 scoreMeasure:RELERROR outputRoundsToStdout:False blacklisted: 
command: mlsettings bagging:False stopOnLongRound:False parallelization:True lossFunction:RELATIVE useBackward:False abortError:10 limitFeatureSize:False featureSizeTreshold:7 quadraticFunctionSupport:True crossValidation:False learn_logFunction:True numberOfRounds:70 backwardErrorDelta:1 minImprovementPerRound:0.25 withHierarchy:False
Current machine learning settings: epsilon:0 lossFunction:RELATIVE parallelization:True bagging:False baggingNumbers:3 considerEpsilonTube:False baggingTestDataFraction:50 useBackward:False abortError:10 limitFeatureSize:False featureSizeTreshold:7 quadraticFunctionSupport:True crossValidation:False crossValidation-k:5 learn-logFunction:True learn-accumulatedLogFunction:False learn-asymFunction:False learn-ratioFunction:False learn-mirrowedFunction:False numberOfRounds:70 backwardErrorDelta:1 minImprovementPerRound:0.25 withHierarchy:False bruteForceCandidates:False ignoreBadFeatures:False stopOnLongRound:False candidateSizePenalty:True learnTimeLimit:00:00:00 scoreMeasure:RELERROR outputRoundsToStdout:False blacklisted: 
command: solver z3
command: vm /scratch/kaltenec/Distribution-Aware-Sampling/DistOut/ConstraintData/7z_disc/FeatureModel.xml
command: all /scratch/kaltenec/Distribution-Aware-Sampling/DistOut/ConstraintData/7z_disc/measurements.xml
Configs with too large deviation: 0
68640 configurations loaded.
command: nfp Performance
command: binary satoutput numConfigs:600 seed:4
command: learn-splconqueror
Learning: NumberOfConfigurationsLearning:600 NumberOfConfigurationsValidation:600
Learning progress:
1;5601.53846153851 * CompressionMethod + -153.288461538488 * Deflate;105.721068194281;105.721068194281;105.721068194281;105.721068194281;0.102986;2;-153.288461538488 * Deflate;1;1.79769313486232E+308;
2;3882.48627450984 * CompressionMethod + -1626.7617647059 * Deflate + 15962.6274509804 * x_8;41.65545682914;41.65545682914;41.65545682914;41.65545682914;0.333122;3;15962.6274509804 * x_8;1;64.0656113651413;
3;3192.51011648818 * CompressionMethod + -815.925955729007 * Deflate + 15358.3291962043 * x_8 + 4221.80972514753 * BZip2;25.5812961549506;25.5812961549506;25.5812961549506;25.5812961549506;0.730218;4;4221.80972514753 * BZip2;1;16.0741606741893;
4;2773.81278549816 * CompressionMethod + -479.280412592792 * Deflate + 15768.5881354733 * x_8 + 3970.29580481809 * BZip2 + 27267.3632632972 * x_10;19.6041172573748;19.6041172573748;19.6041172573748;19.6041172573748;1.392608;5;27267.3632632972 * x_10;1;5.97717889757581;
5;3354.0552797021 * CompressionMethod + -992.809035482464 * Deflate + 15435.018778902 * x_8 + 3467.97959727533 * BZip2 + 26812.6998209792 * x_10 + -1118.71874124055 * PPMd;13.7380132331799;13.7380132331799;13.7380132331799;13.7380132331799;2.339307;6;-1118.71874124055 * PPMd;1;5.86610402419493;
6;3122.07756498194 * CompressionMethod + -800.784024068565 * Deflate + 15634.7822954338 * x_8 + 3428.34918079876 * BZip2 + 27054.5851398183 * x_10 + -886.741026520357 * PPMd + 10490.1393747515 * x_6;13.1073265745736;13.1073265745736;13.1073265745736;13.1073265745736;3.657241;7;10490.1393747515 * x_6;1;0.630686658606308;
7;3206.15497169873 * CompressionMethod + -1220.84247169873 * Deflate + 15161.1232323499 * x_8 + 3444.86424069873 * BZip2 + 26966.3789681268 * x_10 + -970.81843323714 * PPMd + 10400.5569480687 * x_6 + 2153.56426765018 * x_8 * Deflate;11.9546048803953;11.9546048803953;11.9546048803953;11.9546048803953;5.398164;9;2153.56426765018 * x_8 * Deflate;2;0.576360847089129;
8;3158.98189498373 * CompressionMethod + -1227.80639605853 * Deflate + 15208.9426111792 * x_8 + 3442.95935025693 * BZip2 + 27014.028267452 * x_10 + -972.229844666216 * PPMd + 10448.3649882641 * x_6 + 2159.88188989559 * x_8 * Deflate + 144.365336199464 * mtOff;11.6710597475076;11.6710597475076;11.6710597475076;11.6710597475076;7.587732;10;144.365336199464 * mtOff;1;0.283545132887744;
9;3256.29348867729 * CompressionMethod + -1326.06904110994 * Deflate + 15226.7569450298 * x_8 + 3103.64082696864 * BZip2 + 38051.8860978384 * x_10 + -1070.39494598867 * PPMd + 10464.1595689999 * x_6 + 2143.01860740284 * x_8 * Deflate + 146.901473153807 * mtOff + -22100.6795865157 * x_10 * LZMA;11.2204757258507;11.2204757258507;11.2204757258507;11.2204757258507;10.554786;12;-22100.6795865157 * x_10 * LZMA;2;0.225292010828421;
Elapsed=00:00:10.5597874
average model: 
command: analyze-learning
Round, Model, LearningError, LearningErrorRel, ValidationError, ValidationErrorRel, ElapsedSeconds, ModelComplexity, BestCandidate, BestCandidateSize, BestCandidateScore, TestError
Models:
Termination reason: minImprovementPerRound
1;5601.53846153851 * CompressionMethod + -153.288461538488 * Deflate;105.721068194281;105.721068194281;105.721068194281;105.721068194281;0.102986;2;-153.288461538488 * Deflate;1;1.79769313486232E+308;79.9264309346717
2;3882.48627450984 * CompressionMethod + -1626.7617647059 * Deflate + 15962.6274509804 * x_8;41.65545682914;41.65545682914;41.65545682914;41.65545682914;0.333122;3;15962.6274509804 * x_8;1;64.0656113651413;48.9057959726304
3;3192.51011648818 * CompressionMethod + -815.925955729007 * Deflate + 15358.3291962043 * x_8 + 4221.80972514753 * BZip2;25.5812961549506;25.5812961549506;25.5812961549506;25.5812961549506;0.730218;4;4221.80972514753 * BZip2;1;16.0741606741893;40.0951608478787
4;2773.81278549816 * CompressionMethod + -479.280412592792 * Deflate + 15768.5881354733 * x_8 + 3970.29580481809 * BZip2 + 27267.3632632972 * x_10;19.6041172573748;19.6041172573748;19.6041172573748;19.6041172573748;1.392608;5;27267.3632632972 * x_10;1;5.97717889757581;42.2925798059868
5;3354.0552797021 * CompressionMethod + -992.809035482464 * Deflate + 15435.018778902 * x_8 + 3467.97959727533 * BZip2 + 26812.6998209792 * x_10 + -1118.71874124055 * PPMd;13.7380132331799;13.7380132331799;13.7380132331799;13.7380132331799;2.339307;6;-1118.71874124055 * PPMd;1;5.86610402419493;38.821905266545
6;3122.07756498194 * CompressionMethod + -800.784024068565 * Deflate + 15634.7822954338 * x_8 + 3428.34918079876 * BZip2 + 27054.5851398183 * x_10 + -886.741026520357 * PPMd + 10490.1393747515 * x_6;13.1073265745736;13.1073265745736;13.1073265745736;13.1073265745736;3.657241;7;10490.1393747515 * x_6;1;0.630686658606308;50.7112233184937
7;3206.15497169873 * CompressionMethod + -1220.84247169873 * Deflate + 15161.1232323499 * x_8 + 3444.86424069873 * BZip2 + 26966.3789681268 * x_10 + -970.81843323714 * PPMd + 10400.5569480687 * x_6 + 2153.56426765018 * x_8 * Deflate;11.9546048803953;11.9546048803953;11.9546048803953;11.9546048803953;5.398164;9;2153.56426765018 * x_8 * Deflate;2;0.576360847089129;48.7034393037588
8;3158.98189498373 * CompressionMethod + -1227.80639605853 * Deflate + 15208.9426111792 * x_8 + 3442.95935025693 * BZip2 + 27014.028267452 * x_10 + -972.229844666216 * PPMd + 10448.3649882641 * x_6 + 2159.88188989559 * x_8 * Deflate + 144.365336199464 * mtOff;11.6710597475076;11.6710597475076;11.6710597475076;11.6710597475076;7.587732;10;144.365336199464 * mtOff;1;0.283545132887744;49.0067322706335
9;3256.29348867729 * CompressionMethod + -1326.06904110994 * Deflate + 15226.7569450298 * x_8 + 3103.64082696864 * BZip2 + 38051.8860978384 * x_10 + -1070.39494598867 * PPMd + 10464.1595689999 * x_6 + 2143.01860740284 * x_8 * Deflate + 146.901473153807 * mtOff + -22100.6795865157 * x_10 * LZMA;11.2204757258507;11.2204757258507;11.2204757258507;11.2204757258507;10.554786;12;-22100.6795865157 * x_10 * LZMA;2;0.225292010828421;52.2095105347224
Analyze finished
command: clean-sampling
command: clean-global
