Current machine learning settings: epsilon:0 lossFunction:RELATIVE parallelization:True bagging:False baggingNumbers:3 considerEpsilonTube:False baggingTestDataFraction:50 useBackward:False abortError:1 limitFeatureSize:False featureSizeTreshold:4 quadraticFunctionSupport:True crossValidation:False crossValidation-k:5 learn-logFunction:False learn-accumulatedLogFunction:False learn-asymFunction:False learn-ratioFunction:False learn-mirrowedFunction:False numberOfRounds:70 backwardErrorDelta:1 minImprovementPerRound:0.1 withHierarchy:False bruteForceCandidates:False ignoreBadFeatures:False stopOnLongRound:True candidateSizePenalty:True learnTimeLimit:00:00:00 scoreMeasure:RELERROR outputRoundsToStdout:False blacklisted: 
command: mlsettings bagging:False stopOnLongRound:False parallelization:True lossFunction:RELATIVE useBackward:False abortError:10 limitFeatureSize:False featureSizeTreshold:7 quadraticFunctionSupport:True crossValidation:False learn_logFunction:True numberOfRounds:70 backwardErrorDelta:1 minImprovementPerRound:0.25 withHierarchy:False
Current machine learning settings: epsilon:0 lossFunction:RELATIVE parallelization:True bagging:False baggingNumbers:3 considerEpsilonTube:False baggingTestDataFraction:50 useBackward:False abortError:10 limitFeatureSize:False featureSizeTreshold:7 quadraticFunctionSupport:True crossValidation:False crossValidation-k:5 learn-logFunction:True learn-accumulatedLogFunction:False learn-asymFunction:False learn-ratioFunction:False learn-mirrowedFunction:False numberOfRounds:70 backwardErrorDelta:1 minImprovementPerRound:0.25 withHierarchy:False bruteForceCandidates:False ignoreBadFeatures:False stopOnLongRound:False candidateSizePenalty:True learnTimeLimit:00:00:00 scoreMeasure:RELERROR outputRoundsToStdout:False blacklisted: 
command: solver z3
command: vm /scratch/kaltenec/Distribution-Aware-Sampling/DistOut/ConstraintData/VP9_disc/FeatureModel.xml
command: all /scratch/kaltenec/Distribution-Aware-Sampling/DistOut/ConstraintData/VP9_disc/measurements.xml
Configs with too large deviation: 0
216000 configurations loaded.
command: nfp Performance
command: hybrid distribution-aware distance-metric:manhattan distribution:uniform onlyBinary:true selection:SolverSelection optimization:None numConfigs:31 seed:82
command: learn-splconqueror
Learning: NumberOfConfigurationsLearning:31 NumberOfConfigurationsValidation:31
Learning progress:
1;45.42125 * Quality + -32.92125 * cpuUsed_4;44.445520687261;44.445520687261;44.445520687261;44.445520687261;0.034811;2;-32.92125 * cpuUsed_4;1;1.79769313486232E+308;
2;45.42125 * Quality + -28.31625 * cpuUsed_4 + -10.745 * TileColumns_6;33.4531616694038;33.4531616694038;33.4531616694038;33.4531616694038;0.056936;3;-10.745 * TileColumns_6;1;10.9923590178572;
3;34.1163636363636 * Quality + -37.8819230769231 * cpuUsed_4 + -10.745 * TileColumns_6 + 20.8705594405594 * lossless;29.792752613822;29.792752613822;29.792752613822;29.792752613822;0.097604;4;20.8705594405594 * lossless;1;3.66040905558177;
4;-15.9516363636363 * Quality + -68.693 * cpuUsed_4 + 39.3229999999999 * TileColumns_6 + 51.6816363636364 * lossless + 50.068 * TileColumns_0;15.4849449327469;15.4849449327469;15.4849449327469;15.4849449327469;0.165558;5;50.068 * TileColumns_0;1;14.3078076810751;
5;-44.3766363636362 * Quality + -68.6929999999999 * cpuUsed_4 + 48.7979999999999 * TileColumns_6 + 70.6316363636363 * lossless + 59.5429999999999 * TileColumns_0 + 18.9499999999999 * Threads_2;9.45003219478773;9.45003219478773;9.45003219478773;9.45003219478773;0.265879;6;18.9499999999999 * Threads_2;1;6.03491273795921;
Elapsed=00:00:00.2680532
average model: 
command: analyze-learning
Round, Model, LearningError, LearningErrorRel, ValidationError, ValidationErrorRel, ElapsedSeconds, ModelComplexity, BestCandidate, BestCandidateSize, BestCandidateScore, TestError
Models:
Termination reason: abortError
1;45.42125 * Quality + -32.92125 * cpuUsed_4;44.445520687261;44.445520687261;44.445520687261;44.445520687261;0.034811;2;-32.92125 * cpuUsed_4;1;1.79769313486232E+308;1771.48421483801
2;45.42125 * Quality + -28.31625 * cpuUsed_4 + -10.745 * TileColumns_6;33.4531616694038;33.4531616694038;33.4531616694038;33.4531616694038;0.056936;3;-10.745 * TileColumns_6;1;10.9923590178572;1596.4021002139
3;34.1163636363636 * Quality + -37.8819230769231 * cpuUsed_4 + -10.745 * TileColumns_6 + 20.8705594405594 * lossless;29.792752613822;29.792752613822;29.792752613822;29.792752613822;0.097604;4;20.8705594405594 * lossless;1;3.66040905558177;1310.6874114911
4;-15.9516363636363 * Quality + -68.693 * cpuUsed_4 + 39.3229999999999 * TileColumns_6 + 51.6816363636364 * lossless + 50.068 * TileColumns_0;15.4849449327469;15.4849449327469;15.4849449327469;15.4849449327469;0.165558;5;50.068 * TileColumns_0;1;14.3078076810751;1329.49073730952
5;-44.3766363636362 * Quality + -68.6929999999999 * cpuUsed_4 + 48.7979999999999 * TileColumns_6 + 70.6316363636363 * lossless + 59.5429999999999 * TileColumns_0 + 18.9499999999999 * Threads_2;9.45003219478773;9.45003219478773;9.45003219478773;9.45003219478773;0.265879;6;18.9499999999999 * Threads_2;1;6.03491273795921;1427.50358176628
Analyze finished
command: printconfigs /scratch/kaltenec/Distribution-Aware-Sampling/Results_newTry/VP9_disc/VP9_disc_82/sampledConfigurations_solv_0.csv
command: clean-sampling
command: clean-global
command: script /scratch/kaltenec/Distribution-Aware-Sampling/Results_newTry/VP9_disc/VP9_disc_82/learn_solv_1.a
command: log /scratch/kaltenec/Distribution-Aware-Sampling/Results_newTry/VP9_disc/VP9_disc_82/out_solv_1.log
