Current machine learning settings: epsilon:0 lossFunction:RELATIVE parallelization:True bagging:False baggingNumbers:3 considerEpsilonTube:False baggingTestDataFraction:50 useBackward:False abortError:1 limitFeatureSize:False featureSizeTreshold:4 quadraticFunctionSupport:True crossValidation:False crossValidation-k:5 learn-logFunction:False learn-accumulatedLogFunction:False learn-asymFunction:False learn-ratioFunction:False learn-mirrowedFunction:False numberOfRounds:70 backwardErrorDelta:1 minImprovementPerRound:0.1 withHierarchy:False bruteForceCandidates:False ignoreBadFeatures:False stopOnLongRound:True candidateSizePenalty:True learnTimeLimit:00:00:00 scoreMeasure:RELERROR outputRoundsToStdout:False blacklisted: 
command: mlsettings bagging:False stopOnLongRound:False parallelization:True lossFunction:RELATIVE useBackward:False abortError:10 limitFeatureSize:False featureSizeTreshold:7 quadraticFunctionSupport:True crossValidation:False learn_logFunction:True numberOfRounds:70 backwardErrorDelta:1 minImprovementPerRound:0.25 withHierarchy:False
Current machine learning settings: epsilon:0 lossFunction:RELATIVE parallelization:True bagging:False baggingNumbers:3 considerEpsilonTube:False baggingTestDataFraction:50 useBackward:False abortError:10 limitFeatureSize:False featureSizeTreshold:7 quadraticFunctionSupport:True crossValidation:False crossValidation-k:5 learn-logFunction:True learn-accumulatedLogFunction:False learn-asymFunction:False learn-ratioFunction:False learn-mirrowedFunction:False numberOfRounds:70 backwardErrorDelta:1 minImprovementPerRound:0.25 withHierarchy:False bruteForceCandidates:False ignoreBadFeatures:False stopOnLongRound:False candidateSizePenalty:True learnTimeLimit:00:00:00 scoreMeasure:RELERROR outputRoundsToStdout:False blacklisted: 
command: solver z3
command: vm /scratch/kaltenec/Distribution-Aware-Sampling/DistOut/ConstraintData/JavaGC_disc/FeatureModel.xml
command: all /scratch/kaltenec/Distribution-Aware-Sampling/DistOut/ConstraintData/JavaGC_disc/measurements.xml
Configs with too large deviation: 0
193536 configurations loaded.
command: nfp Performance
command: binary satoutput numConfigs:468 seed:15
command: learn-splconqueror
Learning: NumberOfConfigurationsLearning:468 NumberOfConfigurationsValidation:468
Learning progress:
1;49.0595414285717 * MaxTenuringThreshold + -21.8174914285717 * NewRatio_1;37.6311229176722;37.6311229176722;37.6311229176722;37.6311229176722;0.069952;2;-21.8174914285717 * NewRatio_1;1;1.79769313486232E+308;
2;34.7068589947092 * MaxTenuringThreshold + -7.46480899470865 * NewRatio_1 + 31.5759013544974 * UseAdaptiveSizePolicy;14.0148906019194;14.0148906019194;14.0148906019194;14.0148906019194;0.205531;3;31.5759013544974 * UseAdaptiveSizePolicy;1;23.6162323157528;
3;37.6258685093671 * MaxTenuringThreshold + -10.3838185093666 * NewRatio_1 + 32.1597032574289 * UseAdaptiveSizePolicy + -7.07298459320953 * UseAdaptiveGCBoundary;9.09766347014936;9.09766347014936;9.09766347014936;9.09766347014936;0.482894;4;-7.07298459320953 * UseAdaptiveGCBoundary;1;4.91722713177001;
Elapsed=00:00:00.4858858
average model: 
command: analyze-learning
Round, Model, LearningError, LearningErrorRel, ValidationError, ValidationErrorRel, ElapsedSeconds, ModelComplexity, BestCandidate, BestCandidateSize, BestCandidateScore, TestError
Models:
Termination reason: abortError
1;49.0595414285717 * MaxTenuringThreshold + -21.8174914285717 * NewRatio_1;37.6311229176722;37.6311229176722;37.6311229176722;37.6311229176722;0.069952;2;-21.8174914285717 * NewRatio_1;1;1.79769313486232E+308;45.4195011089256
2;34.7068589947092 * MaxTenuringThreshold + -7.46480899470865 * NewRatio_1 + 31.5759013544974 * UseAdaptiveSizePolicy;14.0148906019194;14.0148906019194;14.0148906019194;14.0148906019194;0.205531;3;31.5759013544974 * UseAdaptiveSizePolicy;1;23.6162323157528;46.0855014122877
3;37.6258685093671 * MaxTenuringThreshold + -10.3838185093666 * NewRatio_1 + 32.1597032574289 * UseAdaptiveSizePolicy + -7.07298459320953 * UseAdaptiveGCBoundary;9.09766347014936;9.09766347014936;9.09766347014936;9.09766347014936;0.482894;4;-7.07298459320953 * UseAdaptiveGCBoundary;1;4.91722713177001;43.6618204618303
Analyze finished
command: clean-sampling
command: clean-global
