Current machine learning settings: epsilon:0 lossFunction:RELATIVE parallelization:True bagging:False baggingNumbers:3 considerEpsilonTube:False baggingTestDataFraction:50 useBackward:False abortError:1 limitFeatureSize:False featureSizeTreshold:4 quadraticFunctionSupport:True crossValidation:False crossValidation-k:5 learn-logFunction:False learn-accumulatedLogFunction:False learn-asymFunction:False learn-ratioFunction:False learn-mirrowedFunction:False numberOfRounds:70 backwardErrorDelta:1 minImprovementPerRound:0.1 withHierarchy:False bruteForceCandidates:False ignoreBadFeatures:False stopOnLongRound:True candidateSizePenalty:True learnTimeLimit:00:00:00 scoreMeasure:RELERROR outputRoundsToStdout:False blacklisted: 
command: mlsettings bagging:False stopOnLongRound:False parallelization:True lossFunction:RELATIVE useBackward:False abortError:10 limitFeatureSize:False featureSizeTreshold:7 quadraticFunctionSupport:True crossValidation:False learn_logFunction:True numberOfRounds:70 backwardErrorDelta:1 minImprovementPerRound:0.25 withHierarchy:False
Current machine learning settings: epsilon:0 lossFunction:RELATIVE parallelization:True bagging:False baggingNumbers:3 considerEpsilonTube:False baggingTestDataFraction:50 useBackward:False abortError:10 limitFeatureSize:False featureSizeTreshold:7 quadraticFunctionSupport:True crossValidation:False crossValidation-k:5 learn-logFunction:True learn-accumulatedLogFunction:False learn-asymFunction:False learn-ratioFunction:False learn-mirrowedFunction:False numberOfRounds:70 backwardErrorDelta:1 minImprovementPerRound:0.25 withHierarchy:False bruteForceCandidates:False ignoreBadFeatures:False stopOnLongRound:False candidateSizePenalty:True learnTimeLimit:00:00:00 scoreMeasure:RELERROR outputRoundsToStdout:False blacklisted: 
command: solver z3
command: vm /scratch/kaltenec/Distribution-Aware-Sampling/DistOut/ConstraintData/BerkeleyDBC/FeatureModel.xml
Warning: Variability model contains outdated notation. Children nodes will no longer have effect on the model. Instead use the parent node to describe the parent of an configuration option. You can also use the converter providedby the Variability Model GUI in export>convert legacy model.
Warning: Default value nodes in models are no longer used and should be removed. You can also use the converter provided by the Variability Model GUI in export>convert legacy model to update your model.
command: all /scratch/kaltenec/Distribution-Aware-Sampling/DistOut/ConstraintData/BerkeleyDBC/measurements.xml
Configs with too large deviation: 0
2560 configurations loaded.
command: nfp Performance
command: hybrid distribution-aware distance-metric:manhattan distribution:uniform onlyBinary:true selection:SolverSelection optimization:local numConfigs:363 seed:10
command: learn-splconqueror
Learning: NumberOfConfigurationsLearning:363 NumberOfConfigurationsValidation:363
Learning progress:
1;8.53656637929418 * PAGESIZE + -1.06960674453526 * CS16MB;634.137261082663;634.137261082663;634.137261082663;634.137261082663;0.033792;2;-1.06960674453526 * CS16MB;1;1.79769313486232E+308;
2;1.03546129381237 * PAGESIZE + -1.18390929821877 * CS16MB + 14.3021070296519 * HAVE_CRYPTO;128.414333046632;128.414333046632;128.414333046632;128.414333046632;0.100952;3;14.3021070296519 * HAVE_CRYPTO;1;505.722928036031;
3;0.786615536846188 * PAGESIZE + 0.00502042950865264 * CS16MB + 9.03659993606836 * HAVE_CRYPTO + 28.6998650176619 * HAVE_CRYPTO * PS32K;69.4618110712459;69.4618110712459;69.4618110712459;69.4618110712459;0.231762;5;28.6998650176619 * HAVE_CRYPTO * PS32K;2;29.4762609876931;
4;0.802314387265779 * PAGESIZE + -0.069985189162653 * CS16MB + 11.6198291600686 * HAVE_CRYPTO + 26.1116520316237 * HAVE_CRYPTO * PS32K + -9.82274578871557 * HAVE_CRYPTO * PS1K;41.9423474340137;41.9423474340137;41.9423474340137;41.9423474340137;0.418718;7;-9.82274578871557 * HAVE_CRYPTO * PS1K;2;13.7597318186161;
5;0.600972311865791 * PAGESIZE + -0.0371634343667462 * CS16MB + 11.8134652582557 * HAVE_CRYPTO + 25.2784378418193 * HAVE_CRYPTO * PS32K + -9.82224458694557 * HAVE_CRYPTO * PS1K + 0.836231344903597 * PS32K;33.2797220658334;33.2797220658334;33.2797220658334;33.2797220658334;0.670296;8;0.836231344903597 * PS32K;1;8.66262536818025;
6;0.569195368491898 * PAGESIZE + 0.102655116478547 * CS16MB + 7.86678296259855 * HAVE_CRYPTO + 29.2261188414111 * HAVE_CRYPTO * PS32K + -5.87447722492944 * HAVE_CRYPTO * PS1K + 0.847035505650671 * PS32K + 12.2634516652904 * HAVE_CRYPTO * PS16K;23.4929810567039;23.4929810567039;23.4929810567039;23.4929810567039;1.027029;10;12.2634516652904 * HAVE_CRYPTO * PS16K;2;4.89337050456479;
7;0.599917174056967 * PAGESIZE + -0.032520828007993 * CS16MB + 10.2637492772457 * HAVE_CRYPTO + 26.8281869843032 * HAVE_CRYPTO * PS32K + -8.27249257683973 * HAVE_CRYPTO * PS1K + 0.83659009175863 * PS32K + 9.86499077631848 * HAVE_CRYPTO * PS16K + -4.6697832607827 * HAVE_CRYPTO * PS4K;17.5507967630138;17.5507967630138;17.5507967630138;17.5507967630138;1.459823;12;-4.6697832607827 * HAVE_CRYPTO * PS4K;2;2.97109214684502;
8;0.592590868793063 * PAGESIZE + -0.000285084846721934 * CS16MB + 10.2617441831735 * HAVE_CRYPTO + 26.4746176486734 * HAVE_CRYPTO * PS32K + -8.27023731624623 * HAVE_CRYPTO * PS1K + 0.366176074458518 * PS32K + 9.86735228524134 * HAVE_CRYPTO * PS16K + -4.66689901007882 * HAVE_CRYPTO * PS4K + 1.26107989623945 * PS32K * HAVE_HASH;12.6112106468897;12.6112106468897;12.6112106468897;12.6112106468897;1.996053;14;1.26107989623945 * PS32K * HAVE_HASH;2;2.46979305806209;
9;0.51085728074602 * PAGESIZE + 0.00124240393001995 * CS16MB + 10.3430356034167 * HAVE_CRYPTO + 26.3932987949467 * HAVE_CRYPTO * PS32K + -8.27013045085688 * HAVE_CRYPTO * PS1K + 0.44762957548831 * PS32K + 9.53174515523586 * HAVE_CRYPTO * PS16K + -4.66676234003038 * HAVE_CRYPTO * PS4K + 1.26121579944129 * PS32K * HAVE_HASH + 0.335719029965686 * PS16K;10.4808409217524;10.4808409217524;10.4808409217524;10.4808409217524;2.655792;15;0.335719029965686 * PS16K;1;2.13036972513723;
10;0.511080269456261 * PAGESIZE + 0.000272887798678928 * CS16MB + 10.3430932641129 * HAVE_CRYPTO + 26.3932585466237 * HAVE_CRYPTO * PS32K + -7.60192030065833 * HAVE_CRYPTO * PS1K + 0.447584361492769 * PS32K + 9.53168503799532 * HAVE_CRYPTO * PS16K + -4.66684908621055 * HAVE_CRYPTO * PS4K + 1.26112953998817 * PS32K * HAVE_HASH + 0.335708122909296 * PS16K + -1.1912781364618 * HAVE_CRYPTO * PS1K * HAVE_HASH;7.94916661998487;7.94916661998487;7.94916661998487;7.94916661998487;3.454101;18;-1.1912781364618 * HAVE_CRYPTO * PS1K * HAVE_HASH;3;0.843891433922519;
Elapsed=00:00:03.4589762
average model: 
command: analyze-learning
Round, Model, LearningError, LearningErrorRel, ValidationError, ValidationErrorRel, ElapsedSeconds, ModelComplexity, BestCandidate, BestCandidateSize, BestCandidateScore, TestError
Models:
Termination reason: abortError
1;8.53656637929418 * PAGESIZE + -1.06960674453526 * CS16MB;634.137261082663;634.137261082663;634.137261082663;634.137261082663;0.033792;2;-1.06960674453526 * CS16MB;1;1.79769313486232E+308;643.46193121763
2;1.03546129381237 * PAGESIZE + -1.18390929821877 * CS16MB + 14.3021070296519 * HAVE_CRYPTO;128.414333046632;128.414333046632;128.414333046632;128.414333046632;0.100952;3;14.3021070296519 * HAVE_CRYPTO;1;505.722928036031;121.213669476442
3;0.786615536846188 * PAGESIZE + 0.00502042950865264 * CS16MB + 9.03659993606836 * HAVE_CRYPTO + 28.6998650176619 * HAVE_CRYPTO * PS32K;69.4618110712459;69.4618110712459;69.4618110712459;69.4618110712459;0.231762;5;28.6998650176619 * HAVE_CRYPTO * PS32K;2;29.4762609876931;65.0175853391421
4;0.802314387265779 * PAGESIZE + -0.069985189162653 * CS16MB + 11.6198291600686 * HAVE_CRYPTO + 26.1116520316237 * HAVE_CRYPTO * PS32K + -9.82274578871557 * HAVE_CRYPTO * PS1K;41.9423474340137;41.9423474340137;41.9423474340137;41.9423474340137;0.418718;7;-9.82274578871557 * HAVE_CRYPTO * PS1K;2;13.7597318186161;41.7227763672881
5;0.600972311865791 * PAGESIZE + -0.0371634343667462 * CS16MB + 11.8134652582557 * HAVE_CRYPTO + 25.2784378418193 * HAVE_CRYPTO * PS32K + -9.82224458694557 * HAVE_CRYPTO * PS1K + 0.836231344903597 * PS32K;33.2797220658334;33.2797220658334;33.2797220658334;33.2797220658334;0.670296;8;0.836231344903597 * PS32K;1;8.66262536818025;32.7880443610412
6;0.569195368491898 * PAGESIZE + 0.102655116478547 * CS16MB + 7.86678296259855 * HAVE_CRYPTO + 29.2261188414111 * HAVE_CRYPTO * PS32K + -5.87447722492944 * HAVE_CRYPTO * PS1K + 0.847035505650671 * PS32K + 12.2634516652904 * HAVE_CRYPTO * PS16K;23.4929810567039;23.4929810567039;23.4929810567039;23.4929810567039;1.027029;10;12.2634516652904 * HAVE_CRYPTO * PS16K;2;4.89337050456479;23.7554988865024
7;0.599917174056967 * PAGESIZE + -0.032520828007993 * CS16MB + 10.2637492772457 * HAVE_CRYPTO + 26.8281869843032 * HAVE_CRYPTO * PS32K + -8.27249257683973 * HAVE_CRYPTO * PS1K + 0.83659009175863 * PS32K + 9.86499077631848 * HAVE_CRYPTO * PS16K + -4.6697832607827 * HAVE_CRYPTO * PS4K;17.5507967630138;17.5507967630138;17.5507967630138;17.5507967630138;1.459823;12;-4.6697832607827 * HAVE_CRYPTO * PS4K;2;2.97109214684502;18.1818134097739
8;0.592590868793063 * PAGESIZE + -0.000285084846721934 * CS16MB + 10.2617441831735 * HAVE_CRYPTO + 26.4746176486734 * HAVE_CRYPTO * PS32K + -8.27023731624623 * HAVE_CRYPTO * PS1K + 0.366176074458518 * PS32K + 9.86735228524134 * HAVE_CRYPTO * PS16K + -4.66689901007882 * HAVE_CRYPTO * PS4K + 1.26107989623945 * PS32K * HAVE_HASH;12.6112106468897;12.6112106468897;12.6112106468897;12.6112106468897;1.996053;14;1.26107989623945 * PS32K * HAVE_HASH;2;2.46979305806209;14.0080441942712
9;0.51085728074602 * PAGESIZE + 0.00124240393001995 * CS16MB + 10.3430356034167 * HAVE_CRYPTO + 26.3932987949467 * HAVE_CRYPTO * PS32K + -8.27013045085688 * HAVE_CRYPTO * PS1K + 0.44762957548831 * PS32K + 9.53174515523586 * HAVE_CRYPTO * PS16K + -4.66676234003038 * HAVE_CRYPTO * PS4K + 1.26121579944129 * PS32K * HAVE_HASH + 0.335719029965686 * PS16K;10.4808409217524;10.4808409217524;10.4808409217524;10.4808409217524;2.655792;15;0.335719029965686 * PS16K;1;2.13036972513723;11.5273894294468
10;0.511080269456261 * PAGESIZE + 0.000272887798678928 * CS16MB + 10.3430932641129 * HAVE_CRYPTO + 26.3932585466237 * HAVE_CRYPTO * PS32K + -7.60192030065833 * HAVE_CRYPTO * PS1K + 0.447584361492769 * PS32K + 9.53168503799532 * HAVE_CRYPTO * PS16K + -4.66684908621055 * HAVE_CRYPTO * PS4K + 1.26112953998817 * PS32K * HAVE_HASH + 0.335708122909296 * PS16K + -1.1912781364618 * HAVE_CRYPTO * PS1K * HAVE_HASH;7.94916661998487;7.94916661998487;7.94916661998487;7.94916661998487;3.454101;18;-1.1912781364618 * HAVE_CRYPTO * PS1K * HAVE_HASH;3;0.843891433922519;9.29930610089392
Analyze finished
command: printconfigs /scratch/kaltenec/Distribution-Aware-Sampling/Results_newTry/BerkeleyDBC/BerkeleyDBC_10/sampledConfigurations_local_2.csv
command: clean-sampling
command: clean-global
