Current machine learning settings: epsilon:0 lossFunction:RELATIVE parallelization:True bagging:False baggingNumbers:3 considerEpsilonTube:False baggingTestDataFraction:50 useBackward:False abortError:1 limitFeatureSize:False featureSizeTreshold:4 quadraticFunctionSupport:True crossValidation:False crossValidation-k:5 learn-logFunction:False learn-accumulatedLogFunction:False learn-asymFunction:False learn-ratioFunction:False learn-mirrowedFunction:False numberOfRounds:70 backwardErrorDelta:1 minImprovementPerRound:0.1 withHierarchy:False bruteForceCandidates:False ignoreBadFeatures:False stopOnLongRound:True candidateSizePenalty:True learnTimeLimit:00:00:00 scoreMeasure:RELERROR outputRoundsToStdout:False blacklisted: 
command: mlsettings bagging:False stopOnLongRound:False parallelization:True lossFunction:RELATIVE useBackward:False abortError:10 limitFeatureSize:False featureSizeTreshold:7 quadraticFunctionSupport:True crossValidation:False learn_logFunction:True numberOfRounds:70 backwardErrorDelta:1 minImprovementPerRound:0.25 withHierarchy:False
Current machine learning settings: epsilon:0 lossFunction:RELATIVE parallelization:True bagging:False baggingNumbers:3 considerEpsilonTube:False baggingTestDataFraction:50 useBackward:False abortError:10 limitFeatureSize:False featureSizeTreshold:7 quadraticFunctionSupport:True crossValidation:False crossValidation-k:5 learn-logFunction:True learn-accumulatedLogFunction:False learn-asymFunction:False learn-ratioFunction:False learn-mirrowedFunction:False numberOfRounds:70 backwardErrorDelta:1 minImprovementPerRound:0.25 withHierarchy:False bruteForceCandidates:False ignoreBadFeatures:False stopOnLongRound:False candidateSizePenalty:True learnTimeLimit:00:00:00 scoreMeasure:RELERROR outputRoundsToStdout:False blacklisted: 
command: solver z3
command: vm /scratch/kaltenec/Distribution-Aware-Sampling/DistOut/ConstraintData/JavaGC_disc/FeatureModel.xml
command: all /scratch/kaltenec/Distribution-Aware-Sampling/DistOut/ConstraintData/JavaGC_disc/measurements.xml
Configs with too large deviation: 0
193536 configurations loaded.
command: nfp Performance
command: binary satoutput numConfigs:32 seed:25
command: learn-splconqueror
Learning: NumberOfConfigurationsLearning:32 NumberOfConfigurationsValidation:32
Learning progress:
1;124.69638 * MaxTenuringThreshold + -90.7879300000003 * NewRatio_1;81.2625465374259;81.2625465374259;81.2625465374259;81.2625465374259;0.039396;2;-90.7879300000003 * NewRatio_1;1;1.79769313486232E+308;
2;63.5602386666667 * MaxTenuringThreshold + -29.6517886666668 * NewRatio_1 + 183.408424 * UseAdaptiveSizePolicy;12.0626823136262;12.0626823136262;12.0626823136262;12.0626823136262;0.050143;3;183.408424 * UseAdaptiveSizePolicy;1;69.1998642237997;
3;55.6586945815603 * MaxTenuringThreshold + -21.7502445815603 * NewRatio_1 + 186.042272028369 * UseAdaptiveSizePolicy + 17.5589868557919 * UseAdaptiveGCBoundary;5.52399742145243;5.52399742145243;5.52399742145243;5.52399742145243;0.06845;4;17.5589868557919 * UseAdaptiveGCBoundary;1;6.53868489217373;
Elapsed=00:00:00.0698339
average model: 
command: analyze-learning
Round, Model, LearningError, LearningErrorRel, ValidationError, ValidationErrorRel, ElapsedSeconds, ModelComplexity, BestCandidate, BestCandidateSize, BestCandidateScore, TestError
Models:
Termination reason: abortError
1;124.69638 * MaxTenuringThreshold + -90.7879300000003 * NewRatio_1;81.2625465374259;81.2625465374259;81.2625465374259;81.2625465374259;0.039396;2;-90.7879300000003 * NewRatio_1;1;1.79769313486232E+308;145.382141608219
2;63.5602386666667 * MaxTenuringThreshold + -29.6517886666668 * NewRatio_1 + 183.408424 * UseAdaptiveSizePolicy;12.0626823136262;12.0626823136262;12.0626823136262;12.0626823136262;0.050143;3;183.408424 * UseAdaptiveSizePolicy;1;69.1998642237997;183.083917638244
3;55.6586945815603 * MaxTenuringThreshold + -21.7502445815603 * NewRatio_1 + 186.042272028369 * UseAdaptiveSizePolicy + 17.5589868557919 * UseAdaptiveGCBoundary;5.52399742145243;5.52399742145243;5.52399742145243;5.52399742145243;0.06845;4;17.5589868557919 * UseAdaptiveGCBoundary;1;6.53868489217373;193.024459514633
Analyze finished
command: clean-sampling
command: clean-global
command: script /scratch/kaltenec/Distribution-Aware-Sampling/Results_newTry/JavaGC_disc/JavaGC_disc_25/learn_semi_1.a
command: log /scratch/kaltenec/Distribution-Aware-Sampling/Results_newTry/JavaGC_disc/JavaGC_disc_25/out_semi_1.log
