Current machine learning settings: epsilon:0 lossFunction:RELATIVE parallelization:True bagging:False baggingNumbers:3 considerEpsilonTube:False baggingTestDataFraction:50 useBackward:False abortError:1 limitFeatureSize:False featureSizeTreshold:4 quadraticFunctionSupport:True crossValidation:False crossValidation-k:5 learn-logFunction:False learn-accumulatedLogFunction:False learn-asymFunction:False learn-ratioFunction:False learn-mirrowedFunction:False numberOfRounds:70 backwardErrorDelta:1 minImprovementPerRound:0.1 withHierarchy:False bruteForceCandidates:False ignoreBadFeatures:False stopOnLongRound:True candidateSizePenalty:True learnTimeLimit:00:00:00 scoreMeasure:RELERROR outputRoundsToStdout:False blacklisted: 
command: mlsettings bagging:False stopOnLongRound:False parallelization:True lossFunction:RELATIVE useBackward:False abortError:10 limitFeatureSize:False featureSizeTreshold:7 quadraticFunctionSupport:True crossValidation:False learn_logFunction:True numberOfRounds:70 backwardErrorDelta:1 minImprovementPerRound:0.25 withHierarchy:False
Current machine learning settings: epsilon:0 lossFunction:RELATIVE parallelization:True bagging:False baggingNumbers:3 considerEpsilonTube:False baggingTestDataFraction:50 useBackward:False abortError:10 limitFeatureSize:False featureSizeTreshold:7 quadraticFunctionSupport:True crossValidation:False crossValidation-k:5 learn-logFunction:True learn-accumulatedLogFunction:False learn-asymFunction:False learn-ratioFunction:False learn-mirrowedFunction:False numberOfRounds:70 backwardErrorDelta:1 minImprovementPerRound:0.25 withHierarchy:False bruteForceCandidates:False ignoreBadFeatures:False stopOnLongRound:False candidateSizePenalty:True learnTimeLimit:00:00:00 scoreMeasure:RELERROR outputRoundsToStdout:False blacklisted: 
command: solver z3
command: vm /scratch/kaltenec/Distribution-Aware-Sampling/DistOut/ConstraintData/JavaGC_disc/FeatureModel.xml
command: all /scratch/kaltenec/Distribution-Aware-Sampling/DistOut/ConstraintData/JavaGC_disc/measurements.xml
Configs with too large deviation: 0
193536 configurations loaded.
command: nfp Performance
command: hybrid distribution-aware distance-metric:manhattan distribution:uniform onlyBinary:true selection:SolverSelection optimization:None numConfigs:32 seed:64
command: learn-splconqueror
Learning: NumberOfConfigurationsLearning:32 NumberOfConfigurationsValidation:32
Learning progress:
1;57.1901613333333 * MaxTenuringThreshold + -25.9482474444445 * NewRatio_1;26.8330110302011;26.8330110302011;26.8330110302011;26.8330110302011;0.035202;2;-25.9482474444445 * NewRatio_1;1;1.79769313486232E+308;
2;40.8435990476191 * MaxTenuringThreshold + -9.60168515873015 * NewRatio_1 + 54.4885409523809 * NewRatio_32;4.74039402628441;4.74039402628441;4.74039402628441;4.74039402628441;0.059401;3;54.4885409523809 * NewRatio_32;1;22.0926170039167;
Elapsed=00:00:00.0611932
average model: 
command: analyze-learning
Round, Model, LearningError, LearningErrorRel, ValidationError, ValidationErrorRel, ElapsedSeconds, ModelComplexity, BestCandidate, BestCandidateSize, BestCandidateScore, TestError
Models:
Termination reason: abortError
1;57.1901613333333 * MaxTenuringThreshold + -25.9482474444445 * NewRatio_1;26.8330110302011;26.8330110302011;26.8330110302011;26.8330110302011;0.035202;2;-25.9482474444445 * NewRatio_1;1;1.79769313486232E+308;54.9213134200124
2;40.8435990476191 * MaxTenuringThreshold + -9.60168515873015 * NewRatio_1 + 54.4885409523809 * NewRatio_32;4.74039402628441;4.74039402628441;4.74039402628441;4.74039402628441;0.059401;3;54.4885409523809 * NewRatio_32;1;22.0926170039167;40.5131708351107
Analyze finished
command: printconfigs /scratch/kaltenec/Distribution-Aware-Sampling/Results_newTry/JavaGC_disc/JavaGC_disc_64/sampledConfigurations_solv_0.csv
command: clean-sampling
command: clean-global
command: script /scratch/kaltenec/Distribution-Aware-Sampling/Results_newTry/JavaGC_disc/JavaGC_disc_64/learn_solv_1.a
command: log /scratch/kaltenec/Distribution-Aware-Sampling/Results_newTry/JavaGC_disc/JavaGC_disc_64/out_solv_1.log
