Current machine learning settings: epsilon:0 lossFunction:RELATIVE parallelization:True bagging:False baggingNumbers:3 baggingTestDataFraction:50 useBackward:False abortError:1 limitFeatureSize:False featureSizeTreshold:4 quadraticFunctionSupport:True crossValidation:False crossValidation-k:5 learn-logFunction:False learn-accumulatedLogFunction:False learn-asymFunction:False learn-ratioFunction:False learn-mirrowedFunction:False numberOfRounds:70 backwardErrorDelta:1 minImprovementPerRound:0.1 withHierarchy:False bruteForceCandidates:False ignoreBadFeatures:False stopOnLongRound:True candidateSizePenalty:True learnTimeLimit:00:00:00 scoreMeasure:RELERROR outputRoundsToStdout:False blacklisted: 
command: mlsettings bagging:False stopOnLongRound:False parallelization:True lossFunction:RELATIVE useBackward:False abortError:10 limitFeatureSize:False featureSizeTreshold:7 quadraticFunctionSupport:True crossValidation:False learn_logFunction:True numberOfRounds:70 backwardErrorDelta:1 minImprovementPerRound:0.25 withHierarchy:False
Current machine learning settings: epsilon:0 lossFunction:RELATIVE parallelization:True bagging:False baggingNumbers:3 baggingTestDataFraction:50 useBackward:False abortError:10 limitFeatureSize:False featureSizeTreshold:7 quadraticFunctionSupport:True crossValidation:False crossValidation-k:5 learn-logFunction:True learn-accumulatedLogFunction:False learn-asymFunction:False learn-ratioFunction:False learn-mirrowedFunction:False numberOfRounds:70 backwardErrorDelta:1 minImprovementPerRound:0.25 withHierarchy:False bruteForceCandidates:False ignoreBadFeatures:False stopOnLongRound:False candidateSizePenalty:True learnTimeLimit:00:00:00 scoreMeasure:RELERROR outputRoundsToStdout:False blacklisted: 
command: solver z3
command: vm ../FeatureModel.xml
command: all ../measurements.xml
Configs with too large deviation: 0
68640 configurations loaded.
command: nfp Performance
command: binary random numConfigs:39 seed:59 fromFile:../allConfigurations.csv
command: learn-splconqueror
Learning: NumberOfConfigurationsLearning:39 NumberOfConfigurationsValidation:39
Learning progress:
1;7005.94594594595 * CompressionMethod + 4014.05405405406 * BlockSize_1;108.339497227441;108.339497227441;108.339497227441;108.339497227441;0.1093749;2;4014.05405405406 * BlockSize_1;1;1.79769313486232E+308;
2;5269.03225806452 * CompressionMethod + 5750.96774193549 * BlockSize_1 + 10710.9677419355 * x_8;75.8158399964369;75.8158399964369;75.8158399964369;75.8158399964369;0.1249993;3;10710.9677419355 * x_8;1;32.5236572310038;
3;3714.4 * CompressionMethod + 7305.6 * BlockSize_1 + 12265.6 * x_8 + 8032.26666666665 * x_6;49.1956968150619;49.1956968150619;49.1956968150619;49.1956968150619;0.140625;4;8032.26666666665 * x_6;1;26.6201431813749;
4;3161.53846153847 * CompressionMethod + 4403.07692307692 * BlockSize_1 + 12818.4615384615 * x_8 + 8585.12820512819 * x_6 + 6910.76923076923 * x_10;38.2476055327911;38.2476055327911;38.2476055327911;38.2476055327911;0.1718747;5;6910.76923076923 * x_10;1;10.9480912822708;
5;3374.78260869566 * CompressionMethod + -714.782608695645 * BlockSize_1 + 12605.2173913044 * x_8 + 8371.88405797102 * x_6 + 16720 * x_10 + -12474.7826086956 * x_10 * Files_40;33.5035692463135;33.5035692463135;33.5035692463135;33.5035692463135;0.2187509;7;-12474.7826086956 * x_10 * Files_40;2;2.37201814323879;
6;3254.5 * CompressionMethod + -594.499999999989 * BlockSize_1 + 12725.5 * x_8 + 8261.625 * x_6 + 16720 * x_10 + -12354.5 * x_10 * Files_40 + 691.625000000003 * BZip2;31.3308574809935;31.3308574809935;31.3308574809935;31.3308574809935;0.2812515;8;691.625000000003 * BZip2;1;2.17271176532006;
7;2767.8947368421 * CompressionMethod + -107.894736842102 * BlockSize_1 + 13212.1052631579 * x_8 + 11059.6052631579 * x_6 + 16720 * x_10 + -11867.8947368421 * x_10 * Files_40 + -6242.50000000002 * BZip2 + 9732.10526315792 * BZip2 * x_2;22.210099991715;22.210099991715;22.210099991715;22.210099991715;0.3593762;10;9732.10526315792 * BZip2 * x_2;2;4.56037874463923;
8;2388.60465116279 * CompressionMethod + 271.395348837206 * BlockSize_1 + 12690.5813953488 * x_8 + 10538.0813953488 * x_6 + 14918.3720930233 * x_10 + -9686.97674418609 * x_10 * Files_40 + -5341.68604651162 * BZip2 + 9210.58139534883 * BZip2 * x_2 + 1801.62790697674 * LZMA;19.3995834157849;19.3995834157849;19.3995834157849;19.3995834157849;0.4531274;11;1801.62790697674 * LZMA;1;2.81051657593009;
9;2579.78388998035 * CompressionMethod + 80.2161100196663 * BlockSize_1 + 14666.1001964636 * x_8 + 10800.952848723 * x_6 + 15826.4734774067 * x_10 + -10786.257367387 * x_10 * Files_40 + -5795.73673870335 * BZip2 + 9473.452848723 * BZip2 * x_2 + 893.526522593328 * LZMA + -10275.884086444 * x_8 * BlockSize_256;15.9364261411841;15.9364261411841;15.9364261411841;15.9364261411841;0.6250037;13;-10275.884086444 * x_8 * BlockSize_256;2;1.73157863730044;
10;1665.70530726256 * CompressionMethod + 994.294692737428 * BlockSize_1 + 13836.6585195531 * x_8 + 10467.2416201117 * x_6 + 14561.7562849162 * x_10 + -8607.46159217877 * x_10 * Files_40 + -4547.94692737429 * BZip2 + 9139.74162011173 * BZip2 * x_2 + 2158.2437150838 * LZMA + -8532.36382681564 * x_8 * BlockSize_256 + 2461.7248603352 * LZMA2;13.8052432067299;13.8052432067299;13.8052432067299;13.8052432067299;0.7812563;14;2461.7248603352 * LZMA2;1;2.13118293445414;
11;2130 * CompressionMethod + 529.999999999993 * BlockSize_1 + 14391.7934782609 * x_8 + 12586.847826087 * x_6 + 15682.1195652174 * x_10 + -10192.1195652174 * x_10 * Files_40 + -7131.84782608695 * BZip2 + 11259.347826087 * BZip2 * x_2 + 1037.88043478259 * LZMA + -9551.79347826087 * x_8 * BlockSize_256 + 1593.69565217391 * LZMA2 + -7226.84782608696 * x_6 * Deflate;9.46579679662131;9.46579679662131;9.46579679662131;9.46579679662131;0.9531321;16;-7226.84782608696 * x_6 * Deflate;2;2.1697232050543;
Elapsed=00:00:00.9587337
average model: 

command: analyze-learning
Round, Model, LearningError, LearningErrorRel, ValidationError, ValidationErrorRel, ElapsedSeconds, ModelComplexity, BestCandidate, BestCandidateSize, BestCandidateScore, TestError
Models:
Termination reason: abortError
1;7005.94594594595 * CompressionMethod + 4014.05405405406 * BlockSize_1;108.339497227441;108.339497227441;108.339497227441;108.339497227441;0.1093749;2;4014.05405405406 * BlockSize_1;1;1.79769313486232E+308;105.915314206381
2;5269.03225806452 * CompressionMethod + 5750.96774193549 * BlockSize_1 + 10710.9677419355 * x_8;75.8158399964369;75.8158399964369;75.8158399964369;75.8158399964369;0.1249993;3;10710.9677419355 * x_8;1;32.5236572310038;81.1548560487789
3;3714.4 * CompressionMethod + 7305.6 * BlockSize_1 + 12265.6 * x_8 + 8032.26666666665 * x_6;49.1956968150619;49.1956968150619;49.1956968150619;49.1956968150619;0.140625;4;8032.26666666665 * x_6;1;26.6201431813749;70.2420967126705
4;3161.53846153847 * CompressionMethod + 4403.07692307692 * BlockSize_1 + 12818.4615384615 * x_8 + 8585.12820512819 * x_6 + 6910.76923076923 * x_10;38.2476055327911;38.2476055327911;38.2476055327911;38.2476055327911;0.1718747;5;6910.76923076923 * x_10;1;10.9480912822708;56.3600333621958
5;3374.78260869566 * CompressionMethod + -714.782608695645 * BlockSize_1 + 12605.2173913044 * x_8 + 8371.88405797102 * x_6 + 16720 * x_10 + -12474.7826086956 * x_10 * Files_40;33.5035692463135;33.5035692463135;33.5035692463135;33.5035692463135;0.2187509;7;-12474.7826086956 * x_10 * Files_40;2;2.37201814323879;53.2934177835018
6;3254.5 * CompressionMethod + -594.499999999989 * BlockSize_1 + 12725.5 * x_8 + 8261.625 * x_6 + 16720 * x_10 + -12354.5 * x_10 * Files_40 + 691.625000000003 * BZip2;31.3308574809935;31.3308574809935;31.3308574809935;31.3308574809935;0.2812515;8;691.625000000003 * BZip2;1;2.17271176532006;50.924063736209
7;2767.8947368421 * CompressionMethod + -107.894736842102 * BlockSize_1 + 13212.1052631579 * x_8 + 11059.6052631579 * x_6 + 16720 * x_10 + -11867.8947368421 * x_10 * Files_40 + -6242.50000000002 * BZip2 + 9732.10526315792 * BZip2 * x_2;22.210099991715;22.210099991715;22.210099991715;22.210099991715;0.3593762;10;9732.10526315792 * BZip2 * x_2;2;4.56037874463923;57.2675670794791
8;2388.60465116279 * CompressionMethod + 271.395348837206 * BlockSize_1 + 12690.5813953488 * x_8 + 10538.0813953488 * x_6 + 14918.3720930233 * x_10 + -9686.97674418609 * x_10 * Files_40 + -5341.68604651162 * BZip2 + 9210.58139534883 * BZip2 * x_2 + 1801.62790697674 * LZMA;19.3995834157849;19.3995834157849;19.3995834157849;19.3995834157849;0.4531274;11;1801.62790697674 * LZMA;1;2.81051657593009;54.2041925819051
9;2579.78388998035 * CompressionMethod + 80.2161100196663 * BlockSize_1 + 14666.1001964636 * x_8 + 10800.952848723 * x_6 + 15826.4734774067 * x_10 + -10786.257367387 * x_10 * Files_40 + -5795.73673870335 * BZip2 + 9473.452848723 * BZip2 * x_2 + 893.526522593328 * LZMA + -10275.884086444 * x_8 * BlockSize_256;15.9364261411841;15.9364261411841;15.9364261411841;15.9364261411841;0.6250037;13;-10275.884086444 * x_8 * BlockSize_256;2;1.73157863730044;54.4208732116452
10;1665.70530726256 * CompressionMethod + 994.294692737428 * BlockSize_1 + 13836.6585195531 * x_8 + 10467.2416201117 * x_6 + 14561.7562849162 * x_10 + -8607.46159217877 * x_10 * Files_40 + -4547.94692737429 * BZip2 + 9139.74162011173 * BZip2 * x_2 + 2158.2437150838 * LZMA + -8532.36382681564 * x_8 * BlockSize_256 + 2461.7248603352 * LZMA2;13.8052432067299;13.8052432067299;13.8052432067299;13.8052432067299;0.7812563;14;2461.7248603352 * LZMA2;1;2.13118293445414;49.702725074775
11;2130 * CompressionMethod + 529.999999999993 * BlockSize_1 + 14391.7934782609 * x_8 + 12586.847826087 * x_6 + 15682.1195652174 * x_10 + -10192.1195652174 * x_10 * Files_40 + -7131.84782608695 * BZip2 + 11259.347826087 * BZip2 * x_2 + 1037.88043478259 * LZMA + -9551.79347826087 * x_8 * BlockSize_256 + 1593.69565217391 * LZMA2 + -7226.84782608696 * x_6 * Deflate;9.46579679662131;9.46579679662131;9.46579679662131;9.46579679662131;0.9531321;16;-7226.84782608696 * x_6 * Deflate;2;2.1697232050543;51.5964358660162
Analyze finished
command: measurementstocsv ./sampledConfigurations_rand_0.csv
command: clean-sampling
command: clean-global
command: script ./learn_rand_1.a
command: log ./out_rand_1.log
