Current machine learning settings: epsilon:0 lossFunction:RELATIVE parallelization:True bagging:False baggingNumbers:3 considerEpsilonTube:False baggingTestDataFraction:50 useBackward:False abortError:1 limitFeatureSize:False featureSizeTreshold:4 quadraticFunctionSupport:True crossValidation:False crossValidation-k:5 learn-logFunction:False learn-accumulatedLogFunction:False learn-asymFunction:False learn-ratioFunction:False learn-mirrowedFunction:False numberOfRounds:70 backwardErrorDelta:1 minImprovementPerRound:0.1 withHierarchy:False bruteForceCandidates:False ignoreBadFeatures:False stopOnLongRound:True candidateSizePenalty:True learnTimeLimit:00:00:00 scoreMeasure:RELERROR outputRoundsToStdout:False blacklisted: 
command: mlsettings bagging:False stopOnLongRound:False parallelization:True lossFunction:RELATIVE useBackward:False abortError:10 limitFeatureSize:False featureSizeTreshold:7 quadraticFunctionSupport:True crossValidation:False learn_logFunction:True numberOfRounds:70 backwardErrorDelta:1 minImprovementPerRound:0.25 withHierarchy:False
Current machine learning settings: epsilon:0 lossFunction:RELATIVE parallelization:True bagging:False baggingNumbers:3 considerEpsilonTube:False baggingTestDataFraction:50 useBackward:False abortError:10 limitFeatureSize:False featureSizeTreshold:7 quadraticFunctionSupport:True crossValidation:False crossValidation-k:5 learn-logFunction:True learn-accumulatedLogFunction:False learn-asymFunction:False learn-ratioFunction:False learn-mirrowedFunction:False numberOfRounds:70 backwardErrorDelta:1 minImprovementPerRound:0.25 withHierarchy:False bruteForceCandidates:False ignoreBadFeatures:False stopOnLongRound:False candidateSizePenalty:True learnTimeLimit:00:00:00 scoreMeasure:RELERROR outputRoundsToStdout:False blacklisted: 
command: solver z3
command: vm /scratch/kaltenec/Distribution-Aware-Sampling/DistOut/ConstraintData/JavaGC_disc/FeatureModel.xml
command: all /scratch/kaltenec/Distribution-Aware-Sampling/DistOut/ConstraintData/JavaGC_disc/measurements.xml
Configs with too large deviation: 0
193536 configurations loaded.
command: nfp Performance
command: binary satoutput numConfigs:468 seed:76
command: learn-splconqueror
Learning: NumberOfConfigurationsLearning:468 NumberOfConfigurationsValidation:468
Learning progress:
1;64.0116876702513 * MaxTenuringThreshold + -29.8235876702489 * NewRatio_1;62.8297840815279;62.8297840815279;62.8297840815279;62.8297840815279;0.060344;2;-29.8235876702489 * NewRatio_1;1;1.79769313486232E+308;
2;36.5726318639456 * MaxTenuringThreshold + -2.38453186394348 * NewRatio_1 + 57.9961861360547 * UseAdaptiveSizePolicy;18.1773706741739;18.1773706741739;18.1773706741739;18.1773706741739;0.173705;3;57.9961861360547 * UseAdaptiveSizePolicy;1;44.652413407354;
3;40.5241285006731 * MaxTenuringThreshold + -6.33602850067289 * NewRatio_1 + 58.4452198447735 * UseAdaptiveSizePolicy + -9.30881419229033 * UseAdaptiveGCBoundary;12.0198699301786;12.0198699301786;12.0198699301786;12.0198699301786;0.406116;4;-9.30881419229033 * UseAdaptiveGCBoundary;1;6.15750074399525;
4;44.9909252482272 * MaxTenuringThreshold + -10.8028252482263 * NewRatio_1 + 48.5489546368306 * UseAdaptiveSizePolicy + -19.8315565302782 * UseAdaptiveGCBoundary + 22.0081563888108 * UseAdaptiveSizePolicy * UseAdaptiveGCBoundary;5.42286623088764;5.42286623088764;5.42286623088764;5.42286623088764;0.782849;6;22.0081563888108 * UseAdaptiveSizePolicy * UseAdaptiveGCBoundary;2;3.2985018496455;
Elapsed=00:00:00.7893233
average model: 
command: analyze-learning
Round, Model, LearningError, LearningErrorRel, ValidationError, ValidationErrorRel, ElapsedSeconds, ModelComplexity, BestCandidate, BestCandidateSize, BestCandidateScore, TestError
Models:
Termination reason: abortError
1;64.0116876702513 * MaxTenuringThreshold + -29.8235876702489 * NewRatio_1;62.8297840815279;62.8297840815279;62.8297840815279;62.8297840815279;0.060344;2;-29.8235876702489 * NewRatio_1;1;1.79769313486232E+308;63.9377804203831
2;36.5726318639456 * MaxTenuringThreshold + -2.38453186394348 * NewRatio_1 + 57.9961861360547 * UseAdaptiveSizePolicy;18.1773706741739;18.1773706741739;18.1773706741739;18.1773706741739;0.173705;3;57.9961861360547 * UseAdaptiveSizePolicy;1;44.652413407354;64.3616981924971
3;40.5241285006731 * MaxTenuringThreshold + -6.33602850067289 * NewRatio_1 + 58.4452198447735 * UseAdaptiveSizePolicy + -9.30881419229033 * UseAdaptiveGCBoundary;12.0198699301786;12.0198699301786;12.0198699301786;12.0198699301786;0.406116;4;-9.30881419229033 * UseAdaptiveGCBoundary;1;6.15750074399525;60.0969263354838
4;44.9909252482272 * MaxTenuringThreshold + -10.8028252482263 * NewRatio_1 + 48.5489546368306 * UseAdaptiveSizePolicy + -19.8315565302782 * UseAdaptiveGCBoundary + 22.0081563888108 * UseAdaptiveSizePolicy * UseAdaptiveGCBoundary;5.42286623088764;5.42286623088764;5.42286623088764;5.42286623088764;0.782849;6;22.0081563888108 * UseAdaptiveSizePolicy * UseAdaptiveGCBoundary;2;3.2985018496455;60.8813626263827
Analyze finished
command: clean-sampling
command: clean-global
