Current machine learning settings: epsilon:0 lossFunction:RELATIVE parallelization:True bagging:False baggingNumbers:3 considerEpsilonTube:False baggingTestDataFraction:50 useBackward:False abortError:1 limitFeatureSize:False featureSizeTreshold:4 quadraticFunctionSupport:True crossValidation:False crossValidation-k:5 learn-logFunction:False learn-accumulatedLogFunction:False learn-asymFunction:False learn-ratioFunction:False learn-mirrowedFunction:False numberOfRounds:70 backwardErrorDelta:1 minImprovementPerRound:0.1 withHierarchy:False bruteForceCandidates:False ignoreBadFeatures:False stopOnLongRound:True candidateSizePenalty:True learnTimeLimit:00:00:00 scoreMeasure:RELERROR outputRoundsToStdout:False blacklisted: 
command: mlsettings bagging:False stopOnLongRound:False parallelization:True lossFunction:RELATIVE useBackward:False abortError:10 limitFeatureSize:False featureSizeTreshold:7 quadraticFunctionSupport:True crossValidation:False learn_logFunction:True numberOfRounds:70 backwardErrorDelta:1 minImprovementPerRound:0.25 withHierarchy:False
Current machine learning settings: epsilon:0 lossFunction:RELATIVE parallelization:True bagging:False baggingNumbers:3 considerEpsilonTube:False baggingTestDataFraction:50 useBackward:False abortError:10 limitFeatureSize:False featureSizeTreshold:7 quadraticFunctionSupport:True crossValidation:False crossValidation-k:5 learn-logFunction:True learn-accumulatedLogFunction:False learn-asymFunction:False learn-ratioFunction:False learn-mirrowedFunction:False numberOfRounds:70 backwardErrorDelta:1 minImprovementPerRound:0.25 withHierarchy:False bruteForceCandidates:False ignoreBadFeatures:False stopOnLongRound:False candidateSizePenalty:True learnTimeLimit:00:00:00 scoreMeasure:RELERROR outputRoundsToStdout:False blacklisted: 
command: solver z3
command: vm /scratch/kaltenec/Distribution-Aware-Sampling/DistOut/ConstraintData/JavaGC_disc/FeatureModel.xml
command: all /scratch/kaltenec/Distribution-Aware-Sampling/DistOut/ConstraintData/JavaGC_disc/measurements.xml
Configs with too large deviation: 0
193536 configurations loaded.
command: nfp Performance
command: hybrid distribution-aware distance-metric:manhattan distribution:uniform onlyBinary:true selection:SolverSelection optimization:None numConfigs:32 seed:99
command: learn-splconqueror
Learning: NumberOfConfigurationsLearning:32 NumberOfConfigurationsValidation:32
Learning progress:
1;97.4116072463767 * MaxTenuringThreshold + -65.776329468599 * NewRatio_1;75.0109639441254;75.0109639441254;75.0109639441254;75.0109639441254;0.036777;2;-65.776329468599 * NewRatio_1;1;1.79769313486232E+308;
2;123.584410416667 * MaxTenuringThreshold + -91.9491326388889 * NewRatio_1 + -85.9963532738095 * NewRatio_2;48.632800202682;48.632800202682;48.632800202682;48.632800202682;0.060528;3;-85.9963532738095 * NewRatio_2;1;26.3781637414434;
3;172.844953333333 * MaxTenuringThreshold + -141.209675555556 * NewRatio_1 + -135.256896190476 * NewRatio_2 + -131.361447777778 * NewRatio_4;10.1611032837153;10.1611032837153;10.1611032837153;10.1611032837153;0.096495;4;-131.361447777778 * NewRatio_4;1;38.4716969189667;
4;200.239805555555 * MaxTenuringThreshold + -168.604527777778 * NewRatio_1 + -162.651748412698 * NewRatio_2 + -158.7563 * NewRatio_4 + -68.4871305555556 * NewRatio_8;7.05075156522279;7.05075156522279;7.05075156522279;7.05075156522279;0.153558;5;-68.4871305555556 * NewRatio_8;1;3.11035171849255;
Elapsed=00:00:00.1554212
average model: 
command: analyze-learning
Round, Model, LearningError, LearningErrorRel, ValidationError, ValidationErrorRel, ElapsedSeconds, ModelComplexity, BestCandidate, BestCandidateSize, BestCandidateScore, TestError
Models:
Termination reason: abortError
1;97.4116072463767 * MaxTenuringThreshold + -65.776329468599 * NewRatio_1;75.0109639441254;75.0109639441254;75.0109639441254;75.0109639441254;0.036777;2;-65.776329468599 * NewRatio_1;1;1.79769313486232E+308;105.762484891147
2;123.584410416667 * MaxTenuringThreshold + -91.9491326388889 * NewRatio_1 + -85.9963532738095 * NewRatio_2;48.632800202682;48.632800202682;48.632800202682;48.632800202682;0.060528;3;-85.9963532738095 * NewRatio_2;1;26.3781637414434;99.4905027741472
3;172.844953333333 * MaxTenuringThreshold + -141.209675555556 * NewRatio_1 + -135.256896190476 * NewRatio_2 + -131.361447777778 * NewRatio_4;10.1611032837153;10.1611032837153;10.1611032837153;10.1611032837153;0.096495;4;-131.361447777778 * NewRatio_4;1;38.4716969189667;100.617222280359
4;200.239805555555 * MaxTenuringThreshold + -168.604527777778 * NewRatio_1 + -162.651748412698 * NewRatio_2 + -158.7563 * NewRatio_4 + -68.4871305555556 * NewRatio_8;7.05075156522279;7.05075156522279;7.05075156522279;7.05075156522279;0.153558;5;-68.4871305555556 * NewRatio_8;1;3.11035171849255;96.2087558073251
Analyze finished
command: printconfigs /scratch/kaltenec/Distribution-Aware-Sampling/Results_newTry/JavaGC_disc/JavaGC_disc_99/sampledConfigurations_solv_0.csv
command: clean-sampling
command: clean-global
command: script /scratch/kaltenec/Distribution-Aware-Sampling/Results_newTry/JavaGC_disc/JavaGC_disc_99/learn_solv_1.a
command: log /scratch/kaltenec/Distribution-Aware-Sampling/Results_newTry/JavaGC_disc/JavaGC_disc_99/out_solv_1.log
