Current machine learning settings: epsilon:0 lossFunction:RELATIVE parallelization:True bagging:False baggingNumbers:3 considerEpsilonTube:False baggingTestDataFraction:50 useBackward:False abortError:1 limitFeatureSize:False featureSizeTreshold:4 quadraticFunctionSupport:True crossValidation:False crossValidation-k:5 learn-logFunction:False learn-accumulatedLogFunction:False learn-asymFunction:False learn-ratioFunction:False learn-mirrowedFunction:False numberOfRounds:70 backwardErrorDelta:1 minImprovementPerRound:0.1 withHierarchy:False bruteForceCandidates:False ignoreBadFeatures:False stopOnLongRound:True candidateSizePenalty:True learnTimeLimit:00:00:00 scoreMeasure:RELERROR outputRoundsToStdout:False blacklisted: 
command: mlsettings bagging:False stopOnLongRound:False parallelization:True lossFunction:RELATIVE useBackward:False abortError:10 limitFeatureSize:False featureSizeTreshold:7 quadraticFunctionSupport:True crossValidation:False learn_logFunction:True numberOfRounds:70 backwardErrorDelta:1 minImprovementPerRound:0.25 withHierarchy:False
Current machine learning settings: epsilon:0 lossFunction:RELATIVE parallelization:True bagging:False baggingNumbers:3 considerEpsilonTube:False baggingTestDataFraction:50 useBackward:False abortError:10 limitFeatureSize:False featureSizeTreshold:7 quadraticFunctionSupport:True crossValidation:False crossValidation-k:5 learn-logFunction:True learn-accumulatedLogFunction:False learn-asymFunction:False learn-ratioFunction:False learn-mirrowedFunction:False numberOfRounds:70 backwardErrorDelta:1 minImprovementPerRound:0.25 withHierarchy:False bruteForceCandidates:False ignoreBadFeatures:False stopOnLongRound:False candidateSizePenalty:True learnTimeLimit:00:00:00 scoreMeasure:RELERROR outputRoundsToStdout:False blacklisted: 
command: solver z3
command: vm /scratch/kaltenec/Distribution-Aware-Sampling/DistOut/ConstraintData/7z_disc/FeatureModel.xml
command: all /scratch/kaltenec/Distribution-Aware-Sampling/DistOut/ConstraintData/7z_disc/measurements.xml
Configs with too large deviation: 0
68640 configurations loaded.
command: nfp Performance
command: binary satoutput numConfigs:39 seed:45
command: learn-splconqueror
Learning: NumberOfConfigurationsLearning:39 NumberOfConfigurationsValidation:39
Learning progress:
1;14167 * CompressionMethod + 764.052631578945 * LZMA;88.6604210348181;88.6604210348181;88.6604210348181;88.6604210348181;0.041828;2;764.052631578945 * LZMA;1;1.79769313486232E+308;
2;2572.5 * CompressionMethod + 12358.552631579 * LZMA + 14493.125 * LZMA2;37.8311575169707;37.8311575169707;37.8311575169707;37.8311575169707;0.053041;3;14493.125 * LZMA2;1;50.8292635178474;
3;-11472.9166666667 * CompressionMethod + 14576.25 * LZMA + 14493.125 * LZMA2 + 14045.4166666667 * x_6;5.49438502809056;5.49438502809056;5.49438502809056;5.49438502809056;0.070003;4;14045.4166666667 * x_6;1;32.3367724888802;
Elapsed=00:00:00.0717063
average model: 
command: analyze-learning
Round, Model, LearningError, LearningErrorRel, ValidationError, ValidationErrorRel, ElapsedSeconds, ModelComplexity, BestCandidate, BestCandidateSize, BestCandidateScore, TestError
Models:
Termination reason: abortError
1;14167 * CompressionMethod + 764.052631578945 * LZMA;88.6604210348181;88.6604210348181;88.6604210348181;88.6604210348181;0.041828;2;764.052631578945 * LZMA;1;1.79769313486232E+308;234.234458267584
2;2572.5 * CompressionMethod + 12358.552631579 * LZMA + 14493.125 * LZMA2;37.8311575169707;37.8311575169707;37.8311575169707;37.8311575169707;0.053041;3;14493.125 * LZMA2;1;50.8292635178474;110.544264041591
3;-11472.9166666667 * CompressionMethod + 14576.25 * LZMA + 14493.125 * LZMA2 + 14045.4166666667 * x_6;5.49438502809056;5.49438502809056;5.49438502809056;5.49438502809056;0.070003;4;14045.4166666667 * x_6;1;32.3367724888802;214.045538525183
Analyze finished
command: clean-sampling
command: clean-global
command: script /scratch/kaltenec/Distribution-Aware-Sampling/Results_newTry/7z_disc/7z_disc_45/learn_semi_1.a
command: log /scratch/kaltenec/Distribution-Aware-Sampling/Results_newTry/7z_disc/7z_disc_45/out_semi_1.log
