Current machine learning settings: epsilon:0 lossFunction:RELATIVE parallelization:True bagging:False baggingNumbers:3 baggingTestDataFraction:50 useBackward:False abortError:1 limitFeatureSize:False featureSizeTreshold:4 quadraticFunctionSupport:True crossValidation:False crossValidation-k:5 learn-logFunction:False learn-accumulatedLogFunction:False learn-asymFunction:False learn-ratioFunction:False learn-mirrowedFunction:False numberOfRounds:70 backwardErrorDelta:1 minImprovementPerRound:0.1 withHierarchy:False bruteForceCandidates:False ignoreBadFeatures:False stopOnLongRound:True candidateSizePenalty:True learnTimeLimit:00:00:00 scoreMeasure:RELERROR outputRoundsToStdout:False blacklisted: 
command: mlsettings bagging:False stopOnLongRound:False parallelization:True lossFunction:RELATIVE useBackward:False abortError:10 limitFeatureSize:False featureSizeTreshold:7 quadraticFunctionSupport:True crossValidation:False learn_logFunction:True numberOfRounds:70 backwardErrorDelta:1 minImprovementPerRound:0.25 withHierarchy:False
Current machine learning settings: epsilon:0 lossFunction:RELATIVE parallelization:True bagging:False baggingNumbers:3 baggingTestDataFraction:50 useBackward:False abortError:10 limitFeatureSize:False featureSizeTreshold:7 quadraticFunctionSupport:True crossValidation:False crossValidation-k:5 learn-logFunction:True learn-accumulatedLogFunction:False learn-asymFunction:False learn-ratioFunction:False learn-mirrowedFunction:False numberOfRounds:70 backwardErrorDelta:1 minImprovementPerRound:0.25 withHierarchy:False bruteForceCandidates:False ignoreBadFeatures:False stopOnLongRound:False candidateSizePenalty:True learnTimeLimit:00:00:00 scoreMeasure:RELERROR outputRoundsToStdout:False blacklisted: 
command: solver z3
command: vm /scratch/kaltenec/Distribution-Aware-Sampling/DistOut/ConstraintData/JavaGC_disc/FeatureModel.xml
command: all /scratch/kaltenec/Distribution-Aware-Sampling/DistOut/ConstraintData/JavaGC_disc/measurements.xml
Configs with too large deviation: 0
193536 configurations loaded.
command: nfp Performance
command: hybrid distribution-aware distance-metric:manhattan distribution:uniform onlyBinary:true selection:SolverSelection number-weight-optimization:1-1 numConfigs:32 seed:12
command: learn-splconqueror
Learning: NumberOfConfigurationsLearning:32 NumberOfConfigurationsValidation:32
Learning progress:
1;51.0957925925925 * MaxTenuringThreshold + 92.8823711755234 * DisableExplicitGC;102.191445884817;102.191445884817;102.191445884817;102.191445884817;0.131625;2;92.8823711755234 * DisableExplicitGC;1;1.79769313486232E+308;
2;74.0343818422796 * MaxTenuringThreshold + 87.8957213386349 * DisableExplicitGC + -103.223651623592 * NewRatio_1;76.3257445288008;76.3257445288008;76.3257445288008;76.3257445288008;0.166522;3;-103.223651623592 * NewRatio_1;1;25.8657013560159;
3;69.1910994708995 * MaxTenuringThreshold + 62.4684888888889 * DisableExplicitGC + -81.428880952381 * NewRatio_1 + 121.808551640212 * NewRatio_32;57.5448793481709;57.5448793481709;57.5448793481709;57.5448793481709;0.22739;4;121.808551640212 * NewRatio_32;1;18.7808651806299;
4;59.7687805243446 * MaxTenuringThreshold + 13.0013144194757 * DisableExplicitGC + -39.0284456928838 * NewRatio_1 + 180.69804505618 * NewRatio_32 + 111.30114255618 * NewRatio_16;25.4749607694244;25.4749607694244;25.4749607694244;25.4749607694244;0.310429;5;111.30114255618 * NewRatio_16;1;32.0699185787465;
5;56.2138687499999 * MaxTenuringThreshold + -5.66197239583329 * DisableExplicitGC + -23.0313427083333 * NewRatio_1 + 202.916243645834 * NewRatio_32 + 133.519341145833 * NewRatio_16 + 79.0967869791669 * DisableExplicitGC * NewRatio_8;14.128542469424;14.128542469424;14.128542469424;14.128542469424;0.437199;7;79.0967869791669 * DisableExplicitGC * NewRatio_8;2;5.6732091500002;
6;44.8068616858237 * MaxTenuringThreshold + -6.88415172413778 * DisableExplicitGC + -10.8095494252874 * NewRatio_1 + 215.545430038314 * NewRatio_32 + 146.148527538314 * NewRatio_16 + 91.7259733716474 * DisableExplicitGC * NewRatio_8 + 26.0731590038314 * NewRatio_4;9.11198172956433;9.11198172956433;9.11198172956433;9.11198172956433;0.687701;8;26.0731590038314 * NewRatio_4;1;5.01656073985968;
Elapsed=00:00:00.6901445
average model: 
command: analyze-learning
Round, Model, LearningError, LearningErrorRel, ValidationError, ValidationErrorRel, ElapsedSeconds, ModelComplexity, BestCandidate, BestCandidateSize, BestCandidateScore, TestError
Models:
Termination reason: abortError
1;51.0957925925925 * MaxTenuringThreshold + 92.8823711755234 * DisableExplicitGC;102.191445884817;102.191445884817;102.191445884817;102.191445884817;0.131625;2;92.8823711755234 * DisableExplicitGC;1;1.79769313486232E+308;146.86701746542
2;74.0343818422796 * MaxTenuringThreshold + 87.8957213386349 * DisableExplicitGC + -103.223651623592 * NewRatio_1;76.3257445288008;76.3257445288008;76.3257445288008;76.3257445288008;0.166522;3;-103.223651623592 * NewRatio_1;1;25.8657013560159;156.329283689564
3;69.1910994708995 * MaxTenuringThreshold + 62.4684888888889 * DisableExplicitGC + -81.428880952381 * NewRatio_1 + 121.808551640212 * NewRatio_32;57.5448793481709;57.5448793481709;57.5448793481709;57.5448793481709;0.22739;4;121.808551640212 * NewRatio_32;1;18.7808651806299;135.155574724387
4;59.7687805243446 * MaxTenuringThreshold + 13.0013144194757 * DisableExplicitGC + -39.0284456928838 * NewRatio_1 + 180.69804505618 * NewRatio_32 + 111.30114255618 * NewRatio_16;25.4749607694244;25.4749607694244;25.4749607694244;25.4749607694244;0.310429;5;111.30114255618 * NewRatio_16;1;32.0699185787465;98.0818459807992
5;56.2138687499999 * MaxTenuringThreshold + -5.66197239583329 * DisableExplicitGC + -23.0313427083333 * NewRatio_1 + 202.916243645834 * NewRatio_32 + 133.519341145833 * NewRatio_16 + 79.0967869791669 * DisableExplicitGC * NewRatio_8;14.128542469424;14.128542469424;14.128542469424;14.128542469424;0.437199;7;79.0967869791669 * DisableExplicitGC * NewRatio_8;2;5.6732091500002;99.6363131684832
6;44.8068616858237 * MaxTenuringThreshold + -6.88415172413778 * DisableExplicitGC + -10.8095494252874 * NewRatio_1 + 215.545430038314 * NewRatio_32 + 146.148527538314 * NewRatio_16 + 91.7259733716474 * DisableExplicitGC * NewRatio_8 + 26.0731590038314 * NewRatio_4;9.11198172956433;9.11198172956433;9.11198172956433;9.11198172956433;0.687701;8;26.0731590038314 * NewRatio_4;1;5.01656073985968;96.7978564781495
Analyze finished
command: measurementstocsv /scratch/kaltenec/Distribution-Aware-Sampling/Results_opt/JavaGC_disc/JavaGC_disc_12/sampledConfigurations_solv_0.csv
command: clean-sampling
command: clean-global
command: script /scratch/kaltenec/Distribution-Aware-Sampling/Results_opt/JavaGC_disc/JavaGC_disc_12/learn_solv_1.a
command: log /scratch/kaltenec/Distribution-Aware-Sampling/Results_opt/JavaGC_disc/JavaGC_disc_12/out_solv_1.log
