Current machine learning settings: epsilon:0 lossFunction:RELATIVE parallelization:True bagging:False baggingNumbers:3 baggingTestDataFraction:50 useBackward:False abortError:1 limitFeatureSize:False featureSizeTreshold:4 quadraticFunctionSupport:True crossValidation:False crossValidation-k:5 learn-logFunction:False learn-accumulatedLogFunction:False learn-asymFunction:False learn-ratioFunction:False learn-mirrowedFunction:False numberOfRounds:70 backwardErrorDelta:1 minImprovementPerRound:0.1 withHierarchy:False bruteForceCandidates:False ignoreBadFeatures:False stopOnLongRound:True candidateSizePenalty:True learnTimeLimit:00:00:00 scoreMeasure:RELERROR outputRoundsToStdout:False blacklisted: 
command: mlsettings bagging:False stopOnLongRound:False parallelization:True lossFunction:RELATIVE useBackward:False abortError:10 limitFeatureSize:False featureSizeTreshold:7 quadraticFunctionSupport:True crossValidation:False learn_logFunction:True numberOfRounds:70 backwardErrorDelta:1 minImprovementPerRound:0.25 withHierarchy:False
Current machine learning settings: epsilon:0 lossFunction:RELATIVE parallelization:True bagging:False baggingNumbers:3 baggingTestDataFraction:50 useBackward:False abortError:10 limitFeatureSize:False featureSizeTreshold:7 quadraticFunctionSupport:True crossValidation:False crossValidation-k:5 learn-logFunction:True learn-accumulatedLogFunction:False learn-asymFunction:False learn-ratioFunction:False learn-mirrowedFunction:False numberOfRounds:70 backwardErrorDelta:1 minImprovementPerRound:0.25 withHierarchy:False bruteForceCandidates:False ignoreBadFeatures:False stopOnLongRound:False candidateSizePenalty:True learnTimeLimit:00:00:00 scoreMeasure:RELERROR outputRoundsToStdout:False blacklisted: 
command: solver z3
command: vm /scratch/kaltenec/Distribution-Aware-Sampling/DistOut/ConstraintData/7z_disc/FeatureModel.xml
command: all /scratch/kaltenec/Distribution-Aware-Sampling/DistOut/ConstraintData/7z_disc/measurements.xml
Configs with too large deviation: 0
68640 configurations loaded.
command: nfp Performance
command: hybrid distribution-aware distance-metric:manhattan distribution:uniform onlyBinary:true selection:SolverSelection number-weight-optimization:1-1 numConfigs:600 seed:74
command: learn-splconqueror
Learning: NumberOfConfigurationsLearning:600 NumberOfConfigurationsValidation:600
Learning progress:
1;12582.5090252708 * CompressionMethod + -873.378590488045 * BlockSize_1;179.76562426737;179.76562426737;179.76562426737;179.76562426737;0.14129;2;-873.378590488045 * BlockSize_1;1;1.79769313486232E+308;
2;9029.39261712791 * CompressionMethod + -1282.47331380882 * BlockSize_1 + 36452.3424094662 * x_10;123.749161662768;123.749161662768;123.749161662768;123.749161662768;0.43278;3;36452.3424094662 * x_10;1;56.0164626046015;
3;4896.1333616179 * CompressionMethod + -2291.12633762355 * BlockSize_1 + 40671.080734791 * x_10 + 15388.1623730223 * x_8;51.4246936733098;51.4246936733098;51.4246936733098;51.4246936733098;1.001693;4;15388.1623730223 * x_8;1;72.3244679894582;
4;2634.75720077084 * CompressionMethod + -1598.92599405593 * BlockSize_1 + 38588.5476464955 * x_10 + 15976.2404474327 * x_8 + 7436.16599945793 * BZip2;38.5735861842498;38.5735861842498;38.5735861842498;38.5735861842498;1.88099;5;7436.16599945793 * BZip2;1;12.85110748906;
5;4201.95802573496 * CompressionMethod + 7.56399099096478 * BlockSize_1 + 12458.0317357063 * x_10 + 15475.4345362087 * x_8 + 1801.25015495234 * BZip2 + 48023.2434956361 * BZip2 * x_10;31.2044888890664;31.2044888890664;31.2044888890664;31.2044888890664;3.463105;7;48023.2434956361 * BZip2 * x_10;2;3.6845486475917;
6;3181.99433865324 * CompressionMethod + -245.860090740198 * BlockSize_1 + 13518.5432758652 * x_10 + 16421.5257543951 * x_8 + 2253.78335935067 * BZip2 + 47537.6160876232 * BZip2 * x_10 + 5141.18542485867 * x_6;17.8497978437487;17.8497978437487;17.8497978437487;17.8497978437487;5.907587;8;5141.18542485867 * x_6;1;13.3546910453177;
7;2975.1603609828 * CompressionMethod + -319.581423010484 * BlockSize_1 + 13737.1726666987 * x_10 + 14358.5757761091 * x_8 + 2899.90256133765 * BZip2 + 46881.8697469516 * BZip2 * x_10 + 5252.49386780508 * x_6 + 3100.82656538962 * x_8 * Deflate;14.953994172397;14.953994172397;14.953994172397;14.953994172397;8.934219;10;3100.82656538962 * x_8 * Deflate;2;1.44790183567583;
8;3249.23133346864 * CompressionMethod + -342.503480398529 * BlockSize_1 + 13466.7692233951 * x_10 + 14292.3896505748 * x_8 + 2603.21703672497 * BZip2 + 47175.5619205409 * BZip2 * x_10 + 5770.11412239594 * x_6 + 4033.25147159336 * x_8 * Deflate + -1137.8377665742 * Deflate;12.2531942513185;12.2531942513185;12.2531942513185;12.2531942513185;12.269373;11;-1137.8377665742 * Deflate;1;2.70079992107855;
9;3053.18870110663 * CompressionMethod + -269.942514141581 * BlockSize_1 + 13172.1878881525 * x_10 + 14118.1783706768 * x_8 + 2829.27056188505 * BZip2 + 47437.9982169192 * BZip2 * x_10 + 5811.03132544301 * x_6 + 4224.36597978403 * x_8 * Deflate + -966.523564748182 * Deflate + 798.357021672612 * LZMA2;11.366987802641;11.366987802641;11.366987802641;11.366987802641;16.834033;12;798.357021672612 * LZMA2;1;0.886206448677447;
10;3017.25750562625 * CompressionMethod + -326.175358777153 * BlockSize_1 + 13183.6095927429 * x_10 + 14007.0686807702 * x_8 + 3024.97194754367 * BZip2 + 47268.4602293455 * BZip2 * x_10 + 6319.72319798195 * x_6 + 4578.35583135501 * x_8 * Deflate + -1167.40820454993 * Deflate + 854.201598392039 * LZMA2 + -5067.95265115175 * x_6 * Files_0;10.1488641348082;10.1488641348082;10.1488641348082;10.1488641348082;22.366299;14;-5067.95265115175 * x_6 * Files_0;2;0.609061833916424;
11;3155.05709410842 * CompressionMethod + -4.40595482165298 * BlockSize_1 + 15274.6214076758 * x_10 + 14152.2860875235 * x_8 + 2837.40565036434 * BZip2 + 45217.7513171109 * BZip2 * x_10 + 6256.97726476311 * x_6 + 4392.42536926793 * x_8 * Deflate + -1299.19535969352 * Deflate + 189.037558145021 * LZMA2 + -4955.44000923576 * x_6 * Files_0 + -11757.4755243734 * x_10 * PPMd;9.13804298657644;9.13804298657644;9.13804298657644;9.13804298657644;28.76201;16;-11757.4755243734 * x_10 * PPMd;2;0.505410574115879;
Elapsed=00:00:28.7718746
average model: 
command: analyze-learning
Round, Model, LearningError, LearningErrorRel, ValidationError, ValidationErrorRel, ElapsedSeconds, ModelComplexity, BestCandidate, BestCandidateSize, BestCandidateScore, TestError
Models:
Termination reason: abortError
1;12582.5090252708 * CompressionMethod + -873.378590488045 * BlockSize_1;179.76562426737;179.76562426737;179.76562426737;179.76562426737;0.14129;2;-873.378590488045 * BlockSize_1;1;1.79769313486232E+308;201.343735836949
2;9029.39261712791 * CompressionMethod + -1282.47331380882 * BlockSize_1 + 36452.3424094662 * x_10;123.749161662768;123.749161662768;123.749161662768;123.749161662768;0.43278;3;36452.3424094662 * x_10;1;56.0164626046015;152.186105549013
3;4896.1333616179 * CompressionMethod + -2291.12633762355 * BlockSize_1 + 40671.080734791 * x_10 + 15388.1623730223 * x_8;51.4246936733098;51.4246936733098;51.4246936733098;51.4246936733098;1.001693;4;15388.1623730223 * x_8;1;72.3244679894582;83.4941463192931
4;2634.75720077084 * CompressionMethod + -1598.92599405593 * BlockSize_1 + 38588.5476464955 * x_10 + 15976.2404474327 * x_8 + 7436.16599945793 * BZip2;38.5735861842498;38.5735861842498;38.5735861842498;38.5735861842498;1.88099;5;7436.16599945793 * BZip2;1;12.85110748906;58.4681044971756
5;4201.95802573496 * CompressionMethod + 7.56399099096478 * BlockSize_1 + 12458.0317357063 * x_10 + 15475.4345362087 * x_8 + 1801.25015495234 * BZip2 + 48023.2434956361 * BZip2 * x_10;31.2044888890664;31.2044888890664;31.2044888890664;31.2044888890664;3.463105;7;48023.2434956361 * BZip2 * x_10;2;3.6845486475917;50.9685814873951
6;3181.99433865324 * CompressionMethod + -245.860090740198 * BlockSize_1 + 13518.5432758652 * x_10 + 16421.5257543951 * x_8 + 2253.78335935067 * BZip2 + 47537.6160876232 * BZip2 * x_10 + 5141.18542485867 * x_6;17.8497978437487;17.8497978437487;17.8497978437487;17.8497978437487;5.907587;8;5141.18542485867 * x_6;1;13.3546910453177;41.0337845868529
7;2975.1603609828 * CompressionMethod + -319.581423010484 * BlockSize_1 + 13737.1726666987 * x_10 + 14358.5757761091 * x_8 + 2899.90256133765 * BZip2 + 46881.8697469516 * BZip2 * x_10 + 5252.49386780508 * x_6 + 3100.82656538962 * x_8 * Deflate;14.953994172397;14.953994172397;14.953994172397;14.953994172397;8.934219;10;3100.82656538962 * x_8 * Deflate;2;1.44790183567583;37.9152609472887
8;3249.23133346864 * CompressionMethod + -342.503480398529 * BlockSize_1 + 13466.7692233951 * x_10 + 14292.3896505748 * x_8 + 2603.21703672497 * BZip2 + 47175.5619205409 * BZip2 * x_10 + 5770.11412239594 * x_6 + 4033.25147159336 * x_8 * Deflate + -1137.8377665742 * Deflate;12.2531942513185;12.2531942513185;12.2531942513185;12.2531942513185;12.269373;11;-1137.8377665742 * Deflate;1;2.70079992107855;35.5792502307401
9;3053.18870110663 * CompressionMethod + -269.942514141581 * BlockSize_1 + 13172.1878881525 * x_10 + 14118.1783706768 * x_8 + 2829.27056188505 * BZip2 + 47437.9982169192 * BZip2 * x_10 + 5811.03132544301 * x_6 + 4224.36597978403 * x_8 * Deflate + -966.523564748182 * Deflate + 798.357021672612 * LZMA2;11.366987802641;11.366987802641;11.366987802641;11.366987802641;16.834033;12;798.357021672612 * LZMA2;1;0.886206448677447;34.4942728163456
10;3017.25750562625 * CompressionMethod + -326.175358777153 * BlockSize_1 + 13183.6095927429 * x_10 + 14007.0686807702 * x_8 + 3024.97194754367 * BZip2 + 47268.4602293455 * BZip2 * x_10 + 6319.72319798195 * x_6 + 4578.35583135501 * x_8 * Deflate + -1167.40820454993 * Deflate + 854.201598392039 * LZMA2 + -5067.95265115175 * x_6 * Files_0;10.1488641348082;10.1488641348082;10.1488641348082;10.1488641348082;22.366299;14;-5067.95265115175 * x_6 * Files_0;2;0.609061833916424;34.1728154069582
11;3155.05709410842 * CompressionMethod + -4.40595482165298 * BlockSize_1 + 15274.6214076758 * x_10 + 14152.2860875235 * x_8 + 2837.40565036434 * BZip2 + 45217.7513171109 * BZip2 * x_10 + 6256.97726476311 * x_6 + 4392.42536926793 * x_8 * Deflate + -1299.19535969352 * Deflate + 189.037558145021 * LZMA2 + -4955.44000923576 * x_6 * Files_0 + -11757.4755243734 * x_10 * PPMd;9.13804298657644;9.13804298657644;9.13804298657644;9.13804298657644;28.76201;16;-11757.4755243734 * x_10 * PPMd;2;0.505410574115879;30.7844538011242
Analyze finished
command: measurementstocsv /scratch/kaltenec/Distribution-Aware-Sampling/Results_opt/7z_disc/7z_disc_74/sampledConfigurations_solv_1.csv
command: clean-sampling
command: clean-global
command: script /scratch/kaltenec/Distribution-Aware-Sampling/Results_opt/7z_disc/7z_disc_74/learn_solv_2.a
command: log /scratch/kaltenec/Distribution-Aware-Sampling/Results_opt/7z_disc/7z_disc_74/out_solv_2.log
