Current machine learning settings: epsilon:0 lossFunction:RELATIVE parallelization:True bagging:False baggingNumbers:3 baggingTestDataFraction:50 useBackward:False abortError:1 limitFeatureSize:False featureSizeTreshold:4 quadraticFunctionSupport:True crossValidation:False crossValidation-k:5 learn-logFunction:False learn-accumulatedLogFunction:False learn-asymFunction:False learn-ratioFunction:False learn-mirrowedFunction:False numberOfRounds:70 backwardErrorDelta:1 minImprovementPerRound:0.1 withHierarchy:False bruteForceCandidates:False ignoreBadFeatures:False stopOnLongRound:True candidateSizePenalty:True learnTimeLimit:00:00:00 scoreMeasure:RELERROR outputRoundsToStdout:False blacklisted: 
command: mlsettings bagging:False stopOnLongRound:False parallelization:True lossFunction:RELATIVE useBackward:False abortError:10 limitFeatureSize:False featureSizeTreshold:7 quadraticFunctionSupport:True crossValidation:False learn_logFunction:True numberOfRounds:70 backwardErrorDelta:1 minImprovementPerRound:0.25 withHierarchy:False
Current machine learning settings: epsilon:0 lossFunction:RELATIVE parallelization:True bagging:False baggingNumbers:3 baggingTestDataFraction:50 useBackward:False abortError:10 limitFeatureSize:False featureSizeTreshold:7 quadraticFunctionSupport:True crossValidation:False crossValidation-k:5 learn-logFunction:True learn-accumulatedLogFunction:False learn-asymFunction:False learn-ratioFunction:False learn-mirrowedFunction:False numberOfRounds:70 backwardErrorDelta:1 minImprovementPerRound:0.25 withHierarchy:False bruteForceCandidates:False ignoreBadFeatures:False stopOnLongRound:False candidateSizePenalty:True learnTimeLimit:00:00:00 scoreMeasure:RELERROR outputRoundsToStdout:False blacklisted: 
command: solver z3
command: vm /scratch/kaltenec/Distribution-Aware-Sampling/DistOut/ConstraintData/7z_disc/FeatureModel.xml
command: all /scratch/kaltenec/Distribution-Aware-Sampling/DistOut/ConstraintData/7z_disc/measurements.xml
Configs with too large deviation: 0
68640 configurations loaded.
command: nfp Performance
command: hybrid distribution-aware distance-metric:manhattan distribution:uniform onlyBinary:true selection:SolverSelection number-weight-optimization:1-1 numConfigs:600 seed:33
command: learn-splconqueror
Learning: NumberOfConfigurationsLearning:600 NumberOfConfigurationsValidation:600
Learning progress:
1;16471.8231046933 * CompressionMethod + -428.562235127802 * BlockSize_1;164.688749434792;164.688749434792;164.688749434792;164.688749434792;0.136157;2;-428.562235127802 * BlockSize_1;1;1.79769313486232E+308;
2;7704.99178442146 * CompressionMethod + 1332.75252631135 * BlockSize_1 + 23018.1258361637 * x_10;87.0113321687718;87.0113321687718;87.0113321687718;87.0113321687718;0.417414;3;23018.1258361637 * x_10;1;77.67741726602;
3;7754.49201504111 * CompressionMethod + 752.671698737522 * BlockSize_1 + 11131.5629140278 * x_10 + 47704.64709245 * x_10 * BZip2;62.2973636251022;62.2973636251022;62.2973636251022;62.2973636251022;1.040102;5;47704.64709245 * x_10 * BZip2;2;12.3569842718348;
4;5448.36115518627 * CompressionMethod + 869.222458122063 * BlockSize_1 + 11951.578910604 * x_10 + 49182.4369014866 * x_10 * BZip2 + 13888.2169055687 * Deflate;51.2117086639339;51.2117086639339;51.2117086639339;51.2117086639339;1.848848;6;13888.2169055687 * Deflate;1;11.0856549611683;
5;3603.8379905678 * CompressionMethod + 273.923038488771 * BlockSize_1 + 13682.0985002179 * x_10 + 49338.9618636081 * x_10 * BZip2 + 15289.3057040194 * Deflate + 7897.19319818029 * x_6;45.894386776722;45.894386776722;45.894386776722;45.894386776722;3.377731;7;7897.19319818029 * x_6;1;5.3173218872119;
6;3797.82017698218 * CompressionMethod + -77.3801930341933 * BlockSize_1 + 13262.1554133543 * x_10 + 49590.0158520231 * x_10 * BZip2 + 17605.9959535265 * Deflate + 7718.35458221809 * x_6 + -19100.8161305086 * Deflate * x_2;35.2819497254868;35.2819497254868;35.2819497254868;35.2819497254868;5.702774;9;-19100.8161305086 * Deflate * x_2;2;5.30621852561758;
7;3883.99196933146 * CompressionMethod + 199.737190057749 * BlockSize_1 + 13003.509050902 * x_10 + 49742.6963233338 * x_10 * BZip2 + 19071.3864266663 * Deflate + 7578.55539361488 * x_6 + -20652.3783959976 * Deflate * x_2 + -21095.3258340093 * Deflate * x_0;27.3295764456961;27.3295764456961;27.3295764456961;27.3295764456961;8.564371;11;-21095.3258340093 * Deflate * x_0;2;3.97618663989536;
8;3827.6280937011 * CompressionMethod + 781.752844505379 * BlockSize_1 + 13017.0617911318 * x_10 + 49743.9349119882 * x_10 * BZip2 + 19149.9933898997 * Deflate + 2978.7271030558 * x_6 + -20674.6214836007 * Deflate * x_2 + -21233.9720525018 * Deflate * x_0 + 10645.3064006251 * x_6 * mtOff;21.3309842750057;21.3309842750057;21.3309842750057;21.3309842750057;12.026204;13;10645.3064006251 * x_6 * mtOff;2;2.99929608534517;
9;3199.42102551969 * CompressionMethod + 734.390024214614 * BlockSize_1 + 13594.1595174264 * x_10 + 46516.7918801154 * x_10 * BZip2 + 19656.1659999983 * Deflate + 760.021906581695 * x_6 + -20552.587025518 * Deflate * x_2 + -21102.4650303609 * Deflate * x_0 + 13495.0047135329 * x_6 * mtOff + 3281.6354323519 * BZip2;16.5799319917026;16.5799319917026;16.5799319917026;16.5799319917026;15.777171;14;3281.6354323519 * BZip2;1;4.75105228330314;
10;3285.76105678983 * CompressionMethod + 691.558459830985 * BlockSize_1 + 14827.6527100828 * x_10 + 45281.4706994058 * x_10 * BZip2 + 19231.5179220835 * Deflate + 761.325292593137 * x_6 + -20214.2789788734 * Deflate * x_2 + -20755.5906708394 * Deflate * x_0 + 13409.8808000387 * x_6 * mtOff + 3200.18278659082 * BZip2 + -10748.9916898642 * x_10 * PPMd;12.4537846489698;12.4537846489698;12.4537846489698;12.4537846489698;20.62309;16;-10748.9916898642 * x_10 * PPMd;2;2.06307367136643;
11;3321.67199975171 * CompressionMethod + 710.56633902432 * BlockSize_1 + 14794.6273393274 * x_10 + 45467.7422607243 * x_10 * BZip2 + 19198.1278570008 * Deflate + 1096.88550807445 * x_6 + -20216.7998567525 * Deflate * x_2 + -20761.9131245573 * Deflate * x_0 + 13037.2915310548 * x_6 * mtOff + 3009.66794740909 * BZip2 + -10752.8276560302 * x_10 * PPMd + -2351.19909258193 * x_6 * PPMd;11.7438671542876;11.7438671542876;11.7438671542876;11.7438671542876;26.325707;18;-2351.19909258193 * x_6 * PPMd;2;0.354958747341089;
12;3245.7006875262 * CompressionMethod + 705.212976854408 * BlockSize_1 + 14882.4511930323 * x_10 + 45384.6373829488 * x_10 * BZip2 + 19102.6918336166 * Deflate + 1107.95817409423 * x_6 + -20045.3925211429 * Deflate * x_2 + -20589.4351165137 * Deflate * x_0 + 13102.5050809177 * x_6 * mtOff + 3081.30266671726 * BZip2 + -10764.4125294012 * x_10 * PPMd + -2284.96210583397 * x_6 * PPMd + 208.181338973357 * x_8;11.4914425943476;11.4914425943476;11.4914425943476;11.4914425943476;32.753878;19;208.181338973357 * x_8;1;0.252424559939939;
13;3281.48545122712 * CompressionMethod + 727.000153016231 * BlockSize_1 + 13761.4458371384 * x_10 + 46605.5828170863 * x_10 * BZip2 + 13912.6101422915 * Deflate + 1325.62543824459 * x_6 + -14891.0955935187 * Deflate * x_2 + -15439.495624122 * Deflate * x_0 + 12847.7714544687 * x_6 * mtOff + 2944.02159790411 * BZip2 + -9680.28129601619 * x_10 * PPMd + -2543.86092772571 * x_6 * PPMd + 2381.17132726787 * x_8 + 14162.4030052867 * x_10 * Deflate;6.44760193223795;6.44760193223795;6.44760193223795;6.44760193223795;40.17469;21;14162.4030052867 * x_10 * Deflate;2;2.52192033105484;
Elapsed=00:00:40.1845434
average model: 
command: analyze-learning
Round, Model, LearningError, LearningErrorRel, ValidationError, ValidationErrorRel, ElapsedSeconds, ModelComplexity, BestCandidate, BestCandidateSize, BestCandidateScore, TestError
Models:
Termination reason: abortError
1;16471.8231046933 * CompressionMethod + -428.562235127802 * BlockSize_1;164.688749434792;164.688749434792;164.688749434792;164.688749434792;0.136157;2;-428.562235127802 * BlockSize_1;1;1.79769313486232E+308;275.293436990164
2;7704.99178442146 * CompressionMethod + 1332.75252631135 * BlockSize_1 + 23018.1258361637 * x_10;87.0113321687718;87.0113321687718;87.0113321687718;87.0113321687718;0.417414;3;23018.1258361637 * x_10;1;77.67741726602;121.459481368591
3;7754.49201504111 * CompressionMethod + 752.671698737522 * BlockSize_1 + 11131.5629140278 * x_10 + 47704.64709245 * x_10 * BZip2;62.2973636251022;62.2973636251022;62.2973636251022;62.2973636251022;1.040102;5;47704.64709245 * x_10 * BZip2;2;12.3569842718348;111.428188210483
4;5448.36115518627 * CompressionMethod + 869.222458122063 * BlockSize_1 + 11951.578910604 * x_10 + 49182.4369014866 * x_10 * BZip2 + 13888.2169055687 * Deflate;51.2117086639339;51.2117086639339;51.2117086639339;51.2117086639339;1.848848;6;13888.2169055687 * Deflate;1;11.0856549611683;147.353994948447
5;3603.8379905678 * CompressionMethod + 273.923038488771 * BlockSize_1 + 13682.0985002179 * x_10 + 49338.9618636081 * x_10 * BZip2 + 15289.3057040194 * Deflate + 7897.19319818029 * x_6;45.894386776722;45.894386776722;45.894386776722;45.894386776722;3.377731;7;7897.19319818029 * x_6;1;5.3173218872119;139.658022134906
6;3797.82017698218 * CompressionMethod + -77.3801930341933 * BlockSize_1 + 13262.1554133543 * x_10 + 49590.0158520231 * x_10 * BZip2 + 17605.9959535265 * Deflate + 7718.35458221809 * x_6 + -19100.8161305086 * Deflate * x_2;35.2819497254868;35.2819497254868;35.2819497254868;35.2819497254868;5.702774;9;-19100.8161305086 * Deflate * x_2;2;5.30621852561758;121.726572316388
7;3883.99196933146 * CompressionMethod + 199.737190057749 * BlockSize_1 + 13003.509050902 * x_10 + 49742.6963233338 * x_10 * BZip2 + 19071.3864266663 * Deflate + 7578.55539361488 * x_6 + -20652.3783959976 * Deflate * x_2 + -21095.3258340093 * Deflate * x_0;27.3295764456961;27.3295764456961;27.3295764456961;27.3295764456961;8.564371;11;-21095.3258340093 * Deflate * x_0;2;3.97618663989536;92.2257499553762
8;3827.6280937011 * CompressionMethod + 781.752844505379 * BlockSize_1 + 13017.0617911318 * x_10 + 49743.9349119882 * x_10 * BZip2 + 19149.9933898997 * Deflate + 2978.7271030558 * x_6 + -20674.6214836007 * Deflate * x_2 + -21233.9720525018 * Deflate * x_0 + 10645.3064006251 * x_6 * mtOff;21.3309842750057;21.3309842750057;21.3309842750057;21.3309842750057;12.026204;13;10645.3064006251 * x_6 * mtOff;2;2.99929608534517;94.4043842465424
9;3199.42102551969 * CompressionMethod + 734.390024214614 * BlockSize_1 + 13594.1595174264 * x_10 + 46516.7918801154 * x_10 * BZip2 + 19656.1659999983 * Deflate + 760.021906581695 * x_6 + -20552.587025518 * Deflate * x_2 + -21102.4650303609 * Deflate * x_0 + 13495.0047135329 * x_6 * mtOff + 3281.6354323519 * BZip2;16.5799319917026;16.5799319917026;16.5799319917026;16.5799319917026;15.777171;14;3281.6354323519 * BZip2;1;4.75105228330314;85.5620640014224
10;3285.76105678983 * CompressionMethod + 691.558459830985 * BlockSize_1 + 14827.6527100828 * x_10 + 45281.4706994058 * x_10 * BZip2 + 19231.5179220835 * Deflate + 761.325292593137 * x_6 + -20214.2789788734 * Deflate * x_2 + -20755.5906708394 * Deflate * x_0 + 13409.8808000387 * x_6 * mtOff + 3200.18278659082 * BZip2 + -10748.9916898642 * x_10 * PPMd;12.4537846489698;12.4537846489698;12.4537846489698;12.4537846489698;20.62309;16;-10748.9916898642 * x_10 * PPMd;2;2.06307367136643;81.1473687622095
11;3321.67199975171 * CompressionMethod + 710.56633902432 * BlockSize_1 + 14794.6273393274 * x_10 + 45467.7422607243 * x_10 * BZip2 + 19198.1278570008 * Deflate + 1096.88550807445 * x_6 + -20216.7998567525 * Deflate * x_2 + -20761.9131245573 * Deflate * x_0 + 13037.2915310548 * x_6 * mtOff + 3009.66794740909 * BZip2 + -10752.8276560302 * x_10 * PPMd + -2351.19909258193 * x_6 * PPMd;11.7438671542876;11.7438671542876;11.7438671542876;11.7438671542876;26.325707;18;-2351.19909258193 * x_6 * PPMd;2;0.354958747341089;79.1043314578441
12;3245.7006875262 * CompressionMethod + 705.212976854408 * BlockSize_1 + 14882.4511930323 * x_10 + 45384.6373829488 * x_10 * BZip2 + 19102.6918336166 * Deflate + 1107.95817409423 * x_6 + -20045.3925211429 * Deflate * x_2 + -20589.4351165137 * Deflate * x_0 + 13102.5050809177 * x_6 * mtOff + 3081.30266671726 * BZip2 + -10764.4125294012 * x_10 * PPMd + -2284.96210583397 * x_6 * PPMd + 208.181338973357 * x_8;11.4914425943476;11.4914425943476;11.4914425943476;11.4914425943476;32.753878;19;208.181338973357 * x_8;1;0.252424559939939;78.2738470575925
13;3281.48545122712 * CompressionMethod + 727.000153016231 * BlockSize_1 + 13761.4458371384 * x_10 + 46605.5828170863 * x_10 * BZip2 + 13912.6101422915 * Deflate + 1325.62543824459 * x_6 + -14891.0955935187 * Deflate * x_2 + -15439.495624122 * Deflate * x_0 + 12847.7714544687 * x_6 * mtOff + 2944.02159790411 * BZip2 + -9680.28129601619 * x_10 * PPMd + -2543.86092772571 * x_6 * PPMd + 2381.17132726787 * x_8 + 14162.4030052867 * x_10 * Deflate;6.44760193223795;6.44760193223795;6.44760193223795;6.44760193223795;40.17469;21;14162.4030052867 * x_10 * Deflate;2;2.52192033105484;64.1463280178715
Analyze finished
command: measurementstocsv /scratch/kaltenec/Distribution-Aware-Sampling/Results_opt/7z_disc/7z_disc_33/sampledConfigurations_solv_1.csv
command: clean-sampling
command: clean-global
command: script /scratch/kaltenec/Distribution-Aware-Sampling/Results_opt/7z_disc/7z_disc_33/learn_solv_2.a
command: log /scratch/kaltenec/Distribution-Aware-Sampling/Results_opt/7z_disc/7z_disc_33/out_solv_2.log
