Current machine learning settings: epsilon:0 lossFunction:RELATIVE parallelization:True bagging:False baggingNumbers:3 baggingTestDataFraction:50 useBackward:False abortError:1 limitFeatureSize:False featureSizeTreshold:4 quadraticFunctionSupport:True crossValidation:False crossValidation-k:5 learn-logFunction:False learn-accumulatedLogFunction:False learn-asymFunction:False learn-ratioFunction:False learn-mirrowedFunction:False numberOfRounds:70 backwardErrorDelta:1 minImprovementPerRound:0.1 withHierarchy:False bruteForceCandidates:False ignoreBadFeatures:False stopOnLongRound:True candidateSizePenalty:True learnTimeLimit:00:00:00 scoreMeasure:RELERROR outputRoundsToStdout:False blacklisted: 
command: mlsettings bagging:False stopOnLongRound:False parallelization:True lossFunction:RELATIVE useBackward:False abortError:10 limitFeatureSize:False featureSizeTreshold:7 quadraticFunctionSupport:True crossValidation:False learn_logFunction:True numberOfRounds:70 backwardErrorDelta:1 minImprovementPerRound:0.25 withHierarchy:False
Current machine learning settings: epsilon:0 lossFunction:RELATIVE parallelization:True bagging:False baggingNumbers:3 baggingTestDataFraction:50 useBackward:False abortError:10 limitFeatureSize:False featureSizeTreshold:7 quadraticFunctionSupport:True crossValidation:False crossValidation-k:5 learn-logFunction:True learn-accumulatedLogFunction:False learn-asymFunction:False learn-ratioFunction:False learn-mirrowedFunction:False numberOfRounds:70 backwardErrorDelta:1 minImprovementPerRound:0.25 withHierarchy:False bruteForceCandidates:False ignoreBadFeatures:False stopOnLongRound:False candidateSizePenalty:True learnTimeLimit:00:00:00 scoreMeasure:RELERROR outputRoundsToStdout:False blacklisted: 
command: solver z3
command: vm /scratch/kaltenec/Distribution-Aware-Sampling/DistOut/ConstraintData/JavaGC_disc/FeatureModel.xml
command: all /scratch/kaltenec/Distribution-Aware-Sampling/DistOut/ConstraintData/JavaGC_disc/measurements.xml
Configs with too large deviation: 0
193536 configurations loaded.
command: nfp Performance
command: hybrid distribution-aware distance-metric:manhattan distribution:uniform onlyBinary:true selection:SolverSelection number-weight-optimization:1-1 numConfigs:32 seed:79
command: learn-splconqueror
Learning: NumberOfConfigurationsLearning:32 NumberOfConfigurationsValidation:32
Learning progress:
1;41.3320233333333 * MaxTenuringThreshold + 50.6507077777778 * DisableExplicitGC;107.945740157959;107.945740157959;107.945740157959;107.945740157959;0.193675;2;50.6507077777778 * DisableExplicitGC;1;1.79769313486232E+308;
2;41.3320233333331 * MaxTenuringThreshold + -5.04096435897412 * DisableExplicitGC + 98.2794214177979 * UseAdaptiveSizePolicy;62.6775598058839;62.6775598058839;62.6775598058839;62.6775598058839;0.228032;3;98.2794214177979 * UseAdaptiveSizePolicy;1;45.2681803520746;
3;41.3320233333332 * MaxTenuringThreshold + -5.0409643589742 * DisableExplicitGC + 62.8117717948717 * UseAdaptiveSizePolicy + 150.737510897436 * NewRatio_32;43.0738895248704;43.0738895248704;43.0738895248704;43.0738895248704;0.285287;4;150.737510897436 * NewRatio_32;1;19.6036702810135;
4;41.3320233333332 * MaxTenuringThreshold + -5.04096435897423 * DisableExplicitGC + 74.2222743589743 * UseAdaptiveSizePolicy + 213.495275 * NewRatio_32 + -74.1682666666667 * MinSurvivorRatio_4;35.2663503571085;35.2663503571085;35.2663503571085;35.2663503571085;0.366539;5;-74.1682666666667 * MinSurvivorRatio_4;1;7.80753916776195;
5;41.3320233333333 * MaxTenuringThreshold + -5.04096435897429 * DisableExplicitGC + 52.2261326923077 * UseAdaptiveSizePolicy + 213.495275 * NewRatio_32 + -132.824644444445 * MinSurvivorRatio_4 + 80.6525194444445 * UseAdaptiveSizeDecayMajorGCCost;28.131311325084;28.131311325084;28.131311325084;28.131311325084;0.500322;6;80.6525194444445 * UseAdaptiveSizeDecayMajorGCCost;1;7.13503903202443;
6;41.3320233333334 * MaxTenuringThreshold + -5.04096435897437 * DisableExplicitGC + 69.9292243589744 * UseAdaptiveSizePolicy + 213.495275 * NewRatio_32 + -132.824644444445 * MinSurvivorRatio_4 + 62.9494277777778 * UseAdaptiveSizeDecayMajorGCCost + -70.8123666666667 * UseAdaptiveSizePolicy * NewRatio_1;19.6730107371496;19.6730107371496;19.6730107371496;19.6730107371496;0.762098;8;-70.8123666666667 * UseAdaptiveSizePolicy * NewRatio_1;2;4.22915029396721;
7;41.3320233333333 * MaxTenuringThreshold + -5.04096435897423 * DisableExplicitGC + 84.389541025641 * UseAdaptiveSizePolicy + 126.733375 * NewRatio_32 + -46.0627444444444 * MinSurvivorRatio_4 + 48.4891111111111 * UseAdaptiveSizeDecayMajorGCCost + -85.2726833333333 * UseAdaptiveSizePolicy * NewRatio_1 + -86.7618999999999 * UseAdaptiveSizePolicy * NewRatio_2;12.9965967316577;12.9965967316577;12.9965967316577;12.9965967316577;1.089822;10;-86.7618999999999 * UseAdaptiveSizePolicy * NewRatio_2;2;3.33820700274597;
8;41.3320233333333 * MaxTenuringThreshold + -5.04096435897434 * DisableExplicitGC + 57.5381743589745 * UseAdaptiveSizePolicy + 108.832463888889 * NewRatio_32 + -28.1618333333333 * MinSurvivorRatio_4 + 30.5882 * UseAdaptiveSizeDecayMajorGCCost + -58.4213166666667 * UseAdaptiveSizePolicy * NewRatio_1 + -104.662811111111 * UseAdaptiveSizePolicy * NewRatio_2 + 44.7522777777778 * UseAdaptiveSizePolicy * UseAdaptiveGCBoundary;10.1015295711288;10.1015295711288;10.1015295711288;10.1015295711288;1.496203;12;44.7522777777778 * UseAdaptiveSizePolicy * UseAdaptiveGCBoundary;2;1.44753358026443;
9;41.3320233333333 * MaxTenuringThreshold + -1.24773074074069 * DisableExplicitGC + 53.7449407407409 * UseAdaptiveSizePolicy + 108.832463888889 * NewRatio_32 + -28.1618333333333 * MinSurvivorRatio_4 + 30.5881999999999 * UseAdaptiveSizeDecayMajorGCCost + -58.4213166666667 * UseAdaptiveSizePolicy * NewRatio_1 + -104.662811111111 * UseAdaptiveSizePolicy * NewRatio_2 + 57.080287037037 * UseAdaptiveSizePolicy * UseAdaptiveGCBoundary + -12.3280092592591 * UseAdaptiveGCBoundary;7.44958499887761;7.44958499887761;7.44958499887761;7.44958499887761;2.120922;13;-12.3280092592591 * UseAdaptiveGCBoundary;1;2.6519445722512;
Elapsed=00:00:02.1255038
average model: 
command: analyze-learning
Round, Model, LearningError, LearningErrorRel, ValidationError, ValidationErrorRel, ElapsedSeconds, ModelComplexity, BestCandidate, BestCandidateSize, BestCandidateScore, TestError
Models:
Termination reason: abortError
1;41.3320233333333 * MaxTenuringThreshold + 50.6507077777778 * DisableExplicitGC;107.945740157959;107.945740157959;107.945740157959;107.945740157959;0.193675;2;50.6507077777778 * DisableExplicitGC;1;1.79769313486232E+308;88.5830005735403
2;41.3320233333331 * MaxTenuringThreshold + -5.04096435897412 * DisableExplicitGC + 98.2794214177979 * UseAdaptiveSizePolicy;62.6775598058839;62.6775598058839;62.6775598058839;62.6775598058839;0.228032;3;98.2794214177979 * UseAdaptiveSizePolicy;1;45.2681803520746;92.7039104082563
3;41.3320233333332 * MaxTenuringThreshold + -5.0409643589742 * DisableExplicitGC + 62.8117717948717 * UseAdaptiveSizePolicy + 150.737510897436 * NewRatio_32;43.0738895248704;43.0738895248704;43.0738895248704;43.0738895248704;0.285287;4;150.737510897436 * NewRatio_32;1;19.6036702810135;81.0401077637507
4;41.3320233333332 * MaxTenuringThreshold + -5.04096435897423 * DisableExplicitGC + 74.2222743589743 * UseAdaptiveSizePolicy + 213.495275 * NewRatio_32 + -74.1682666666667 * MinSurvivorRatio_4;35.2663503571085;35.2663503571085;35.2663503571085;35.2663503571085;0.366539;5;-74.1682666666667 * MinSurvivorRatio_4;1;7.80753916776195;105.405662750678
5;41.3320233333333 * MaxTenuringThreshold + -5.04096435897429 * DisableExplicitGC + 52.2261326923077 * UseAdaptiveSizePolicy + 213.495275 * NewRatio_32 + -132.824644444445 * MinSurvivorRatio_4 + 80.6525194444445 * UseAdaptiveSizeDecayMajorGCCost;28.131311325084;28.131311325084;28.131311325084;28.131311325084;0.500322;6;80.6525194444445 * UseAdaptiveSizeDecayMajorGCCost;1;7.13503903202443;173.047145882488
6;41.3320233333334 * MaxTenuringThreshold + -5.04096435897437 * DisableExplicitGC + 69.9292243589744 * UseAdaptiveSizePolicy + 213.495275 * NewRatio_32 + -132.824644444445 * MinSurvivorRatio_4 + 62.9494277777778 * UseAdaptiveSizeDecayMajorGCCost + -70.8123666666667 * UseAdaptiveSizePolicy * NewRatio_1;19.6730107371496;19.6730107371496;19.6730107371496;19.6730107371496;0.762098;8;-70.8123666666667 * UseAdaptiveSizePolicy * NewRatio_1;2;4.22915029396721;155.436475281724
7;41.3320233333333 * MaxTenuringThreshold + -5.04096435897423 * DisableExplicitGC + 84.389541025641 * UseAdaptiveSizePolicy + 126.733375 * NewRatio_32 + -46.0627444444444 * MinSurvivorRatio_4 + 48.4891111111111 * UseAdaptiveSizeDecayMajorGCCost + -85.2726833333333 * UseAdaptiveSizePolicy * NewRatio_1 + -86.7618999999999 * UseAdaptiveSizePolicy * NewRatio_2;12.9965967316577;12.9965967316577;12.9965967316577;12.9965967316577;1.089822;10;-86.7618999999999 * UseAdaptiveSizePolicy * NewRatio_2;2;3.33820700274597;90.2569521995959
8;41.3320233333333 * MaxTenuringThreshold + -5.04096435897434 * DisableExplicitGC + 57.5381743589745 * UseAdaptiveSizePolicy + 108.832463888889 * NewRatio_32 + -28.1618333333333 * MinSurvivorRatio_4 + 30.5882 * UseAdaptiveSizeDecayMajorGCCost + -58.4213166666667 * UseAdaptiveSizePolicy * NewRatio_1 + -104.662811111111 * UseAdaptiveSizePolicy * NewRatio_2 + 44.7522777777778 * UseAdaptiveSizePolicy * UseAdaptiveGCBoundary;10.1015295711288;10.1015295711288;10.1015295711288;10.1015295711288;1.496203;12;44.7522777777778 * UseAdaptiveSizePolicy * UseAdaptiveGCBoundary;2;1.44753358026443;77.966345988614
9;41.3320233333333 * MaxTenuringThreshold + -1.24773074074069 * DisableExplicitGC + 53.7449407407409 * UseAdaptiveSizePolicy + 108.832463888889 * NewRatio_32 + -28.1618333333333 * MinSurvivorRatio_4 + 30.5881999999999 * UseAdaptiveSizeDecayMajorGCCost + -58.4213166666667 * UseAdaptiveSizePolicy * NewRatio_1 + -104.662811111111 * UseAdaptiveSizePolicy * NewRatio_2 + 57.080287037037 * UseAdaptiveSizePolicy * UseAdaptiveGCBoundary + -12.3280092592591 * UseAdaptiveGCBoundary;7.44958499887761;7.44958499887761;7.44958499887761;7.44958499887761;2.120922;13;-12.3280092592591 * UseAdaptiveGCBoundary;1;2.6519445722512;72.6915266057595
Analyze finished
command: measurementstocsv /scratch/kaltenec/Distribution-Aware-Sampling/Results_opt/JavaGC_disc/JavaGC_disc_79/sampledConfigurations_solv_0.csv
command: clean-sampling
command: clean-global
command: script /scratch/kaltenec/Distribution-Aware-Sampling/Results_opt/JavaGC_disc/JavaGC_disc_79/learn_solv_1.a
command: log /scratch/kaltenec/Distribution-Aware-Sampling/Results_opt/JavaGC_disc/JavaGC_disc_79/out_solv_1.log
