Current machine learning settings: epsilon:0 lossFunction:RELATIVE parallelization:True bagging:False baggingNumbers:3 baggingTestDataFraction:50 useBackward:False abortError:1 limitFeatureSize:False featureSizeTreshold:4 quadraticFunctionSupport:True crossValidation:False crossValidation-k:5 learn-logFunction:False learn-accumulatedLogFunction:False learn-asymFunction:False learn-ratioFunction:False learn-mirrowedFunction:False numberOfRounds:70 backwardErrorDelta:1 minImprovementPerRound:0.1 withHierarchy:False bruteForceCandidates:False ignoreBadFeatures:False stopOnLongRound:True candidateSizePenalty:True learnTimeLimit:00:00:00 scoreMeasure:RELERROR outputRoundsToStdout:False blacklisted: 
command: mlsettings bagging:False stopOnLongRound:False parallelization:True lossFunction:RELATIVE useBackward:False abortError:10 limitFeatureSize:False featureSizeTreshold:7 quadraticFunctionSupport:True crossValidation:False learn_logFunction:True numberOfRounds:70 backwardErrorDelta:1 minImprovementPerRound:0.25 withHierarchy:False
Current machine learning settings: epsilon:0 lossFunction:RELATIVE parallelization:True bagging:False baggingNumbers:3 baggingTestDataFraction:50 useBackward:False abortError:10 limitFeatureSize:False featureSizeTreshold:7 quadraticFunctionSupport:True crossValidation:False crossValidation-k:5 learn-logFunction:True learn-accumulatedLogFunction:False learn-asymFunction:False learn-ratioFunction:False learn-mirrowedFunction:False numberOfRounds:70 backwardErrorDelta:1 minImprovementPerRound:0.25 withHierarchy:False bruteForceCandidates:False ignoreBadFeatures:False stopOnLongRound:False candidateSizePenalty:True learnTimeLimit:00:00:00 scoreMeasure:RELERROR outputRoundsToStdout:False blacklisted: 
command: solver z3
command: vm /scratch/kaltenec/Distribution-Aware-Sampling/DistOut/ConstraintData/7z_disc/FeatureModel.xml
command: all /scratch/kaltenec/Distribution-Aware-Sampling/DistOut/ConstraintData/7z_disc/measurements.xml
Configs with too large deviation: 0
68640 configurations loaded.
command: nfp Performance
command: binary satoutput numConfigs:4091 seed:100
command: learn-splconqueror
Learning: NumberOfConfigurationsLearning:4091 NumberOfConfigurationsValidation:4091
Learning progress:
1;6246.99029126214 * CompressionMethod + 1024.2778246799 * BlockSize_1;112.845538383033;112.845538383033;112.845538383033;112.845538383033;2.606587;2;1024.2778246799 * BlockSize_1;1;1.79769313486232E+308;
2;4437.90322934571 * CompressionMethod + 557.602730876125 * BlockSize_1 + 19940.0112691674 * x_10;69.7655127539546;69.7655127539546;69.7655127539546;69.7655127539546;5.583199;3;19940.0112691674 * x_10;1;43.0800256290787;
3;3607.88441118027 * CompressionMethod + 575.841814473618 * BlockSize_1 + 20410.9492204315 * x_10 + 4675.23265421019 * BZip2;50.9205536958453;50.9205536958453;50.9205536958453;50.9205536958453;10.040595;4;4675.23265421019 * BZip2;1;18.8449590581093;
4;2837.44117477849 * CompressionMethod + 322.951775339729 * BlockSize_1 + 21234.8327538326 * x_10 + 5030.17755495494 * BZip2 + 12663.361496705 * x_8;35.0098076698794;35.0098076698794;35.0098076698794;35.0098076698794;17.293663;5;12663.361496705 * x_8;1;15.9107460259659;
5;2544.37794395118 * CompressionMethod + 328.581179371038 * BlockSize_1 + 21223.0515014708 * x_10 + 5324.18153322009 * BZip2 + 12609.3691840797 * x_8 + 1126.20035929478 * LZMA2;31.2297779121554;31.2297779121554;31.2297779121554;31.2297779121554;27.078684;6;1126.20035929478 * LZMA2;1;3.78002975772398;
6;2088.9836315482 * CompressionMethod + 330.938294180842 * BlockSize_1 + 21254.5714769978 * x_10 + 5777.65893083039 * BZip2 + 12606.8613953964 * x_8 + 1577.65695468401 * LZMA2 + 1305.74512383178 * LZMA;26.2867948812778;26.2867948812778;26.2867948812778;26.2867948812778;40.676865;7;1305.74512383178 * LZMA;1;4.94298303087755;
7;2304.92100487478 * CompressionMethod + 299.23328519539 * BlockSize_1 + 21239.441558594 * x_10 + 5482.82262588965 * BZip2 + 15104.2849587974 * x_8 + 1196.28362107157 * LZMA2 + 959.022751254223 * LZMA + -11033.6863416709 * x_8 * PPMd;24.9475427806841;24.9475427806841;24.9475427806841;24.9475427806841;58.470449;9;-11033.6863416709 * x_8 * PPMd;2;0.669626050296888;
8;2305.73604382296 * CompressionMethod + -50.1110551167607 * BlockSize_1 + 21377.1712623059 * x_10 + 5530.29776888127 * BZip2 + 15262.8168293342 * x_8 + 1105.53152160728 * LZMA2 + 918.25284173812 * LZMA + -11090.2849157702 * x_8 * PPMd + 10831.0384143135 * BlockSize_1 * x_6;23.7914947377776;23.7914947377776;23.7914947377776;23.7914947377776;79.581092;11;10831.0384143135 * BlockSize_1 * x_6;2;0.578024021453219;
9;2260.51535290119 * CompressionMethod + -53.4907930738316 * BlockSize_1 + 21381.0593207747 * x_10 + 5595.77224751939 * BZip2 + 14708.1571895192 * x_8 + 1190.32114116046 * LZMA2 + 995.353977113428 * LZMA + -10489.4105444564 * x_8 * PPMd + 10824.5781509117 * BlockSize_1 * x_6 + 2422.92648055689 * x_8 * Deflate;23.5005129733537;23.5005129733537;23.5005129733537;23.5005129733537;104.654741;13;2422.92648055689 * x_8 * Deflate;2;0.145490882211968;
Elapsed=00:01:44.7051903
average model: 
command: analyze-learning
Round, Model, LearningError, LearningErrorRel, ValidationError, ValidationErrorRel, ElapsedSeconds, ModelComplexity, BestCandidate, BestCandidateSize, BestCandidateScore, TestError
Models:
Termination reason: minImprovementPerRound
1;6246.99029126214 * CompressionMethod + 1024.2778246799 * BlockSize_1;112.845538383033;112.845538383033;112.845538383033;112.845538383033;2.606587;2;1024.2778246799 * BlockSize_1;1;1.79769313486232E+308;90.3105610774289
2;4437.90322934571 * CompressionMethod + 557.602730876125 * BlockSize_1 + 19940.0112691674 * x_10;69.7655127539546;69.7655127539546;69.7655127539546;69.7655127539546;5.583199;3;19940.0112691674 * x_10;1;43.0800256290787;67.7270420860382
3;3607.88441118027 * CompressionMethod + 575.841814473618 * BlockSize_1 + 20410.9492204315 * x_10 + 4675.23265421019 * BZip2;50.9205536958453;50.9205536958453;50.9205536958453;50.9205536958453;10.040595;4;4675.23265421019 * BZip2;1;18.8449590581093;53.7075244828188
4;2837.44117477849 * CompressionMethod + 322.951775339729 * BlockSize_1 + 21234.8327538326 * x_10 + 5030.17755495494 * BZip2 + 12663.361496705 * x_8;35.0098076698794;35.0098076698794;35.0098076698794;35.0098076698794;17.293663;5;12663.361496705 * x_8;1;15.9107460259659;40.8416479867056
5;2544.37794395118 * CompressionMethod + 328.581179371038 * BlockSize_1 + 21223.0515014708 * x_10 + 5324.18153322009 * BZip2 + 12609.3691840797 * x_8 + 1126.20035929478 * LZMA2;31.2297779121554;31.2297779121554;31.2297779121554;31.2297779121554;27.078684;6;1126.20035929478 * LZMA2;1;3.78002975772398;38.3503913080435
6;2088.9836315482 * CompressionMethod + 330.938294180842 * BlockSize_1 + 21254.5714769978 * x_10 + 5777.65893083039 * BZip2 + 12606.8613953964 * x_8 + 1577.65695468401 * LZMA2 + 1305.74512383178 * LZMA;26.2867948812778;26.2867948812778;26.2867948812778;26.2867948812778;40.676865;7;1305.74512383178 * LZMA;1;4.94298303087755;34.8263332538767
7;2304.92100487478 * CompressionMethod + 299.23328519539 * BlockSize_1 + 21239.441558594 * x_10 + 5482.82262588965 * BZip2 + 15104.2849587974 * x_8 + 1196.28362107157 * LZMA2 + 959.022751254223 * LZMA + -11033.6863416709 * x_8 * PPMd;24.9475427806841;24.9475427806841;24.9475427806841;24.9475427806841;58.470449;9;-11033.6863416709 * x_8 * PPMd;2;0.669626050296888;30.5580187362733
8;2305.73604382296 * CompressionMethod + -50.1110551167607 * BlockSize_1 + 21377.1712623059 * x_10 + 5530.29776888127 * BZip2 + 15262.8168293342 * x_8 + 1105.53152160728 * LZMA2 + 918.25284173812 * LZMA + -11090.2849157702 * x_8 * PPMd + 10831.0384143135 * BlockSize_1 * x_6;23.7914947377776;23.7914947377776;23.7914947377776;23.7914947377776;79.581092;11;10831.0384143135 * BlockSize_1 * x_6;2;0.578024021453219;31.3970780742674
9;2260.51535290119 * CompressionMethod + -53.4907930738316 * BlockSize_1 + 21381.0593207747 * x_10 + 5595.77224751939 * BZip2 + 14708.1571895192 * x_8 + 1190.32114116046 * LZMA2 + 995.353977113428 * LZMA + -10489.4105444564 * x_8 * PPMd + 10824.5781509117 * BlockSize_1 * x_6 + 2422.92648055689 * x_8 * Deflate;23.5005129733537;23.5005129733537;23.5005129733537;23.5005129733537;104.654741;13;2422.92648055689 * x_8 * Deflate;2;0.145490882211968;30.9229009650617
Analyze finished
command: measurementstocsv /scratch/kaltenec/Distribution-Aware-Sampling/Results_Henard/7z_disc/7z_disc_100/sampledConfigurations_henard_2.csv
command: clean-sampling
command: clean-global
