Current machine learning settings: epsilon:0 lossFunction:RELATIVE parallelization:True bagging:False baggingNumbers:3 baggingTestDataFraction:50 useBackward:False abortError:1 limitFeatureSize:False featureSizeTreshold:4 quadraticFunctionSupport:True crossValidation:False crossValidation-k:5 learn-logFunction:False learn-accumulatedLogFunction:False learn-asymFunction:False learn-ratioFunction:False learn-mirrowedFunction:False numberOfRounds:70 backwardErrorDelta:1 minImprovementPerRound:0.1 withHierarchy:False bruteForceCandidates:False ignoreBadFeatures:False stopOnLongRound:True candidateSizePenalty:True learnTimeLimit:00:00:00 scoreMeasure:RELERROR outputRoundsToStdout:False blacklisted: 
command: mlsettings bagging:False stopOnLongRound:False parallelization:True lossFunction:RELATIVE useBackward:False abortError:10 limitFeatureSize:False featureSizeTreshold:7 quadraticFunctionSupport:True crossValidation:False learn_logFunction:True numberOfRounds:70 backwardErrorDelta:1 minImprovementPerRound:0.25 withHierarchy:False
Current machine learning settings: epsilon:0 lossFunction:RELATIVE parallelization:True bagging:False baggingNumbers:3 baggingTestDataFraction:50 useBackward:False abortError:10 limitFeatureSize:False featureSizeTreshold:7 quadraticFunctionSupport:True crossValidation:False crossValidation-k:5 learn-logFunction:True learn-accumulatedLogFunction:False learn-asymFunction:False learn-ratioFunction:False learn-mirrowedFunction:False numberOfRounds:70 backwardErrorDelta:1 minImprovementPerRound:0.25 withHierarchy:False bruteForceCandidates:False ignoreBadFeatures:False stopOnLongRound:False candidateSizePenalty:True learnTimeLimit:00:00:00 scoreMeasure:RELERROR outputRoundsToStdout:False blacklisted: 
command: solver z3
command: vm /scratch/kaltenec/Distribution-Aware-Sampling/DistOut/ConstraintData/JavaGC_disc/FeatureModel.xml
command: all /scratch/kaltenec/Distribution-Aware-Sampling/DistOut/ConstraintData/JavaGC_disc/measurements.xml
Configs with too large deviation: 0
193536 configurations loaded.
command: nfp Performance
command: hybrid distribution-aware distance-metric:manhattan distribution:uniform onlyBinary:true selection:SolverSelection number-weight-optimization:1-1 numConfigs:3504 seed:40
command: learn-splconqueror
Learning: NumberOfConfigurationsLearning:3504 NumberOfConfigurationsValidation:3504
Learning progress:
1;76.4866602826035 * MaxTenuringThreshold + -5.31985377090028 * DisableExplicitGC;96.469746365938;96.469746365938;96.469746365938;96.469746365938;1.49277;2;-5.31985377090028 * DisableExplicitGC;1;1.79769313486232E+308;
2;50.2001775350049 * MaxTenuringThreshold + 5.91273119940958 * DisableExplicitGC + 137.549995177437 * NewRatio_32;66.9840608914392;66.9840608914392;66.9840608914392;66.9840608914392;4.95153;3;137.549995177437 * NewRatio_32;1;29.4856854744987;
3;57.0788752501833 * MaxTenuringThreshold + 6.91802156184259 * DisableExplicitGC + 130.217813186989 * NewRatio_32 + -34.5705963367052 * NewRatio_1;57.7314286952056;57.7314286952056;57.7314286952056;57.7314286952056;10.044098;4;-34.5705963367052 * NewRatio_1;1;9.25263219623368;
4;59.666376624744 * MaxTenuringThreshold + 2.62013792274147 * DisableExplicitGC + 9.00812491868603 * NewRatio_32 + -34.3654636416185 * NewRatio_1 + 212.679708930286 * NewRatio_32 * UseAdaptiveSizePolicy;46.4775520715566;46.4775520715566;46.4775520715566;46.4775520715566;17.746184;6;212.679708930286 * NewRatio_32 * UseAdaptiveSizePolicy;2;5.62693831182447;
5;68.0211505985663 * MaxTenuringThreshold + 4.9616920893784 * DisableExplicitGC + -0.220685403049531 * NewRatio_32 + -44.2417082951467 * NewRatio_1 + 212.35823346777 * NewRatio_32 * UseAdaptiveSizePolicy + -35.94064019779 * NewRatio_2;40.5800363313302;40.5800363313302;40.5800363313302;40.5800363313302;27.921981;7;-35.94064019779 * NewRatio_2;1;5.89751574022642;
6;68.2007299274642 * MaxTenuringThreshold + 4.64683089142296 * DisableExplicitGC + -0.282735897687401 * NewRatio_32 + -44.2167003940364 * NewRatio_1 + 179.534434444222 * NewRatio_32 * UseAdaptiveSizePolicy + -35.9039064345083 * NewRatio_2 + 239.33937455028 * NewRatio_32 * UseAdaptiveSizePolicy * SurvivorRatio_1;39.2762169261301;39.2762169261301;39.2762169261301;39.2762169261301;40.928482;10;239.33937455028 * NewRatio_32 * UseAdaptiveSizePolicy * SurvivorRatio_1;3;0.434606468400034;
7;68.8345728466653 * MaxTenuringThreshold + 3.53549729818797 * DisableExplicitGC + -9.00607480331188 * NewRatio_32 + -44.1284325452829 * NewRatio_1 + 165.58919335001 * NewRatio_32 * UseAdaptiveSizePolicy + -35.7742510009244 * NewRatio_2 + 239.558287410604 * NewRatio_32 * UseAdaptiveSizePolicy * SurvivorRatio_1 + 24.2820875013909 * NewRatio_32 * UseAdaptiveGCBoundary;38.4909450758974;38.4909450758974;38.4909450758974;38.4909450758974;56.628782;12;24.2820875013909 * NewRatio_32 * UseAdaptiveGCBoundary;2;0.392635925116362;
8;68.7445319090098 * MaxTenuringThreshold + 3.69336846113918 * DisableExplicitGC + -8.94417335622557 * NewRatio_32 + -44.1409714877021 * NewRatio_1 + 165.619242473359 * NewRatio_32 * UseAdaptiveSizePolicy + -39.2875108501501 * NewRatio_2 + 239.55251955744 * NewRatio_32 * UseAdaptiveSizePolicy * SurvivorRatio_1 + 24.1941757284203 * NewRatio_32 * UseAdaptiveGCBoundary + 8.18023356147457 * NewRatio_2 * UseAdaptiveSizePolicy;37.8462342400741;37.8462342400741;37.8462342400741;37.8462342400741;75.874816;14;8.18023356147457 * NewRatio_2 * UseAdaptiveSizePolicy;2;0.322355417911659;
9;68.0072382669777 * MaxTenuringThreshold + 3.74579598575388 * DisableExplicitGC + -8.97629551251776 * NewRatio_32 + -44.1637614512539 * NewRatio_1 + 166.216717608057 * NewRatio_32 * UseAdaptiveSizePolicy + -39.3577840821668 * NewRatio_2 + 234.523942067178 * NewRatio_32 * UseAdaptiveSizePolicy * SurvivorRatio_1 + 24.3504233141091 * NewRatio_32 * UseAdaptiveGCBoundary + 8.21805717346486 * NewRatio_2 * UseAdaptiveSizePolicy + 5.02805940768568 * SurvivorRatio_1;37.5444330674059;37.5444330674059;37.5444330674059;37.5444330674059;99.369614;15;5.02805940768568 * SurvivorRatio_1;1;0.301801172668142;
10;68.0513670318204 * MaxTenuringThreshold + 3.71172053153061 * DisableExplicitGC + -8.98781758496172 * NewRatio_32 + -43.4261548826399 * NewRatio_1 + 166.189723069766 * NewRatio_32 * UseAdaptiveSizePolicy + -39.3501986648102 * NewRatio_2 + 234.700660461957 * NewRatio_32 * UseAdaptiveSizePolicy * SurvivorRatio_1 + 24.3629249744884 * NewRatio_32 * UseAdaptiveGCBoundary + 8.21352931723282 * NewRatio_2 * UseAdaptiveSizePolicy + 4.85253718611249 * SurvivorRatio_1 + -5.37074939454881 * NewRatio_1 * SurvivorRatio_16;37.105809739418;37.105809739418;37.105809739418;37.105809739418;127.375778;17;-5.37074939454881 * NewRatio_1 * SurvivorRatio_16;2;0.219311663993981;
Elapsed=00:02:07.4863181
average model: 
command: analyze-learning
Round, Model, LearningError, LearningErrorRel, ValidationError, ValidationErrorRel, ElapsedSeconds, ModelComplexity, BestCandidate, BestCandidateSize, BestCandidateScore, TestError
Models:
Termination reason: minImprovementPerRound
1;76.4866602826035 * MaxTenuringThreshold + -5.31985377090028 * DisableExplicitGC;96.469746365938;96.469746365938;96.469746365938;96.469746365938;1.49277;2;-5.31985377090028 * DisableExplicitGC;1;1.79769313486232E+308;102.257477808939
2;50.2001775350049 * MaxTenuringThreshold + 5.91273119940958 * DisableExplicitGC + 137.549995177437 * NewRatio_32;66.9840608914392;66.9840608914392;66.9840608914392;66.9840608914392;4.95153;3;137.549995177437 * NewRatio_32;1;29.4856854744987;75.4728810353112
3;57.0788752501833 * MaxTenuringThreshold + 6.91802156184259 * DisableExplicitGC + 130.217813186989 * NewRatio_32 + -34.5705963367052 * NewRatio_1;57.7314286952056;57.7314286952056;57.7314286952056;57.7314286952056;10.044098;4;-34.5705963367052 * NewRatio_1;1;9.25263219623368;67.0597756263581
4;59.666376624744 * MaxTenuringThreshold + 2.62013792274147 * DisableExplicitGC + 9.00812491868603 * NewRatio_32 + -34.3654636416185 * NewRatio_1 + 212.679708930286 * NewRatio_32 * UseAdaptiveSizePolicy;46.4775520715566;46.4775520715566;46.4775520715566;46.4775520715566;17.746184;6;212.679708930286 * NewRatio_32 * UseAdaptiveSizePolicy;2;5.62693831182447;52.1223872293224
5;68.0211505985663 * MaxTenuringThreshold + 4.9616920893784 * DisableExplicitGC + -0.220685403049531 * NewRatio_32 + -44.2417082951467 * NewRatio_1 + 212.35823346777 * NewRatio_32 * UseAdaptiveSizePolicy + -35.94064019779 * NewRatio_2;40.5800363313302;40.5800363313302;40.5800363313302;40.5800363313302;27.921981;7;-35.94064019779 * NewRatio_2;1;5.89751574022642;46.1124167679631
6;68.2007299274642 * MaxTenuringThreshold + 4.64683089142296 * DisableExplicitGC + -0.282735897687401 * NewRatio_32 + -44.2167003940364 * NewRatio_1 + 179.534434444222 * NewRatio_32 * UseAdaptiveSizePolicy + -35.9039064345083 * NewRatio_2 + 239.33937455028 * NewRatio_32 * UseAdaptiveSizePolicy * SurvivorRatio_1;39.2762169261301;39.2762169261301;39.2762169261301;39.2762169261301;40.928482;10;239.33937455028 * NewRatio_32 * UseAdaptiveSizePolicy * SurvivorRatio_1;3;0.434606468400034;44.8047653132307
7;68.8345728466653 * MaxTenuringThreshold + 3.53549729818797 * DisableExplicitGC + -9.00607480331188 * NewRatio_32 + -44.1284325452829 * NewRatio_1 + 165.58919335001 * NewRatio_32 * UseAdaptiveSizePolicy + -35.7742510009244 * NewRatio_2 + 239.558287410604 * NewRatio_32 * UseAdaptiveSizePolicy * SurvivorRatio_1 + 24.2820875013909 * NewRatio_32 * UseAdaptiveGCBoundary;38.4909450758974;38.4909450758974;38.4909450758974;38.4909450758974;56.628782;12;24.2820875013909 * NewRatio_32 * UseAdaptiveGCBoundary;2;0.392635925116362;44.7130255128579
8;68.7445319090098 * MaxTenuringThreshold + 3.69336846113918 * DisableExplicitGC + -8.94417335622557 * NewRatio_32 + -44.1409714877021 * NewRatio_1 + 165.619242473359 * NewRatio_32 * UseAdaptiveSizePolicy + -39.2875108501501 * NewRatio_2 + 239.55251955744 * NewRatio_32 * UseAdaptiveSizePolicy * SurvivorRatio_1 + 24.1941757284203 * NewRatio_32 * UseAdaptiveGCBoundary + 8.18023356147457 * NewRatio_2 * UseAdaptiveSizePolicy;37.8462342400741;37.8462342400741;37.8462342400741;37.8462342400741;75.874816;14;8.18023356147457 * NewRatio_2 * UseAdaptiveSizePolicy;2;0.322355417911659;43.9211591746794
9;68.0072382669777 * MaxTenuringThreshold + 3.74579598575388 * DisableExplicitGC + -8.97629551251776 * NewRatio_32 + -44.1637614512539 * NewRatio_1 + 166.216717608057 * NewRatio_32 * UseAdaptiveSizePolicy + -39.3577840821668 * NewRatio_2 + 234.523942067178 * NewRatio_32 * UseAdaptiveSizePolicy * SurvivorRatio_1 + 24.3504233141091 * NewRatio_32 * UseAdaptiveGCBoundary + 8.21805717346486 * NewRatio_2 * UseAdaptiveSizePolicy + 5.02805940768568 * SurvivorRatio_1;37.5444330674059;37.5444330674059;37.5444330674059;37.5444330674059;99.369614;15;5.02805940768568 * SurvivorRatio_1;1;0.301801172668142;43.6125403876515
10;68.0513670318204 * MaxTenuringThreshold + 3.71172053153061 * DisableExplicitGC + -8.98781758496172 * NewRatio_32 + -43.4261548826399 * NewRatio_1 + 166.189723069766 * NewRatio_32 * UseAdaptiveSizePolicy + -39.3501986648102 * NewRatio_2 + 234.700660461957 * NewRatio_32 * UseAdaptiveSizePolicy * SurvivorRatio_1 + 24.3629249744884 * NewRatio_32 * UseAdaptiveGCBoundary + 8.21352931723282 * NewRatio_2 * UseAdaptiveSizePolicy + 4.85253718611249 * SurvivorRatio_1 + -5.37074939454881 * NewRatio_1 * SurvivorRatio_16;37.105809739418;37.105809739418;37.105809739418;37.105809739418;127.375778;17;-5.37074939454881 * NewRatio_1 * SurvivorRatio_16;2;0.219311663993981;43.220954114464
Analyze finished
command: measurementstocsv /scratch/kaltenec/Distribution-Aware-Sampling/Results_opt/JavaGC_disc/JavaGC_disc_40/sampledConfigurations_solv_2.csv
command: clean-sampling
command: clean-global
