Current machine learning settings: epsilon:0 lossFunction:RELATIVE parallelization:True bagging:False baggingNumbers:3 baggingTestDataFraction:50 useBackward:False abortError:1 limitFeatureSize:False featureSizeTreshold:4 quadraticFunctionSupport:True crossValidation:False crossValidation-k:5 learn-logFunction:False learn-accumulatedLogFunction:False learn-asymFunction:False learn-ratioFunction:False learn-mirrowedFunction:False numberOfRounds:70 backwardErrorDelta:1 minImprovementPerRound:0.1 withHierarchy:False bruteForceCandidates:False ignoreBadFeatures:False stopOnLongRound:True candidateSizePenalty:True learnTimeLimit:00:00:00 scoreMeasure:RELERROR outputRoundsToStdout:False blacklisted: 
command: mlsettings bagging:False stopOnLongRound:False parallelization:True lossFunction:RELATIVE useBackward:False abortError:10 limitFeatureSize:False featureSizeTreshold:7 quadraticFunctionSupport:True crossValidation:False learn_logFunction:True numberOfRounds:70 backwardErrorDelta:1 minImprovementPerRound:0.25 withHierarchy:False
Current machine learning settings: epsilon:0 lossFunction:RELATIVE parallelization:True bagging:False baggingNumbers:3 baggingTestDataFraction:50 useBackward:False abortError:10 limitFeatureSize:False featureSizeTreshold:7 quadraticFunctionSupport:True crossValidation:False crossValidation-k:5 learn-logFunction:True learn-accumulatedLogFunction:False learn-asymFunction:False learn-ratioFunction:False learn-mirrowedFunction:False numberOfRounds:70 backwardErrorDelta:1 minImprovementPerRound:0.25 withHierarchy:False bruteForceCandidates:False ignoreBadFeatures:False stopOnLongRound:False candidateSizePenalty:True learnTimeLimit:00:00:00 scoreMeasure:RELERROR outputRoundsToStdout:False blacklisted: 
command: solver z3
command: vm /scratch/kaltenec/Distribution-Aware-Sampling/DistOut/ConstraintData/JavaGC_disc/FeatureModel.xml
command: all /scratch/kaltenec/Distribution-Aware-Sampling/DistOut/ConstraintData/JavaGC_disc/measurements.xml
Configs with too large deviation: 0
193536 configurations loaded.
command: nfp Performance
command: hybrid distribution-aware distance-metric:manhattan distribution:uniform onlyBinary:true selection:SolverSelection number-weight-optimization:1-1 numConfigs:32 seed:4
command: learn-splconqueror
Learning: NumberOfConfigurationsLearning:32 NumberOfConfigurationsValidation:32
Learning progress:
1;40.0831933333333 * MaxTenuringThreshold + 38.9236986666667 * DisableExplicitGC;68.2446997172727;68.2446997172727;68.2446997172727;68.2446997172727;0.04716;2;38.9236986666667 * DisableExplicitGC;1;1.79769313486232E+308;
2;23.9082563434022 * MaxTenuringThreshold + 18.8667767991521 * DisableExplicitGC + 56.6122794647589 * NewRatio_8;43.224965522055;43.224965522055;43.224965522055;43.224965522055;0.088662;3;56.6122794647589 * NewRatio_8;1;25.0197341952177;
3;37.8661591623036 * MaxTenuringThreshold + -2.84551647469456 * DisableExplicitGC + 7.75961959860382 * NewRatio_8 + 81.2918599360094 * NewRatio_8 * UseAdaptiveGCBoundary;14.7492666441835;14.7492666441835;14.7492666441835;14.7492666441835;0.157322;5;81.2918599360094 * NewRatio_8 * UseAdaptiveGCBoundary;2;14.2378494389358;
4;42.6220193594771 * MaxTenuringThreshold + 3.44189192156858 * DisableExplicitGC + -1.18784619607839 * NewRatio_8 + 79.1960571372549 * NewRatio_8 * UseAdaptiveGCBoundary + -15.3960897908497 * NewRatio_1;9.9579870940062;9.9579870940062;9.9579870940062;9.9579870940062;0.27445;6;-15.3960897908497 * NewRatio_1;1;4.79127955017732;
Elapsed=00:00:00.2769957
average model: 
command: analyze-learning
Round, Model, LearningError, LearningErrorRel, ValidationError, ValidationErrorRel, ElapsedSeconds, ModelComplexity, BestCandidate, BestCandidateSize, BestCandidateScore, TestError
Models:
Termination reason: abortError
1;40.0831933333333 * MaxTenuringThreshold + 38.9236986666667 * DisableExplicitGC;68.2446997172727;68.2446997172727;68.2446997172727;68.2446997172727;0.04716;2;38.9236986666667 * DisableExplicitGC;1;1.79769313486232E+308;75.9658831208291
2;23.9082563434022 * MaxTenuringThreshold + 18.8667767991521 * DisableExplicitGC + 56.6122794647589 * NewRatio_8;43.224965522055;43.224965522055;43.224965522055;43.224965522055;0.088662;3;56.6122794647589 * NewRatio_8;1;25.0197341952177;53.8966727126724
3;37.8661591623036 * MaxTenuringThreshold + -2.84551647469456 * DisableExplicitGC + 7.75961959860382 * NewRatio_8 + 81.2918599360094 * NewRatio_8 * UseAdaptiveGCBoundary;14.7492666441835;14.7492666441835;14.7492666441835;14.7492666441835;0.157322;5;81.2918599360094 * NewRatio_8 * UseAdaptiveGCBoundary;2;14.2378494389358;55.4211848930623
4;42.6220193594771 * MaxTenuringThreshold + 3.44189192156858 * DisableExplicitGC + -1.18784619607839 * NewRatio_8 + 79.1960571372549 * NewRatio_8 * UseAdaptiveGCBoundary + -15.3960897908497 * NewRatio_1;9.9579870940062;9.9579870940062;9.9579870940062;9.9579870940062;0.27445;6;-15.3960897908497 * NewRatio_1;1;4.79127955017732;51.9495699799861
Analyze finished
command: measurementstocsv /scratch/kaltenec/Distribution-Aware-Sampling/Results_opt/JavaGC_disc/JavaGC_disc_4/sampledConfigurations_solv_0.csv
command: clean-sampling
command: clean-global
command: script /scratch/kaltenec/Distribution-Aware-Sampling/Results_opt/JavaGC_disc/JavaGC_disc_4/learn_solv_1.a
command: log /scratch/kaltenec/Distribution-Aware-Sampling/Results_opt/JavaGC_disc/JavaGC_disc_4/out_solv_1.log
