Current machine learning settings: epsilon:0 lossFunction:RELATIVE parallelization:True bagging:False baggingNumbers:3 baggingTestDataFraction:50 useBackward:False abortError:1 limitFeatureSize:False featureSizeTreshold:4 quadraticFunctionSupport:True crossValidation:False crossValidation-k:5 learn-logFunction:False learn-accumulatedLogFunction:False learn-asymFunction:False learn-ratioFunction:False learn-mirrowedFunction:False numberOfRounds:70 backwardErrorDelta:1 minImprovementPerRound:0.1 withHierarchy:False bruteForceCandidates:False ignoreBadFeatures:False stopOnLongRound:True candidateSizePenalty:True learnTimeLimit:00:00:00 scoreMeasure:RELERROR outputRoundsToStdout:False blacklisted: 
command: mlsettings bagging:False stopOnLongRound:False parallelization:True lossFunction:RELATIVE useBackward:False abortError:10 limitFeatureSize:False featureSizeTreshold:7 quadraticFunctionSupport:True crossValidation:False learn_logFunction:True numberOfRounds:70 backwardErrorDelta:1 minImprovementPerRound:0.25 withHierarchy:False
Current machine learning settings: epsilon:0 lossFunction:RELATIVE parallelization:True bagging:False baggingNumbers:3 baggingTestDataFraction:50 useBackward:False abortError:10 limitFeatureSize:False featureSizeTreshold:7 quadraticFunctionSupport:True crossValidation:False crossValidation-k:5 learn-logFunction:True learn-accumulatedLogFunction:False learn-asymFunction:False learn-ratioFunction:False learn-mirrowedFunction:False numberOfRounds:70 backwardErrorDelta:1 minImprovementPerRound:0.25 withHierarchy:False bruteForceCandidates:False ignoreBadFeatures:False stopOnLongRound:False candidateSizePenalty:True learnTimeLimit:00:00:00 scoreMeasure:RELERROR outputRoundsToStdout:False blacklisted: 
command: solver z3
command: vm ../FeatureModel.xml
command: all ../measurements.xml
Configs with too large deviation: 0
68640 configurations loaded.
command: nfp Performance
command: binary random numConfigs:39 seed:40 fromFile:../allConfigurations.csv
command: learn-splconqueror
Learning: NumberOfConfigurationsLearning:39 NumberOfConfigurationsValidation:39
Learning progress:
1;12736.8421052632 * CompressionMethod + -9266.84210526317 * BlockSize_1;206.478051748369;206.478051748369;206.478051748369;206.478051748369;0.1875023;2;-9266.84210526317 * BlockSize_1;1;1.79769313486232E+308;
2;6835.80645161291 * CompressionMethod + -3365.80645161285 * BlockSize_1 + 32034.1935483871 * x_10;101.768347277919;101.768347277919;101.768347277919;101.768347277919;0.2343769;3;32034.1935483871 * x_10;1;104.709704470451;
3;4838.07692307694 * CompressionMethod + -1368.07692307693 * BlockSize_1 + 34031.9230769231 * x_10 + 12385.9230769231 * x_8;69.0500441985468;69.0500441985468;69.0500441985468;69.0500441985468;0.2812535;4;12385.9230769231 * x_8;1;32.7183030793719;
4;2855.92144485359 * CompressionMethod + 614.078555146325 * BlockSize_1 + 33069.1618446432 * x_10 + 12306.6368577942 * x_8 + 10307.2084867614 * BZip2;53.2906908881974;53.2906908881974;53.2906908881974;53.2906908881974;0.3437522;5;10307.2084867614 * BZip2;1;15.7593533103493;
5;3140.14540922311 * CompressionMethod + 329.854590776915 * BlockSize_1 + 37838.4399667636 * x_10 + 12318.0058163689 * x_8 + 8829.24387203991 * BZip2 + -32418.5853759867 * x_10 * BlockSize_64;44.6578769051877;44.6578769051877;44.6578769051877;44.6578769051877;0.4687542;7;-32418.5853759867 * x_10 * BlockSize_64;2;4.31640699150489;
6;2330.87458168923 * CompressionMethod + 1139.1254183108 * BlockSize_1 + 37552.7021627291 * x_10 + 11547.0890564907 * x_8 + 7498.3577243894 * BZip2 + -31323.5767444184 * x_10 * BlockSize_64 + 9231.82408471106 * BlockSize_2048;42.3019194964722;42.3019194964722;42.3019194964722;42.3019194964722;0.562503;8;9231.82408471106 * BlockSize_2048;1;2.35595740871542;
7;2725.02347417841 * CompressionMethod + 744.976525821623 * BlockSize_1 + 33584.0751173709 * x_10 + 11432.0751173709 * x_8 + 4467.93427230049 * BZip2 + -27749.0985915493 * x_10 * BlockSize_64 + 10866.5727699531 * BlockSize_2048 + 25872.9671361502 * BlockSize_128;36.4626878294119;36.4626878294119;36.4626878294119;36.4626878294119;0.7343817;9;25872.9671361502 * BlockSize_128;1;5.83923166706033;
8;3100.3052064632 * CompressionMethod + 369.694793536826 * BlockSize_1 + 32786.6014362657 * x_10 + 10634.6014362657 * x_8 + 3417.14542190305 * BZip2 + -27326.9066427289 * x_10 * BlockSize_64 + 14028.3213644524 * BlockSize_2048 + 27345.947935368 * BlockSize_128 + -13988.6265709156 * BlockSize_2048 * x_4;28.4092200917684;28.4092200917684;28.4092200917684;28.4092200917684;0.9531349;11;-13988.6265709156 * BlockSize_2048 * x_4;2;4.02673386882176;
9;2649.43911066195 * CompressionMethod + 820.560889337954 * BlockSize_1 + 32489.0298130369 * x_10 + 291.733198585182 * x_8 + 4679.57049014658 * BZip2 + -26578.4689236989 * x_10 * BlockSize_64 + 16508.0848913593 * BlockSize_2048 + 26831.9605861545 * BlockSize_128 + -16017.5240020212 * BlockSize_2048 * x_4 + 16742.1610240863 * x_8 * LZMA2;24.2772556908678;24.2772556908678;24.2772556908678;24.2772556908678;1.1562613;13;16742.1610240863 * x_8 * LZMA2;2;2.06598220045029;
10;2864.12903225806 * CompressionMethod + 605.870967741929 * BlockSize_1 + 36879.4387096775 * x_10 + 968.006451612913 * x_8 + 4078.43870967742 * BZip2 + -31183.5677419355 * x_10 * BlockSize_64 + 15327.2903225807 * BlockSize_2048 + 22827.9935483871 * BlockSize_128 + -15051.4193548387 * BlockSize_2048 * x_4 + 15851.1978494624 * x_8 * LZMA2 + -21243.5677419355 * x_10 * BlockSize_4;20.9237226141654;20.9237226141654;20.9237226141654;20.9237226141654;1.5781445;15;-21243.5677419355 * x_10 * BlockSize_4;2;1.67676653835121;
11;3214.9509366637 * CompressionMethod + 255.049063336305 * BlockSize_1 + 44053.7466547725 * x_10 + 2073.09545049063 * x_8 + 3096.13737734164 * BZip2 + -38708.6975914362 * x_10 * BlockSize_64 + 13397.7698483497 * BlockSize_2048 + 16285.1650312221 * BlockSize_128 + -13472.7207850133 * BlockSize_2048 * x_4 + 14395.286946179 * x_8 * LZMA2 + -28768.6975914362 * x_10 * BlockSize_4 + -27188.6975914362 * x_10 * LZMA;18.076896473945;18.076896473945;18.076896473945;18.076896473945;1.9218931;17;-27188.6975914362 * x_10 * LZMA;2;1.4234130701102;
12;2487.93047256926 * CompressionMethod + 982.069527430805 * BlockSize_1 + 45033.2047800109 * x_10 + 3178.77240630093 * x_8 + 3999.86420423682 * BZip2 + -38961.1352525801 * x_10 * BlockSize_64 + 11736.7300380228 * BlockSize_2048 + 15129.000543183 * BlockSize_128 + -11084.6605105921 * BlockSize_2048 * x_4 + 14016.6304544632 * x_8 * LZMA2 + -29021.1352525801 * x_10 * BlockSize_4 + -27441.1352525801 * x_10 * LZMA + 2829.82618142317 * x_6;16.2405361586398;16.2405361586398;16.2405361586398;16.2405361586398;2.3437723;18;2829.82618142317 * x_6;1;1.83636031530519;
13;2487.93047256927 * CompressionMethod + 982.069527430682 * BlockSize_1 + 45033.2047800109 * x_10 + 3178.77240630091 * x_8 + 3999.86420423683 * BZip2 + -38961.1352525801 * x_10 * BlockSize_64 + 11736.7300380228 * BlockSize_2048 + 15129.0005431831 * BlockSize_128 + -11084.6605105921 * BlockSize_2048 * x_4 + 14016.6304544631 * x_8 * LZMA2 + -29021.1352525801 * x_10 * BlockSize_4 + -27441.1352525801 * x_10 * LZMA + 5136.49284808979 * x_6 + -4613.33333333333 * x_6 * HeaderCompressionOff;11.1869268149465;11.1869268149465;11.1869268149465;11.1869268149465;3.0625295;20;-4613.33333333333 * x_6 * HeaderCompressionOff;2;2.52680467184663;
14;2820.2739182215 * CompressionMethod + 649.726081778506 * BlockSize_1 + 45565.2149545805 * x_10 + 3183.20365224295 * x_8 + 3696.71484949675 * BZip2 + -39825.488872802 * x_10 * BlockSize_64 + 11366.3300095743 * BlockSize_2048 + 14567.7962777013 * BlockSize_128 + -11046.6039277959 * BlockSize_2048 * x_4 + 13679.8557628689 * x_8 * LZMA2 + -29885.488872802 * x_10 * BlockSize_4 + -28305.488872802 * x_10 * LZMA + 5567.45323774607 * x_6 + -5253.17049249233 * x_6 * HeaderCompressionOff + -959.755738738525 * Deflate;8.44432012482454;8.44432012482454;8.44432012482454;8.44432012482454;3.7500377;21;-959.755738738525 * Deflate;1;2.742606690122;
Elapsed=00:00:03.7495110
average model: 

command: analyze-learning
Round, Model, LearningError, LearningErrorRel, ValidationError, ValidationErrorRel, ElapsedSeconds, ModelComplexity, BestCandidate, BestCandidateSize, BestCandidateScore, TestError
Models:
Termination reason: abortError
1;12736.8421052632 * CompressionMethod + -9266.84210526317 * BlockSize_1;206.478051748369;206.478051748369;206.478051748369;206.478051748369;0.1875023;2;-9266.84210526317 * BlockSize_1;1;1.79769313486232E+308;194.171619633283
2;6835.80645161291 * CompressionMethod + -3365.80645161285 * BlockSize_1 + 32034.1935483871 * x_10;101.768347277919;101.768347277919;101.768347277919;101.768347277919;0.2343769;3;32034.1935483871 * x_10;1;104.709704470451;106.776941432506
3;4838.07692307694 * CompressionMethod + -1368.07692307693 * BlockSize_1 + 34031.9230769231 * x_10 + 12385.9230769231 * x_8;69.0500441985468;69.0500441985468;69.0500441985468;69.0500441985468;0.2812535;4;12385.9230769231 * x_8;1;32.7183030793719;77.0548490186216
4;2855.92144485359 * CompressionMethod + 614.078555146325 * BlockSize_1 + 33069.1618446432 * x_10 + 12306.6368577942 * x_8 + 10307.2084867614 * BZip2;53.2906908881974;53.2906908881974;53.2906908881974;53.2906908881974;0.3437522;5;10307.2084867614 * BZip2;1;15.7593533103493;60.2877657835388
5;3140.14540922311 * CompressionMethod + 329.854590776915 * BlockSize_1 + 37838.4399667636 * x_10 + 12318.0058163689 * x_8 + 8829.24387203991 * BZip2 + -32418.5853759867 * x_10 * BlockSize_64;44.6578769051877;44.6578769051877;44.6578769051877;44.6578769051877;0.4687542;7;-32418.5853759867 * x_10 * BlockSize_64;2;4.31640699150489;61.3504491352625
6;2330.87458168923 * CompressionMethod + 1139.1254183108 * BlockSize_1 + 37552.7021627291 * x_10 + 11547.0890564907 * x_8 + 7498.3577243894 * BZip2 + -31323.5767444184 * x_10 * BlockSize_64 + 9231.82408471106 * BlockSize_2048;42.3019194964722;42.3019194964722;42.3019194964722;42.3019194964722;0.562503;8;9231.82408471106 * BlockSize_2048;1;2.35595740871542;67.694227319689
7;2725.02347417841 * CompressionMethod + 744.976525821623 * BlockSize_1 + 33584.0751173709 * x_10 + 11432.0751173709 * x_8 + 4467.93427230049 * BZip2 + -27749.0985915493 * x_10 * BlockSize_64 + 10866.5727699531 * BlockSize_2048 + 25872.9671361502 * BlockSize_128;36.4626878294119;36.4626878294119;36.4626878294119;36.4626878294119;0.7343817;9;25872.9671361502 * BlockSize_128;1;5.83923166706033;104.972720554095
8;3100.3052064632 * CompressionMethod + 369.694793536826 * BlockSize_1 + 32786.6014362657 * x_10 + 10634.6014362657 * x_8 + 3417.14542190305 * BZip2 + -27326.9066427289 * x_10 * BlockSize_64 + 14028.3213644524 * BlockSize_2048 + 27345.947935368 * BlockSize_128 + -13988.6265709156 * BlockSize_2048 * x_4;28.4092200917684;28.4092200917684;28.4092200917684;28.4092200917684;0.9531349;11;-13988.6265709156 * BlockSize_2048 * x_4;2;4.02673386882176;108.088836342938
9;2649.43911066195 * CompressionMethod + 820.560889337954 * BlockSize_1 + 32489.0298130369 * x_10 + 291.733198585182 * x_8 + 4679.57049014658 * BZip2 + -26578.4689236989 * x_10 * BlockSize_64 + 16508.0848913593 * BlockSize_2048 + 26831.9605861545 * BlockSize_128 + -16017.5240020212 * BlockSize_2048 * x_4 + 16742.1610240863 * x_8 * LZMA2;24.2772556908678;24.2772556908678;24.2772556908678;24.2772556908678;1.1562613;13;16742.1610240863 * x_8 * LZMA2;2;2.06598220045029;108.912786052585
10;2864.12903225806 * CompressionMethod + 605.870967741929 * BlockSize_1 + 36879.4387096775 * x_10 + 968.006451612913 * x_8 + 4078.43870967742 * BZip2 + -31183.5677419355 * x_10 * BlockSize_64 + 15327.2903225807 * BlockSize_2048 + 22827.9935483871 * BlockSize_128 + -15051.4193548387 * BlockSize_2048 * x_4 + 15851.1978494624 * x_8 * LZMA2 + -21243.5677419355 * x_10 * BlockSize_4;20.9237226141654;20.9237226141654;20.9237226141654;20.9237226141654;1.5781445;15;-21243.5677419355 * x_10 * BlockSize_4;2;1.67676653835121;102.507505703604
11;3214.9509366637 * CompressionMethod + 255.049063336305 * BlockSize_1 + 44053.7466547725 * x_10 + 2073.09545049063 * x_8 + 3096.13737734164 * BZip2 + -38708.6975914362 * x_10 * BlockSize_64 + 13397.7698483497 * BlockSize_2048 + 16285.1650312221 * BlockSize_128 + -13472.7207850133 * BlockSize_2048 * x_4 + 14395.286946179 * x_8 * LZMA2 + -28768.6975914362 * x_10 * BlockSize_4 + -27188.6975914362 * x_10 * LZMA;18.076896473945;18.076896473945;18.076896473945;18.076896473945;1.9218931;17;-27188.6975914362 * x_10 * LZMA;2;1.4234130701102;91.6389535577689
12;2487.93047256926 * CompressionMethod + 982.069527430805 * BlockSize_1 + 45033.2047800109 * x_10 + 3178.77240630093 * x_8 + 3999.86420423682 * BZip2 + -38961.1352525801 * x_10 * BlockSize_64 + 11736.7300380228 * BlockSize_2048 + 15129.000543183 * BlockSize_128 + -11084.6605105921 * BlockSize_2048 * x_4 + 14016.6304544632 * x_8 * LZMA2 + -29021.1352525801 * x_10 * BlockSize_4 + -27441.1352525801 * x_10 * LZMA + 2829.82618142317 * x_6;16.2405361586398;16.2405361586398;16.2405361586398;16.2405361586398;2.3437723;18;2829.82618142317 * x_6;1;1.83636031530519;85.9636127487233
13;2487.93047256927 * CompressionMethod + 982.069527430682 * BlockSize_1 + 45033.2047800109 * x_10 + 3178.77240630091 * x_8 + 3999.86420423683 * BZip2 + -38961.1352525801 * x_10 * BlockSize_64 + 11736.7300380228 * BlockSize_2048 + 15129.0005431831 * BlockSize_128 + -11084.6605105921 * BlockSize_2048 * x_4 + 14016.6304544631 * x_8 * LZMA2 + -29021.1352525801 * x_10 * BlockSize_4 + -27441.1352525801 * x_10 * LZMA + 5136.49284808979 * x_6 + -4613.33333333333 * x_6 * HeaderCompressionOff;11.1869268149465;11.1869268149465;11.1869268149465;11.1869268149465;3.0625295;20;-4613.33333333333 * x_6 * HeaderCompressionOff;2;2.52680467184663;86.324560050511
14;2820.2739182215 * CompressionMethod + 649.726081778506 * BlockSize_1 + 45565.2149545805 * x_10 + 3183.20365224295 * x_8 + 3696.71484949675 * BZip2 + -39825.488872802 * x_10 * BlockSize_64 + 11366.3300095743 * BlockSize_2048 + 14567.7962777013 * BlockSize_128 + -11046.6039277959 * BlockSize_2048 * x_4 + 13679.8557628689 * x_8 * LZMA2 + -29885.488872802 * x_10 * BlockSize_4 + -28305.488872802 * x_10 * LZMA + 5567.45323774607 * x_6 + -5253.17049249233 * x_6 * HeaderCompressionOff + -959.755738738525 * Deflate;8.44432012482454;8.44432012482454;8.44432012482454;8.44432012482454;3.7500377;21;-959.755738738525 * Deflate;1;2.742606690122;83.2158798442194
Analyze finished
command: measurementstocsv ./sampledConfigurations_rand_0.csv
command: clean-sampling
command: clean-global
command: script ./learn_rand_1.a
command: log ./out_rand_1.log
