Current machine learning settings: epsilon:0 lossFunction:RELATIVE parallelization:True bagging:False baggingNumbers:3 considerEpsilonTube:False baggingTestDataFraction:50 useBackward:False abortError:1 limitFeatureSize:False featureSizeTreshold:4 quadraticFunctionSupport:True crossValidation:False crossValidation-k:5 learn-logFunction:False learn-accumulatedLogFunction:False learn-asymFunction:False learn-ratioFunction:False learn-mirrowedFunction:False numberOfRounds:70 backwardErrorDelta:1 minImprovementPerRound:0.1 withHierarchy:False bruteForceCandidates:False ignoreBadFeatures:False stopOnLongRound:True candidateSizePenalty:True learnTimeLimit:00:00:00 scoreMeasure:RELERROR outputRoundsToStdout:False blacklisted: 
command: mlsettings bagging:False stopOnLongRound:False parallelization:True lossFunction:RELATIVE useBackward:False abortError:10 limitFeatureSize:False featureSizeTreshold:7 quadraticFunctionSupport:True crossValidation:False learn_logFunction:True numberOfRounds:70 backwardErrorDelta:1 minImprovementPerRound:0.25 withHierarchy:False
Current machine learning settings: epsilon:0 lossFunction:RELATIVE parallelization:True bagging:False baggingNumbers:3 considerEpsilonTube:False baggingTestDataFraction:50 useBackward:False abortError:10 limitFeatureSize:False featureSizeTreshold:7 quadraticFunctionSupport:True crossValidation:False crossValidation-k:5 learn-logFunction:True learn-accumulatedLogFunction:False learn-asymFunction:False learn-ratioFunction:False learn-mirrowedFunction:False numberOfRounds:70 backwardErrorDelta:1 minImprovementPerRound:0.25 withHierarchy:False bruteForceCandidates:False ignoreBadFeatures:False stopOnLongRound:False candidateSizePenalty:True learnTimeLimit:00:00:00 scoreMeasure:RELERROR outputRoundsToStdout:False blacklisted: 
command: solver z3
command: vm /scratch/kaltenec/Distribution-Aware-Sampling/DistOut/ConstraintData/VP9_disc/FeatureModel.xml
command: all /scratch/kaltenec/Distribution-Aware-Sampling/DistOut/ConstraintData/VP9_disc/measurements.xml
Configs with too large deviation: 0
216000 configurations loaded.
command: nfp Performance
command: binary satoutput numConfigs:483 seed:35
command: learn-splconqueror
Learning: NumberOfConfigurationsLearning:483 NumberOfConfigurationsValidation:483
Learning progress:
1;4.90639583333337 * Quality + 0.276937499999992 * cpuUsed_4;357.913856219008;357.913856219008;357.913856219008;357.913856219008;0.082626;2;0.276937499999992 * cpuUsed_4;1;1.79769313486232E+308;
2;2.00155329201986 * Quality + 0.83443253318138 * cpuUsed_4 + 7.04204252439634 * good;151.583112497575;151.583112497575;151.583112497575;151.583112497575;0.254403;3;7.04204252439634 * good;1;206.330743721433;
3;1.24600866854231 * Quality + 2.05085937698019 * cpuUsed_4 + 5.65939586343247 * good + 26.5177274225027 * cpuUsed_0;87.233726373434;87.233726373434;87.233726373434;87.233726373434;0.59676;4;26.5177274225027 * cpuUsed_0;1;64.3493861241407;
4;0.0845945908519862 * Quality + 3.21175272359869 * cpuUsed_4 + 5.66095805664803 * good + 27.5773921803131 * cpuUsed_0 + 2.4169885856692 * lossless;54.7425559596942;54.7425559596942;54.7425559596942;54.7425559596942;1.250313;5;2.4169885856692 * lossless;1;32.4911704137398;
5;0.151090746496531 * Quality + 1.68847224160438 * cpuUsed_4 + 3.42472497539345 * good + 24.594795039302 * cpuUsed_0 + 2.47776456967697 * lossless + 6.60658606030399 * good * TileColumns_0;41.7252100823996;41.7252100823996;41.7252100823996;41.7252100823996;1.987936;7;6.60658606030399 * good * TileColumns_0;2;6.50867293864732;
6;0.280737586600917 * Quality + 1.85889120379147 * cpuUsed_4 + 3.27375625791342 * good + 19.2290824098776 * cpuUsed_0 + 2.52144002817223 * lossless + 5.85735737090947 * good * TileColumns_0 + 8.75156637469869 * cpuUsed_0 * TileColumns_0;34.0143424611747;34.0143424611747;34.0143424611747;34.0143424611747;3.009774;9;8.75156637469869 * cpuUsed_0 * TileColumns_0;2;3.85543381061245;
7;0.26732987709867 * Quality + 2.12813480103585 * cpuUsed_4 + 3.65492842577252 * good + 19.3366556157736 * cpuUsed_0 + 1.76811605702191 * lossless + 4.70867753982401 * good * TileColumns_0 + 9.42490854153118 * cpuUsed_0 * TileColumns_0 + 2.42494002021019 * lossless * TileColumns_0;31.1144509096464;31.1144509096464;31.1144509096464;31.1144509096464;4.309825;11;2.42494002021019 * lossless * TileColumns_0;2;1.44994577576414;
8;0.304628390180933 * Quality + 2.12666229445288 * cpuUsed_4 + 3.56896284258424 * good + 19.280053941574 * cpuUsed_0 + 1.24381134380699 * lossless + 4.68716510351436 * good * TileColumns_0 + 9.55168972214651 * cpuUsed_0 * TileColumns_0 + 2.47393722627731 * lossless * TileColumns_0 + 0.678730002154192 * lossless * variableBitrate;28.9270002488594;28.9270002488594;28.9270002488594;28.9270002488594;6.008453;13;0.678730002154192 * lossless * variableBitrate;2;1.09372533039347;
9;0.310418412673204 * Quality + 2.12173040002889 * cpuUsed_4 + 3.57216539527059 * good + 20.7991451474656 * cpuUsed_0 + 1.23356304577638 * lossless + 4.68138816662303 * good * TileColumns_0 + 14.1193392339814 * cpuUsed_0 * TileColumns_0 + 2.48565428425671 * lossless * TileColumns_0 + 0.669841185140402 * lossless * variableBitrate + -12.1799127120278 * bitRate_300;28.3429564326919;28.3429564326919;28.3429564326919;28.3429564326919;8.472854;14;-12.1799127120278 * bitRate_300;1;0.584043816167569;
10;0.329556543899712 * Quality + 2.10542869432632 * cpuUsed_4 + 3.58275099725278 * good + 20.0480905149238 * cpuUsed_0 + 1.1996886916058 * lossless + 4.6622932880691 * good * TileColumns_0 + 14.786573361737 * cpuUsed_0 * TileColumns_0 + 2.52438342451445 * lossless * TileColumns_0 + 0.640460410422388 * lossless * variableBitrate + -12.0335294117647 * bitRate_300 + 5.77220383914822 * cpuUsed_0 * lossless;27.7700116092609;27.7700116092609;27.7700116092609;27.7700116092609;11.083509;16;5.77220383914822 * cpuUsed_0 * lossless;2;0.286472411715492;
11;0.331807481194929 * Quality + 2.13684602305852 * cpuUsed_4 + 3.61960741272081 * good + 20.0458395776286 * cpuUsed_0 + 1.50110574555928 * lossless + 4.52443207451882 * good * TileColumns_0 + 14.8875781598193 * cpuUsed_0 * TileColumns_0 + 1.69018282452186 * lossless * TileColumns_0 + 0.225469337684703 * lossless * variableBitrate + -12.0335294117647 * bitRate_300 + 5.88577785793241 * cpuUsed_0 * lossless + 1.2212898674194 * lossless * TileColumns_0 * variableBitrate;27.2618633009713;27.2618633009713;27.2618633009713;27.2618633009713;14.17438;19;1.2212898674194 * lossless * TileColumns_0 * variableBitrate;3;0.169382769429872;
Elapsed=00:00:14.1800515
average model: 
command: analyze-learning
Round, Model, LearningError, LearningErrorRel, ValidationError, ValidationErrorRel, ElapsedSeconds, ModelComplexity, BestCandidate, BestCandidateSize, BestCandidateScore, TestError
Models:
Termination reason: minImprovementPerRound
1;4.90639583333337 * Quality + 0.276937499999992 * cpuUsed_4;357.913856219008;357.913856219008;357.913856219008;357.913856219008;0.082626;2;0.276937499999992 * cpuUsed_4;1;1.79769313486232E+308;186.683934514786
2;2.00155329201986 * Quality + 0.83443253318138 * cpuUsed_4 + 7.04204252439634 * good;151.583112497575;151.583112497575;151.583112497575;151.583112497575;0.254403;3;7.04204252439634 * good;1;206.330743721433;112.939229488587
3;1.24600866854231 * Quality + 2.05085937698019 * cpuUsed_4 + 5.65939586343247 * good + 26.5177274225027 * cpuUsed_0;87.233726373434;87.233726373434;87.233726373434;87.233726373434;0.59676;4;26.5177274225027 * cpuUsed_0;1;64.3493861241407;77.4293299932755
4;0.0845945908519862 * Quality + 3.21175272359869 * cpuUsed_4 + 5.66095805664803 * good + 27.5773921803131 * cpuUsed_0 + 2.4169885856692 * lossless;54.7425559596942;54.7425559596942;54.7425559596942;54.7425559596942;1.250313;5;2.4169885856692 * lossless;1;32.4911704137398;58.279704016562
5;0.151090746496531 * Quality + 1.68847224160438 * cpuUsed_4 + 3.42472497539345 * good + 24.594795039302 * cpuUsed_0 + 2.47776456967697 * lossless + 6.60658606030399 * good * TileColumns_0;41.7252100823996;41.7252100823996;41.7252100823996;41.7252100823996;1.987936;7;6.60658606030399 * good * TileColumns_0;2;6.50867293864732;48.9518645825685
6;0.280737586600917 * Quality + 1.85889120379147 * cpuUsed_4 + 3.27375625791342 * good + 19.2290824098776 * cpuUsed_0 + 2.52144002817223 * lossless + 5.85735737090947 * good * TileColumns_0 + 8.75156637469869 * cpuUsed_0 * TileColumns_0;34.0143424611747;34.0143424611747;34.0143424611747;34.0143424611747;3.009774;9;8.75156637469869 * cpuUsed_0 * TileColumns_0;2;3.85543381061245;44.1198472404335
7;0.26732987709867 * Quality + 2.12813480103585 * cpuUsed_4 + 3.65492842577252 * good + 19.3366556157736 * cpuUsed_0 + 1.76811605702191 * lossless + 4.70867753982401 * good * TileColumns_0 + 9.42490854153118 * cpuUsed_0 * TileColumns_0 + 2.42494002021019 * lossless * TileColumns_0;31.1144509096464;31.1144509096464;31.1144509096464;31.1144509096464;4.309825;11;2.42494002021019 * lossless * TileColumns_0;2;1.44994577576414;43.4586152897838
8;0.304628390180933 * Quality + 2.12666229445288 * cpuUsed_4 + 3.56896284258424 * good + 19.280053941574 * cpuUsed_0 + 1.24381134380699 * lossless + 4.68716510351436 * good * TileColumns_0 + 9.55168972214651 * cpuUsed_0 * TileColumns_0 + 2.47393722627731 * lossless * TileColumns_0 + 0.678730002154192 * lossless * variableBitrate;28.9270002488594;28.9270002488594;28.9270002488594;28.9270002488594;6.008453;13;0.678730002154192 * lossless * variableBitrate;2;1.09372533039347;42.6162802516153
9;0.310418412673204 * Quality + 2.12173040002889 * cpuUsed_4 + 3.57216539527059 * good + 20.7991451474656 * cpuUsed_0 + 1.23356304577638 * lossless + 4.68138816662303 * good * TileColumns_0 + 14.1193392339814 * cpuUsed_0 * TileColumns_0 + 2.48565428425671 * lossless * TileColumns_0 + 0.669841185140402 * lossless * variableBitrate + -12.1799127120278 * bitRate_300;28.3429564326919;28.3429564326919;28.3429564326919;28.3429564326919;8.472854;14;-12.1799127120278 * bitRate_300;1;0.584043816167569;150.986852603531
10;0.329556543899712 * Quality + 2.10542869432632 * cpuUsed_4 + 3.58275099725278 * good + 20.0480905149238 * cpuUsed_0 + 1.1996886916058 * lossless + 4.6622932880691 * good * TileColumns_0 + 14.786573361737 * cpuUsed_0 * TileColumns_0 + 2.52438342451445 * lossless * TileColumns_0 + 0.640460410422388 * lossless * variableBitrate + -12.0335294117647 * bitRate_300 + 5.77220383914822 * cpuUsed_0 * lossless;27.7700116092609;27.7700116092609;27.7700116092609;27.7700116092609;11.083509;16;5.77220383914822 * cpuUsed_0 * lossless;2;0.286472411715492;149.107526471978
11;0.331807481194929 * Quality + 2.13684602305852 * cpuUsed_4 + 3.61960741272081 * good + 20.0458395776286 * cpuUsed_0 + 1.50110574555928 * lossless + 4.52443207451882 * good * TileColumns_0 + 14.8875781598193 * cpuUsed_0 * TileColumns_0 + 1.69018282452186 * lossless * TileColumns_0 + 0.225469337684703 * lossless * variableBitrate + -12.0335294117647 * bitRate_300 + 5.88577785793241 * cpuUsed_0 * lossless + 1.2212898674194 * lossless * TileColumns_0 * variableBitrate;27.2618633009713;27.2618633009713;27.2618633009713;27.2618633009713;14.17438;19;1.2212898674194 * lossless * TileColumns_0 * variableBitrate;3;0.169382769429872;148.916769216021
Analyze finished
command: clean-sampling
command: clean-global
