Current machine learning settings: epsilon:0 lossFunction:RELATIVE parallelization:True bagging:False baggingNumbers:3 considerEpsilonTube:False baggingTestDataFraction:50 useBackward:False abortError:1 limitFeatureSize:False featureSizeTreshold:4 quadraticFunctionSupport:True crossValidation:False crossValidation-k:5 learn-logFunction:False learn-accumulatedLogFunction:False learn-asymFunction:False learn-ratioFunction:False learn-mirrowedFunction:False numberOfRounds:70 backwardErrorDelta:1 minImprovementPerRound:0.1 withHierarchy:False bruteForceCandidates:False ignoreBadFeatures:False stopOnLongRound:True candidateSizePenalty:True learnTimeLimit:00:00:00 scoreMeasure:RELERROR outputRoundsToStdout:False blacklisted: 
command: mlsettings bagging:False stopOnLongRound:False parallelization:True lossFunction:RELATIVE useBackward:False abortError:10 limitFeatureSize:False featureSizeTreshold:7 quadraticFunctionSupport:True crossValidation:False learn_logFunction:True numberOfRounds:70 backwardErrorDelta:1 minImprovementPerRound:0.25 withHierarchy:False
Current machine learning settings: epsilon:0 lossFunction:RELATIVE parallelization:True bagging:False baggingNumbers:3 considerEpsilonTube:False baggingTestDataFraction:50 useBackward:False abortError:10 limitFeatureSize:False featureSizeTreshold:7 quadraticFunctionSupport:True crossValidation:False crossValidation-k:5 learn-logFunction:True learn-accumulatedLogFunction:False learn-asymFunction:False learn-ratioFunction:False learn-mirrowedFunction:False numberOfRounds:70 backwardErrorDelta:1 minImprovementPerRound:0.25 withHierarchy:False bruteForceCandidates:False ignoreBadFeatures:False stopOnLongRound:False candidateSizePenalty:True learnTimeLimit:00:00:00 scoreMeasure:RELERROR outputRoundsToStdout:False blacklisted: 
command: solver z3
command: vm /scratch/kaltenec/Distribution-Aware-Sampling/DistOut/ConstraintData/JavaGC_disc/FeatureModel.xml
command: all /scratch/kaltenec/Distribution-Aware-Sampling/DistOut/ConstraintData/JavaGC_disc/measurements.xml
Configs with too large deviation: 0
193536 configurations loaded.
command: nfp Performance
command: binary satoutput henard:true numConfigs:468 seed:80
command: learn-splconqueror
Learning: NumberOfConfigurationsLearning:468 NumberOfConfigurationsValidation:468
Learning progress:
1;37.8344687254905 * MaxTenuringThreshold + -5.48444031183555 * NewRatio_1;15.4723268874549;15.4723268874549;15.4723268874549;15.4723268874549;0.096232;2;-5.48444031183555 * NewRatio_1;1;1.79769313486232E+308;
2;34.1141710257932 * MaxTenuringThreshold + -5.54950575936231 * NewRatio_1 + 8.1606530186907 * UseAdaptiveSizePolicy;12.739123020915;12.739123020915;12.739123020915;12.739123020915;0.35613;3;8.1606530186907 * UseAdaptiveSizePolicy;1;2.7332038665399;
3;32.1983174983795 * MaxTenuringThreshold + -5.51552625655984 * NewRatio_1 + 8.05441933082456 * UseAdaptiveSizePolicy + 4.10988566732253 * DisableExplicitGC;10.8482466467531;10.8482466467531;10.8482466467531;10.8482466467531;0.941933;4;4.10988566732253 * DisableExplicitGC;1;1.89087637416191;
4;34.0517460798718 * MaxTenuringThreshold + -5.55642521723173 * NewRatio_1 + 8.18994685283022 * UseAdaptiveSizePolicy + 4.19622816367587 * DisableExplicitGC + -4.15751962047302 * UseAdaptiveGCBoundary;9.30107544356228;9.30107544356228;9.30107544356228;9.30107544356228;1.630364;5;-4.15751962047302 * UseAdaptiveGCBoundary;1;1.54717120319083;
Elapsed=00:00:01.6371711
average model: 
command: analyze-learning
Round, Model, LearningError, LearningErrorRel, ValidationError, ValidationErrorRel, ElapsedSeconds, ModelComplexity, BestCandidate, BestCandidateSize, BestCandidateScore, TestError
Models:
Termination reason: abortError
1;37.8344687254905 * MaxTenuringThreshold + -5.48444031183555 * NewRatio_1;15.4723268874549;15.4723268874549;15.4723268874549;15.4723268874549;0.096232;2;-5.48444031183555 * NewRatio_1;1;1.79769313486232E+308;40.8179868993862
2;34.1141710257932 * MaxTenuringThreshold + -5.54950575936231 * NewRatio_1 + 8.1606530186907 * UseAdaptiveSizePolicy;12.739123020915;12.739123020915;12.739123020915;12.739123020915;0.35613;3;8.1606530186907 * UseAdaptiveSizePolicy;1;2.7332038665399;39.3632722179721
3;32.1983174983795 * MaxTenuringThreshold + -5.51552625655984 * NewRatio_1 + 8.05441933082456 * UseAdaptiveSizePolicy + 4.10988566732253 * DisableExplicitGC;10.8482466467531;10.8482466467531;10.8482466467531;10.8482466467531;0.941933;4;4.10988566732253 * DisableExplicitGC;1;1.89087637416191;38.8692536115871
4;34.0517460798718 * MaxTenuringThreshold + -5.55642521723173 * NewRatio_1 + 8.18994685283022 * UseAdaptiveSizePolicy + 4.19622816367587 * DisableExplicitGC + -4.15751962047302 * UseAdaptiveGCBoundary;9.30107544356228;9.30107544356228;9.30107544356228;9.30107544356228;1.630364;5;-4.15751962047302 * UseAdaptiveGCBoundary;1;1.54717120319083;37.8443265593087
Analyze finished
command: clean-sampling
command: clean-global
