Current machine learning settings: epsilon:0 lossFunction:RELATIVE parallelization:True bagging:False baggingNumbers:3 baggingTestDataFraction:50 useBackward:False abortError:1 limitFeatureSize:False featureSizeTreshold:4 quadraticFunctionSupport:True crossValidation:False crossValidation-k:5 learn-logFunction:False learn-accumulatedLogFunction:False learn-asymFunction:False learn-ratioFunction:False learn-mirrowedFunction:False numberOfRounds:70 backwardErrorDelta:1 minImprovementPerRound:0.1 withHierarchy:False bruteForceCandidates:False ignoreBadFeatures:False stopOnLongRound:True candidateSizePenalty:True learnTimeLimit:00:00:00 scoreMeasure:RELERROR outputRoundsToStdout:False blacklisted: 
command: mlsettings bagging:False stopOnLongRound:False parallelization:True lossFunction:RELATIVE useBackward:False abortError:10 limitFeatureSize:False featureSizeTreshold:7 quadraticFunctionSupport:True crossValidation:False learn_logFunction:True numberOfRounds:70 backwardErrorDelta:1 minImprovementPerRound:0.25 withHierarchy:False
Current machine learning settings: epsilon:0 lossFunction:RELATIVE parallelization:True bagging:False baggingNumbers:3 baggingTestDataFraction:50 useBackward:False abortError:10 limitFeatureSize:False featureSizeTreshold:7 quadraticFunctionSupport:True crossValidation:False crossValidation-k:5 learn-logFunction:True learn-accumulatedLogFunction:False learn-asymFunction:False learn-ratioFunction:False learn-mirrowedFunction:False numberOfRounds:70 backwardErrorDelta:1 minImprovementPerRound:0.25 withHierarchy:False bruteForceCandidates:False ignoreBadFeatures:False stopOnLongRound:False candidateSizePenalty:True learnTimeLimit:00:00:00 scoreMeasure:RELERROR outputRoundsToStdout:False blacklisted: 
command: solver z3
command: vm /scratch/kaltenec/Distribution-Aware-Sampling/DistOut/ConstraintData/7z_disc/FeatureModel.xml
command: all /scratch/kaltenec/Distribution-Aware-Sampling/DistOut/ConstraintData/7z_disc/measurements.xml
Configs with too large deviation: 0
68640 configurations loaded.
command: nfp Performance
command: hybrid distribution-aware distance-metric:manhattan distribution:uniform onlyBinary:true selection:SolverSelection number-weight-optimization:1-1 numConfigs:4091 seed:47
command: learn-splconqueror
Learning: NumberOfConfigurationsLearning:4091 NumberOfConfigurationsValidation:4091
Learning progress:
1;11961.7765422293 * CompressionMethod + 636.089699808871 * BlockSize_1;177.503562471891;177.503562471891;177.503562471891;177.503562471891;2.090784;2;636.089699808871 * BlockSize_1;1;1.79769313486232E+308;
2;7802.95862193862 * CompressionMethod + 504.860234898045 * BlockSize_1 + 24054.9085527381 * x_10;116.566370871862;116.566370871862;116.566370871862;116.566370871862;5.108804;3;24054.9085527381 * x_10;1;60.9371916000294;
3;5764.9230467421 * CompressionMethod + 540.562826953507 * BlockSize_1 + 26090.1241770811 * x_10 + 11971.1739940249 * x_8;81.6872532108637;81.6872532108637;81.6872532108637;81.6872532108637;10.083674;4;11971.1739940249 * x_8;1;34.8791176609983;
4;3486.11692894266 * CompressionMethod + 372.98398761133 * BlockSize_1 + 28382.1664232348 * x_10 + 14262.5120945923 * x_8 + 7844.68075990463 * x_6;55.5100694317454;55.5100694317454;55.5100694317454;55.5100694317454;17.545992;5;7844.68075990463 * x_6;1;26.1771837791183;
5;3479.26749985109 * CompressionMethod + 466.20190271193 * BlockSize_1 + 17184.2023664118 * x_10 + 14262.3904448158 * x_8 + 7843.68624248205 * x_6 + 46156.933478299 * x_10 * BZip2;44.0778985388112;44.0778985388112;44.0778985388112;44.0778985388112;28.474206;7;46156.933478299 * x_10 * BZip2;2;5.71608544646711;
6;3100.92619893814 * CompressionMethod + 468.196619581735 * BlockSize_1 + 17562.3839413942 * x_10 + 14301.2887749493 * x_8 + 7968.51955787048 * x_6 + 44350.5171132202 * x_10 * BZip2 + 1806.42532752597 * BZip2;37.9891818564403;37.9891818564403;37.9891818564403;37.9891818564403;41.746118;8;1806.42532752597 * BZip2;1;6.08871668237089;
7;2993.29938730073 * CompressionMethod + 456.767320431512 * BlockSize_1 + 17670.9259483076 * x_10 + 14312.4605148646 * x_8 + 5682.08125327117 * x_6 + 43832.3812593607 * x_10 * BZip2 + 2324.50982848617 * BZip2 + 8616.93348120109 * x_6 * LZMA;31.1068289293554;31.1068289293554;31.1068289293554;31.1068289293554;59.887646;10;8616.93348120109 * x_6 * LZMA;2;3.44117646354242;
8;2999.82889217997 * CompressionMethod + 368.023800580895 * BlockSize_1 + 22633.779246 * x_10 + 14312.5754158851 * x_8 + 5682.96749750564 * x_6 + 38869.7480569472 * x_10 * BZip2 + 2324.46758738749 * BZip2 + 8617.14726546744 * x_6 * LZMA + -18765.7929128688 * x_10 * PPMd;25.8440336896443;25.8440336896443;25.8440336896443;25.8440336896443;81.935691;12;-18765.7929128688 * x_10 * PPMd;2;2.63139761985556;
9;2888.81235462224 * CompressionMethod + 382.065507780256 * BlockSize_1 + 22743.6226789052 * x_10 + 14323.8700750436 * x_8 + 3364.32442128487 * x_6 + 38344.5238820923 * x_10 * BZip2 + 2849.80357507149 * BZip2 + 11045.5996736484 * x_6 * LZMA + -18765.6086608361 * x_10 * PPMd + 11243.9547154015 * x_6 * LZMA2;21.8996553412006;21.8996553412006;21.8996553412006;21.8996553412006;108.729791;14;11243.9547154015 * x_6 * LZMA2;2;1.97218917422183;
10;2764.11723601712 * CompressionMethod + 386.478162320073 * BlockSize_1 + 22867.9491453596 * x_10 + 14336.6570477462 * x_8 + 742.491335542213 * x_6 + 37750.5086516125 * x_10 * BZip2 + 3443.85394311337 * BZip2 + 13791.7485095081 * x_6 * LZMA + -18765.5507590047 * x_10 * PPMd + 13990.1270605128 * x_6 * LZMA2 + 4905.1928514225 * x_6 * Deflate;17.6196013427308;17.6196013427308;17.6196013427308;17.6196013427308;139.571534;16;4905.1928514225 * x_6 * Deflate;2;2.14002699923494;
11;2766.71075249629 * CompressionMethod + 351.27521012029 * BlockSize_1 + 16132.3967644796 * x_10 + 14336.7022792648 * x_8 + 742.914139883014 * x_6 + 44486.1611038351 * x_10 * BZip2 + 3443.82104353956 * BZip2 + 13791.7586868402 * x_6 * LZMA + -12030.112813465 * x_10 * PPMd + 13989.9496874521 * x_6 * LZMA2 + 4905.11010995273 * x_6 * Deflate + 25831.8490180651 * x_10 * Deflate;14.2790360621286;14.2790360621286;14.2790360621286;14.2790360621286;177.174667;18;25831.8490180651 * x_10 * Deflate;2;1.67028264030108;
12;2638.50497471244 * CompressionMethod + 347.041105639163 * BlockSize_1 + 15988.1345885217 * x_10 + 14343.0286877479 * x_8 + 812.181615713564 * x_6 + 44643.9604743132 * x_10 * BZip2 + 3558.80964632862 * BZip2 + 13851.0610068267 * x_6 * LZMA + -11757.3466833495 * x_10 * PPMd + 13541.8265131339 * x_6 * LZMA2 + 4964.40125394543 * x_6 * Deflate + 26104.6869420991 * x_10 * Deflate + 507.402936308907 * LZMA2;12.7962577239034;12.7962577239034;12.7962577239034;12.7962577239034;220.743405;19;507.402936308907 * LZMA2;1;1.48277833822524;
13;2360.84120687421 * CompressionMethod + 345.381714235518 * BlockSize_1 + 15754.1550130589 * x_10 + 14350.0383054707 * x_8 + 961.171174385265 * x_6 + 44905.9390012469 * x_10 * BZip2 + 3808.59988181387 * BZip2 + 13257.4418554946 * x_6 * LZMA + -11245.5864814987 * x_10 * PPMd + 13339.9923880208 * x_6 * LZMA2 + 5093.21374572855 * x_6 * Deflate + 26616.4752807647 * x_10 * Deflate + 838.045092475178 * LZMA2 + 722.436023107677 * LZMA;10.2589225893903;10.2589225893903;10.2589225893903;10.2589225893903;272.892841;20;722.436023107677 * LZMA;1;2.53733513451303;
14;2364.65756920597 * CompressionMethod + 346.729410092628 * BlockSize_1 + 15777.5528958727 * x_10 + 14455.7127919936 * x_8 + 700.487486990144 * x_6 + 44380.7463104291 * x_10 * BZip2 + 4306.4764667526 * BZip2 + 13541.8479768662 * x_6 * LZMA + -11272.8956348041 * x_10 * PPMd + 13623.792588269 * x_6 * LZMA2 + 5349.96876280424 * x_6 * Deflate + 26589.1432757875 * x_10 * Deflate + 811.003532140561 * LZMA2 + 694.781361545467 * LZMA + -1020.54291622013 * BZip2 * mtOff;9.80088390351992;9.80088390351992;9.80088390351992;9.80088390351992;334.789985;22;-1020.54291622013 * BZip2 * mtOff;2;0.229019342935208;
Elapsed=00:05:34.8441297
average model: 
command: analyze-learning
Round, Model, LearningError, LearningErrorRel, ValidationError, ValidationErrorRel, ElapsedSeconds, ModelComplexity, BestCandidate, BestCandidateSize, BestCandidateScore, TestError
Models:
Termination reason: abortError
1;11961.7765422293 * CompressionMethod + 636.089699808871 * BlockSize_1;177.503562471891;177.503562471891;177.503562471891;177.503562471891;2.090784;2;636.089699808871 * BlockSize_1;1;1.79769313486232E+308;191.851508810444
2;7802.95862193862 * CompressionMethod + 504.860234898045 * BlockSize_1 + 24054.9085527381 * x_10;116.566370871862;116.566370871862;116.566370871862;116.566370871862;5.108804;3;24054.9085527381 * x_10;1;60.9371916000294;122.783789504935
3;5764.9230467421 * CompressionMethod + 540.562826953507 * BlockSize_1 + 26090.1241770811 * x_10 + 11971.1739940249 * x_8;81.6872532108637;81.6872532108637;81.6872532108637;81.6872532108637;10.083674;4;11971.1739940249 * x_8;1;34.8791176609983;87.6431593039085
4;3486.11692894266 * CompressionMethod + 372.98398761133 * BlockSize_1 + 28382.1664232348 * x_10 + 14262.5120945923 * x_8 + 7844.68075990463 * x_6;55.5100694317454;55.5100694317454;55.5100694317454;55.5100694317454;17.545992;5;7844.68075990463 * x_6;1;26.1771837791183;62.2913450256948
5;3479.26749985109 * CompressionMethod + 466.20190271193 * BlockSize_1 + 17184.2023664118 * x_10 + 14262.3904448158 * x_8 + 7843.68624248205 * x_6 + 46156.933478299 * x_10 * BZip2;44.0778985388112;44.0778985388112;44.0778985388112;44.0778985388112;28.474206;7;46156.933478299 * x_10 * BZip2;2;5.71608544646711;52.61673350113
6;3100.92619893814 * CompressionMethod + 468.196619581735 * BlockSize_1 + 17562.3839413942 * x_10 + 14301.2887749493 * x_8 + 7968.51955787048 * x_6 + 44350.5171132202 * x_10 * BZip2 + 1806.42532752597 * BZip2;37.9891818564403;37.9891818564403;37.9891818564403;37.9891818564403;41.746118;8;1806.42532752597 * BZip2;1;6.08871668237089;46.6538284012473
7;2993.29938730073 * CompressionMethod + 456.767320431512 * BlockSize_1 + 17670.9259483076 * x_10 + 14312.4605148646 * x_8 + 5682.08125327117 * x_6 + 43832.3812593607 * x_10 * BZip2 + 2324.50982848617 * BZip2 + 8616.93348120109 * x_6 * LZMA;31.1068289293554;31.1068289293554;31.1068289293554;31.1068289293554;59.887646;10;8616.93348120109 * x_6 * LZMA;2;3.44117646354242;40.0039768231049
8;2999.82889217997 * CompressionMethod + 368.023800580895 * BlockSize_1 + 22633.779246 * x_10 + 14312.5754158851 * x_8 + 5682.96749750564 * x_6 + 38869.7480569472 * x_10 * BZip2 + 2324.46758738749 * BZip2 + 8617.14726546744 * x_6 * LZMA + -18765.7929128688 * x_10 * PPMd;25.8440336896443;25.8440336896443;25.8440336896443;25.8440336896443;81.935691;12;-18765.7929128688 * x_10 * PPMd;2;2.63139761985556;36.186646890026
9;2888.81235462224 * CompressionMethod + 382.065507780256 * BlockSize_1 + 22743.6226789052 * x_10 + 14323.8700750436 * x_8 + 3364.32442128487 * x_6 + 38344.5238820923 * x_10 * BZip2 + 2849.80357507149 * BZip2 + 11045.5996736484 * x_6 * LZMA + -18765.6086608361 * x_10 * PPMd + 11243.9547154015 * x_6 * LZMA2;21.8996553412006;21.8996553412006;21.8996553412006;21.8996553412006;108.729791;14;11243.9547154015 * x_6 * LZMA2;2;1.97218917422183;30.2497549925324
10;2764.11723601712 * CompressionMethod + 386.478162320073 * BlockSize_1 + 22867.9491453596 * x_10 + 14336.6570477462 * x_8 + 742.491335542213 * x_6 + 37750.5086516125 * x_10 * BZip2 + 3443.85394311337 * BZip2 + 13791.7485095081 * x_6 * LZMA + -18765.5507590047 * x_10 * PPMd + 13990.1270605128 * x_6 * LZMA2 + 4905.1928514225 * x_6 * Deflate;17.6196013427308;17.6196013427308;17.6196013427308;17.6196013427308;139.571534;16;4905.1928514225 * x_6 * Deflate;2;2.14002699923494;25.0122515121554
11;2766.71075249629 * CompressionMethod + 351.27521012029 * BlockSize_1 + 16132.3967644796 * x_10 + 14336.7022792648 * x_8 + 742.914139883014 * x_6 + 44486.1611038351 * x_10 * BZip2 + 3443.82104353956 * BZip2 + 13791.7586868402 * x_6 * LZMA + -12030.112813465 * x_10 * PPMd + 13989.9496874521 * x_6 * LZMA2 + 4905.11010995273 * x_6 * Deflate + 25831.8490180651 * x_10 * Deflate;14.2790360621286;14.2790360621286;14.2790360621286;14.2790360621286;177.174667;18;25831.8490180651 * x_10 * Deflate;2;1.67028264030108;21.3067599017874
12;2638.50497471244 * CompressionMethod + 347.041105639163 * BlockSize_1 + 15988.1345885217 * x_10 + 14343.0286877479 * x_8 + 812.181615713564 * x_6 + 44643.9604743132 * x_10 * BZip2 + 3558.80964632862 * BZip2 + 13851.0610068267 * x_6 * LZMA + -11757.3466833495 * x_10 * PPMd + 13541.8265131339 * x_6 * LZMA2 + 4964.40125394543 * x_6 * Deflate + 26104.6869420991 * x_10 * Deflate + 507.402936308907 * LZMA2;12.7962577239034;12.7962577239034;12.7962577239034;12.7962577239034;220.743405;19;507.402936308907 * LZMA2;1;1.48277833822524;19.442015881934
13;2360.84120687421 * CompressionMethod + 345.381714235518 * BlockSize_1 + 15754.1550130589 * x_10 + 14350.0383054707 * x_8 + 961.171174385265 * x_6 + 44905.9390012469 * x_10 * BZip2 + 3808.59988181387 * BZip2 + 13257.4418554946 * x_6 * LZMA + -11245.5864814987 * x_10 * PPMd + 13339.9923880208 * x_6 * LZMA2 + 5093.21374572855 * x_6 * Deflate + 26616.4752807647 * x_10 * Deflate + 838.045092475178 * LZMA2 + 722.436023107677 * LZMA;10.2589225893903;10.2589225893903;10.2589225893903;10.2589225893903;272.892841;20;722.436023107677 * LZMA;1;2.53733513451303;16.1875385383612
14;2364.65756920597 * CompressionMethod + 346.729410092628 * BlockSize_1 + 15777.5528958727 * x_10 + 14455.7127919936 * x_8 + 700.487486990144 * x_6 + 44380.7463104291 * x_10 * BZip2 + 4306.4764667526 * BZip2 + 13541.8479768662 * x_6 * LZMA + -11272.8956348041 * x_10 * PPMd + 13623.792588269 * x_6 * LZMA2 + 5349.96876280424 * x_6 * Deflate + 26589.1432757875 * x_10 * Deflate + 811.003532140561 * LZMA2 + 694.781361545467 * LZMA + -1020.54291622013 * BZip2 * mtOff;9.80088390351992;9.80088390351992;9.80088390351992;9.80088390351992;334.789985;22;-1020.54291622013 * BZip2 * mtOff;2;0.229019342935208;16.2107739550786
Analyze finished
command: measurementstocsv /scratch/kaltenec/Distribution-Aware-Sampling/Results_opt/7z_disc/7z_disc_47/sampledConfigurations_solv_2.csv
command: clean-sampling
command: clean-global
