Current machine learning settings: epsilon:0 lossFunction:RELATIVE parallelization:True bagging:False baggingNumbers:3 baggingTestDataFraction:50 useBackward:False abortError:1 limitFeatureSize:False featureSizeTreshold:4 quadraticFunctionSupport:True crossValidation:False crossValidation-k:5 learn-logFunction:False learn-accumulatedLogFunction:False learn-asymFunction:False learn-ratioFunction:False learn-mirrowedFunction:False numberOfRounds:70 backwardErrorDelta:1 minImprovementPerRound:0.1 withHierarchy:False bruteForceCandidates:False ignoreBadFeatures:False stopOnLongRound:True candidateSizePenalty:True learnTimeLimit:00:00:00 scoreMeasure:RELERROR outputRoundsToStdout:False blacklisted: 
command: mlsettings bagging:False stopOnLongRound:False parallelization:True lossFunction:RELATIVE useBackward:False abortError:10 limitFeatureSize:False featureSizeTreshold:7 quadraticFunctionSupport:True crossValidation:False learn_logFunction:True numberOfRounds:70 backwardErrorDelta:1 minImprovementPerRound:0.25 withHierarchy:False
Current machine learning settings: epsilon:0 lossFunction:RELATIVE parallelization:True bagging:False baggingNumbers:3 baggingTestDataFraction:50 useBackward:False abortError:10 limitFeatureSize:False featureSizeTreshold:7 quadraticFunctionSupport:True crossValidation:False crossValidation-k:5 learn-logFunction:True learn-accumulatedLogFunction:False learn-asymFunction:False learn-ratioFunction:False learn-mirrowedFunction:False numberOfRounds:70 backwardErrorDelta:1 minImprovementPerRound:0.25 withHierarchy:False bruteForceCandidates:False ignoreBadFeatures:False stopOnLongRound:False candidateSizePenalty:True learnTimeLimit:00:00:00 scoreMeasure:RELERROR outputRoundsToStdout:False blacklisted: 
command: solver z3
command: vm /scratch/kaltenec/Distribution-Aware-Sampling/DistOut/ConstraintData/7z_disc/FeatureModel.xml
command: all /scratch/kaltenec/Distribution-Aware-Sampling/DistOut/ConstraintData/7z_disc/measurements.xml
Configs with too large deviation: 0
68640 configurations loaded.
command: nfp Performance
command: hybrid distribution-aware distance-metric:manhattan distribution:uniform onlyBinary:true selection:SolverSelection number-weight-optimization:1-1 numConfigs:4091 seed:22
command: learn-splconqueror
Learning: NumberOfConfigurationsLearning:4091 NumberOfConfigurationsValidation:4091
Learning progress:
1;10550.4978813559 * CompressionMethod + 563.819578961652 * BlockSize_1;178.491387671464;178.491387671464;178.491387671464;178.491387671464;3.54662;2;563.819578961652 * BlockSize_1;1;1.79769313486232E+308;
2;7274.41811866968 * CompressionMethod + 460.465133808262 * BlockSize_1 + 18353.8237149903 * x_10;121.996361934757;121.996361934757;121.996361934757;121.996361934757;6.709924;3;18353.8237149903 * x_10;1;56.4950257367068;
3;4638.35713558943 * CompressionMethod + 520.295612544664 * BlockSize_1 + 20985.1440317227 * x_10 + 12432.0005754307 * x_8;72.8544966058586;72.8544966058586;72.8544966058586;72.8544966058586;11.399679;4;12432.0005754307 * x_8;1;49.1418653288985;
4;3480.31971519793 * CompressionMethod + 350.725848111652 * BlockSize_1 + 21422.7455179859 * x_10 + 12011.4497541106 * x_8 + 8139.30530483255 * BZip2;54.5906453863142;54.5906453863142;54.5906453863142;54.5906453863142;18.474721;5;8139.30530483255 * BZip2;1;18.2638512195443;
5;3389.78100236109 * CompressionMethod + 62.8586350802035 * BlockSize_1 + 15580.1874415264 * x_10 + 11970.2948146247 * x_8 + 8922.69486664489 * BZip2 + 26268.4112014709 * x_10 * Deflate;46.1437258012468;46.1437258012468;46.1437258012468;46.1437258012468;28.909992;7;26268.4112014709 * x_10 * Deflate;2;4.2234597925337;
6;3505.66531258297 * CompressionMethod + 186.692699912716 * BlockSize_1 + 22099.9526332987 * x_10 + 12015.5994228366 * x_8 + 8050.97884907602 * BZip2 + 19620.6803272992 * x_10 * Deflate + -17955.1530951513 * x_10 * PPMd;42.0882428465475;42.0882428465475;42.0882428465475;42.0882428465475;42.202385;9;-17955.1530951513 * x_10 * PPMd;2;2.02774147734968;
7;3568.20885918879 * CompressionMethod + 172.218608107386 * BlockSize_1 + 22116.4662195155 * x_10 + 13549.2845305458 * x_8 + 7624.04289977466 * BZip2 + 19543.0353009928 * x_10 * Deflate + -18033.0215344424 * x_10 * PPMd + -10435.022809705 * x_8 * PPMd;38.8835472546297;38.8835472546297;38.8835472546297;38.8835472546297;59.148805;11;-10435.022809705 * x_8 * PPMd;2;1.60234779595888;
8;1887.38711818868 * CompressionMethod + 151.634245247366 * BlockSize_1 + 23582.5110779182 * x_10 + 14961.3082819336 * x_8 + 8806.60447082373 * BZip2 + 19759.820414113 * x_10 * Deflate + -17816.5541486162 * x_10 * PPMd + -10164.825882811 * x_8 * PPMd + 8520.12600345193 * x_6;35.6652643387236;35.6652643387236;35.6652643387236;35.6652643387236;79.237032;12;8520.12600345193 * x_6;1;3.2182829159061;
9;1886.64827864217 * CompressionMethod + 161.520405201394 * BlockSize_1 + 23582.5900804766 * x_10 + 14961.3301673333 * x_8 + 8806.46882163721 * BZip2 + 19759.5157476909 * x_10 * Deflate + -17816.7062184826 * x_10 * PPMd + -10164.7808036114 * x_8 * PPMd + 11118.9667468066 * x_6 + -10714.5947065621 * x_6 * PPMd;26.6738657191471;26.6738657191471;26.6738657191471;26.6738657191471;104.02818;14;-10714.5947065621 * x_6 * PPMd;2;4.49569930978825;
10;2765.581557856 * CompressionMethod + 209.077214821162 * BlockSize_1 + 15491.1928682589 * x_10 + 15232.2755177161 * x_8 + 3761.04565590437 * BZip2 + 26967.3399919516 * x_10 * Deflate + -10608.147917188 * x_10 * PPMd + -11317.8914493959 * x_8 * PPMd + 10236.4266309074 * x_6 + -10714.7423548468 * x_6 * PPMd + 44477.4013411014 * x_10 * BZip2;18.6233181111414;18.6233181111414;18.6233181111414;18.6233181111414;134.204346;16;44477.4013411014 * x_10 * BZip2;2;4.02527380400284;
11;2480.44488145251 * CompressionMethod + 208.460141872344 * BlockSize_1 + 15333.2331736088 * x_10 + 15087.8395927556 * x_8 + 4084.84575331755 * BZip2 + 27410.496565244 * x_10 * Deflate + -10165.0008686453 * x_10 * PPMd + -10888.2769110347 * x_8 * PPMd + 10278.688407289 * x_6 + -10471.8187385382 * x_6 * PPMd + 44596.744362691 * x_10 * BZip2 + 1005.58285322817 * LZMA2;15.542303507336;15.542303507336;15.542303507336;15.542303507336;169.629157;17;1005.58285322817 * LZMA2;1;3.0810146038054;
12;1725.68811059088 * CompressionMethod + 217.057069688403 * BlockSize_1 + 14278.71682963 * x_10 + 14624.4024786605 * x_8 + 4962.7223322182 * BZip2 + 29218.9309554192 * x_10 * Deflate + -8356.4337816928 * x_10 * PPMd + -9670.66728330846 * x_8 * PPMd + 10117.3159358745 * x_6 + -9556.3682010907 * x_6 * PPMd + 45527.4896162212 * x_10 * BZip2 + 2030.33913348249 * LZMA2 + 2426.33523568656 * LZMA;14.3002481556103;14.3002481556103;14.3002481556103;14.3002481556103;212.32477;18;2426.33523568656 * LZMA;1;1.2420553517257;
13;2343.06200956463 * CompressionMethod + 210.974846074488 * BlockSize_1 + 14994.9163768884 * x_10 + 14984.7795350729 * x_8 + 4249.55491679188 * BZip2 + 27885.9508968565 * x_10 * Deflate + -9689.50772163778 * x_10 * PPMd + -10648.0048836907 * x_8 * PPMd + 14564.8322729073 * x_6 + -14620.7782615485 * x_6 * PPMd + 44907.5443599316 * x_10 * BZip2 + 816.140372682393 * LZMA2 + 999.446246219539 * LZMA + -9062.09586967604 * x_6 * Deflate;9.7440618899135;9.7440618899135;9.7440618899135;9.7440618899135;263.379889;20;-9062.09586967604 * x_6 * Deflate;2;2.27809313284842;
Elapsed=00:04:23.4446714
average model: 
command: analyze-learning
Round, Model, LearningError, LearningErrorRel, ValidationError, ValidationErrorRel, ElapsedSeconds, ModelComplexity, BestCandidate, BestCandidateSize, BestCandidateScore, TestError
Models:
Termination reason: abortError
1;10550.4978813559 * CompressionMethod + 563.819578961652 * BlockSize_1;178.491387671464;178.491387671464;178.491387671464;178.491387671464;3.54662;2;563.819578961652 * BlockSize_1;1;1.79769313486232E+308;165.288245647473
2;7274.41811866968 * CompressionMethod + 460.465133808262 * BlockSize_1 + 18353.8237149903 * x_10;121.996361934757;121.996361934757;121.996361934757;121.996361934757;6.709924;3;18353.8237149903 * x_10;1;56.4950257367068;109.219906629351
3;4638.35713558943 * CompressionMethod + 520.295612544664 * BlockSize_1 + 20985.1440317227 * x_10 + 12432.0005754307 * x_8;72.8544966058586;72.8544966058586;72.8544966058586;72.8544966058586;11.399679;4;12432.0005754307 * x_8;1;49.1418653288985;67.2643681924323
4;3480.31971519793 * CompressionMethod + 350.725848111652 * BlockSize_1 + 21422.7455179859 * x_10 + 12011.4497541106 * x_8 + 8139.30530483255 * BZip2;54.5906453863142;54.5906453863142;54.5906453863142;54.5906453863142;18.474721;5;8139.30530483255 * BZip2;1;18.2638512195443;54.560085092915
5;3389.78100236109 * CompressionMethod + 62.8586350802035 * BlockSize_1 + 15580.1874415264 * x_10 + 11970.2948146247 * x_8 + 8922.69486664489 * BZip2 + 26268.4112014709 * x_10 * Deflate;46.1437258012468;46.1437258012468;46.1437258012468;46.1437258012468;28.909992;7;26268.4112014709 * x_10 * Deflate;2;4.2234597925337;48.837621373326
6;3505.66531258297 * CompressionMethod + 186.692699912716 * BlockSize_1 + 22099.9526332987 * x_10 + 12015.5994228366 * x_8 + 8050.97884907602 * BZip2 + 19620.6803272992 * x_10 * Deflate + -17955.1530951513 * x_10 * PPMd;42.0882428465475;42.0882428465475;42.0882428465475;42.0882428465475;42.202385;9;-17955.1530951513 * x_10 * PPMd;2;2.02774147734968;46.1863736958196
7;3568.20885918879 * CompressionMethod + 172.218608107386 * BlockSize_1 + 22116.4662195155 * x_10 + 13549.2845305458 * x_8 + 7624.04289977466 * BZip2 + 19543.0353009928 * x_10 * Deflate + -18033.0215344424 * x_10 * PPMd + -10435.022809705 * x_8 * PPMd;38.8835472546297;38.8835472546297;38.8835472546297;38.8835472546297;59.148805;11;-10435.022809705 * x_8 * PPMd;2;1.60234779595888;41.297254721798
8;1887.38711818868 * CompressionMethod + 151.634245247366 * BlockSize_1 + 23582.5110779182 * x_10 + 14961.3082819336 * x_8 + 8806.60447082373 * BZip2 + 19759.820414113 * x_10 * Deflate + -17816.5541486162 * x_10 * PPMd + -10164.825882811 * x_8 * PPMd + 8520.12600345193 * x_6;35.6652643387236;35.6652643387236;35.6652643387236;35.6652643387236;79.237032;12;8520.12600345193 * x_6;1;3.2182829159061;43.7512576695986
9;1886.64827864217 * CompressionMethod + 161.520405201394 * BlockSize_1 + 23582.5900804766 * x_10 + 14961.3301673333 * x_8 + 8806.46882163721 * BZip2 + 19759.5157476909 * x_10 * Deflate + -17816.7062184826 * x_10 * PPMd + -10164.7808036114 * x_8 * PPMd + 11118.9667468066 * x_6 + -10714.5947065621 * x_6 * PPMd;26.6738657191471;26.6738657191471;26.6738657191471;26.6738657191471;104.02818;14;-10714.5947065621 * x_6 * PPMd;2;4.49569930978825;35.4834724206697
10;2765.581557856 * CompressionMethod + 209.077214821162 * BlockSize_1 + 15491.1928682589 * x_10 + 15232.2755177161 * x_8 + 3761.04565590437 * BZip2 + 26967.3399919516 * x_10 * Deflate + -10608.147917188 * x_10 * PPMd + -11317.8914493959 * x_8 * PPMd + 10236.4266309074 * x_6 + -10714.7423548468 * x_6 * PPMd + 44477.4013411014 * x_10 * BZip2;18.6233181111414;18.6233181111414;18.6233181111414;18.6233181111414;134.204346;16;44477.4013411014 * x_10 * BZip2;2;4.02527380400284;21.8139255152949
11;2480.44488145251 * CompressionMethod + 208.460141872344 * BlockSize_1 + 15333.2331736088 * x_10 + 15087.8395927556 * x_8 + 4084.84575331755 * BZip2 + 27410.496565244 * x_10 * Deflate + -10165.0008686453 * x_10 * PPMd + -10888.2769110347 * x_8 * PPMd + 10278.688407289 * x_6 + -10471.8187385382 * x_6 * PPMd + 44596.744362691 * x_10 * BZip2 + 1005.58285322817 * LZMA2;15.542303507336;15.542303507336;15.542303507336;15.542303507336;169.629157;17;1005.58285322817 * LZMA2;1;3.0810146038054;19.3471747296112
12;1725.68811059088 * CompressionMethod + 217.057069688403 * BlockSize_1 + 14278.71682963 * x_10 + 14624.4024786605 * x_8 + 4962.7223322182 * BZip2 + 29218.9309554192 * x_10 * Deflate + -8356.4337816928 * x_10 * PPMd + -9670.66728330846 * x_8 * PPMd + 10117.3159358745 * x_6 + -9556.3682010907 * x_6 * PPMd + 45527.4896162212 * x_10 * BZip2 + 2030.33913348249 * LZMA2 + 2426.33523568656 * LZMA;14.3002481556103;14.3002481556103;14.3002481556103;14.3002481556103;212.32477;18;2426.33523568656 * LZMA;1;1.2420553517257;18.0568922623081
13;2343.06200956463 * CompressionMethod + 210.974846074488 * BlockSize_1 + 14994.9163768884 * x_10 + 14984.7795350729 * x_8 + 4249.55491679188 * BZip2 + 27885.9508968565 * x_10 * Deflate + -9689.50772163778 * x_10 * PPMd + -10648.0048836907 * x_8 * PPMd + 14564.8322729073 * x_6 + -14620.7782615485 * x_6 * PPMd + 44907.5443599316 * x_10 * BZip2 + 816.140372682393 * LZMA2 + 999.446246219539 * LZMA + -9062.09586967604 * x_6 * Deflate;9.7440618899135;9.7440618899135;9.7440618899135;9.7440618899135;263.379889;20;-9062.09586967604 * x_6 * Deflate;2;2.27809313284842;16.5108714409083
Analyze finished
command: measurementstocsv /scratch/kaltenec/Distribution-Aware-Sampling/Results_opt/7z_disc/7z_disc_22/sampledConfigurations_solv_2.csv
command: clean-sampling
command: clean-global
