Current machine learning settings: epsilon:0 lossFunction:RELATIVE parallelization:True bagging:False baggingNumbers:3 considerEpsilonTube:False baggingTestDataFraction:50 useBackward:False abortError:1 limitFeatureSize:False featureSizeTreshold:4 quadraticFunctionSupport:True crossValidation:False crossValidation-k:5 learn-logFunction:False learn-accumulatedLogFunction:False learn-asymFunction:False learn-ratioFunction:False learn-mirrowedFunction:False numberOfRounds:70 backwardErrorDelta:1 minImprovementPerRound:0.1 withHierarchy:False bruteForceCandidates:False ignoreBadFeatures:False stopOnLongRound:True candidateSizePenalty:True learnTimeLimit:00:00:00 scoreMeasure:RELERROR outputRoundsToStdout:False blacklisted: 
command: mlsettings bagging:False stopOnLongRound:False parallelization:True lossFunction:RELATIVE useBackward:False abortError:10 limitFeatureSize:False featureSizeTreshold:7 quadraticFunctionSupport:True crossValidation:False learn_logFunction:True numberOfRounds:70 backwardErrorDelta:1 minImprovementPerRound:0.25 withHierarchy:False
Current machine learning settings: epsilon:0 lossFunction:RELATIVE parallelization:True bagging:False baggingNumbers:3 considerEpsilonTube:False baggingTestDataFraction:50 useBackward:False abortError:10 limitFeatureSize:False featureSizeTreshold:7 quadraticFunctionSupport:True crossValidation:False crossValidation-k:5 learn-logFunction:True learn-accumulatedLogFunction:False learn-asymFunction:False learn-ratioFunction:False learn-mirrowedFunction:False numberOfRounds:70 backwardErrorDelta:1 minImprovementPerRound:0.25 withHierarchy:False bruteForceCandidates:False ignoreBadFeatures:False stopOnLongRound:False candidateSizePenalty:True learnTimeLimit:00:00:00 scoreMeasure:RELERROR outputRoundsToStdout:False blacklisted: 
command: solver z3
command: vm /scratch/kaltenec/Distribution-Aware-Sampling/DistOut/ConstraintData/JavaGC_disc/FeatureModel.xml
command: all /scratch/kaltenec/Distribution-Aware-Sampling/DistOut/ConstraintData/JavaGC_disc/measurements.xml
Configs with too large deviation: 0
193536 configurations loaded.
command: nfp Performance
command: binary satoutput henard:true numConfigs:3504 seed:2
command: learn-splconqueror
Learning: NumberOfConfigurationsLearning:3504 NumberOfConfigurationsValidation:3504
Learning progress:
1;89.4137031542917 * MaxTenuringThreshold + -56.9073581954435 * NewRatio_1;88.5353033142235;88.5353033142235;88.5353033142235;88.5353033142235;0.776086;2;-56.9073581954435 * NewRatio_1;1;1.79769313486232E+308;
2;45.237082865585 * MaxTenuringThreshold + -12.7307379067384 * NewRatio_1 + 223.263877387241 * NewRatio_32;53.5580968999677;53.5580968999677;53.5580968999677;53.5580968999677;2.412543;3;223.263877387241 * NewRatio_32;1;34.9772064142559;
3;45.2370828655839 * MaxTenuringThreshold + -12.7307379067363 * NewRatio_1 + 17.1882742177462 * NewRatio_32 + 421.403580358848 * NewRatio_32 * UseAdaptiveSizePolicy;26.5907180698447;26.5907180698447;26.5907180698447;26.5907180698447;5.205591;5;421.403580358848 * NewRatio_32 * UseAdaptiveSizePolicy;2;13.4836894150615;
4;35.5191885124395 * MaxTenuringThreshold + -12.941520049607 * NewRatio_1 + 26.906168570897 * NewRatio_32 + 399.618764209576 * NewRatio_32 * UseAdaptiveSizePolicy + 21.7848161492666 * UseAdaptiveSizePolicy;20.9830703204162;20.9830703204162;20.9830703204162;20.9830703204162;10.946294;6;21.7848161492666 * UseAdaptiveSizePolicy;1;5.60764774942844;
5;33.5168969411245 * MaxTenuringThreshold + -6.68104697029441 * NewRatio_1 + 28.9084601422082 * NewRatio_32 + 408.961771942692 * NewRatio_32 * UseAdaptiveSizePolicy + 12.4418084161509 * UseAdaptiveSizePolicy + 21.7559360894832 * UseAdaptiveSizePolicy * NewRatio_4;13.9526358435177;13.9526358435177;13.9526358435177;13.9526358435177;20.487609;8;21.7559360894832 * UseAdaptiveSizePolicy * NewRatio_4;2;3.51521723844924;
6;31.4850907644757 * MaxTenuringThreshold + -6.81190119508476 * NewRatio_1 + 28.6451050416892 * NewRatio_32 + 409.058877532522 * NewRatio_32 * UseAdaptiveSizePolicy + 12.2806500427055 * UseAdaptiveSizePolicy + 21.7014256400733 * UseAdaptiveSizePolicy * NewRatio_4 + 4.77692103216059 * DisableExplicitGC;12.6255164381254;12.6255164381254;12.6255164381254;12.6255164381254;33.398256;9;4.77692103216059 * DisableExplicitGC;1;1.32711940539233;
7;32.9217490876245 * MaxTenuringThreshold + -6.72833555703307 * NewRatio_1 + 28.7828552428179 * NewRatio_32 + 408.994550849483 * NewRatio_32 * UseAdaptiveSizePolicy + 12.3740658928589 * UseAdaptiveSizePolicy + 21.7648986041908 * UseAdaptiveSizePolicy * NewRatio_4 + 4.88430081841089 * DisableExplicitGC + -3.46880246603692 * UseAdaptiveGCBoundary;11.4377416045087;11.4377416045087;11.4377416045087;11.4377416045087;51.343139;10;-3.46880246603692 * UseAdaptiveGCBoundary;1;1.18777483361668;
8;32.2212897741701 * MaxTenuringThreshold + -4.7700648904547 * NewRatio_1 + 29.4031191590539 * NewRatio_32 + 411.926776357025 * NewRatio_32 * UseAdaptiveSizePolicy + 9.44021497603509 * UseAdaptiveSizePolicy + 25.3185403454395 * UseAdaptiveSizePolicy * NewRatio_4 + 4.91158123313584 * DisableExplicitGC + -3.32568137706155 * UseAdaptiveGCBoundary + 52.2178620891086 * UseAdaptiveSizePolicy * NewRatio_8;9.94778430721338;9.94778430721338;9.94778430721338;9.94778430721338;75.007777;12;52.2178620891086 * UseAdaptiveSizePolicy * NewRatio_8;2;0.744978648647676;
Elapsed=00:01:15.0786290
average model: 
command: analyze-learning
Round, Model, LearningError, LearningErrorRel, ValidationError, ValidationErrorRel, ElapsedSeconds, ModelComplexity, BestCandidate, BestCandidateSize, BestCandidateScore, TestError
Models:
Termination reason: abortError
1;89.4137031542917 * MaxTenuringThreshold + -56.9073581954435 * NewRatio_1;88.5353033142235;88.5353033142235;88.5353033142235;88.5353033142235;0.776086;2;-56.9073581954435 * NewRatio_1;1;1.79769313486232E+308;95.3610106108951
2;45.237082865585 * MaxTenuringThreshold + -12.7307379067384 * NewRatio_1 + 223.263877387241 * NewRatio_32;53.5580968999677;53.5580968999677;53.5580968999677;53.5580968999677;2.412543;3;223.263877387241 * NewRatio_32;1;34.9772064142559;63.3587844352099
3;45.2370828655839 * MaxTenuringThreshold + -12.7307379067363 * NewRatio_1 + 17.1882742177462 * NewRatio_32 + 421.403580358848 * NewRatio_32 * UseAdaptiveSizePolicy;26.5907180698447;26.5907180698447;26.5907180698447;26.5907180698447;5.205591;5;421.403580358848 * NewRatio_32 * UseAdaptiveSizePolicy;2;13.4836894150615;43.6122672338774
4;35.5191885124395 * MaxTenuringThreshold + -12.941520049607 * NewRatio_1 + 26.906168570897 * NewRatio_32 + 399.618764209576 * NewRatio_32 * UseAdaptiveSizePolicy + 21.7848161492666 * UseAdaptiveSizePolicy;20.9830703204162;20.9830703204162;20.9830703204162;20.9830703204162;10.946294;6;21.7848161492666 * UseAdaptiveSizePolicy;1;5.60764774942844;39.4326365587249
5;33.5168969411245 * MaxTenuringThreshold + -6.68104697029441 * NewRatio_1 + 28.9084601422082 * NewRatio_32 + 408.961771942692 * NewRatio_32 * UseAdaptiveSizePolicy + 12.4418084161509 * UseAdaptiveSizePolicy + 21.7559360894832 * UseAdaptiveSizePolicy * NewRatio_4;13.9526358435177;13.9526358435177;13.9526358435177;13.9526358435177;20.487609;8;21.7559360894832 * UseAdaptiveSizePolicy * NewRatio_4;2;3.51521723844924;35.6289814327866
6;31.4850907644757 * MaxTenuringThreshold + -6.81190119508476 * NewRatio_1 + 28.6451050416892 * NewRatio_32 + 409.058877532522 * NewRatio_32 * UseAdaptiveSizePolicy + 12.2806500427055 * UseAdaptiveSizePolicy + 21.7014256400733 * UseAdaptiveSizePolicy * NewRatio_4 + 4.77692103216059 * DisableExplicitGC;12.6255164381254;12.6255164381254;12.6255164381254;12.6255164381254;33.398256;9;4.77692103216059 * DisableExplicitGC;1;1.32711940539233;35.0067928289654
7;32.9217490876245 * MaxTenuringThreshold + -6.72833555703307 * NewRatio_1 + 28.7828552428179 * NewRatio_32 + 408.994550849483 * NewRatio_32 * UseAdaptiveSizePolicy + 12.3740658928589 * UseAdaptiveSizePolicy + 21.7648986041908 * UseAdaptiveSizePolicy * NewRatio_4 + 4.88430081841089 * DisableExplicitGC + -3.46880246603692 * UseAdaptiveGCBoundary;11.4377416045087;11.4377416045087;11.4377416045087;11.4377416045087;51.343139;10;-3.46880246603692 * UseAdaptiveGCBoundary;1;1.18777483361668;34.3042407596015
8;32.2212897741701 * MaxTenuringThreshold + -4.7700648904547 * NewRatio_1 + 29.4031191590539 * NewRatio_32 + 411.926776357025 * NewRatio_32 * UseAdaptiveSizePolicy + 9.44021497603509 * UseAdaptiveSizePolicy + 25.3185403454395 * UseAdaptiveSizePolicy * NewRatio_4 + 4.91158123313584 * DisableExplicitGC + -3.32568137706155 * UseAdaptiveGCBoundary + 52.2178620891086 * UseAdaptiveSizePolicy * NewRatio_8;9.94778430721338;9.94778430721338;9.94778430721338;9.94778430721338;75.007777;12;52.2178620891086 * UseAdaptiveSizePolicy * NewRatio_8;2;0.744978648647676;30.3156163887703
Analyze finished
command: clean-sampling
command: clean-global
command: script /scratch/kaltenec/Distribution-Aware-Sampling/Results_newTry/JavaGC_disc/JavaGC_disc_2/learn_henard_1.a
command: log /scratch/kaltenec/Distribution-Aware-Sampling/Results_newTry/JavaGC_disc/JavaGC_disc_2/out_henard_1.log
