Current machine learning settings: epsilon:0 lossFunction:RELATIVE parallelization:True bagging:False baggingNumbers:3 considerEpsilonTube:False baggingTestDataFraction:50 useBackward:False abortError:1 limitFeatureSize:False featureSizeTreshold:4 quadraticFunctionSupport:True crossValidation:False crossValidation-k:5 learn-logFunction:False learn-accumulatedLogFunction:False learn-asymFunction:False learn-ratioFunction:False learn-mirrowedFunction:False numberOfRounds:70 backwardErrorDelta:1 minImprovementPerRound:0.1 withHierarchy:False bruteForceCandidates:False ignoreBadFeatures:False stopOnLongRound:True candidateSizePenalty:True learnTimeLimit:00:00:00 scoreMeasure:RELERROR outputRoundsToStdout:False blacklisted: 
command: mlsettings bagging:False stopOnLongRound:False parallelization:True lossFunction:RELATIVE useBackward:False abortError:10 limitFeatureSize:False featureSizeTreshold:7 quadraticFunctionSupport:True crossValidation:False learn_logFunction:True numberOfRounds:70 backwardErrorDelta:1 minImprovementPerRound:0.25 withHierarchy:False
Current machine learning settings: epsilon:0 lossFunction:RELATIVE parallelization:True bagging:False baggingNumbers:3 considerEpsilonTube:False baggingTestDataFraction:50 useBackward:False abortError:10 limitFeatureSize:False featureSizeTreshold:7 quadraticFunctionSupport:True crossValidation:False crossValidation-k:5 learn-logFunction:True learn-accumulatedLogFunction:False learn-asymFunction:False learn-ratioFunction:False learn-mirrowedFunction:False numberOfRounds:70 backwardErrorDelta:1 minImprovementPerRound:0.25 withHierarchy:False bruteForceCandidates:False ignoreBadFeatures:False stopOnLongRound:False candidateSizePenalty:True learnTimeLimit:00:00:00 scoreMeasure:RELERROR outputRoundsToStdout:False blacklisted: 
command: solver z3
command: vm /scratch/kaltenec/Distribution-Aware-Sampling/DistOut/ConstraintData/VP9_disc/FeatureModel.xml
command: all /scratch/kaltenec/Distribution-Aware-Sampling/DistOut/ConstraintData/VP9_disc/measurements.xml
Configs with too large deviation: 0
216000 configurations loaded.
command: nfp Performance
command: binary satoutput numConfigs:31 seed:66
command: learn-splconqueror
Learning: NumberOfConfigurationsLearning:31 NumberOfConfigurationsValidation:31
Learning progress:
1;20.168 * Quality + -14.318 * cpuUsed_4;1037.60618816996;1037.60618816996;1037.60618816996;1037.60618816996;0.08847;2;-14.318 * cpuUsed_4;1;1.79769313486232E+308;
2;33.5341176470588 * Quality + -27.6841176470588 * cpuUsed_4 + -30.844886877828 * cpuUsed_8;140.532294315224;140.532294315224;140.532294315224;140.532294315224;0.10897;3;-30.844886877828 * cpuUsed_8;1;897.073893854736;
3;33.5341176470588 * Quality + -27.6841176470588 * cpuUsed_4 + -28.8324509803922 * cpuUsed_8 + -3.73738095238097 * realtime;67.2919066183921;67.2919066183921;67.2919066183921;67.2919066183921;0.155276;4;-3.73738095238097 * realtime;1;73.2403876968323;
4;33.5341176470588 * Quality + -27.6841176470588 * cpuUsed_4 + -29.4448988970588 * cpuUsed_8 + -4.17484375000002 * realtime + 1.83734374999995 * lossless;47.3553336091193;47.3553336091193;47.3553336091193;47.3553336091193;0.218439;5;1.83734374999995 * lossless;1;19.9365730092728;
5;10.03 * Quality + -4.17999999999998 * cpuUsed_4 + -5.94078124999999 * cpuUsed_8 + -4.17484375 * realtime + 1.83734375 * lossless + 26.638 * cpuUsed_0;32.0974520565099;32.0974520565099;32.0974520565099;32.0974520565099;0.317776;6;26.638 * cpuUsed_0;1;15.2578815526094;
6;10.03 * Quality + -4.18 * cpuUsed_4 + -6.19250000000001 * cpuUsed_8 + -3.58749999999998 * realtime + 2.59249999999999 * lossless + 26.638 * cpuUsed_0 + -1.34250000000002 * lossless * realtime;16.5563826190423;16.5563826190423;16.5563826190423;16.5563826190423;0.45751;8;-1.34250000000002 * lossless * realtime;2;7.77053471873382;
7;10.03 * Quality + -4.17999999999998 * cpuUsed_4 + -6.19250000000001 * cpuUsed_8 + -3.5875 * realtime + 2.59249999999997 * lossless + 38.3866666666667 * cpuUsed_0 + -1.34249999999999 * lossless * realtime + -14.6858333333333 * Threads_2;12.2716061167777;12.2716061167777;12.2716061167777;12.2716061167777;0.665468;9;-14.6858333333333 * Threads_2;1;4.28477650226457;
8;5.68000000000001 * Quality + 0.169999999999987 * cpuUsed_4 + -1.84250000000001 * cpuUsed_8 + -3.5875 * realtime + 2.59250000000003 * lossless + 42.7366666666667 * cpuUsed_0 + -1.34250000000002 * lossless * realtime + -14.6858333333333 * Threads_2 + 8.69999999999997 * cpuUsed_2;8.82532047976486;8.82532047976486;8.82532047976486;8.82532047976486;0.928884;10;8.69999999999997 * cpuUsed_2;1;3.44628563701283;
Elapsed=00:00:00.9310210
average model: 
command: analyze-learning
Round, Model, LearningError, LearningErrorRel, ValidationError, ValidationErrorRel, ElapsedSeconds, ModelComplexity, BestCandidate, BestCandidateSize, BestCandidateScore, TestError
Models:
Termination reason: abortError
1;20.168 * Quality + -14.318 * cpuUsed_4;1037.60618816996;1037.60618816996;1037.60618816996;1037.60618816996;0.08847;2;-14.318 * cpuUsed_4;1;1.79769313486232E+308;753.008583892852
2;33.5341176470588 * Quality + -27.6841176470588 * cpuUsed_4 + -30.844886877828 * cpuUsed_8;140.532294315224;140.532294315224;140.532294315224;140.532294315224;0.10897;3;-30.844886877828 * cpuUsed_8;1;897.073893854736;673.823281545937
3;33.5341176470588 * Quality + -27.6841176470588 * cpuUsed_4 + -28.8324509803922 * cpuUsed_8 + -3.73738095238097 * realtime;67.2919066183921;67.2919066183921;67.2919066183921;67.2919066183921;0.155276;4;-3.73738095238097 * realtime;1;73.2403876968323;588.26353665155
4;33.5341176470588 * Quality + -27.6841176470588 * cpuUsed_4 + -29.4448988970588 * cpuUsed_8 + -4.17484375000002 * realtime + 1.83734374999995 * lossless;47.3553336091193;47.3553336091193;47.3553336091193;47.3553336091193;0.218439;5;1.83734374999995 * lossless;1;19.9365730092728;581.894570014351
5;10.03 * Quality + -4.17999999999998 * cpuUsed_4 + -5.94078124999999 * cpuUsed_8 + -4.17484375 * realtime + 1.83734375 * lossless + 26.638 * cpuUsed_0;32.0974520565099;32.0974520565099;32.0974520565099;32.0974520565099;0.317776;6;26.638 * cpuUsed_0;1;15.2578815526094;138.520222886786
6;10.03 * Quality + -4.18 * cpuUsed_4 + -6.19250000000001 * cpuUsed_8 + -3.58749999999998 * realtime + 2.59249999999999 * lossless + 26.638 * cpuUsed_0 + -1.34250000000002 * lossless * realtime;16.5563826190423;16.5563826190423;16.5563826190423;16.5563826190423;0.45751;8;-1.34250000000002 * lossless * realtime;2;7.77053471873382;140.802150099391
7;10.03 * Quality + -4.17999999999998 * cpuUsed_4 + -6.19250000000001 * cpuUsed_8 + -3.5875 * realtime + 2.59249999999997 * lossless + 38.3866666666667 * cpuUsed_0 + -1.34249999999999 * lossless * realtime + -14.6858333333333 * Threads_2;12.2716061167777;12.2716061167777;12.2716061167777;12.2716061167777;0.665468;9;-14.6858333333333 * Threads_2;1;4.28477650226457;212.478750690109
8;5.68000000000001 * Quality + 0.169999999999987 * cpuUsed_4 + -1.84250000000001 * cpuUsed_8 + -3.5875 * realtime + 2.59250000000003 * lossless + 42.7366666666667 * cpuUsed_0 + -1.34250000000002 * lossless * realtime + -14.6858333333333 * Threads_2 + 8.69999999999997 * cpuUsed_2;8.82532047976486;8.82532047976486;8.82532047976486;8.82532047976486;0.928884;10;8.69999999999997 * cpuUsed_2;1;3.44628563701283;164.077473877328
Analyze finished
command: clean-sampling
command: clean-global
command: script /scratch/kaltenec/Distribution-Aware-Sampling/Results_newTry/VP9_disc/VP9_disc_66/learn_semi_1.a
command: log /scratch/kaltenec/Distribution-Aware-Sampling/Results_newTry/VP9_disc/VP9_disc_66/out_semi_1.log
