Current machine learning settings: epsilon:0 lossFunction:RELATIVE parallelization:True bagging:False baggingNumbers:3 baggingTestDataFraction:50 useBackward:False abortError:1 limitFeatureSize:False featureSizeTreshold:4 quadraticFunctionSupport:True crossValidation:False crossValidation-k:5 learn-logFunction:False learn-accumulatedLogFunction:False learn-asymFunction:False learn-ratioFunction:False learn-mirrowedFunction:False numberOfRounds:70 backwardErrorDelta:1 minImprovementPerRound:0.1 withHierarchy:False bruteForceCandidates:False ignoreBadFeatures:False stopOnLongRound:True candidateSizePenalty:True learnTimeLimit:00:00:00 scoreMeasure:RELERROR outputRoundsToStdout:False blacklisted: 
command: mlsettings bagging:False stopOnLongRound:False parallelization:True lossFunction:RELATIVE useBackward:False abortError:10 limitFeatureSize:False featureSizeTreshold:7 quadraticFunctionSupport:True crossValidation:False learn_logFunction:True numberOfRounds:70 backwardErrorDelta:1 minImprovementPerRound:0.25 withHierarchy:False
Current machine learning settings: epsilon:0 lossFunction:RELATIVE parallelization:True bagging:False baggingNumbers:3 baggingTestDataFraction:50 useBackward:False abortError:10 limitFeatureSize:False featureSizeTreshold:7 quadraticFunctionSupport:True crossValidation:False crossValidation-k:5 learn-logFunction:True learn-accumulatedLogFunction:False learn-asymFunction:False learn-ratioFunction:False learn-mirrowedFunction:False numberOfRounds:70 backwardErrorDelta:1 minImprovementPerRound:0.25 withHierarchy:False bruteForceCandidates:False ignoreBadFeatures:False stopOnLongRound:False candidateSizePenalty:True learnTimeLimit:00:00:00 scoreMeasure:RELERROR outputRoundsToStdout:False blacklisted: 
command: solver z3
command: vm ../FeatureModel.xml
command: all ../measurements.xml
Configs with too large deviation: 0
68640 configurations loaded.
command: nfp Performance
command: binary random numConfigs:4091 seed:49 fromFile:../allConfigurations.csv
command: learn-splconqueror
Learning: NumberOfConfigurationsLearning:4091 NumberOfConfigurationsValidation:4091
Learning progress:
1;11137.9201680672 * CompressionMethod + 832.079831932781 * BlockSize_1;179.160183752116;179.160183752116;179.160183752116;179.160183752116;0.375005;2;832.079831932781 * BlockSize_1;1;1.79769313486232E+308;
2;7374.69491138756 * CompressionMethod + 1045.96017494475 * BlockSize_1 + 22321.4357903991 * x_10;116.627267308401;116.627267308401;116.627267308401;116.627267308401;1.1093871;3;22321.4357903991 * x_10;1;62.5329164437157;
3;5064.95535809751 * CompressionMethod + 674.266812640231 * BlockSize_1 + 24655.5220704786 * x_10 + 11675.2077233881 * x_8;76.5642349410169;76.5642349410169;76.5642349410169;76.5642349410169;3.3750366;4;11675.2077233881 * x_8;1;40.0630323673837;
4;3406.10871801658 * CompressionMethod + 581.709603165947 * BlockSize_1 + 24875.633890225 * x_10 + 11637.1000389819 * x_8 + 8411.66013555615 * BZip2;56.1465176708626;56.1465176708626;56.1465176708626;56.1465176708626;6.474299;5;8411.66013555615 * BZip2;1;20.4177172701543;
5;3608.69153316074 * CompressionMethod + 630.307376152961 * BlockSize_1 + 30487.7998563997 * x_10 + 11641.238925974 * x_8 + 7371.81263959831 * BZip2 + -26355.2197824978 * x_10 * PPMd;49.3075580709055;49.3075580709055;49.3075580709055;49.3075580709055;11.5056012;7;-26355.2197824978 * x_10 * PPMd;2;3.41947979997854;
6;2018.08504572012 * CompressionMethod + 614.10346543811 * BlockSize_1 + 32099.3919553061 * x_10 + 13251.6649499855 * x_8 + 7280.58303521721 * BZip2 + -26375.1030871107 * x_10 * PPMd + 6611.37757739423 * x_6;44.91230279373;44.91230279373;44.91230279373;44.91230279373;17.7400381;8;6611.37757739423 * x_6;1;4.39525527717549;
7;2090.09885181854 * CompressionMethod + 599.427672252646 * BlockSize_1 + 32108.4735477298 * x_10 + 13255.1796868842 * x_8 + 6913.82148911122 * BZip2 + -26455.200132355 * x_10 * PPMd + 8280.0846324871 * x_6 + -7761.20354804006 * x_6 * PPMd;37.2173500023684;37.2173500023684;37.2173500023684;37.2173500023684;27.759078;10;-7761.20354804006 * x_6 * PPMd;2;3.84747639568079;
8;2177.84789949151 * CompressionMethod + 460.476848664335 * BlockSize_1 + 32118.3027407779 * x_10 + 15103.5025749164 * x_8 + 6508.49122501413 * BZip2 + -26543.3259360966 * x_10 * PPMd + 8310.85471460823 * x_6 + -7870.91593549413 * x_6 * PPMd + -10910.853614339 * x_8 * PPMd;32.057606677818;32.057606677818;32.057606677818;32.057606677818;39.6341991;12;-10910.853614339 * x_8 * PPMd;2;2.57987166227518;
9;2394.09566024171 * CompressionMethod + 169.112596640298 * BlockSize_1 + 37494.1421304712 * x_10 + 15160.8145868544 * x_8 + 5492.06645153465 * BZip2 + -32115.5923891242 * x_10 * PPMd + 8387.86718679542 * x_6 + -8145.70942006366 * x_6 * PPMd + -11169.2117738785 * x_8 * PPMd + -21726.2495424686 * x_10 * LZMA2;27.6908126446023;27.6908126446023;27.6908126446023;27.6908126446023;55.9331164;14;-21726.2495424686 * x_10 * LZMA2;2;2.18339701660785;
10;2809.86644412578 * CompressionMethod + 402.341141117612 * BlockSize_1 + 49257.9720705372 * x_10 + 15267.3381777859 * x_8 + 3265.39947059618 * BZip2 + -44311.0590004538 * x_10 * PPMd + 8554.31741966778 * x_6 + -8742.7125276683 * x_6 * PPMd + -11703.6745944929 * x_8 * PPMd + -33914.6182568098 * x_10 * LZMA2 + -33822.644944111 * x_10 * LZMA;21.833127891086;21.833127891086;21.833127891086;21.833127891086;74.6215405;16;-33822.644944111 * x_10 * LZMA;2;2.92884237675817;
11;2981.76473753769 * CompressionMethod + 406.421338711805 * BlockSize_1 + 49130.8289105022 * x_10 + 15120.0144471367 * x_8 + 3163.12981549555 * BZip2 + -43605.2211740972 * x_10 * PPMd + 8409.61848249491 * x_6 + -8019.29996378438 * x_6 * PPMd + -10977.5915129344 * x_8 * PPMd + -33959.5267810741 * x_10 * LZMA2 + -33867.7523247634 * x_10 * LZMA + -750.870524194495 * PPMd;20.3125425205116;20.3125425205116;20.3125425205116;20.3125425205116;97.2586872;17;-750.870524194495 * PPMd;1;1.52058537057441;
12;2867.27328333666 * CompressionMethod + 427.920051144204 * BlockSize_1 + 49038.9852137521 * x_10 + 15119.147770769 * x_8 + 3628.47594796487 * BZip2 + -43513.3484373257 * x_10 * PPMd + 6486.62393257293 * x_6 + -6096.17647084753 * x_6 * PPMd + -10976.3549710551 * x_8 * PPMd + -33753.9998523958 * x_10 * LZMA2 + -33663.2731777642 * x_10 * LZMA + -637.870607458757 * PPMd + 7778.18590589337 * x_6 * LZMA2;18.413833824154;18.413833824154;18.413833824154;18.413833824154;124.1964661;19;7778.18590589337 * x_6 * LZMA2;2;0.949354348178781;
13;2655.99451915078 * CompressionMethod + 428.064729438415 * BlockSize_1 + 49177.1536065704 * x_10 + 15107.3134541641 * x_8 + 3794.50116251571 * BZip2 + -43651.516634715 * x_10 * PPMd + 6638.74854655733 * x_6 + -6248.30021709333 * x_6 * PPMd + -10964.5181653925 * x_8 * PPMd + -34398.6955464833 * x_10 * LZMA2 + -33590.1752966082 * x_10 * LZMA + -426.601880762438 * PPMd + 7119.53038727885 * x_6 * LZMA2 + 717.800626422947 * LZMA2;17.1622037187823;17.1622037187823;17.1622037187823;17.1622037187823;154.5405269;20;717.800626422947 * LZMA2;1;1.25163010537169;
14;2357.1577443327 * CompressionMethod + 272.29509621397 * BlockSize_1 + 49060.3937811909 * x_10 + 15104.975745949 * x_8 + 4762.15999515019 * BZip2 + -43534.9672197711 * x_10 * PPMd + 3006.04401720923 * x_6 + -2616.52994863406 * x_6 * PPMd + -10964.8603300004 * x_8 * PPMd + -34287.7729461076 * x_10 * LZMA2 + -33161.13095829 * x_10 * LZMA + -116.95812182155 * PPMd + 10750.277292451 * x_6 * LZMA2 + 1028.3306274936 * LZMA2 + 11685.8268239584 * x_6 * LZMA;15.2883030450626;15.2883030450626;15.2883030450626;15.2883030450626;191.074071;22;11685.8268239584 * x_6 * LZMA;2;0.93695033685986;
15;1600.00588723608 * CompressionMethod + 323.883606145061 * BlockSize_1 + 49550.0000397181 * x_10 + 15119.3997378296 * x_8 + 5361.93649716906 * BZip2 + -44024.5037935946 * x_10 * PPMd + 3451.4527623888 * x_6 + -3061.62928095806 * x_6 * PPMd + -10978.3967891654 * x_8 * PPMd + -34771.7720462116 * x_10 * LZMA2 + -34497.2800896119 * x_10 * LZMA + 636.614628127103 * PPMd + 10309.1908414917 * x_6 * LZMA2 + 1777.9359085 * LZMA2 + 10393.2126744348 * x_6 * LZMA + 1599.24104557978 * LZMA;12.4735717813409;12.4735717813409;12.4735717813409;12.4735717813409;233.1595516;23;1599.24104557978 * LZMA;1;2.8147312637217;
16;1658.92228260568 * CompressionMethod + 340.321097561756 * BlockSize_1 + 49417.9325396507 * x_10 + 15039.0117696737 * x_8 + 5525.56888033467 * BZip2 + -43892.4140900998 * x_10 * PPMd + 3307.34690560007 * x_6 + -2917.424836885 * x_6 * PPMd + -10897.726029136 * x_8 * PPMd + -34660.7921095479 * x_10 * LZMA2 + -34385.3093409478 * x_10 * LZMA + 576.557832635749 * PPMd + 10431.7997424664 * x_6 * LZMA2 + 1739.48912572992 * LZMA2 + 10517.0106793875 * x_6 * LZMA + 1559.00233760759 * LZMA + -992.631279347819 * BZip2 * x_0;12.1610542080628;12.1610542080628;12.1610542080628;12.1610542080628;282.6600585;25;-992.631279347819 * BZip2 * x_0;2;0.156258786639047;
Elapsed=00:04:42.7164340
average model: 

command: analyze-learning
Round, Model, LearningError, LearningErrorRel, ValidationError, ValidationErrorRel, ElapsedSeconds, ModelComplexity, BestCandidate, BestCandidateSize, BestCandidateScore, TestError
Models:
Termination reason: minImprovementPerRound
1;11137.9201680672 * CompressionMethod + 832.079831932781 * BlockSize_1;179.160183752116;179.160183752116;179.160183752116;179.160183752116;0.375005;2;832.079831932781 * BlockSize_1;1;1.79769313486232E+308;176.683088130919
2;7374.69491138756 * CompressionMethod + 1045.96017494475 * BlockSize_1 + 22321.4357903991 * x_10;116.627267308401;116.627267308401;116.627267308401;116.627267308401;1.1093871;3;22321.4357903991 * x_10;1;62.5329164437157;114.536362884193
3;5064.95535809751 * CompressionMethod + 674.266812640231 * BlockSize_1 + 24655.5220704786 * x_10 + 11675.2077233881 * x_8;76.5642349410169;76.5642349410169;76.5642349410169;76.5642349410169;3.3750366;4;11675.2077233881 * x_8;1;40.0630323673837;76.2590170843725
4;3406.10871801658 * CompressionMethod + 581.709603165947 * BlockSize_1 + 24875.633890225 * x_10 + 11637.1000389819 * x_8 + 8411.66013555615 * BZip2;56.1465176708626;56.1465176708626;56.1465176708626;56.1465176708626;6.474299;5;8411.66013555615 * BZip2;1;20.4177172701543;56.5764258015706
5;3608.69153316074 * CompressionMethod + 630.307376152961 * BlockSize_1 + 30487.7998563997 * x_10 + 11641.238925974 * x_8 + 7371.81263959831 * BZip2 + -26355.2197824978 * x_10 * PPMd;49.3075580709055;49.3075580709055;49.3075580709055;49.3075580709055;11.5056012;7;-26355.2197824978 * x_10 * PPMd;2;3.41947979997854;50.3221950896591
6;2018.08504572012 * CompressionMethod + 614.10346543811 * BlockSize_1 + 32099.3919553061 * x_10 + 13251.6649499855 * x_8 + 7280.58303521721 * BZip2 + -26375.1030871107 * x_10 * PPMd + 6611.37757739423 * x_6;44.91230279373;44.91230279373;44.91230279373;44.91230279373;17.7400381;8;6611.37757739423 * x_6;1;4.39525527717549;45.4711619607378
7;2090.09885181854 * CompressionMethod + 599.427672252646 * BlockSize_1 + 32108.4735477298 * x_10 + 13255.1796868842 * x_8 + 6913.82148911122 * BZip2 + -26455.200132355 * x_10 * PPMd + 8280.0846324871 * x_6 + -7761.20354804006 * x_6 * PPMd;37.2173500023684;37.2173500023684;37.2173500023684;37.2173500023684;27.759078;10;-7761.20354804006 * x_6 * PPMd;2;3.84747639568079;38.1041207057645
8;2177.84789949151 * CompressionMethod + 460.476848664335 * BlockSize_1 + 32118.3027407779 * x_10 + 15103.5025749164 * x_8 + 6508.49122501413 * BZip2 + -26543.3259360966 * x_10 * PPMd + 8310.85471460823 * x_6 + -7870.91593549413 * x_6 * PPMd + -10910.853614339 * x_8 * PPMd;32.057606677818;32.057606677818;32.057606677818;32.057606677818;39.6341991;12;-10910.853614339 * x_8 * PPMd;2;2.57987166227518;32.2850353516155
9;2394.09566024171 * CompressionMethod + 169.112596640298 * BlockSize_1 + 37494.1421304712 * x_10 + 15160.8145868544 * x_8 + 5492.06645153465 * BZip2 + -32115.5923891242 * x_10 * PPMd + 8387.86718679542 * x_6 + -8145.70942006366 * x_6 * PPMd + -11169.2117738785 * x_8 * PPMd + -21726.2495424686 * x_10 * LZMA2;27.6908126446023;27.6908126446023;27.6908126446023;27.6908126446023;55.9331164;14;-21726.2495424686 * x_10 * LZMA2;2;2.18339701660785;27.7864838536211
10;2809.86644412578 * CompressionMethod + 402.341141117612 * BlockSize_1 + 49257.9720705372 * x_10 + 15267.3381777859 * x_8 + 3265.39947059618 * BZip2 + -44311.0590004538 * x_10 * PPMd + 8554.31741966778 * x_6 + -8742.7125276683 * x_6 * PPMd + -11703.6745944929 * x_8 * PPMd + -33914.6182568098 * x_10 * LZMA2 + -33822.644944111 * x_10 * LZMA;21.833127891086;21.833127891086;21.833127891086;21.833127891086;74.6215405;16;-33822.644944111 * x_10 * LZMA;2;2.92884237675817;21.7730364687122
11;2981.76473753769 * CompressionMethod + 406.421338711805 * BlockSize_1 + 49130.8289105022 * x_10 + 15120.0144471367 * x_8 + 3163.12981549555 * BZip2 + -43605.2211740972 * x_10 * PPMd + 8409.61848249491 * x_6 + -8019.29996378438 * x_6 * PPMd + -10977.5915129344 * x_8 * PPMd + -33959.5267810741 * x_10 * LZMA2 + -33867.7523247634 * x_10 * LZMA + -750.870524194495 * PPMd;20.3125425205116;20.3125425205116;20.3125425205116;20.3125425205116;97.2586872;17;-750.870524194495 * PPMd;1;1.52058537057441;20.4651398468473
12;2867.27328333666 * CompressionMethod + 427.920051144204 * BlockSize_1 + 49038.9852137521 * x_10 + 15119.147770769 * x_8 + 3628.47594796487 * BZip2 + -43513.3484373257 * x_10 * PPMd + 6486.62393257293 * x_6 + -6096.17647084753 * x_6 * PPMd + -10976.3549710551 * x_8 * PPMd + -33753.9998523958 * x_10 * LZMA2 + -33663.2731777642 * x_10 * LZMA + -637.870607458757 * PPMd + 7778.18590589337 * x_6 * LZMA2;18.413833824154;18.413833824154;18.413833824154;18.413833824154;124.1964661;19;7778.18590589337 * x_6 * LZMA2;2;0.949354348178781;18.5616711586922
13;2655.99451915078 * CompressionMethod + 428.064729438415 * BlockSize_1 + 49177.1536065704 * x_10 + 15107.3134541641 * x_8 + 3794.50116251571 * BZip2 + -43651.516634715 * x_10 * PPMd + 6638.74854655733 * x_6 + -6248.30021709333 * x_6 * PPMd + -10964.5181653925 * x_8 * PPMd + -34398.6955464833 * x_10 * LZMA2 + -33590.1752966082 * x_10 * LZMA + -426.601880762438 * PPMd + 7119.53038727885 * x_6 * LZMA2 + 717.800626422947 * LZMA2;17.1622037187823;17.1622037187823;17.1622037187823;17.1622037187823;154.5405269;20;717.800626422947 * LZMA2;1;1.25163010537169;17.2822186390703
14;2357.1577443327 * CompressionMethod + 272.29509621397 * BlockSize_1 + 49060.3937811909 * x_10 + 15104.975745949 * x_8 + 4762.15999515019 * BZip2 + -43534.9672197711 * x_10 * PPMd + 3006.04401720923 * x_6 + -2616.52994863406 * x_6 * PPMd + -10964.8603300004 * x_8 * PPMd + -34287.7729461076 * x_10 * LZMA2 + -33161.13095829 * x_10 * LZMA + -116.95812182155 * PPMd + 10750.277292451 * x_6 * LZMA2 + 1028.3306274936 * LZMA2 + 11685.8268239584 * x_6 * LZMA;15.2883030450626;15.2883030450626;15.2883030450626;15.2883030450626;191.074071;22;11685.8268239584 * x_6 * LZMA;2;0.93695033685986;15.2632649589872
15;1600.00588723608 * CompressionMethod + 323.883606145061 * BlockSize_1 + 49550.0000397181 * x_10 + 15119.3997378296 * x_8 + 5361.93649716906 * BZip2 + -44024.5037935946 * x_10 * PPMd + 3451.4527623888 * x_6 + -3061.62928095806 * x_6 * PPMd + -10978.3967891654 * x_8 * PPMd + -34771.7720462116 * x_10 * LZMA2 + -34497.2800896119 * x_10 * LZMA + 636.614628127103 * PPMd + 10309.1908414917 * x_6 * LZMA2 + 1777.9359085 * LZMA2 + 10393.2126744348 * x_6 * LZMA + 1599.24104557978 * LZMA;12.4735717813409;12.4735717813409;12.4735717813409;12.4735717813409;233.1595516;23;1599.24104557978 * LZMA;1;2.8147312637217;12.5991813106324
16;1658.92228260568 * CompressionMethod + 340.321097561756 * BlockSize_1 + 49417.9325396507 * x_10 + 15039.0117696737 * x_8 + 5525.56888033467 * BZip2 + -43892.4140900998 * x_10 * PPMd + 3307.34690560007 * x_6 + -2917.424836885 * x_6 * PPMd + -10897.726029136 * x_8 * PPMd + -34660.7921095479 * x_10 * LZMA2 + -34385.3093409478 * x_10 * LZMA + 576.557832635749 * PPMd + 10431.7997424664 * x_6 * LZMA2 + 1739.48912572992 * LZMA2 + 10517.0106793875 * x_6 * LZMA + 1559.00233760759 * LZMA + -992.631279347819 * BZip2 * x_0;12.1610542080628;12.1610542080628;12.1610542080628;12.1610542080628;282.6600585;25;-992.631279347819 * BZip2 * x_0;2;0.156258786639047;12.2785065490335
Analyze finished
command: measurementstocsv ./sampledConfigurations_rand_2.csv
command: clean-sampling
command: clean-global
