Current machine learning settings: epsilon:0 lossFunction:RELATIVE parallelization:True bagging:False baggingNumbers:3 baggingTestDataFraction:50 useBackward:False abortError:1 limitFeatureSize:False featureSizeTreshold:4 quadraticFunctionSupport:True crossValidation:False crossValidation-k:5 learn-logFunction:False learn-accumulatedLogFunction:False learn-asymFunction:False learn-ratioFunction:False learn-mirrowedFunction:False numberOfRounds:70 backwardErrorDelta:1 minImprovementPerRound:0.1 withHierarchy:False bruteForceCandidates:False ignoreBadFeatures:False stopOnLongRound:True candidateSizePenalty:True learnTimeLimit:00:00:00 scoreMeasure:RELERROR outputRoundsToStdout:False blacklisted: 
command: mlsettings bagging:False stopOnLongRound:False parallelization:True lossFunction:RELATIVE useBackward:False abortError:10 limitFeatureSize:False featureSizeTreshold:7 quadraticFunctionSupport:True crossValidation:False learn_logFunction:True numberOfRounds:70 backwardErrorDelta:1 minImprovementPerRound:0.25 withHierarchy:False
Current machine learning settings: epsilon:0 lossFunction:RELATIVE parallelization:True bagging:False baggingNumbers:3 baggingTestDataFraction:50 useBackward:False abortError:10 limitFeatureSize:False featureSizeTreshold:7 quadraticFunctionSupport:True crossValidation:False crossValidation-k:5 learn-logFunction:True learn-accumulatedLogFunction:False learn-asymFunction:False learn-ratioFunction:False learn-mirrowedFunction:False numberOfRounds:70 backwardErrorDelta:1 minImprovementPerRound:0.25 withHierarchy:False bruteForceCandidates:False ignoreBadFeatures:False stopOnLongRound:False candidateSizePenalty:True learnTimeLimit:00:00:00 scoreMeasure:RELERROR outputRoundsToStdout:False blacklisted: 
command: solver z3
command: vm /scratch/kaltenec/Distribution-Aware-Sampling/DistOut/ConstraintData/7z_disc/FeatureModel.xml
command: all /scratch/kaltenec/Distribution-Aware-Sampling/DistOut/ConstraintData/7z_disc/measurements.xml
Configs with too large deviation: 0
68640 configurations loaded.
command: nfp Performance
command: binary satoutput numConfigs:39 seed:93
command: learn-splconqueror
Learning: NumberOfConfigurationsLearning:39 NumberOfConfigurationsValidation:39
Learning progress:
1;2704.32432432432 * CompressionMethod + 405.675675675678 * BlockSize_1;27.9607016623173;27.9607016623173;27.9607016623173;27.9607016623173;0.035299;2;405.675675675678 * BlockSize_1;1;1.79769313486232E+308;
2;2264.28571428571 * CompressionMethod + -171.874999999998 * BlockSize_1 + 1017.58928571429 * LZMA;15.0077510530489;15.0077510530489;15.0077510530489;15.0077510530489;0.045187;3;1017.58928571429 * LZMA;1;12.9529506092684;
3;2064.5 * CompressionMethod + -171.875000000002 * BlockSize_1 + 1217.375 * LZMA + 4195.5 * BZip2;10.3780090816182;10.3780090816182;10.3780090816182;10.3780090816182;0.061867;4;4195.5 * BZip2;1;4.62974197143073;
4;1986.84210526316 * CompressionMethod + -171.875000000006 * BlockSize_1 + 1295.03289473684 * LZMA + 4273.15789473683 * BZip2 + 1553.15789473684 * LZMA2;8.25463168532603;8.25463168532603;8.25463168532603;8.25463168532603;0.086761;5;1553.15789473684 * LZMA2;1;2.12337739629218;
Elapsed=00:00:00.0883933
average model: 
command: analyze-learning
Round, Model, LearningError, LearningErrorRel, ValidationError, ValidationErrorRel, ElapsedSeconds, ModelComplexity, BestCandidate, BestCandidateSize, BestCandidateScore, TestError
Models:
Termination reason: abortError
1;2704.32432432432 * CompressionMethod + 405.675675675678 * BlockSize_1;27.9607016623173;27.9607016623173;27.9607016623173;27.9607016623173;0.035299;2;405.675675675678 * BlockSize_1;1;1.79769313486232E+308;53.8885789286208
2;2264.28571428571 * CompressionMethod + -171.874999999998 * BlockSize_1 + 1017.58928571429 * LZMA;15.0077510530489;15.0077510530489;15.0077510530489;15.0077510530489;0.045187;3;1017.58928571429 * LZMA;1;12.9529506092684;53.3299004265515
3;2064.5 * CompressionMethod + -171.875000000002 * BlockSize_1 + 1217.375 * LZMA + 4195.5 * BZip2;10.3780090816182;10.3780090816182;10.3780090816182;10.3780090816182;0.061867;4;4195.5 * BZip2;1;4.62974197143073;45.4602671006261
4;1986.84210526316 * CompressionMethod + -171.875000000006 * BlockSize_1 + 1295.03289473684 * LZMA + 4273.15789473683 * BZip2 + 1553.15789473684 * LZMA2;8.25463168532603;8.25463168532603;8.25463168532603;8.25463168532603;0.086761;5;1553.15789473684 * LZMA2;1;2.12337739629218;41.4455763515316
Analyze finished
command: measurementstocsv /scratch/kaltenec/Distribution-Aware-Sampling/Results_test/7z_disc/7z_disc_93/sampledConfigurations_semi_0.csv
command: clean-sampling
command: clean-global
command: script /scratch/kaltenec/Distribution-Aware-Sampling/Results_test/7z_disc/7z_disc_93/learn_semi_1.a
command: log /scratch/kaltenec/Distribution-Aware-Sampling/Results_test/7z_disc/7z_disc_93/out_semi_1.log
