Current machine learning settings: epsilon:0 lossFunction:RELATIVE parallelization:True bagging:False baggingNumbers:3 baggingTestDataFraction:50 useBackward:False abortError:1 limitFeatureSize:False featureSizeTreshold:4 quadraticFunctionSupport:True crossValidation:False crossValidation-k:5 learn-logFunction:False learn-accumulatedLogFunction:False learn-asymFunction:False learn-ratioFunction:False learn-mirrowedFunction:False numberOfRounds:70 backwardErrorDelta:1 minImprovementPerRound:0.1 withHierarchy:False bruteForceCandidates:False ignoreBadFeatures:False stopOnLongRound:True candidateSizePenalty:True learnTimeLimit:00:00:00 scoreMeasure:RELERROR outputRoundsToStdout:False blacklisted: 
command: mlsettings bagging:False stopOnLongRound:False parallelization:True lossFunction:RELATIVE useBackward:False abortError:10 limitFeatureSize:False featureSizeTreshold:7 quadraticFunctionSupport:True crossValidation:False learn_logFunction:True numberOfRounds:70 backwardErrorDelta:1 minImprovementPerRound:0.25 withHierarchy:False
Current machine learning settings: epsilon:0 lossFunction:RELATIVE parallelization:True bagging:False baggingNumbers:3 baggingTestDataFraction:50 useBackward:False abortError:10 limitFeatureSize:False featureSizeTreshold:7 quadraticFunctionSupport:True crossValidation:False crossValidation-k:5 learn-logFunction:True learn-accumulatedLogFunction:False learn-asymFunction:False learn-ratioFunction:False learn-mirrowedFunction:False numberOfRounds:70 backwardErrorDelta:1 minImprovementPerRound:0.25 withHierarchy:False bruteForceCandidates:False ignoreBadFeatures:False stopOnLongRound:False candidateSizePenalty:True learnTimeLimit:00:00:00 scoreMeasure:RELERROR outputRoundsToStdout:False blacklisted: 
command: solver z3
command: vm /scratch/kaltenec/Distribution-Aware-Sampling/DistOut/ConstraintData/VP9_disc/FeatureModel.xml
command: all /scratch/kaltenec/Distribution-Aware-Sampling/DistOut/ConstraintData/VP9_disc/measurements.xml
Configs with too large deviation: 0
216000 configurations loaded.
command: nfp Performance
command: hybrid distribution-aware distance-metric:manhattan distribution:uniform onlyBinary:true selection:SolverSelection number-weight-optimization:1-1 numConfigs:3893 seed:80
command: learn-splconqueror
Learning: NumberOfConfigurationsLearning:3893 NumberOfConfigurationsValidation:3893
Learning progress:
1;10.3599693408277 * Quality + 4.09780441950293 * AutoAltRef;116.209832053548;116.209832053548;116.209832053548;116.209832053548;2.937004;2;4.09780441950293 * AutoAltRef;1;1.79769313486232E+308;
2;4.39312435720976 * Quality + 4.72114863331291 * AutoAltRef + 28.3425136721862 * cpuUsed_0;44.2989474885616;44.2989474885616;44.2989474885616;44.2989474885616;6.55435;3;28.3425136721862 * cpuUsed_0;1;71.9108845649864;
3;2.3379031161529 * Quality + 4.74006986827638 * AutoAltRef + 30.3888465596248 * cpuUsed_0 + 8.19324437918406 * cpuUsed_2;37.8719507738322;37.8719507738322;37.8719507738322;37.8719507738322;11.913217;4;8.19324437918406 * cpuUsed_2;1;6.42699671472936;
4;3.1165641554896 * Quality + 3.19857155331512 * AutoAltRef + 51.1976460274568 * cpuUsed_0 + 8.18731385762988 * cpuUsed_2 + -32.8819674018437 * cpuUsed_0 * good;31.9758439992759;31.9758439992759;31.9758439992759;31.9758439992759;20.137086;6;-32.8819674018437 * cpuUsed_0 * good;2;2.94805338727817;
5;3.13007212805674 * Quality + 3.17183011397397 * AutoAltRef + 51.2009926944739 * cpuUsed_0 + 10.6836350097761 * cpuUsed_2 + -32.8887329791225 * cpuUsed_0 * good + -6.62873002622222 * cpuUsed_2 * constrainedQuality;29.745675151362;29.745675151362;29.745675151362;29.745675151362;31.325403;8;-6.62873002622222 * cpuUsed_2 * constrainedQuality;2;1.11508442395693;
6;2.93543395549042 * Quality + 3.55715106863978 * AutoAltRef + 53.0393372980345 * cpuUsed_0 + 10.6820375621302 * cpuUsed_2 + -33.3800026615206 * cpuUsed_0 * good + -6.62055207330475 * cpuUsed_2 * constrainedQuality + -2.60089843343576 * cpuUsed_0 * FrameBoost;28.9103809870857;28.9103809870857;28.9103809870857;28.9103809870857;45.441695;10;-2.60089843343576 * cpuUsed_0 * FrameBoost;2;0.417647082138174;
7;2.99640850597136 * Quality + 3.63639828628994 * AutoAltRef + 53.2605065608662 * cpuUsed_0 + 10.7367031641274 * cpuUsed_2 + -33.6607426829705 * cpuUsed_0 * good + -6.7572630358448 * cpuUsed_2 * constrainedQuality + -2.6636303516107 * cpuUsed_0 * FrameBoost + -0.286589154210769 * realtime;28.6285815715719;28.6285815715719;28.6285815715719;28.6285815715719;63.547447;11;-0.286589154210769 * realtime;1;0.281799415513813;
8;3.01114454770584 * Quality + 3.59781257218661 * AutoAltRef + 51.3984658316702 * cpuUsed_0 + 10.7342742524244 * cpuUsed_2 + -33.8551686935691 * cpuUsed_0 * good + -6.75156704974311 * cpuUsed_2 * constrainedQuality + -2.71258379960654 * cpuUsed_0 * FrameBoost + -0.273097815883673 * realtime + 9.95915267158379 * cpuUsed_0 * Threads_2;28.0874453881572;28.0874453881572;28.0874453881572;28.0874453881572;87.723208;13;9.95915267158379 * cpuUsed_0 * Threads_2;2;0.270568091707348;
9;2.96665430049524 * Quality + 3.71430843927498 * AutoAltRef + 61.6027624468903 * cpuUsed_0 + 10.741607489129 * cpuUsed_2 + -47.1832256987597 * cpuUsed_0 * good + -6.76876405789247 * cpuUsed_2 * constrainedQuality + -16.7372382904268 * cpuUsed_0 * FrameBoost + -0.313830122987675 * realtime + 9.8556162197911 * cpuUsed_0 * Threads_2 + 20.3293032200372 * cpuUsed_0 * FrameBoost * good;27.092914758604;27.092914758604;27.092914758604;27.092914758604;115.580386;16;20.3293032200372 * cpuUsed_0 * FrameBoost * good;3;0.331510209851078;
10;2.95052676672924 * Quality + 3.75653771755322 * AutoAltRef + 61.650570381375 * cpuUsed_0 + 10.7442657576248 * cpuUsed_2 + -49.1716946746677 * cpuUsed_0 * good + -6.77499790344144 * cpuUsed_2 * constrainedQuality + -16.7741954222138 * cpuUsed_0 * FrameBoost + -0.328595418741532 * realtime + 9.76765767398568 * cpuUsed_0 * Threads_2 + 22.1376680864572 * cpuUsed_0 * FrameBoost * good + 4.24108439445041 * cpuUsed_0 * good * constantBitrate;26.6841695871898;26.6841695871898;26.6841695871898;26.6841695871898;149.011069;19;4.24108439445041 * cpuUsed_0 * good * constantBitrate;3;0.1362483904714;
Elapsed=00:02:29.1398675
average model: 
command: analyze-learning
Round, Model, LearningError, LearningErrorRel, ValidationError, ValidationErrorRel, ElapsedSeconds, ModelComplexity, BestCandidate, BestCandidateSize, BestCandidateScore, TestError
Models:
Termination reason: minImprovementPerRound
1;10.3599693408277 * Quality + 4.09780441950293 * AutoAltRef;116.209832053548;116.209832053548;116.209832053548;116.209832053548;2.937004;2;4.09780441950293 * AutoAltRef;1;1.79769313486232E+308;161.100897641561
2;4.39312435720976 * Quality + 4.72114863331291 * AutoAltRef + 28.3425136721862 * cpuUsed_0;44.2989474885616;44.2989474885616;44.2989474885616;44.2989474885616;6.55435;3;28.3425136721862 * cpuUsed_0;1;71.9108845649864;85.5692468807444
3;2.3379031161529 * Quality + 4.74006986827638 * AutoAltRef + 30.3888465596248 * cpuUsed_0 + 8.19324437918406 * cpuUsed_2;37.8719507738322;37.8719507738322;37.8719507738322;37.8719507738322;11.913217;4;8.19324437918406 * cpuUsed_2;1;6.42699671472936;71.7547168170659
4;3.1165641554896 * Quality + 3.19857155331512 * AutoAltRef + 51.1976460274568 * cpuUsed_0 + 8.18731385762988 * cpuUsed_2 + -32.8819674018437 * cpuUsed_0 * good;31.9758439992759;31.9758439992759;31.9758439992759;31.9758439992759;20.137086;6;-32.8819674018437 * cpuUsed_0 * good;2;2.94805338727817;68.989565732709
5;3.13007212805674 * Quality + 3.17183011397397 * AutoAltRef + 51.2009926944739 * cpuUsed_0 + 10.6836350097761 * cpuUsed_2 + -32.8887329791225 * cpuUsed_0 * good + -6.62873002622222 * cpuUsed_2 * constrainedQuality;29.745675151362;29.745675151362;29.745675151362;29.745675151362;31.325403;8;-6.62873002622222 * cpuUsed_2 * constrainedQuality;2;1.11508442395693;70.3338157170296
6;2.93543395549042 * Quality + 3.55715106863978 * AutoAltRef + 53.0393372980345 * cpuUsed_0 + 10.6820375621302 * cpuUsed_2 + -33.3800026615206 * cpuUsed_0 * good + -6.62055207330475 * cpuUsed_2 * constrainedQuality + -2.60089843343576 * cpuUsed_0 * FrameBoost;28.9103809870857;28.9103809870857;28.9103809870857;28.9103809870857;45.441695;10;-2.60089843343576 * cpuUsed_0 * FrameBoost;2;0.417647082138174;71.4399776271033
7;2.99640850597136 * Quality + 3.63639828628994 * AutoAltRef + 53.2605065608662 * cpuUsed_0 + 10.7367031641274 * cpuUsed_2 + -33.6607426829705 * cpuUsed_0 * good + -6.7572630358448 * cpuUsed_2 * constrainedQuality + -2.6636303516107 * cpuUsed_0 * FrameBoost + -0.286589154210769 * realtime;28.6285815715719;28.6285815715719;28.6285815715719;28.6285815715719;63.547447;11;-0.286589154210769 * realtime;1;0.281799415513813;70.7119480582821
8;3.01114454770584 * Quality + 3.59781257218661 * AutoAltRef + 51.3984658316702 * cpuUsed_0 + 10.7342742524244 * cpuUsed_2 + -33.8551686935691 * cpuUsed_0 * good + -6.75156704974311 * cpuUsed_2 * constrainedQuality + -2.71258379960654 * cpuUsed_0 * FrameBoost + -0.273097815883673 * realtime + 9.95915267158379 * cpuUsed_0 * Threads_2;28.0874453881572;28.0874453881572;28.0874453881572;28.0874453881572;87.723208;13;9.95915267158379 * cpuUsed_0 * Threads_2;2;0.270568091707348;70.1909892417176
9;2.96665430049524 * Quality + 3.71430843927498 * AutoAltRef + 61.6027624468903 * cpuUsed_0 + 10.741607489129 * cpuUsed_2 + -47.1832256987597 * cpuUsed_0 * good + -6.76876405789247 * cpuUsed_2 * constrainedQuality + -16.7372382904268 * cpuUsed_0 * FrameBoost + -0.313830122987675 * realtime + 9.8556162197911 * cpuUsed_0 * Threads_2 + 20.3293032200372 * cpuUsed_0 * FrameBoost * good;27.092914758604;27.092914758604;27.092914758604;27.092914758604;115.580386;16;20.3293032200372 * cpuUsed_0 * FrameBoost * good;3;0.331510209851078;71.4513839488176
10;2.95052676672924 * Quality + 3.75653771755322 * AutoAltRef + 61.650570381375 * cpuUsed_0 + 10.7442657576248 * cpuUsed_2 + -49.1716946746677 * cpuUsed_0 * good + -6.77499790344144 * cpuUsed_2 * constrainedQuality + -16.7741954222138 * cpuUsed_0 * FrameBoost + -0.328595418741532 * realtime + 9.76765767398568 * cpuUsed_0 * Threads_2 + 22.1376680864572 * cpuUsed_0 * FrameBoost * good + 4.24108439445041 * cpuUsed_0 * good * constantBitrate;26.6841695871898;26.6841695871898;26.6841695871898;26.6841695871898;149.011069;19;4.24108439445041 * cpuUsed_0 * good * constantBitrate;3;0.1362483904714;71.6793692187132
Analyze finished
command: measurementstocsv /scratch/kaltenec/Distribution-Aware-Sampling/Results_opt/VP9_disc/VP9_disc_80/sampledConfigurations_solv_2.csv
command: clean-sampling
command: clean-global
