Current machine learning settings: epsilon:0 lossFunction:RELATIVE parallelization:True bagging:False baggingNumbers:3 considerEpsilonTube:False baggingTestDataFraction:50 useBackward:False abortError:1 limitFeatureSize:False featureSizeTreshold:4 quadraticFunctionSupport:True crossValidation:False crossValidation-k:5 learn-logFunction:False learn-accumulatedLogFunction:False learn-asymFunction:False learn-ratioFunction:False learn-mirrowedFunction:False numberOfRounds:70 backwardErrorDelta:1 minImprovementPerRound:0.1 withHierarchy:False bruteForceCandidates:False ignoreBadFeatures:False stopOnLongRound:True candidateSizePenalty:True learnTimeLimit:00:00:00 scoreMeasure:RELERROR outputRoundsToStdout:False blacklisted: 
command: mlsettings bagging:False stopOnLongRound:False parallelization:True lossFunction:RELATIVE useBackward:False abortError:10 limitFeatureSize:False featureSizeTreshold:7 quadraticFunctionSupport:True crossValidation:False learn_logFunction:True numberOfRounds:70 backwardErrorDelta:1 minImprovementPerRound:0.25 withHierarchy:False
Current machine learning settings: epsilon:0 lossFunction:RELATIVE parallelization:True bagging:False baggingNumbers:3 considerEpsilonTube:False baggingTestDataFraction:50 useBackward:False abortError:10 limitFeatureSize:False featureSizeTreshold:7 quadraticFunctionSupport:True crossValidation:False crossValidation-k:5 learn-logFunction:True learn-accumulatedLogFunction:False learn-asymFunction:False learn-ratioFunction:False learn-mirrowedFunction:False numberOfRounds:70 backwardErrorDelta:1 minImprovementPerRound:0.25 withHierarchy:False bruteForceCandidates:False ignoreBadFeatures:False stopOnLongRound:False candidateSizePenalty:True learnTimeLimit:00:00:00 scoreMeasure:RELERROR outputRoundsToStdout:False blacklisted: 
command: solver z3
command: vm /scratch/kaltenec/Distribution-Aware-Sampling/DistOut/ConstraintData/VP9_disc/FeatureModel.xml
command: all /scratch/kaltenec/Distribution-Aware-Sampling/DistOut/ConstraintData/VP9_disc/measurements.xml
Configs with too large deviation: 0
216000 configurations loaded.
command: nfp Performance
command: hybrid distribution-aware distance-metric:manhattan distribution:uniform onlyBinary:true selection:SolverSelection optimization:local numConfigs:31 seed:58
command: learn-splconqueror
Learning: NumberOfConfigurationsLearning:31 NumberOfConfigurationsValidation:31
Learning progress:
1;16.2815384615385 * Quality + -11.0315384615385 * cpuUsed_4;124.956038237759;124.956038237759;124.956038237759;124.956038237759;0.03513;2;-11.0315384615385 * cpuUsed_4;1;1.79769313486232E+308;
2;20.1921052631579 * Quality + -14.9421052631579 * cpuUsed_4 + -14.524962406015 * cpuUsed_8;62.2857527421374;62.2857527421374;62.2857527421374;62.2857527421374;0.064528;3;-14.524962406015 * cpuUsed_8;1;62.6702854956212;
3;27.4411111111111 * Quality + -22.1911111111111 * cpuUsed_4 + -21.7739682539682 * cpuUsed_8 + -13.7731111111111 * cpuUsed_2;46.8409252869298;46.8409252869298;46.8409252869298;46.8409252869298;0.108619;4;-13.7731111111111 * cpuUsed_2;1;15.4448274552075;
4;25.3376820260288 * Quality + -20.0876820260288 * cpuUsed_4 + -21.0227435807246 * cpuUsed_8 + -18.295483644038 * cpuUsed_2 + 9.46543088287021 * TileColumns_0;27.866505756675;27.866505756675;27.866505756675;27.866505756675;0.182137;5;9.46543088287021 * TileColumns_0;1;18.9744195302548;
5;23.7547542348625 * Quality + -21.0653594754235 * cpuUsed_4 + -20.914663162551 * cpuUsed_8 + -17.537794879134 * cpuUsed_2 + 10.1870928417163 * TileColumns_0 + 3.20075655070125 * lossless;23.8362814940419;23.8362814940419;23.8362814940419;23.8362814940419;0.290308;6;3.20075655070125 * lossless;1;4.03022426263313;
6;24.2821066477071 * Quality + -21.1030487024529 * cpuUsed_4 + -21.0155634553857 * cpuUsed_8 + -14.9186903661571 * cpuUsed_2 + 9.03816494845362 * TileColumns_0 + 8.29117632420901 * lossless + -5.70249875577674 * AutoAltRef;17.6072229348;17.6072229348;17.6072229348;17.6072229348;0.433142;7;-5.70249875577674 * AutoAltRef;1;6.22905855924181;
7;24.0417766497462 * Quality + -21.3089340101523 * cpuUsed_4 + -20.2229441624365 * cpuUsed_8 + -14.7429441624366 * cpuUsed_2 + 9.00411167512691 * TileColumns_0 + 8.76733502538069 * lossless + -5.62088832487307 * AutoAltRef + -5.50527918781726 * cpuUsed_8 * realtime;8.86602758783642;8.86602758783642;8.86602758783642;8.86602758783642;0.625097;9;-5.50527918781726 * cpuUsed_8 * realtime;2;4.37059767348182;
Elapsed=00:00:00.6275075
average model: 
command: analyze-learning
Round, Model, LearningError, LearningErrorRel, ValidationError, ValidationErrorRel, ElapsedSeconds, ModelComplexity, BestCandidate, BestCandidateSize, BestCandidateScore, TestError
Models:
Termination reason: abortError
1;16.2815384615385 * Quality + -11.0315384615385 * cpuUsed_4;124.956038237759;124.956038237759;124.956038237759;124.956038237759;0.03513;2;-11.0315384615385 * cpuUsed_4;1;1.79769313486232E+308;602.285117441742
2;20.1921052631579 * Quality + -14.9421052631579 * cpuUsed_4 + -14.524962406015 * cpuUsed_8;62.2857527421374;62.2857527421374;62.2857527421374;62.2857527421374;0.064528;3;-14.524962406015 * cpuUsed_8;1;62.6702854956212;467.214004489911
3;27.4411111111111 * Quality + -22.1911111111111 * cpuUsed_4 + -21.7739682539682 * cpuUsed_8 + -13.7731111111111 * cpuUsed_2;46.8409252869298;46.8409252869298;46.8409252869298;46.8409252869298;0.108619;4;-13.7731111111111 * cpuUsed_2;1;15.4448274552075;582.337450371109
4;25.3376820260288 * Quality + -20.0876820260288 * cpuUsed_4 + -21.0227435807246 * cpuUsed_8 + -18.295483644038 * cpuUsed_2 + 9.46543088287021 * TileColumns_0;27.866505756675;27.866505756675;27.866505756675;27.866505756675;0.182137;5;9.46543088287021 * TileColumns_0;1;18.9744195302548;578.738237780846
5;23.7547542348625 * Quality + -21.0653594754235 * cpuUsed_4 + -20.914663162551 * cpuUsed_8 + -17.537794879134 * cpuUsed_2 + 10.1870928417163 * TileColumns_0 + 3.20075655070125 * lossless;23.8362814940419;23.8362814940419;23.8362814940419;23.8362814940419;0.290308;6;3.20075655070125 * lossless;1;4.03022426263313;539.155988466962
6;24.2821066477071 * Quality + -21.1030487024529 * cpuUsed_4 + -21.0155634553857 * cpuUsed_8 + -14.9186903661571 * cpuUsed_2 + 9.03816494845362 * TileColumns_0 + 8.29117632420901 * lossless + -5.70249875577674 * AutoAltRef;17.6072229348;17.6072229348;17.6072229348;17.6072229348;0.433142;7;-5.70249875577674 * AutoAltRef;1;6.22905855924181;523.567314853696
7;24.0417766497462 * Quality + -21.3089340101523 * cpuUsed_4 + -20.2229441624365 * cpuUsed_8 + -14.7429441624366 * cpuUsed_2 + 9.00411167512691 * TileColumns_0 + 8.76733502538069 * lossless + -5.62088832487307 * AutoAltRef + -5.50527918781726 * cpuUsed_8 * realtime;8.86602758783642;8.86602758783642;8.86602758783642;8.86602758783642;0.625097;9;-5.50527918781726 * cpuUsed_8 * realtime;2;4.37059767348182;520.743598742866
Analyze finished
command: printconfigs /scratch/kaltenec/Distribution-Aware-Sampling/Results_newTry/VP9_disc/VP9_disc_58/sampledConfigurations_local_0.csv
command: clean-sampling
command: clean-global
command: script /scratch/kaltenec/Distribution-Aware-Sampling/Results_newTry/VP9_disc/VP9_disc_58/learn_local_1.a
command: log /scratch/kaltenec/Distribution-Aware-Sampling/Results_newTry/VP9_disc/VP9_disc_58/out_local_1.log
