Current machine learning settings: epsilon:0 lossFunction:RELATIVE parallelization:True bagging:False baggingNumbers:3 considerEpsilonTube:False baggingTestDataFraction:50 useBackward:False abortError:1 limitFeatureSize:False featureSizeTreshold:4 quadraticFunctionSupport:True crossValidation:False crossValidation-k:5 learn-logFunction:False learn-accumulatedLogFunction:False learn-asymFunction:False learn-ratioFunction:False learn-mirrowedFunction:False numberOfRounds:70 backwardErrorDelta:1 minImprovementPerRound:0.1 withHierarchy:False bruteForceCandidates:False ignoreBadFeatures:False stopOnLongRound:True candidateSizePenalty:True learnTimeLimit:00:00:00 scoreMeasure:RELERROR outputRoundsToStdout:False blacklisted: 
command: mlsettings bagging:False stopOnLongRound:False parallelization:True lossFunction:RELATIVE useBackward:False abortError:10 limitFeatureSize:False featureSizeTreshold:7 quadraticFunctionSupport:True crossValidation:False learn_logFunction:True numberOfRounds:70 backwardErrorDelta:1 minImprovementPerRound:0.25 withHierarchy:False
Current machine learning settings: epsilon:0 lossFunction:RELATIVE parallelization:True bagging:False baggingNumbers:3 considerEpsilonTube:False baggingTestDataFraction:50 useBackward:False abortError:10 limitFeatureSize:False featureSizeTreshold:7 quadraticFunctionSupport:True crossValidation:False crossValidation-k:5 learn-logFunction:True learn-accumulatedLogFunction:False learn-asymFunction:False learn-ratioFunction:False learn-mirrowedFunction:False numberOfRounds:70 backwardErrorDelta:1 minImprovementPerRound:0.25 withHierarchy:False bruteForceCandidates:False ignoreBadFeatures:False stopOnLongRound:False candidateSizePenalty:True learnTimeLimit:00:00:00 scoreMeasure:RELERROR outputRoundsToStdout:False blacklisted: 
command: solver z3
command: vm /scratch/kaltenec/Distribution-Aware-Sampling/DistOut/ConstraintData/Hipacc_disc/FeatureModel.xml
Warning: Variability model contains outdated notation. Children nodes will no longer have effect on the model. Instead use the parent node to describe the parent of an configuration option. You can also use the converter providedby the Variability Model GUI in export>convert legacy model.
Warning: Default value nodes in models are no longer used and should be removed. You can also use the converter provided by the Variability Model GUI in export>convert legacy model to update your model.
command: all /scratch/kaltenec/Distribution-Aware-Sampling/DistOut/ConstraintData/Hipacc_disc/measurements.xml
Configs with too large deviation: 0
13485 configurations loaded.
command: nfp Performance
command: hybrid distribution-aware distance-metric:manhattan distribution:uniform onlyBinary:true selection:SolverSelection optimization:None numConfigs:727 seed:7
command: learn-splconqueror
Learning: NumberOfConfigurationsLearning:727 NumberOfConfigurationsValidation:727
Learning progress:
1;37.473942611191 * API + 6.93752405547579 * padding_192;32.4776977352182;32.4776977352182;32.4776977352182;32.4776977352182;0.153319;2;6.93752405547579 * padding_192;1;1.79769313486232E+308;
2;27.6314634317319 * API + 0.744964238399644 * padding_192 + 20.9152682563505 * LocalMemory;20.7001897550493;20.7001897550493;20.7001897550493;20.7001897550493;0.507143;3;20.9152682563505 * LocalMemory;1;11.7775079801689;
3;30.2795607436849 * API + -1.17729793170895 * padding_192 + 20.9502646521491 * LocalMemory + -5.64499283967519 * TextureMemory;19.2587780589381;19.2587780589381;19.2587780589381;19.2587780589381;1.333552;4;-5.64499283967519 * TextureMemory;1;1.44141169611121;
4;31.2564056382125 * API + -1.34966282932517 * padding_192 + 23.1241022544491 * LocalMemory + -7.55790443083192 * TextureMemory + -16.6202545989041 * bs_32x4;17.8953564038274;17.8953564038274;17.8953564038274;17.8953564038274;2.679078;5;-16.6202545989041 * bs_32x4;1;1.36342165511076;
5;30.5860844658786 * API + -2.18159963426073 * padding_192 + 24.9824435009348 * LocalMemory + -5.86144178278631 * TextureMemory + -17.7352445847235 * bs_32x4 + -17.5451011781058 * bs_32x8;16.7523344181303;16.7523344181303;16.7523344181303;16.7523344181303;4.5527;6;-17.5451011781058 * bs_32x8;1;1.14302198569701;
6;30.1713290440451 * API + -2.79709607932315 * padding_192 + 25.9358171285907 * LocalMemory + -7.00961885188825 * TextureMemory + -18.1405610470706 * bs_32x4 + -16.9150404179018 * bs_32x8 + 5.06464556553372 * bs_512x2;15.805783554846;15.805783554846;15.805783554846;15.805783554846;6.902057;7;5.06464556553372 * bs_512x2;1;0.946550863284303;
7;28.7465055703847 * API + -1.05474931094237 * padding_192 + 24.9203670924369 * LocalMemory + -6.2950142620222 * TextureMemory + -15.9088774637676 * bs_32x4 + -15.224947051533 * bs_32x8 + 5.74614533128115 * bs_512x2 + 21.4353726758438 * bs_32x1;14.9800994389192;14.9800994389192;14.9800994389192;14.9800994389192;9.949809;8;21.4353726758438 * bs_32x1;1;0.825684115926848;
8;28.7905618434597 * API + -0.845729574266863 * padding_192 + 24.5284058994734 * LocalMemory + -5.98126074632671 * TextureMemory + -15.6059227111594 * bs_32x4 + -15.203502914103 * bs_32x8 + 5.39814335542734 * bs_512x2 + 5.12222066458304 * bs_32x1 + 35.4080610202985 * bs_32x1 * pixelPerThread_1;13.732219422229;13.732219422229;13.732219422229;13.732219422229;13.673783;10;35.4080610202985 * bs_32x1 * pixelPerThread_1;2;0.623940008345088;
9;28.744703368464 * API + -0.190611829594218 * padding_192 + 23.6085323040763 * LocalMemory + -6.72821411168998 * TextureMemory + -14.699516869542 * bs_32x4 + -13.5607283041891 * bs_32x8 + 6.14531158836009 * bs_512x2 + 5.94144777901821 * bs_32x1 + 35.4606462528052 * bs_32x1 * pixelPerThread_1 + 35.5281986457938 * bs_1024x1;13.0956914654395;13.0956914654395;13.0956914654395;13.0956914654395;18.527548;11;35.5281986457938 * bs_1024x1;1;0.636527956789473;
10;27.9736340818637 * API + -0.395738867939327 * padding_192 + 23.1330491020782 * LocalMemory + -6.69938387949785 * TextureMemory + -14.662589081344 * bs_32x4 + -13.250598142477 * bs_32x8 + 6.06649840260973 * bs_512x2 + 6.96138781863829 * bs_32x1 + 33.0173060290948 * bs_32x1 * pixelPerThread_1 + 34.6118850547636 * bs_1024x1 + 2.51221317937552 * pixelPerThread_1;12.5772188193637;12.5772188193637;12.5772188193637;12.5772188193637;24.025715;12;2.51221317937552 * pixelPerThread_1;1;0.518472646075816;
11;27.4348636956384 * API + -0.822087140806824 * padding_192 + 24.6950069947452 * LocalMemory + -4.93207904242499 * TextureMemory + -15.5081081540918 * bs_32x4 + -12.904471652327 * bs_32x8 + 4.92273104427231 * bs_512x2 + 6.00552486810995 * bs_32x1 + 33.0233273313902 * bs_32x1 * pixelPerThread_1 + 34.9896099193595 * bs_1024x1 + 2.4670369617267 * pixelPerThread_1 + -6.50449325845587 * LocalMemory * Linear1D;11.9320169134184;11.9320169134184;11.9320169134184;11.9320169134184;31.390148;14;-6.50449325845587 * LocalMemory * Linear1D;2;0.322600952972668;
12;28.2901859953934 * API + -0.771858660269629 * padding_192 + 24.6442361937495 * LocalMemory + -5.74383864268244 * TextureMemory + -15.4364032436177 * bs_32x4 + -12.9208932678862 * bs_32x8 + 4.95464708098881 * bs_512x2 + 6.02279647161692 * bs_32x1 + 32.9887976143466 * bs_32x1 * pixelPerThread_1 + 34.9479249842473 * bs_1024x1 + 2.42291387059215 * pixelPerThread_1 + -6.47304628706615 * LocalMemory * Linear1D + -1.7276770653937 * OpenCL;11.6362900242094;11.6362900242094;11.6362900242094;11.6362900242094;40.104684;15;-1.7276770653937 * OpenCL;1;0.295726889208973;
13;28.35236028599 * API + 0.700525706456014 * padding_192 + 25.5343368314048 * LocalMemory + -5.98196995565706 * TextureMemory + -16.5248694472642 * bs_32x4 + -13.4101665303615 * bs_32x8 + 5.01781557397307 * bs_512x2 + 5.53731427088514 * bs_32x1 + 32.7668601442497 * bs_32x1 * pixelPerThread_1 + 34.4283517257877 * bs_1024x1 + 2.49760087998275 * pixelPerThread_1 + -6.9288735937372 * LocalMemory * Linear1D + -1.65101751183578 * OpenCL + -15.7819822095103 * LocalMemory * bs_64x2;11.2178510370827;11.2178510370827;11.2178510370827;11.2178510370827;50.119397;17;-15.7819822095103 * LocalMemory * bs_64x2;2;0.209219493563361;
Elapsed=00:00:50.1305065
average model: 
command: analyze-learning
Round, Model, LearningError, LearningErrorRel, ValidationError, ValidationErrorRel, ElapsedSeconds, ModelComplexity, BestCandidate, BestCandidateSize, BestCandidateScore, TestError
Models:
Termination reason: minImprovementPerRound
1;37.473942611191 * API + 6.93752405547579 * padding_192;32.4776977352182;32.4776977352182;32.4776977352182;32.4776977352182;0.153319;2;6.93752405547579 * padding_192;1;1.79769313486232E+308;38.0577495141042
2;27.6314634317319 * API + 0.744964238399644 * padding_192 + 20.9152682563505 * LocalMemory;20.7001897550493;20.7001897550493;20.7001897550493;20.7001897550493;0.507143;3;20.9152682563505 * LocalMemory;1;11.7775079801689;23.5216913581885
3;30.2795607436849 * API + -1.17729793170895 * padding_192 + 20.9502646521491 * LocalMemory + -5.64499283967519 * TextureMemory;19.2587780589381;19.2587780589381;19.2587780589381;19.2587780589381;1.333552;4;-5.64499283967519 * TextureMemory;1;1.44141169611121;21.7858146116714
4;31.2564056382125 * API + -1.34966282932517 * padding_192 + 23.1241022544491 * LocalMemory + -7.55790443083192 * TextureMemory + -16.6202545989041 * bs_32x4;17.8953564038274;17.8953564038274;17.8953564038274;17.8953564038274;2.679078;5;-16.6202545989041 * bs_32x4;1;1.36342165511076;22.9659527803569
5;30.5860844658786 * API + -2.18159963426073 * padding_192 + 24.9824435009348 * LocalMemory + -5.86144178278631 * TextureMemory + -17.7352445847235 * bs_32x4 + -17.5451011781058 * bs_32x8;16.7523344181303;16.7523344181303;16.7523344181303;16.7523344181303;4.5527;6;-17.5451011781058 * bs_32x8;1;1.14302198569701;24.3291664076948
6;30.1713290440451 * API + -2.79709607932315 * padding_192 + 25.9358171285907 * LocalMemory + -7.00961885188825 * TextureMemory + -18.1405610470706 * bs_32x4 + -16.9150404179018 * bs_32x8 + 5.06464556553372 * bs_512x2;15.805783554846;15.805783554846;15.805783554846;15.805783554846;6.902057;7;5.06464556553372 * bs_512x2;1;0.946550863284303;24.2147187963148
7;28.7465055703847 * API + -1.05474931094237 * padding_192 + 24.9203670924369 * LocalMemory + -6.2950142620222 * TextureMemory + -15.9088774637676 * bs_32x4 + -15.224947051533 * bs_32x8 + 5.74614533128115 * bs_512x2 + 21.4353726758438 * bs_32x1;14.9800994389192;14.9800994389192;14.9800994389192;14.9800994389192;9.949809;8;21.4353726758438 * bs_32x1;1;0.825684115926848;22.7575527002036
8;28.7905618434597 * API + -0.845729574266863 * padding_192 + 24.5284058994734 * LocalMemory + -5.98126074632671 * TextureMemory + -15.6059227111594 * bs_32x4 + -15.203502914103 * bs_32x8 + 5.39814335542734 * bs_512x2 + 5.12222066458304 * bs_32x1 + 35.4080610202985 * bs_32x1 * pixelPerThread_1;13.732219422229;13.732219422229;13.732219422229;13.732219422229;13.673783;10;35.4080610202985 * bs_32x1 * pixelPerThread_1;2;0.623940008345088;21.5597756247968
9;28.744703368464 * API + -0.190611829594218 * padding_192 + 23.6085323040763 * LocalMemory + -6.72821411168998 * TextureMemory + -14.699516869542 * bs_32x4 + -13.5607283041891 * bs_32x8 + 6.14531158836009 * bs_512x2 + 5.94144777901821 * bs_32x1 + 35.4606462528052 * bs_32x1 * pixelPerThread_1 + 35.5281986457938 * bs_1024x1;13.0956914654395;13.0956914654395;13.0956914654395;13.0956914654395;18.527548;11;35.5281986457938 * bs_1024x1;1;0.636527956789473;22.4686151800523
10;27.9736340818637 * API + -0.395738867939327 * padding_192 + 23.1330491020782 * LocalMemory + -6.69938387949785 * TextureMemory + -14.662589081344 * bs_32x4 + -13.250598142477 * bs_32x8 + 6.06649840260973 * bs_512x2 + 6.96138781863829 * bs_32x1 + 33.0173060290948 * bs_32x1 * pixelPerThread_1 + 34.6118850547636 * bs_1024x1 + 2.51221317937552 * pixelPerThread_1;12.5772188193637;12.5772188193637;12.5772188193637;12.5772188193637;24.025715;12;2.51221317937552 * pixelPerThread_1;1;0.518472646075816;21.8353832933084
11;27.4348636956384 * API + -0.822087140806824 * padding_192 + 24.6950069947452 * LocalMemory + -4.93207904242499 * TextureMemory + -15.5081081540918 * bs_32x4 + -12.904471652327 * bs_32x8 + 4.92273104427231 * bs_512x2 + 6.00552486810995 * bs_32x1 + 33.0233273313902 * bs_32x1 * pixelPerThread_1 + 34.9896099193595 * bs_1024x1 + 2.4670369617267 * pixelPerThread_1 + -6.50449325845587 * LocalMemory * Linear1D;11.9320169134184;11.9320169134184;11.9320169134184;11.9320169134184;31.390148;14;-6.50449325845587 * LocalMemory * Linear1D;2;0.322600952972668;20.9700906904822
12;28.2901859953934 * API + -0.771858660269629 * padding_192 + 24.6442361937495 * LocalMemory + -5.74383864268244 * TextureMemory + -15.4364032436177 * bs_32x4 + -12.9208932678862 * bs_32x8 + 4.95464708098881 * bs_512x2 + 6.02279647161692 * bs_32x1 + 32.9887976143466 * bs_32x1 * pixelPerThread_1 + 34.9479249842473 * bs_1024x1 + 2.42291387059215 * pixelPerThread_1 + -6.47304628706615 * LocalMemory * Linear1D + -1.7276770653937 * OpenCL;11.6362900242094;11.6362900242094;11.6362900242094;11.6362900242094;40.104684;15;-1.7276770653937 * OpenCL;1;0.295726889208973;20.9333836658859
13;28.35236028599 * API + 0.700525706456014 * padding_192 + 25.5343368314048 * LocalMemory + -5.98196995565706 * TextureMemory + -16.5248694472642 * bs_32x4 + -13.4101665303615 * bs_32x8 + 5.01781557397307 * bs_512x2 + 5.53731427088514 * bs_32x1 + 32.7668601442497 * bs_32x1 * pixelPerThread_1 + 34.4283517257877 * bs_1024x1 + 2.49760087998275 * pixelPerThread_1 + -6.9288735937372 * LocalMemory * Linear1D + -1.65101751183578 * OpenCL + -15.7819822095103 * LocalMemory * bs_64x2;11.2178510370827;11.2178510370827;11.2178510370827;11.2178510370827;50.119397;17;-15.7819822095103 * LocalMemory * bs_64x2;2;0.209219493563361;20.3014928564589
Analyze finished
command: printconfigs /scratch/kaltenec/Distribution-Aware-Sampling/Results_newTry/Hipacc_disc/Hipacc_disc_7/sampledConfigurations_solv_1.csv
command: clean-sampling
command: clean-global
command: script /scratch/kaltenec/Distribution-Aware-Sampling/Results_newTry/Hipacc_disc/Hipacc_disc_7/learn_solv_2.a
command: log /scratch/kaltenec/Distribution-Aware-Sampling/Results_newTry/Hipacc_disc/Hipacc_disc_7/out_solv_2.log
