Current machine learning settings: epsilon:0 lossFunction:RELATIVE parallelization:True bagging:False baggingNumbers:3 baggingTestDataFraction:50 useBackward:False abortError:1 limitFeatureSize:False featureSizeTreshold:4 quadraticFunctionSupport:True crossValidation:False crossValidation-k:5 learn-logFunction:False learn-accumulatedLogFunction:False learn-asymFunction:False learn-ratioFunction:False learn-mirrowedFunction:False numberOfRounds:70 backwardErrorDelta:1 minImprovementPerRound:0.1 withHierarchy:False bruteForceCandidates:False ignoreBadFeatures:False stopOnLongRound:True candidateSizePenalty:True learnTimeLimit:00:00:00 scoreMeasure:RELERROR outputRoundsToStdout:False blacklisted: 
command: mlsettings bagging:False stopOnLongRound:False parallelization:True lossFunction:RELATIVE useBackward:False abortError:10 limitFeatureSize:False featureSizeTreshold:7 quadraticFunctionSupport:True crossValidation:False learn_logFunction:True numberOfRounds:70 backwardErrorDelta:1 minImprovementPerRound:0.25 withHierarchy:False
Current machine learning settings: epsilon:0 lossFunction:RELATIVE parallelization:True bagging:False baggingNumbers:3 baggingTestDataFraction:50 useBackward:False abortError:10 limitFeatureSize:False featureSizeTreshold:7 quadraticFunctionSupport:True crossValidation:False crossValidation-k:5 learn-logFunction:True learn-accumulatedLogFunction:False learn-asymFunction:False learn-ratioFunction:False learn-mirrowedFunction:False numberOfRounds:70 backwardErrorDelta:1 minImprovementPerRound:0.25 withHierarchy:False bruteForceCandidates:False ignoreBadFeatures:False stopOnLongRound:False candidateSizePenalty:True learnTimeLimit:00:00:00 scoreMeasure:RELERROR outputRoundsToStdout:False blacklisted: 
command: solver z3
command: vm /scratch/kaltenec/Distribution-Aware-Sampling/DistOut/ConstraintData/VP9_disc/FeatureModel.xml
command: all /scratch/kaltenec/Distribution-Aware-Sampling/DistOut/ConstraintData/VP9_disc/measurements.xml
Configs with too large deviation: 0
216000 configurations loaded.
command: nfp Performance
command: binary satoutput numConfigs:31 seed:6
command: learn-splconqueror
Learning: NumberOfConfigurationsLearning:31 NumberOfConfigurationsValidation:31
Learning progress:
1;26 * Quality + -20.7028571428571 * AutoAltRef;144.887657016945;144.887657016945;144.887657016945;144.887657016945;0.148579;2;-20.7028571428571 * AutoAltRef;1;1.79769313486232E+308;
2;6.08222222222225 * Quality + -0.785079365079378 * AutoAltRef + 31.8684444444444 * cpuUsed_0;30.0860869343343;30.0860869343343;30.0860869343343;30.0860869343343;0.175538;3;31.8684444444444 * cpuUsed_0;1;114.80157008261;
3;5.58766990291261 * Quality + -1.56223300970875 * AutoAltRef + 32.3629967637541 * cpuUsed_0 + 2.2254854368932 * lossless;22.9950270205752;22.9950270205752;22.9950270205752;22.9950270205752;0.228834;4;2.2254854368932 * lossless;1;7.09105991375912;
4;3.29627450980392 * Quality + 0.0241176470588294 * AutoAltRef + 30.1156666666667 * cpuUsed_0 + 3.4593137254902 * lossless + 4.53872549019609 * TileColumns_0;16.1980230802982;16.1980230802982;16.1980230802982;16.1980230802982;0.302447;5;4.53872549019609 * TileColumns_0;1;6.79700394027702;
5;-12.377725490196 * Quality + 0.024117647058818 * AutoAltRef + 40.565 * cpuUsed_0 + 3.4593137254902 * lossless + 4.53872549019606 * TileColumns_0 + 15.674 * bitRate_1500;9.68924934855094;9.68924934855094;9.68924934855094;9.68924934855094;0.472426;6;15.674 * bitRate_1500;1;6.50877373174726;
Elapsed=00:00:00.4746652
average model: 
command: analyze-learning
Round, Model, LearningError, LearningErrorRel, ValidationError, ValidationErrorRel, ElapsedSeconds, ModelComplexity, BestCandidate, BestCandidateSize, BestCandidateScore, TestError
Models:
Termination reason: abortError
1;26 * Quality + -20.7028571428571 * AutoAltRef;144.887657016945;144.887657016945;144.887657016945;144.887657016945;0.148579;2;-20.7028571428571 * AutoAltRef;1;1.79769313486232E+308;227.289498124929
2;6.08222222222225 * Quality + -0.785079365079378 * AutoAltRef + 31.8684444444444 * cpuUsed_0;30.0860869343343;30.0860869343343;30.0860869343343;30.0860869343343;0.175538;3;31.8684444444444 * cpuUsed_0;1;114.80157008261;70.3630239851815
3;5.58766990291261 * Quality + -1.56223300970875 * AutoAltRef + 32.3629967637541 * cpuUsed_0 + 2.2254854368932 * lossless;22.9950270205752;22.9950270205752;22.9950270205752;22.9950270205752;0.228834;4;2.2254854368932 * lossless;1;7.09105991375912;73.6161029180564
4;3.29627450980392 * Quality + 0.0241176470588294 * AutoAltRef + 30.1156666666667 * cpuUsed_0 + 3.4593137254902 * lossless + 4.53872549019609 * TileColumns_0;16.1980230802982;16.1980230802982;16.1980230802982;16.1980230802982;0.302447;5;4.53872549019609 * TileColumns_0;1;6.79700394027702;69.4226980083645
5;-12.377725490196 * Quality + 0.024117647058818 * AutoAltRef + 40.565 * cpuUsed_0 + 3.4593137254902 * lossless + 4.53872549019606 * TileColumns_0 + 15.674 * bitRate_1500;9.68924934855094;9.68924934855094;9.68924934855094;9.68924934855094;0.472426;6;15.674 * bitRate_1500;1;6.50877373174726;218.351518386173
Analyze finished
command: measurementstocsv /scratch/kaltenec/Distribution-Aware-Sampling/Results_test/VP9_disc/VP9_disc_6/sampledConfigurations_semi_0.csv
command: clean-sampling
command: clean-global
command: script /scratch/kaltenec/Distribution-Aware-Sampling/Results_test/VP9_disc/VP9_disc_6/learn_semi_1.a
command: log /scratch/kaltenec/Distribution-Aware-Sampling/Results_test/VP9_disc/VP9_disc_6/out_semi_1.log
