Current machine learning settings: epsilon:0 lossFunction:RELATIVE parallelization:True bagging:False baggingNumbers:3 considerEpsilonTube:False baggingTestDataFraction:50 useBackward:False abortError:1 limitFeatureSize:False featureSizeTreshold:4 quadraticFunctionSupport:True crossValidation:False crossValidation-k:5 learn-logFunction:False learn-accumulatedLogFunction:False learn-asymFunction:False learn-ratioFunction:False learn-mirrowedFunction:False numberOfRounds:70 backwardErrorDelta:1 minImprovementPerRound:0.1 withHierarchy:False bruteForceCandidates:False ignoreBadFeatures:False stopOnLongRound:True candidateSizePenalty:True learnTimeLimit:00:00:00 scoreMeasure:RELERROR outputRoundsToStdout:False blacklisted: 
command: mlsettings bagging:False stopOnLongRound:False parallelization:True lossFunction:RELATIVE useBackward:False abortError:10 limitFeatureSize:False featureSizeTreshold:7 quadraticFunctionSupport:True crossValidation:False learn_logFunction:True numberOfRounds:70 backwardErrorDelta:1 minImprovementPerRound:0.25 withHierarchy:False
Current machine learning settings: epsilon:0 lossFunction:RELATIVE parallelization:True bagging:False baggingNumbers:3 considerEpsilonTube:False baggingTestDataFraction:50 useBackward:False abortError:10 limitFeatureSize:False featureSizeTreshold:7 quadraticFunctionSupport:True crossValidation:False crossValidation-k:5 learn-logFunction:True learn-accumulatedLogFunction:False learn-asymFunction:False learn-ratioFunction:False learn-mirrowedFunction:False numberOfRounds:70 backwardErrorDelta:1 minImprovementPerRound:0.25 withHierarchy:False bruteForceCandidates:False ignoreBadFeatures:False stopOnLongRound:False candidateSizePenalty:True learnTimeLimit:00:00:00 scoreMeasure:RELERROR outputRoundsToStdout:False blacklisted: 
command: solver z3
command: vm /scratch/kaltenec/Distribution-Aware-Sampling/DistOut/ConstraintData/7z_disc/FeatureModel.xml
command: all /scratch/kaltenec/Distribution-Aware-Sampling/DistOut/ConstraintData/7z_disc/measurements.xml
Configs with too large deviation: 0
68640 configurations loaded.
command: nfp Performance
command: hybrid distribution-aware distance-metric:manhattan distribution:uniform onlyBinary:true selection:SolverSelection optimization:None numConfigs:600 seed:49
command: learn-splconqueror
Learning: NumberOfConfigurationsLearning:600 NumberOfConfigurationsValidation:600
Learning progress:
1;11358.3434343435 * CompressionMethod + 4673.75180375167 * Deflate;228.733754243912;228.733754243912;228.733754243912;228.733754243912;0.125713;2;4673.75180375167 * Deflate;1;1.79769313486232E+308;
2;4174.49183242096 * CompressionMethod + 3513.62670033573 * Deflate + 25768.163354722 * x_10;87.7040719458903;87.7040719458903;87.7040719458903;87.7040719458903;0.400303;3;25768.163354722 * x_10;1;141.029682298021;
3;5301.76470588239 * CompressionMethod + -3281.76470588238 * Deflate + 21724.6845694799 * x_10 + 21547.9624893438 * x_10 * Deflate;61.9741499293296;61.9741499293296;61.9741499293296;61.9741499293296;0.953829;5;21547.9624893438 * x_10 * Deflate;2;12.8649610082804;
4;4360.26865671643 * CompressionMethod + -2340.26865671642 * Deflate + 22666.1806186459 * x_10 + 20606.4664401778 * x_10 * Deflate + 15277.9131614654 * x_8;48.2223305454871;48.2223305454871;48.2223305454871;48.2223305454871;2.04053;6;15277.9131614654 * x_8;1;13.7518193838426;
5;4360.26865671642 * CompressionMethod + -2340.26865671634 * Deflate + 10248.56629474 * x_10 + 33024.0807640835 * x_10 * Deflate + 15277.9131614652 * x_8 + 48960.879334258 * x_10 * BZip2;32.213748338883;32.213748338883;32.213748338883;32.213748338883;3.556393;8;48960.879334258 * x_10 * BZip2;2;8.00429110330202;
6;3733.85092477481 * CompressionMethod + -1713.85092477465 * Deflate + 10874.9840266814 * x_10 + 32397.6630321421 * x_10 * Deflate + 15775.4304387384 * x_8 + 46125.0693315493 * x_10 * BZip2 + 2835.81000270874 * BZip2;21.1889339922502;21.1889339922502;21.1889339922502;21.1889339922502;5.436542;9;2835.81000270874 * BZip2;1;11.0248143466328;
7;3212.89489659596 * CompressionMethod + -1367.41815594911 * Deflate + 11395.9400548603 * x_10 + 32051.2302633165 * x_10 * Deflate + 16280.522552623 * x_8 + 45776.0632170766 * x_10 * BZip2 + 3184.81611718139 * BZip2 + 12391.1514140786 * x_6;16.8553426933173;16.8553426933173;16.8553426933173;16.8553426933173;8.177026;10;12391.1514140786 * x_6;1;4.33359129893297;
8;3212.89489659592 * CompressionMethod + -1367.41815594916 * Deflate + 14271.3304555168 * x_10 + 29175.8398626601 * x_10 * Deflate + 16280.5225526232 * x_8 + 42900.6728164203 * x_10 * BZip2 + 3184.81611718144 * BZip2 + 12391.1514140785 * x_6 + -9255.16285211265 * x_10 * PPMd;11.9281268712183;11.9281268712183;11.9281268712183;11.9281268712183;10.928731;12;-9255.16285211265 * x_10 * PPMd;2;2.46360791104948;
9;3558.76989432708 * CompressionMethod + -1710.59153928213 * Deflate + 13925.4554577856 * x_10 + 29519.0132459928 * x_10 * Deflate + 15950.0526095979 * x_8 + 43239.5840199473 * x_10 * BZip2 + 2845.90491365417 * BZip2 + 12199.336791814 * x_6 + -7934.46255790786 * x_10 * PPMd + -1320.70029420485 * PPMd;10.2196100217508;10.2196100217508;10.2196100217508;10.2196100217508;13.988962;13;-1320.70029420485 * PPMd;1;1.70851684946754;
10;3399.14569917838 * CompressionMethod + -1409.7869611113 * Deflate + 14085.0796529344 * x_10 + 29218.2086678222 * x_10 * Deflate + 16096.4348413534 * x_8 + 42948.2608252945 * x_10 * BZip2 + 3137.22810830704 * BZip2 + 2175.52959724021 * x_6 + -8243.69581566193 * x_10 * PPMd + -1011.46703645062 * PPMd + 13148.3247035816 * x_6 * LZMA;8.73121647762032;8.73121647762032;8.73121647762032;8.73121647762032;18.296722;15;13148.3247035816 * x_6 * LZMA;2;0.744196772065217;
Elapsed=00:00:18.3056819
average model: 
command: analyze-learning
Round, Model, LearningError, LearningErrorRel, ValidationError, ValidationErrorRel, ElapsedSeconds, ModelComplexity, BestCandidate, BestCandidateSize, BestCandidateScore, TestError
Models:
Termination reason: abortError
1;11358.3434343435 * CompressionMethod + 4673.75180375167 * Deflate;228.733754243912;228.733754243912;228.733754243912;228.733754243912;0.125713;2;4673.75180375167 * Deflate;1;1.79769313486232E+308;204.72159775787
2;4174.49183242096 * CompressionMethod + 3513.62670033573 * Deflate + 25768.163354722 * x_10;87.7040719458903;87.7040719458903;87.7040719458903;87.7040719458903;0.400303;3;25768.163354722 * x_10;1;141.029682298021;83.5469315495829
3;5301.76470588239 * CompressionMethod + -3281.76470588238 * Deflate + 21724.6845694799 * x_10 + 21547.9624893438 * x_10 * Deflate;61.9741499293296;61.9741499293296;61.9741499293296;61.9741499293296;0.953829;5;21547.9624893438 * x_10 * Deflate;2;12.8649610082804;64.4505430820048
4;4360.26865671643 * CompressionMethod + -2340.26865671642 * Deflate + 22666.1806186459 * x_10 + 20606.4664401778 * x_10 * Deflate + 15277.9131614654 * x_8;48.2223305454871;48.2223305454871;48.2223305454871;48.2223305454871;2.04053;6;15277.9131614654 * x_8;1;13.7518193838426;53.0520378918713
5;4360.26865671642 * CompressionMethod + -2340.26865671634 * Deflate + 10248.56629474 * x_10 + 33024.0807640835 * x_10 * Deflate + 15277.9131614652 * x_8 + 48960.879334258 * x_10 * BZip2;32.213748338883;32.213748338883;32.213748338883;32.213748338883;3.556393;8;48960.879334258 * x_10 * BZip2;2;8.00429110330202;43.8740199789962
6;3733.85092477481 * CompressionMethod + -1713.85092477465 * Deflate + 10874.9840266814 * x_10 + 32397.6630321421 * x_10 * Deflate + 15775.4304387384 * x_8 + 46125.0693315493 * x_10 * BZip2 + 2835.81000270874 * BZip2;21.1889339922502;21.1889339922502;21.1889339922502;21.1889339922502;5.436542;9;2835.81000270874 * BZip2;1;11.0248143466328;33.9764559214815
7;3212.89489659596 * CompressionMethod + -1367.41815594911 * Deflate + 11395.9400548603 * x_10 + 32051.2302633165 * x_10 * Deflate + 16280.522552623 * x_8 + 45776.0632170766 * x_10 * BZip2 + 3184.81611718139 * BZip2 + 12391.1514140786 * x_6;16.8553426933173;16.8553426933173;16.8553426933173;16.8553426933173;8.177026;10;12391.1514140786 * x_6;1;4.33359129893297;45.4081815235777
8;3212.89489659592 * CompressionMethod + -1367.41815594916 * Deflate + 14271.3304555168 * x_10 + 29175.8398626601 * x_10 * Deflate + 16280.5225526232 * x_8 + 42900.6728164203 * x_10 * BZip2 + 3184.81611718144 * BZip2 + 12391.1514140785 * x_6 + -9255.16285211265 * x_10 * PPMd;11.9281268712183;11.9281268712183;11.9281268712183;11.9281268712183;10.928731;12;-9255.16285211265 * x_10 * PPMd;2;2.46360791104948;41.923087388653
9;3558.76989432708 * CompressionMethod + -1710.59153928213 * Deflate + 13925.4554577856 * x_10 + 29519.0132459928 * x_10 * Deflate + 15950.0526095979 * x_8 + 43239.5840199473 * x_10 * BZip2 + 2845.90491365417 * BZip2 + 12199.336791814 * x_6 + -7934.46255790786 * x_10 * PPMd + -1320.70029420485 * PPMd;10.2196100217508;10.2196100217508;10.2196100217508;10.2196100217508;13.988962;13;-1320.70029420485 * PPMd;1;1.70851684946754;37.1597078667431
10;3399.14569917838 * CompressionMethod + -1409.7869611113 * Deflate + 14085.0796529344 * x_10 + 29218.2086678222 * x_10 * Deflate + 16096.4348413534 * x_8 + 42948.2608252945 * x_10 * BZip2 + 3137.22810830704 * BZip2 + 2175.52959724021 * x_6 + -8243.69581566193 * x_10 * PPMd + -1011.46703645062 * PPMd + 13148.3247035816 * x_6 * LZMA;8.73121647762032;8.73121647762032;8.73121647762032;8.73121647762032;18.296722;15;13148.3247035816 * x_6 * LZMA;2;0.744196772065217;21.4358604203543
Analyze finished
command: printconfigs /scratch/kaltenec/Distribution-Aware-Sampling/Results_newTry/7z_disc/7z_disc_49/sampledConfigurations_solv_1.csv
command: clean-sampling
command: clean-global
command: script /scratch/kaltenec/Distribution-Aware-Sampling/Results_newTry/7z_disc/7z_disc_49/learn_solv_2.a
command: log /scratch/kaltenec/Distribution-Aware-Sampling/Results_newTry/7z_disc/7z_disc_49/out_solv_2.log
