Current machine learning settings: epsilon:0 lossFunction:RELATIVE parallelization:True bagging:False baggingNumbers:3 baggingTestDataFraction:50 useBackward:False abortError:1 limitFeatureSize:False featureSizeTreshold:4 quadraticFunctionSupport:True crossValidation:False crossValidation-k:5 learn-logFunction:False learn-accumulatedLogFunction:False learn-asymFunction:False learn-ratioFunction:False learn-mirrowedFunction:False numberOfRounds:70 backwardErrorDelta:1 minImprovementPerRound:0.1 withHierarchy:False bruteForceCandidates:False ignoreBadFeatures:False stopOnLongRound:True candidateSizePenalty:True learnTimeLimit:00:00:00 scoreMeasure:RELERROR outputRoundsToStdout:False blacklisted: 
command: mlsettings bagging:False stopOnLongRound:False parallelization:True lossFunction:RELATIVE useBackward:False abortError:10 limitFeatureSize:False featureSizeTreshold:7 quadraticFunctionSupport:True crossValidation:False learn_logFunction:True numberOfRounds:70 backwardErrorDelta:1 minImprovementPerRound:0.25 withHierarchy:False
Current machine learning settings: epsilon:0 lossFunction:RELATIVE parallelization:True bagging:False baggingNumbers:3 baggingTestDataFraction:50 useBackward:False abortError:10 limitFeatureSize:False featureSizeTreshold:7 quadraticFunctionSupport:True crossValidation:False crossValidation-k:5 learn-logFunction:True learn-accumulatedLogFunction:False learn-asymFunction:False learn-ratioFunction:False learn-mirrowedFunction:False numberOfRounds:70 backwardErrorDelta:1 minImprovementPerRound:0.25 withHierarchy:False bruteForceCandidates:False ignoreBadFeatures:False stopOnLongRound:False candidateSizePenalty:True learnTimeLimit:00:00:00 scoreMeasure:RELERROR outputRoundsToStdout:False blacklisted: 
command: solver z3
command: vm /scratch/kaltenec/Distribution-Aware-Sampling/DistOut/ConstraintData/Polly_disc/FeatureModel.xml
Warning: Variability model contains outdated notation. Children nodes will no longer have effect on the model. Instead use the parent node to describe the parent of an configuration option. You can also use the converter providedby the Variability Model GUI in export>convert legacy model.
command: all /scratch/kaltenec/Distribution-Aware-Sampling/DistOut/ConstraintData/Polly_disc/measurements.xml
Configs with too large deviation: 0
60000 configurations loaded.
command: nfp Performance
command: binary satoutput numConfigs:2172 seed:75
command: learn-splconqueror
Learning: NumberOfConfigurationsLearning:2172 NumberOfConfigurationsValidation:2172
Learning progress:
1;25.5219714285715 * polly_vectorizer + 4.2601854341736 * max;22.1356499690082;22.1356499690082;22.1356499690082;22.1356499690082;0.5555;2;4.2601854341736 * max;1;1.79769313486232E+308;
2;24.7192863142771 * polly_vectorizer + 4.28220632888792 * max + 1.7413623347293 * parallel;20.9336779637821;20.9336779637821;20.9336779637821;20.9336779637821;1.98956;3;1.7413623347293 * parallel;1;1.20197200522611;
3;24.7576560659599 * polly_vectorizer + 4.2087521192851 * max + 1.6581221709546 * parallel + 0.161500127564473 * max * parallel;20.9299991656425;20.9299991656425;20.9299991656425;20.9299991656425;4.637126;5;0.161500127564473 * max * parallel;2;0.00183939906980335;
Elapsed=00:00:04.6606564
average model: 
command: analyze-learning
Round, Model, LearningError, LearningErrorRel, ValidationError, ValidationErrorRel, ElapsedSeconds, ModelComplexity, BestCandidate, BestCandidateSize, BestCandidateScore, TestError
Models:
Termination reason: minImprovementPerRound
1;25.5219714285715 * polly_vectorizer + 4.2601854341736 * max;22.1356499690082;22.1356499690082;22.1356499690082;22.1356499690082;0.5555;2;4.2601854341736 * max;1;1.79769313486232E+308;28.8115556015026
2;24.7192863142771 * polly_vectorizer + 4.28220632888792 * max + 1.7413623347293 * parallel;20.9336779637821;20.9336779637821;20.9336779637821;20.9336779637821;1.98956;3;1.7413623347293 * parallel;1;1.20197200522611;27.5367708142334
3;24.7576560659599 * polly_vectorizer + 4.2087521192851 * max + 1.6581221709546 * parallel + 0.161500127564473 * max * parallel;20.9299991656425;20.9299991656425;20.9299991656425;20.9299991656425;4.637126;5;0.161500127564473 * max * parallel;2;0.00183939906980335;27.5442920951513
Analyze finished
command: measurementstocsv /scratch/kaltenec/Distribution-Aware-Sampling/Results_test/Polly_disc/Polly_disc_75/sampledConfigurations_semi_2.csv
command: clean-sampling
command: clean-global
