Current machine learning settings: epsilon:0 lossFunction:RELATIVE parallelization:True bagging:False baggingNumbers:3 considerEpsilonTube:False baggingTestDataFraction:50 useBackward:False abortError:1 limitFeatureSize:False featureSizeTreshold:4 quadraticFunctionSupport:True crossValidation:False crossValidation-k:5 learn-logFunction:False learn-accumulatedLogFunction:False learn-asymFunction:False learn-ratioFunction:False learn-mirrowedFunction:False numberOfRounds:70 backwardErrorDelta:1 minImprovementPerRound:0.1 withHierarchy:False bruteForceCandidates:False ignoreBadFeatures:False stopOnLongRound:True candidateSizePenalty:True learnTimeLimit:00:00:00 scoreMeasure:RELERROR outputRoundsToStdout:False blacklisted: 
command: mlsettings bagging:False stopOnLongRound:False parallelization:True lossFunction:RELATIVE useBackward:False abortError:10 limitFeatureSize:False featureSizeTreshold:7 quadraticFunctionSupport:True crossValidation:False learn_logFunction:True numberOfRounds:70 backwardErrorDelta:1 minImprovementPerRound:0.25 withHierarchy:False
Current machine learning settings: epsilon:0 lossFunction:RELATIVE parallelization:True bagging:False baggingNumbers:3 considerEpsilonTube:False baggingTestDataFraction:50 useBackward:False abortError:10 limitFeatureSize:False featureSizeTreshold:7 quadraticFunctionSupport:True crossValidation:False crossValidation-k:5 learn-logFunction:True learn-accumulatedLogFunction:False learn-asymFunction:False learn-ratioFunction:False learn-mirrowedFunction:False numberOfRounds:70 backwardErrorDelta:1 minImprovementPerRound:0.25 withHierarchy:False bruteForceCandidates:False ignoreBadFeatures:False stopOnLongRound:False candidateSizePenalty:True learnTimeLimit:00:00:00 scoreMeasure:RELERROR outputRoundsToStdout:False blacklisted: 
command: solver z3
command: vm /scratch/kaltenec/Distribution-Aware-Sampling/DistOut/ConstraintData/JavaGC_disc/FeatureModel.xml
command: all /scratch/kaltenec/Distribution-Aware-Sampling/DistOut/ConstraintData/JavaGC_disc/measurements.xml
Configs with too large deviation: 0
193536 configurations loaded.
command: nfp Performance
command: binary satoutput numConfigs:468 seed:43
command: learn-splconqueror
Learning: NumberOfConfigurationsLearning:468 NumberOfConfigurationsValidation:468
Learning progress:
1;49.4282854792563 * MaxTenuringThreshold + -15.5198354792487 * NewRatio_1;37.5773891236843;37.5773891236843;37.5773891236843;37.5773891236843;0.047865;2;-15.5198354792487 * NewRatio_1;1;1.79769313486232E+308;
2;34.8011607733334 * MaxTenuringThreshold + -0.892710773330137 * NewRatio_1 + 31.5566671896297 * UseAdaptiveSizePolicy;13.7079864257935;13.7079864257935;13.7079864257935;13.7079864257935;0.133343;3;31.5566671896297 * UseAdaptiveSizePolicy;1;23.8694026978908;
3;37.9579710771044 * MaxTenuringThreshold + -4.04952107710107 * NewRatio_1 + 30.9293523215726 * UseAdaptiveSizePolicy + -7.58848630714142 * UseAdaptiveGCBoundary;8.43921559958377;8.43921559958377;8.43921559958377;8.43921559958377;0.310622;4;-7.58848630714142 * UseAdaptiveGCBoundary;1;5.26877082620972;
Elapsed=00:00:00.3131769
average model: 
command: analyze-learning
Round, Model, LearningError, LearningErrorRel, ValidationError, ValidationErrorRel, ElapsedSeconds, ModelComplexity, BestCandidate, BestCandidateSize, BestCandidateScore, TestError
Models:
Termination reason: abortError
1;49.4282854792563 * MaxTenuringThreshold + -15.5198354792487 * NewRatio_1;37.5773891236843;37.5773891236843;37.5773891236843;37.5773891236843;0.047865;2;-15.5198354792487 * NewRatio_1;1;1.79769313486232E+308;48.9230871840029
2;34.8011607733334 * MaxTenuringThreshold + -0.892710773330137 * NewRatio_1 + 31.5566671896297 * UseAdaptiveSizePolicy;13.7079864257935;13.7079864257935;13.7079864257935;13.7079864257935;0.133343;3;31.5566671896297 * UseAdaptiveSizePolicy;1;23.8694026978908;50.0252941151243
3;37.9579710771044 * MaxTenuringThreshold + -4.04952107710107 * NewRatio_1 + 30.9293523215726 * UseAdaptiveSizePolicy + -7.58848630714142 * UseAdaptiveGCBoundary;8.43921559958377;8.43921559958377;8.43921559958377;8.43921559958377;0.310622;4;-7.58848630714142 * UseAdaptiveGCBoundary;1;5.26877082620972;45.8636789789745
Analyze finished
command: clean-sampling
command: clean-global
