Current machine learning settings: epsilon:0 lossFunction:RELATIVE parallelization:True bagging:False baggingNumbers:3 baggingTestDataFraction:50 useBackward:False abortError:1 limitFeatureSize:False featureSizeTreshold:4 quadraticFunctionSupport:True crossValidation:False crossValidation-k:5 learn-logFunction:False learn-accumulatedLogFunction:False learn-asymFunction:False learn-ratioFunction:False learn-mirrowedFunction:False numberOfRounds:70 backwardErrorDelta:1 minImprovementPerRound:0.1 withHierarchy:False bruteForceCandidates:False ignoreBadFeatures:False stopOnLongRound:True candidateSizePenalty:True learnTimeLimit:00:00:00 scoreMeasure:RELERROR outputRoundsToStdout:False blacklisted: 
command: mlsettings bagging:False stopOnLongRound:False parallelization:True lossFunction:RELATIVE useBackward:False abortError:10 limitFeatureSize:False featureSizeTreshold:7 quadraticFunctionSupport:True crossValidation:False learn_logFunction:True numberOfRounds:70 backwardErrorDelta:1 minImprovementPerRound:0.25 withHierarchy:False
Current machine learning settings: epsilon:0 lossFunction:RELATIVE parallelization:True bagging:False baggingNumbers:3 baggingTestDataFraction:50 useBackward:False abortError:10 limitFeatureSize:False featureSizeTreshold:7 quadraticFunctionSupport:True crossValidation:False crossValidation-k:5 learn-logFunction:True learn-accumulatedLogFunction:False learn-asymFunction:False learn-ratioFunction:False learn-mirrowedFunction:False numberOfRounds:70 backwardErrorDelta:1 minImprovementPerRound:0.25 withHierarchy:False bruteForceCandidates:False ignoreBadFeatures:False stopOnLongRound:False candidateSizePenalty:True learnTimeLimit:00:00:00 scoreMeasure:RELERROR outputRoundsToStdout:False blacklisted: 
command: solver z3
command: vm /scratch/kaltenec/Distribution-Aware-Sampling/DistOut/ConstraintData/Dune_disc/FeatureModel.xml
Warning: Variability model contains outdated notation. Children nodes will no longer have effect on the model. Instead use the parent node to describe the parent of an configuration option. You can also use the converter providedby the Variability Model GUI in export>convert legacy model.
Warning: Default value nodes in models are no longer used and should be removed. You can also use the converter provided by the Variability Model GUI in export>convert legacy model to update your model.
command: all /scratch/kaltenec/Distribution-Aware-Sampling/DistOut/ConstraintData/Dune_disc/measurements.xml
Configs with too large deviation: 0
2304 configurations loaded.
command: nfp Performance
command: binary satoutput numConfigs:1071 seed:96
command: learn-splconqueror
Learning: NumberOfConfigurationsLearning:1071 NumberOfConfigurationsValidation:1071
Learning progress:
1;10550.8959685005 * Precon + -235.953417480051 * BiCGSTABSolver;22.3137601989107;22.3137601989107;22.3137601989107;22.3137601989107;0.122971;2;-235.953417480051 * BiCGSTABSolver;1;1.79769313486232E+308;
2;9623.2851238992 * Precon + -335.994154715002 * BiCGSTABSolver + 6667.20294557162 * post_0;18.9841763832692;18.9841763832692;18.9841763832692;18.9841763832692;0.439521;3;6667.20294557162 * post_0;1;3.32958381564153;
3;10297.0338708203 * Precon + -328.751546612737 * BiCGSTABSolver + 6570.53385128468 * post_0 + -1845.62778719228 * cells_50;17.5350717705459;17.5350717705459;17.5350717705459;17.5350717705459;0.949712;4;-1845.62778719228 * cells_50;1;1.44910461272324;
4;10810.1233881075 * Precon + -318.159541113874 * BiCGSTABSolver + 6128.64350882243 * post_0 + -2081.62249497681 * cells_50 + -1539.47326676262 * post_6;16.5698572827218;16.5698572827218;16.5698572827218;16.5698572827218;1.809306;5;-1539.47326676262 * post_6;1;0.965214487824095;
5;10722.0301554741 * Precon + -190.853601377745 * BiCGSTABSolver + 3447.2343007272 * post_0 + -1946.54583888476 * cells_50 + -1512.75453758343 * post_6 + 12118.548541467 * post_0 * pre_1;15.3966512052859;15.3966512052859;15.3966512052859;15.3966512052859;3.083966;7;12118.548541467 * post_0 * pre_1;2;0.58660303871799;
6;11353.8993442918 * Precon + -110.762609860957 * BiCGSTABSolver + 3422.31171441545 * post_0 + -2566.60962216991 * cells_50 + -1708.46441607203 * post_6 + 12110.3018449948 * post_0 * pre_1 + -2279.41763992625 * cells_52;14.7336109480754;14.7336109480754;14.7336109480754;14.7336109480754;4.687681;8;-2279.41763992625 * cells_52;1;0.663040257210469;
7;11533.9403463818 * Precon + -90.0145062481638 * BiCGSTABSolver + 3352.24136294316 * post_0 + -2783.77551629306 * cells_50 + -1443.77880383292 * post_6 + 12210.9422423941 * post_0 * pre_1 + -2511.47705726317 * cells_52 + -1972.13464175898 * cells_51;13.9507916294243;13.9507916294243;13.9507916294243;13.9507916294243;6.884102;9;-1972.13464175898 * cells_51;1;0.7828193186511;
8;11705.6263108235 * Precon + -89.5802656440477 * BiCGSTABSolver + 3113.08724914974 * post_0 + -2729.53988940493 * cells_50 + -1662.90056304127 * post_6 + 12211.4595426763 * post_0 * pre_1 + -2245.8170337729 * cells_52 + -1982.24263946328 * cells_51 + -1125.88393916389 * post_5;13.437697326327;13.437697326327;13.437697326327;13.437697326327;9.656945;10;-1125.88393916389 * post_5;1;0.513094303097303;
9;11261.509342542 * Precon + -88.9823016952603 * BiCGSTABSolver + 3108.44321363225 * post_0 + -2728.39959255987 * cells_50 + -1663.64409096846 * post_6 + 12215.2874646775 * post_0 * pre_1 + -2243.78428341414 * cells_52 + -1981.8342449761 * cells_51 + -1130.42863492013 * post_5 + 888.19827160214 * SeqSOR;12.9683214052353;12.9683214052353;12.9683214052353;12.9683214052353;13.108458;11;888.19827160214 * SeqSOR;1;0.469375921091714;
10;12442.3347864944 * Precon + -84.3612383559523 * BiCGSTABSolver + 2020.67756989697 * post_0 + -3134.01986461402 * cells_50 + -2818.57689345695 * post_6 + 12160.0686937212 * post_0 * pre_1 + -2000.69440601374 * cells_52 + -1819.43245011106 * cells_51 + -2244.90857721472 * post_5 + 882.291624935264 * SeqSOR + -2093.69137776148 * post_4;12.4952964071273;12.4952964071273;12.4952964071273;12.4952964071273;17.707784;12;-2093.69137776148 * post_4;1;0.473024998107938;
11;12315.950946824 * Precon + 173.015959479941 * BiCGSTABSolver + 1990.62467671972 * post_0 + -3060.60816502772 * cells_50 + -2730.63671982747 * post_6 + 4772.36173856033 * post_0 * pre_1 + -1804.05250625374 * cells_52 + -2306.36675620152 * cells_51 + -2313.33518283184 * post_5 + 925.667570006571 * SeqSOR + -2080.09411599319 * post_4 + 22997.4486962176 * post_0 * pre_1 * CGSolver;11.4419999528619;11.4419999528619;11.4419999528619;11.4419999528619;22.979817;15;22997.4486962176 * post_0 * pre_1 * CGSolver;3;0.351098818088485;
12;11685.4484294735 * Precon + 675.222777285703 * BiCGSTABSolver + 2020.1805313142 * post_0 + -2911.86741608981 * cells_50 + -2681.65610742254 * post_6 + 5124.01487367376 * post_0 * pre_1 + -1570.68581058578 * cells_52 + -2175.39007708144 * cells_51 + -2379.84533318305 * post_5 + 919.472465298673 * SeqSOR + -2048.37259792424 * post_4 + 21766.9811159811 * post_0 * pre_1 * CGSolver + 1410.50419622036 * CGSolver;10.7888527179003;10.7888527179003;10.7888527179003;10.7888527179003;29.277475;16;1410.50419622036 * CGSolver;1;0.653147234961589;
13;11752.936735246 * Precon + 688.006492665286 * BiCGSTABSolver + 1381.21450130453 * post_0 + -2910.30570979205 * cells_50 + -2696.67000247549 * post_6 + 5674.20132650267 * post_0 * pre_1 + -1519.40733478311 * cells_52 + -2177.33162096424 * cells_51 + -2399.58735561166 * post_5 + 926.403477142888 * SeqSOR + -2064.03063492371 * post_4 + 19652.6342307986 * post_0 * pre_1 * CGSolver + 1157.0853451792 * CGSolver + 2381.31392946352 * post_0 * CGSolver;10.537949438142;10.537949438142;10.537949438142;10.537949438142;37.059947;18;2381.31392946352 * post_0 * CGSolver;2;0.125451639879143;
Elapsed=00:00:37.1462035
average model: 
command: analyze-learning
Round, Model, LearningError, LearningErrorRel, ValidationError, ValidationErrorRel, ElapsedSeconds, ModelComplexity, BestCandidate, BestCandidateSize, BestCandidateScore, TestError
Models:
Termination reason: minImprovementPerRound
1;10550.8959685005 * Precon + -235.953417480051 * BiCGSTABSolver;22.3137601989107;22.3137601989107;22.3137601989107;22.3137601989107;0.122971;2;-235.953417480051 * BiCGSTABSolver;1;1.79769313486232E+308;17.9514286530125
2;9623.2851238992 * Precon + -335.994154715002 * BiCGSTABSolver + 6667.20294557162 * post_0;18.9841763832692;18.9841763832692;18.9841763832692;18.9841763832692;0.439521;3;6667.20294557162 * post_0;1;3.32958381564153;17.2803861411324
3;10297.0338708203 * Precon + -328.751546612737 * BiCGSTABSolver + 6570.53385128468 * post_0 + -1845.62778719228 * cells_50;17.5350717705459;17.5350717705459;17.5350717705459;17.5350717705459;0.949712;4;-1845.62778719228 * cells_50;1;1.44910461272324;16.0919102906992
4;10810.1233881075 * Precon + -318.159541113874 * BiCGSTABSolver + 6128.64350882243 * post_0 + -2081.62249497681 * cells_50 + -1539.47326676262 * post_6;16.5698572827218;16.5698572827218;16.5698572827218;16.5698572827218;1.809306;5;-1539.47326676262 * post_6;1;0.965214487824095;15.9119570805234
5;10722.0301554741 * Precon + -190.853601377745 * BiCGSTABSolver + 3447.2343007272 * post_0 + -1946.54583888476 * cells_50 + -1512.75453758343 * post_6 + 12118.548541467 * post_0 * pre_1;15.3966512052859;15.3966512052859;15.3966512052859;15.3966512052859;3.083966;7;12118.548541467 * post_0 * pre_1;2;0.58660303871799;14.5509969939942
6;11353.8993442918 * Precon + -110.762609860957 * BiCGSTABSolver + 3422.31171441545 * post_0 + -2566.60962216991 * cells_50 + -1708.46441607203 * post_6 + 12110.3018449948 * post_0 * pre_1 + -2279.41763992625 * cells_52;14.7336109480754;14.7336109480754;14.7336109480754;14.7336109480754;4.687681;8;-2279.41763992625 * cells_52;1;0.663040257210469;15.6136917002169
7;11533.9403463818 * Precon + -90.0145062481638 * BiCGSTABSolver + 3352.24136294316 * post_0 + -2783.77551629306 * cells_50 + -1443.77880383292 * post_6 + 12210.9422423941 * post_0 * pre_1 + -2511.47705726317 * cells_52 + -1972.13464175898 * cells_51;13.9507916294243;13.9507916294243;13.9507916294243;13.9507916294243;6.884102;9;-1972.13464175898 * cells_51;1;0.7828193186511;13.5722469642553
8;11705.6263108235 * Precon + -89.5802656440477 * BiCGSTABSolver + 3113.08724914974 * post_0 + -2729.53988940493 * cells_50 + -1662.90056304127 * post_6 + 12211.4595426763 * post_0 * pre_1 + -2245.8170337729 * cells_52 + -1982.24263946328 * cells_51 + -1125.88393916389 * post_5;13.437697326327;13.437697326327;13.437697326327;13.437697326327;9.656945;10;-1125.88393916389 * post_5;1;0.513094303097303;12.8995567946697
9;11261.509342542 * Precon + -88.9823016952603 * BiCGSTABSolver + 3108.44321363225 * post_0 + -2728.39959255987 * cells_50 + -1663.64409096846 * post_6 + 12215.2874646775 * post_0 * pre_1 + -2243.78428341414 * cells_52 + -1981.8342449761 * cells_51 + -1130.42863492013 * post_5 + 888.19827160214 * SeqSOR;12.9683214052353;12.9683214052353;12.9683214052353;12.9683214052353;13.108458;11;888.19827160214 * SeqSOR;1;0.469375921091714;12.3211057648031
10;12442.3347864944 * Precon + -84.3612383559523 * BiCGSTABSolver + 2020.67756989697 * post_0 + -3134.01986461402 * cells_50 + -2818.57689345695 * post_6 + 12160.0686937212 * post_0 * pre_1 + -2000.69440601374 * cells_52 + -1819.43245011106 * cells_51 + -2244.90857721472 * post_5 + 882.291624935264 * SeqSOR + -2093.69137776148 * post_4;12.4952964071273;12.4952964071273;12.4952964071273;12.4952964071273;17.707784;12;-2093.69137776148 * post_4;1;0.473024998107938;14.4913783903557
11;12315.950946824 * Precon + 173.015959479941 * BiCGSTABSolver + 1990.62467671972 * post_0 + -3060.60816502772 * cells_50 + -2730.63671982747 * post_6 + 4772.36173856033 * post_0 * pre_1 + -1804.05250625374 * cells_52 + -2306.36675620152 * cells_51 + -2313.33518283184 * post_5 + 925.667570006571 * SeqSOR + -2080.09411599319 * post_4 + 22997.4486962176 * post_0 * pre_1 * CGSolver;11.4419999528619;11.4419999528619;11.4419999528619;11.4419999528619;22.979817;15;22997.4486962176 * post_0 * pre_1 * CGSolver;3;0.351098818088485;13.433562472465
12;11685.4484294735 * Precon + 675.222777285703 * BiCGSTABSolver + 2020.1805313142 * post_0 + -2911.86741608981 * cells_50 + -2681.65610742254 * post_6 + 5124.01487367376 * post_0 * pre_1 + -1570.68581058578 * cells_52 + -2175.39007708144 * cells_51 + -2379.84533318305 * post_5 + 919.472465298673 * SeqSOR + -2048.37259792424 * post_4 + 21766.9811159811 * post_0 * pre_1 * CGSolver + 1410.50419622036 * CGSolver;10.7888527179003;10.7888527179003;10.7888527179003;10.7888527179003;29.277475;16;1410.50419622036 * CGSolver;1;0.653147234961589;12.6200813101271
13;11752.936735246 * Precon + 688.006492665286 * BiCGSTABSolver + 1381.21450130453 * post_0 + -2910.30570979205 * cells_50 + -2696.67000247549 * post_6 + 5674.20132650267 * post_0 * pre_1 + -1519.40733478311 * cells_52 + -2177.33162096424 * cells_51 + -2399.58735561166 * post_5 + 926.403477142888 * SeqSOR + -2064.03063492371 * post_4 + 19652.6342307986 * post_0 * pre_1 * CGSolver + 1157.0853451792 * CGSolver + 2381.31392946352 * post_0 * CGSolver;10.537949438142;10.537949438142;10.537949438142;10.537949438142;37.059947;18;2381.31392946352 * post_0 * CGSolver;2;0.125451639879143;12.4357344797764
Analyze finished
command: measurementstocsv /scratch/kaltenec/Distribution-Aware-Sampling/Results_Henard/Dune_disc/Dune_disc_96/sampledConfigurations_henard_2.csv
command: clean-sampling
command: clean-global
