Current machine learning settings: epsilon:0 lossFunction:RELATIVE parallelization:True bagging:False baggingNumbers:3 baggingTestDataFraction:50 useBackward:False abortError:1 limitFeatureSize:False featureSizeTreshold:4 quadraticFunctionSupport:True crossValidation:False crossValidation-k:5 learn-logFunction:False learn-accumulatedLogFunction:False learn-asymFunction:False learn-ratioFunction:False learn-mirrowedFunction:False numberOfRounds:70 backwardErrorDelta:1 minImprovementPerRound:0.1 withHierarchy:False bruteForceCandidates:False ignoreBadFeatures:False stopOnLongRound:True candidateSizePenalty:True learnTimeLimit:00:00:00 scoreMeasure:RELERROR outputRoundsToStdout:False blacklisted: 
command: mlsettings bagging:False stopOnLongRound:False parallelization:True lossFunction:RELATIVE useBackward:False abortError:10 limitFeatureSize:False featureSizeTreshold:7 quadraticFunctionSupport:True crossValidation:False learn_logFunction:True numberOfRounds:70 backwardErrorDelta:1 minImprovementPerRound:0.25 withHierarchy:False
Current machine learning settings: epsilon:0 lossFunction:RELATIVE parallelization:True bagging:False baggingNumbers:3 baggingTestDataFraction:50 useBackward:False abortError:10 limitFeatureSize:False featureSizeTreshold:7 quadraticFunctionSupport:True crossValidation:False crossValidation-k:5 learn-logFunction:True learn-accumulatedLogFunction:False learn-asymFunction:False learn-ratioFunction:False learn-mirrowedFunction:False numberOfRounds:70 backwardErrorDelta:1 minImprovementPerRound:0.25 withHierarchy:False bruteForceCandidates:False ignoreBadFeatures:False stopOnLongRound:False candidateSizePenalty:True learnTimeLimit:00:00:00 scoreMeasure:RELERROR outputRoundsToStdout:False blacklisted: 
command: solver z3
command: vm /scratch/kaltenec/Distribution-Aware-Sampling/DistOut/ConstraintData/VP9_disc/FeatureModel.xml
command: all /scratch/kaltenec/Distribution-Aware-Sampling/DistOut/ConstraintData/VP9_disc/measurements.xml
Configs with too large deviation: 0
216000 configurations loaded.
command: nfp Performance
command: hybrid distribution-aware distance-metric:manhattan distribution:uniform onlyBinary:true selection:SolverSelection number-weight-optimization:1-1 numConfigs:31 seed:46
command: learn-splconqueror
Learning: NumberOfConfigurationsLearning:31 NumberOfConfigurationsValidation:31
Learning progress:
1;6.30999999999999 * Quality + 13.90375 * AutoAltRef;252.749273000383;252.749273000383;252.749273000383;252.749273000383;0.144928;2;13.90375 * AutoAltRef;1;1.79769313486232E+308;
2;-0.289295774647895 * Quality + 8.12936619718312 * AutoAltRef + 49.4947183098592 * cpuUsed_0;123.22046832527;123.22046832527;123.22046832527;123.22046832527;0.181454;3;49.4947183098592 * cpuUsed_0;1;129.528804675113;
3;3.62324324324323 * Quality + -0.0217567567567493 * AutoAltRef + 20.1506756756757 * cpuUsed_0 + 61.7311711711712 * cpuUsed_0 * lossless;36.106915805246;36.106915805246;36.106915805246;36.106915805246;0.239651;5;61.7311711711712 * cpuUsed_0 * lossless;2;43.5567762600121;
4;3.32142076502732 * Quality + 0.264180327868875 * AutoAltRef + 20.3571857923497 * cpuUsed_0 + 61.5405464480874 * cpuUsed_0 * lossless + 1.0285792349727 * cpuUsed_2;31.9607413289797;31.9607413289797;31.9607413289797;31.9607413289797;0.32641;6;1.0285792349727 * cpuUsed_2;1;4.14617447626628;
5;3.269881305638 * Quality + -0.431602373887257 * AutoAltRef + 20.6406528189911 * cpuUsed_0 + 62.0044015825915 * cpuUsed_0 * lossless + 1.08011869436204 * cpuUsed_2 + 9.43172106824925 * AutoAltRef * bitRate_600;25.1662922772824;25.1662922772824;25.1662922772824;25.1662922772824;0.452966;8;9.43172106824925 * AutoAltRef * bitRate_600;2;3.39722452584868;
6;3.49123076923076 * Quality + -0.172461538461521 * AutoAltRef + 20.3329230769231 * cpuUsed_0 + 61.831641025641 * cpuUsed_0 * lossless + 0.858769230769273 * cpuUsed_2 + 8.95123076923077 * AutoAltRef * bitRate_600 + -1.8193846153846 * Threads_8;21.8547918233176;21.8547918233176;21.8547918233176;21.8547918233176;0.63477;9;-1.8193846153846 * Threads_8;1;3.31150045396473;
7;2.97380952380955 * Quality + 0.862380952380942 * AutoAltRef + 14.8999999999999 * cpuUsed_0 + 49.9309523809524 * cpuUsed_0 * lossless + 1.37619047619048 * cpuUsed_2 + 8.43380952380952 * AutoAltRef * bitRate_600 + -2.07809523809523 * Threads_8 + 16.8161904761905 * cpuUsed_0 * TileColumns_0;19.6560258156744;19.6560258156744;19.6560258156744;19.6560258156744;0.934233;11;16.8161904761905 * cpuUsed_0 * TileColumns_0;2;1.09938300382161;
8;2.9170568561873 * Quality + 0.499163879598633 * AutoAltRef + 15.1383612040133 * cpuUsed_0 + 50.2941694537347 * cpuUsed_0 * lossless + 1.43294314381268 * cpuUsed_2 + 8.85377926421403 * AutoAltRef * bitRate_600 + -1.74892976588631 * Threads_8 + 16.6345819397993 * cpuUsed_0 * TileColumns_0 + 3.81377926421403 * AutoAltRef * bitRate_300;14.3300685548008;14.3300685548008;14.3300685548008;14.3300685548008;1.315781;13;3.81377926421403 * AutoAltRef * bitRate_300;2;2.66297863043683;
9;3.08236929922133 * Quality + 0.358898776418269 * AutoAltRef + 15.0431813125696 * cpuUsed_0 + 50.4344345569151 * cpuUsed_0 * lossless + 1.51726918798668 * cpuUsed_2 + 8.82873192436042 * AutoAltRef * bitRate_600 + -1.809043381535 * Threads_8 + 16.5644493882091 * cpuUsed_0 * TileColumns_0 + 4.28800889877642 * AutoAltRef * bitRate_300 + -0.499276974415988 * bitRate_300;13.6285224683295;13.6285224683295;13.6285224683295;13.6285224683295;1.776319;14;-0.499276974415988 * bitRate_300;1;0.701546086471243;
10;3.03940366972476 * Quality + 0.395354462051713 * AutoAltRef + 15.0679190992494 * cpuUsed_0 + 50.3979788712817 * cpuUsed_0 * lossless + 2.08059633027521 * cpuUsed_2 + 8.83524186822353 * AutoAltRef * bitRate_600 + -1.79341951626353 * Threads_8 + 16.5826772310258 * cpuUsed_0 * TileColumns_0 + 4.16475396163471 * AutoAltRef * bitRate_300 + -0.369512093411173 * bitRate_300 + -0.78032527105918 * cpuUsed_2 * lagInFrames_0;12.6433261996111;12.6433261996111;12.6433261996111;12.6433261996111;2.340702;16;-0.78032527105918 * cpuUsed_2 * lagInFrames_0;2;0.49259813435918;
11;3.03940366972479 * Quality + 0.395354462051706 * AutoAltRef + 27.9129190992494 * cpuUsed_0 + 41.8346455379483 * cpuUsed_0 * lossless + 2.08059633027525 * cpuUsed_2 + 8.83524186822352 * AutoAltRef * bitRate_600 + -1.79341951626357 * Threads_8 + 16.5826772310259 * cpuUsed_0 * TileColumns_0 + 4.16475396163471 * AutoAltRef * bitRate_300 + -0.369512093411155 * bitRate_300 + -0.780325271059181 * cpuUsed_2 * lagInFrames_0 + -12.845 * cpuUsed_0 * good;11.9078086147555;11.9078086147555;11.9078086147555;11.9078086147555;3.407371;18;-12.845 * cpuUsed_0 * good;2;0.367758792427804;
12;2.99376008064514 * Quality + 0.477157258064532 * AutoAltRef + 27.9176612903226 * cpuUsed_0 + 41.7528427419355 * cpuUsed_0 * lossless + 2.12623991935487 * cpuUsed_2 + 8.79908266129034 * AutoAltRef * bitRate_600 + -1.45376008064513 * Threads_8 + 16.6235786290323 * cpuUsed_0 * TileColumns_0 + 4.09124999999998 * AutoAltRef * bitRate_300 + -0.332167338709634 * bitRate_300 + -0.805221774193502 * cpuUsed_2 * lagInFrames_0 + -12.845 * cpuUsed_0 * good + -0.473823924731228 * Threads_8 * AutoAltRef;11.3497124938787;11.3497124938787;11.3497124938787;11.3497124938787;4.197502;20;-0.473823924731228 * Threads_8 * AutoAltRef;2;0.2790480604384;
13;2.96902439024388 * Quality + 0.500243902439059 * AutoAltRef + 27.9308536585365 * cpuUsed_0 + 41.729756097561 * cpuUsed_0 * lossless + 2.15097560975612 * cpuUsed_2 + 8.80073170731708 * AutoAltRef * bitRate_600 + -1.42902439024387 * Threads_8 + 16.6351219512195 * cpuUsed_0 * TileColumns_0 + 4.02308943089428 * AutoAltRef * bitRate_300 + -0.53499999999999 * bitRate_300 + -0.670000000000005 * cpuUsed_2 * lagInFrames_0 + -12.845 * cpuUsed_0 * good + -0.496910569105738 * Threads_8 * AutoAltRef + 0.272642276422743 * bitRate_300 * FrameBoost;11.0802405021812;11.0802405021812;11.0802405021812;11.0802405021812;5.114777;22;0.272642276422743 * bitRate_300 * FrameBoost;2;0.134735995848783;
Elapsed=00:00:05.1175645
average model: 
command: analyze-learning
Round, Model, LearningError, LearningErrorRel, ValidationError, ValidationErrorRel, ElapsedSeconds, ModelComplexity, BestCandidate, BestCandidateSize, BestCandidateScore, TestError
Models:
Termination reason: minImprovementPerRound
1;6.30999999999999 * Quality + 13.90375 * AutoAltRef;252.749273000383;252.749273000383;252.749273000383;252.749273000383;0.144928;2;13.90375 * AutoAltRef;1;1.79769313486232E+308;182.097851866877
2;-0.289295774647895 * Quality + 8.12936619718312 * AutoAltRef + 49.4947183098592 * cpuUsed_0;123.22046832527;123.22046832527;123.22046832527;123.22046832527;0.181454;3;49.4947183098592 * cpuUsed_0;1;129.528804675113;105.551550132553
3;3.62324324324323 * Quality + -0.0217567567567493 * AutoAltRef + 20.1506756756757 * cpuUsed_0 + 61.7311711711712 * cpuUsed_0 * lossless;36.106915805246;36.106915805246;36.106915805246;36.106915805246;0.239651;5;61.7311711711712 * cpuUsed_0 * lossless;2;43.5567762600121;63.6770022295088
4;3.32142076502732 * Quality + 0.264180327868875 * AutoAltRef + 20.3571857923497 * cpuUsed_0 + 61.5405464480874 * cpuUsed_0 * lossless + 1.0285792349727 * cpuUsed_2;31.9607413289797;31.9607413289797;31.9607413289797;31.9607413289797;0.32641;6;1.0285792349727 * cpuUsed_2;1;4.14617447626628;60.8445987096964
5;3.269881305638 * Quality + -0.431602373887257 * AutoAltRef + 20.6406528189911 * cpuUsed_0 + 62.0044015825915 * cpuUsed_0 * lossless + 1.08011869436204 * cpuUsed_2 + 9.43172106824925 * AutoAltRef * bitRate_600;25.1662922772824;25.1662922772824;25.1662922772824;25.1662922772824;0.452966;8;9.43172106824925 * AutoAltRef * bitRate_600;2;3.39722452584868;72.1450953160424
6;3.49123076923076 * Quality + -0.172461538461521 * AutoAltRef + 20.3329230769231 * cpuUsed_0 + 61.831641025641 * cpuUsed_0 * lossless + 0.858769230769273 * cpuUsed_2 + 8.95123076923077 * AutoAltRef * bitRate_600 + -1.8193846153846 * Threads_8;21.8547918233176;21.8547918233176;21.8547918233176;21.8547918233176;0.63477;9;-1.8193846153846 * Threads_8;1;3.31150045396473;73.4290912800234
7;2.97380952380955 * Quality + 0.862380952380942 * AutoAltRef + 14.8999999999999 * cpuUsed_0 + 49.9309523809524 * cpuUsed_0 * lossless + 1.37619047619048 * cpuUsed_2 + 8.43380952380952 * AutoAltRef * bitRate_600 + -2.07809523809523 * Threads_8 + 16.8161904761905 * cpuUsed_0 * TileColumns_0;19.6560258156744;19.6560258156744;19.6560258156744;19.6560258156744;0.934233;11;16.8161904761905 * cpuUsed_0 * TileColumns_0;2;1.09938300382161;67.1438373096796
8;2.9170568561873 * Quality + 0.499163879598633 * AutoAltRef + 15.1383612040133 * cpuUsed_0 + 50.2941694537347 * cpuUsed_0 * lossless + 1.43294314381268 * cpuUsed_2 + 8.85377926421403 * AutoAltRef * bitRate_600 + -1.74892976588631 * Threads_8 + 16.6345819397993 * cpuUsed_0 * TileColumns_0 + 3.81377926421403 * AutoAltRef * bitRate_300;14.3300685548008;14.3300685548008;14.3300685548008;14.3300685548008;1.315781;13;3.81377926421403 * AutoAltRef * bitRate_300;2;2.66297863043683;70.2691105572297
9;3.08236929922133 * Quality + 0.358898776418269 * AutoAltRef + 15.0431813125696 * cpuUsed_0 + 50.4344345569151 * cpuUsed_0 * lossless + 1.51726918798668 * cpuUsed_2 + 8.82873192436042 * AutoAltRef * bitRate_600 + -1.809043381535 * Threads_8 + 16.5644493882091 * cpuUsed_0 * TileColumns_0 + 4.28800889877642 * AutoAltRef * bitRate_300 + -0.499276974415988 * bitRate_300;13.6285224683295;13.6285224683295;13.6285224683295;13.6285224683295;1.776319;14;-0.499276974415988 * bitRate_300;1;0.701546086471243;70.086249283415
10;3.03940366972476 * Quality + 0.395354462051713 * AutoAltRef + 15.0679190992494 * cpuUsed_0 + 50.3979788712817 * cpuUsed_0 * lossless + 2.08059633027521 * cpuUsed_2 + 8.83524186822353 * AutoAltRef * bitRate_600 + -1.79341951626353 * Threads_8 + 16.5826772310258 * cpuUsed_0 * TileColumns_0 + 4.16475396163471 * AutoAltRef * bitRate_300 + -0.369512093411173 * bitRate_300 + -0.78032527105918 * cpuUsed_2 * lagInFrames_0;12.6433261996111;12.6433261996111;12.6433261996111;12.6433261996111;2.340702;16;-0.78032527105918 * cpuUsed_2 * lagInFrames_0;2;0.49259813435918;69.7032818509972
11;3.03940366972479 * Quality + 0.395354462051706 * AutoAltRef + 27.9129190992494 * cpuUsed_0 + 41.8346455379483 * cpuUsed_0 * lossless + 2.08059633027525 * cpuUsed_2 + 8.83524186822352 * AutoAltRef * bitRate_600 + -1.79341951626357 * Threads_8 + 16.5826772310259 * cpuUsed_0 * TileColumns_0 + 4.16475396163471 * AutoAltRef * bitRate_300 + -0.369512093411155 * bitRate_300 + -0.780325271059181 * cpuUsed_2 * lagInFrames_0 + -12.845 * cpuUsed_0 * good;11.9078086147555;11.9078086147555;11.9078086147555;11.9078086147555;3.407371;18;-12.845 * cpuUsed_0 * good;2;0.367758792427804;69.8594911128886
12;2.99376008064514 * Quality + 0.477157258064532 * AutoAltRef + 27.9176612903226 * cpuUsed_0 + 41.7528427419355 * cpuUsed_0 * lossless + 2.12623991935487 * cpuUsed_2 + 8.79908266129034 * AutoAltRef * bitRate_600 + -1.45376008064513 * Threads_8 + 16.6235786290323 * cpuUsed_0 * TileColumns_0 + 4.09124999999998 * AutoAltRef * bitRate_300 + -0.332167338709634 * bitRate_300 + -0.805221774193502 * cpuUsed_2 * lagInFrames_0 + -12.845 * cpuUsed_0 * good + -0.473823924731228 * Threads_8 * AutoAltRef;11.3497124938787;11.3497124938787;11.3497124938787;11.3497124938787;4.197502;20;-0.473823924731228 * Threads_8 * AutoAltRef;2;0.2790480604384;69.2864053569421
13;2.96902439024388 * Quality + 0.500243902439059 * AutoAltRef + 27.9308536585365 * cpuUsed_0 + 41.729756097561 * cpuUsed_0 * lossless + 2.15097560975612 * cpuUsed_2 + 8.80073170731708 * AutoAltRef * bitRate_600 + -1.42902439024387 * Threads_8 + 16.6351219512195 * cpuUsed_0 * TileColumns_0 + 4.02308943089428 * AutoAltRef * bitRate_300 + -0.53499999999999 * bitRate_300 + -0.670000000000005 * cpuUsed_2 * lagInFrames_0 + -12.845 * cpuUsed_0 * good + -0.496910569105738 * Threads_8 * AutoAltRef + 0.272642276422743 * bitRate_300 * FrameBoost;11.0802405021812;11.0802405021812;11.0802405021812;11.0802405021812;5.114777;22;0.272642276422743 * bitRate_300 * FrameBoost;2;0.134735995848783;69.0457021623279
Analyze finished
command: measurementstocsv /scratch/kaltenec/Distribution-Aware-Sampling/Results_opt/VP9_disc/VP9_disc_46/sampledConfigurations_solv_0.csv
command: clean-sampling
command: clean-global
command: script /scratch/kaltenec/Distribution-Aware-Sampling/Results_opt/VP9_disc/VP9_disc_46/learn_solv_1.a
command: log /scratch/kaltenec/Distribution-Aware-Sampling/Results_opt/VP9_disc/VP9_disc_46/out_solv_1.log
