Current machine learning settings: epsilon:0 lossFunction:RELATIVE parallelization:True bagging:False baggingNumbers:3 considerEpsilonTube:False baggingTestDataFraction:50 useBackward:False abortError:1 limitFeatureSize:False featureSizeTreshold:4 quadraticFunctionSupport:True crossValidation:False crossValidation-k:5 learn-logFunction:False learn-accumulatedLogFunction:False learn-asymFunction:False learn-ratioFunction:False learn-mirrowedFunction:False numberOfRounds:70 backwardErrorDelta:1 minImprovementPerRound:0.1 withHierarchy:False bruteForceCandidates:False ignoreBadFeatures:False stopOnLongRound:True candidateSizePenalty:True learnTimeLimit:00:00:00 scoreMeasure:RELERROR outputRoundsToStdout:False blacklisted: 
command: mlsettings bagging:False stopOnLongRound:False parallelization:True lossFunction:RELATIVE useBackward:False abortError:10 limitFeatureSize:False featureSizeTreshold:7 quadraticFunctionSupport:True crossValidation:False learn_logFunction:True numberOfRounds:70 backwardErrorDelta:1 minImprovementPerRound:0.25 withHierarchy:False
Current machine learning settings: epsilon:0 lossFunction:RELATIVE parallelization:True bagging:False baggingNumbers:3 considerEpsilonTube:False baggingTestDataFraction:50 useBackward:False abortError:10 limitFeatureSize:False featureSizeTreshold:7 quadraticFunctionSupport:True crossValidation:False crossValidation-k:5 learn-logFunction:True learn-accumulatedLogFunction:False learn-asymFunction:False learn-ratioFunction:False learn-mirrowedFunction:False numberOfRounds:70 backwardErrorDelta:1 minImprovementPerRound:0.25 withHierarchy:False bruteForceCandidates:False ignoreBadFeatures:False stopOnLongRound:False candidateSizePenalty:True learnTimeLimit:00:00:00 scoreMeasure:RELERROR outputRoundsToStdout:False blacklisted: 
command: solver z3
command: vm /scratch/kaltenec/Distribution-Aware-Sampling/DistOut/ConstraintData/JavaGC_disc/FeatureModel.xml
command: all /scratch/kaltenec/Distribution-Aware-Sampling/DistOut/ConstraintData/JavaGC_disc/measurements.xml
Configs with too large deviation: 0
193536 configurations loaded.
command: nfp Performance
command: hybrid distribution-aware distance-metric:manhattan distribution:uniform onlyBinary:true selection:SolverSelection optimization:None numConfigs:32 seed:32
command: learn-splconqueror
Learning: NumberOfConfigurationsLearning:32 NumberOfConfigurationsValidation:32
Learning progress:
1;77.5750814814814 * MaxTenuringThreshold + -45.5512814814816 * NewRatio_1;69.3020736581272;69.3020736581272;69.3020736581272;69.3020736581272;0.035959;2;-45.5512814814816 * NewRatio_1;1;1.79769313486232E+308;
2;150.118507407407 * MaxTenuringThreshold + -118.094707407407 * NewRatio_1 + -108.815138888889 * NewRatio_2;36.2649484795056;36.2649484795056;36.2649484795056;36.2649484795056;0.055294;3;-108.815138888889 * NewRatio_2;1;33.0371251786216;
3;122.356385714286 * MaxTenuringThreshold + -90.3325857142857 * NewRatio_1 + -81.0530171957671 * NewRatio_2 + 124.929547619048 * SurvivorRatio_21;29.1286399037149;29.1286399037149;29.1286399037149;29.1286399037149;0.093027;4;124.929547619048 * SurvivorRatio_21;1;7.1363085757907;
4;57.8354833333333 * MaxTenuringThreshold + -25.8116833333333 * NewRatio_1 + -16.5321148148148 * NewRatio_2 + 189.45045 * SurvivorRatio_21 + 150.548772222222 * NewRatio_16;13.0302421115802;13.0302421115802;13.0302421115802;13.0302421115802;0.158541;5;150.548772222222 * NewRatio_16;1;16.0983977921347;
5;57.8354833333334 * MaxTenuringThreshold + -25.8116833333334 * NewRatio_1 + -28.2750833333334 * NewRatio_2 + 174.352347619047 * SurvivorRatio_21 + 150.548772222222 * NewRatio_16 + 15.0981023809525 * UseAdaptiveGCBoundary;7.21668885666853;7.21668885666853;7.21668885666853;7.21668885666853;0.283429;6;15.0981023809525 * UseAdaptiveGCBoundary;1;5.81355325491166;
Elapsed=00:00:00.2854970
average model: 
command: analyze-learning
Round, Model, LearningError, LearningErrorRel, ValidationError, ValidationErrorRel, ElapsedSeconds, ModelComplexity, BestCandidate, BestCandidateSize, BestCandidateScore, TestError
Models:
Termination reason: abortError
1;77.5750814814814 * MaxTenuringThreshold + -45.5512814814816 * NewRatio_1;69.3020736581272;69.3020736581272;69.3020736581272;69.3020736581272;0.035959;2;-45.5512814814816 * NewRatio_1;1;1.79769313486232E+308;79.2052339753688
2;150.118507407407 * MaxTenuringThreshold + -118.094707407407 * NewRatio_1 + -108.815138888889 * NewRatio_2;36.2649484795056;36.2649484795056;36.2649484795056;36.2649484795056;0.055294;3;-108.815138888889 * NewRatio_2;1;33.0371251786216;126.474604589618
3;122.356385714286 * MaxTenuringThreshold + -90.3325857142857 * NewRatio_1 + -81.0530171957671 * NewRatio_2 + 124.929547619048 * SurvivorRatio_21;29.1286399037149;29.1286399037149;29.1286399037149;29.1286399037149;0.093027;4;124.929547619048 * SurvivorRatio_21;1;7.1363085757907;138.688672606128
4;57.8354833333333 * MaxTenuringThreshold + -25.8116833333333 * NewRatio_1 + -16.5321148148148 * NewRatio_2 + 189.45045 * SurvivorRatio_21 + 150.548772222222 * NewRatio_16;13.0302421115802;13.0302421115802;13.0302421115802;13.0302421115802;0.158541;5;150.548772222222 * NewRatio_16;1;16.0983977921347;132.867793564335
5;57.8354833333334 * MaxTenuringThreshold + -25.8116833333334 * NewRatio_1 + -28.2750833333334 * NewRatio_2 + 174.352347619047 * SurvivorRatio_21 + 150.548772222222 * NewRatio_16 + 15.0981023809525 * UseAdaptiveGCBoundary;7.21668885666853;7.21668885666853;7.21668885666853;7.21668885666853;0.283429;6;15.0981023809525 * UseAdaptiveGCBoundary;1;5.81355325491166;138.68466464084
Analyze finished
command: printconfigs /scratch/kaltenec/Distribution-Aware-Sampling/Results_newTry/JavaGC_disc/JavaGC_disc_32/sampledConfigurations_solv_0.csv
command: clean-sampling
command: clean-global
command: script /scratch/kaltenec/Distribution-Aware-Sampling/Results_newTry/JavaGC_disc/JavaGC_disc_32/learn_solv_1.a
command: log /scratch/kaltenec/Distribution-Aware-Sampling/Results_newTry/JavaGC_disc/JavaGC_disc_32/out_solv_1.log
