Current machine learning settings: epsilon:0 lossFunction:RELATIVE parallelization:True bagging:False baggingNumbers:3 baggingTestDataFraction:50 useBackward:False abortError:1 limitFeatureSize:False featureSizeTreshold:4 quadraticFunctionSupport:True crossValidation:False crossValidation-k:5 learn-logFunction:False learn-accumulatedLogFunction:False learn-asymFunction:False learn-ratioFunction:False learn-mirrowedFunction:False numberOfRounds:70 backwardErrorDelta:1 minImprovementPerRound:0.1 withHierarchy:False bruteForceCandidates:False ignoreBadFeatures:False stopOnLongRound:True candidateSizePenalty:True learnTimeLimit:00:00:00 scoreMeasure:RELERROR outputRoundsToStdout:False blacklisted: 
command: mlsettings bagging:False stopOnLongRound:False parallelization:True lossFunction:RELATIVE useBackward:False abortError:10 limitFeatureSize:False featureSizeTreshold:7 quadraticFunctionSupport:True crossValidation:False learn_logFunction:True numberOfRounds:70 backwardErrorDelta:1 minImprovementPerRound:0.25 withHierarchy:False
Current machine learning settings: epsilon:0 lossFunction:RELATIVE parallelization:True bagging:False baggingNumbers:3 baggingTestDataFraction:50 useBackward:False abortError:10 limitFeatureSize:False featureSizeTreshold:7 quadraticFunctionSupport:True crossValidation:False crossValidation-k:5 learn-logFunction:True learn-accumulatedLogFunction:False learn-asymFunction:False learn-ratioFunction:False learn-mirrowedFunction:False numberOfRounds:70 backwardErrorDelta:1 minImprovementPerRound:0.25 withHierarchy:False bruteForceCandidates:False ignoreBadFeatures:False stopOnLongRound:False candidateSizePenalty:True learnTimeLimit:00:00:00 scoreMeasure:RELERROR outputRoundsToStdout:False blacklisted: 
command: solver z3
command: vm /scratch/kaltenec/Distribution-Aware-Sampling/DistOut/ConstraintData/7z_disc/FeatureModel.xml
command: all /scratch/kaltenec/Distribution-Aware-Sampling/DistOut/ConstraintData/7z_disc/measurements.xml
Configs with too large deviation: 0
68640 configurations loaded.
command: nfp Performance
command: hybrid distribution-aware distance-metric:manhattan distribution:uniform onlyBinary:true selection:SolverSelection  numConfigs:600 seed:32
command: learn-splconqueror
Learning: NumberOfConfigurationsLearning:600 NumberOfConfigurationsValidation:600
Learning progress:
1;14274.0650406505 * CompressionMethod + -7043.87985546521 * BlockSize_1;165.054706210333;165.054706210333;165.054706210333;165.054706210333;0.127188;2;-7043.87985546521 * BlockSize_1;1;1.79769313486232E+308;
2;8969.54620858825 * CompressionMethod + -1945.89974335981 * BlockSize_1 + 22306.1817553386 * x_10;116.367153320946;116.367153320946;116.367153320946;116.367153320946;0.424596;3;22306.1817553386 * x_10;1;48.6875528893871;
3;4800.94812977937 * CompressionMethod + -210.842669594828 * BlockSize_1 + 26460.0759606409 * x_10 + 12933.4267169717 * x_8;61.7155404349297;61.7155404349297;61.7155404349297;61.7155404349297;0.938563;4;12933.4267169717 * x_8;1;54.6516128860163;
4;3669.24484156158 * CompressionMethod + 649.628579632657 * BlockSize_1 + 27584.487119628 * x_10 + 13943.0773457246 * x_8 + 7975.63647690931 * x_6;50.3440541824471;50.3440541824471;50.3440541824471;50.3440541824471;1.841518;5;7975.63647690931 * x_6;1;11.3714862524826;
5;3690.85681148504 * CompressionMethod + 573.735382924688 * BlockSize_1 + 33683.4651525264 * x_10 + 13932.230368242 * x_8 + 7955.97048638875 * x_6 + -30089.7386306782 * x_10 * PPMd;38.9659263749592;38.9659263749592;38.9659263749592;38.9659263749592;3.458721;7;-30089.7386306782 * x_10 * PPMd;2;5.68906390374393;
6;3655.34269883934 * CompressionMethod + 698.447731982912 * BlockSize_1 + 23661.2509049895 * x_10 + 13950.0547859858 * x_8 + 7988.2868464945 * x_6 + -20032.0102704955 * x_10 * PPMd + 39387.5730628378 * x_10 * BZip2;33.8155563147447;33.8155563147447;33.8155563147447;33.8155563147447;5.747804;9;39387.5730628378 * x_10 * BZip2;2;2.57518503010728;
7;3050.15632082005 * CompressionMethod + 658.716515547502 * BlockSize_1 + 24267.0048718151 * x_10 + 13837.343636072 * x_8 + 7875.13304196078 * x_6 + -20032.5778593018 * x_10 * PPMd + 36836.5510798498 * x_10 * BZip2 + 2550.45439418173 * BZip2;23.596560728396;23.596560728396;23.596560728396;23.596560728396;8.569177;10;2550.45439418173 * BZip2;1;10.2189955863486;
8;3019.67167143665 * CompressionMethod + 767.023795496591 * BlockSize_1 + 15564.6469712124 * x_10 + 13852.8854942135 * x_8 + 7903.2581023536 * x_6 + -11299.735309316 * x_10 * PPMd + 45570.8739306828 * x_10 * BZip2 + 2548.97409333482 * BZip2 + 26573.5074443077 * x_10 * Deflate;18.7958801911764;18.7958801911764;18.7958801911764;18.7958801911764;12.121136;12;26573.5074443077 * x_10 * Deflate;2;2.40034026860981;
9;2825.70429455558 * CompressionMethod + 718.675592086647 * BlockSize_1 + 15759.6430332723 * x_10 + 13809.9097684545 * x_8 + 10674.7001485842 * x_6 + -11300.7639944945 * x_10 * PPMd + 44710.4467069926 * x_10 * BZip2 + 3408.37263184619 * BZip2 + 26572.4787591288 * x_10 * Deflate + -9993.3225295313 * BZip2 * x_6;15.4687712409014;15.4687712409014;15.4687712409014;15.4687712409014;16.208537;14;-9993.3225295313 * BZip2 * x_6;2;1.66355447513749;
10;3043.04893996921 * CompressionMethod + 433.34892037727 * BlockSize_1 + 15548.3691681079 * x_10 + 14986.1530940266 * x_8 + 10467.5457414459 * x_6 + -11306.834774744 * x_10 * PPMd + 45267.3894767148 * x_10 * BZip2 + 2845.35908187473 * BZip2 + 26566.4079788796 * x_10 * Deflate + -9440.49921783525 * BZip2 * x_6 + -12019.202033996 * x_8 * PPMd;11.5977393192261;11.5977393192261;11.5977393192261;11.5977393192261;21.022811;16;-12019.202033996 * x_8 * PPMd;2;1.93551596083764;
11;3310.93259265832 * CompressionMethod + 355.016493258958 * BlockSize_1 + 15282.1521628043 * x_10 + 15020.7316336126 * x_8 + 10653.6900661156 * x_6 + -11308.5014221293 * x_10 * PPMd + 45526.4368680727 * x_10 * BZip2 + 2584.6450431315 * BZip2 + 27713.3277804871 * x_10 * Deflate + -9633.81315645074 * BZip2 * x_6 + -12321.6642262709 * x_8 * PPMd + -1148.58644899326 * Deflate;10.1784961249752;10.1784961249752;10.1784961249752;10.1784961249752;26.808253;17;-1148.58644899326 * Deflate;1;1.41924319425092;
12;3053.52621409054 * CompressionMethod + 367.854688482288 * BlockSize_1 + 15539.2853882822 * x_10 + 15987.2841315233 * x_8 + 10931.3931389688 * x_6 + -11308.2282690393 * x_10 * PPMd + 44442.2093394547 * x_10 * BZip2 + 3669.14572483924 * BZip2 + 27766.4323549606 * x_10 * Deflate + -10738.610532444 * BZip2 * x_6 + -13030.8103456138 * x_8 * PPMd + -1201.41787037682 * Deflate + -3312.08064093741 * x_8 * BZip2;7.72456459882418;7.72456459882418;7.72456459882418;7.72456459882418;33.61193;19;-3312.08064093741 * x_8 * BZip2;2;1.22696576307552;
Elapsed=00:00:33.6203977
average model: 
command: analyze-learning
Round, Model, LearningError, LearningErrorRel, ValidationError, ValidationErrorRel, ElapsedSeconds, ModelComplexity, BestCandidate, BestCandidateSize, BestCandidateScore, TestError
Models:
Termination reason: abortError
1;14274.0650406505 * CompressionMethod + -7043.87985546521 * BlockSize_1;165.054706210333;165.054706210333;165.054706210333;165.054706210333;0.127188;2;-7043.87985546521 * BlockSize_1;1;1.79769313486232E+308;224.397217490916
2;8969.54620858825 * CompressionMethod + -1945.89974335981 * BlockSize_1 + 22306.1817553386 * x_10;116.367153320946;116.367153320946;116.367153320946;116.367153320946;0.424596;3;22306.1817553386 * x_10;1;48.6875528893871;140.476797967658
3;4800.94812977937 * CompressionMethod + -210.842669594828 * BlockSize_1 + 26460.0759606409 * x_10 + 12933.4267169717 * x_8;61.7155404349297;61.7155404349297;61.7155404349297;61.7155404349297;0.938563;4;12933.4267169717 * x_8;1;54.6516128860163;72.5772536171909
4;3669.24484156158 * CompressionMethod + 649.628579632657 * BlockSize_1 + 27584.487119628 * x_10 + 13943.0773457246 * x_8 + 7975.63647690931 * x_6;50.3440541824471;50.3440541824471;50.3440541824471;50.3440541824471;1.841518;5;7975.63647690931 * x_6;1;11.3714862524826;64.8788812321189
5;3690.85681148504 * CompressionMethod + 573.735382924688 * BlockSize_1 + 33683.4651525264 * x_10 + 13932.230368242 * x_8 + 7955.97048638875 * x_6 + -30089.7386306782 * x_10 * PPMd;38.9659263749592;38.9659263749592;38.9659263749592;38.9659263749592;3.458721;7;-30089.7386306782 * x_10 * PPMd;2;5.68906390374393;56.6127569091746
6;3655.34269883934 * CompressionMethod + 698.447731982912 * BlockSize_1 + 23661.2509049895 * x_10 + 13950.0547859858 * x_8 + 7988.2868464945 * x_6 + -20032.0102704955 * x_10 * PPMd + 39387.5730628378 * x_10 * BZip2;33.8155563147447;33.8155563147447;33.8155563147447;33.8155563147447;5.747804;9;39387.5730628378 * x_10 * BZip2;2;2.57518503010728;52.1075720220339
7;3050.15632082005 * CompressionMethod + 658.716515547502 * BlockSize_1 + 24267.0048718151 * x_10 + 13837.343636072 * x_8 + 7875.13304196078 * x_6 + -20032.5778593018 * x_10 * PPMd + 36836.5510798498 * x_10 * BZip2 + 2550.45439418173 * BZip2;23.596560728396;23.596560728396;23.596560728396;23.596560728396;8.569177;10;2550.45439418173 * BZip2;1;10.2189955863486;42.1180890488113
8;3019.67167143665 * CompressionMethod + 767.023795496591 * BlockSize_1 + 15564.6469712124 * x_10 + 13852.8854942135 * x_8 + 7903.2581023536 * x_6 + -11299.735309316 * x_10 * PPMd + 45570.8739306828 * x_10 * BZip2 + 2548.97409333482 * BZip2 + 26573.5074443077 * x_10 * Deflate;18.7958801911764;18.7958801911764;18.7958801911764;18.7958801911764;12.121136;12;26573.5074443077 * x_10 * Deflate;2;2.40034026860981;37.8493457122016
9;2825.70429455558 * CompressionMethod + 718.675592086647 * BlockSize_1 + 15759.6430332723 * x_10 + 13809.9097684545 * x_8 + 10674.7001485842 * x_6 + -11300.7639944945 * x_10 * PPMd + 44710.4467069926 * x_10 * BZip2 + 3408.37263184619 * BZip2 + 26572.4787591288 * x_10 * Deflate + -9993.3225295313 * BZip2 * x_6;15.4687712409014;15.4687712409014;15.4687712409014;15.4687712409014;16.208537;14;-9993.3225295313 * BZip2 * x_6;2;1.66355447513749;37.2085096560732
10;3043.04893996921 * CompressionMethod + 433.34892037727 * BlockSize_1 + 15548.3691681079 * x_10 + 14986.1530940266 * x_8 + 10467.5457414459 * x_6 + -11306.834774744 * x_10 * PPMd + 45267.3894767148 * x_10 * BZip2 + 2845.35908187473 * BZip2 + 26566.4079788796 * x_10 * Deflate + -9440.49921783525 * BZip2 * x_6 + -12019.202033996 * x_8 * PPMd;11.5977393192261;11.5977393192261;11.5977393192261;11.5977393192261;21.022811;16;-12019.202033996 * x_8 * PPMd;2;1.93551596083764;32.7320055457672
11;3310.93259265832 * CompressionMethod + 355.016493258958 * BlockSize_1 + 15282.1521628043 * x_10 + 15020.7316336126 * x_8 + 10653.6900661156 * x_6 + -11308.5014221293 * x_10 * PPMd + 45526.4368680727 * x_10 * BZip2 + 2584.6450431315 * BZip2 + 27713.3277804871 * x_10 * Deflate + -9633.81315645074 * BZip2 * x_6 + -12321.6642262709 * x_8 * PPMd + -1148.58644899326 * Deflate;10.1784961249752;10.1784961249752;10.1784961249752;10.1784961249752;26.808253;17;-1148.58644899326 * Deflate;1;1.41924319425092;29.6232904558554
12;3053.52621409054 * CompressionMethod + 367.854688482288 * BlockSize_1 + 15539.2853882822 * x_10 + 15987.2841315233 * x_8 + 10931.3931389688 * x_6 + -11308.2282690393 * x_10 * PPMd + 44442.2093394547 * x_10 * BZip2 + 3669.14572483924 * BZip2 + 27766.4323549606 * x_10 * Deflate + -10738.610532444 * BZip2 * x_6 + -13030.8103456138 * x_8 * PPMd + -1201.41787037682 * Deflate + -3312.08064093741 * x_8 * BZip2;7.72456459882418;7.72456459882418;7.72456459882418;7.72456459882418;33.61193;19;-3312.08064093741 * x_8 * BZip2;2;1.22696576307552;27.8891341222745
Analyze finished
command: measurementstocsv /scratch/kaltenec/Distribution-Aware-Sampling/Results_test/7z_disc/7z_disc_32/sampledConfigurations_solv_1.csv
command: clean-sampling
command: clean-global
command: script /scratch/kaltenec/Distribution-Aware-Sampling/Results_test/7z_disc/7z_disc_32/learn_solv_2.a
command: log /scratch/kaltenec/Distribution-Aware-Sampling/Results_test/7z_disc/7z_disc_32/out_solv_2.log
