Current machine learning settings: epsilon:0 lossFunction:RELATIVE parallelization:True bagging:False baggingNumbers:3 considerEpsilonTube:False baggingTestDataFraction:50 useBackward:False abortError:1 limitFeatureSize:False featureSizeTreshold:4 quadraticFunctionSupport:True crossValidation:False crossValidation-k:5 learn-logFunction:False learn-accumulatedLogFunction:False learn-asymFunction:False learn-ratioFunction:False learn-mirrowedFunction:False numberOfRounds:70 backwardErrorDelta:1 minImprovementPerRound:0.1 withHierarchy:False bruteForceCandidates:False ignoreBadFeatures:False stopOnLongRound:True candidateSizePenalty:True learnTimeLimit:00:00:00 scoreMeasure:RELERROR outputRoundsToStdout:False blacklisted: 
command: mlsettings bagging:False stopOnLongRound:False parallelization:True lossFunction:RELATIVE useBackward:False abortError:10 limitFeatureSize:False featureSizeTreshold:7 quadraticFunctionSupport:True crossValidation:False learn_logFunction:True numberOfRounds:70 backwardErrorDelta:1 minImprovementPerRound:0.25 withHierarchy:False
Current machine learning settings: epsilon:0 lossFunction:RELATIVE parallelization:True bagging:False baggingNumbers:3 considerEpsilonTube:False baggingTestDataFraction:50 useBackward:False abortError:10 limitFeatureSize:False featureSizeTreshold:7 quadraticFunctionSupport:True crossValidation:False crossValidation-k:5 learn-logFunction:True learn-accumulatedLogFunction:False learn-asymFunction:False learn-ratioFunction:False learn-mirrowedFunction:False numberOfRounds:70 backwardErrorDelta:1 minImprovementPerRound:0.25 withHierarchy:False bruteForceCandidates:False ignoreBadFeatures:False stopOnLongRound:False candidateSizePenalty:True learnTimeLimit:00:00:00 scoreMeasure:RELERROR outputRoundsToStdout:False blacklisted: 
command: solver z3
command: vm /scratch/kaltenec/Distribution-Aware-Sampling/DistOut/ConstraintData/VP9_disc/FeatureModel.xml
command: all /scratch/kaltenec/Distribution-Aware-Sampling/DistOut/ConstraintData/VP9_disc/measurements.xml
Configs with too large deviation: 0
216000 configurations loaded.
command: nfp Performance
command: hybrid distribution-aware distance-metric:manhattan distribution:uniform onlyBinary:true selection:SolverSelection optimization:None numConfigs:31 seed:61
command: learn-splconqueror
Learning: NumberOfConfigurationsLearning:31 NumberOfConfigurationsValidation:31
Learning progress:
1;13.084 * Quality + 29.120375 * cpuUsed_0;13.7274465824583;13.7274465824583;13.7274465824583;13.7274465824583;0.034817;2;29.120375 * cpuUsed_0;1;1.79769313486232E+308;
2;13.084 * Quality + 22.07975 * cpuUsed_0 + 14.08125 * cpuUsed_0 * realtime;8.4037678342107;8.4037678342107;8.4037678342107;8.4037678342107;0.060609;4;14.08125 * cpuUsed_0 * realtime;2;2.66183937412382;
Elapsed=00:00:00.0628497
average model: 
command: analyze-learning
Round, Model, LearningError, LearningErrorRel, ValidationError, ValidationErrorRel, ElapsedSeconds, ModelComplexity, BestCandidate, BestCandidateSize, BestCandidateScore, TestError
Models:
Termination reason: abortError
1;13.084 * Quality + 29.120375 * cpuUsed_0;13.7274465824583;13.7274465824583;13.7274465824583;13.7274465824583;0.034817;2;29.120375 * cpuUsed_0;1;1.79769313486232E+308;507.471642534352
2;13.084 * Quality + 22.07975 * cpuUsed_0 + 14.08125 * cpuUsed_0 * realtime;8.4037678342107;8.4037678342107;8.4037678342107;8.4037678342107;0.060609;4;14.08125 * cpuUsed_0 * realtime;2;2.66183937412382;507.033445253471
Analyze finished
command: printconfigs /scratch/kaltenec/Distribution-Aware-Sampling/Results_newTry/VP9_disc/VP9_disc_61/sampledConfigurations_solv_0.csv
command: clean-sampling
command: clean-global
command: script /scratch/kaltenec/Distribution-Aware-Sampling/Results_newTry/VP9_disc/VP9_disc_61/learn_solv_1.a
command: log /scratch/kaltenec/Distribution-Aware-Sampling/Results_newTry/VP9_disc/VP9_disc_61/out_solv_1.log
