Current machine learning settings: epsilon:0 lossFunction:RELATIVE parallelization:True bagging:False baggingNumbers:3 baggingTestDataFraction:50 useBackward:False abortError:1 limitFeatureSize:False featureSizeTreshold:4 quadraticFunctionSupport:True crossValidation:False crossValidation-k:5 learn-logFunction:False learn-accumulatedLogFunction:False learn-asymFunction:False learn-ratioFunction:False learn-mirrowedFunction:False numberOfRounds:70 backwardErrorDelta:1 minImprovementPerRound:0.1 withHierarchy:False bruteForceCandidates:False ignoreBadFeatures:False stopOnLongRound:True candidateSizePenalty:True learnTimeLimit:00:00:00 scoreMeasure:RELERROR outputRoundsToStdout:False blacklisted: 
command: mlsettings bagging:False stopOnLongRound:False parallelization:True lossFunction:RELATIVE useBackward:False abortError:10 limitFeatureSize:False featureSizeTreshold:7 quadraticFunctionSupport:True crossValidation:False learn_logFunction:True numberOfRounds:70 backwardErrorDelta:1 minImprovementPerRound:0.25 withHierarchy:False
Current machine learning settings: epsilon:0 lossFunction:RELATIVE parallelization:True bagging:False baggingNumbers:3 baggingTestDataFraction:50 useBackward:False abortError:10 limitFeatureSize:False featureSizeTreshold:7 quadraticFunctionSupport:True crossValidation:False crossValidation-k:5 learn-logFunction:True learn-accumulatedLogFunction:False learn-asymFunction:False learn-ratioFunction:False learn-mirrowedFunction:False numberOfRounds:70 backwardErrorDelta:1 minImprovementPerRound:0.25 withHierarchy:False bruteForceCandidates:False ignoreBadFeatures:False stopOnLongRound:False candidateSizePenalty:True learnTimeLimit:00:00:00 scoreMeasure:RELERROR outputRoundsToStdout:False blacklisted: 
command: solver z3
command: vm /scratch/kaltenec/Distribution-Aware-Sampling/DistOut/ConstraintData/JavaGC_disc/FeatureModel.xml
command: all /scratch/kaltenec/Distribution-Aware-Sampling/DistOut/ConstraintData/JavaGC_disc/measurements.xml
Configs with too large deviation: 0
193536 configurations loaded.
command: nfp Performance
command: binary satoutput numConfigs:468 seed:28
command: learn-splconqueror
Learning: NumberOfConfigurationsLearning:468 NumberOfConfigurationsValidation:468
Learning progress:
1;58.2678113740461 * MaxTenuringThreshold + 0.570167590355581 * DisableExplicitGC;64.3968815577818;64.3968815577818;64.3968815577818;64.3968815577818;0.080315;2;0.570167590355581 * DisableExplicitGC;1;1.79769313486232E+308;
2;33.3671907311641 * MaxTenuringThreshold + 4.45360948585172 * DisableExplicitGC + 59.3087509857732 * UseAdaptiveSizePolicy;21.0868089882528;21.0868089882528;21.0868089882528;21.0868089882528;0.264481;3;59.3087509857732 * UseAdaptiveSizePolicy;1;43.3100725695291;
3;39.1318675758731 * MaxTenuringThreshold + 5.80777157008175 * DisableExplicitGC + 58.1232235816562 * UseAdaptiveSizePolicy + -12.6599754023934 * UseAdaptiveGCBoundary;10.7405534903661;10.7405534903661;10.7405534903661;10.7405534903661;0.583187;4;-12.6599754023934 * UseAdaptiveGCBoundary;1;10.3462554978867;
4;43.5794447212663 * MaxTenuringThreshold + 5.27050329456016 * DisableExplicitGC + 48.4004780438333 * UseAdaptiveSizePolicy + -20.9662448870646 * UseAdaptiveGCBoundary + 21.8816262404511 * UseAdaptiveSizePolicy * UseAdaptiveGCBoundary;4.18357560236965;4.18357560236965;4.18357560236965;4.18357560236965;1.10375;6;21.8816262404511 * UseAdaptiveSizePolicy * UseAdaptiveGCBoundary;2;3.27848894399822;
Elapsed=00:00:01.1123464
average model: 
command: analyze-learning
Round, Model, LearningError, LearningErrorRel, ValidationError, ValidationErrorRel, ElapsedSeconds, ModelComplexity, BestCandidate, BestCandidateSize, BestCandidateScore, TestError
Models:
Termination reason: abortError
1;58.2678113740461 * MaxTenuringThreshold + 0.570167590355581 * DisableExplicitGC;64.3968815577818;64.3968815577818;64.3968815577818;64.3968815577818;0.080315;2;0.570167590355581 * DisableExplicitGC;1;1.79769313486232E+308;74.0391896884386
2;33.3671907311641 * MaxTenuringThreshold + 4.45360948585172 * DisableExplicitGC + 59.3087509857732 * UseAdaptiveSizePolicy;21.0868089882528;21.0868089882528;21.0868089882528;21.0868089882528;0.264481;3;59.3087509857732 * UseAdaptiveSizePolicy;1;43.3100725695291;65.2542841520993
3;39.1318675758731 * MaxTenuringThreshold + 5.80777157008175 * DisableExplicitGC + 58.1232235816562 * UseAdaptiveSizePolicy + -12.6599754023934 * UseAdaptiveGCBoundary;10.7405534903661;10.7405534903661;10.7405534903661;10.7405534903661;0.583187;4;-12.6599754023934 * UseAdaptiveGCBoundary;1;10.3462554978867;63.2393271281681
4;43.5794447212663 * MaxTenuringThreshold + 5.27050329456016 * DisableExplicitGC + 48.4004780438333 * UseAdaptiveSizePolicy + -20.9662448870646 * UseAdaptiveGCBoundary + 21.8816262404511 * UseAdaptiveSizePolicy * UseAdaptiveGCBoundary;4.18357560236965;4.18357560236965;4.18357560236965;4.18357560236965;1.10375;6;21.8816262404511 * UseAdaptiveSizePolicy * UseAdaptiveGCBoundary;2;3.27848894399822;65.3779465792787
Analyze finished
command: measurementstocsv /scratch/kaltenec/Distribution-Aware-Sampling/Results_test/JavaGC_disc/JavaGC_disc_28/sampledConfigurations_semi_1.csv
command: clean-sampling
command: clean-global
command: script /scratch/kaltenec/Distribution-Aware-Sampling/Results_test/JavaGC_disc/JavaGC_disc_28/learn_semi_2.a
command: log /scratch/kaltenec/Distribution-Aware-Sampling/Results_test/JavaGC_disc/JavaGC_disc_28/out_semi_2.log
