Current machine learning settings: epsilon:0 lossFunction:RELATIVE parallelization:True bagging:False baggingNumbers:3 considerEpsilonTube:False baggingTestDataFraction:50 useBackward:False abortError:1 limitFeatureSize:False featureSizeTreshold:4 quadraticFunctionSupport:True crossValidation:False crossValidation-k:5 learn-logFunction:False learn-accumulatedLogFunction:False learn-asymFunction:False learn-ratioFunction:False learn-mirrowedFunction:False numberOfRounds:70 backwardErrorDelta:1 minImprovementPerRound:0.1 withHierarchy:False bruteForceCandidates:False ignoreBadFeatures:False stopOnLongRound:True candidateSizePenalty:True learnTimeLimit:00:00:00 scoreMeasure:RELERROR outputRoundsToStdout:False blacklisted: 
command: mlsettings bagging:False stopOnLongRound:False parallelization:True lossFunction:RELATIVE useBackward:False abortError:10 limitFeatureSize:False featureSizeTreshold:7 quadraticFunctionSupport:True crossValidation:False learn_logFunction:True numberOfRounds:70 backwardErrorDelta:1 minImprovementPerRound:0.25 withHierarchy:False
Current machine learning settings: epsilon:0 lossFunction:RELATIVE parallelization:True bagging:False baggingNumbers:3 considerEpsilonTube:False baggingTestDataFraction:50 useBackward:False abortError:10 limitFeatureSize:False featureSizeTreshold:7 quadraticFunctionSupport:True crossValidation:False crossValidation-k:5 learn-logFunction:True learn-accumulatedLogFunction:False learn-asymFunction:False learn-ratioFunction:False learn-mirrowedFunction:False numberOfRounds:70 backwardErrorDelta:1 minImprovementPerRound:0.25 withHierarchy:False bruteForceCandidates:False ignoreBadFeatures:False stopOnLongRound:False candidateSizePenalty:True learnTimeLimit:00:00:00 scoreMeasure:RELERROR outputRoundsToStdout:False blacklisted: 
command: solver z3
command: vm /scratch/kaltenec/Distribution-Aware-Sampling/DistOut/ConstraintData/VP9_disc/FeatureModel.xml
command: all /scratch/kaltenec/Distribution-Aware-Sampling/DistOut/ConstraintData/VP9_disc/measurements.xml
Configs with too large deviation: 0
216000 configurations loaded.
command: nfp Performance
command: hybrid distribution-aware distance-metric:manhattan distribution:uniform onlyBinary:true selection:SolverSelection optimization:None numConfigs:31 seed:98
command: learn-splconqueror
Learning: NumberOfConfigurationsLearning:31 NumberOfConfigurationsValidation:31
Learning progress:
1;10.8784615384615 * Quality + 26.0454273504274 * cpuUsed_0;62.5147108807696;62.5147108807696;62.5147108807696;62.5147108807696;0.035538;2;26.0454273504274 * cpuUsed_0;1;1.79769313486232E+308;
2;7.28192425793246 * Quality + 29.2090481064483 * cpuUsed_0 + 7.79249744114635 * bitRate_1200;42.7146469724283;42.7146469724283;42.7146469724283;42.7146469724283;0.060816;3;7.79249744114635 * bitRate_1200;1;19.8000639083413;
3;6.7654404945904 * Quality + 24.9910973724884 * cpuUsed_0 + 8.9115455950541 * bitRate_1200 + 14.0167954662545 * cpuUsed_0 * realtime;35.0572049268898;35.0572049268898;35.0572049268898;35.0572049268898;0.108869;5;14.0167954662545 * cpuUsed_0 * realtime;2;3.82872102276924;
4;5.41056680161944 * Quality + 24.0289929149798 * cpuUsed_0 + 8.73858299595142 * bitRate_1200 + 16.3337736167341 * cpuUsed_0 * realtime + 2.33139170040486 * good;29.0163399131915;29.0163399131915;29.0163399131915;29.0163399131915;0.174908;6;2.33139170040486 * good;1;6.0408650136983;
5;2.02666666666663 * Quality + 22.57875 * cpuUsed_0 + 5.25799999999996 * bitRate_1200 + 21.1679166666667 * cpuUsed_0 * realtime + 7.45558333333338 * good + 11.9403333333334 * bitRate_1200 * realtime;10.3608183226292;10.3608183226292;10.3608183226292;10.3608183226292;0.275481;8;11.9403333333334 * bitRate_1200 * realtime;2;9.32776079528115;
6;2.0266666666667 * Quality + 24.3598387096774 * cpuUsed_0 + 8.10774193548388 * bitRate_1200 + 20.5742204301075 * cpuUsed_0 * realtime + 7.81180107526882 * good + 12.6527688172043 * bitRate_1200 * realtime + -3.56217741935486 * cyclicRefresh;9.04186833983945;9.04186833983945;9.04186833983945;9.04186833983945;0.411316;9;-3.56217741935486 * cyclicRefresh;1;1.31894998278979;
Elapsed=00:00:00.4137518
average model: 
command: analyze-learning
Round, Model, LearningError, LearningErrorRel, ValidationError, ValidationErrorRel, ElapsedSeconds, ModelComplexity, BestCandidate, BestCandidateSize, BestCandidateScore, TestError
Models:
Termination reason: abortError
1;10.8784615384615 * Quality + 26.0454273504274 * cpuUsed_0;62.5147108807696;62.5147108807696;62.5147108807696;62.5147108807696;0.035538;2;26.0454273504274 * cpuUsed_0;1;1.79769313486232E+308;413.735372312911
2;7.28192425793246 * Quality + 29.2090481064483 * cpuUsed_0 + 7.79249744114635 * bitRate_1200;42.7146469724283;42.7146469724283;42.7146469724283;42.7146469724283;0.060816;3;7.79249744114635 * bitRate_1200;1;19.8000639083413;330.294047536573
3;6.7654404945904 * Quality + 24.9910973724884 * cpuUsed_0 + 8.9115455950541 * bitRate_1200 + 14.0167954662545 * cpuUsed_0 * realtime;35.0572049268898;35.0572049268898;35.0572049268898;35.0572049268898;0.108869;5;14.0167954662545 * cpuUsed_0 * realtime;2;3.82872102276924;319.649688645171
4;5.41056680161944 * Quality + 24.0289929149798 * cpuUsed_0 + 8.73858299595142 * bitRate_1200 + 16.3337736167341 * cpuUsed_0 * realtime + 2.33139170040486 * good;29.0163399131915;29.0163399131915;29.0163399131915;29.0163399131915;0.174908;6;2.33139170040486 * good;1;6.0408650136983;277.304416623808
5;2.02666666666663 * Quality + 22.57875 * cpuUsed_0 + 5.25799999999996 * bitRate_1200 + 21.1679166666667 * cpuUsed_0 * realtime + 7.45558333333338 * good + 11.9403333333334 * bitRate_1200 * realtime;10.3608183226292;10.3608183226292;10.3608183226292;10.3608183226292;0.275481;8;11.9403333333334 * bitRate_1200 * realtime;2;9.32776079528115;231.781388535284
6;2.0266666666667 * Quality + 24.3598387096774 * cpuUsed_0 + 8.10774193548388 * bitRate_1200 + 20.5742204301075 * cpuUsed_0 * realtime + 7.81180107526882 * good + 12.6527688172043 * bitRate_1200 * realtime + -3.56217741935486 * cyclicRefresh;9.04186833983945;9.04186833983945;9.04186833983945;9.04186833983945;0.411316;9;-3.56217741935486 * cyclicRefresh;1;1.31894998278979;258.032062243837
Analyze finished
command: printconfigs /scratch/kaltenec/Distribution-Aware-Sampling/Results_newTry/VP9_disc/VP9_disc_98/sampledConfigurations_solv_0.csv
command: clean-sampling
command: clean-global
command: script /scratch/kaltenec/Distribution-Aware-Sampling/Results_newTry/VP9_disc/VP9_disc_98/learn_solv_1.a
command: log /scratch/kaltenec/Distribution-Aware-Sampling/Results_newTry/VP9_disc/VP9_disc_98/out_solv_1.log
