Current machine learning settings: epsilon:0 lossFunction:RELATIVE parallelization:True bagging:False baggingNumbers:3 baggingTestDataFraction:50 useBackward:False abortError:1 limitFeatureSize:False featureSizeTreshold:4 quadraticFunctionSupport:True crossValidation:False crossValidation-k:5 learn-logFunction:False learn-accumulatedLogFunction:False learn-asymFunction:False learn-ratioFunction:False learn-mirrowedFunction:False numberOfRounds:70 backwardErrorDelta:1 minImprovementPerRound:0.1 withHierarchy:False bruteForceCandidates:False ignoreBadFeatures:False stopOnLongRound:True candidateSizePenalty:True learnTimeLimit:00:00:00 scoreMeasure:RELERROR outputRoundsToStdout:False blacklisted: 
command: mlsettings bagging:False stopOnLongRound:False parallelization:True lossFunction:RELATIVE useBackward:False abortError:10 limitFeatureSize:False featureSizeTreshold:7 quadraticFunctionSupport:True crossValidation:False learn_logFunction:True numberOfRounds:70 backwardErrorDelta:1 minImprovementPerRound:0.25 withHierarchy:False
Current machine learning settings: epsilon:0 lossFunction:RELATIVE parallelization:True bagging:False baggingNumbers:3 baggingTestDataFraction:50 useBackward:False abortError:10 limitFeatureSize:False featureSizeTreshold:7 quadraticFunctionSupport:True crossValidation:False crossValidation-k:5 learn-logFunction:True learn-accumulatedLogFunction:False learn-asymFunction:False learn-ratioFunction:False learn-mirrowedFunction:False numberOfRounds:70 backwardErrorDelta:1 minImprovementPerRound:0.25 withHierarchy:False bruteForceCandidates:False ignoreBadFeatures:False stopOnLongRound:False candidateSizePenalty:True learnTimeLimit:00:00:00 scoreMeasure:RELERROR outputRoundsToStdout:False blacklisted: 
command: solver z3
command: vm /scratch/kaltenec/Distribution-Aware-Sampling/DistOut/ConstraintData/Dune_disc/FeatureModel.xml
Warning: Variability model contains outdated notation. Children nodes will no longer have effect on the model. Instead use the parent node to describe the parent of an configuration option. You can also use the converter providedby the Variability Model GUI in export>convert legacy model.
Warning: Default value nodes in models are no longer used and should be removed. You can also use the converter provided by the Variability Model GUI in export>convert legacy model to update your model.
command: all /scratch/kaltenec/Distribution-Aware-Sampling/DistOut/ConstraintData/Dune_disc/measurements.xml
Configs with too large deviation: 0
2304 configurations loaded.
command: nfp Performance
command: hybrid distribution-aware distance-metric:manhattan distribution:uniform onlyBinary:true selection:SolverSelection number-weight-optimization:1-1 numConfigs:1071 seed:6
command: learn-splconqueror
Learning: NumberOfConfigurationsLearning:1071 NumberOfConfigurationsValidation:1071
Learning progress:
1;10892.3330143346 * Precon + 133.726578817099 * BiCGSTABSolver;20.3401463909907;20.3401463909907;20.3401463909907;20.3401463909907;0.132333;2;133.726578817099 * BiCGSTABSolver;1;1.79769313486232E+308;
2;10101.761620726 * Precon + 254.197026361194 * BiCGSTABSolver + 5416.64931402149 * post_0;17.9409967348878;17.9409967348878;17.9409967348878;17.9409967348878;0.433293;3;5416.64931402149 * post_0;1;2.39914965610286;
3;9698.87238511599 * Precon + -117.067352354214 * BiCGSTABSolver + 5423.8599926954 * post_0 + 2381.15468080891 * cells_55;16.7651945024935;16.7651945024935;16.7651945024935;16.7651945024935;0.966143;4;2381.15468080891 * cells_55;1;1.17580223239431;
4;9394.31549839629 * Precon + -421.603715103825 * BiCGSTABSolver + 5427.1769144666 * post_0 + 2776.18360602085 * cells_55 + 1982.92897842946 * cells_54;15.9539629000547;15.9539629000547;15.9539629000547;15.9539629000547;1.775277;5;1982.92897842946 * cells_54;1;0.811231602438756;
5;8956.50168818668 * Precon + -431.684985043989 * BiCGSTABSolver + 5414.28173853012 * post_0 + 3218.77978641238 * cells_55 + 2425.64159378285 * cells_54 + 2026.8461834344 * cells_53;14.8740149855652;14.8740149855652;14.8740149855652;14.8740149855652;2.934695;6;2026.8461834344 * cells_53;1;1.07994791448956;
6;8418.07351998287 * Precon + -486.323594852986 * BiCGSTABSolver + 5944.4260336547 * post_0 + 3289.98019485379 * cells_55 + 2464.32058361389 * cells_54 + 2013.51595353034 * cells_53 + 3209.37426552668 * post_1;14.2258334650101;14.2258334650101;14.2258334650101;14.2258334650101;4.571443;7;3209.37426552668 * post_1;1;0.648181520555031;
7;8876.43685754154 * Precon + -217.748682725327 * BiCGSTABSolver + 5967.67851835336 * post_0 + 3161.04586582885 * cells_55 + 2347.98626181542 * cells_54 + 1887.71806589237 * cells_53 + 3208.26846533207 * post_1 + -916.570586480658 * SeqGS;13.3630201549253;13.3630201549253;13.3630201549253;13.3630201549253;6.708115;8;-916.570586480658 * SeqGS;1;0.862813310084807;
8;8930.93137891253 * Precon + -168.598879803766 * BiCGSTABSolver + 5968.51056739512 * post_0 + 3067.80539051859 * cells_55 + 2291.88651375815 * cells_54 + 1977.77745357874 * cells_53 + 1648.62857062577 * post_1 + -1017.59047474618 * SeqGS + 9460.33263620097 * post_1 * pre_0;12.2569165742775;12.2569165742775;12.2569165742775;12.2569165742775;9.696366;10;9460.33263620097 * post_1 * pre_0;2;0.553051790323934;
9;8939.59265551551 * Precon + -175.157957787943 * BiCGSTABSolver + 3835.51959259806 * post_0 + 3051.41521662927 * cells_55 + 2331.27934673215 * cells_54 + 2040.97929731474 * cells_53 + 1646.3637025915 * post_1 + -1055.9419775122 * SeqGS + 9470.83358584742 * post_1 * pre_0 + 13508.4592022713 * post_0 * pre_1;11.595558687598;11.595558687598;11.595558687598;11.595558687598;13.412246;12;13508.4592022713 * post_0 * pre_1;2;0.330678943339709;
10;8884.32056742168 * Precon + 187.181150882089 * BiCGSTABSolver + 1449.84900994566 * post_0 + 2889.70960313333 * cells_55 + 2284.54036181476 * cells_54 + 1827.82757430404 * cells_53 + 1641.84147658026 * post_1 + -935.909194431718 * SeqGS + 9449.48013103687 * post_1 * pre_0 + 12987.7350629718 * post_0 * pre_1 + 6965.84210176349 * post_0 * CGSolver;11.010243923294;11.010243923294;11.010243923294;11.010243923294;17.712048;14;6965.84210176349 * post_0 * CGSolver;2;0.292657382152011;
11;8867.00637028879 * Precon + 204.901007699112 * BiCGSTABSolver + 2539.02951373646 * post_0 + 2929.21265061682 * cells_55 + 2292.27843096601 * cells_54 + 1826.13690207108 * cells_53 + 1643.31677074908 * post_1 + -925.193574428718 * SeqGS + 9444.76212195421 * post_1 * pre_0 + 5355.73574824476 * post_0 * pre_1 + 3800.10053339055 * post_0 * CGSolver + 18867.4767961911 * post_0 * pre_1 * CGSolver;10.0711474646651;10.0711474646651;10.0711474646651;10.0711474646651;22.725105;17;18867.4767961911 * post_0 * pre_1 * CGSolver;3;0.313032152876302;
12;9057.19518729197 * Precon + 235.414134674016 * BiCGSTABSolver + 2370.53732806462 * post_0 + 2893.0364688243 * cells_55 + 2261.19207942067 * cells_54 + 1801.23329943809 * cells_53 + 1473.91345226638 * post_1 + -951.717625049866 * SeqGS + 9449.43681649944 * post_1 * pre_0 + 5356.34403111286 * post_0 * pre_1 + 3805.46332051193 * post_0 * CGSolver + 18865.7433071584 * post_0 * pre_1 * CGSolver + -834.482269827406 * post_6;9.7725984034123;9.7725984034123;9.7725984034123;9.7725984034123;28.551064;18;-834.482269827406 * post_6;1;0.298549061252816;
Elapsed=00:00:28.5638908
average model: 
command: analyze-learning
Round, Model, LearningError, LearningErrorRel, ValidationError, ValidationErrorRel, ElapsedSeconds, ModelComplexity, BestCandidate, BestCandidateSize, BestCandidateScore, TestError
Models:
Termination reason: abortError
1;10892.3330143346 * Precon + 133.726578817099 * BiCGSTABSolver;20.3401463909907;20.3401463909907;20.3401463909907;20.3401463909907;0.132333;2;133.726578817099 * BiCGSTABSolver;1;1.79769313486232E+308;19.6833145353655
2;10101.761620726 * Precon + 254.197026361194 * BiCGSTABSolver + 5416.64931402149 * post_0;17.9409967348878;17.9409967348878;17.9409967348878;17.9409967348878;0.433293;3;5416.64931402149 * post_0;1;2.39914965610286;16.8403801558011
3;9698.87238511599 * Precon + -117.067352354214 * BiCGSTABSolver + 5423.8599926954 * post_0 + 2381.15468080891 * cells_55;16.7651945024935;16.7651945024935;16.7651945024935;16.7651945024935;0.966143;4;2381.15468080891 * cells_55;1;1.17580223239431;16.1208156432617
4;9394.31549839629 * Precon + -421.603715103825 * BiCGSTABSolver + 5427.1769144666 * post_0 + 2776.18360602085 * cells_55 + 1982.92897842946 * cells_54;15.9539629000547;15.9539629000547;15.9539629000547;15.9539629000547;1.775277;5;1982.92897842946 * cells_54;1;0.811231602438756;15.7424063610113
5;8956.50168818668 * Precon + -431.684985043989 * BiCGSTABSolver + 5414.28173853012 * post_0 + 3218.77978641238 * cells_55 + 2425.64159378285 * cells_54 + 2026.8461834344 * cells_53;14.8740149855652;14.8740149855652;14.8740149855652;14.8740149855652;2.934695;6;2026.8461834344 * cells_53;1;1.07994791448956;15.0882179786571
6;8418.07351998287 * Precon + -486.323594852986 * BiCGSTABSolver + 5944.4260336547 * post_0 + 3289.98019485379 * cells_55 + 2464.32058361389 * cells_54 + 2013.51595353034 * cells_53 + 3209.37426552668 * post_1;14.2258334650101;14.2258334650101;14.2258334650101;14.2258334650101;4.571443;7;3209.37426552668 * post_1;1;0.648181520555031;14.5833556474012
7;8876.43685754154 * Precon + -217.748682725327 * BiCGSTABSolver + 5967.67851835336 * post_0 + 3161.04586582885 * cells_55 + 2347.98626181542 * cells_54 + 1887.71806589237 * cells_53 + 3208.26846533207 * post_1 + -916.570586480658 * SeqGS;13.3630201549253;13.3630201549253;13.3630201549253;13.3630201549253;6.708115;8;-916.570586480658 * SeqGS;1;0.862813310084807;13.5323002377578
8;8930.93137891253 * Precon + -168.598879803766 * BiCGSTABSolver + 5968.51056739512 * post_0 + 3067.80539051859 * cells_55 + 2291.88651375815 * cells_54 + 1977.77745357874 * cells_53 + 1648.62857062577 * post_1 + -1017.59047474618 * SeqGS + 9460.33263620097 * post_1 * pre_0;12.2569165742775;12.2569165742775;12.2569165742775;12.2569165742775;9.696366;10;9460.33263620097 * post_1 * pre_0;2;0.553051790323934;12.2701998309232
9;8939.59265551551 * Precon + -175.157957787943 * BiCGSTABSolver + 3835.51959259806 * post_0 + 3051.41521662927 * cells_55 + 2331.27934673215 * cells_54 + 2040.97929731474 * cells_53 + 1646.3637025915 * post_1 + -1055.9419775122 * SeqGS + 9470.83358584742 * post_1 * pre_0 + 13508.4592022713 * post_0 * pre_1;11.595558687598;11.595558687598;11.595558687598;11.595558687598;13.412246;12;13508.4592022713 * post_0 * pre_1;2;0.330678943339709;11.690093841955
10;8884.32056742168 * Precon + 187.181150882089 * BiCGSTABSolver + 1449.84900994566 * post_0 + 2889.70960313333 * cells_55 + 2284.54036181476 * cells_54 + 1827.82757430404 * cells_53 + 1641.84147658026 * post_1 + -935.909194431718 * SeqGS + 9449.48013103687 * post_1 * pre_0 + 12987.7350629718 * post_0 * pre_1 + 6965.84210176349 * post_0 * CGSolver;11.010243923294;11.010243923294;11.010243923294;11.010243923294;17.712048;14;6965.84210176349 * post_0 * CGSolver;2;0.292657382152011;11.2960721362014
11;8867.00637028879 * Precon + 204.901007699112 * BiCGSTABSolver + 2539.02951373646 * post_0 + 2929.21265061682 * cells_55 + 2292.27843096601 * cells_54 + 1826.13690207108 * cells_53 + 1643.31677074908 * post_1 + -925.193574428718 * SeqGS + 9444.76212195421 * post_1 * pre_0 + 5355.73574824476 * post_0 * pre_1 + 3800.10053339055 * post_0 * CGSolver + 18867.4767961911 * post_0 * pre_1 * CGSolver;10.0711474646651;10.0711474646651;10.0711474646651;10.0711474646651;22.725105;17;18867.4767961911 * post_0 * pre_1 * CGSolver;3;0.313032152876302;10.3753189082946
12;9057.19518729197 * Precon + 235.414134674016 * BiCGSTABSolver + 2370.53732806462 * post_0 + 2893.0364688243 * cells_55 + 2261.19207942067 * cells_54 + 1801.23329943809 * cells_53 + 1473.91345226638 * post_1 + -951.717625049866 * SeqGS + 9449.43681649944 * post_1 * pre_0 + 5356.34403111286 * post_0 * pre_1 + 3805.46332051193 * post_0 * CGSolver + 18865.7433071584 * post_0 * pre_1 * CGSolver + -834.482269827406 * post_6;9.7725984034123;9.7725984034123;9.7725984034123;9.7725984034123;28.551064;18;-834.482269827406 * post_6;1;0.298549061252816;10.001856026522
Analyze finished
command: measurementstocsv /scratch/kaltenec/Distribution-Aware-Sampling/Results_opt/Dune_disc/Dune_disc_6/sampledConfigurations_solv_2.csv
command: clean-sampling
command: clean-global
