Current machine learning settings: epsilon:0 lossFunction:RELATIVE parallelization:True bagging:False baggingNumbers:3 baggingTestDataFraction:50 useBackward:False abortError:1 limitFeatureSize:False featureSizeTreshold:4 quadraticFunctionSupport:True crossValidation:False crossValidation-k:5 learn-logFunction:False learn-accumulatedLogFunction:False learn-asymFunction:False learn-ratioFunction:False learn-mirrowedFunction:False numberOfRounds:70 backwardErrorDelta:1 minImprovementPerRound:0.1 withHierarchy:False bruteForceCandidates:False ignoreBadFeatures:False stopOnLongRound:True candidateSizePenalty:True learnTimeLimit:00:00:00 scoreMeasure:RELERROR outputRoundsToStdout:False blacklisted: 
command: mlsettings bagging:False stopOnLongRound:False parallelization:True lossFunction:RELATIVE useBackward:False abortError:10 limitFeatureSize:False featureSizeTreshold:7 quadraticFunctionSupport:True crossValidation:False learn_logFunction:True numberOfRounds:70 backwardErrorDelta:1 minImprovementPerRound:0.25 withHierarchy:False
Current machine learning settings: epsilon:0 lossFunction:RELATIVE parallelization:True bagging:False baggingNumbers:3 baggingTestDataFraction:50 useBackward:False abortError:10 limitFeatureSize:False featureSizeTreshold:7 quadraticFunctionSupport:True crossValidation:False crossValidation-k:5 learn-logFunction:True learn-accumulatedLogFunction:False learn-asymFunction:False learn-ratioFunction:False learn-mirrowedFunction:False numberOfRounds:70 backwardErrorDelta:1 minImprovementPerRound:0.25 withHierarchy:False bruteForceCandidates:False ignoreBadFeatures:False stopOnLongRound:False candidateSizePenalty:True learnTimeLimit:00:00:00 scoreMeasure:RELERROR outputRoundsToStdout:False blacklisted: 
command: solver z3
command: vm /scratch/kaltenec/Distribution-Aware-Sampling/DistOut/ConstraintData/VP9_disc/FeatureModel.xml
command: all /scratch/kaltenec/Distribution-Aware-Sampling/DistOut/ConstraintData/VP9_disc/measurements.xml
Configs with too large deviation: 0
216000 configurations loaded.
command: nfp Performance
command: hybrid distribution-aware distance-metric:manhattan distribution:uniform onlyBinary:true selection:SolverSelection  numConfigs:31 seed:24
command: learn-splconqueror
Learning: NumberOfConfigurationsLearning:31 NumberOfConfigurationsValidation:31
Learning progress:
1;14.6092857142857 * Quality + 30.5048319327731 * AutoAltRef;585.021027994751;585.021027994751;585.021027994751;585.021027994751;0.040872;2;30.5048319327731 * AutoAltRef;1;1.79769313486232E+308;
2;14.6092857142857 * Quality + -10.4880357142857 * AutoAltRef + 77.4309722222222 * Threads_6;93.1662228402941;93.1662228402941;93.1662228402941;93.1662228402941;0.079091;3;77.4309722222222 * Threads_6;1;491.854805154457;
3;2.4308455882353 * Quality + -26.7259558823529 * AutoAltRef + 80.5883455882353 * Threads_6 + 28.4163602941177 * lagInFrames_8;39.2250023862591;39.2250023862591;39.2250023862591;39.2250023862591;0.132071;4;28.4163602941177 * lagInFrames_8;1;53.941220454035;
4;2.22674342105263 * Quality + -26.5932894736842 * AutoAltRef + 80.557730263158 * Threads_6 + 28.3143092105263 * lagInFrames_8 + 0.346973684210587 * good;36.5593552057008;36.5593552057008;36.5593552057008;36.5593552057008;0.222522;5;0.346973684210587 * good;1;2.66564718055833;
5;3.444375 * Quality + -30.8549999999999 * AutoAltRef + 84.210625 * Threads_6 + 28.923125 * lagInFrames_8 + -1.723 * good + 6.94049999999992 * good * cpuUsed_6;11.1137336147893;11.1137336147893;11.1137336147893;11.1137336147893;0.370782;7;6.94049999999992 * good * cpuUsed_6;2;12.7228107954558;
6;2.33117187500002 * Quality + -31.968203125 * AutoAltRef + 85.323828125 * Threads_6 + 31.1495312499999 * lagInFrames_8 + -3.28148437500002 * good + 4.04617187500005 * good * cpuUsed_6 + 4.45281249999998 * good * FrameBoost;3.92846625152192;3.92846625152192;3.92846625152192;3.92846625152192;0.589151;9;4.45281249999998 * good * FrameBoost;2;3.59263368163367;
Elapsed=00:00:00.5921663
average model: 
command: analyze-learning
Round, Model, LearningError, LearningErrorRel, ValidationError, ValidationErrorRel, ElapsedSeconds, ModelComplexity, BestCandidate, BestCandidateSize, BestCandidateScore, TestError
Models:
Termination reason: abortError
1;14.6092857142857 * Quality + 30.5048319327731 * AutoAltRef;585.021027994751;585.021027994751;585.021027994751;585.021027994751;0.040872;2;30.5048319327731 * AutoAltRef;1;1.79769313486232E+308;458.419967205392
2;14.6092857142857 * Quality + -10.4880357142857 * AutoAltRef + 77.4309722222222 * Threads_6;93.1662228402941;93.1662228402941;93.1662228402941;93.1662228402941;0.079091;3;77.4309722222222 * Threads_6;1;491.854805154457;410.885704267902
3;2.4308455882353 * Quality + -26.7259558823529 * AutoAltRef + 80.5883455882353 * Threads_6 + 28.4163602941177 * lagInFrames_8;39.2250023862591;39.2250023862591;39.2250023862591;39.2250023862591;0.132071;4;28.4163602941177 * lagInFrames_8;1;53.941220454035;508.31796338228
4;2.22674342105263 * Quality + -26.5932894736842 * AutoAltRef + 80.557730263158 * Threads_6 + 28.3143092105263 * lagInFrames_8 + 0.346973684210587 * good;36.5593552057008;36.5593552057008;36.5593552057008;36.5593552057008;0.222522;5;0.346973684210587 * good;1;2.66564718055833;506.970412157946
5;3.444375 * Quality + -30.8549999999999 * AutoAltRef + 84.210625 * Threads_6 + 28.923125 * lagInFrames_8 + -1.723 * good + 6.94049999999992 * good * cpuUsed_6;11.1137336147893;11.1137336147893;11.1137336147893;11.1137336147893;0.370782;7;6.94049999999992 * good * cpuUsed_6;2;12.7228107954558;543.359326140137
6;2.33117187500002 * Quality + -31.968203125 * AutoAltRef + 85.323828125 * Threads_6 + 31.1495312499999 * lagInFrames_8 + -3.28148437500002 * good + 4.04617187500005 * good * cpuUsed_6 + 4.45281249999998 * good * FrameBoost;3.92846625152192;3.92846625152192;3.92846625152192;3.92846625152192;0.589151;9;4.45281249999998 * good * FrameBoost;2;3.59263368163367;555.909372014778
Analyze finished
command: measurementstocsv /scratch/kaltenec/Distribution-Aware-Sampling/Results_test/VP9_disc/VP9_disc_24/sampledConfigurations_solv_0.csv
command: clean-sampling
command: clean-global
command: script /scratch/kaltenec/Distribution-Aware-Sampling/Results_test/VP9_disc/VP9_disc_24/learn_solv_1.a
command: log /scratch/kaltenec/Distribution-Aware-Sampling/Results_test/VP9_disc/VP9_disc_24/out_solv_1.log
