Current machine learning settings: epsilon:0 lossFunction:RELATIVE parallelization:True bagging:False baggingNumbers:3 baggingTestDataFraction:50 useBackward:False abortError:1 limitFeatureSize:False featureSizeTreshold:4 quadraticFunctionSupport:True crossValidation:False crossValidation-k:5 learn-logFunction:False learn-accumulatedLogFunction:False learn-asymFunction:False learn-ratioFunction:False learn-mirrowedFunction:False numberOfRounds:70 backwardErrorDelta:1 minImprovementPerRound:0.1 withHierarchy:False bruteForceCandidates:False ignoreBadFeatures:False stopOnLongRound:True candidateSizePenalty:True learnTimeLimit:00:00:00 scoreMeasure:RELERROR outputRoundsToStdout:False blacklisted: 
command: mlsettings bagging:False stopOnLongRound:False parallelization:True lossFunction:RELATIVE useBackward:False abortError:10 limitFeatureSize:False featureSizeTreshold:7 quadraticFunctionSupport:True crossValidation:False learn_logFunction:True numberOfRounds:70 backwardErrorDelta:1 minImprovementPerRound:0.25 withHierarchy:False
Current machine learning settings: epsilon:0 lossFunction:RELATIVE parallelization:True bagging:False baggingNumbers:3 baggingTestDataFraction:50 useBackward:False abortError:10 limitFeatureSize:False featureSizeTreshold:7 quadraticFunctionSupport:True crossValidation:False crossValidation-k:5 learn-logFunction:True learn-accumulatedLogFunction:False learn-asymFunction:False learn-ratioFunction:False learn-mirrowedFunction:False numberOfRounds:70 backwardErrorDelta:1 minImprovementPerRound:0.25 withHierarchy:False bruteForceCandidates:False ignoreBadFeatures:False stopOnLongRound:False candidateSizePenalty:True learnTimeLimit:00:00:00 scoreMeasure:RELERROR outputRoundsToStdout:False blacklisted: 
command: solver z3
command: vm /scratch/kaltenec/Distribution-Aware-Sampling/DistOut/ConstraintData/JavaGC_disc/FeatureModel.xml
command: all /scratch/kaltenec/Distribution-Aware-Sampling/DistOut/ConstraintData/JavaGC_disc/measurements.xml
Configs with too large deviation: 0
193536 configurations loaded.
command: nfp Performance
command: hybrid distribution-aware distance-metric:manhattan distribution:uniform onlyBinary:true selection:SolverSelection  numConfigs:32 seed:76
command: learn-splconqueror
Learning: NumberOfConfigurationsLearning:32 NumberOfConfigurationsValidation:32
Learning progress:
1;69.2641692307692 * MaxTenuringThreshold + 4.07553883940621 * DisableExplicitGC;92.5600782862613;92.5600782862613;92.5600782862613;92.5600782862613;0.164655;2;4.07553883940621 * DisableExplicitGC;1;1.79769313486232E+308;
2;69.2641692307692 * MaxTenuringThreshold + -35.5777158974359 * DisableExplicitGC + 94.1764799999999 * SurvivorRatio_11;57.6657741605683;57.6657741605683;57.6657741605683;57.6657741605683;0.19628;3;94.1764799999999 * SurvivorRatio_11;1;34.894304125693;
3;39.8920076375405 * MaxTenuringThreshold + -6.20555430420716 * DisableExplicitGC + 76.2778190291262 * SurvivorRatio_11 + 47.7297625889968 * NewRatio_8;43.243147672801;43.243147672801;43.243147672801;43.243147672801;0.244215;4;47.7297625889968 * NewRatio_8;1;14.4226264877673;
4;22.5491745803357 * MaxTenuringThreshold + 11.1372787529977 * DisableExplicitGC + 19.1909935491607 * SurvivorRatio_11 + 75.9118663069545 * NewRatio_8 + 124.049430895284 * NewRatio_16;28.7195832826345;28.7195832826345;28.7195832826345;28.7195832826345;0.32005;5;124.049430895284 * NewRatio_16;1;14.5235643901665;
5;30.6173913419913 * MaxTenuringThreshold + 3.06906199134212 * DisableExplicitGC + -0.979548354978419 * SurvivorRatio_11 + 16.0725919913421 * NewRatio_8 + 144.219972799423 * NewRatio_16 + 93.4568441558441 * NewRatio_8 * MaxTenuringThreshold_10;7.37537195418438;7.37537195418438;7.37537195418438;7.37537195418438;0.423865;7;93.4568441558441 * NewRatio_8 * MaxTenuringThreshold_10;2;10.6721056642251;
Elapsed=00:00:00.4263248
average model: 
command: analyze-learning
Round, Model, LearningError, LearningErrorRel, ValidationError, ValidationErrorRel, ElapsedSeconds, ModelComplexity, BestCandidate, BestCandidateSize, BestCandidateScore, TestError
Models:
Termination reason: abortError
1;69.2641692307692 * MaxTenuringThreshold + 4.07553883940621 * DisableExplicitGC;92.5600782862613;92.5600782862613;92.5600782862613;92.5600782862613;0.164655;2;4.07553883940621 * DisableExplicitGC;1;1.79769313486232E+308;96.4662439269321
2;69.2641692307692 * MaxTenuringThreshold + -35.5777158974359 * DisableExplicitGC + 94.1764799999999 * SurvivorRatio_11;57.6657741605683;57.6657741605683;57.6657741605683;57.6657741605683;0.19628;3;94.1764799999999 * SurvivorRatio_11;1;34.894304125693;98.9800091388261
3;39.8920076375405 * MaxTenuringThreshold + -6.20555430420716 * DisableExplicitGC + 76.2778190291262 * SurvivorRatio_11 + 47.7297625889968 * NewRatio_8;43.243147672801;43.243147672801;43.243147672801;43.243147672801;0.244215;4;47.7297625889968 * NewRatio_8;1;14.4226264877673;75.5773187958908
4;22.5491745803357 * MaxTenuringThreshold + 11.1372787529977 * DisableExplicitGC + 19.1909935491607 * SurvivorRatio_11 + 75.9118663069545 * NewRatio_8 + 124.049430895284 * NewRatio_16;28.7195832826345;28.7195832826345;28.7195832826345;28.7195832826345;0.32005;5;124.049430895284 * NewRatio_16;1;14.5235643901665;74.1445511822528
5;30.6173913419913 * MaxTenuringThreshold + 3.06906199134212 * DisableExplicitGC + -0.979548354978419 * SurvivorRatio_11 + 16.0725919913421 * NewRatio_8 + 144.219972799423 * NewRatio_16 + 93.4568441558441 * NewRatio_8 * MaxTenuringThreshold_10;7.37537195418438;7.37537195418438;7.37537195418438;7.37537195418438;0.423865;7;93.4568441558441 * NewRatio_8 * MaxTenuringThreshold_10;2;10.6721056642251;69.3929164260534
Analyze finished
command: measurementstocsv /scratch/kaltenec/Distribution-Aware-Sampling/Results_test/JavaGC_disc/JavaGC_disc_76/sampledConfigurations_solv_0.csv
command: clean-sampling
command: clean-global
command: script /scratch/kaltenec/Distribution-Aware-Sampling/Results_test/JavaGC_disc/JavaGC_disc_76/learn_solv_1.a
command: log /scratch/kaltenec/Distribution-Aware-Sampling/Results_test/JavaGC_disc/JavaGC_disc_76/out_solv_1.log
