Current machine learning settings: epsilon:0 lossFunction:RELATIVE parallelization:True bagging:False baggingNumbers:3 baggingTestDataFraction:50 useBackward:False abortError:1 limitFeatureSize:False featureSizeTreshold:4 quadraticFunctionSupport:True crossValidation:False crossValidation-k:5 learn-logFunction:False learn-accumulatedLogFunction:False learn-asymFunction:False learn-ratioFunction:False learn-mirrowedFunction:False numberOfRounds:70 backwardErrorDelta:1 minImprovementPerRound:0.1 withHierarchy:False bruteForceCandidates:False ignoreBadFeatures:False stopOnLongRound:True candidateSizePenalty:True learnTimeLimit:00:00:00 scoreMeasure:RELERROR outputRoundsToStdout:False blacklisted: 
command: mlsettings bagging:False stopOnLongRound:False parallelization:True lossFunction:RELATIVE useBackward:False abortError:10 limitFeatureSize:False featureSizeTreshold:7 quadraticFunctionSupport:True crossValidation:False learn_logFunction:True numberOfRounds:70 backwardErrorDelta:1 minImprovementPerRound:0.25 withHierarchy:False
Current machine learning settings: epsilon:0 lossFunction:RELATIVE parallelization:True bagging:False baggingNumbers:3 baggingTestDataFraction:50 useBackward:False abortError:10 limitFeatureSize:False featureSizeTreshold:7 quadraticFunctionSupport:True crossValidation:False crossValidation-k:5 learn-logFunction:True learn-accumulatedLogFunction:False learn-asymFunction:False learn-ratioFunction:False learn-mirrowedFunction:False numberOfRounds:70 backwardErrorDelta:1 minImprovementPerRound:0.25 withHierarchy:False bruteForceCandidates:False ignoreBadFeatures:False stopOnLongRound:False candidateSizePenalty:True learnTimeLimit:00:00:00 scoreMeasure:RELERROR outputRoundsToStdout:False blacklisted: 
command: solver z3
command: vm /scratch/kaltenec/Distribution-Aware-Sampling/DistOut/ConstraintData/7z_disc/FeatureModel.xml
command: all /scratch/kaltenec/Distribution-Aware-Sampling/DistOut/ConstraintData/7z_disc/measurements.xml
Configs with too large deviation: 0
68640 configurations loaded.
command: nfp Performance
command: binary satoutput numConfigs:600 seed:90
command: learn-splconqueror
Learning: NumberOfConfigurationsLearning:600 NumberOfConfigurationsValidation:600
Learning progress:
1;4720.72916666669 * CompressionMethod + -1153.74503968254 * BlockSize_1;45.4322916315723;45.4322916315723;45.4322916315723;45.4322916315723;0.108216;2;-1153.74503968254 * BlockSize_1;1;1.79769313486232E+308;
2;3997.93011618219 * CompressionMethod + -1265.60679749562 * BlockSize_1 + 4336.794302907 * BZip2;28.3974065676826;28.3974065676826;28.3974065676826;28.3974065676826;0.456653;3;4336.794302907 * BZip2;1;17.0348850638898;
3;4249.2521641481 * CompressionMethod + -1264.87920289981 * BlockSize_1 + 4084.84768258892 * BZip2 + -1057.67214103354 * Deflate;22.309680120482;22.309680120482;22.309680120482;22.309680120482;1.057544;4;-1057.67214103354 * Deflate;1;6.08772644720061;
4;3096.81620394723 * CompressionMethod + -132.283243203292 * BlockSize_1 + 3588.51548509804 * BZip2 + -852.320733337583 * Deflate + 38224.4968643046 * x_10;16.3899075075549;16.3899075075549;16.3899075075549;16.3899075075549;2.072724;5;38224.4968643046 * x_10;1;5.91977261292703;
5;3386.312989986 * CompressionMethod + -118.338889971434 * BlockSize_1 + 3289.58893744464 * BZip2 + -1153.47788371677 * Deflate + 38080.9772637846 * x_10 + -936.462335472393 * PPMd;12.1097745637787;12.1097745637787;12.1097745637787;12.1097745637787;3.328838;6;-936.462335472393 * PPMd;1;4.28013294377626;
6;3416.5139038351 * CompressionMethod + -154.544953865187 * BlockSize_1 + 3290.85307787763 * BZip2 + -1304.19811626064 * Deflate + 38059.1957956923 * x_10 + -935.933732907455 * PPMd + 17492.2291662908 * x_8;11.3217590475324;11.3217590475324;11.3217590475324;11.3217590475324;5.411642;7;17492.2291662908 * x_8;1;0.788015516246242;
7;3391.80948293798 * CompressionMethod + -55.8037565373662 * BlockSize_1 + 3099.88218381342 * BZip2 + -1361.92112965459 * Deflate + 30853.4977079701 * x_10 + -995.034866044848 * PPMd + 17475.9154032539 * x_8 + 29204.8106252786 * BlockSize_512;10.7800061580242;10.7800061580242;10.7800061580242;10.7800061580242;7.888538;8;29204.8106252786 * BlockSize_512;1;0.541752889508231;
8;3200.29781335891 * CompressionMethod + -65.4961453339361 * BlockSize_1 + 3298.64092626371 * BZip2 + -1162.31842247146 * Deflate + 30981.9872596646 * x_10 + -795.296883285542 * PPMd + 17477.5167544465 * x_8 + 29069.074000713 * BlockSize_512 + 420.417402428773 * LZMA2;10.3094103835639;10.3094103835639;10.3094103835639;10.3094103835639;10.840018;9;420.417402428773 * LZMA2;1;0.47059577446028;
9;3202.71831858454 * CompressionMethod + -68.4494295382158 * BlockSize_1 + 3298.79144620129 * BZip2 + -1162.27357740475 * Deflate + 30980.5010091944 * x_10 + -974.825248649223 * PPMd + 17478.0046883585 * x_8 + 29067.9892260197 * BlockSize_512 + 420.503466149555 * LZMA2 + 374.984509843172 * PPMd * filterOff;9.53601182877601;9.53601182877601;9.53601182877601;9.53601182877601;14.259701;11;374.984509843172 * PPMd * filterOff;2;0.386699277393953;
Elapsed=00:00:14.2665343
average model: 
command: analyze-learning
Round, Model, LearningError, LearningErrorRel, ValidationError, ValidationErrorRel, ElapsedSeconds, ModelComplexity, BestCandidate, BestCandidateSize, BestCandidateScore, TestError
Models:
Termination reason: abortError
1;4720.72916666669 * CompressionMethod + -1153.74503968254 * BlockSize_1;45.4322916315723;45.4322916315723;45.4322916315723;45.4322916315723;0.108216;2;-1153.74503968254 * BlockSize_1;1;1.79769313486232E+308;69.0030654887693
2;3997.93011618219 * CompressionMethod + -1265.60679749562 * BlockSize_1 + 4336.794302907 * BZip2;28.3974065676826;28.3974065676826;28.3974065676826;28.3974065676826;0.456653;3;4336.794302907 * BZip2;1;17.0348850638898;57.7157878643023
3;4249.2521641481 * CompressionMethod + -1264.87920289981 * BlockSize_1 + 4084.84768258892 * BZip2 + -1057.67214103354 * Deflate;22.309680120482;22.309680120482;22.309680120482;22.309680120482;1.057544;4;-1057.67214103354 * Deflate;1;6.08772644720061;56.2595360414399
4;3096.81620394723 * CompressionMethod + -132.283243203292 * BlockSize_1 + 3588.51548509804 * BZip2 + -852.320733337583 * Deflate + 38224.4968643046 * x_10;16.3899075075549;16.3899075075549;16.3899075075549;16.3899075075549;2.072724;5;38224.4968643046 * x_10;1;5.91977261292703;54.4205814713719
5;3386.312989986 * CompressionMethod + -118.338889971434 * BlockSize_1 + 3289.58893744464 * BZip2 + -1153.47788371677 * Deflate + 38080.9772637846 * x_10 + -936.462335472393 * PPMd;12.1097745637787;12.1097745637787;12.1097745637787;12.1097745637787;3.328838;6;-936.462335472393 * PPMd;1;4.28013294377626;51.6903016158255
6;3416.5139038351 * CompressionMethod + -154.544953865187 * BlockSize_1 + 3290.85307787763 * BZip2 + -1304.19811626064 * Deflate + 38059.1957956923 * x_10 + -935.933732907455 * PPMd + 17492.2291662908 * x_8;11.3217590475324;11.3217590475324;11.3217590475324;11.3217590475324;5.411642;7;17492.2291662908 * x_8;1;0.788015516246242;47.8364762327751
7;3391.80948293798 * CompressionMethod + -55.8037565373662 * BlockSize_1 + 3099.88218381342 * BZip2 + -1361.92112965459 * Deflate + 30853.4977079701 * x_10 + -995.034866044848 * PPMd + 17475.9154032539 * x_8 + 29204.8106252786 * BlockSize_512;10.7800061580242;10.7800061580242;10.7800061580242;10.7800061580242;7.888538;8;29204.8106252786 * BlockSize_512;1;0.541752889508231;90.162288616901
8;3200.29781335891 * CompressionMethod + -65.4961453339361 * BlockSize_1 + 3298.64092626371 * BZip2 + -1162.31842247146 * Deflate + 30981.9872596646 * x_10 + -795.296883285542 * PPMd + 17477.5167544465 * x_8 + 29069.074000713 * BlockSize_512 + 420.417402428773 * LZMA2;10.3094103835639;10.3094103835639;10.3094103835639;10.3094103835639;10.840018;9;420.417402428773 * LZMA2;1;0.47059577446028;90.0760961150147
9;3202.71831858454 * CompressionMethod + -68.4494295382158 * BlockSize_1 + 3298.79144620129 * BZip2 + -1162.27357740475 * Deflate + 30980.5010091944 * x_10 + -974.825248649223 * PPMd + 17478.0046883585 * x_8 + 29067.9892260197 * BlockSize_512 + 420.503466149555 * LZMA2 + 374.984509843172 * PPMd * filterOff;9.53601182877601;9.53601182877601;9.53601182877601;9.53601182877601;14.259701;11;374.984509843172 * PPMd * filterOff;2;0.386699277393953;90.0779226156101
Analyze finished
command: measurementstocsv /scratch/kaltenec/Distribution-Aware-Sampling/Results_Henard/7z_disc/7z_disc_90/sampledConfigurations_henard_1.csv
command: clean-sampling
command: clean-global
command: script /scratch/kaltenec/Distribution-Aware-Sampling/Results_Henard/7z_disc/7z_disc_90/learn_henard_2.a
command: log /scratch/kaltenec/Distribution-Aware-Sampling/Results_Henard/7z_disc/7z_disc_90/out_henard_2.log
