Current machine learning settings: epsilon:0 lossFunction:RELATIVE parallelization:True bagging:False baggingNumbers:3 baggingTestDataFraction:50 useBackward:False abortError:1 limitFeatureSize:False featureSizeTreshold:4 quadraticFunctionSupport:True crossValidation:False crossValidation-k:5 learn-logFunction:False learn-accumulatedLogFunction:False learn-asymFunction:False learn-ratioFunction:False learn-mirrowedFunction:False numberOfRounds:70 backwardErrorDelta:1 minImprovementPerRound:0.1 withHierarchy:False bruteForceCandidates:False ignoreBadFeatures:False stopOnLongRound:True candidateSizePenalty:True learnTimeLimit:00:00:00 scoreMeasure:RELERROR outputRoundsToStdout:False blacklisted: 
command: mlsettings bagging:False stopOnLongRound:False parallelization:True lossFunction:RELATIVE useBackward:False abortError:10 limitFeatureSize:False featureSizeTreshold:7 quadraticFunctionSupport:True crossValidation:False learn_logFunction:True numberOfRounds:70 backwardErrorDelta:1 minImprovementPerRound:0.25 withHierarchy:False
Current machine learning settings: epsilon:0 lossFunction:RELATIVE parallelization:True bagging:False baggingNumbers:3 baggingTestDataFraction:50 useBackward:False abortError:10 limitFeatureSize:False featureSizeTreshold:7 quadraticFunctionSupport:True crossValidation:False crossValidation-k:5 learn-logFunction:True learn-accumulatedLogFunction:False learn-asymFunction:False learn-ratioFunction:False learn-mirrowedFunction:False numberOfRounds:70 backwardErrorDelta:1 minImprovementPerRound:0.25 withHierarchy:False bruteForceCandidates:False ignoreBadFeatures:False stopOnLongRound:False candidateSizePenalty:True learnTimeLimit:00:00:00 scoreMeasure:RELERROR outputRoundsToStdout:False blacklisted: 
command: solver z3
command: vm /scratch/kaltenec/Distribution-Aware-Sampling/DistOut/ConstraintData/7z_disc/FeatureModel.xml
command: all /scratch/kaltenec/Distribution-Aware-Sampling/DistOut/ConstraintData/7z_disc/measurements.xml
Configs with too large deviation: 0
68640 configurations loaded.
command: nfp Performance
command: hybrid distribution-aware distance-metric:manhattan distribution:uniform onlyBinary:true selection:SolverSelection number-weight-optimization:1-1 numConfigs:4091 seed:63
command: learn-splconqueror
Learning: NumberOfConfigurationsLearning:4091 NumberOfConfigurationsValidation:4091
Learning progress:
1;10692.1577971935 * CompressionMethod + 299.944113634486 * BlockSize_1;209.565454854528;209.565454854528;209.565454854528;209.565454854528;3.160044;2;299.944113634486 * BlockSize_1;1;1.79769313486232E+308;
2;6320.35307405843 * CompressionMethod + -35.817736329532 * BlockSize_1 + 36053.070828125 * x_10;106.812075852075;106.812075852075;106.812075852075;106.812075852075;6.135007;3;36053.070828125 * x_10;1;102.753379002453;
3;3986.3442298702 * CompressionMethod + 18.3529575610717 * BlockSize_1 + 38382.6287736163 * x_10 + 11704.8547816675 * x_8;57.3040949286233;57.3040949286233;57.3040949286233;57.3040949286233;11.010681;4;11704.8547816675 * x_8;1;49.5079809234521;
4;2865.15765540317 * CompressionMethod + 72.0296138271931 * BlockSize_1 + 38025.2299102059 * x_10 + 11163.9482920404 * x_8 + 7141.87757858464 * BZip2;39.2437703254149;39.2437703254149;39.2437703254149;39.2437703254149;18.21802;5;7141.87757858464 * BZip2;1;18.0603246032084;
5;2082.93602854474 * CompressionMethod + -31.8610484341376 * BlockSize_1 + 38804.4631134291 * x_10 + 11940.9084102361 * x_8 + 7197.71001107853 * BZip2 + 6125.83915952697 * x_6;36.541774719962;36.541774719962;36.541774719962;36.541774719962;28.515156;6;6125.83915952697 * x_6;1;2.70199560545291;
6;2177.75564744065 * CompressionMethod + -11.466998930093 * BlockSize_1 + 38833.3770710368 * x_10 + 14140.6345951589 * x_8 + 6590.14485860155 * BZip2 + 6115.2712689559 * x_6 + -9338.33526692685 * x_8 * PPMd;31.1060627926943;31.1060627926943;31.1060627926943;31.1060627926943;41.951882;8;-9338.33526692685 * x_8 * PPMd;2;2.71785596363384;
7;2203.13654979704 * CompressionMethod + -39.2491308565946 * BlockSize_1 + 38840.6240469081 * x_10 + 14161.6451289682 * x_8 + 6443.13278261213 * BZip2 + 7743.94587870576 * x_6 + -9382.53780785056 * x_8 * PPMd + -7672.78121330734 * x_6 * PPMd;26.578498253473;26.578498253473;26.578498253473;26.578498253473;59.086551;10;-7672.78121330734 * x_6 * PPMd;2;2.26378226961066;
8;2357.76626900995 * CompressionMethod + 38.7134424089661 * BlockSize_1 + 44540.120532115 * x_10 + 14306.7274647585 * x_8 + 5431.32475139246 * BZip2 + 7764.0878831781 * x_6 + -9688.39236862458 * x_8 * PPMd + -7853.55005801055 * x_6 * PPMd + -28486.7597403387 * x_10 * LZMA2;22.7079077965169;22.7079077965169;22.7079077965169;22.7079077965169;79.337022;12;-28486.7597403387 * x_10 * LZMA2;2;1.93529522847802;
9;2042.89757176353 * CompressionMethod + 32.3502513308757 * BlockSize_1 + 44749.4496962602 * x_10 + 13754.6424915441 * x_8 + 5843.16392959303 * BZip2 + 7777.5624017845 * x_6 + -8820.93735583738 * x_8 * PPMd + -7551.66640313966 * x_6 * PPMd + -30317.6736917861 * x_10 * LZMA2 + 1937.03195647037 * LZMA2;19.6664981729827;19.6664981729827;19.6664981729827;19.6664981729827;103.994321;13;1937.03195647037 * LZMA2;1;3.04140962353424;
10;2115.77671818318 * CompressionMethod + 210.228032861427 * BlockSize_1 + 47091.4590988639 * x_10 + 13849.6183302706 * x_8 + 5399.40046799685 * BZip2 + 7782.28052667479 * x_6 + -9002.80695407259 * x_8 * PPMd + -7642.94658071912 * x_6 * PPMd + -32626.5973156782 * x_10 * LZMA2 + 1814.89632392547 * LZMA2 + -42088.1760033524 * x_10 * PPMd;16.5591684820193;16.5591684820193;16.5591684820193;16.5591684820193;134.749364;15;-42088.1760033524 * x_10 * PPMd;2;1.55366484548171;
11;2055.57374946263 * CompressionMethod + 146.776161075801 * BlockSize_1 + 47093.5023050014 * x_10 + 13760.6555749482 * x_8 + 5630.70624021127 * BZip2 + 5761.07669290225 * x_6 + -8848.64199164615 * x_8 * PPMd + -5556.6588650117 * x_6 * PPMd + -32781.5434423838 * x_10 * LZMA2 + 2033.77056519447 * LZMA2 + -42021.3637127992 * x_10 * PPMd + 10424.4668232152 * x_6 * LZMA;15.5286436328851;15.5286436328851;15.5286436328851;15.5286436328851;170.03787;17;10424.4668232152 * x_6 * LZMA;2;0.515262424567058;
12;2203.8017710972 * CompressionMethod + 168.737687466687 * BlockSize_1 + 52057.4593258528 * x_10 + 13925.6430976211 * x_8 + 4860.02507484691 * BZip2 + 5814.2299938488 * x_6 + -9163.58783803493 * x_8 * PPMd + -5759.72953577852 * x_6 * PPMd + -36641.2261837541 * x_10 * LZMA2 + 1819.48650370602 * LZMA2 + -47136.543508874 * x_10 * PPMd + 10220.3403098378 * x_6 * LZMA + -7921.63534313164 * x_10 * mtOff;14.7686658608866;14.7686658608866;14.7686658608866;14.7686658608866;209.916305;19;-7921.63534313164 * x_10 * mtOff;2;0.379988885999282;
13;1875.26577785049 * CompressionMethod + 165.592430948543 * BlockSize_1 + 52136.3704295258 * x_10 + 13739.4298296758 * x_8 + 5202.60634173141 * BZip2 + 6010.23640270438 * x_6 + -8648.59076875202 * x_8 * PPMd + -5626.95800857753 * x_6 * PPMd + -36806.5360150305 * x_10 * LZMA2 + 2205.60628064686 * LZMA2 + -46886.4897206819 * x_10 * PPMd + 9135.63161701684 * x_6 * LZMA + -7700.02097730768 * x_10 * mtOff + 1217.63143427466 * LZMA;11.0322275659475;11.0322275659475;11.0322275659475;11.0322275659475;257.765779;20;1217.63143427466 * LZMA;1;3.73643829493913;
14;1995.89452352558 * CompressionMethod + 136.005638372791 * BlockSize_1 + 52054.2416261539 * x_10 + 13913.4758657436 * x_8 + 5151.10504895955 * BZip2 + 4699.01224652585 * x_6 + -8940.93446986758 * x_8 * PPMd + -4434.0866909531 * x_6 * PPMd + -36202.3456903502 * x_10 * LZMA2 + 1569.79962001323 * LZMA2 + -46920.95510037 * x_10 * PPMd + 10482.7256981159 * x_6 * LZMA + -7731.95912312244 * x_10 * mtOff + 1064.83111275215 * LZMA + 8891.0576524791 * x_6 * LZMA2;10.331644088721;10.331644088721;10.331644088721;10.331644088721;314.481692;22;8891.0576524791 * x_6 * LZMA2;2;0.350291738613238;
15;1856.33043815687 * CompressionMethod + 153.869633658535 * BlockSize_1 + 51875.6631922847 * x_10 + 13784.9415115699 * x_8 + 5675.89856685791 * BZip2 + 54.5142994416535 * x_6 + -8674.24349662278 * x_8 * PPMd + 348.601188018544 * x_6 * PPMd + -36111.0503633643 * x_10 * LZMA2 + 1758.721067849 * LZMA2 + -46605.2485804837 * x_10 * PPMd + 15098.492273413 * x_6 * LZMA + -7455.50737389689 * x_10 * mtOff + 1230.89357049624 * LZMA + 13484.0965905926 * x_6 * LZMA2 + 6288.79767076548 * x_6 * Deflate;10.0058082676763;10.0058082676763;10.0058082676763;10.0058082676763;378.637069;24;6288.79767076548 * x_6 * Deflate;2;0.162917910522321;
Elapsed=00:06:18.7000817
average model: 
command: analyze-learning
Round, Model, LearningError, LearningErrorRel, ValidationError, ValidationErrorRel, ElapsedSeconds, ModelComplexity, BestCandidate, BestCandidateSize, BestCandidateScore, TestError
Models:
Termination reason: minImprovementPerRound
1;10692.1577971935 * CompressionMethod + 299.944113634486 * BlockSize_1;209.565454854528;209.565454854528;209.565454854528;209.565454854528;3.160044;2;299.944113634486 * BlockSize_1;1;1.79769313486232E+308;167.568888032041
2;6320.35307405843 * CompressionMethod + -35.817736329532 * BlockSize_1 + 36053.070828125 * x_10;106.812075852075;106.812075852075;106.812075852075;106.812075852075;6.135007;3;36053.070828125 * x_10;1;102.753379002453;104.599833118942
3;3986.3442298702 * CompressionMethod + 18.3529575610717 * BlockSize_1 + 38382.6287736163 * x_10 + 11704.8547816675 * x_8;57.3040949286233;57.3040949286233;57.3040949286233;57.3040949286233;11.010681;4;11704.8547816675 * x_8;1;49.5079809234521;68.9773787975456
4;2865.15765540317 * CompressionMethod + 72.0296138271931 * BlockSize_1 + 38025.2299102059 * x_10 + 11163.9482920404 * x_8 + 7141.87757858464 * BZip2;39.2437703254149;39.2437703254149;39.2437703254149;39.2437703254149;18.21802;5;7141.87757858464 * BZip2;1;18.0603246032084;56.3744171840983
5;2082.93602854474 * CompressionMethod + -31.8610484341376 * BlockSize_1 + 38804.4631134291 * x_10 + 11940.9084102361 * x_8 + 7197.71001107853 * BZip2 + 6125.83915952697 * x_6;36.541774719962;36.541774719962;36.541774719962;36.541774719962;28.515156;6;6125.83915952697 * x_6;1;2.70199560545291;59.9740085742216
6;2177.75564744065 * CompressionMethod + -11.466998930093 * BlockSize_1 + 38833.3770710368 * x_10 + 14140.6345951589 * x_8 + 6590.14485860155 * BZip2 + 6115.2712689559 * x_6 + -9338.33526692685 * x_8 * PPMd;31.1060627926943;31.1060627926943;31.1060627926943;31.1060627926943;41.951882;8;-9338.33526692685 * x_8 * PPMd;2;2.71785596363384;54.3555666850796
7;2203.13654979704 * CompressionMethod + -39.2491308565946 * BlockSize_1 + 38840.6240469081 * x_10 + 14161.6451289682 * x_8 + 6443.13278261213 * BZip2 + 7743.94587870576 * x_6 + -9382.53780785056 * x_8 * PPMd + -7672.78121330734 * x_6 * PPMd;26.578498253473;26.578498253473;26.578498253473;26.578498253473;59.086551;10;-7672.78121330734 * x_6 * PPMd;2;2.26378226961066;47.9008349733689
8;2357.76626900995 * CompressionMethod + 38.7134424089661 * BlockSize_1 + 44540.120532115 * x_10 + 14306.7274647585 * x_8 + 5431.32475139246 * BZip2 + 7764.0878831781 * x_6 + -9688.39236862458 * x_8 * PPMd + -7853.55005801055 * x_6 * PPMd + -28486.7597403387 * x_10 * LZMA2;22.7079077965169;22.7079077965169;22.7079077965169;22.7079077965169;79.337022;12;-28486.7597403387 * x_10 * LZMA2;2;1.93529522847802;44.9789077205081
9;2042.89757176353 * CompressionMethod + 32.3502513308757 * BlockSize_1 + 44749.4496962602 * x_10 + 13754.6424915441 * x_8 + 5843.16392959303 * BZip2 + 7777.5624017845 * x_6 + -8820.93735583738 * x_8 * PPMd + -7551.66640313966 * x_6 * PPMd + -30317.6736917861 * x_10 * LZMA2 + 1937.03195647037 * LZMA2;19.6664981729827;19.6664981729827;19.6664981729827;19.6664981729827;103.994321;13;1937.03195647037 * LZMA2;1;3.04140962353424;42.908521901597
10;2115.77671818318 * CompressionMethod + 210.228032861427 * BlockSize_1 + 47091.4590988639 * x_10 + 13849.6183302706 * x_8 + 5399.40046799685 * BZip2 + 7782.28052667479 * x_6 + -9002.80695407259 * x_8 * PPMd + -7642.94658071912 * x_6 * PPMd + -32626.5973156782 * x_10 * LZMA2 + 1814.89632392547 * LZMA2 + -42088.1760033524 * x_10 * PPMd;16.5591684820193;16.5591684820193;16.5591684820193;16.5591684820193;134.749364;15;-42088.1760033524 * x_10 * PPMd;2;1.55366484548171;25.9976542298103
11;2055.57374946263 * CompressionMethod + 146.776161075801 * BlockSize_1 + 47093.5023050014 * x_10 + 13760.6555749482 * x_8 + 5630.70624021127 * BZip2 + 5761.07669290225 * x_6 + -8848.64199164615 * x_8 * PPMd + -5556.6588650117 * x_6 * PPMd + -32781.5434423838 * x_10 * LZMA2 + 2033.77056519447 * LZMA2 + -42021.3637127992 * x_10 * PPMd + 10424.4668232152 * x_6 * LZMA;15.5286436328851;15.5286436328851;15.5286436328851;15.5286436328851;170.03787;17;10424.4668232152 * x_6 * LZMA;2;0.515262424567058;24.5126927903079
12;2203.8017710972 * CompressionMethod + 168.737687466687 * BlockSize_1 + 52057.4593258528 * x_10 + 13925.6430976211 * x_8 + 4860.02507484691 * BZip2 + 5814.2299938488 * x_6 + -9163.58783803493 * x_8 * PPMd + -5759.72953577852 * x_6 * PPMd + -36641.2261837541 * x_10 * LZMA2 + 1819.48650370602 * LZMA2 + -47136.543508874 * x_10 * PPMd + 10220.3403098378 * x_6 * LZMA + -7921.63534313164 * x_10 * mtOff;14.7686658608866;14.7686658608866;14.7686658608866;14.7686658608866;209.916305;19;-7921.63534313164 * x_10 * mtOff;2;0.379988885999282;25.6003112798396
13;1875.26577785049 * CompressionMethod + 165.592430948543 * BlockSize_1 + 52136.3704295258 * x_10 + 13739.4298296758 * x_8 + 5202.60634173141 * BZip2 + 6010.23640270438 * x_6 + -8648.59076875202 * x_8 * PPMd + -5626.95800857753 * x_6 * PPMd + -36806.5360150305 * x_10 * LZMA2 + 2205.60628064686 * LZMA2 + -46886.4897206819 * x_10 * PPMd + 9135.63161701684 * x_6 * LZMA + -7700.02097730768 * x_10 * mtOff + 1217.63143427466 * LZMA;11.0322275659475;11.0322275659475;11.0322275659475;11.0322275659475;257.765779;20;1217.63143427466 * LZMA;1;3.73643829493913;22.708168850302
14;1995.89452352558 * CompressionMethod + 136.005638372791 * BlockSize_1 + 52054.2416261539 * x_10 + 13913.4758657436 * x_8 + 5151.10504895955 * BZip2 + 4699.01224652585 * x_6 + -8940.93446986758 * x_8 * PPMd + -4434.0866909531 * x_6 * PPMd + -36202.3456903502 * x_10 * LZMA2 + 1569.79962001323 * LZMA2 + -46920.95510037 * x_10 * PPMd + 10482.7256981159 * x_6 * LZMA + -7731.95912312244 * x_10 * mtOff + 1064.83111275215 * LZMA + 8891.0576524791 * x_6 * LZMA2;10.331644088721;10.331644088721;10.331644088721;10.331644088721;314.481692;22;8891.0576524791 * x_6 * LZMA2;2;0.350291738613238;20.4341073387364
15;1856.33043815687 * CompressionMethod + 153.869633658535 * BlockSize_1 + 51875.6631922847 * x_10 + 13784.9415115699 * x_8 + 5675.89856685791 * BZip2 + 54.5142994416535 * x_6 + -8674.24349662278 * x_8 * PPMd + 348.601188018544 * x_6 * PPMd + -36111.0503633643 * x_10 * LZMA2 + 1758.721067849 * LZMA2 + -46605.2485804837 * x_10 * PPMd + 15098.492273413 * x_6 * LZMA + -7455.50737389689 * x_10 * mtOff + 1230.89357049624 * LZMA + 13484.0965905926 * x_6 * LZMA2 + 6288.79767076548 * x_6 * Deflate;10.0058082676763;10.0058082676763;10.0058082676763;10.0058082676763;378.637069;24;6288.79767076548 * x_6 * Deflate;2;0.162917910522321;18.8267659612588
Analyze finished
command: measurementstocsv /scratch/kaltenec/Distribution-Aware-Sampling/Results_opt/7z_disc/7z_disc_63/sampledConfigurations_solv_2.csv
command: clean-sampling
command: clean-global
