Current machine learning settings: epsilon:0 lossFunction:RELATIVE parallelization:True bagging:False baggingNumbers:3 considerEpsilonTube:False baggingTestDataFraction:50 useBackward:False abortError:1 limitFeatureSize:False featureSizeTreshold:4 quadraticFunctionSupport:True crossValidation:False crossValidation-k:5 learn-logFunction:False learn-accumulatedLogFunction:False learn-asymFunction:False learn-ratioFunction:False learn-mirrowedFunction:False numberOfRounds:70 backwardErrorDelta:1 minImprovementPerRound:0.1 withHierarchy:False bruteForceCandidates:False ignoreBadFeatures:False stopOnLongRound:True candidateSizePenalty:True learnTimeLimit:00:00:00 scoreMeasure:RELERROR outputRoundsToStdout:False blacklisted: 
command: mlsettings bagging:False stopOnLongRound:False parallelization:True lossFunction:RELATIVE useBackward:False abortError:10 limitFeatureSize:False featureSizeTreshold:7 quadraticFunctionSupport:True crossValidation:False learn_logFunction:True numberOfRounds:70 backwardErrorDelta:1 minImprovementPerRound:0.25 withHierarchy:False
Current machine learning settings: epsilon:0 lossFunction:RELATIVE parallelization:True bagging:False baggingNumbers:3 considerEpsilonTube:False baggingTestDataFraction:50 useBackward:False abortError:10 limitFeatureSize:False featureSizeTreshold:7 quadraticFunctionSupport:True crossValidation:False crossValidation-k:5 learn-logFunction:True learn-accumulatedLogFunction:False learn-asymFunction:False learn-ratioFunction:False learn-mirrowedFunction:False numberOfRounds:70 backwardErrorDelta:1 minImprovementPerRound:0.25 withHierarchy:False bruteForceCandidates:False ignoreBadFeatures:False stopOnLongRound:False candidateSizePenalty:True learnTimeLimit:00:00:00 scoreMeasure:RELERROR outputRoundsToStdout:False blacklisted: 
command: solver z3
command: vm /scratch/kaltenec/Distribution-Aware-Sampling/DistOut/ConstraintData/7z_disc/FeatureModel.xml
command: all /scratch/kaltenec/Distribution-Aware-Sampling/DistOut/ConstraintData/7z_disc/measurements.xml
Configs with too large deviation: 0
68640 configurations loaded.
command: nfp Performance
command: binary satoutput henard:true numConfigs:39 seed:42
command: learn-splconqueror
Learning: NumberOfConfigurationsLearning:39 NumberOfConfigurationsValidation:39
Learning progress:
1;4558.37837837838 * CompressionMethod + 18586.6216216216 * Deflate;72.2582726542338;72.2582726542338;72.2582726542338;72.2582726542338;0.156646;2;18586.6216216216 * Deflate;1;1.79769313486232E+308;
2;24853.7288135593 * CompressionMethod + 9018.81355932207 * Deflate + -21455.0847457627 * x_0;36.2663841462009;36.2663841462009;36.2663841462009;36.2663841462009;0.167884;3;-21455.0847457627 * x_0;1;35.9918885080329;
3;19775 * CompressionMethod + -1428.85714285714 * Deflate + -16086.1428571429 * x_0 + 25683.8571428571 * BlockSize_16;26.1002678569099;26.1002678569099;26.1002678569099;26.1002678569099;0.190203;4;25683.8571428571 * BlockSize_16;1;10.166116289291;
4;19775 * CompressionMethod + -828.928571428567 * Deflate + -16686.0714285714 * x_0 + 25083.9285714286 * BlockSize_16 + 2999.64285714285 * BZip2;13.2751308379069;13.2751308379069;13.2751308379069;13.2751308379069;0.221362;5;2999.64285714285 * BZip2;1;12.825137019003;
5;19775 * CompressionMethod + -1139.00000000001 * Deflate + -16376 * x_0 + 25394 * BlockSize_16 + 2689.57142857144 * BZip2 + -1085.24999999999 * PPMd;8.23533038092914;8.23533038092914;8.23533038092914;8.23533038092914;0.263905;6;-1085.24999999999 * PPMd;1;5.03980045697773;
Elapsed=00:00:00.2655900
average model: 
command: analyze-learning
Round, Model, LearningError, LearningErrorRel, ValidationError, ValidationErrorRel, ElapsedSeconds, ModelComplexity, BestCandidate, BestCandidateSize, BestCandidateScore, TestError
Models:
Termination reason: abortError
1;4558.37837837838 * CompressionMethod + 18586.6216216216 * Deflate;72.2582726542338;72.2582726542338;72.2582726542338;72.2582726542338;0.156646;2;18586.6216216216 * Deflate;1;1.79769313486232E+308;166.096357510249
2;24853.7288135593 * CompressionMethod + 9018.81355932207 * Deflate + -21455.0847457627 * x_0;36.2663841462009;36.2663841462009;36.2663841462009;36.2663841462009;0.167884;3;-21455.0847457627 * x_0;1;35.9918885080329;383.729959518617
3;19775 * CompressionMethod + -1428.85714285714 * Deflate + -16086.1428571429 * x_0 + 25683.8571428571 * BlockSize_16;26.1002678569099;26.1002678569099;26.1002678569099;26.1002678569099;0.190203;4;25683.8571428571 * BlockSize_16;1;10.166116289291;287.960218893344
4;19775 * CompressionMethod + -828.928571428567 * Deflate + -16686.0714285714 * x_0 + 25083.9285714286 * BlockSize_16 + 2999.64285714285 * BZip2;13.2751308379069;13.2751308379069;13.2751308379069;13.2751308379069;0.221362;5;2999.64285714285 * BZip2;1;12.825137019003;291.637738996089
5;19775 * CompressionMethod + -1139.00000000001 * Deflate + -16376 * x_0 + 25394 * BlockSize_16 + 2689.57142857144 * BZip2 + -1085.24999999999 * PPMd;8.23533038092914;8.23533038092914;8.23533038092914;8.23533038092914;0.263905;6;-1085.24999999999 * PPMd;1;5.03980045697773;284.126138521965
Analyze finished
command: clean-sampling
command: clean-global
command: script /scratch/kaltenec/Distribution-Aware-Sampling/Results_newTry/7z_disc/7z_disc_42/learn_henard_1.a
command: log /scratch/kaltenec/Distribution-Aware-Sampling/Results_newTry/7z_disc/7z_disc_42/out_henard_1.log
