Current machine learning settings: epsilon:0 lossFunction:RELATIVE parallelization:True bagging:False baggingNumbers:3 baggingTestDataFraction:50 useBackward:False abortError:1 limitFeatureSize:False featureSizeTreshold:4 quadraticFunctionSupport:True crossValidation:False crossValidation-k:5 learn-logFunction:False learn-accumulatedLogFunction:False learn-asymFunction:False learn-ratioFunction:False learn-mirrowedFunction:False numberOfRounds:70 backwardErrorDelta:1 minImprovementPerRound:0.1 withHierarchy:False bruteForceCandidates:False ignoreBadFeatures:False stopOnLongRound:True candidateSizePenalty:True learnTimeLimit:00:00:00 scoreMeasure:RELERROR outputRoundsToStdout:False blacklisted: 
command: mlsettings bagging:False stopOnLongRound:False parallelization:True lossFunction:RELATIVE useBackward:False abortError:10 limitFeatureSize:False featureSizeTreshold:7 quadraticFunctionSupport:True crossValidation:False learn_logFunction:True numberOfRounds:70 backwardErrorDelta:1 minImprovementPerRound:0.25 withHierarchy:False
Current machine learning settings: epsilon:0 lossFunction:RELATIVE parallelization:True bagging:False baggingNumbers:3 baggingTestDataFraction:50 useBackward:False abortError:10 limitFeatureSize:False featureSizeTreshold:7 quadraticFunctionSupport:True crossValidation:False crossValidation-k:5 learn-logFunction:True learn-accumulatedLogFunction:False learn-asymFunction:False learn-ratioFunction:False learn-mirrowedFunction:False numberOfRounds:70 backwardErrorDelta:1 minImprovementPerRound:0.25 withHierarchy:False bruteForceCandidates:False ignoreBadFeatures:False stopOnLongRound:False candidateSizePenalty:True learnTimeLimit:00:00:00 scoreMeasure:RELERROR outputRoundsToStdout:False blacklisted: 
command: solver z3
command: vm /scratch/kaltenec/Distribution-Aware-Sampling/DistOut/ConstraintData/JavaGC_disc/FeatureModel.xml
command: all /scratch/kaltenec/Distribution-Aware-Sampling/DistOut/ConstraintData/JavaGC_disc/measurements.xml
Configs with too large deviation: 0
193536 configurations loaded.
command: nfp Performance
command: hybrid distribution-aware distance-metric:manhattan distribution:uniform onlyBinary:true selection:SolverSelection number-weight-optimization:1-1 numConfigs:32 seed:67
command: learn-splconqueror
Learning: NumberOfConfigurationsLearning:32 NumberOfConfigurationsValidation:32
Learning progress:
1;38.088 * MaxTenuringThreshold + 13.7596820512821 * DisableExplicitGC;51.3462860151742;51.3462860151742;51.3462860151742;51.3462860151742;0.284301;2;13.7596820512821 * DisableExplicitGC;1;1.79769313486232E+308;
2;38.088 * MaxTenuringThreshold + -3.99474509803923 * DisableExplicitGC + 51.2905673202614 * UseAdaptiveSizePolicy;38.9214386705844;38.9214386705844;38.9214386705844;38.9214386705844;0.316672;3;51.2905673202614 * UseAdaptiveSizePolicy;1;12.4248473445898;
3;38.088 * MaxTenuringThreshold + -3.99474509803922 * DisableExplicitGC + 0.0260617647058883 * UseAdaptiveSizePolicy + 92.27611 * UseAdaptiveSizePolicy * NewRatio_8;16.4391471608894;16.4391471608894;16.4391471608894;16.4391471608894;0.367569;5;92.27611 * UseAdaptiveSizePolicy * NewRatio_8;2;11.2411457548475;
4;38.0879999999999 * MaxTenuringThreshold + 1.99629259259266 * DisableExplicitGC + 6.76597916666673 * UseAdaptiveSizePolicy + 92.2761100000001 * UseAdaptiveSizePolicy * NewRatio_8 + -12.7309550925927 * UseAdaptiveGCBoundary;11.0360941443209;11.0360941443209;11.0360941443209;11.0360941443209;0.447478;6;-12.7309550925927 * UseAdaptiveGCBoundary;1;5.40305301656851;
5;36.2854139552522 * MaxTenuringThreshold + 1.99629259259257 * DisableExplicitGC + 10.8217977673493 * UseAdaptiveSizePolicy + 92.5464979067122 * UseAdaptiveSizePolicy * NewRatio_8 + -16.3361271820882 * UseAdaptiveGCBoundary + 5.40775813424343 * TenuredGenerationSizeSupplement_50;9.36627920648063;9.36627920648063;9.36627920648063;9.36627920648063;0.567361;7;5.40775813424343 * TenuredGenerationSizeSupplement_50;1;1.66981493784022;
Elapsed=00:00:00.5697288
average model: 
command: analyze-learning
Round, Model, LearningError, LearningErrorRel, ValidationError, ValidationErrorRel, ElapsedSeconds, ModelComplexity, BestCandidate, BestCandidateSize, BestCandidateScore, TestError
Models:
Termination reason: abortError
1;38.088 * MaxTenuringThreshold + 13.7596820512821 * DisableExplicitGC;51.3462860151742;51.3462860151742;51.3462860151742;51.3462860151742;0.284301;2;13.7596820512821 * DisableExplicitGC;1;1.79769313486232E+308;52.5841798185538
2;38.088 * MaxTenuringThreshold + -3.99474509803923 * DisableExplicitGC + 51.2905673202614 * UseAdaptiveSizePolicy;38.9214386705844;38.9214386705844;38.9214386705844;38.9214386705844;0.316672;3;51.2905673202614 * UseAdaptiveSizePolicy;1;12.4248473445898;62.3314873635393
3;38.088 * MaxTenuringThreshold + -3.99474509803922 * DisableExplicitGC + 0.0260617647058883 * UseAdaptiveSizePolicy + 92.27611 * UseAdaptiveSizePolicy * NewRatio_8;16.4391471608894;16.4391471608894;16.4391471608894;16.4391471608894;0.367569;5;92.27611 * UseAdaptiveSizePolicy * NewRatio_8;2;11.2411457548475;38.6743773666401
4;38.0879999999999 * MaxTenuringThreshold + 1.99629259259266 * DisableExplicitGC + 6.76597916666673 * UseAdaptiveSizePolicy + 92.2761100000001 * UseAdaptiveSizePolicy * NewRatio_8 + -12.7309550925927 * UseAdaptiveGCBoundary;11.0360941443209;11.0360941443209;11.0360941443209;11.0360941443209;0.447478;6;-12.7309550925927 * UseAdaptiveGCBoundary;1;5.40305301656851;35.597894829212
5;36.2854139552522 * MaxTenuringThreshold + 1.99629259259257 * DisableExplicitGC + 10.8217977673493 * UseAdaptiveSizePolicy + 92.5464979067122 * UseAdaptiveSizePolicy * NewRatio_8 + -16.3361271820882 * UseAdaptiveGCBoundary + 5.40775813424343 * TenuredGenerationSizeSupplement_50;9.36627920648063;9.36627920648063;9.36627920648063;9.36627920648063;0.567361;7;5.40775813424343 * TenuredGenerationSizeSupplement_50;1;1.66981493784022;38.3027390144445
Analyze finished
command: measurementstocsv /scratch/kaltenec/Distribution-Aware-Sampling/Results_opt/JavaGC_disc/JavaGC_disc_67/sampledConfigurations_solv_0.csv
command: clean-sampling
command: clean-global
command: script /scratch/kaltenec/Distribution-Aware-Sampling/Results_opt/JavaGC_disc/JavaGC_disc_67/learn_solv_1.a
command: log /scratch/kaltenec/Distribution-Aware-Sampling/Results_opt/JavaGC_disc/JavaGC_disc_67/out_solv_1.log
