Current machine learning settings: epsilon:0 lossFunction:RELATIVE parallelization:True bagging:False baggingNumbers:3 baggingTestDataFraction:50 useBackward:False abortError:1 limitFeatureSize:False featureSizeTreshold:4 quadraticFunctionSupport:True crossValidation:False crossValidation-k:5 learn-logFunction:False learn-accumulatedLogFunction:False learn-asymFunction:False learn-ratioFunction:False learn-mirrowedFunction:False numberOfRounds:70 backwardErrorDelta:1 minImprovementPerRound:0.1 withHierarchy:False bruteForceCandidates:False ignoreBadFeatures:False stopOnLongRound:True candidateSizePenalty:True learnTimeLimit:00:00:00 scoreMeasure:RELERROR outputRoundsToStdout:False blacklisted: 
command: mlsettings bagging:False stopOnLongRound:False parallelization:True lossFunction:RELATIVE useBackward:False abortError:10 limitFeatureSize:False featureSizeTreshold:7 quadraticFunctionSupport:True crossValidation:False learn_logFunction:True numberOfRounds:70 backwardErrorDelta:1 minImprovementPerRound:0.25 withHierarchy:False
Current machine learning settings: epsilon:0 lossFunction:RELATIVE parallelization:True bagging:False baggingNumbers:3 baggingTestDataFraction:50 useBackward:False abortError:10 limitFeatureSize:False featureSizeTreshold:7 quadraticFunctionSupport:True crossValidation:False crossValidation-k:5 learn-logFunction:True learn-accumulatedLogFunction:False learn-asymFunction:False learn-ratioFunction:False learn-mirrowedFunction:False numberOfRounds:70 backwardErrorDelta:1 minImprovementPerRound:0.25 withHierarchy:False bruteForceCandidates:False ignoreBadFeatures:False stopOnLongRound:False candidateSizePenalty:True learnTimeLimit:00:00:00 scoreMeasure:RELERROR outputRoundsToStdout:False blacklisted: 
command: solver z3
command: vm /scratch/kaltenec/Distribution-Aware-Sampling/DistOut/ConstraintData/Hipacc_disc/FeatureModel.xml
Warning: Variability model contains outdated notation. Children nodes will no longer have effect on the model. Instead use the parent node to describe the parent of an configuration option. You can also use the converter providedby the Variability Model GUI in export>convert legacy model.
Warning: Default value nodes in models are no longer used and should be removed. You can also use the converter provided by the Variability Model GUI in export>convert legacy model to update your model.
command: all /scratch/kaltenec/Distribution-Aware-Sampling/DistOut/ConstraintData/Hipacc_disc/measurements.xml
Configs with too large deviation: 0
13485 configurations loaded.
command: nfp Performance
command: hybrid distribution-aware distance-metric:manhattan distribution:uniform onlyBinary:true selection:SolverSelection  numConfigs:727 seed:8
command: learn-splconqueror
Learning: NumberOfConfigurationsLearning:727 NumberOfConfigurationsValidation:727
Learning progress:
1;36.4940208333335 * API + 43.3816934523811 * bs_1024x1;36.4772539185171;36.4772539185171;36.4772539185171;36.4772539185171;0.167214;2;43.3816934523811 * bs_1024x1;1;1.79769313486232E+308;
2;25.6846866588442 * API + 34.218263027301 * bs_1024x1 + 23.3015586994979 * LocalMemory;18.6994359780489;18.6994359780489;18.6994359780489;18.6994359780489;0.539989;3;23.3015586994979 * LocalMemory;1;17.7778179404682;
3;25.3156536243511 * API + 36.490272793212 * bs_1024x1 + 21.0814191795097 * LocalMemory + 23.4239624304894 * bs_32x1;17.0334633441797;17.0334633441797;17.0334633441797;17.0334633441797;1.415536;4;23.4239624304894 * bs_32x1;1;1.66597263386923;
4;28.3125352614788 * API + 38.3788169386693 * bs_1024x1 + 21.6056230751931 * LocalMemory + 21.7129148297367 * bs_32x1 + -6.22386730869929 * TextureMemory;15.7600635788522;15.7600635788522;15.7600635788522;15.7600635788522;2.556748;5;-6.22386730869929 * TextureMemory;1;1.27339976532752;
5;27.7408752016237 * API + 39.9742678257694 * bs_1024x1 + 19.2968586114267 * LocalMemory + 23.9602070564657 * bs_32x1 + -5.10952547671825 * TextureMemory + 23.5028594219066 * LocalMemory * bs_512x1;13.6483389601633;13.6483389601633;13.6483389601633;13.6483389601633;4.340943;7;23.5028594219066 * LocalMemory * bs_512x1;2;1.05586230934445;
6;28.0251537049901 * API + 40.1904117763416 * bs_1024x1 + 19.0829930762746 * LocalMemory + 10.6204918690336 * bs_32x1 + -5.47948613782813 * TextureMemory + 23.5345045671018 * LocalMemory * bs_512x1 + 38.2490886765853 * bs_32x1 * pixelPerThread_1;12.6949373956352;12.6949373956352;12.6949373956352;12.6949373956352;6.932127;9;38.2490886765853 * bs_32x1 * pixelPerThread_1;2;0.476700782264066;
7;27.9168922974875 * API + 39.6382032266465 * bs_1024x1 + 19.5462518311306 * LocalMemory + 10.2823715432167 * bs_32x1 + -5.17219660928654 * TextureMemory + 23.0947376946332 * LocalMemory * bs_512x1 + 38.140179760622 * bs_32x1 * pixelPerThread_1 + -12.2615586561122 * bs_32x4;12.2115428649606;12.2115428649606;12.2115428649606;12.2115428649606;10.018869;10;-12.2615586561122 * bs_32x4;1;0.483394530674595;
8;27.8999180931494 * API + 39.0804420866343 * bs_1024x1 + 19.9679889445752 * LocalMemory + 9.89960723544724 * bs_32x1 + -4.92340915432261 * TextureMemory + 22.6213437634681 * LocalMemory * bs_512x1 + 38.0467819848623 * bs_32x1 * pixelPerThread_1 + -12.8635302072288 * bs_32x4 + -11.9689819253514 * bs_64x2;11.7633251163202;11.7633251163202;11.7633251163202;11.7633251163202;14.002382;11;-11.9689819253514 * bs_64x2;1;0.448217748640369;
9;27.3587130671988 * API + 36.656071141314 * bs_1024x1 + 18.462932349852 * LocalMemory + 11.7785738631138 * bs_32x1 + -5.39691301589101 * TextureMemory + 22.9229171082156 * LocalMemory * bs_512x1 + 32.864742326741 * bs_32x1 * pixelPerThread_1 + -13.0059920321353 * bs_32x4 + -12.0202881701437 * bs_64x2 + 5.43839908944094 * pixelPerThread_1;11.3243965071355;11.3243965071355;11.3243965071355;11.3243965071355;18.808658;12;5.43839908944094 * pixelPerThread_1;1;0.438928609184652;
10;26.7938722479733 * API + 36.9939359300375 * bs_1024x1 + 19.8756531060976 * LocalMemory + 11.6317903907417 * bs_32x1 + -4.18240536953273 * TextureMemory + 22.7067682390421 * LocalMemory * bs_512x1 + 32.8108376805138 * bs_32x1 * pixelPerThread_1 + -12.2486942530695 * bs_32x4 + -11.2886513190567 * bs_64x2 + 5.28199195654068 * pixelPerThread_1 + -6.61804770235381 * LocalMemory * Linear1D;10.7858526646001;10.7858526646001;10.7858526646001;10.7858526646001;24.941341;14;-6.61804770235381 * LocalMemory * Linear1D;2;0.269271921267745;
11;26.9742951954044 * API + 37.7843956360344 * bs_1024x1 + 19.4865919747654 * LocalMemory + 11.8598354599472 * bs_32x1 + -4.48017222422748 * TextureMemory + 23.1566767985738 * LocalMemory * bs_512x1 + 33.2836620835034 * bs_32x1 * pixelPerThread_1 + -11.5353292153334 * bs_32x4 + -10.694458012676 * bs_64x2 + 4.91413432656994 * pixelPerThread_1 + -6.85208014135917 * LocalMemory * Linear1D + 18.5559643621402 * LocalMemory * bs_64x16;10.3778074535629;10.3778074535629;10.3778074535629;10.3778074535629;32.448517;16;18.5559643621402 * LocalMemory * bs_64x16;2;0.2040226055186;
Elapsed=00:00:32.4577456
average model: 
command: analyze-learning
Round, Model, LearningError, LearningErrorRel, ValidationError, ValidationErrorRel, ElapsedSeconds, ModelComplexity, BestCandidate, BestCandidateSize, BestCandidateScore, TestError
Models:
Termination reason: minImprovementPerRound
1;36.4940208333335 * API + 43.3816934523811 * bs_1024x1;36.4772539185171;36.4772539185171;36.4772539185171;36.4772539185171;0.167214;2;43.3816934523811 * bs_1024x1;1;1.79769313486232E+308;38.3852783758959
2;25.6846866588442 * API + 34.218263027301 * bs_1024x1 + 23.3015586994979 * LocalMemory;18.6994359780489;18.6994359780489;18.6994359780489;18.6994359780489;0.539989;3;23.3015586994979 * LocalMemory;1;17.7778179404682;23.244753786633
3;25.3156536243511 * API + 36.490272793212 * bs_1024x1 + 21.0814191795097 * LocalMemory + 23.4239624304894 * bs_32x1;17.0334633441797;17.0334633441797;17.0334633441797;17.0334633441797;1.415536;4;23.4239624304894 * bs_32x1;1;1.66597263386923;21.6808613797438
4;28.3125352614788 * API + 38.3788169386693 * bs_1024x1 + 21.6056230751931 * LocalMemory + 21.7129148297367 * bs_32x1 + -6.22386730869929 * TextureMemory;15.7600635788522;15.7600635788522;15.7600635788522;15.7600635788522;2.556748;5;-6.22386730869929 * TextureMemory;1;1.27339976532752;22.0614270378688
5;27.7408752016237 * API + 39.9742678257694 * bs_1024x1 + 19.2968586114267 * LocalMemory + 23.9602070564657 * bs_32x1 + -5.10952547671825 * TextureMemory + 23.5028594219066 * LocalMemory * bs_512x1;13.6483389601633;13.6483389601633;13.6483389601633;13.6483389601633;4.340943;7;23.5028594219066 * LocalMemory * bs_512x1;2;1.05586230934445;20.2176668153719
6;28.0251537049901 * API + 40.1904117763416 * bs_1024x1 + 19.0829930762746 * LocalMemory + 10.6204918690336 * bs_32x1 + -5.47948613782813 * TextureMemory + 23.5345045671018 * LocalMemory * bs_512x1 + 38.2490886765853 * bs_32x1 * pixelPerThread_1;12.6949373956352;12.6949373956352;12.6949373956352;12.6949373956352;6.932127;9;38.2490886765853 * bs_32x1 * pixelPerThread_1;2;0.476700782264066;19.4405807767217
7;27.9168922974875 * API + 39.6382032266465 * bs_1024x1 + 19.5462518311306 * LocalMemory + 10.2823715432167 * bs_32x1 + -5.17219660928654 * TextureMemory + 23.0947376946332 * LocalMemory * bs_512x1 + 38.140179760622 * bs_32x1 * pixelPerThread_1 + -12.2615586561122 * bs_32x4;12.2115428649606;12.2115428649606;12.2115428649606;12.2115428649606;10.018869;10;-12.2615586561122 * bs_32x4;1;0.483394530674595;19.5205786459944
8;27.8999180931494 * API + 39.0804420866343 * bs_1024x1 + 19.9679889445752 * LocalMemory + 9.89960723544724 * bs_32x1 + -4.92340915432261 * TextureMemory + 22.6213437634681 * LocalMemory * bs_512x1 + 38.0467819848623 * bs_32x1 * pixelPerThread_1 + -12.8635302072288 * bs_32x4 + -11.9689819253514 * bs_64x2;11.7633251163202;11.7633251163202;11.7633251163202;11.7633251163202;14.002382;11;-11.9689819253514 * bs_64x2;1;0.448217748640369;19.548113146485
9;27.3587130671988 * API + 36.656071141314 * bs_1024x1 + 18.462932349852 * LocalMemory + 11.7785738631138 * bs_32x1 + -5.39691301589101 * TextureMemory + 22.9229171082156 * LocalMemory * bs_512x1 + 32.864742326741 * bs_32x1 * pixelPerThread_1 + -13.0059920321353 * bs_32x4 + -12.0202881701437 * bs_64x2 + 5.43839908944094 * pixelPerThread_1;11.3243965071355;11.3243965071355;11.3243965071355;11.3243965071355;18.808658;12;5.43839908944094 * pixelPerThread_1;1;0.438928609184652;18.9768216142796
10;26.7938722479733 * API + 36.9939359300375 * bs_1024x1 + 19.8756531060976 * LocalMemory + 11.6317903907417 * bs_32x1 + -4.18240536953273 * TextureMemory + 22.7067682390421 * LocalMemory * bs_512x1 + 32.8108376805138 * bs_32x1 * pixelPerThread_1 + -12.2486942530695 * bs_32x4 + -11.2886513190567 * bs_64x2 + 5.28199195654068 * pixelPerThread_1 + -6.61804770235381 * LocalMemory * Linear1D;10.7858526646001;10.7858526646001;10.7858526646001;10.7858526646001;24.941341;14;-6.61804770235381 * LocalMemory * Linear1D;2;0.269271921267745;18.1205103013585
11;26.9742951954044 * API + 37.7843956360344 * bs_1024x1 + 19.4865919747654 * LocalMemory + 11.8598354599472 * bs_32x1 + -4.48017222422748 * TextureMemory + 23.1566767985738 * LocalMemory * bs_512x1 + 33.2836620835034 * bs_32x1 * pixelPerThread_1 + -11.5353292153334 * bs_32x4 + -10.694458012676 * bs_64x2 + 4.91413432656994 * pixelPerThread_1 + -6.85208014135917 * LocalMemory * Linear1D + 18.5559643621402 * LocalMemory * bs_64x16;10.3778074535629;10.3778074535629;10.3778074535629;10.3778074535629;32.448517;16;18.5559643621402 * LocalMemory * bs_64x16;2;0.2040226055186;17.8571205969118
Analyze finished
command: measurementstocsv /scratch/kaltenec/Distribution-Aware-Sampling/Results_test/Hipacc_disc/Hipacc_disc_8/sampledConfigurations_solv_1.csv
command: clean-sampling
command: clean-global
command: script /scratch/kaltenec/Distribution-Aware-Sampling/Results_test/Hipacc_disc/Hipacc_disc_8/learn_solv_2.a
command: log /scratch/kaltenec/Distribution-Aware-Sampling/Results_test/Hipacc_disc/Hipacc_disc_8/out_solv_2.log
