Current machine learning settings: epsilon:0 lossFunction:RELATIVE parallelization:True bagging:False baggingNumbers:3 baggingTestDataFraction:50 useBackward:False abortError:1 limitFeatureSize:False featureSizeTreshold:4 quadraticFunctionSupport:True crossValidation:False crossValidation-k:5 learn-logFunction:False learn-accumulatedLogFunction:False learn-asymFunction:False learn-ratioFunction:False learn-mirrowedFunction:False numberOfRounds:70 backwardErrorDelta:1 minImprovementPerRound:0.1 withHierarchy:False bruteForceCandidates:False ignoreBadFeatures:False stopOnLongRound:True candidateSizePenalty:True learnTimeLimit:00:00:00 scoreMeasure:RELERROR outputRoundsToStdout:False blacklisted: 
command: mlsettings bagging:False stopOnLongRound:False parallelization:True lossFunction:RELATIVE useBackward:False abortError:10 limitFeatureSize:False featureSizeTreshold:7 quadraticFunctionSupport:True crossValidation:False learn_logFunction:True numberOfRounds:70 backwardErrorDelta:1 minImprovementPerRound:0.25 withHierarchy:False
Current machine learning settings: epsilon:0 lossFunction:RELATIVE parallelization:True bagging:False baggingNumbers:3 baggingTestDataFraction:50 useBackward:False abortError:10 limitFeatureSize:False featureSizeTreshold:7 quadraticFunctionSupport:True crossValidation:False crossValidation-k:5 learn-logFunction:True learn-accumulatedLogFunction:False learn-asymFunction:False learn-ratioFunction:False learn-mirrowedFunction:False numberOfRounds:70 backwardErrorDelta:1 minImprovementPerRound:0.25 withHierarchy:False bruteForceCandidates:False ignoreBadFeatures:False stopOnLongRound:False candidateSizePenalty:True learnTimeLimit:00:00:00 scoreMeasure:RELERROR outputRoundsToStdout:False blacklisted: 
command: solver z3
command: vm /scratch/kaltenec/Distribution-Aware-Sampling/DistOut/ConstraintData/7z_disc/FeatureModel.xml
command: all /scratch/kaltenec/Distribution-Aware-Sampling/DistOut/ConstraintData/7z_disc/measurements.xml
Configs with too large deviation: 0
68640 configurations loaded.
command: nfp Performance
command: hybrid distribution-aware distance-metric:manhattan distribution:uniform onlyBinary:true selection:SolverSelection  numConfigs:39 seed:15
command: learn-splconqueror
Learning: NumberOfConfigurationsLearning:39 NumberOfConfigurationsValidation:39
Learning progress:
1;8391.78571428571 * CompressionMethod + -3968.14935064935 * BlockSize_1;103.63487481962;103.63487481962;103.63487481962;103.63487481962;0.043228;2;-3968.14935064935 * BlockSize_1;1;1.79769313486232E+308;
2;12144.4394110985 * CompressionMethod + -1107.7349943375 * BlockSize_1 + -8082.63873159683 * x_0;67.7399248403602;67.7399248403602;67.7399248403602;67.7399248403602;0.068018;3;-8082.63873159683 * x_0;1;35.8949499792601;
3;8960.25321625485 * CompressionMethod + -5027.53318358178 * BlockSize_1 + -7050.70247090055 * x_0 + 6885.64018787012 * LZMA;49.2315529567962;49.2315529567962;49.2315529567962;49.2315529567962;0.116998;4;6885.64018787012 * LZMA;1;18.508371883564;
4;5616.29757785467 * CompressionMethod + -750.380622837364 * BlockSize_1 + -1459.29757785466 * x_0 + 12251.5224913495 * LZMA + -12694.0703575548 * x_0 * LZMA;36.4735463080683;36.4735463080683;36.4735463080683;36.4735463080683;0.196058;6;-12694.0703575548 * x_0 * LZMA;2;6.37900332436397;
5;5616.29757785467 * CompressionMethod + -750.380622837365 * BlockSize_1 + -3582.96424452133 * x_0 + 12251.5224913495 * LZMA + -10570.4036908881 * x_0 * LZMA + 5309.16666666667 * BZip2;18.8146762886478;18.8146762886478;18.8146762886478;18.8146762886478;0.310142;7;5309.16666666667 * BZip2;1;17.6588700194204;
6;6288.06451612903 * CompressionMethod + -104.651162790685 * BlockSize_1 + -4254.73118279569 * x_0 + 12176.8817204301 * LZMA + -10980.0600150038 * x_0 * LZMA + 7315.78832208053 * BZip2 + -2006.62165541386 * tmOff;16.5534366155668;16.5534366155668;16.5534366155668;16.5534366155668;0.556745;8;-2006.62165541386 * tmOff;1;2.26123967308105;
7;3513.33333333337 * CompressionMethod + -104.65116279068 * BlockSize_1 + -1480.00000000003 * x_0 + 14396.6666666666 * LZMA + -13199.8449612403 * x_0 * LZMA + 9091.61627906976 * BZip2 + -3782.4496124031 * tmOff + 3440.66666666663 * x_6;13.8063615071184;13.8063615071184;13.8063615071184;13.8063615071184;0.750055;9;3440.66666666663 * x_6;1;2.74707510844835;
8;3513.33333333331 * CompressionMethod + -104.651162790696 * BlockSize_1 + -1479.99999999998 * x_0 + 14396.6666666667 * LZMA + -13199.8449612403 * x_0 * LZMA + 4437.61627906978 * BZip2 + 871.550387596892 * tmOff + -1213.33333333331 * x_6 + 5817.5 * x_6 * Deflate;7.70689099004734;7.70689099004734;7.70689099004734;7.70689099004734;1.091002;11;5817.5 * x_6 * Deflate;2;3.04973525853555;
Elapsed=00:00:01.0939390
average model: 
command: analyze-learning
Round, Model, LearningError, LearningErrorRel, ValidationError, ValidationErrorRel, ElapsedSeconds, ModelComplexity, BestCandidate, BestCandidateSize, BestCandidateScore, TestError
Models:
Termination reason: abortError
1;8391.78571428571 * CompressionMethod + -3968.14935064935 * BlockSize_1;103.63487481962;103.63487481962;103.63487481962;103.63487481962;0.043228;2;-3968.14935064935 * BlockSize_1;1;1.79769313486232E+308;119.858017429117
2;12144.4394110985 * CompressionMethod + -1107.7349943375 * BlockSize_1 + -8082.63873159683 * x_0;67.7399248403602;67.7399248403602;67.7399248403602;67.7399248403602;0.068018;3;-8082.63873159683 * x_0;1;35.8949499792601;148.780366746995
3;8960.25321625485 * CompressionMethod + -5027.53318358178 * BlockSize_1 + -7050.70247090055 * x_0 + 6885.64018787012 * LZMA;49.2315529567962;49.2315529567962;49.2315529567962;49.2315529567962;0.116998;4;6885.64018787012 * LZMA;1;18.508371883564;118.407936923006
4;5616.29757785467 * CompressionMethod + -750.380622837364 * BlockSize_1 + -1459.29757785466 * x_0 + 12251.5224913495 * LZMA + -12694.0703575548 * x_0 * LZMA;36.4735463080683;36.4735463080683;36.4735463080683;36.4735463080683;0.196058;6;-12694.0703575548 * x_0 * LZMA;2;6.37900332436397;91.7122907275652
5;5616.29757785467 * CompressionMethod + -750.380622837365 * BlockSize_1 + -3582.96424452133 * x_0 + 12251.5224913495 * LZMA + -10570.4036908881 * x_0 * LZMA + 5309.16666666667 * BZip2;18.8146762886478;18.8146762886478;18.8146762886478;18.8146762886478;0.310142;7;5309.16666666667 * BZip2;1;17.6588700194204;89.4778698679489
6;6288.06451612903 * CompressionMethod + -104.651162790685 * BlockSize_1 + -4254.73118279569 * x_0 + 12176.8817204301 * LZMA + -10980.0600150038 * x_0 * LZMA + 7315.78832208053 * BZip2 + -2006.62165541386 * tmOff;16.5534366155668;16.5534366155668;16.5534366155668;16.5534366155668;0.556745;8;-2006.62165541386 * tmOff;1;2.26123967308105;94.0470732887926
7;3513.33333333337 * CompressionMethod + -104.65116279068 * BlockSize_1 + -1480.00000000003 * x_0 + 14396.6666666666 * LZMA + -13199.8449612403 * x_0 * LZMA + 9091.61627906976 * BZip2 + -3782.4496124031 * tmOff + 3440.66666666663 * x_6;13.8063615071184;13.8063615071184;13.8063615071184;13.8063615071184;0.750055;9;3440.66666666663 * x_6;1;2.74707510844835;93.2063503174518
8;3513.33333333331 * CompressionMethod + -104.651162790696 * BlockSize_1 + -1479.99999999998 * x_0 + 14396.6666666667 * LZMA + -13199.8449612403 * x_0 * LZMA + 4437.61627906978 * BZip2 + 871.550387596892 * tmOff + -1213.33333333331 * x_6 + 5817.5 * x_6 * Deflate;7.70689099004734;7.70689099004734;7.70689099004734;7.70689099004734;1.091002;11;5817.5 * x_6 * Deflate;2;3.04973525853555;72.6761556778602
Analyze finished
command: measurementstocsv /scratch/kaltenec/Distribution-Aware-Sampling/Results_test/7z_disc/7z_disc_15/sampledConfigurations_solv_0.csv
command: clean-sampling
command: clean-global
command: script /scratch/kaltenec/Distribution-Aware-Sampling/Results_test/7z_disc/7z_disc_15/learn_solv_1.a
command: log /scratch/kaltenec/Distribution-Aware-Sampling/Results_test/7z_disc/7z_disc_15/out_solv_1.log
