Current machine learning settings: epsilon:0 lossFunction:RELATIVE parallelization:True bagging:False baggingNumbers:3 baggingTestDataFraction:50 useBackward:False abortError:1 limitFeatureSize:False featureSizeTreshold:4 quadraticFunctionSupport:True crossValidation:False crossValidation-k:5 learn-logFunction:False learn-accumulatedLogFunction:False learn-asymFunction:False learn-ratioFunction:False learn-mirrowedFunction:False numberOfRounds:70 backwardErrorDelta:1 minImprovementPerRound:0.1 withHierarchy:False bruteForceCandidates:False ignoreBadFeatures:False stopOnLongRound:True candidateSizePenalty:True learnTimeLimit:00:00:00 scoreMeasure:RELERROR outputRoundsToStdout:False blacklisted: 
command: mlsettings bagging:False stopOnLongRound:False parallelization:True lossFunction:RELATIVE useBackward:False abortError:10 limitFeatureSize:False featureSizeTreshold:7 quadraticFunctionSupport:True crossValidation:False learn_logFunction:True numberOfRounds:70 backwardErrorDelta:1 minImprovementPerRound:0.25 withHierarchy:False
Current machine learning settings: epsilon:0 lossFunction:RELATIVE parallelization:True bagging:False baggingNumbers:3 baggingTestDataFraction:50 useBackward:False abortError:10 limitFeatureSize:False featureSizeTreshold:7 quadraticFunctionSupport:True crossValidation:False crossValidation-k:5 learn-logFunction:True learn-accumulatedLogFunction:False learn-asymFunction:False learn-ratioFunction:False learn-mirrowedFunction:False numberOfRounds:70 backwardErrorDelta:1 minImprovementPerRound:0.25 withHierarchy:False bruteForceCandidates:False ignoreBadFeatures:False stopOnLongRound:False candidateSizePenalty:True learnTimeLimit:00:00:00 scoreMeasure:RELERROR outputRoundsToStdout:False blacklisted: 
command: solver z3
command: vm ../FeatureModel.xml
command: all ../measurements.xml
Configs with too large deviation: 0
68640 configurations loaded.
command: nfp Performance
command: binary random numConfigs:4091 seed:15 fromFile:../allConfigurations.csv
command: learn-splconqueror
Learning: NumberOfConfigurationsLearning:4091 NumberOfConfigurationsValidation:4091
Learning progress:
1;11051.4822657491 * CompressionMethod + 799.476200704625 * BlockSize_1;173.058605687632;173.058605687632;173.058605687632;173.058605687632;0.4843818;2;799.476200704625 * BlockSize_1;1;1.79769313486232E+308;
2;7433.43706584963 * CompressionMethod + 1140.42692885442 * BlockSize_1 + 22298.4906447311 * x_10;114.378397474717;114.378397474717;114.378397474717;114.378397474717;1.3437636;3;22298.4906447311 * x_10;1;58.6802082129148;
3;5262.65373751775 * CompressionMethod + 1035.68719080728 * BlockSize_1 + 24476.5850928659 * x_10 + 11128.1159120442 * x_8;78.6934775415316;78.6934775415316;78.6934775415316;78.6934775415316;3.7344152;4;11128.1159120442 * x_8;1;35.6849199331853;
4;3572.19603967179 * CompressionMethod + 928.666999812682 * BlockSize_1 + 24614.6840482855 * x_10 + 11061.390940824 * x_8 + 8357.13284589303 * BZip2;59.3041309674378;59.3041309674378;59.3041309674378;59.3041309674378;6.9688221;5;8357.13284589303 * BZip2;1;19.3893465740938;
5;3805.49138951854 * CompressionMethod + 467.405392320594 * BlockSize_1 + 29824.7110398418 * x_10 + 11071.5477623215 * x_8 + 7383.67882666124 * BZip2 + -25911.2522155974 * x_10 * PPMd;53.323726392168;53.323726392168;53.323726392168;53.323726392168;12.5626289;7;-25911.2522155974 * x_10 * PPMd;2;2.99020228763492;
6;1850.39783008573 * CompressionMethod + 543.077962611521 * BlockSize_1 + 31700.2593282895 * x_10 + 12954.0270032626 * x_8 + 7698.00862004393 * BZip2 + -25833.9828113864 * x_10 * PPMd + 7541.56032615211 * x_6;47.2600481195818;47.2600481195818;47.2600481195818;47.2600481195818;19.0712599;8;7541.56032615211 * x_6;1;6.06367827258613;
7;2976.6599403153 * CompressionMethod + 438.487057310378 * BlockSize_1 + 23434.6971346808 * x_10 + 12927.9741411531 * x_8 + 2531.89513451587 * BZip2 + -18691.5371368699 * x_10 * PPMd + 7268.92193929937 * x_6 + 35732.4928504035 * BZip2 * x_10;39.0556262378655;39.0556262378655;39.0556262378655;39.0556262378655;27.5869724;10;35732.4928504035 * BZip2 * x_10;2;4.10221094085819;
8;3054.54709477446 * CompressionMethod + 505.615917527165 * BlockSize_1 + 23351.6462217435 * x_10 + 12925.7683461965 * x_8 + 2147.74048030675 * BZip2 + -18688.3922914807 * x_10 * PPMd + 9143.7897183768 * x_6 + 36115.8078690873 * BZip2 * x_10 + -9473.53529873371 * x_6 * PPMd;31.7485509646435;31.7485509646435;31.7485509646435;31.7485509646435;37.0364609;12;-9473.53529873371 * x_6 * PPMd;2;3.65353763661098;
9;2693.19196406661 * CompressionMethod + 539.915167910228 * BlockSize_1 + 23710.3629485755 * x_10 + 12934.1232354412 * x_8 + 3804.99191334958 * BZip2 + -18686.7854440068 * x_10 * PPMd + 11250.8910886229 * x_6 + 34458.127427285 * BZip2 * x_10 + -11222.2640817827 * x_6 * PPMd + -10196.6788289705 * x_6 * BZip2;26.8243955102495;26.8243955102495;26.8243955102495;26.8243955102495;49.1686483;14;-10196.6788289705 * x_6 * BZip2;2;2.46207772719701;
10;2856.15976232784 * CompressionMethod + 423.597458757759 * BlockSize_1 + 23556.3426664031 * x_10 + 15249.3971071572 * x_8 + 3094.05469567554 * BZip2 + -18692.2346831293 * x_10 * PPMd + 11095.6071481419 * x_6 + 35170.5195256248 * BZip2 * x_10 + -11219.8333561587 * x_6 * PPMd + -9484.16122675473 * x_6 * BZip2 + -11714.4950624951 * x_8 * PPMd;22.1434415375035;22.1434415375035;22.1434415375035;22.1434415375035;63.4484495;16;-11714.4950624951 * x_8 * PPMd;2;2.34047698637296;
11;2858.93824944905 * CompressionMethod + 388.189783345694 * BlockSize_1 + 15316.0905798663 * x_10 + 15249.7151875587 * x_8 + 3094.02026504161 * BZip2 + -10453.6961912216 * x_10 * PPMd + 11095.1676646351 * x_6 + 43411.1940957502 * BZip2 * x_10 + -11219.0934314767 * x_6 * PPMd + -9483.64571939225 * x_6 * BZip2 + -11715.4618450289 * x_8 * PPMd + 26566.395988017 * x_10 * Deflate;18.1758733556159;18.1758733556159;18.1758733556159;18.1758733556159;81.17479;18;26566.395988017 * x_10 * Deflate;2;1.98378409094382;
12;2552.48927361747 * CompressionMethod + 354.878134250949 * BlockSize_1 + 15057.7671021176 * x_10 + 15171.4787049702 * x_8 + 3421.95267822058 * BZip2 + -9887.92188353215 * x_10 * PPMd + 11010.2382474245 * x_6 + 43651.0132267213 * BZip2 * x_10 + -10824.8183732959 * x_6 * PPMd + -9417.54659933721 * x_6 * BZip2 + -11328.7726783938 * x_8 * PPMd + 27133.8333735261 * x_10 * Deflate + 1159.60504945959 * LZMA2;15.9604680360377;15.9604680360377;15.9604680360377;15.9604680360377;106.0604124;19;1159.60504945959 * LZMA2;1;2.21540531957825;
13;1737.30894606564 * CompressionMethod + 350.042229613118 * BlockSize_1 + 14248.3723739396 * x_10 + 14957.9946765929 * x_8 + 4288.89914059873 * BZip2 + -8263.20138706146 * x_10 * PPMd + 10781.5785689594 * x_6 + 44409.0742993508 * BZip2 * x_10 + -9780.55785383111 * x_6 * PPMd + -9240.26789515126 * x_6 * BZip2 + -10299.8174409813 * x_8 * PPMd + 28758.7953016269 * x_10 * Deflate + 2179.95431352848 * LZMA2 + 2203.98534913219 * LZMA;13.8270818372943;13.8270818372943;13.8270818372943;13.8270818372943;136.2221106;20;2203.98534913219 * LZMA;1;2.13338619874339;
14;2423.9238067879 * CompressionMethod + 263.995135856266 * BlockSize_1 + 14893.1899751863 * x_10 + 15135.3112283324 * x_8 + 3566.46269184144 * BZip2 + -9592.04596651144 * x_10 * PPMd + 13699.6216278761 * x_6 + 43807.7735546854 * BZip2 * x_10 + -13377.7334174922 * x_6 * PPMd + -12115.6360576808 * x_6 * BZip2 + -11158.5730884053 * x_8 * PPMd + 27434.2466071588 * x_10 * Deflate + 856.938932978448 * LZMA2 + 877.216731500024 * LZMA + -7936.4194135719 * x_6 * Deflate;10.5036178413622;10.5036178413622;10.5036178413622;10.5036178413622;166.3161026;22;-7936.4194135719 * x_6 * Deflate;2;1.66173199796604;
15;2102.01756649354 * CompressionMethod + 273.299627605793 * BlockSize_1 + 14686.8119347442 * x_10 + 14305.9188417158 * x_8 + 4087.24419957258 * BZip2 + -9064.04152011408 * x_10 * PPMd + 13493.2409449042 * x_6 + 43814.4442186734 * BZip2 * x_10 + -12850.2555804659 * x_6 * PPMd + -12108.8717078601 * x_6 * BZip2 + -10007.8341301707 * x_8 * PPMd + 27961.7865285543 * x_10 * Deflate + 1383.8387462136 * LZMA2 + 1405.45096472542 * LZMA + -7408.50220520948 * x_6 * Deflate + 3199.9763197591 * x_8 * Deflate;9.02526436341977;9.02526436341977;9.02526436341977;9.02526436341977;199.9721566;24;3199.9763197591 * x_8 * Deflate;2;0.739176738971208;
Elapsed=00:03:20.0454289
average model: 

command: analyze-learning
Round, Model, LearningError, LearningErrorRel, ValidationError, ValidationErrorRel, ElapsedSeconds, ModelComplexity, BestCandidate, BestCandidateSize, BestCandidateScore, TestError
Models:
Termination reason: abortError
1;11051.4822657491 * CompressionMethod + 799.476200704625 * BlockSize_1;173.058605687632;173.058605687632;173.058605687632;173.058605687632;0.4843818;2;799.476200704625 * BlockSize_1;1;1.79769313486232E+308;175.016046219053
2;7433.43706584963 * CompressionMethod + 1140.42692885442 * BlockSize_1 + 22298.4906447311 * x_10;114.378397474717;114.378397474717;114.378397474717;114.378397474717;1.3437636;3;22298.4906447311 * x_10;1;58.6802082129148;115.717289409095
3;5262.65373751775 * CompressionMethod + 1035.68719080728 * BlockSize_1 + 24476.5850928659 * x_10 + 11128.1159120442 * x_8;78.6934775415316;78.6934775415316;78.6934775415316;78.6934775415316;3.7344152;4;11128.1159120442 * x_8;1;35.6849199331853;79.5231972958115
4;3572.19603967179 * CompressionMethod + 928.666999812682 * BlockSize_1 + 24614.6840482855 * x_10 + 11061.390940824 * x_8 + 8357.13284589303 * BZip2;59.3041309674378;59.3041309674378;59.3041309674378;59.3041309674378;6.9688221;5;8357.13284589303 * BZip2;1;19.3893465740938;59.3306610851704
5;3805.49138951854 * CompressionMethod + 467.405392320594 * BlockSize_1 + 29824.7110398418 * x_10 + 11071.5477623215 * x_8 + 7383.67882666124 * BZip2 + -25911.2522155974 * x_10 * PPMd;53.323726392168;53.323726392168;53.323726392168;53.323726392168;12.5626289;7;-25911.2522155974 * x_10 * PPMd;2;2.99020228763492;53.1743252971493
6;1850.39783008573 * CompressionMethod + 543.077962611521 * BlockSize_1 + 31700.2593282895 * x_10 + 12954.0270032626 * x_8 + 7698.00862004393 * BZip2 + -25833.9828113864 * x_10 * PPMd + 7541.56032615211 * x_6;47.2600481195818;47.2600481195818;47.2600481195818;47.2600481195818;19.0712599;8;7541.56032615211 * x_6;1;6.06367827258613;48.0409300760831
7;2976.6599403153 * CompressionMethod + 438.487057310378 * BlockSize_1 + 23434.6971346808 * x_10 + 12927.9741411531 * x_8 + 2531.89513451587 * BZip2 + -18691.5371368699 * x_10 * PPMd + 7268.92193929937 * x_6 + 35732.4928504035 * BZip2 * x_10;39.0556262378655;39.0556262378655;39.0556262378655;39.0556262378655;27.5869724;10;35732.4928504035 * BZip2 * x_10;2;4.10221094085819;40.0744510656115
8;3054.54709477446 * CompressionMethod + 505.615917527165 * BlockSize_1 + 23351.6462217435 * x_10 + 12925.7683461965 * x_8 + 2147.74048030675 * BZip2 + -18688.3922914807 * x_10 * PPMd + 9143.7897183768 * x_6 + 36115.8078690873 * BZip2 * x_10 + -9473.53529873371 * x_6 * PPMd;31.7485509646435;31.7485509646435;31.7485509646435;31.7485509646435;37.0364609;12;-9473.53529873371 * x_6 * PPMd;2;3.65353763661098;32.5421231182505
9;2693.19196406661 * CompressionMethod + 539.915167910228 * BlockSize_1 + 23710.3629485755 * x_10 + 12934.1232354412 * x_8 + 3804.99191334958 * BZip2 + -18686.7854440068 * x_10 * PPMd + 11250.8910886229 * x_6 + 34458.127427285 * BZip2 * x_10 + -11222.2640817827 * x_6 * PPMd + -10196.6788289705 * x_6 * BZip2;26.8243955102495;26.8243955102495;26.8243955102495;26.8243955102495;49.1686483;14;-10196.6788289705 * x_6 * BZip2;2;2.46207772719701;27.0198523277693
10;2856.15976232784 * CompressionMethod + 423.597458757759 * BlockSize_1 + 23556.3426664031 * x_10 + 15249.3971071572 * x_8 + 3094.05469567554 * BZip2 + -18692.2346831293 * x_10 * PPMd + 11095.6071481419 * x_6 + 35170.5195256248 * BZip2 * x_10 + -11219.8333561587 * x_6 * PPMd + -9484.16122675473 * x_6 * BZip2 + -11714.4950624951 * x_8 * PPMd;22.1434415375035;22.1434415375035;22.1434415375035;22.1434415375035;63.4484495;16;-11714.4950624951 * x_8 * PPMd;2;2.34047698637296;22.1726273509013
11;2858.93824944905 * CompressionMethod + 388.189783345694 * BlockSize_1 + 15316.0905798663 * x_10 + 15249.7151875587 * x_8 + 3094.02026504161 * BZip2 + -10453.6961912216 * x_10 * PPMd + 11095.1676646351 * x_6 + 43411.1940957502 * BZip2 * x_10 + -11219.0934314767 * x_6 * PPMd + -9483.64571939225 * x_6 * BZip2 + -11715.4618450289 * x_8 * PPMd + 26566.395988017 * x_10 * Deflate;18.1758733556159;18.1758733556159;18.1758733556159;18.1758733556159;81.17479;18;26566.395988017 * x_10 * Deflate;2;1.98378409094382;18.1751375197363
12;2552.48927361747 * CompressionMethod + 354.878134250949 * BlockSize_1 + 15057.7671021176 * x_10 + 15171.4787049702 * x_8 + 3421.95267822058 * BZip2 + -9887.92188353215 * x_10 * PPMd + 11010.2382474245 * x_6 + 43651.0132267213 * BZip2 * x_10 + -10824.8183732959 * x_6 * PPMd + -9417.54659933721 * x_6 * BZip2 + -11328.7726783938 * x_8 * PPMd + 27133.8333735261 * x_10 * Deflate + 1159.60504945959 * LZMA2;15.9604680360377;15.9604680360377;15.9604680360377;15.9604680360377;106.0604124;19;1159.60504945959 * LZMA2;1;2.21540531957825;15.8813530250406
13;1737.30894606564 * CompressionMethod + 350.042229613118 * BlockSize_1 + 14248.3723739396 * x_10 + 14957.9946765929 * x_8 + 4288.89914059873 * BZip2 + -8263.20138706146 * x_10 * PPMd + 10781.5785689594 * x_6 + 44409.0742993508 * BZip2 * x_10 + -9780.55785383111 * x_6 * PPMd + -9240.26789515126 * x_6 * BZip2 + -10299.8174409813 * x_8 * PPMd + 28758.7953016269 * x_10 * Deflate + 2179.95431352848 * LZMA2 + 2203.98534913219 * LZMA;13.8270818372943;13.8270818372943;13.8270818372943;13.8270818372943;136.2221106;20;2203.98534913219 * LZMA;1;2.13338619874339;13.6477880258265
14;2423.9238067879 * CompressionMethod + 263.995135856266 * BlockSize_1 + 14893.1899751863 * x_10 + 15135.3112283324 * x_8 + 3566.46269184144 * BZip2 + -9592.04596651144 * x_10 * PPMd + 13699.6216278761 * x_6 + 43807.7735546854 * BZip2 * x_10 + -13377.7334174922 * x_6 * PPMd + -12115.6360576808 * x_6 * BZip2 + -11158.5730884053 * x_8 * PPMd + 27434.2466071588 * x_10 * Deflate + 856.938932978448 * LZMA2 + 877.216731500024 * LZMA + -7936.4194135719 * x_6 * Deflate;10.5036178413622;10.5036178413622;10.5036178413622;10.5036178413622;166.3161026;22;-7936.4194135719 * x_6 * Deflate;2;1.66173199796604;10.6524192310111
15;2102.01756649354 * CompressionMethod + 273.299627605793 * BlockSize_1 + 14686.8119347442 * x_10 + 14305.9188417158 * x_8 + 4087.24419957258 * BZip2 + -9064.04152011408 * x_10 * PPMd + 13493.2409449042 * x_6 + 43814.4442186734 * BZip2 * x_10 + -12850.2555804659 * x_6 * PPMd + -12108.8717078601 * x_6 * BZip2 + -10007.8341301707 * x_8 * PPMd + 27961.7865285543 * x_10 * Deflate + 1383.8387462136 * LZMA2 + 1405.45096472542 * LZMA + -7408.50220520948 * x_6 * Deflate + 3199.9763197591 * x_8 * Deflate;9.02526436341977;9.02526436341977;9.02526436341977;9.02526436341977;199.9721566;24;3199.9763197591 * x_8 * Deflate;2;0.739176738971208;9.07769269381964
Analyze finished
command: measurementstocsv ./sampledConfigurations_rand_2.csv
command: clean-sampling
command: clean-global
