Current machine learning settings: epsilon:0 lossFunction:RELATIVE parallelization:True bagging:False baggingNumbers:3 considerEpsilonTube:False baggingTestDataFraction:50 useBackward:False abortError:1 limitFeatureSize:False featureSizeTreshold:4 quadraticFunctionSupport:True crossValidation:False crossValidation-k:5 learn-logFunction:False learn-accumulatedLogFunction:False learn-asymFunction:False learn-ratioFunction:False learn-mirrowedFunction:False numberOfRounds:70 backwardErrorDelta:1 minImprovementPerRound:0.1 withHierarchy:False bruteForceCandidates:False ignoreBadFeatures:False stopOnLongRound:True candidateSizePenalty:True learnTimeLimit:00:00:00 scoreMeasure:RELERROR outputRoundsToStdout:False blacklisted: 
command: mlsettings bagging:False stopOnLongRound:False parallelization:True lossFunction:RELATIVE useBackward:False abortError:10 limitFeatureSize:False featureSizeTreshold:7 quadraticFunctionSupport:True crossValidation:False learn_logFunction:True numberOfRounds:70 backwardErrorDelta:1 minImprovementPerRound:0.25 withHierarchy:False
Current machine learning settings: epsilon:0 lossFunction:RELATIVE parallelization:True bagging:False baggingNumbers:3 considerEpsilonTube:False baggingTestDataFraction:50 useBackward:False abortError:10 limitFeatureSize:False featureSizeTreshold:7 quadraticFunctionSupport:True crossValidation:False crossValidation-k:5 learn-logFunction:True learn-accumulatedLogFunction:False learn-asymFunction:False learn-ratioFunction:False learn-mirrowedFunction:False numberOfRounds:70 backwardErrorDelta:1 minImprovementPerRound:0.25 withHierarchy:False bruteForceCandidates:False ignoreBadFeatures:False stopOnLongRound:False candidateSizePenalty:True learnTimeLimit:00:00:00 scoreMeasure:RELERROR outputRoundsToStdout:False blacklisted: 
command: solver z3
command: vm /scratch/kaltenec/Distribution-Aware-Sampling/DistOut/ConstraintData/7z_disc/FeatureModel.xml
command: all /scratch/kaltenec/Distribution-Aware-Sampling/DistOut/ConstraintData/7z_disc/measurements.xml
Configs with too large deviation: 0
68640 configurations loaded.
command: nfp Performance
command: hybrid distribution-aware distance-metric:manhattan distribution:uniform onlyBinary:true selection:SolverSelection optimization:None numConfigs:4091 seed:35
command: learn-splconqueror
Learning: NumberOfConfigurationsLearning:4091 NumberOfConfigurationsValidation:4091
Learning progress:
1;12573.7095363079 * CompressionMethod + 4105.1273216984 * Deflate;187.603640267383;187.603640267383;187.603640267383;187.603640267383;1.213875;2;4105.1273216984 * Deflate;1;1.79769313486232E+308;
2;7909.90765884615 * CompressionMethod + 4241.36114746802 * Deflate + 20529.1099330129 * x_10;126.655903971474;126.655903971474;126.655903971474;126.655903971474;4.389422;3;20529.1099330129 * x_10;1;60.9477362959086;
3;4574.32899592984 * CompressionMethod + 3655.88043652532 * Deflate + 23957.0996054406 * x_10 + 11705.3341526284 * x_8;74.9834216700867;74.9834216700867;74.9834216700867;74.9834216700867;9.431477;4;11705.3341526284 * x_8;1;51.6724823013878;
4;2842.74741877143 * CompressionMethod + 3947.72121163483 * Deflate + 25642.6176656626 * x_10 + 13380.6231664846 * x_8 + 8662.68171667154 * x_6;64.3881214715942;64.3881214715942;64.3881214715942;64.3881214715942;16.490648;5;8662.68171667154 * x_6;1;10.5953001984925;
5;3532.44712139037 * CompressionMethod + -337.930043948515 * Deflate + 22588.7338798931 * x_10 + 13517.5738676903 * x_8 + 8434.96735582459 * x_6 + 19264.2147960904 * x_10 * Deflate;49.1635429852909;49.1635429852909;49.1635429852909;49.1635429852909;26.281449;7;19264.2147960904 * x_10 * Deflate;2;7.61228924315166;
6;3532.44712139036 * CompressionMethod + -337.930043949147 * Deflate + 12086.3840474409 * x_10 + 13517.5738676905 * x_8 + 8434.96735582463 * x_6 + 29766.5646285421 * x_10 * Deflate + 50192.2117759542 * x_10 * BZip2;38.5069514634812;38.5069514634812;38.5069514634812;38.5069514634812;38.790228;9;50192.2117759542 * x_10 * BZip2;2;5.32829576090483;
7;3666.36955272338 * CompressionMethod + -1170.09632416442 * Deflate + 11952.461616108 * x_10 + 15541.9984396757 * x_8 + 8390.75092258822 * x_6 + 30598.7309087578 * x_10 * Deflate + 50192.2117759543 * x_10 * BZip2 + -13056.2553163424 * x_8 * PPMd;30.0456671091327;30.0456671091327;30.0456671091327;30.0456671091327;54.281652;11;-13056.2553163424 * x_8 * PPMd;2;4.23064217717428;
8;3699.51227325168 * CompressionMethod + -1376.03833241266 * Deflate + 11919.3188955792 * x_10 + 15555.7559983797 * x_8 + 10235.4706982416 * x_6 + 30804.6729170071 * x_10 * Deflate + 50192.211775955 * x_10 * BZip2 + -13103.1555955747 * x_8 * PPMd + -11237.0663048273 * x_6 * PPMd;23.807035708495;23.807035708495;23.807035708495;23.807035708495;73.465575;13;-11237.0663048273 * x_6 * PPMd;2;3.11931570031884;
9;3699.51227325201 * CompressionMethod + -1376.03833241315 * Deflate + 14965.8408019186 * x_10 + 15555.7559983792 * x_8 + 10235.4706982415 * x_6 + 27758.151010667 * x_10 * Deflate + 47145.6898696158 * x_10 * BZip2 + -13103.1555955754 * x_8 * PPMd + -11237.0663048295 * x_6 * PPMd + -10602.5847135892 * x_10 * PPMd;18.9300233888196;18.9300233888196;18.9300233888196;18.9300233888196;96.629586;15;-10602.5847135892 * x_10 * PPMd;2;2.43850615983772;
10;3509.46581178887 * CompressionMethod + -1165.70585736536 * Deflate + 15155.8872633822 * x_10 + 15507.4740793283 * x_8 + 10196.638368462 * x_6 + 27547.8185356194 * x_10 * Deflate + 46204.3276428831 * x_10 * BZip2 + -12864.8272150615 * x_8 * PPMd + -11008.1875135847 * x_6 * PPMd + -10602.5847135888 * x_10 * PPMd + 941.362226731179 * BZip2;17.0158269794791;17.0158269794791;17.0158269794791;17.0158269794791;123.972223;16;941.362226731179 * BZip2;1;1.91419640934047;
11;3246.99827105461 * CompressionMethod + -1082.69934379904 * Deflate + 15418.3548041162 * x_10 + 15447.3360046181 * x_8 + 12395.9278448851 * x_6 + 27464.8120220528 * x_10 * Deflate + 44703.0078453285 * x_10 * BZip2 + -12542.2215996162 * x_8 * PPMd + -12945.0094492723 * x_6 * PPMd + -10602.5847135889 * x_10 * PPMd + 2442.6820242856 * BZip2 + -10589.8389094548 * x_6 * BZip2;12.2727544847948;12.2727544847948;12.2727544847948;12.2727544847948;157.979438;18;-10589.8389094548 * x_6 * BZip2;2;2.37153624734217;
12;3512.40285161366 * CompressionMethod + -1262.95192889938 * Deflate + 15152.9502235571 * x_10 + 15263.7793286325 * x_8 + 12160.1451926461 * x_6 + 27645.0646071535 * x_10 * Deflate + 44904.6886016923 * x_10 * BZip2 + -11409.1749582238 * x_8 * PPMd + -11759.7368316275 * x_6 * PPMd + -9387.6901676238 * x_10 * PPMd + 2241.00126792267 * BZip2 + -10417.7800814125 * x_6 * BZip2 + -1214.89454596571 * PPMd;10.8916947870757;10.8916947870757;10.8916947870757;10.8916947870757;197.878053;19;-1214.89454596571 * PPMd;1;1.38105969771906;
13;3342.65013697703 * CompressionMethod + -1287.053326366 * Deflate + 15322.7029381936 * x_10 + 15776.9870965468 * x_8 + 12333.8586264473 * x_6 + 27669.16600462 * x_10 * Deflate + 44029.1426821764 * x_10 * BZip2 + -11922.3827261385 * x_8 * PPMd + -11933.4502654284 * x_6 * PPMd + -9557.44288225976 * x_10 * PPMd + 3116.54718743798 * BZip2 + -11297.2867200929 * x_6 * BZip2 + -1045.14183132894 * PPMd + -2546.24731404328 * x_8 * BZip2;9.93258379675873;9.93258379675873;9.93258379675873;9.93258379675873;244.457937;21;-2546.24731404328 * x_8 * BZip2;2;0.479555495158479;
Elapsed=00:04:04.5065599
average model: 
command: analyze-learning
Round, Model, LearningError, LearningErrorRel, ValidationError, ValidationErrorRel, ElapsedSeconds, ModelComplexity, BestCandidate, BestCandidateSize, BestCandidateScore, TestError
Models:
Termination reason: abortError
1;12573.7095363079 * CompressionMethod + 4105.1273216984 * Deflate;187.603640267383;187.603640267383;187.603640267383;187.603640267383;1.213875;2;4105.1273216984 * Deflate;1;1.79769313486232E+308;224.457026740982
2;7909.90765884615 * CompressionMethod + 4241.36114746802 * Deflate + 20529.1099330129 * x_10;126.655903971474;126.655903971474;126.655903971474;126.655903971474;4.389422;3;20529.1099330129 * x_10;1;60.9477362959086;144.158415726557
3;4574.32899592984 * CompressionMethod + 3655.88043652532 * Deflate + 23957.0996054406 * x_10 + 11705.3341526284 * x_8;74.9834216700867;74.9834216700867;74.9834216700867;74.9834216700867;9.431477;4;11705.3341526284 * x_8;1;51.6724823013878;84.8740449393684
4;2842.74741877143 * CompressionMethod + 3947.72121163483 * Deflate + 25642.6176656626 * x_10 + 13380.6231664846 * x_8 + 8662.68171667154 * x_6;64.3881214715942;64.3881214715942;64.3881214715942;64.3881214715942;16.490648;5;8662.68171667154 * x_6;1;10.5953001984925;77.3244720212052
5;3532.44712139037 * CompressionMethod + -337.930043948515 * Deflate + 22588.7338798931 * x_10 + 13517.5738676903 * x_8 + 8434.96735582459 * x_6 + 19264.2147960904 * x_10 * Deflate;49.1635429852909;49.1635429852909;49.1635429852909;49.1635429852909;26.281449;7;19264.2147960904 * x_10 * Deflate;2;7.61228924315166;56.461776123888
6;3532.44712139036 * CompressionMethod + -337.930043949147 * Deflate + 12086.3840474409 * x_10 + 13517.5738676905 * x_8 + 8434.96735582463 * x_6 + 29766.5646285421 * x_10 * Deflate + 50192.2117759542 * x_10 * BZip2;38.5069514634812;38.5069514634812;38.5069514634812;38.5069514634812;38.790228;9;50192.2117759542 * x_10 * BZip2;2;5.32829576090483;48.0290737756769
7;3666.36955272338 * CompressionMethod + -1170.09632416442 * Deflate + 11952.461616108 * x_10 + 15541.9984396757 * x_8 + 8390.75092258822 * x_6 + 30598.7309087578 * x_10 * Deflate + 50192.2117759543 * x_10 * BZip2 + -13056.2553163424 * x_8 * PPMd;30.0456671091327;30.0456671091327;30.0456671091327;30.0456671091327;54.281652;11;-13056.2553163424 * x_8 * PPMd;2;4.23064217717428;39.2685014871898
8;3699.51227325168 * CompressionMethod + -1376.03833241266 * Deflate + 11919.3188955792 * x_10 + 15555.7559983797 * x_8 + 10235.4706982416 * x_6 + 30804.6729170071 * x_10 * Deflate + 50192.211775955 * x_10 * BZip2 + -13103.1555955747 * x_8 * PPMd + -11237.0663048273 * x_6 * PPMd;23.807035708495;23.807035708495;23.807035708495;23.807035708495;73.465575;13;-11237.0663048273 * x_6 * PPMd;2;3.11931570031884;27.972422057992
9;3699.51227325201 * CompressionMethod + -1376.03833241315 * Deflate + 14965.8408019186 * x_10 + 15555.7559983792 * x_8 + 10235.4706982415 * x_6 + 27758.151010667 * x_10 * Deflate + 47145.6898696158 * x_10 * BZip2 + -13103.1555955754 * x_8 * PPMd + -11237.0663048295 * x_6 * PPMd + -10602.5847135892 * x_10 * PPMd;18.9300233888196;18.9300233888196;18.9300233888196;18.9300233888196;96.629586;15;-10602.5847135892 * x_10 * PPMd;2;2.43850615983772;24.3632504869665
10;3509.46581178887 * CompressionMethod + -1165.70585736536 * Deflate + 15155.8872633822 * x_10 + 15507.4740793283 * x_8 + 10196.638368462 * x_6 + 27547.8185356194 * x_10 * Deflate + 46204.3276428831 * x_10 * BZip2 + -12864.8272150615 * x_8 * PPMd + -11008.1875135847 * x_6 * PPMd + -10602.5847135888 * x_10 * PPMd + 941.362226731179 * BZip2;17.0158269794791;17.0158269794791;17.0158269794791;17.0158269794791;123.972223;16;941.362226731179 * BZip2;1;1.91419640934047;22.1126801833963
11;3246.99827105461 * CompressionMethod + -1082.69934379904 * Deflate + 15418.3548041162 * x_10 + 15447.3360046181 * x_8 + 12395.9278448851 * x_6 + 27464.8120220528 * x_10 * Deflate + 44703.0078453285 * x_10 * BZip2 + -12542.2215996162 * x_8 * PPMd + -12945.0094492723 * x_6 * PPMd + -10602.5847135889 * x_10 * PPMd + 2442.6820242856 * BZip2 + -10589.8389094548 * x_6 * BZip2;12.2727544847948;12.2727544847948;12.2727544847948;12.2727544847948;157.979438;18;-10589.8389094548 * x_6 * BZip2;2;2.37153624734217;15.3366411313576
12;3512.40285161366 * CompressionMethod + -1262.95192889938 * Deflate + 15152.9502235571 * x_10 + 15263.7793286325 * x_8 + 12160.1451926461 * x_6 + 27645.0646071535 * x_10 * Deflate + 44904.6886016923 * x_10 * BZip2 + -11409.1749582238 * x_8 * PPMd + -11759.7368316275 * x_6 * PPMd + -9387.6901676238 * x_10 * PPMd + 2241.00126792267 * BZip2 + -10417.7800814125 * x_6 * BZip2 + -1214.89454596571 * PPMd;10.8916947870757;10.8916947870757;10.8916947870757;10.8916947870757;197.878053;19;-1214.89454596571 * PPMd;1;1.38105969771906;12.8889155024541
13;3342.65013697703 * CompressionMethod + -1287.053326366 * Deflate + 15322.7029381936 * x_10 + 15776.9870965468 * x_8 + 12333.8586264473 * x_6 + 27669.16600462 * x_10 * Deflate + 44029.1426821764 * x_10 * BZip2 + -11922.3827261385 * x_8 * PPMd + -11933.4502654284 * x_6 * PPMd + -9557.44288225976 * x_10 * PPMd + 3116.54718743798 * BZip2 + -11297.2867200929 * x_6 * BZip2 + -1045.14183132894 * PPMd + -2546.24731404328 * x_8 * BZip2;9.93258379675873;9.93258379675873;9.93258379675873;9.93258379675873;244.457937;21;-2546.24731404328 * x_8 * BZip2;2;0.479555495158479;11.4945806433664
Analyze finished
command: printconfigs /scratch/kaltenec/Distribution-Aware-Sampling/Results_newTry/7z_disc/7z_disc_35/sampledConfigurations_solv_2.csv
command: clean-sampling
command: clean-global
