Current machine learning settings: epsilon:0 lossFunction:RELATIVE parallelization:True bagging:False baggingNumbers:3 baggingTestDataFraction:50 useBackward:False abortError:1 limitFeatureSize:False featureSizeTreshold:4 quadraticFunctionSupport:True crossValidation:False crossValidation-k:5 learn-logFunction:False learn-accumulatedLogFunction:False learn-asymFunction:False learn-ratioFunction:False learn-mirrowedFunction:False numberOfRounds:70 backwardErrorDelta:1 minImprovementPerRound:0.1 withHierarchy:False bruteForceCandidates:False ignoreBadFeatures:False stopOnLongRound:True candidateSizePenalty:True learnTimeLimit:00:00:00 scoreMeasure:RELERROR outputRoundsToStdout:False blacklisted: 
command: mlsettings bagging:False stopOnLongRound:False parallelization:True lossFunction:RELATIVE useBackward:False abortError:10 limitFeatureSize:False featureSizeTreshold:7 quadraticFunctionSupport:True crossValidation:False learn_logFunction:True numberOfRounds:70 backwardErrorDelta:1 minImprovementPerRound:0.25 withHierarchy:False
Current machine learning settings: epsilon:0 lossFunction:RELATIVE parallelization:True bagging:False baggingNumbers:3 baggingTestDataFraction:50 useBackward:False abortError:10 limitFeatureSize:False featureSizeTreshold:7 quadraticFunctionSupport:True crossValidation:False crossValidation-k:5 learn-logFunction:True learn-accumulatedLogFunction:False learn-asymFunction:False learn-ratioFunction:False learn-mirrowedFunction:False numberOfRounds:70 backwardErrorDelta:1 minImprovementPerRound:0.25 withHierarchy:False bruteForceCandidates:False ignoreBadFeatures:False stopOnLongRound:False candidateSizePenalty:True learnTimeLimit:00:00:00 scoreMeasure:RELERROR outputRoundsToStdout:False blacklisted: 
command: solver z3
command: vm /scratch/kaltenec/Distribution-Aware-Sampling/DistOut/ConstraintData/7z_disc/FeatureModel.xml
command: all /scratch/kaltenec/Distribution-Aware-Sampling/DistOut/ConstraintData/7z_disc/measurements.xml
Configs with too large deviation: 0
68640 configurations loaded.
command: nfp Performance
command: hybrid distribution-aware distance-metric:manhattan distribution:uniform onlyBinary:true selection:SolverSelection number-weight-optimization:1-1 numConfigs:39 seed:35
command: learn-splconqueror
Learning: NumberOfConfigurationsLearning:39 NumberOfConfigurationsValidation:39
Learning progress:
1;18846.3888888889 * CompressionMethod + -13846.3888888889 * BlockSize_1;271.216002974868;271.216002974868;271.216002974868;271.216002974868;0.0707;2;-13846.3888888889 * BlockSize_1;1;1.79769313486232E+308;
2;5291.2 * CompressionMethod + -291.199999999995 * BlockSize_1 + 44362.4363636364 * x_10;65.2543501138258;65.2543501138258;65.2543501138258;65.2543501138258;0.104061;3;44362.4363636364 * x_10;1;205.961652861042;
3;8248.16406250002 * CompressionMethod + -1488.06640624997 * BlockSize_1 + 41405.4723011364 * x_10 + -5280.29296875002 * x_0;39.1479311401542;39.1479311401542;39.1479311401542;39.1479311401542;0.162254;4;-5280.29296875002 * x_0;1;26.1064189736715;
4;6340.4245283019 * CompressionMethod + -187.334905660363 * BlockSize_1 + 43313.2118353345 * x_10 + -3459.26886792452 * x_0 + 11099.5754716981 * x_8;29.256619749272;29.256619749272;29.256619749272;29.256619749272;0.255987;5;11099.5754716981 * x_8;1;9.8913113908822;
5;-25123.9088050314 * CompressionMethod + -187.33490566039 * BlockSize_1 + 60475.5754716981 * x_10 + 28005.0644654088 * x_0 + 42563.9088050315 * x_8 + 31464.3333333333 * BZip2;20.4585260572262;20.4585260572262;20.4585260572262;20.4585260572262;0.486304;6;31464.3333333333 * BZip2;1;8.79809369204581;
6;-47410.5754716982 * CompressionMethod + -187.334905660395 * BlockSize_1 + 60475.5754716982 * x_10 + 50291.7311320756 * x_0 + 64850.5754716982 * x_8 + 53751 * BZip2 + 33430.0000000001 * Deflate;8.58888507564636;8.58888507564636;8.58888507564636;8.58888507564636;0.867742;7;33430.0000000001 * Deflate;1;11.8696409815799;
Elapsed=00:00:00.8709001
average model: 
command: analyze-learning
Round, Model, LearningError, LearningErrorRel, ValidationError, ValidationErrorRel, ElapsedSeconds, ModelComplexity, BestCandidate, BestCandidateSize, BestCandidateScore, TestError
Models:
Termination reason: abortError
1;18846.3888888889 * CompressionMethod + -13846.3888888889 * BlockSize_1;271.216002974868;271.216002974868;271.216002974868;271.216002974868;0.0707;2;-13846.3888888889 * BlockSize_1;1;1.79769313486232E+308;304.18710049165
2;5291.2 * CompressionMethod + -291.199999999995 * BlockSize_1 + 44362.4363636364 * x_10;65.2543501138258;65.2543501138258;65.2543501138258;65.2543501138258;0.104061;3;44362.4363636364 * x_10;1;205.961652861042;95.6669032757717
3;8248.16406250002 * CompressionMethod + -1488.06640624997 * BlockSize_1 + 41405.4723011364 * x_10 + -5280.29296875002 * x_0;39.1479311401542;39.1479311401542;39.1479311401542;39.1479311401542;0.162254;4;-5280.29296875002 * x_0;1;26.1064189736715;116.290486488457
4;6340.4245283019 * CompressionMethod + -187.334905660363 * BlockSize_1 + 43313.2118353345 * x_10 + -3459.26886792452 * x_0 + 11099.5754716981 * x_8;29.256619749272;29.256619749272;29.256619749272;29.256619749272;0.255987;5;11099.5754716981 * x_8;1;9.8913113908822;93.5914172595196
5;-25123.9088050314 * CompressionMethod + -187.33490566039 * BlockSize_1 + 60475.5754716981 * x_10 + 28005.0644654088 * x_0 + 42563.9088050315 * x_8 + 31464.3333333333 * BZip2;20.4585260572262;20.4585260572262;20.4585260572262;20.4585260572262;0.486304;6;31464.3333333333 * BZip2;1;8.79809369204581;406.337489113027
6;-47410.5754716982 * CompressionMethod + -187.334905660395 * BlockSize_1 + 60475.5754716982 * x_10 + 50291.7311320756 * x_0 + 64850.5754716982 * x_8 + 53751 * BZip2 + 33430.0000000001 * Deflate;8.58888507564636;8.58888507564636;8.58888507564636;8.58888507564636;0.867742;7;33430.0000000001 * Deflate;1;11.8696409815799;621.365882912819
Analyze finished
command: measurementstocsv /scratch/kaltenec/Distribution-Aware-Sampling/Results_opt/7z_disc/7z_disc_35/sampledConfigurations_solv_0.csv
command: clean-sampling
command: clean-global
command: script /scratch/kaltenec/Distribution-Aware-Sampling/Results_opt/7z_disc/7z_disc_35/learn_solv_1.a
command: log /scratch/kaltenec/Distribution-Aware-Sampling/Results_opt/7z_disc/7z_disc_35/out_solv_1.log
