Current machine learning settings: epsilon:0 lossFunction:RELATIVE parallelization:True bagging:False baggingNumbers:3 baggingTestDataFraction:50 useBackward:False abortError:1 limitFeatureSize:False featureSizeTreshold:4 quadraticFunctionSupport:True crossValidation:False crossValidation-k:5 learn-logFunction:False learn-accumulatedLogFunction:False learn-asymFunction:False learn-ratioFunction:False learn-mirrowedFunction:False numberOfRounds:70 backwardErrorDelta:1 minImprovementPerRound:0.1 withHierarchy:False bruteForceCandidates:False ignoreBadFeatures:False stopOnLongRound:True candidateSizePenalty:True learnTimeLimit:00:00:00 scoreMeasure:RELERROR outputRoundsToStdout:False blacklisted: 
command: mlsettings bagging:False stopOnLongRound:False parallelization:True lossFunction:RELATIVE useBackward:False abortError:10 limitFeatureSize:False featureSizeTreshold:7 quadraticFunctionSupport:True crossValidation:False learn_logFunction:True numberOfRounds:70 backwardErrorDelta:1 minImprovementPerRound:0.25 withHierarchy:False
Current machine learning settings: epsilon:0 lossFunction:RELATIVE parallelization:True bagging:False baggingNumbers:3 baggingTestDataFraction:50 useBackward:False abortError:10 limitFeatureSize:False featureSizeTreshold:7 quadraticFunctionSupport:True crossValidation:False crossValidation-k:5 learn-logFunction:True learn-accumulatedLogFunction:False learn-asymFunction:False learn-ratioFunction:False learn-mirrowedFunction:False numberOfRounds:70 backwardErrorDelta:1 minImprovementPerRound:0.25 withHierarchy:False bruteForceCandidates:False ignoreBadFeatures:False stopOnLongRound:False candidateSizePenalty:True learnTimeLimit:00:00:00 scoreMeasure:RELERROR outputRoundsToStdout:False blacklisted: 
command: solver z3
command: vm /scratch/kaltenec/Distribution-Aware-Sampling/DistOut/ConstraintData/JavaGC_disc/FeatureModel.xml
command: all /scratch/kaltenec/Distribution-Aware-Sampling/DistOut/ConstraintData/JavaGC_disc/measurements.xml
Configs with too large deviation: 0
193536 configurations loaded.
command: nfp Performance
command: binary satoutput numConfigs:468 seed:89
command: learn-splconqueror
Learning: NumberOfConfigurationsLearning:468 NumberOfConfigurationsValidation:468
Learning progress:
1;32.1839500000002 * MaxTenuringThreshold + 4.08619097345131 * DisableExplicitGC;15.4374210993861;15.4374210993861;15.4374210993861;15.4374210993861;0.090334;2;4.08619097345131 * DisableExplicitGC;1;1.79769313486232E+308;
2;28.6663724638338 * MaxTenuringThreshold + 3.90502577466607 * DisableExplicitGC + 7.66895282659699 * UseAdaptiveSizePolicy;13.2535762152347;13.2535762152347;13.2535762152347;13.2535762152347;0.32459;3;7.66895282659699 * UseAdaptiveSizePolicy;1;2.18384488415147;
3;30.6746509590332 * MaxTenuringThreshold + 3.97024523286089 * DisableExplicitGC + 7.767023526547 * UseAdaptiveSizePolicy + -4.39724994276744 * UseAdaptiveGCBoundary;10.5594658762394;10.5594658762394;10.5594658762394;10.5594658762394;0.75545;4;-4.39724994276744 * UseAdaptiveGCBoundary;1;2.6941103389953;
4;34.7062558830742 * MaxTenuringThreshold + 4.05076032138908 * DisableExplicitGC + 7.86037406684533 * UseAdaptiveSizePolicy + -4.32478358959837 * UseAdaptiveGCBoundary + -5.84822940881823 * NewRatio_1;9.10658344446224;9.10658344446224;9.10658344446224;9.10658344446224;1.557117;5;-5.84822940881823 * NewRatio_1;1;1.45288243177715;
Elapsed=00:00:01.5656070
average model: 
command: analyze-learning
Round, Model, LearningError, LearningErrorRel, ValidationError, ValidationErrorRel, ElapsedSeconds, ModelComplexity, BestCandidate, BestCandidateSize, BestCandidateScore, TestError
Models:
Termination reason: abortError
1;32.1839500000002 * MaxTenuringThreshold + 4.08619097345131 * DisableExplicitGC;15.4374210993861;15.4374210993861;15.4374210993861;15.4374210993861;0.090334;2;4.08619097345131 * DisableExplicitGC;1;1.79769313486232E+308;41.9645598825455
2;28.6663724638338 * MaxTenuringThreshold + 3.90502577466607 * DisableExplicitGC + 7.66895282659699 * UseAdaptiveSizePolicy;13.2535762152347;13.2535762152347;13.2535762152347;13.2535762152347;0.32459;3;7.66895282659699 * UseAdaptiveSizePolicy;1;2.18384488415147;40.9892199621375
3;30.6746509590332 * MaxTenuringThreshold + 3.97024523286089 * DisableExplicitGC + 7.767023526547 * UseAdaptiveSizePolicy + -4.39724994276744 * UseAdaptiveGCBoundary;10.5594658762394;10.5594658762394;10.5594658762394;10.5594658762394;0.75545;4;-4.39724994276744 * UseAdaptiveGCBoundary;1;2.6941103389953;39.7099562836346
4;34.7062558830742 * MaxTenuringThreshold + 4.05076032138908 * DisableExplicitGC + 7.86037406684533 * UseAdaptiveSizePolicy + -4.32478358959837 * UseAdaptiveGCBoundary + -5.84822940881823 * NewRatio_1;9.10658344446224;9.10658344446224;9.10658344446224;9.10658344446224;1.557117;5;-5.84822940881823 * NewRatio_1;1;1.45288243177715;37.9169072263436
Analyze finished
command: measurementstocsv /scratch/kaltenec/Distribution-Aware-Sampling/Results_Henard/JavaGC_disc/JavaGC_disc_89/sampledConfigurations_henard_1.csv
command: clean-sampling
command: clean-global
command: script /scratch/kaltenec/Distribution-Aware-Sampling/Results_Henard/JavaGC_disc/JavaGC_disc_89/learn_henard_2.a
command: log /scratch/kaltenec/Distribution-Aware-Sampling/Results_Henard/JavaGC_disc/JavaGC_disc_89/out_henard_2.log
