Current machine learning settings: epsilon:0 lossFunction:RELATIVE parallelization:True bagging:False baggingNumbers:3 considerEpsilonTube:False baggingTestDataFraction:50 useBackward:False abortError:1 limitFeatureSize:False featureSizeTreshold:4 quadraticFunctionSupport:True crossValidation:False crossValidation-k:5 learn-logFunction:False learn-accumulatedLogFunction:False learn-asymFunction:False learn-ratioFunction:False learn-mirrowedFunction:False numberOfRounds:70 backwardErrorDelta:1 minImprovementPerRound:0.1 withHierarchy:False bruteForceCandidates:False ignoreBadFeatures:False stopOnLongRound:True candidateSizePenalty:True learnTimeLimit:00:00:00 scoreMeasure:RELERROR outputRoundsToStdout:False blacklisted: 
command: mlsettings bagging:False stopOnLongRound:False parallelization:True lossFunction:RELATIVE useBackward:False abortError:10 limitFeatureSize:False featureSizeTreshold:7 quadraticFunctionSupport:True crossValidation:False learn_logFunction:True numberOfRounds:70 backwardErrorDelta:1 minImprovementPerRound:0.25 withHierarchy:False
Current machine learning settings: epsilon:0 lossFunction:RELATIVE parallelization:True bagging:False baggingNumbers:3 considerEpsilonTube:False baggingTestDataFraction:50 useBackward:False abortError:10 limitFeatureSize:False featureSizeTreshold:7 quadraticFunctionSupport:True crossValidation:False crossValidation-k:5 learn-logFunction:True learn-accumulatedLogFunction:False learn-asymFunction:False learn-ratioFunction:False learn-mirrowedFunction:False numberOfRounds:70 backwardErrorDelta:1 minImprovementPerRound:0.25 withHierarchy:False bruteForceCandidates:False ignoreBadFeatures:False stopOnLongRound:False candidateSizePenalty:True learnTimeLimit:00:00:00 scoreMeasure:RELERROR outputRoundsToStdout:False blacklisted: 
command: solver z3
command: vm /scratch/kaltenec/Distribution-Aware-Sampling/DistOut/ConstraintData/7z_disc/FeatureModel.xml
command: all /scratch/kaltenec/Distribution-Aware-Sampling/DistOut/ConstraintData/7z_disc/measurements.xml
Configs with too large deviation: 0
68640 configurations loaded.
command: nfp Performance
command: hybrid distribution-aware distance-metric:manhattan distribution:uniform onlyBinary:true selection:SolverSelection optimization:local numConfigs:600 seed:41
command: learn-splconqueror
Learning: NumberOfConfigurationsLearning:600 NumberOfConfigurationsValidation:600
Learning progress:
1;10584.9281314169 * CompressionMethod + 3767.63824026464 * Deflate;157.66769225947;157.66769225947;157.66769225947;157.66769225947;0.113894;2;3767.63824026464 * Deflate;1;1.79769313486232E+308;
2;7051.26316075447 * CompressionMethod + 692.423375163155 * Deflate + 32469.7139757095 * x_10;84.1435752924427;84.1435752924427;84.1435752924427;84.1435752924427;0.378192;3;32469.7139757095 * x_10;1;73.5241169670268;
3;5683.77351496764 * CompressionMethod + 196.506088398342 * Deflate + 33987.2838530173 * x_10 + 11710.7250800173 * x_8;64.77184044992;64.77184044992;64.77184044992;64.77184044992;0.824543;4;11710.7250800173 * x_8;1;19.3717348425227;
4;4136.63045128674 * CompressionMethod + 411.006348311921 * Deflate + 35469.512364356 * x_10 + 13208.368083718 * x_8 + 4477.74933378073 * x_6;52.2965068927052;52.2965068927052;52.2965068927052;52.2965068927052;1.501796;5;4477.74933378073 * x_6;1;12.4753335572149;
5;4389.17070507129 * CompressionMethod + -1010.70174706774 * Deflate + 41219.1266749707 * x_10 + 13283.9143134829 * x_8 + 4417.82759614438 * x_6 + -28230.9640467092 * x_10 * LZMA2;45.8850614374147;45.8850614374147;45.8850614374147;45.8850614374147;2.589552;7;-28230.9640467092 * x_10 * LZMA2;2;3.20572272764523;
6;1697.22386704846 * CompressionMethod + 1798.57843951051 * Deflate + 40808.2586459329 * x_10 + 14493.7311913963 * x_8 + 3372.30583959237 * x_6 + -25128.1491796479 * x_10 * LZMA2 + 5419.92446084324 * BZip2;40.1897045834587;40.1897045834587;40.1897045834587;40.1897045834587;3.918238;8;5419.92446084324 * BZip2;1;5.69535685395604;
7;2708.25889176055 * CompressionMethod + -298.403508152956 * Deflate + 46100.2398390906 * x_10 + 14209.4138548426 * x_8 + 3622.83893002995 * x_6 + -31431.165397518 * x_10 * LZMA2 + 3841.73240930939 * BZip2 + -29995.4987308513 * x_10 * LZMA;29.2768984355288;29.2768984355288;29.2768984355288;29.2768984355288;6.420497;10;-29995.4987308513 * x_10 * LZMA;2;5.45640307396492;
8;2898.29240925038 * CompressionMethod + -730.43227974506 * Deflate + 46231.319666859 * x_10 + 15772.764944 * x_8 + 3664.76089848351 * x_6 + -31752.2787427759 * x_10 * LZMA2 + 3561.72724141565 * BZip2 + -30316.6120761093 * x_10 * LZMA + -11632.1684643615 * x_8 * PPMd;25.9528628004409;25.9528628004409;25.9528628004409;25.9528628004409;9.616828;12;-11632.1684643615 * x_8 * PPMd;2;1.66201781754397;
9;3125.28950723522 * CompressionMethod + -1059.9097819067 * Deflate + 46340.6918507234 * x_10 + 15708.3751802478 * x_8 + 4142.40717940557 * x_6 + -32088.6480246253 * x_10 * LZMA2 + 3145.34242295505 * BZip2 + -30652.9813579584 * x_10 * LZMA + -11794.7757985941 * x_8 * PPMd + -4451.98240092638 * x_6 * PPMd;23.1608213468613;23.1608213468613;23.1608213468613;23.1608213468613;13.199353;14;-4451.98240092638 * x_6 * PPMd;2;1.39602072678982;
10;3010.62309305386 * CompressionMethod + -1054.55323803984 * Deflate + 46335.5784845572 * x_10 + 15718.0020045905 * x_8 + 4147.09324042442 * x_6 + -32044.3423993445 * x_10 * LZMA2 + 3159.47314724962 * BZip2 + -30601.1283171711 * x_10 * LZMA + -11790.3684155112 * x_8 * PPMd + -4487.55934682144 * x_6 * PPMd + 226.422465200591 * tmOff;22.8708514541531;22.8708514541531;22.8708514541531;22.8708514541531;17.353331;15;226.422465200591 * tmOff;1;0.289969892708186;
11;2500.7863781489 * CompressionMethod + -306.350742720908 * Deflate + 46087.3775038452 * x_10 + 15863.786685856 * x_8 + 3061.78442188667 * x_6 + -31282.4652243445 * x_10 * LZMA2 + 4104.65688802685 * BZip2 + -29839.6350901094 * x_10 * LZMA + -11421.1970760276 * x_8 * PPMd + -2885.00910313985 * x_6 * PPMd + 214.904027050862 * tmOff + 11917.977186439 * x_6 * LZMA;22.4434935396261;22.4434935396261;22.4434935396261;22.4434935396261;22.942643;17;11917.977186439 * x_6 * LZMA;2;0.213678957263465;
Elapsed=00:00:22.9528460
average model: 
command: analyze-learning
Round, Model, LearningError, LearningErrorRel, ValidationError, ValidationErrorRel, ElapsedSeconds, ModelComplexity, BestCandidate, BestCandidateSize, BestCandidateScore, TestError
Models:
Termination reason: minImprovementPerRound
1;10584.9281314169 * CompressionMethod + 3767.63824026464 * Deflate;157.66769225947;157.66769225947;157.66769225947;157.66769225947;0.113894;2;3767.63824026464 * Deflate;1;1.79769313486232E+308;185.356216913816
2;7051.26316075447 * CompressionMethod + 692.423375163155 * Deflate + 32469.7139757095 * x_10;84.1435752924427;84.1435752924427;84.1435752924427;84.1435752924427;0.378192;3;32469.7139757095 * x_10;1;73.5241169670268;117.431092272128
3;5683.77351496764 * CompressionMethod + 196.506088398342 * Deflate + 33987.2838530173 * x_10 + 11710.7250800173 * x_8;64.77184044992;64.77184044992;64.77184044992;64.77184044992;0.824543;4;11710.7250800173 * x_8;1;19.3717348425227;91.9788907334875
4;4136.63045128674 * CompressionMethod + 411.006348311921 * Deflate + 35469.512364356 * x_10 + 13208.368083718 * x_8 + 4477.74933378073 * x_6;52.2965068927052;52.2965068927052;52.2965068927052;52.2965068927052;1.501796;5;4477.74933378073 * x_6;1;12.4753335572149;72.8754917234858
5;4389.17070507129 * CompressionMethod + -1010.70174706774 * Deflate + 41219.1266749707 * x_10 + 13283.9143134829 * x_8 + 4417.82759614438 * x_6 + -28230.9640467092 * x_10 * LZMA2;45.8850614374147;45.8850614374147;45.8850614374147;45.8850614374147;2.589552;7;-28230.9640467092 * x_10 * LZMA2;2;3.20572272764523;68.6654373364773
6;1697.22386704846 * CompressionMethod + 1798.57843951051 * Deflate + 40808.2586459329 * x_10 + 14493.7311913963 * x_8 + 3372.30583959237 * x_6 + -25128.1491796479 * x_10 * LZMA2 + 5419.92446084324 * BZip2;40.1897045834587;40.1897045834587;40.1897045834587;40.1897045834587;3.918238;8;5419.92446084324 * BZip2;1;5.69535685395604;58.6165707584479
7;2708.25889176055 * CompressionMethod + -298.403508152956 * Deflate + 46100.2398390906 * x_10 + 14209.4138548426 * x_8 + 3622.83893002995 * x_6 + -31431.165397518 * x_10 * LZMA2 + 3841.73240930939 * BZip2 + -29995.4987308513 * x_10 * LZMA;29.2768984355288;29.2768984355288;29.2768984355288;29.2768984355288;6.420497;10;-29995.4987308513 * x_10 * LZMA;2;5.45640307396492;46.6554397622283
8;2898.29240925038 * CompressionMethod + -730.43227974506 * Deflate + 46231.319666859 * x_10 + 15772.764944 * x_8 + 3664.76089848351 * x_6 + -31752.2787427759 * x_10 * LZMA2 + 3561.72724141565 * BZip2 + -30316.6120761093 * x_10 * LZMA + -11632.1684643615 * x_8 * PPMd;25.9528628004409;25.9528628004409;25.9528628004409;25.9528628004409;9.616828;12;-11632.1684643615 * x_8 * PPMd;2;1.66201781754397;40.3913481380498
9;3125.28950723522 * CompressionMethod + -1059.9097819067 * Deflate + 46340.6918507234 * x_10 + 15708.3751802478 * x_8 + 4142.40717940557 * x_6 + -32088.6480246253 * x_10 * LZMA2 + 3145.34242295505 * BZip2 + -30652.9813579584 * x_10 * LZMA + -11794.7757985941 * x_8 * PPMd + -4451.98240092638 * x_6 * PPMd;23.1608213468613;23.1608213468613;23.1608213468613;23.1608213468613;13.199353;14;-4451.98240092638 * x_6 * PPMd;2;1.39602072678982;35.4384415823449
10;3010.62309305386 * CompressionMethod + -1054.55323803984 * Deflate + 46335.5784845572 * x_10 + 15718.0020045905 * x_8 + 4147.09324042442 * x_6 + -32044.3423993445 * x_10 * LZMA2 + 3159.47314724962 * BZip2 + -30601.1283171711 * x_10 * LZMA + -11790.3684155112 * x_8 * PPMd + -4487.55934682144 * x_6 * PPMd + 226.422465200591 * tmOff;22.8708514541531;22.8708514541531;22.8708514541531;22.8708514541531;17.353331;15;226.422465200591 * tmOff;1;0.289969892708186;35.4686649015929
11;2500.7863781489 * CompressionMethod + -306.350742720908 * Deflate + 46087.3775038452 * x_10 + 15863.786685856 * x_8 + 3061.78442188667 * x_6 + -31282.4652243445 * x_10 * LZMA2 + 4104.65688802685 * BZip2 + -29839.6350901094 * x_10 * LZMA + -11421.1970760276 * x_8 * PPMd + -2885.00910313985 * x_6 * PPMd + 214.904027050862 * tmOff + 11917.977186439 * x_6 * LZMA;22.4434935396261;22.4434935396261;22.4434935396261;22.4434935396261;22.942643;17;11917.977186439 * x_6 * LZMA;2;0.213678957263465;35.2559934741122
Analyze finished
command: printconfigs /scratch/kaltenec/Distribution-Aware-Sampling/Results_newTry/7z_disc/7z_disc_41/sampledConfigurations_local_1.csv
command: clean-sampling
command: clean-global
command: script /scratch/kaltenec/Distribution-Aware-Sampling/Results_newTry/7z_disc/7z_disc_41/learn_local_2.a
command: log /scratch/kaltenec/Distribution-Aware-Sampling/Results_newTry/7z_disc/7z_disc_41/out_local_2.log
