Current machine learning settings: epsilon:0 lossFunction:RELATIVE parallelization:True bagging:False baggingNumbers:3 considerEpsilonTube:False baggingTestDataFraction:50 useBackward:False abortError:1 limitFeatureSize:False featureSizeTreshold:4 quadraticFunctionSupport:True crossValidation:False crossValidation-k:5 learn-logFunction:False learn-accumulatedLogFunction:False learn-asymFunction:False learn-ratioFunction:False learn-mirrowedFunction:False numberOfRounds:70 backwardErrorDelta:1 minImprovementPerRound:0.1 withHierarchy:False bruteForceCandidates:False ignoreBadFeatures:False stopOnLongRound:True candidateSizePenalty:True learnTimeLimit:00:00:00 scoreMeasure:RELERROR outputRoundsToStdout:False blacklisted: 
command: mlsettings bagging:False stopOnLongRound:False parallelization:True lossFunction:RELATIVE useBackward:False abortError:10 limitFeatureSize:False featureSizeTreshold:7 quadraticFunctionSupport:True crossValidation:False learn_logFunction:True numberOfRounds:70 backwardErrorDelta:1 minImprovementPerRound:0.25 withHierarchy:False
Current machine learning settings: epsilon:0 lossFunction:RELATIVE parallelization:True bagging:False baggingNumbers:3 considerEpsilonTube:False baggingTestDataFraction:50 useBackward:False abortError:10 limitFeatureSize:False featureSizeTreshold:7 quadraticFunctionSupport:True crossValidation:False crossValidation-k:5 learn-logFunction:True learn-accumulatedLogFunction:False learn-asymFunction:False learn-ratioFunction:False learn-mirrowedFunction:False numberOfRounds:70 backwardErrorDelta:1 minImprovementPerRound:0.25 withHierarchy:False bruteForceCandidates:False ignoreBadFeatures:False stopOnLongRound:False candidateSizePenalty:True learnTimeLimit:00:00:00 scoreMeasure:RELERROR outputRoundsToStdout:False blacklisted: 
command: solver z3
command: vm /scratch/kaltenec/Distribution-Aware-Sampling/DistOut/ConstraintData/VP9_disc/FeatureModel.xml
command: all /scratch/kaltenec/Distribution-Aware-Sampling/DistOut/ConstraintData/VP9_disc/measurements.xml
Configs with too large deviation: 0
216000 configurations loaded.
command: nfp Performance
command: binary satoutput numConfigs:483 seed:99
command: learn-splconqueror
Learning: NumberOfConfigurationsLearning:483 NumberOfConfigurationsValidation:483
Learning progress:
1;21.2953333333334 * Quality + -14.2654437086093 * cpuUsed_4;176.842138076247;176.842138076247;176.842138076247;176.842138076247;0.087689;2;-14.2654437086093 * cpuUsed_4;1;1.79769313486232E+308;
2;34.3544444444446 * Quality + -27.3245548197204 * cpuUsed_4 + -32.6477777777777 * cpuUsed_8;67.2712050556028;67.2712050556028;67.2712050556028;67.2712050556028;0.402092;3;-32.6477777777777 * cpuUsed_8;1;109.570933020644;
3;27.1519115247073 * Quality + -22.3638698948682 * cpuUsed_4 + -26.0454559346854 * cpuUsed_8 + 7.20253291973722 * TileColumns_0;48.2561839231976;48.2561839231976;48.2561839231976;48.2561839231976;0.840864;4;7.20253291973722 * TileColumns_0;1;19.0150211324052;
4;27.1333658515235 * Quality + -24.9848926360934 * cpuUsed_4 + -26.0284557342667 * cpuUsed_8 + 7.22107859292107 * TileColumns_0 + 5.27924580446175 * lossless;30.7323319427376;30.7323319427376;30.7323319427376;30.7323319427376;1.736586;5;5.27924580446175 * lossless;1;17.52385198046;
5;30.3044657871914 * Quality + -27.1641507416625 * cpuUsed_4 + -28.9352973419624 * cpuUsed_8 + 4.04997865725316 * TileColumns_0 + 3.27692854421486 * lossless + 6.43349203871753 * TileColumns_0 * lossless;18.5029647810319;18.5029647810319;18.5029647810319;18.5029647810319;2.925512;7;6.43349203871753 * TileColumns_0 * lossless;2;6.11468358085284;
6;30.3354547841261 * Quality + -27.1854471448423 * cpuUsed_4 + -27.4232527161898 * cpuUsed_8 + 4.01898966031835 * TileColumns_0 + 3.26723595045991 * lossless + 6.46448103565234 * TileColumns_0 * lossless + -2.64077349650779 * cpuUsed_8 * realtime;12.3195951293247;12.3195951293247;12.3195951293247;12.3195951293247;5.395554;9;-2.64077349650779 * cpuUsed_8 * realtime;2;3.09168482585363;
7;31.5425451862182 * Quality + -28.3987277541246 * cpuUsed_4 + -28.3889250378633 * cpuUsed_8 + 5.23158246880169 * TileColumns_0 + 3.27342615765009 * lossless + 6.42716292944847 * TileColumns_0 * lossless + -2.88219157692628 * cpuUsed_8 * realtime + -2.41968321057529 * TileColumns_0 * good;9.65687094772555;9.65687094772555;9.65687094772555;9.65687094772555;7.518828;11;-2.41968321057529 * TileColumns_0 * good;2;1.33136209079955;
Elapsed=00:00:07.6699225
average model: 
command: analyze-learning
Round, Model, LearningError, LearningErrorRel, ValidationError, ValidationErrorRel, ElapsedSeconds, ModelComplexity, BestCandidate, BestCandidateSize, BestCandidateScore, TestError
Models:
Termination reason: abortError
1;21.2953333333334 * Quality + -14.2654437086093 * cpuUsed_4;176.842138076247;176.842138076247;176.842138076247;176.842138076247;0.087689;2;-14.2654437086093 * cpuUsed_4;1;1.79769313486232E+308;799.176968717263
2;34.3544444444446 * Quality + -27.3245548197204 * cpuUsed_4 + -32.6477777777777 * cpuUsed_8;67.2712050556028;67.2712050556028;67.2712050556028;67.2712050556028;0.402092;3;-32.6477777777777 * cpuUsed_8;1;109.570933020644;677.910874126127
3;27.1519115247073 * Quality + -22.3638698948682 * cpuUsed_4 + -26.0454559346854 * cpuUsed_8 + 7.20253291973722 * TileColumns_0;48.2561839231976;48.2561839231976;48.2561839231976;48.2561839231976;0.840864;4;7.20253291973722 * TileColumns_0;1;19.0150211324052;571.752177541938
4;27.1333658515235 * Quality + -24.9848926360934 * cpuUsed_4 + -26.0284557342667 * cpuUsed_8 + 7.22107859292107 * TileColumns_0 + 5.27924580446175 * lossless;30.7323319427376;30.7323319427376;30.7323319427376;30.7323319427376;1.736586;5;5.27924580446175 * lossless;1;17.52385198046;598.220494413352
5;30.3044657871914 * Quality + -27.1641507416625 * cpuUsed_4 + -28.9352973419624 * cpuUsed_8 + 4.04997865725316 * TileColumns_0 + 3.27692854421486 * lossless + 6.43349203871753 * TileColumns_0 * lossless;18.5029647810319;18.5029647810319;18.5029647810319;18.5029647810319;2.925512;7;6.43349203871753 * TileColumns_0 * lossless;2;6.11468358085284;636.894447989827
6;30.3354547841261 * Quality + -27.1854471448423 * cpuUsed_4 + -27.4232527161898 * cpuUsed_8 + 4.01898966031835 * TileColumns_0 + 3.26723595045991 * lossless + 6.46448103565234 * TileColumns_0 * lossless + -2.64077349650779 * cpuUsed_8 * realtime;12.3195951293247;12.3195951293247;12.3195951293247;12.3195951293247;5.395554;9;-2.64077349650779 * cpuUsed_8 * realtime;2;3.09168482585363;616.905585376493
7;31.5425451862182 * Quality + -28.3987277541246 * cpuUsed_4 + -28.3889250378633 * cpuUsed_8 + 5.23158246880169 * TileColumns_0 + 3.27342615765009 * lossless + 6.42716292944847 * TileColumns_0 * lossless + -2.88219157692628 * cpuUsed_8 * realtime + -2.41968321057529 * TileColumns_0 * good;9.65687094772555;9.65687094772555;9.65687094772555;9.65687094772555;7.518828;11;-2.41968321057529 * TileColumns_0 * good;2;1.33136209079955;646.560271290966
Analyze finished
command: clean-sampling
command: clean-global
