Current machine learning settings: epsilon:0 lossFunction:RELATIVE parallelization:True bagging:False baggingNumbers:3 baggingTestDataFraction:50 useBackward:False abortError:1 limitFeatureSize:False featureSizeTreshold:4 quadraticFunctionSupport:True crossValidation:False crossValidation-k:5 learn-logFunction:False learn-accumulatedLogFunction:False learn-asymFunction:False learn-ratioFunction:False learn-mirrowedFunction:False numberOfRounds:70 backwardErrorDelta:1 minImprovementPerRound:0.1 withHierarchy:False bruteForceCandidates:False ignoreBadFeatures:False stopOnLongRound:True candidateSizePenalty:True learnTimeLimit:00:00:00 scoreMeasure:RELERROR outputRoundsToStdout:False blacklisted: 
command: mlsettings bagging:False stopOnLongRound:False parallelization:True lossFunction:RELATIVE useBackward:False abortError:10 limitFeatureSize:False featureSizeTreshold:7 quadraticFunctionSupport:True crossValidation:False learn_logFunction:True numberOfRounds:70 backwardErrorDelta:1 minImprovementPerRound:0.25 withHierarchy:False
Current machine learning settings: epsilon:0 lossFunction:RELATIVE parallelization:True bagging:False baggingNumbers:3 baggingTestDataFraction:50 useBackward:False abortError:10 limitFeatureSize:False featureSizeTreshold:7 quadraticFunctionSupport:True crossValidation:False crossValidation-k:5 learn-logFunction:True learn-accumulatedLogFunction:False learn-asymFunction:False learn-ratioFunction:False learn-mirrowedFunction:False numberOfRounds:70 backwardErrorDelta:1 minImprovementPerRound:0.25 withHierarchy:False bruteForceCandidates:False ignoreBadFeatures:False stopOnLongRound:False candidateSizePenalty:True learnTimeLimit:00:00:00 scoreMeasure:RELERROR outputRoundsToStdout:False blacklisted: 
command: solver z3
command: vm /local/hdd2/kaltenec/Repositories/DistributionAware/DistOut/ConstraintData/VP9_disc/FeatureModel.xml
command: all /local/hdd2/kaltenec/Repositories/DistributionAware/DistOut/ConstraintData/VP9_disc/measurements.xml
Configs with too large deviation: 0
216000 configurations loaded.
command: nfp Performance
command: binary random numConfigs:30 seed:98 fromFile:/local/hdd2/kaltenec/Repositories/DistributionAware/DistOut/ConstraintData/VP9_disc/allConfigurations.csv
command: learn-splconqueror
Learning: NumberOfConfigurationsLearning:30 NumberOfConfigurationsValidation:30
Learning progress:
1;12.3464285714286 * Quality + 4.09794642857143 * AutoAltRef;142.0676446761;142.0676446761;142.0676446761;142.0676446761;0.028833;2;4.09794642857143 * AutoAltRef;1;1.79769313486232E+308;
2;5.46073170731708 * Quality + 4.95865853658536 * AutoAltRef + 24.0999390243902 * cpuUsed_0;70.0698329144875;70.0698329144875;70.0698329144875;70.0698329144875;0.040818;3;24.0999390243902 * cpuUsed_0;1;71.997811761612;
3;-0.0514622641509484 * Quality + 6.87594339622644 * AutoAltRef + 28.6534905660378 * cpuUsed_0 + 9.8260849056604 * cpuUsed_2;59.1075204190894;59.1075204190894;59.1075204190894;59.1075204190894;0.06611;4;9.8260849056604 * cpuUsed_2;1;10.9623124953981;
4;1.6766513761468 * Quality + 6.90063073394496 * AutoAltRef + 27.567247706422 * cpuUsed_0 + 9.13483944954131 * cpuUsed_2 + -5.23371559633028 * bitRate_1500;49.4301000449622;49.4301000449622;49.4301000449622;49.4301000449622;0.100926;5;-5.23371559633028 * bitRate_1500;1;9.67742037412717;
5;1.67665137614679 * Quality + 6.90063073394496 * AutoAltRef + 27.567247706422 * cpuUsed_0 + 3.50183944954127 * cpuUsed_2 + -5.23371559633028 * bitRate_1500 + 11.266 * cpuUsed_2 * lossless;43.1262767595048;43.1262767595048;43.1262767595048;43.1262767595048;0.166343;7;11.266 * cpuUsed_2 * lossless;2;3.1519116427287;
6;2.13357594936709 * Quality + 5.48416455696202 * AutoAltRef + 20.1650696202532 * cpuUsed_0 + 3.31906962025317 * cpuUsed_2 + -3.77155696202532 * bitRate_1500 + 11.266 * cpuUsed_2 * lossless + 19.921911392405 * cpuUsed_0 * lossless;38.495081500174;38.495081500174;38.495081500174;38.495081500174;0.248923;9;19.921911392405 * cpuUsed_0 * lossless;2;2.31559762966541;
7;2.5494017094017 * Quality + 5.01636057692308 * AutoAltRef + 19.9987393162394 * cpuUsed_0 + -0.132284188034186 * cpuUsed_2 + -4.08342628205128 * bitRate_1500 + 11.266 * cpuUsed_2 * lossless + 19.9842852564103 * cpuUsed_0 * lossless + 8.21255876068375 * cpuUsed_2 * lagInFrames_8;34.5817750284989;34.5817750284989;34.5817750284989;34.5817750284989;0.348017;11;8.21255876068375 * cpuUsed_2 * lagInFrames_8;2;1.95665323583752;
8;3.78628782164112 * Quality + 4.58586623082725 * AutoAltRef + 19.051748386556 * cpuUsed_0 + -1.12759098147682 * cpuUsed_2 + -4.67191350264019 * bitRate_1500 + 11.266 * cpuUsed_2 * lossless + 19.9813863045847 * cpuUsed_0 * lossless + 8.33334842008213 * cpuUsed_2 * lagInFrames_8 + -3.01490989858352 * cpuUsed_8;33.4785333334759;33.4785333334759;33.4785333334759;33.4785333334759;0.480275;12;-3.01490989858352 * cpuUsed_8;1;1.10324169502304;
9;4.13893605121661 * Quality + 4.7386945752171 * AutoAltRef + 19.2991242754899 * cpuUsed_0 + -0.905390140224511 * cpuUsed_2 + -3.48795245976769 * bitRate_1500 + 10.3680523351602 * cpuUsed_2 * lossless + 19.2794766231487 * cpuUsed_0 * lossless + 8.39628603928609 * cpuUsed_2 * lagInFrames_8 + -3.41850090962231 * cpuUsed_8 + -2.24486916209961 * Threads_10;31.2204013321971;31.2204013321971;31.2204013321971;31.2204013321971;0.634431;13;-2.24486916209961 * Threads_10;1;2.2581320012788;
10;3.88443430256237 * Quality + 4.77442287854744 * AutoAltRef + 19.5401732189642 * cpuUsed_0 + -1.11496770398962 * cpuUsed_2 + -3.48285393153706 * bitRate_1500 + 10.3661941133618 * cpuUsed_2 * lossless + 19.0425988128154 * cpuUsed_0 * lossless + 8.84331706750576 * cpuUsed_2 * lagInFrames_8 + -3.85544383529045 * cpuUsed_8 + -2.24951471659546 * Threads_10 + 0.67953523987897 * lagInFrames_0;29.4405077082115;29.4405077082115;29.4405077082115;29.4405077082115;0.825102;14;0.67953523987897 * lagInFrames_0;1;1.77989362398559;
11;3.83087712711819 * Quality + 4.84044582299799 * AutoAltRef + 19.5688707250061 * cpuUsed_0 + -1.08550870774498 * cpuUsed_2 + -3.47343227378195 * bitRate_1500 + 10.3627602734329 * cpuUsed_2 * lossless + 19.0216092152382 * cpuUsed_0 * lossless + 8.83591142996127 * cpuUsed_2 * lagInFrames_8 + -2.99591427903469 * cpuUsed_8 + -2.25809931641776 * Threads_10 + 0.685037151916494 * lagInFrames_0 + -1.25022291149897 * cpuUsed_8 * Threads_4;27.3153365925147;27.3153365925147;27.3153365925147;27.3153365925147;1.047786;16;-1.25022291149897 * cpuUsed_8 * Threads_4;2;1.06258555784841;
12;3.59854631230885 * Quality + 4.96232307724844 * AutoAltRef + 19.866852389502 * cpuUsed_0 + -0.729359721657687 * cpuUsed_2 + -3.29616680578183 * bitRate_1500 + 10.2129054284462 * cpuUsed_2 * lossless + 18.9030174757799 * cpuUsed_0 * lossless + 8.7754249651681 * cpuUsed_2 * lagInFrames_8 + -2.67865162503982 * cpuUsed_8 + -2.63273642888453 * Threads_10 + 0.600105312730974 * lagInFrames_0 + -1.3111615386242 * cpuUsed_8 * Threads_4 + 1.14105932447689 * Threads_10 * constantBitrate;26.0418839357595;26.0418839357595;26.0418839357595;26.0418839357595;1.310175;18;1.14105932447689 * Threads_10 * constantBitrate;2;0.636726328377595;
13;3.56103611927763 * Quality + 5.00546241075178 * AutoAltRef + 19.8527971440571 * cpuUsed_0 + -0.955688786224287 * cpuUsed_2 + -3.30182822343553 * bitRate_1500 + 10.4509059218816 * cpuUsed_2 * lossless + 18.9519050818984 * cpuUsed_0 * lossless + 8.87795842083156 * cpuUsed_2 * lagInFrames_8 + -2.56289626207477 * cpuUsed_8 + -2.54413145737085 * Threads_10 + 0.521860142797161 * lagInFrames_0 + -1.33273120537591 * cpuUsed_8 * Threads_4 + 1.11034817303653 * Threads_10 * constantBitrate + 1.01279252414951 * cpuUsed_2 * Threads_4;25.211312630024;25.211312630024;25.211312630024;25.211312630024;1.613544;20;1.01279252414951 * cpuUsed_2 * Threads_4;2;0.415285652867729;
14;3.5292282697883 * Quality + 4.98877036267163 * AutoAltRef + 19.8960428860566 * cpuUsed_0 + -0.88585566982112 * cpuUsed_2 + -3.17447557573436 * bitRate_1500 + 10.5065258738581 * cpuUsed_2 * lossless + 18.936277337126 * cpuUsed_0 * lossless + 8.8075257918057 * cpuUsed_2 * lagInFrames_8 + -2.5770420655325 * cpuUsed_8 + -2.61971046441661 * Threads_10 + 0.567813795744211 * lagInFrames_0 + -1.32438518133583 * cpuUsed_8 * Threads_4 + 1.13942790328758 * Threads_10 * constantBitrate + 0.928813604288597 * cpuUsed_2 * Threads_4 + -0.513236693835135 * bitRate_1500 * Threads_6;24.8224729749753;24.8224729749753;24.8224729749753;24.8224729749753;1.956308;22;-0.513236693835135 * bitRate_1500 * Threads_6;2;0.194419827524346;
Elapsed=00:00:01.9582200
average model: 
command: analyze-learning
Round, Model, LearningError, LearningErrorRel, ValidationError, ValidationErrorRel, ElapsedSeconds, ModelComplexity, BestCandidate, BestCandidateSize, BestCandidateScore, TestError
Models:
Termination reason: minImprovementPerRound
1;12.3464285714286 * Quality + 4.09794642857143 * AutoAltRef;142.0676446761;142.0676446761;142.0676446761;142.0676446761;0.028833;2;4.09794642857143 * AutoAltRef;1;1.79769313486232E+308;190.882564511264
2;5.46073170731708 * Quality + 4.95865853658536 * AutoAltRef + 24.0999390243902 * cpuUsed_0;70.0698329144875;70.0698329144875;70.0698329144875;70.0698329144875;0.040818;3;24.0999390243902 * cpuUsed_0;1;71.997811761612;97.1594833471406
3;-0.0514622641509484 * Quality + 6.87594339622644 * AutoAltRef + 28.6534905660378 * cpuUsed_0 + 9.8260849056604 * cpuUsed_2;59.1075204190894;59.1075204190894;59.1075204190894;59.1075204190894;0.06611;4;9.8260849056604 * cpuUsed_2;1;10.9623124953981;84.19933574178
4;1.6766513761468 * Quality + 6.90063073394496 * AutoAltRef + 27.567247706422 * cpuUsed_0 + 9.13483944954131 * cpuUsed_2 + -5.23371559633028 * bitRate_1500;49.4301000449622;49.4301000449622;49.4301000449622;49.4301000449622;0.100926;5;-5.23371559633028 * bitRate_1500;1;9.67742037412717;86.4966985874126
5;1.67665137614679 * Quality + 6.90063073394496 * AutoAltRef + 27.567247706422 * cpuUsed_0 + 3.50183944954127 * cpuUsed_2 + -5.23371559633028 * bitRate_1500 + 11.266 * cpuUsed_2 * lossless;43.1262767595048;43.1262767595048;43.1262767595048;43.1262767595048;0.166343;7;11.266 * cpuUsed_2 * lossless;2;3.1519116427287;82.1939871510218
6;2.13357594936709 * Quality + 5.48416455696202 * AutoAltRef + 20.1650696202532 * cpuUsed_0 + 3.31906962025317 * cpuUsed_2 + -3.77155696202532 * bitRate_1500 + 11.266 * cpuUsed_2 * lossless + 19.921911392405 * cpuUsed_0 * lossless;38.495081500174;38.495081500174;38.495081500174;38.495081500174;0.248923;9;19.921911392405 * cpuUsed_0 * lossless;2;2.31559762966541;72.1404637119033
7;2.5494017094017 * Quality + 5.01636057692308 * AutoAltRef + 19.9987393162394 * cpuUsed_0 + -0.132284188034186 * cpuUsed_2 + -4.08342628205128 * bitRate_1500 + 11.266 * cpuUsed_2 * lossless + 19.9842852564103 * cpuUsed_0 * lossless + 8.21255876068375 * cpuUsed_2 * lagInFrames_8;34.5817750284989;34.5817750284989;34.5817750284989;34.5817750284989;0.348017;11;8.21255876068375 * cpuUsed_2 * lagInFrames_8;2;1.95665323583752;72.5131862630218
8;3.78628782164112 * Quality + 4.58586623082725 * AutoAltRef + 19.051748386556 * cpuUsed_0 + -1.12759098147682 * cpuUsed_2 + -4.67191350264019 * bitRate_1500 + 11.266 * cpuUsed_2 * lossless + 19.9813863045847 * cpuUsed_0 * lossless + 8.33334842008213 * cpuUsed_2 * lagInFrames_8 + -3.01490989858352 * cpuUsed_8;33.4785333334759;33.4785333334759;33.4785333334759;33.4785333334759;0.480275;12;-3.01490989858352 * cpuUsed_8;1;1.10324169502304;74.3784004893126
9;4.13893605121661 * Quality + 4.7386945752171 * AutoAltRef + 19.2991242754899 * cpuUsed_0 + -0.905390140224511 * cpuUsed_2 + -3.48795245976769 * bitRate_1500 + 10.3680523351602 * cpuUsed_2 * lossless + 19.2794766231487 * cpuUsed_0 * lossless + 8.39628603928609 * cpuUsed_2 * lagInFrames_8 + -3.41850090962231 * cpuUsed_8 + -2.24486916209961 * Threads_10;31.2204013321971;31.2204013321971;31.2204013321971;31.2204013321971;0.634431;13;-2.24486916209961 * Threads_10;1;2.2581320012788;74.1390016967348
10;3.88443430256237 * Quality + 4.77442287854744 * AutoAltRef + 19.5401732189642 * cpuUsed_0 + -1.11496770398962 * cpuUsed_2 + -3.48285393153706 * bitRate_1500 + 10.3661941133618 * cpuUsed_2 * lossless + 19.0425988128154 * cpuUsed_0 * lossless + 8.84331706750576 * cpuUsed_2 * lagInFrames_8 + -3.85544383529045 * cpuUsed_8 + -2.24951471659546 * Threads_10 + 0.67953523987897 * lagInFrames_0;29.4405077082115;29.4405077082115;29.4405077082115;29.4405077082115;0.825102;14;0.67953523987897 * lagInFrames_0;1;1.77989362398559;75.2660455942521
11;3.83087712711819 * Quality + 4.84044582299799 * AutoAltRef + 19.5688707250061 * cpuUsed_0 + -1.08550870774498 * cpuUsed_2 + -3.47343227378195 * bitRate_1500 + 10.3627602734329 * cpuUsed_2 * lossless + 19.0216092152382 * cpuUsed_0 * lossless + 8.83591142996127 * cpuUsed_2 * lagInFrames_8 + -2.99591427903469 * cpuUsed_8 + -2.25809931641776 * Threads_10 + 0.685037151916494 * lagInFrames_0 + -1.25022291149897 * cpuUsed_8 * Threads_4;27.3153365925147;27.3153365925147;27.3153365925147;27.3153365925147;1.047786;16;-1.25022291149897 * cpuUsed_8 * Threads_4;2;1.06258555784841;74.6721945583485
12;3.59854631230885 * Quality + 4.96232307724844 * AutoAltRef + 19.866852389502 * cpuUsed_0 + -0.729359721657687 * cpuUsed_2 + -3.29616680578183 * bitRate_1500 + 10.2129054284462 * cpuUsed_2 * lossless + 18.9030174757799 * cpuUsed_0 * lossless + 8.7754249651681 * cpuUsed_2 * lagInFrames_8 + -2.67865162503982 * cpuUsed_8 + -2.63273642888453 * Threads_10 + 0.600105312730974 * lagInFrames_0 + -1.3111615386242 * cpuUsed_8 * Threads_4 + 1.14105932447689 * Threads_10 * constantBitrate;26.0418839357595;26.0418839357595;26.0418839357595;26.0418839357595;1.310175;18;1.14105932447689 * Threads_10 * constantBitrate;2;0.636726328377595;74.3177042415589
13;3.56103611927763 * Quality + 5.00546241075178 * AutoAltRef + 19.8527971440571 * cpuUsed_0 + -0.955688786224287 * cpuUsed_2 + -3.30182822343553 * bitRate_1500 + 10.4509059218816 * cpuUsed_2 * lossless + 18.9519050818984 * cpuUsed_0 * lossless + 8.87795842083156 * cpuUsed_2 * lagInFrames_8 + -2.56289626207477 * cpuUsed_8 + -2.54413145737085 * Threads_10 + 0.521860142797161 * lagInFrames_0 + -1.33273120537591 * cpuUsed_8 * Threads_4 + 1.11034817303653 * Threads_10 * constantBitrate + 1.01279252414951 * cpuUsed_2 * Threads_4;25.211312630024;25.211312630024;25.211312630024;25.211312630024;1.613544;20;1.01279252414951 * cpuUsed_2 * Threads_4;2;0.415285652867729;74.3978710647032
14;3.5292282697883 * Quality + 4.98877036267163 * AutoAltRef + 19.8960428860566 * cpuUsed_0 + -0.88585566982112 * cpuUsed_2 + -3.17447557573436 * bitRate_1500 + 10.5065258738581 * cpuUsed_2 * lossless + 18.936277337126 * cpuUsed_0 * lossless + 8.8075257918057 * cpuUsed_2 * lagInFrames_8 + -2.5770420655325 * cpuUsed_8 + -2.61971046441661 * Threads_10 + 0.567813795744211 * lagInFrames_0 + -1.32438518133583 * cpuUsed_8 * Threads_4 + 1.13942790328758 * Threads_10 * constantBitrate + 0.928813604288597 * cpuUsed_2 * Threads_4 + -0.513236693835135 * bitRate_1500 * Threads_6;24.8224729749753;24.8224729749753;24.8224729749753;24.8224729749753;1.956308;22;-0.513236693835135 * bitRate_1500 * Threads_6;2;0.194419827524346;74.2483712012594
Analyze finished
command: measurementstocsv /localhome/tmp/VP9_disc/VP9_disc_98/sampledConfigurations_rand_0.csv
command: clean-sampling
command: clean-global
command: script /localhome/tmp/VP9_disc/VP9_disc_98/learn_rand_1.a
command: log /localhome/tmp/VP9_disc/VP9_disc_98/out_rand_1.log
