Current machine learning settings: epsilon:0 lossFunction:RELATIVE parallelization:True bagging:False baggingNumbers:3 considerEpsilonTube:False baggingTestDataFraction:50 useBackward:False abortError:1 limitFeatureSize:False featureSizeTreshold:4 quadraticFunctionSupport:True crossValidation:False crossValidation-k:5 learn-logFunction:False learn-accumulatedLogFunction:False learn-asymFunction:False learn-ratioFunction:False learn-mirrowedFunction:False numberOfRounds:70 backwardErrorDelta:1 minImprovementPerRound:0.1 withHierarchy:False bruteForceCandidates:False ignoreBadFeatures:False stopOnLongRound:True candidateSizePenalty:True learnTimeLimit:00:00:00 scoreMeasure:RELERROR outputRoundsToStdout:False blacklisted: 
command: mlsettings bagging:False stopOnLongRound:False parallelization:True lossFunction:RELATIVE useBackward:False abortError:10 limitFeatureSize:False featureSizeTreshold:7 quadraticFunctionSupport:True crossValidation:False learn_logFunction:True numberOfRounds:70 backwardErrorDelta:1 minImprovementPerRound:0.25 withHierarchy:False
Current machine learning settings: epsilon:0 lossFunction:RELATIVE parallelization:True bagging:False baggingNumbers:3 considerEpsilonTube:False baggingTestDataFraction:50 useBackward:False abortError:10 limitFeatureSize:False featureSizeTreshold:7 quadraticFunctionSupport:True crossValidation:False crossValidation-k:5 learn-logFunction:True learn-accumulatedLogFunction:False learn-asymFunction:False learn-ratioFunction:False learn-mirrowedFunction:False numberOfRounds:70 backwardErrorDelta:1 minImprovementPerRound:0.25 withHierarchy:False bruteForceCandidates:False ignoreBadFeatures:False stopOnLongRound:False candidateSizePenalty:True learnTimeLimit:00:00:00 scoreMeasure:RELERROR outputRoundsToStdout:False blacklisted: 
command: solver z3
command: vm /scratch/kaltenec/Distribution-Aware-Sampling/DistOut/ConstraintData/JavaGC_disc/FeatureModel.xml
command: all /scratch/kaltenec/Distribution-Aware-Sampling/DistOut/ConstraintData/JavaGC_disc/measurements.xml
Configs with too large deviation: 0
193536 configurations loaded.
command: nfp Performance
command: binary satoutput henard:true numConfigs:3504 seed:27
command: learn-splconqueror
Learning: NumberOfConfigurationsLearning:3504 NumberOfConfigurationsValidation:3504
Learning progress:
1;87.3957693001187 * MaxTenuringThreshold + -55.0666994744775 * NewRatio_1;86.5459744405323;86.5459744405323;86.5459744405323;86.5459744405323;0.833442;2;-55.0666994744775 * NewRatio_1;1;1.79769313486232E+308;
2;45.0290017454897 * MaxTenuringThreshold + -12.6999319198481 * NewRatio_1 + 224.153881057861 * NewRatio_32;52.6553107124492;52.6553107124492;52.6553107124492;52.6553107124492;3.366622;3;224.153881057861 * NewRatio_32;1;33.8906637280831;
3;45.0290017454895 * MaxTenuringThreshold + -12.699931919848 * NewRatio_1 + 17.4979724621618 * NewRatio_32 + 422.14326627668 * NewRatio_32 * UseAdaptiveSizePolicy;26.9343619869448;26.9343619869448;26.9343619869448;26.9343619869448;7.027544;5;422.14326627668 * NewRatio_32 * UseAdaptiveSizePolicy;2;12.8604743627522;
4;35.340086603684 * MaxTenuringThreshold + -12.8293485562092 * NewRatio_1 + 27.1868876039703 * NewRatio_32 + 400.136660566992 * NewRatio_32 * UseAdaptiveSizePolicy + 22.0066057096828 * UseAdaptiveSizePolicy;21.0540767405944;21.0540767405944;21.0540767405944;21.0540767405944;12.354181;6;22.0066057096828 * UseAdaptiveSizePolicy;1;5.8802852463504;
5;33.3542928169575 * MaxTenuringThreshold + -6.62190427473572 * NewRatio_1 + 29.1726813906893 * NewRatio_32 + 409.598980641429 * NewRatio_32 * UseAdaptiveSizePolicy + 12.5442856352507 * UseAdaptiveSizePolicy + 22.0969143323824 * UseAdaptiveSizePolicy * NewRatio_4;13.9305827991299;13.9305827991299;13.9305827991299;13.9305827991299;21.089823;8;22.0969143323824 * UseAdaptiveSizePolicy * NewRatio_4;2;3.56174697073228;
6;31.2138973307165 * MaxTenuringThreshold + -6.72504069961555 * NewRatio_1 + 28.9172978223458 * NewRatio_32 + 409.691111621182 * NewRatio_32 * UseAdaptiveSizePolicy + 12.3713068212105 * UseAdaptiveSizePolicy + 22.0097350923682 * UseAdaptiveSizePolicy * NewRatio_4 + 5.03939732171566 * DisableExplicitGC;12.5104094697956;12.5104094697956;12.5104094697956;12.5104094697956;32.872545;9;5.03939732171566 * DisableExplicitGC;1;1.42017332933425;
7;32.7374303022489 * MaxTenuringThreshold + -6.65597778874874 * NewRatio_1 + 29.088693961607 * NewRatio_32 + 409.599917713013 * NewRatio_32 * UseAdaptiveSizePolicy + 12.457612872092 * UseAdaptiveSizePolicy + 22.0768815424298 * UseAdaptiveSizePolicy * NewRatio_4 + 5.14538717325841 * DisableExplicitGC + -3.63980791292376 * UseAdaptiveGCBoundary;11.2925194759847;11.2925194759847;11.2925194759847;11.2925194759847;48.994918;10;-3.63980791292376 * UseAdaptiveGCBoundary;1;1.21788999381096;
8;32.0568454584794 * MaxTenuringThreshold + -4.85454859453331 * NewRatio_1 + 29.6548155145816 * NewRatio_32 + 412.358989716207 * NewRatio_32 * UseAdaptiveSizePolicy + 9.69823529291162 * UseAdaptiveSizePolicy + 25.4033741554407 * UseAdaptiveSizePolicy * NewRatio_4 + 5.17581746232689 * DisableExplicitGC + -3.43126834521899 * UseAdaptiveGCBoundary + 52.0349111566773 * UseAdaptiveSizePolicy * NewRatio_8;9.89580945787632;9.89580945787632;9.89580945787632;9.89580945787632;70.338077;12;52.0349111566773 * UseAdaptiveSizePolicy * NewRatio_8;2;0.698355009054164;
Elapsed=00:01:10.4073261
average model: 
command: analyze-learning
Round, Model, LearningError, LearningErrorRel, ValidationError, ValidationErrorRel, ElapsedSeconds, ModelComplexity, BestCandidate, BestCandidateSize, BestCandidateScore, TestError
Models:
Termination reason: abortError
1;87.3957693001187 * MaxTenuringThreshold + -55.0666994744775 * NewRatio_1;86.5459744405323;86.5459744405323;86.5459744405323;86.5459744405323;0.833442;2;-55.0666994744775 * NewRatio_1;1;1.79769313486232E+308;92.5385132629825
2;45.0290017454897 * MaxTenuringThreshold + -12.6999319198481 * NewRatio_1 + 224.153881057861 * NewRatio_32;52.6553107124492;52.6553107124492;52.6553107124492;52.6553107124492;3.366622;3;224.153881057861 * NewRatio_32;1;33.8906637280831;63.16440238516
3;45.0290017454895 * MaxTenuringThreshold + -12.699931919848 * NewRatio_1 + 17.4979724621618 * NewRatio_32 + 422.14326627668 * NewRatio_32 * UseAdaptiveSizePolicy;26.9343619869448;26.9343619869448;26.9343619869448;26.9343619869448;7.027544;5;422.14326627668 * NewRatio_32 * UseAdaptiveSizePolicy;2;12.8604743627522;43.3372533801508
4;35.340086603684 * MaxTenuringThreshold + -12.8293485562092 * NewRatio_1 + 27.1868876039703 * NewRatio_32 + 400.136660566992 * NewRatio_32 * UseAdaptiveSizePolicy + 22.0066057096828 * UseAdaptiveSizePolicy;21.0540767405944;21.0540767405944;21.0540767405944;21.0540767405944;12.354181;6;22.0066057096828 * UseAdaptiveSizePolicy;1;5.8802852463504;39.4692440092404
5;33.3542928169575 * MaxTenuringThreshold + -6.62190427473572 * NewRatio_1 + 29.1726813906893 * NewRatio_32 + 409.598980641429 * NewRatio_32 * UseAdaptiveSizePolicy + 12.5442856352507 * UseAdaptiveSizePolicy + 22.0969143323824 * UseAdaptiveSizePolicy * NewRatio_4;13.9305827991299;13.9305827991299;13.9305827991299;13.9305827991299;21.089823;8;22.0969143323824 * UseAdaptiveSizePolicy * NewRatio_4;2;3.56174697073228;35.6118392338281
6;31.2138973307165 * MaxTenuringThreshold + -6.72504069961555 * NewRatio_1 + 28.9172978223458 * NewRatio_32 + 409.691111621182 * NewRatio_32 * UseAdaptiveSizePolicy + 12.3713068212105 * UseAdaptiveSizePolicy + 22.0097350923682 * UseAdaptiveSizePolicy * NewRatio_4 + 5.03939732171566 * DisableExplicitGC;12.5104094697956;12.5104094697956;12.5104094697956;12.5104094697956;32.872545;9;5.03939732171566 * DisableExplicitGC;1;1.42017332933425;34.9937654781232
7;32.7374303022489 * MaxTenuringThreshold + -6.65597778874874 * NewRatio_1 + 29.088693961607 * NewRatio_32 + 409.599917713013 * NewRatio_32 * UseAdaptiveSizePolicy + 12.457612872092 * UseAdaptiveSizePolicy + 22.0768815424298 * UseAdaptiveSizePolicy * NewRatio_4 + 5.14538717325841 * DisableExplicitGC + -3.63980791292376 * UseAdaptiveGCBoundary;11.2925194759847;11.2925194759847;11.2925194759847;11.2925194759847;48.994918;10;-3.63980791292376 * UseAdaptiveGCBoundary;1;1.21788999381096;34.2708457459494
8;32.0568454584794 * MaxTenuringThreshold + -4.85454859453331 * NewRatio_1 + 29.6548155145816 * NewRatio_32 + 412.358989716207 * NewRatio_32 * UseAdaptiveSizePolicy + 9.69823529291162 * UseAdaptiveSizePolicy + 25.4033741554407 * UseAdaptiveSizePolicy * NewRatio_4 + 5.17581746232689 * DisableExplicitGC + -3.43126834521899 * UseAdaptiveGCBoundary + 52.0349111566773 * UseAdaptiveSizePolicy * NewRatio_8;9.89580945787632;9.89580945787632;9.89580945787632;9.89580945787632;70.338077;12;52.0349111566773 * UseAdaptiveSizePolicy * NewRatio_8;2;0.698355009054164;30.3138226350412
Analyze finished
command: clean-sampling
command: clean-global
