Current machine learning settings: epsilon:0 lossFunction:RELATIVE parallelization:True bagging:False baggingNumbers:3 baggingTestDataFraction:50 useBackward:False abortError:1 limitFeatureSize:False featureSizeTreshold:4 quadraticFunctionSupport:True crossValidation:False crossValidation-k:5 learn-logFunction:False learn-accumulatedLogFunction:False learn-asymFunction:False learn-ratioFunction:False learn-mirrowedFunction:False numberOfRounds:70 backwardErrorDelta:1 minImprovementPerRound:0.1 withHierarchy:False bruteForceCandidates:False ignoreBadFeatures:False stopOnLongRound:True candidateSizePenalty:True learnTimeLimit:00:00:00 scoreMeasure:RELERROR outputRoundsToStdout:False blacklisted: 
command: mlsettings bagging:False stopOnLongRound:False parallelization:True lossFunction:RELATIVE useBackward:False abortError:10 limitFeatureSize:False featureSizeTreshold:7 quadraticFunctionSupport:True crossValidation:False learn_logFunction:True numberOfRounds:70 backwardErrorDelta:1 minImprovementPerRound:0.25 withHierarchy:False
Current machine learning settings: epsilon:0 lossFunction:RELATIVE parallelization:True bagging:False baggingNumbers:3 baggingTestDataFraction:50 useBackward:False abortError:10 limitFeatureSize:False featureSizeTreshold:7 quadraticFunctionSupport:True crossValidation:False crossValidation-k:5 learn-logFunction:True learn-accumulatedLogFunction:False learn-asymFunction:False learn-ratioFunction:False learn-mirrowedFunction:False numberOfRounds:70 backwardErrorDelta:1 minImprovementPerRound:0.25 withHierarchy:False bruteForceCandidates:False ignoreBadFeatures:False stopOnLongRound:False candidateSizePenalty:True learnTimeLimit:00:00:00 scoreMeasure:RELERROR outputRoundsToStdout:False blacklisted: 
command: solver z3
command: vm ../FeatureModel.xml
command: all ../measurements.xml
Configs with too large deviation: 0
68640 configurations loaded.
command: nfp Performance
command: binary random numConfigs:600 seed:48 fromFile:../allConfigurations.csv
command: learn-splconqueror
Learning: NumberOfConfigurationsLearning:600 NumberOfConfigurationsValidation:600
Learning progress:
1;11211.2797074955 * CompressionMethod + 2522.68255665549 * BlockSize_1;189.958803268954;189.958803268954;189.958803268954;189.958803268954;0.3437529;2;2522.68255665549 * BlockSize_1;1;1.79769313486232E+308;
2;7133.24743498357 * CompressionMethod + 717.394177953748 * BlockSize_1 + 23985.8457318711 * x_10;116.023310252181;116.023310252181;116.023310252181;116.023310252181;0.7500065;3;23985.8457318711 * x_10;1;73.935493016773;
3;5031.32881652417 * CompressionMethod + 804.378392144643 * BlockSize_1 + 26077.0964750054 * x_10 + 11372.1805379262 * x_8;80.5501200601091;80.5501200601091;80.5501200601091;80.5501200601091;1.2500112;4;11372.1805379262 * x_8;1;35.4731901920717;
4;3044.67573316136 * CompressionMethod + 416.913474425227 * BlockSize_1 + 26192.8548433715 * x_10 + 11966.5974700648 * x_8 + 9243.26744181758 * BZip2;56.4630939373669;56.4630939373669;56.4630939373669;56.4630939373669;1.7187667;5;9243.26744181758 * BZip2;1;24.0870261227422;
5;3243.66917288183 * CompressionMethod + 1278.2047574801 * BlockSize_1 + 31567.1368929974 * x_10 + 11891.2406598788 * x_8 + 8008.9837083158 * BZip2 + -27371.8926863517 * x_10 * PPMd;49.2857474081035;49.2857474081035;49.2857474081035;49.2857474081035;2.3750236;7;-27371.8926863517 * x_10 * PPMd;2;3.5886732646317;
6;3306.64934814416 * CompressionMethod + 1420.9905921263 * BlockSize_1 + 31577.5468739904 * x_10 + 14213.3060519909 * x_8 + 7667.01844497437 * BZip2 + -27472.4801444445 * x_10 * PPMd + -11223.7438835167 * x_8 * PPMd;44.9037854702866;44.9037854702866;44.9037854702866;44.9037854702866;3.250033;9;-11223.7438835167 * x_8 * PPMd;2;2.19098096890844;
7;3757.48932956618 * CompressionMethod + 1403.57200618167 * BlockSize_1 + 31217.0137178642 * x_10 + 13830.1342679976 * x_8 + 7325.23149603594 * BZip2 + -26033.8484603072 * x_10 * PPMd + -9763.95786204433 * x_8 * PPMd + -1525.62068353854 * PPMd;43.2341041602425;43.2341041602425;43.2341041602425;43.2341041602425;5.3281821;10;-1525.62068353854 * PPMd;1;1.66968131004406;
8;3505.96811583788 * CompressionMethod + 1457.73657111963 * BlockSize_1 + 27743.3526542909 * x_10 + 13912.0546621926 * x_8 + 8178.11979472939 * BZip2 + -22566.6746389992 * x_10 * PPMd + -9847.74997166772 * x_8 * PPMd + -1277.92928753315 * PPMd + 13517.7031779513 * x_10 * Deflate;40.8236162868043;40.8236162868043;40.8236162868043;40.8236162868043;7.8607618;12;13517.7031779513 * x_10 * Deflate;2;1.20524393671912;
9;3525.98200752112 * CompressionMethod + -157.319838544108 * BlockSize_1 + 27590.8098230566 * x_10 + 13870.9281412282 * x_8 + 8100.79723702079 * BZip2 + -22220.6979232021 * x_10 * PPMd + -9750.8134205981 * x_8 * PPMd + -1183.74727146241 * PPMd + 13311.6960109047 * x_10 * Deflate + 10677.9071644773 * BlockSize_1 * Files_20;39.1881783078637;39.1881783078637;39.1881783078637;39.1881783078637;9.5326551;14;10677.9071644773 * BlockSize_1 * Files_20;2;0.817718989470279;
10;3202.13656186752 * CompressionMethod + -344.878162644129 * BlockSize_1 + 27510.367357947 * x_10 + 15701.8205527976 * x_8 + 9231.69356910548 * BZip2 + -22117.7917627097 * x_10 * PPMd + -11575.224550367 * x_8 * PPMd + -846.640126124978 * PPMd + 13689.7772388377 * x_10 * Deflate + 11629.5708349373 * BlockSize_1 * Files_20 + -8882.41444607726 * BZip2 * x_8;37.9838121461866;37.9838121461866;37.9838121461866;37.9838121461866;12.0326799;16;-8882.41444607726 * BZip2 * x_8;2;0.602183080838536;
11;3332.06442169233 * CompressionMethod + -214.431008395398 * BlockSize_1 + 26680.6533463736 * x_10 + 15562.8963375074 * x_8 + 11242.1338122995 * BZip2 + -21303.701291977 * x_10 * PPMd + -11440.8080783124 * x_8 * PPMd + -985.791522108775 * PPMd + 14401.7111008785 * x_10 * Deflate + 11101.4269000151 * BlockSize_1 * Files_20 + -10855.4514209005 * BZip2 * x_8 + -8372.91773302318 * BZip2 * x_0;37.3060344783757;37.3060344783757;37.3060344783757;37.3060344783757;15.9702199;18;-8372.91773302318 * BZip2 * x_0;2;0.338888833905486;
12;3527.04283324774 * CompressionMethod + -369.562835003349 * BlockSize_1 + 25576.5823174452 * x_10 + 15378.6166726146 * x_8 + 13930.8221438084 * BZip2 + -20181.0502607277 * x_10 * PPMd + -11251.167664494 * x_8 * PPMd + -1169.80101663133 * PPMd + 15342.9153754986 * x_10 * Deflate + 10705.2340937907 * BlockSize_1 * Files_20 + -13515.4581681556 * BZip2 * x_8 + -11238.6846499404 * BZip2 * x_0 + -11355.2564067928 * BZip2 * x_2;36.6838934548111;36.6838934548111;36.6838934548111;36.6838934548111;19.6733831;20;-11355.2564067928 * BZip2 * x_2;2;0.311070511782287;
13;3601.7306361095 * CompressionMethod + -367.87939196066 * BlockSize_1 + 25521.3865915602 * x_10 + 15394.9426310679 * x_8 + 13874.6806598537 * BZip2 + -20126.0561593341 * x_10 * PPMd + -11267.5517961517 * x_8 * PPMd + -1244.60785081928 * PPMd + 15543.6069439874 * x_10 * Deflate + 10702.8979418754 * BlockSize_1 * Files_20 + -13550.2838234537 * BZip2 * x_8 + -11257.4252122755 * BZip2 * x_0 + -11373.8913279653 * BZip2 * x_2 + -220.230497018605 * Deflate;36.1741074708448;36.1741074708448;36.1741074708448;36.1741074708448;23.2671705;21;-220.230497018605 * Deflate;1;0.509785983966296;
14;3534.9627963044 * CompressionMethod + -370.878672938916 * BlockSize_1 + 25583.6160921573 * x_10 + 15788.7770893459 * x_8 + 13937.1909967157 * BZip2 + -20187.9264386884 * x_10 * PPMd + -11661.2826110146 * x_8 * PPMd + -1177.62794064195 * PPMd + 16362.6089930823 * x_10 * Deflate + 10168.7394048729 * BlockSize_1 * Files_20 + -13901.4923632184 * BZip2 * x_8 + -11252.8216384503 * BZip2 * x_0 + -11369.4759681287 * BZip2 * x_2 + -1010.14161149819 * Deflate + 5175.38001126077 * Deflate * x_6;30.539548137919;30.539548137919;30.539548137919;30.539548137919;28.2828463;23;5175.38001126077 * Deflate * x_6;2;2.81727966646288;
15;3746.7775114584 * CompressionMethod + -391.036893688428 * BlockSize_1 + 25429.7139674866 * x_10 + 14654.4599528762 * x_8 + 13781.0640590168 * BZip2 + -20031.6099816624 * x_10 * PPMd + -10526.2688853113 * x_8 * PPMd + -1388.01732705618 * PPMd + 17025.2316841786 * x_10 * Deflate + 10132.4428919574 * BlockSize_1 * Files_20 + -12818.8305232277 * BZip2 * x_8 + -11306.1834673572 * BZip2 * x_0 + -11424.1027865968 * BZip2 * x_2 + -1727.19448605908 * Deflate + 5685.72570096208 * Deflate * x_6 + 2949.79342953184 * x_8 * Deflate;29.3335294343799;29.3335294343799;29.3335294343799;29.3335294343799;36.3454291;25;2949.79342953184 * x_8 * Deflate;2;0.603009351769566;
16;4396.36266244938 * CompressionMethod + -403.61597766196 * BlockSize_1 + 22675.4865417263 * x_10 + 14005.6147480014 * x_8 + 19927.5516896237 * BZip2 + -17275.8759700871 * x_10 * PPMd + -9876.98899651387 * x_8 * PPMd + -2036.71304786717 * PPMd + 19837.5686313832 * x_10 * Deflate + 8861.33740442637 * BlockSize_1 * Files_20 + -18874.3663448433 * BZip2 * x_8 + -18100.8048161889 * BZip2 * x_0 + -18219.5135111435 * BZip2 * x_2 + -2375.96808324534 * Deflate + 5771.33172418922 * Deflate * x_6 + 3598.8753375997 * x_8 * Deflate + -17204.9492631948 * BZip2 * x_4;28.9136698447934;28.9136698447934;28.9136698447934;28.9136698447934;45.4548971;27;-17204.9492631948 * BZip2 * x_4;2;0.209929794793258;
Elapsed=00:00:45.4646519
average model: 

command: analyze-learning
Round, Model, LearningError, LearningErrorRel, ValidationError, ValidationErrorRel, ElapsedSeconds, ModelComplexity, BestCandidate, BestCandidateSize, BestCandidateScore, TestError
Models:
Termination reason: minImprovementPerRound
1;11211.2797074955 * CompressionMethod + 2522.68255665549 * BlockSize_1;189.958803268954;189.958803268954;189.958803268954;189.958803268954;0.3437529;2;2522.68255665549 * BlockSize_1;1;1.79769313486232E+308;180.462475870845
2;7133.24743498357 * CompressionMethod + 717.394177953748 * BlockSize_1 + 23985.8457318711 * x_10;116.023310252181;116.023310252181;116.023310252181;116.023310252181;0.7500065;3;23985.8457318711 * x_10;1;73.935493016773;110.895369665272
3;5031.32881652417 * CompressionMethod + 804.378392144643 * BlockSize_1 + 26077.0964750054 * x_10 + 11372.1805379262 * x_8;80.5501200601091;80.5501200601091;80.5501200601091;80.5501200601091;1.2500112;4;11372.1805379262 * x_8;1;35.4731901920717;76.885556460782
4;3044.67573316136 * CompressionMethod + 416.913474425227 * BlockSize_1 + 26192.8548433715 * x_10 + 11966.5974700648 * x_8 + 9243.26744181758 * BZip2;56.4630939373669;56.4630939373669;56.4630939373669;56.4630939373669;1.7187667;5;9243.26744181758 * BZip2;1;24.0870261227422;54.587330462304
5;3243.66917288183 * CompressionMethod + 1278.2047574801 * BlockSize_1 + 31567.1368929974 * x_10 + 11891.2406598788 * x_8 + 8008.9837083158 * BZip2 + -27371.8926863517 * x_10 * PPMd;49.2857474081035;49.2857474081035;49.2857474081035;49.2857474081035;2.3750236;7;-27371.8926863517 * x_10 * PPMd;2;3.5886732646317;47.4913175045641
6;3306.64934814416 * CompressionMethod + 1420.9905921263 * BlockSize_1 + 31577.5468739904 * x_10 + 14213.3060519909 * x_8 + 7667.01844497437 * BZip2 + -27472.4801444445 * x_10 * PPMd + -11223.7438835167 * x_8 * PPMd;44.9037854702866;44.9037854702866;44.9037854702866;44.9037854702866;3.250033;9;-11223.7438835167 * x_8 * PPMd;2;2.19098096890844;42.8288680381409
7;3757.48932956618 * CompressionMethod + 1403.57200618167 * BlockSize_1 + 31217.0137178642 * x_10 + 13830.1342679976 * x_8 + 7325.23149603594 * BZip2 + -26033.8484603072 * x_10 * PPMd + -9763.95786204433 * x_8 * PPMd + -1525.62068353854 * PPMd;43.2341041602425;43.2341041602425;43.2341041602425;43.2341041602425;5.3281821;10;-1525.62068353854 * PPMd;1;1.66968131004406;42.4601890379129
8;3505.96811583788 * CompressionMethod + 1457.73657111963 * BlockSize_1 + 27743.3526542909 * x_10 + 13912.0546621926 * x_8 + 8178.11979472939 * BZip2 + -22566.6746389992 * x_10 * PPMd + -9847.74997166772 * x_8 * PPMd + -1277.92928753315 * PPMd + 13517.7031779513 * x_10 * Deflate;40.8236162868043;40.8236162868043;40.8236162868043;40.8236162868043;7.8607618;12;13517.7031779513 * x_10 * Deflate;2;1.20524393671912;39.9557031121794
9;3525.98200752112 * CompressionMethod + -157.319838544108 * BlockSize_1 + 27590.8098230566 * x_10 + 13870.9281412282 * x_8 + 8100.79723702079 * BZip2 + -22220.6979232021 * x_10 * PPMd + -9750.8134205981 * x_8 * PPMd + -1183.74727146241 * PPMd + 13311.6960109047 * x_10 * Deflate + 10677.9071644773 * BlockSize_1 * Files_20;39.1881783078637;39.1881783078637;39.1881783078637;39.1881783078637;9.5326551;14;10677.9071644773 * BlockSize_1 * Files_20;2;0.817718989470279;39.5922015146324
10;3202.13656186752 * CompressionMethod + -344.878162644129 * BlockSize_1 + 27510.367357947 * x_10 + 15701.8205527976 * x_8 + 9231.69356910548 * BZip2 + -22117.7917627097 * x_10 * PPMd + -11575.224550367 * x_8 * PPMd + -846.640126124978 * PPMd + 13689.7772388377 * x_10 * Deflate + 11629.5708349373 * BlockSize_1 * Files_20 + -8882.41444607726 * BZip2 * x_8;37.9838121461866;37.9838121461866;37.9838121461866;37.9838121461866;12.0326799;16;-8882.41444607726 * BZip2 * x_8;2;0.602183080838536;38.2640150079447
11;3332.06442169233 * CompressionMethod + -214.431008395398 * BlockSize_1 + 26680.6533463736 * x_10 + 15562.8963375074 * x_8 + 11242.1338122995 * BZip2 + -21303.701291977 * x_10 * PPMd + -11440.8080783124 * x_8 * PPMd + -985.791522108775 * PPMd + 14401.7111008785 * x_10 * Deflate + 11101.4269000151 * BlockSize_1 * Files_20 + -10855.4514209005 * BZip2 * x_8 + -8372.91773302318 * BZip2 * x_0;37.3060344783757;37.3060344783757;37.3060344783757;37.3060344783757;15.9702199;18;-8372.91773302318 * BZip2 * x_0;2;0.338888833905486;38.3520031477158
12;3527.04283324774 * CompressionMethod + -369.562835003349 * BlockSize_1 + 25576.5823174452 * x_10 + 15378.6166726146 * x_8 + 13930.8221438084 * BZip2 + -20181.0502607277 * x_10 * PPMd + -11251.167664494 * x_8 * PPMd + -1169.80101663133 * PPMd + 15342.9153754986 * x_10 * Deflate + 10705.2340937907 * BlockSize_1 * Files_20 + -13515.4581681556 * BZip2 * x_8 + -11238.6846499404 * BZip2 * x_0 + -11355.2564067928 * BZip2 * x_2;36.6838934548111;36.6838934548111;36.6838934548111;36.6838934548111;19.6733831;20;-11355.2564067928 * BZip2 * x_2;2;0.311070511782287;37.4152249211934
13;3601.7306361095 * CompressionMethod + -367.87939196066 * BlockSize_1 + 25521.3865915602 * x_10 + 15394.9426310679 * x_8 + 13874.6806598537 * BZip2 + -20126.0561593341 * x_10 * PPMd + -11267.5517961517 * x_8 * PPMd + -1244.60785081928 * PPMd + 15543.6069439874 * x_10 * Deflate + 10702.8979418754 * BlockSize_1 * Files_20 + -13550.2838234537 * BZip2 * x_8 + -11257.4252122755 * BZip2 * x_0 + -11373.8913279653 * BZip2 * x_2 + -220.230497018605 * Deflate;36.1741074708448;36.1741074708448;36.1741074708448;36.1741074708448;23.2671705;21;-220.230497018605 * Deflate;1;0.509785983966296;36.9540122816027
14;3534.9627963044 * CompressionMethod + -370.878672938916 * BlockSize_1 + 25583.6160921573 * x_10 + 15788.7770893459 * x_8 + 13937.1909967157 * BZip2 + -20187.9264386884 * x_10 * PPMd + -11661.2826110146 * x_8 * PPMd + -1177.62794064195 * PPMd + 16362.6089930823 * x_10 * Deflate + 10168.7394048729 * BlockSize_1 * Files_20 + -13901.4923632184 * BZip2 * x_8 + -11252.8216384503 * BZip2 * x_0 + -11369.4759681287 * BZip2 * x_2 + -1010.14161149819 * Deflate + 5175.38001126077 * Deflate * x_6;30.539548137919;30.539548137919;30.539548137919;30.539548137919;28.2828463;23;5175.38001126077 * Deflate * x_6;2;2.81727966646288;30.7736499004365
15;3746.7775114584 * CompressionMethod + -391.036893688428 * BlockSize_1 + 25429.7139674866 * x_10 + 14654.4599528762 * x_8 + 13781.0640590168 * BZip2 + -20031.6099816624 * x_10 * PPMd + -10526.2688853113 * x_8 * PPMd + -1388.01732705618 * PPMd + 17025.2316841786 * x_10 * Deflate + 10132.4428919574 * BlockSize_1 * Files_20 + -12818.8305232277 * BZip2 * x_8 + -11306.1834673572 * BZip2 * x_0 + -11424.1027865968 * BZip2 * x_2 + -1727.19448605908 * Deflate + 5685.72570096208 * Deflate * x_6 + 2949.79342953184 * x_8 * Deflate;29.3335294343799;29.3335294343799;29.3335294343799;29.3335294343799;36.3454291;25;2949.79342953184 * x_8 * Deflate;2;0.603009351769566;29.4405672335029
16;4396.36266244938 * CompressionMethod + -403.61597766196 * BlockSize_1 + 22675.4865417263 * x_10 + 14005.6147480014 * x_8 + 19927.5516896237 * BZip2 + -17275.8759700871 * x_10 * PPMd + -9876.98899651387 * x_8 * PPMd + -2036.71304786717 * PPMd + 19837.5686313832 * x_10 * Deflate + 8861.33740442637 * BlockSize_1 * Files_20 + -18874.3663448433 * BZip2 * x_8 + -18100.8048161889 * BZip2 * x_0 + -18219.5135111435 * BZip2 * x_2 + -2375.96808324534 * Deflate + 5771.33172418922 * Deflate * x_6 + 3598.8753375997 * x_8 * Deflate + -17204.9492631948 * BZip2 * x_4;28.9136698447934;28.9136698447934;28.9136698447934;28.9136698447934;45.4548971;27;-17204.9492631948 * BZip2 * x_4;2;0.209929794793258;29.7300830665746
Analyze finished
command: measurementstocsv ./sampledConfigurations_rand_1.csv
command: clean-sampling
command: clean-global
command: script ./learn_rand_2.a
command: log ./out_rand_2.log
