Current machine learning settings: epsilon:0 lossFunction:RELATIVE parallelization:True bagging:False baggingNumbers:3 considerEpsilonTube:False baggingTestDataFraction:50 useBackward:False abortError:1 limitFeatureSize:False featureSizeTreshold:4 quadraticFunctionSupport:True crossValidation:False crossValidation-k:5 learn-logFunction:False learn-accumulatedLogFunction:False learn-asymFunction:False learn-ratioFunction:False learn-mirrowedFunction:False numberOfRounds:70 backwardErrorDelta:1 minImprovementPerRound:0.1 withHierarchy:False bruteForceCandidates:False ignoreBadFeatures:False stopOnLongRound:True candidateSizePenalty:True learnTimeLimit:00:00:00 scoreMeasure:RELERROR outputRoundsToStdout:False blacklisted: 
command: mlsettings bagging:False stopOnLongRound:False parallelization:True lossFunction:RELATIVE useBackward:False abortError:10 limitFeatureSize:False featureSizeTreshold:7 quadraticFunctionSupport:True crossValidation:False learn_logFunction:True numberOfRounds:70 backwardErrorDelta:1 minImprovementPerRound:0.25 withHierarchy:False
Current machine learning settings: epsilon:0 lossFunction:RELATIVE parallelization:True bagging:False baggingNumbers:3 considerEpsilonTube:False baggingTestDataFraction:50 useBackward:False abortError:10 limitFeatureSize:False featureSizeTreshold:7 quadraticFunctionSupport:True crossValidation:False crossValidation-k:5 learn-logFunction:True learn-accumulatedLogFunction:False learn-asymFunction:False learn-ratioFunction:False learn-mirrowedFunction:False numberOfRounds:70 backwardErrorDelta:1 minImprovementPerRound:0.25 withHierarchy:False bruteForceCandidates:False ignoreBadFeatures:False stopOnLongRound:False candidateSizePenalty:True learnTimeLimit:00:00:00 scoreMeasure:RELERROR outputRoundsToStdout:False blacklisted: 
command: solver z3
command: vm /scratch/kaltenec/Distribution-Aware-Sampling/DistOut/ConstraintData/7z_disc/FeatureModel.xml
command: all /scratch/kaltenec/Distribution-Aware-Sampling/DistOut/ConstraintData/7z_disc/measurements.xml
Configs with too large deviation: 0
68640 configurations loaded.
command: nfp Performance
command: binary satoutput numConfigs:39 seed:48
command: learn-splconqueror
Learning: NumberOfConfigurationsLearning:39 NumberOfConfigurationsValidation:39
Learning progress:
1;3102.90322580645 * CompressionMethod + -1061.65322580645 * Deflate;18.4475955189672;18.4475955189672;18.4475955189672;18.4475955189672;0.042161;2;-1061.65322580645 * Deflate;1;1.79769313486232E+308;
2;2900.34482758621 * CompressionMethod + -859.094827586209 * Deflate + 3139.65517241379 * BZip2;15.1157537270442;15.1157537270442;15.1157537270442;15.1157537270442;0.050517;3;3139.65517241379 * BZip2;1;3.33184179192298;
3;3205 * CompressionMethod + -1163.75 * Deflate + 2835 * BZip2 + -981.666666666668 * PPMd;10.3868985635381;10.3868985635381;10.3868985635381;10.3868985635381;0.066636;4;-981.666666666668 * PPMd;1;4.7288551635061;
4;3750 * CompressionMethod + -1708.75 * Deflate + 2290 * BZip2 + -1526.66666666667 * PPMd + -605.555555555561 * LZMA;9.44480244998638;9.44480244998638;9.44480244998638;9.44480244998638;0.086039;5;-605.555555555561 * LZMA;1;0.942096113551747;
Elapsed=00:00:00.0875720
average model: 
command: analyze-learning
Round, Model, LearningError, LearningErrorRel, ValidationError, ValidationErrorRel, ElapsedSeconds, ModelComplexity, BestCandidate, BestCandidateSize, BestCandidateScore, TestError
Models:
Termination reason: abortError
1;3102.90322580645 * CompressionMethod + -1061.65322580645 * Deflate;18.4475955189672;18.4475955189672;18.4475955189672;18.4475955189672;0.042161;2;-1061.65322580645 * Deflate;1;1.79769313486232E+308;49.7181573166877
2;2900.34482758621 * CompressionMethod + -859.094827586209 * Deflate + 3139.65517241379 * BZip2;15.1157537270442;15.1157537270442;15.1157537270442;15.1157537270442;0.050517;3;3139.65517241379 * BZip2;1;3.33184179192298;43.7453995839218
3;3205 * CompressionMethod + -1163.75 * Deflate + 2835 * BZip2 + -981.666666666668 * PPMd;10.3868985635381;10.3868985635381;10.3868985635381;10.3868985635381;0.066636;4;-981.666666666668 * PPMd;1;4.7288551635061;41.4706313296605
4;3750 * CompressionMethod + -1708.75 * Deflate + 2290 * BZip2 + -1526.66666666667 * PPMd + -605.555555555561 * LZMA;9.44480244998638;9.44480244998638;9.44480244998638;9.44480244998638;0.086039;5;-605.555555555561 * LZMA;1;0.942096113551747;41.4770671374794
Analyze finished
command: clean-sampling
command: clean-global
command: script /scratch/kaltenec/Distribution-Aware-Sampling/Results_newTry/7z_disc/7z_disc_48/learn_semi_1.a
command: log /scratch/kaltenec/Distribution-Aware-Sampling/Results_newTry/7z_disc/7z_disc_48/out_semi_1.log
