Current machine learning settings: epsilon:0 lossFunction:RELATIVE parallelization:True bagging:False baggingNumbers:3 considerEpsilonTube:False baggingTestDataFraction:50 useBackward:False abortError:1 limitFeatureSize:False featureSizeTreshold:4 quadraticFunctionSupport:True crossValidation:False crossValidation-k:5 learn-logFunction:False learn-accumulatedLogFunction:False learn-asymFunction:False learn-ratioFunction:False learn-mirrowedFunction:False numberOfRounds:70 backwardErrorDelta:1 minImprovementPerRound:0.1 withHierarchy:False bruteForceCandidates:False ignoreBadFeatures:False stopOnLongRound:True candidateSizePenalty:True learnTimeLimit:00:00:00 scoreMeasure:RELERROR outputRoundsToStdout:False blacklisted: 
command: mlsettings bagging:False stopOnLongRound:False parallelization:True lossFunction:RELATIVE useBackward:False abortError:10 limitFeatureSize:False featureSizeTreshold:7 quadraticFunctionSupport:True crossValidation:False learn_logFunction:True numberOfRounds:70 backwardErrorDelta:1 minImprovementPerRound:0.25 withHierarchy:False
Current machine learning settings: epsilon:0 lossFunction:RELATIVE parallelization:True bagging:False baggingNumbers:3 considerEpsilonTube:False baggingTestDataFraction:50 useBackward:False abortError:10 limitFeatureSize:False featureSizeTreshold:7 quadraticFunctionSupport:True crossValidation:False crossValidation-k:5 learn-logFunction:True learn-accumulatedLogFunction:False learn-asymFunction:False learn-ratioFunction:False learn-mirrowedFunction:False numberOfRounds:70 backwardErrorDelta:1 minImprovementPerRound:0.25 withHierarchy:False bruteForceCandidates:False ignoreBadFeatures:False stopOnLongRound:False candidateSizePenalty:True learnTimeLimit:00:00:00 scoreMeasure:RELERROR outputRoundsToStdout:False blacklisted: 
command: solver z3
command: vm /scratch/kaltenec/Distribution-Aware-Sampling/DistOut/ConstraintData/7z_disc/FeatureModel.xml
command: all /scratch/kaltenec/Distribution-Aware-Sampling/DistOut/ConstraintData/7z_disc/measurements.xml
Configs with too large deviation: 0
68640 configurations loaded.
command: nfp Performance
command: hybrid distribution-aware distance-metric:manhattan distribution:uniform onlyBinary:true selection:SolverSelection optimization:None numConfigs:600 seed:14
command: learn-splconqueror
Learning: NumberOfConfigurationsLearning:600 NumberOfConfigurationsValidation:600
Learning progress:
1;7148.29659318643 * CompressionMethod + 909.921228595792 * Deflate;118.296596801419;118.296596801419;118.296596801419;118.296596801419;0.117117;2;909.921228595792 * Deflate;1;1.79769313486232E+308;
2;4277.36607136604 * CompressionMethod + 292.957746873662 * Deflate + 11742.5764785931 * x_8;53.2778613072016;53.2778613072016;53.2778613072016;53.2778613072016;0.387322;3;11742.5764785931 * x_8;1;65.0187354942173;
3;3628.63594098173 * CompressionMethod + 998.520313541369 * Deflate + 11551.2406097723 * x_8 + 3436.23080255351 * BZip2;40.7059231645561;40.7059231645561;40.7059231645561;40.7059231645561;0.880029;4;3436.23080255351 * BZip2;1;12.5719381426455;
4;2815.9520231941 * CompressionMethod + 1510.73017972536 * Deflate + 12133.5360906106 * x_8 + 4070.19036483633 * BZip2 + 12879.0147868184 * x_10;34.3786704324532;34.3786704324532;34.3786704324532;34.3786704324532;1.629078;5;12879.0147868184 * x_10;1;6.32725273210292;
5;3133.50046830791 * CompressionMethod + -514.536016139776 * Deflate + 10796.7341955622 * x_8 + 4162.94745186607 * BZip2 + 12653.523896062 * x_10 + 7093.63468560298 * x_8 * Deflate;24.0075952555648;24.0075952555648;24.0075952555648;24.0075952555648;2.844837;7;7093.63468560298 * x_8 * Deflate;2;5.1855375884442;
6;3315.982604899 * CompressionMethod + -694.563236095113 * Deflate + 13233.847217767 * x_8 + 3232.44052628144 * BZip2 + 12479.2248149236 * x_10 + 4654.06674676243 * x_8 * Deflate + -9691.49648933271 * x_8 * PPMd;18.2612535746579;18.2612535746579;18.2612535746579;18.2612535746579;4.344837;9;-9691.49648933271 * x_8 * PPMd;2;2.87317084045346;
7;3058.51789435072 * CompressionMethod + -748.037737737495 * Deflate + 13505.4305248441 * x_8 + 3190.54017529296 * BZip2 + 12739.1201846374 * x_10 + 4693.42265187606 * x_8 * Deflate + -9705.6150858615 * x_8 * PPMd + 7272.2628986077 * x_6;16.4250804381038;16.4250804381038;16.4250804381038;16.4250804381038;6.464787;10;7272.2628986077 * x_6;1;1.83617313655407;
8;3076.7460278165 * CompressionMethod + -845.403379737971 * Deflate + 13491.9803177111 * x_8 + 3176.36052295048 * BZip2 + 18349.8234629325 * x_10 + 4786.01036754382 * x_8 * Deflate + -9710.39301219416 * x_8 * PPMd + 7274.94950783121 * x_6 + -13748.7917129712 * x_10 * PPMd;14.3763524380185;14.3763524380185;14.3763524380185;14.3763524380185;9.014317;12;-13748.7917129712 * x_10 * PPMd;2;1.02436400004265;
9;3473.58459670731 * CompressionMethod + -1236.1562308706 * Deflate + 13198.2644507867 * x_8 + 2870.31895582423 * BZip2 + 17983.0428056674 * x_10 + 5073.64051670986 * x_8 * Deflate + -8509.93608245424 * x_8 * PPMd + 7253.18107330896 * x_6 + -12475.2699928904 * x_10 * PPMd + -1303.57963170645 * PPMd;11.6726748934386;11.6726748934386;11.6726748934386;11.6726748934386;12.269798;13;-1303.57963170645 * PPMd;1;2.70367754457991;
10;3416.50171137766 * CompressionMethod + -1245.74778733827 * Deflate + 13257.8786221099 * x_8 + 2862.80675223052 * BZip2 + 18040.863503033 * x_10 + 5080.70078718403 * x_8 * Deflate + -8788.30933372045 * x_8 * PPMd + 8811.8692967242 * x_6 + -12751.8497701991 * x_10 * PPMd + -1027.73766643381 * PPMd + -8267.30000833479 * x_6 * PPMd;10.0260664654861;10.0260664654861;10.0260664654861;10.0260664654861;16.467729;15;-8267.30000833479 * x_6 * PPMd;2;0.823304213976267;
11;3366.91198477172 * CompressionMethod + -1289.65543088667 * Deflate + 13212.6170273165 * x_8 + 3144.30099638329 * BZip2 + 18093.8307406811 * x_10 + 5219.45975213189 * x_8 * Deflate + -8743.04773892697 * x_8 * PPMd + 11006.9846444943 * x_6 + -12804.8170078471 * x_10 * PPMd + -978.147939827846 * PPMd + -10462.4153561048 * x_6 * PPMd + -9534.86429231587 * x_6 * BZip2;9.10389009355915;9.10389009355915;9.10389009355915;9.10389009355915;21.244656;17;-9534.86429231587 * x_6 * BZip2;2;0.46108818596345;
Elapsed=00:00:21.2505312
average model: 
command: analyze-learning
Round, Model, LearningError, LearningErrorRel, ValidationError, ValidationErrorRel, ElapsedSeconds, ModelComplexity, BestCandidate, BestCandidateSize, BestCandidateScore, TestError
Models:
Termination reason: abortError
1;7148.29659318643 * CompressionMethod + 909.921228595792 * Deflate;118.296596801419;118.296596801419;118.296596801419;118.296596801419;0.117117;2;909.921228595792 * Deflate;1;1.79769313486232E+308;106.942124847508
2;4277.36607136604 * CompressionMethod + 292.957746873662 * Deflate + 11742.5764785931 * x_8;53.2778613072016;53.2778613072016;53.2778613072016;53.2778613072016;0.387322;3;11742.5764785931 * x_8;1;65.0187354942173;61.7105815239789
3;3628.63594098173 * CompressionMethod + 998.520313541369 * Deflate + 11551.2406097723 * x_8 + 3436.23080255351 * BZip2;40.7059231645561;40.7059231645561;40.7059231645561;40.7059231645561;0.880029;4;3436.23080255351 * BZip2;1;12.5719381426455;51.7337277697946
4;2815.9520231941 * CompressionMethod + 1510.73017972536 * Deflate + 12133.5360906106 * x_8 + 4070.19036483633 * BZip2 + 12879.0147868184 * x_10;34.3786704324532;34.3786704324532;34.3786704324532;34.3786704324532;1.629078;5;12879.0147868184 * x_10;1;6.32725273210292;42.5150901246198
5;3133.50046830791 * CompressionMethod + -514.536016139776 * Deflate + 10796.7341955622 * x_8 + 4162.94745186607 * BZip2 + 12653.523896062 * x_10 + 7093.63468560298 * x_8 * Deflate;24.0075952555648;24.0075952555648;24.0075952555648;24.0075952555648;2.844837;7;7093.63468560298 * x_8 * Deflate;2;5.1855375884442;34.4755166698657
6;3315.982604899 * CompressionMethod + -694.563236095113 * Deflate + 13233.847217767 * x_8 + 3232.44052628144 * BZip2 + 12479.2248149236 * x_10 + 4654.06674676243 * x_8 * Deflate + -9691.49648933271 * x_8 * PPMd;18.2612535746579;18.2612535746579;18.2612535746579;18.2612535746579;4.344837;9;-9691.49648933271 * x_8 * PPMd;2;2.87317084045346;30.2642394652185
7;3058.51789435072 * CompressionMethod + -748.037737737495 * Deflate + 13505.4305248441 * x_8 + 3190.54017529296 * BZip2 + 12739.1201846374 * x_10 + 4693.42265187606 * x_8 * Deflate + -9705.6150858615 * x_8 * PPMd + 7272.2628986077 * x_6;16.4250804381038;16.4250804381038;16.4250804381038;16.4250804381038;6.464787;10;7272.2628986077 * x_6;1;1.83617313655407;34.8184310054764
8;3076.7460278165 * CompressionMethod + -845.403379737971 * Deflate + 13491.9803177111 * x_8 + 3176.36052295048 * BZip2 + 18349.8234629325 * x_10 + 4786.01036754382 * x_8 * Deflate + -9710.39301219416 * x_8 * PPMd + 7274.94950783121 * x_6 + -13748.7917129712 * x_10 * PPMd;14.3763524380185;14.3763524380185;14.3763524380185;14.3763524380185;9.014317;12;-13748.7917129712 * x_10 * PPMd;2;1.02436400004265;30.9640937775962
9;3473.58459670731 * CompressionMethod + -1236.1562308706 * Deflate + 13198.2644507867 * x_8 + 2870.31895582423 * BZip2 + 17983.0428056674 * x_10 + 5073.64051670986 * x_8 * Deflate + -8509.93608245424 * x_8 * PPMd + 7253.18107330896 * x_6 + -12475.2699928904 * x_10 * PPMd + -1303.57963170645 * PPMd;11.6726748934386;11.6726748934386;11.6726748934386;11.6726748934386;12.269798;13;-1303.57963170645 * PPMd;1;2.70367754457991;27.3479858784085
10;3416.50171137766 * CompressionMethod + -1245.74778733827 * Deflate + 13257.8786221099 * x_8 + 2862.80675223052 * BZip2 + 18040.863503033 * x_10 + 5080.70078718403 * x_8 * Deflate + -8788.30933372045 * x_8 * PPMd + 8811.8692967242 * x_6 + -12751.8497701991 * x_10 * PPMd + -1027.73766643381 * PPMd + -8267.30000833479 * x_6 * PPMd;10.0260664654861;10.0260664654861;10.0260664654861;10.0260664654861;16.467729;15;-8267.30000833479 * x_6 * PPMd;2;0.823304213976267;19.6899805660328
11;3366.91198477172 * CompressionMethod + -1289.65543088667 * Deflate + 13212.6170273165 * x_8 + 3144.30099638329 * BZip2 + 18093.8307406811 * x_10 + 5219.45975213189 * x_8 * Deflate + -8743.04773892697 * x_8 * PPMd + 11006.9846444943 * x_6 + -12804.8170078471 * x_10 * PPMd + -978.147939827846 * PPMd + -10462.4153561048 * x_6 * PPMd + -9534.86429231587 * x_6 * BZip2;9.10389009355915;9.10389009355915;9.10389009355915;9.10389009355915;21.244656;17;-9534.86429231587 * x_6 * BZip2;2;0.46108818596345;16.2505878362815
Analyze finished
command: printconfigs /scratch/kaltenec/Distribution-Aware-Sampling/Results_newTry/7z_disc/7z_disc_14/sampledConfigurations_solv_1.csv
command: clean-sampling
command: clean-global
command: script /scratch/kaltenec/Distribution-Aware-Sampling/Results_newTry/7z_disc/7z_disc_14/learn_solv_2.a
command: log /scratch/kaltenec/Distribution-Aware-Sampling/Results_newTry/7z_disc/7z_disc_14/out_solv_2.log
