Current machine learning settings: epsilon:0 lossFunction:RELATIVE parallelization:True bagging:False baggingNumbers:3 baggingTestDataFraction:50 useBackward:False abortError:1 limitFeatureSize:False featureSizeTreshold:4 quadraticFunctionSupport:True crossValidation:False crossValidation-k:5 learn-logFunction:False learn-accumulatedLogFunction:False learn-asymFunction:False learn-ratioFunction:False learn-mirrowedFunction:False numberOfRounds:70 backwardErrorDelta:1 minImprovementPerRound:0.1 withHierarchy:False bruteForceCandidates:False ignoreBadFeatures:False stopOnLongRound:True candidateSizePenalty:True learnTimeLimit:00:00:00 scoreMeasure:RELERROR outputRoundsToStdout:False blacklisted: 
command: mlsettings bagging:False stopOnLongRound:False parallelization:True lossFunction:RELATIVE useBackward:False abortError:10 limitFeatureSize:False featureSizeTreshold:7 quadraticFunctionSupport:True crossValidation:False learn_logFunction:True numberOfRounds:70 backwardErrorDelta:1 minImprovementPerRound:0.25 withHierarchy:False
Current machine learning settings: epsilon:0 lossFunction:RELATIVE parallelization:True bagging:False baggingNumbers:3 baggingTestDataFraction:50 useBackward:False abortError:10 limitFeatureSize:False featureSizeTreshold:7 quadraticFunctionSupport:True crossValidation:False crossValidation-k:5 learn-logFunction:True learn-accumulatedLogFunction:False learn-asymFunction:False learn-ratioFunction:False learn-mirrowedFunction:False numberOfRounds:70 backwardErrorDelta:1 minImprovementPerRound:0.25 withHierarchy:False bruteForceCandidates:False ignoreBadFeatures:False stopOnLongRound:False candidateSizePenalty:True learnTimeLimit:00:00:00 scoreMeasure:RELERROR outputRoundsToStdout:False blacklisted: 
command: solver z3
command: vm /scratch/kaltenec/Distribution-Aware-Sampling/DistOut/ConstraintData/JavaGC_disc/FeatureModel.xml
command: all /scratch/kaltenec/Distribution-Aware-Sampling/DistOut/ConstraintData/JavaGC_disc/measurements.xml
Configs with too large deviation: 0
193536 configurations loaded.
command: nfp Performance
command: hybrid distribution-aware distance-metric:manhattan distribution:uniform onlyBinary:true selection:SolverSelection  numConfigs:32 seed:39
command: learn-splconqueror
Learning: NumberOfConfigurationsLearning:32 NumberOfConfigurationsValidation:32
Learning progress:
1;41.6827904761904 * MaxTenuringThreshold + 36.8127332571429 * DisableExplicitGC;108.013613854903;108.013613854903;108.013613854903;108.013613854903;0.047956;2;36.8127332571429 * DisableExplicitGC;1;1.79769313486232E+308;
2;41.6827904761905 * MaxTenuringThreshold + 4.60658095238096 * DisableExplicitGC + 201.288451904762 * NewRatio_32;38.0132929769078;38.0132929769078;38.0132929769078;38.0132929769078;0.078588;3;201.288451904762 * NewRatio_32;1;70.0003208779955;
3;41.6827904761905 * MaxTenuringThreshold + -10.200615037594 * DisableExplicitGC + 216.095647894737 * NewRatio_32 + 155.475557894737 * NewRatio_16;10.7731882818386;10.7731882818386;10.7731882818386;10.7731882818386;0.131298;4;155.475557894737 * NewRatio_16;1;27.2401046950692;
4;41.6827904761904 * MaxTenuringThreshold + -12.9514714285713 * DisableExplicitGC + 218.846504285714 * NewRatio_32 + 158.226414285714 * NewRatio_16 + 10.4532542857143 * NewRatio_2;8.07300923948837;8.07300923948837;8.07300923948837;8.07300923948837;0.206481;5;10.4532542857143 * NewRatio_2;1;2.70017904235025;
Elapsed=00:00:00.2083579
average model: 
command: analyze-learning
Round, Model, LearningError, LearningErrorRel, ValidationError, ValidationErrorRel, ElapsedSeconds, ModelComplexity, BestCandidate, BestCandidateSize, BestCandidateScore, TestError
Models:
Termination reason: abortError
1;41.6827904761904 * MaxTenuringThreshold + 36.8127332571429 * DisableExplicitGC;108.013613854903;108.013613854903;108.013613854903;108.013613854903;0.047956;2;36.8127332571429 * DisableExplicitGC;1;1.79769313486232E+308;76.5174055691283
2;41.6827904761905 * MaxTenuringThreshold + 4.60658095238096 * DisableExplicitGC + 201.288451904762 * NewRatio_32;38.0132929769078;38.0132929769078;38.0132929769078;38.0132929769078;0.078588;3;201.288451904762 * NewRatio_32;1;70.0003208779955;65.8292835608479
3;41.6827904761905 * MaxTenuringThreshold + -10.200615037594 * DisableExplicitGC + 216.095647894737 * NewRatio_32 + 155.475557894737 * NewRatio_16;10.7731882818386;10.7731882818386;10.7731882818386;10.7731882818386;0.131298;4;155.475557894737 * NewRatio_16;1;27.2401046950692;85.1916246338654
4;41.6827904761904 * MaxTenuringThreshold + -12.9514714285713 * DisableExplicitGC + 218.846504285714 * NewRatio_32 + 158.226414285714 * NewRatio_16 + 10.4532542857143 * NewRatio_2;8.07300923948837;8.07300923948837;8.07300923948837;8.07300923948837;0.206481;5;10.4532542857143 * NewRatio_2;1;2.70017904235025;88.5285037850898
Analyze finished
command: measurementstocsv /scratch/kaltenec/Distribution-Aware-Sampling/Results_test/JavaGC_disc/JavaGC_disc_39/sampledConfigurations_solv_0.csv
command: clean-sampling
command: clean-global
command: script /scratch/kaltenec/Distribution-Aware-Sampling/Results_test/JavaGC_disc/JavaGC_disc_39/learn_solv_1.a
command: log /scratch/kaltenec/Distribution-Aware-Sampling/Results_test/JavaGC_disc/JavaGC_disc_39/out_solv_1.log
