Current machine learning settings: epsilon:0 lossFunction:RELATIVE parallelization:True bagging:False baggingNumbers:3 baggingTestDataFraction:50 useBackward:False abortError:1 limitFeatureSize:False featureSizeTreshold:4 quadraticFunctionSupport:True crossValidation:False crossValidation-k:5 learn-logFunction:False learn-accumulatedLogFunction:False learn-asymFunction:False learn-ratioFunction:False learn-mirrowedFunction:False numberOfRounds:70 backwardErrorDelta:1 minImprovementPerRound:0.1 withHierarchy:False bruteForceCandidates:False ignoreBadFeatures:False stopOnLongRound:True candidateSizePenalty:True learnTimeLimit:00:00:00 scoreMeasure:RELERROR outputRoundsToStdout:False blacklisted: 
command: mlsettings bagging:False stopOnLongRound:False parallelization:True lossFunction:RELATIVE useBackward:False abortError:10 limitFeatureSize:False featureSizeTreshold:7 quadraticFunctionSupport:True crossValidation:False learn_logFunction:True numberOfRounds:70 backwardErrorDelta:1 minImprovementPerRound:0.25 withHierarchy:False
Current machine learning settings: epsilon:0 lossFunction:RELATIVE parallelization:True bagging:False baggingNumbers:3 baggingTestDataFraction:50 useBackward:False abortError:10 limitFeatureSize:False featureSizeTreshold:7 quadraticFunctionSupport:True crossValidation:False crossValidation-k:5 learn-logFunction:True learn-accumulatedLogFunction:False learn-asymFunction:False learn-ratioFunction:False learn-mirrowedFunction:False numberOfRounds:70 backwardErrorDelta:1 minImprovementPerRound:0.25 withHierarchy:False bruteForceCandidates:False ignoreBadFeatures:False stopOnLongRound:False candidateSizePenalty:True learnTimeLimit:00:00:00 scoreMeasure:RELERROR outputRoundsToStdout:False blacklisted: 
command: solver z3
command: vm /scratch/kaltenec/Distribution-Aware-Sampling/DistOut/ConstraintData/Dune_disc/FeatureModel.xml
Warning: Variability model contains outdated notation. Children nodes will no longer have effect on the model. Instead use the parent node to describe the parent of an configuration option. You can also use the converter providedby the Variability Model GUI in export>convert legacy model.
Warning: Default value nodes in models are no longer used and should be removed. You can also use the converter provided by the Variability Model GUI in export>convert legacy model to update your model.
command: all /scratch/kaltenec/Distribution-Aware-Sampling/DistOut/ConstraintData/Dune_disc/measurements.xml
Configs with too large deviation: 0
2304 configurations loaded.
command: nfp Performance
command: hybrid distribution-aware distance-metric:manhattan distribution:uniform onlyBinary:true selection:SolverSelection number-weight-optimization:1-1 numConfigs:1071 seed:25
command: learn-splconqueror
Learning: NumberOfConfigurationsLearning:1071 NumberOfConfigurationsValidation:1071
Learning progress:
1;10842.2699901668 * Precon + 94.9800974756436 * BiCGSTABSolver;19.8558501414396;19.8558501414396;19.8558501414396;19.8558501414396;0.133489;2;94.9800974756436 * BiCGSTABSolver;1;1.79769313486232E+308;
2;10114.126814052 * Precon + 68.4889418315744 * BiCGSTABSolver + 5125.22483652909 * post_0;17.5095307077653;17.5095307077653;17.5095307077653;17.5095307077653;0.433701;3;5125.22483652909 * post_0;1;2.34631943367431;
3;10398.3608202761 * Precon + 153.075865519133 * BiCGSTABSolver + 5222.26640357294 * post_0 + -2081.56030615487 * cells_50;16.3345398067675;16.3345398067675;16.3345398067675;16.3345398067675;0.98488;4;-2081.56030615487 * cells_50;1;1.17499090099785;
4;10817.1313010538 * Precon + -111.430930736255 * BiCGSTABSolver + 5249.16313421228 * post_0 + -2455.61079506313 * cells_50 + -1821.12343065524 * cells_51;15.3993060463007;15.3993060463007;15.3993060463007;15.3993060463007;1.816804;5;-1821.12343065524 * cells_51;1;0.935233760466723;
5;10404.4308631026 * Precon + -113.085155063733 * BiCGSTABSolver + 5280.50925142812 * post_0 + -2391.85345619285 * cells_50 + -1845.3116322091 * cells_51 + 1121.86704456139 * SeqSOR;14.5494671034447;14.5494671034447;14.5494671034447;14.5494671034447;3.023314;6;1121.86704456139 * SeqSOR;1;0.849838942856024;
6;9811.25638818712 * Precon + -164.577617233099 * BiCGSTABSolver + 5869.93316754554 * post_0 + -2317.44077830408 * cells_50 + -1853.66255292934 * cells_51 + 1119.62219572932 * SeqSOR + 3555.96660077508 * post_1;14.1304394667974;14.1304394667974;14.1304394667974;14.1304394667974;4.82748;7;3555.96660077508 * post_1;1;0.419027636647282;
7;10263.9019778158 * Precon + -227.508244707744 * BiCGSTABSolver + 5879.93296545792 * post_0 + -2737.16374565672 * cells_50 + -2276.33316194827 * cells_51 + 1050.45426176516 * SeqSOR + 3541.20522629378 * post_1 + -1669.60405985832 * cells_52;13.3073786097407;13.3073786097407;13.3073786097407;13.3073786097407;7.200781;8;-1669.60405985832 * cells_52;1;0.823060857056763;
8;10266.1087302579 * Precon + -228.622807947831 * BiCGSTABSolver + 5877.07962968448 * post_0 + -2669.50079468836 * cells_50 + -2303.86729545758 * cells_51 + 1057.44526536284 * SeqSOR + 1851.55635323928 * post_1 + -1726.48943009212 * cells_52 + 10348.9002503575 * post_1 * pre_0;12.5409189312445;12.5409189312445;12.5409189312445;12.5409189312445;10.185353;10;10348.9002503575 * post_1 * pre_0;2;0.383229839248076;
9;10244.1969872862 * Precon + 265.673461143586 * BiCGSTABSolver + 3028.67724015622 * post_0 + -2781.07305828619 * cells_50 + -2335.70156504232 * cells_51 + 940.552363468856 * SeqSOR + 1844.04183233889 * post_1 + -1651.02827032504 * cells_52 + 10341.5209589082 * post_1 * pre_0 + 7918.12574562604 * post_0 * CGSolver;11.8905344200846;11.8905344200846;11.8905344200846;11.8905344200846;13.796014;12;7918.12574562604 * post_0 * CGSolver;2;0.325192255579937;
10;10212.0351550642 * Precon + 272.251618070927 * BiCGSTABSolver + 3026.45023148703 * post_0 + -2722.26550749857 * cells_50 + -2281.10227891738 * cells_51 + 944.063930847926 * SeqSOR + 1845.47531854003 * post_1 + -1582.30170111979 * cells_52 + 10340.5628604352 * post_1 * pre_0 + 3330.22972839894 * post_0 * CGSolver + 25230.6444686772 * post_0 * CGSolver * pre_1;10.574602927393;10.574602927393;10.574602927393;10.574602927393;18.270993;15;25230.6444686772 * post_0 * CGSolver * pre_1;3;0.438643830897217;
11;10351.541886163 * Precon + 300.122783213564 * BiCGSTABSolver + 2879.08929764111 * post_0 + -2718.28144999725 * cells_50 + -2272.11181720306 * cells_51 + 935.649542545375 * SeqSOR + 1701.18438748581 * post_1 + -1574.89921214079 * cells_52 + 10340.3195390179 * post_1 * pre_0 + 3337.57946144428 * post_0 * CGSolver + 25231.1795409591 * post_0 * CGSolver * pre_1 + -715.484418703013 * post_6;10.2247918117046;10.2247918117046;10.2247918117046;10.2247918117046;23.567664;16;-715.484418703013 * post_6;1;0.349811115688343;
12;10668.0523962196 * Precon + 307.372269622785 * BiCGSTABSolver + 2909.14597540275 * post_0 + -3046.96873409641 * cells_50 + -2601.29076138763 * cells_51 + 966.317732132231 * SeqSOR + 1682.59163604484 * post_1 + -1903.13430731284 * cells_52 + 10361.9235899561 * post_1 * pre_0 + 3303.99232734613 * post_0 * CGSolver + 25244.2734516095 * post_0 * CGSolver * pre_1 + -713.600667700616 * post_6 + -869.722425157199 * cells_53;9.96499147670005;9.96499147670005;9.96499147670005;9.96499147670005;29.774014;17;-869.722425157199 * cells_53;1;0.25980033500459;
Elapsed=00:00:29.7874772
average model: 
command: analyze-learning
Round, Model, LearningError, LearningErrorRel, ValidationError, ValidationErrorRel, ElapsedSeconds, ModelComplexity, BestCandidate, BestCandidateSize, BestCandidateScore, TestError
Models:
Termination reason: abortError
1;10842.2699901668 * Precon + 94.9800974756436 * BiCGSTABSolver;19.8558501414396;19.8558501414396;19.8558501414396;19.8558501414396;0.133489;2;94.9800974756436 * BiCGSTABSolver;1;1.79769313486232E+308;19.3726085576569
2;10114.126814052 * Precon + 68.4889418315744 * BiCGSTABSolver + 5125.22483652909 * post_0;17.5095307077653;17.5095307077653;17.5095307077653;17.5095307077653;0.433701;3;5125.22483652909 * post_0;1;2.34631943367431;16.6164037707451
3;10398.3608202761 * Precon + 153.075865519133 * BiCGSTABSolver + 5222.26640357294 * post_0 + -2081.56030615487 * cells_50;16.3345398067675;16.3345398067675;16.3345398067675;16.3345398067675;0.98488;4;-2081.56030615487 * cells_50;1;1.17499090099785;15.4690879309829
4;10817.1313010538 * Precon + -111.430930736255 * BiCGSTABSolver + 5249.16313421228 * post_0 + -2455.61079506313 * cells_50 + -1821.12343065524 * cells_51;15.3993060463007;15.3993060463007;15.3993060463007;15.3993060463007;1.816804;5;-1821.12343065524 * cells_51;1;0.935233760466723;14.6518729405086
5;10404.4308631026 * Precon + -113.085155063733 * BiCGSTABSolver + 5280.50925142812 * post_0 + -2391.85345619285 * cells_50 + -1845.3116322091 * cells_51 + 1121.86704456139 * SeqSOR;14.5494671034447;14.5494671034447;14.5494671034447;14.5494671034447;3.023314;6;1121.86704456139 * SeqSOR;1;0.849838942856024;14.278120487573
6;9811.25638818712 * Precon + -164.577617233099 * BiCGSTABSolver + 5869.93316754554 * post_0 + -2317.44077830408 * cells_50 + -1853.66255292934 * cells_51 + 1119.62219572932 * SeqSOR + 3555.96660077508 * post_1;14.1304394667974;14.1304394667974;14.1304394667974;14.1304394667974;4.82748;7;3555.96660077508 * post_1;1;0.419027636647282;14.3623937596337
7;10263.9019778158 * Precon + -227.508244707744 * BiCGSTABSolver + 5879.93296545792 * post_0 + -2737.16374565672 * cells_50 + -2276.33316194827 * cells_51 + 1050.45426176516 * SeqSOR + 3541.20522629378 * post_1 + -1669.60405985832 * cells_52;13.3073786097407;13.3073786097407;13.3073786097407;13.3073786097407;7.200781;8;-1669.60405985832 * cells_52;1;0.823060857056763;13.770675462622
8;10266.1087302579 * Precon + -228.622807947831 * BiCGSTABSolver + 5877.07962968448 * post_0 + -2669.50079468836 * cells_50 + -2303.86729545758 * cells_51 + 1057.44526536284 * SeqSOR + 1851.55635323928 * post_1 + -1726.48943009212 * cells_52 + 10348.9002503575 * post_1 * pre_0;12.5409189312445;12.5409189312445;12.5409189312445;12.5409189312445;10.185353;10;10348.9002503575 * post_1 * pre_0;2;0.383229839248076;12.5597819370033
9;10244.1969872862 * Precon + 265.673461143586 * BiCGSTABSolver + 3028.67724015622 * post_0 + -2781.07305828619 * cells_50 + -2335.70156504232 * cells_51 + 940.552363468856 * SeqSOR + 1844.04183233889 * post_1 + -1651.02827032504 * cells_52 + 10341.5209589082 * post_1 * pre_0 + 7918.12574562604 * post_0 * CGSolver;11.8905344200846;11.8905344200846;11.8905344200846;11.8905344200846;13.796014;12;7918.12574562604 * post_0 * CGSolver;2;0.325192255579937;11.7903312984254
10;10212.0351550642 * Precon + 272.251618070927 * BiCGSTABSolver + 3026.45023148703 * post_0 + -2722.26550749857 * cells_50 + -2281.10227891738 * cells_51 + 944.063930847926 * SeqSOR + 1845.47531854003 * post_1 + -1582.30170111979 * cells_52 + 10340.5628604352 * post_1 * pre_0 + 3330.22972839894 * post_0 * CGSolver + 25230.6444686772 * post_0 * CGSolver * pre_1;10.574602927393;10.574602927393;10.574602927393;10.574602927393;18.270993;15;25230.6444686772 * post_0 * CGSolver * pre_1;3;0.438643830897217;10.9710597293427
11;10351.541886163 * Precon + 300.122783213564 * BiCGSTABSolver + 2879.08929764111 * post_0 + -2718.28144999725 * cells_50 + -2272.11181720306 * cells_51 + 935.649542545375 * SeqSOR + 1701.18438748581 * post_1 + -1574.89921214079 * cells_52 + 10340.3195390179 * post_1 * pre_0 + 3337.57946144428 * post_0 * CGSolver + 25231.1795409591 * post_0 * CGSolver * pre_1 + -715.484418703013 * post_6;10.2247918117046;10.2247918117046;10.2247918117046;10.2247918117046;23.567664;16;-715.484418703013 * post_6;1;0.349811115688343;10.5018620934696
12;10668.0523962196 * Precon + 307.372269622785 * BiCGSTABSolver + 2909.14597540275 * post_0 + -3046.96873409641 * cells_50 + -2601.29076138763 * cells_51 + 966.317732132231 * SeqSOR + 1682.59163604484 * post_1 + -1903.13430731284 * cells_52 + 10361.9235899561 * post_1 * pre_0 + 3303.99232734613 * post_0 * CGSolver + 25244.2734516095 * post_0 * CGSolver * pre_1 + -713.600667700616 * post_6 + -869.722425157199 * cells_53;9.96499147670005;9.96499147670005;9.96499147670005;9.96499147670005;29.774014;17;-869.722425157199 * cells_53;1;0.25980033500459;10.3025906162511
Analyze finished
command: measurementstocsv /scratch/kaltenec/Distribution-Aware-Sampling/Results_opt/Dune_disc/Dune_disc_25/sampledConfigurations_solv_2.csv
command: clean-sampling
command: clean-global
