Current machine learning settings: epsilon:0 lossFunction:RELATIVE parallelization:True bagging:False baggingNumbers:3 baggingTestDataFraction:50 useBackward:False abortError:1 limitFeatureSize:False featureSizeTreshold:4 quadraticFunctionSupport:True crossValidation:False crossValidation-k:5 learn-logFunction:False learn-accumulatedLogFunction:False learn-asymFunction:False learn-ratioFunction:False learn-mirrowedFunction:False numberOfRounds:70 backwardErrorDelta:1 minImprovementPerRound:0.1 withHierarchy:False bruteForceCandidates:False ignoreBadFeatures:False stopOnLongRound:True candidateSizePenalty:True learnTimeLimit:00:00:00 scoreMeasure:RELERROR outputRoundsToStdout:False blacklisted: 
command: mlsettings bagging:False stopOnLongRound:False parallelization:True lossFunction:RELATIVE useBackward:False abortError:10 limitFeatureSize:False featureSizeTreshold:7 quadraticFunctionSupport:True crossValidation:False learn_logFunction:True numberOfRounds:70 backwardErrorDelta:1 minImprovementPerRound:0.25 withHierarchy:False
Current machine learning settings: epsilon:0 lossFunction:RELATIVE parallelization:True bagging:False baggingNumbers:3 baggingTestDataFraction:50 useBackward:False abortError:10 limitFeatureSize:False featureSizeTreshold:7 quadraticFunctionSupport:True crossValidation:False crossValidation-k:5 learn-logFunction:True learn-accumulatedLogFunction:False learn-asymFunction:False learn-ratioFunction:False learn-mirrowedFunction:False numberOfRounds:70 backwardErrorDelta:1 minImprovementPerRound:0.25 withHierarchy:False bruteForceCandidates:False ignoreBadFeatures:False stopOnLongRound:False candidateSizePenalty:True learnTimeLimit:00:00:00 scoreMeasure:RELERROR outputRoundsToStdout:False blacklisted: 
command: solver z3
command: vm /scratch/kaltenec/Distribution-Aware-Sampling/DistOut/ConstraintData/7z_disc/FeatureModel.xml
command: all /scratch/kaltenec/Distribution-Aware-Sampling/DistOut/ConstraintData/7z_disc/measurements.xml
Configs with too large deviation: 0
68640 configurations loaded.
command: nfp Performance
command: hybrid distribution-aware distance-metric:manhattan distribution:uniform onlyBinary:true selection:SolverSelection  numConfigs:39 seed:76
command: learn-splconqueror
Learning: NumberOfConfigurationsLearning:39 NumberOfConfigurationsValidation:39
Learning progress:
1;10826.7567567568 * CompressionMethod + -7716.75675675676 * BlockSize_1;157.496610089152;157.496610089152;157.496610089152;157.496610089152;0.194483;2;-7716.75675675676 * BlockSize_1;1;1.79769313486232E+308;
2;2925 * CompressionMethod + 184.999999999991 * BlockSize_1 + 11694.6 * mtOff;88.001721633782;88.001721633782;88.001721633782;88.001721633782;0.241648;3;11694.6 * mtOff;1;69.4948884553697;
3;2925 * CompressionMethod + 184.999999999996 * BlockSize_1 + 14354 * mtOff + -13297 * x_4;53.0133027337156;53.0133027337156;53.0133027337156;53.0133027337156;0.321894;4;-13297 * x_4;1;34.9884189000664;
4;18992.619047619 * CompressionMethod + 185.000000000013 * BlockSize_1 + 3106.66666666666 * mtOff + -18117.2857142857 * x_4 + -16067.619047619 * x_0;31.5322381211813;31.5322381211813;31.5322381211813;31.5322381211813;0.429789;5;-16067.619047619 * x_0;1;21.4810646125343;
5;19485.1190476191 * CompressionMethod + -307.499999999988 * BlockSize_1 + 2614.16666666666 * mtOff + -18117.2857142857 * x_4 + -16067.619047619 * x_0 + -1477.49999999999 * x_0 * Deflate;27.7573334757671;27.7573334757671;27.7573334757671;27.7573334757671;0.574934;7;-1477.49999999999 * x_0 * Deflate;2;1.88745232270711;
6;19485.119047619 * CompressionMethod + -307.500000000008 * BlockSize_1 + 2614.16666666668 * mtOff + -19191.7857142857 * x_4 + -16067.619047619 * x_0 + -1477.50000000001 * x_0 * Deflate + 5372.49999999999 * x_4 * BZip2;24.2174870953213;24.2174870953213;24.2174870953213;24.2174870953213;0.909845;9;5372.49999999999 * x_4 * BZip2;2;1.7699231902229;
7;60315.8333333334 * CompressionMethod + -307.500000000048 * BlockSize_1 + -41357.3717948718 * mtOff + -16050.9615384616 * x_4 + -56898.3333333334 * x_0 + -1477.5 * x_0 * Deflate + -38599.0384615385 * x_4 * BZip2 + 43971.5384615385 * mtOff * BZip2;16.6203926619417;16.6203926619417;16.6203926619417;16.6203926619417;1.312415;11;43971.5384615385 * mtOff * BZip2;2;3.79854721668979;
8;59909.7619047619 * CompressionMethod + 98.571428571445 * BlockSize_1 + -40951.3003663003 * mtOff + -16050.9615384615 * x_4 + -56898.3333333333 * x_0 + -1071.42857142857 * x_0 * Deflate + -38599.0384615384 * x_4 * BZip2 + 40722.967032967 * mtOff * BZip2 + 3248.57142857142 * BZip2;14.4236729137663;14.4236729137663;14.4236729137663;14.4236729137663;1.863892;12;3248.57142857142 * BZip2;1;2.19671974817538;
9;60088.3333333333 * CompressionMethod + -79.9999999999909 * BlockSize_1 + -41129.8717948717 * mtOff + -16050.9615384616 * x_4 + -56898.3333333333 * x_0 + -1249.99999999995 * x_0 * Deflate + -38599.0384615384 * x_4 * BZip2 + 40901.5384615384 * mtOff * BZip2 + 3070 * BZip2 + -1249.99999999999 * x_0 * PPMd;12.7805408323393;12.7805408323393;12.7805408323393;12.7805408323393;2.392789;14;-1249.99999999999 * x_0 * PPMd;2;0.821566040713527;
10;60088.3333333334 * CompressionMethod + -79.9999999999752 * BlockSize_1 + -41129.8717948718 * mtOff + -15805.1282051282 * x_4 + -56898.3333333334 * x_0 + -1249.99999999999 * x_0 * Deflate + -38844.8717948718 * x_4 * BZip2 + 40901.5384615385 * mtOff * BZip2 + 3069.99999999999 * BZip2 + -1250.00000000002 * x_0 * PPMd + -983.333333333339 * x_4 * Deflate;11.8082418786768;11.8082418786768;11.8082418786768;11.8082418786768;2.983783;16;-983.333333333339 * x_4 * Deflate;2;0.486149476831264;
11;60088.3333333335 * CompressionMethod + -80.0000000000204 * BlockSize_1 + -43329.1666666668 * mtOff + -13605.8333333334 * x_4 + -56898.3333333334 * x_0 + -29840.8333333334 * x_0 * Deflate + -41044.1666666666 * x_4 * BZip2 + 43100.8333333333 * mtOff * BZip2 + 3070.00000000004 * BZip2 + -1249.99999999999 * x_0 * PPMd + -29574.1666666667 * x_4 * Deflate + 28590.8333333334 * Deflate;9.31188310050292;9.31188310050292;9.31188310050292;9.31188310050292;3.352979;17;28590.8333333334 * Deflate;1;2.49635877817384;
Elapsed=00:00:03.3555024
average model: 
command: analyze-learning
Round, Model, LearningError, LearningErrorRel, ValidationError, ValidationErrorRel, ElapsedSeconds, ModelComplexity, BestCandidate, BestCandidateSize, BestCandidateScore, TestError
Models:
Termination reason: abortError
1;10826.7567567568 * CompressionMethod + -7716.75675675676 * BlockSize_1;157.496610089152;157.496610089152;157.496610089152;157.496610089152;0.194483;2;-7716.75675675676 * BlockSize_1;1;1.79769313486232E+308;160.961260235033
2;2925 * CompressionMethod + 184.999999999991 * BlockSize_1 + 11694.6 * mtOff;88.001721633782;88.001721633782;88.001721633782;88.001721633782;0.241648;3;11694.6 * mtOff;1;69.4948884553697;145.415011873381
3;2925 * CompressionMethod + 184.999999999996 * BlockSize_1 + 14354 * mtOff + -13297 * x_4;53.0133027337156;53.0133027337156;53.0133027337156;53.0133027337156;0.321894;4;-13297 * x_4;1;34.9884189000664;169.857835663944
4;18992.619047619 * CompressionMethod + 185.000000000013 * BlockSize_1 + 3106.66666666666 * mtOff + -18117.2857142857 * x_4 + -16067.619047619 * x_0;31.5322381211813;31.5322381211813;31.5322381211813;31.5322381211813;0.429789;5;-16067.619047619 * x_0;1;21.4810646125343;179.234685530752
5;19485.1190476191 * CompressionMethod + -307.499999999988 * BlockSize_1 + 2614.16666666666 * mtOff + -18117.2857142857 * x_4 + -16067.619047619 * x_0 + -1477.49999999999 * x_0 * Deflate;27.7573334757671;27.7573334757671;27.7573334757671;27.7573334757671;0.574934;7;-1477.49999999999 * x_0 * Deflate;2;1.88745232270711;177.822371398823
6;19485.119047619 * CompressionMethod + -307.500000000008 * BlockSize_1 + 2614.16666666668 * mtOff + -19191.7857142857 * x_4 + -16067.619047619 * x_0 + -1477.50000000001 * x_0 * Deflate + 5372.49999999999 * x_4 * BZip2;24.2174870953213;24.2174870953213;24.2174870953213;24.2174870953213;0.909845;9;5372.49999999999 * x_4 * BZip2;2;1.7699231902229;177.537493015664
7;60315.8333333334 * CompressionMethod + -307.500000000048 * BlockSize_1 + -41357.3717948718 * mtOff + -16050.9615384616 * x_4 + -56898.3333333334 * x_0 + -1477.5 * x_0 * Deflate + -38599.0384615385 * x_4 * BZip2 + 43971.5384615385 * mtOff * BZip2;16.6203926619417;16.6203926619417;16.6203926619417;16.6203926619417;1.312415;11;43971.5384615385 * mtOff * BZip2;2;3.79854721668979;599.216141094804
8;59909.7619047619 * CompressionMethod + 98.571428571445 * BlockSize_1 + -40951.3003663003 * mtOff + -16050.9615384615 * x_4 + -56898.3333333333 * x_0 + -1071.42857142857 * x_0 * Deflate + -38599.0384615384 * x_4 * BZip2 + 40722.967032967 * mtOff * BZip2 + 3248.57142857142 * BZip2;14.4236729137663;14.4236729137663;14.4236729137663;14.4236729137663;1.863892;12;3248.57142857142 * BZip2;1;2.19671974817538;596.778146545969
9;60088.3333333333 * CompressionMethod + -79.9999999999909 * BlockSize_1 + -41129.8717948717 * mtOff + -16050.9615384616 * x_4 + -56898.3333333333 * x_0 + -1249.99999999995 * x_0 * Deflate + -38599.0384615384 * x_4 * BZip2 + 40901.5384615384 * mtOff * BZip2 + 3070 * BZip2 + -1249.99999999999 * x_0 * PPMd;12.7805408323393;12.7805408323393;12.7805408323393;12.7805408323393;2.392789;14;-1249.99999999999 * x_0 * PPMd;2;0.821566040713527;598.57494929836
10;60088.3333333334 * CompressionMethod + -79.9999999999752 * BlockSize_1 + -41129.8717948718 * mtOff + -15805.1282051282 * x_4 + -56898.3333333334 * x_0 + -1249.99999999999 * x_0 * Deflate + -38844.8717948718 * x_4 * BZip2 + 40901.5384615385 * mtOff * BZip2 + 3069.99999999999 * BZip2 + -1250.00000000002 * x_0 * PPMd + -983.333333333339 * x_4 * Deflate;11.8082418786768;11.8082418786768;11.8082418786768;11.8082418786768;2.983783;16;-983.333333333339 * x_4 * Deflate;2;0.486149476831264;597.782881146063
11;60088.3333333335 * CompressionMethod + -80.0000000000204 * BlockSize_1 + -43329.1666666668 * mtOff + -13605.8333333334 * x_4 + -56898.3333333334 * x_0 + -29840.8333333334 * x_0 * Deflate + -41044.1666666666 * x_4 * BZip2 + 43100.8333333333 * mtOff * BZip2 + 3070.00000000004 * BZip2 + -1249.99999999999 * x_0 * PPMd + -29574.1666666667 * x_4 * Deflate + 28590.8333333334 * Deflate;9.31188310050292;9.31188310050292;9.31188310050292;9.31188310050292;3.352979;17;28590.8333333334 * Deflate;1;2.49635877817384;665.796293271678
Analyze finished
command: measurementstocsv /scratch/kaltenec/Distribution-Aware-Sampling/Results_test/7z_disc/7z_disc_76/sampledConfigurations_solv_0.csv
command: clean-sampling
command: clean-global
command: script /scratch/kaltenec/Distribution-Aware-Sampling/Results_test/7z_disc/7z_disc_76/learn_solv_1.a
command: log /scratch/kaltenec/Distribution-Aware-Sampling/Results_test/7z_disc/7z_disc_76/out_solv_1.log
