Current machine learning settings: epsilon:0 lossFunction:RELATIVE parallelization:True bagging:False baggingNumbers:3 baggingTestDataFraction:50 useBackward:False abortError:1 limitFeatureSize:False featureSizeTreshold:4 quadraticFunctionSupport:True crossValidation:False crossValidation-k:5 learn-logFunction:False learn-accumulatedLogFunction:False learn-asymFunction:False learn-ratioFunction:False learn-mirrowedFunction:False numberOfRounds:70 backwardErrorDelta:1 minImprovementPerRound:0.1 withHierarchy:False bruteForceCandidates:False ignoreBadFeatures:False stopOnLongRound:True candidateSizePenalty:True learnTimeLimit:00:00:00 scoreMeasure:RELERROR outputRoundsToStdout:False blacklisted: 
command: mlsettings bagging:False stopOnLongRound:False parallelization:True lossFunction:RELATIVE useBackward:False abortError:10 limitFeatureSize:False featureSizeTreshold:7 quadraticFunctionSupport:True crossValidation:False learn_logFunction:True numberOfRounds:70 backwardErrorDelta:1 minImprovementPerRound:0.25 withHierarchy:False
Current machine learning settings: epsilon:0 lossFunction:RELATIVE parallelization:True bagging:False baggingNumbers:3 baggingTestDataFraction:50 useBackward:False abortError:10 limitFeatureSize:False featureSizeTreshold:7 quadraticFunctionSupport:True crossValidation:False crossValidation-k:5 learn-logFunction:True learn-accumulatedLogFunction:False learn-asymFunction:False learn-ratioFunction:False learn-mirrowedFunction:False numberOfRounds:70 backwardErrorDelta:1 minImprovementPerRound:0.25 withHierarchy:False bruteForceCandidates:False ignoreBadFeatures:False stopOnLongRound:False candidateSizePenalty:True learnTimeLimit:00:00:00 scoreMeasure:RELERROR outputRoundsToStdout:False blacklisted: 
command: solver z3
command: vm /scratch/kaltenec/Distribution-Aware-Sampling/DistOut/ConstraintData/7z_disc/FeatureModel.xml
command: all /scratch/kaltenec/Distribution-Aware-Sampling/DistOut/ConstraintData/7z_disc/measurements.xml
Configs with too large deviation: 0
68640 configurations loaded.
command: nfp Performance
command: binary satoutput numConfigs:600 seed:14
command: learn-splconqueror
Learning: NumberOfConfigurationsLearning:600 NumberOfConfigurationsValidation:600
Learning progress:
1;3400.09900990102 * CompressionMethod + 159.119426972755 * BlockSize_1;38.967860559552;38.967860559552;38.967860559552;38.967860559552;0.110557;2;159.119426972755 * BlockSize_1;1;1.79769313486232E+308;
2;2792.21922916731 * CompressionMethod + 110.797654155584 * BlockSize_1 + 3410.88099189466 * BZip2;22.1383965182119;22.1383965182119;22.1383965182119;22.1383965182119;0.525909;3;3410.88099189466 * BZip2;1;16.8294640413401;
3;3087.84660973576 * CompressionMethod + 94.0803714213373 * BlockSize_1 + 3129.33132310246 * BZip2 + -1180.49863805491 * Deflate;15.2973449679588;15.2973449679588;15.2973449679588;15.2973449679588;1.101884;4;-1180.49863805491 * Deflate;1;6.84105155025309;
4;3425.17215032542 * CompressionMethod + 115.557157740049 * BlockSize_1 + 2773.92006771809 * BZip2 + -1535.41292606076 * Deflate + -1123.29316413963 * PPMd;11.2015456312604;11.2015456312604;11.2015456312604;11.2015456312604;1.980915;5;-1123.29316413963 * PPMd;1;4.09579933669837;
5;3414.849373714 * CompressionMethod + 56.149911158837 * BlockSize_1 + 2702.44739392275 * BZip2 + -1476.43766302508 * Deflate + -1062.70271734408 * PPMd + 15027.7770181658 * x_8;10.6540614244107;10.6540614244107;10.6540614244107;10.6540614244107;3.454221;6;15027.7770181658 * x_8;1;0.547484206849722;
6;3203.19688330297 * CompressionMethod + 49.1877603144684 * BlockSize_1 + 2918.99484543517 * BZip2 + -1259.08341114671 * Deflate + -845.159176218582 * PPMd + 15138.1179336651 * x_8 + 449.941218729232 * LZMA2;10.2453785072197;10.2453785072197;10.2453785072197;10.2453785072197;5.400258;7;449.941218729232 * LZMA2;1;0.40868291719099;
7;3130.53431690764 * CompressionMethod + 138.29167240328 * BlockSize_1 + 2916.75694547249 * BZip2 + -1259.39387620343 * Deflate + -941.498212826124 * PPMd + 15122.7955379529 * x_8 + 358.337397521258 * LZMA2 + 10951.9002545432 * x_10;9.83602504019176;9.83602504019176;9.83602504019176;9.83602504019176;8.173126;8;10951.9002545432 * x_10;1;0.409353467027959;
Elapsed=00:00:08.1821587
average model: 
command: analyze-learning
Round, Model, LearningError, LearningErrorRel, ValidationError, ValidationErrorRel, ElapsedSeconds, ModelComplexity, BestCandidate, BestCandidateSize, BestCandidateScore, TestError
Models:
Termination reason: abortError
1;3400.09900990102 * CompressionMethod + 159.119426972755 * BlockSize_1;38.967860559552;38.967860559552;38.967860559552;38.967860559552;0.110557;2;159.119426972755 * BlockSize_1;1;1.79769313486232E+308;55.5309285330106
2;2792.21922916731 * CompressionMethod + 110.797654155584 * BlockSize_1 + 3410.88099189466 * BZip2;22.1383965182119;22.1383965182119;22.1383965182119;22.1383965182119;0.525909;3;3410.88099189466 * BZip2;1;16.8294640413401;46.6581054689801
3;3087.84660973576 * CompressionMethod + 94.0803714213373 * BlockSize_1 + 3129.33132310246 * BZip2 + -1180.49863805491 * Deflate;15.2973449679588;15.2973449679588;15.2973449679588;15.2973449679588;1.101884;4;-1180.49863805491 * Deflate;1;6.84105155025309;43.1038069195688
4;3425.17215032542 * CompressionMethod + 115.557157740049 * BlockSize_1 + 2773.92006771809 * BZip2 + -1535.41292606076 * Deflate + -1123.29316413963 * PPMd;11.2015456312604;11.2015456312604;11.2015456312604;11.2015456312604;1.980915;5;-1123.29316413963 * PPMd;1;4.09579933669837;40.9040542093435
5;3414.849373714 * CompressionMethod + 56.149911158837 * BlockSize_1 + 2702.44739392275 * BZip2 + -1476.43766302508 * Deflate + -1062.70271734408 * PPMd + 15027.7770181658 * x_8;10.6540614244107;10.6540614244107;10.6540614244107;10.6540614244107;3.454221;6;15027.7770181658 * x_8;1;0.547484206849722;35.1108931383493
6;3203.19688330297 * CompressionMethod + 49.1877603144684 * BlockSize_1 + 2918.99484543517 * BZip2 + -1259.08341114671 * Deflate + -845.159176218582 * PPMd + 15138.1179336651 * x_8 + 449.941218729232 * LZMA2;10.2453785072197;10.2453785072197;10.2453785072197;10.2453785072197;5.400258;7;449.941218729232 * LZMA2;1;0.40868291719099;35.2129505009071
7;3130.53431690764 * CompressionMethod + 138.29167240328 * BlockSize_1 + 2916.75694547249 * BZip2 + -1259.39387620343 * Deflate + -941.498212826124 * PPMd + 15122.7955379529 * x_8 + 358.337397521258 * LZMA2 + 10951.9002545432 * x_10;9.83602504019176;9.83602504019176;9.83602504019176;9.83602504019176;8.173126;8;10951.9002545432 * x_10;1;0.409353467027959;29.5714415655496
Analyze finished
command: measurementstocsv /scratch/kaltenec/Distribution-Aware-Sampling/Results_Henard/7z_disc/7z_disc_14/sampledConfigurations_henard_1.csv
command: clean-sampling
command: clean-global
command: script /scratch/kaltenec/Distribution-Aware-Sampling/Results_Henard/7z_disc/7z_disc_14/learn_henard_2.a
command: log /scratch/kaltenec/Distribution-Aware-Sampling/Results_Henard/7z_disc/7z_disc_14/out_henard_2.log
