Current machine learning settings: epsilon:0 lossFunction:RELATIVE parallelization:True bagging:False baggingNumbers:3 baggingTestDataFraction:50 useBackward:False abortError:1 limitFeatureSize:False featureSizeTreshold:4 quadraticFunctionSupport:True crossValidation:False crossValidation-k:5 learn-logFunction:False learn-accumulatedLogFunction:False learn-asymFunction:False learn-ratioFunction:False learn-mirrowedFunction:False numberOfRounds:70 backwardErrorDelta:1 minImprovementPerRound:0.1 withHierarchy:False bruteForceCandidates:False ignoreBadFeatures:False stopOnLongRound:True candidateSizePenalty:True learnTimeLimit:00:00:00 scoreMeasure:RELERROR outputRoundsToStdout:False blacklisted: 
command: mlsettings bagging:False stopOnLongRound:False parallelization:True lossFunction:RELATIVE useBackward:False abortError:10 limitFeatureSize:False featureSizeTreshold:7 quadraticFunctionSupport:True crossValidation:False learn_logFunction:True numberOfRounds:70 backwardErrorDelta:1 minImprovementPerRound:0.25 withHierarchy:False
Current machine learning settings: epsilon:0 lossFunction:RELATIVE parallelization:True bagging:False baggingNumbers:3 baggingTestDataFraction:50 useBackward:False abortError:10 limitFeatureSize:False featureSizeTreshold:7 quadraticFunctionSupport:True crossValidation:False crossValidation-k:5 learn-logFunction:True learn-accumulatedLogFunction:False learn-asymFunction:False learn-ratioFunction:False learn-mirrowedFunction:False numberOfRounds:70 backwardErrorDelta:1 minImprovementPerRound:0.25 withHierarchy:False bruteForceCandidates:False ignoreBadFeatures:False stopOnLongRound:False candidateSizePenalty:True learnTimeLimit:00:00:00 scoreMeasure:RELERROR outputRoundsToStdout:False blacklisted: 
command: solver z3
command: vm /scratch/kaltenec/Distribution-Aware-Sampling/DistOut/ConstraintData/JavaGC_disc/FeatureModel.xml
command: all /scratch/kaltenec/Distribution-Aware-Sampling/DistOut/ConstraintData/JavaGC_disc/measurements.xml
Configs with too large deviation: 0
193536 configurations loaded.
command: nfp Performance
command: binary satoutput numConfigs:32 seed:24
command: learn-splconqueror
Learning: NumberOfConfigurationsLearning:32 NumberOfConfigurationsValidation:32
Learning progress:
1;31.4957966666666 * MaxTenuringThreshold + 1.11178416666668 * DisableExplicitGC;14.1980765167609;14.1980765167609;14.1980765167609;14.1980765167609;0.119514;2;1.11178416666668 * DisableExplicitGC;1;1.79769313486232E+308;
2;26.9009 * MaxTenuringThreshold + -0.0973991666666558 * DisableExplicitGC + 5.80407999999998 * SurvivorRatio_1;12.1845209697001;12.1845209697001;12.1845209697001;12.1845209697001;0.142105;3;5.80407999999998 * SurvivorRatio_1;1;2.01355554706072;
3;22.8824091566265 * MaxTenuringThreshold + 0.9600984236948 * DisableExplicitGC + 8.76507325301203 * SurvivorRatio_1 + 20.0924542168675 * NewRatio_16;9.1609098798351;9.1609098798351;9.1609098798351;9.1609098798351;0.189594;4;20.0924542168675 * NewRatio_16;1;3.02361108986503;
Elapsed=00:00:00.1913418
average model: 
command: analyze-learning
Round, Model, LearningError, LearningErrorRel, ValidationError, ValidationErrorRel, ElapsedSeconds, ModelComplexity, BestCandidate, BestCandidateSize, BestCandidateScore, TestError
Models:
Termination reason: abortError
1;31.4957966666666 * MaxTenuringThreshold + 1.11178416666668 * DisableExplicitGC;14.1980765167609;14.1980765167609;14.1980765167609;14.1980765167609;0.119514;2;1.11178416666668 * DisableExplicitGC;1;1.79769313486232E+308;41.7074184940177
2;26.9009 * MaxTenuringThreshold + -0.0973991666666558 * DisableExplicitGC + 5.80407999999998 * SurvivorRatio_1;12.1845209697001;12.1845209697001;12.1845209697001;12.1845209697001;0.142105;3;5.80407999999998 * SurvivorRatio_1;1;2.01355554706072;42.6438349559749
3;22.8824091566265 * MaxTenuringThreshold + 0.9600984236948 * DisableExplicitGC + 8.76507325301203 * SurvivorRatio_1 + 20.0924542168675 * NewRatio_16;9.1609098798351;9.1609098798351;9.1609098798351;9.1609098798351;0.189594;4;20.0924542168675 * NewRatio_16;1;3.02361108986503;42.5314877679365
Analyze finished
command: measurementstocsv /scratch/kaltenec/Distribution-Aware-Sampling/Results_Henard/JavaGC_disc/JavaGC_disc_24/sampledConfigurations_henard_0.csv
command: clean-sampling
command: clean-global
command: script /scratch/kaltenec/Distribution-Aware-Sampling/Results_Henard/JavaGC_disc/JavaGC_disc_24/learn_henard_1.a
command: log /scratch/kaltenec/Distribution-Aware-Sampling/Results_Henard/JavaGC_disc/JavaGC_disc_24/out_henard_1.log
