Current machine learning settings: epsilon:0 lossFunction:RELATIVE parallelization:True bagging:False baggingNumbers:3 considerEpsilonTube:False baggingTestDataFraction:50 useBackward:False abortError:1 limitFeatureSize:False featureSizeTreshold:4 quadraticFunctionSupport:True crossValidation:False crossValidation-k:5 learn-logFunction:False learn-accumulatedLogFunction:False learn-asymFunction:False learn-ratioFunction:False learn-mirrowedFunction:False numberOfRounds:70 backwardErrorDelta:1 minImprovementPerRound:0.1 withHierarchy:False bruteForceCandidates:False ignoreBadFeatures:False stopOnLongRound:True candidateSizePenalty:True learnTimeLimit:00:00:00 scoreMeasure:RELERROR outputRoundsToStdout:False blacklisted: 
command: mlsettings bagging:False stopOnLongRound:False parallelization:True lossFunction:RELATIVE useBackward:False abortError:10 limitFeatureSize:False featureSizeTreshold:7 quadraticFunctionSupport:True crossValidation:False learn_logFunction:True numberOfRounds:70 backwardErrorDelta:1 minImprovementPerRound:0.25 withHierarchy:False
Current machine learning settings: epsilon:0 lossFunction:RELATIVE parallelization:True bagging:False baggingNumbers:3 considerEpsilonTube:False baggingTestDataFraction:50 useBackward:False abortError:10 limitFeatureSize:False featureSizeTreshold:7 quadraticFunctionSupport:True crossValidation:False crossValidation-k:5 learn-logFunction:True learn-accumulatedLogFunction:False learn-asymFunction:False learn-ratioFunction:False learn-mirrowedFunction:False numberOfRounds:70 backwardErrorDelta:1 minImprovementPerRound:0.25 withHierarchy:False bruteForceCandidates:False ignoreBadFeatures:False stopOnLongRound:False candidateSizePenalty:True learnTimeLimit:00:00:00 scoreMeasure:RELERROR outputRoundsToStdout:False blacklisted: 
command: solver z3
command: vm /scratch/kaltenec/Distribution-Aware-Sampling/DistOut/ConstraintData/VP9_disc/FeatureModel.xml
command: all /scratch/kaltenec/Distribution-Aware-Sampling/DistOut/ConstraintData/VP9_disc/measurements.xml
Configs with too large deviation: 0
216000 configurations loaded.
command: nfp Performance
command: hybrid distribution-aware distance-metric:manhattan distribution:uniform onlyBinary:true selection:SolverSelection optimization:None numConfigs:3893 seed:55
command: learn-splconqueror
Learning: NumberOfConfigurationsLearning:3893 NumberOfConfigurationsValidation:3893
Learning progress:
1;17.8351915264075 * Quality + -12.1621937635439 * cpuUsed_4;292.771443842;292.771443842;292.771443842;292.771443842;1.159353;2;-12.1621937635439 * cpuUsed_4;1;1.79769313486232E+308;
2;8.41123706259245 * Quality + -2.73823929972889 * cpuUsed_4 + 22.9180995640836 * cpuUsed_0;141.540109585619;141.540109585619;141.540109585619;141.540109585619;2.701034;3;22.9180995640836 * cpuUsed_0;1;151.231334256381;
3;4.55288303130168 * Quality + 1.12011473156203 * cpuUsed_4 + 26.7764535953742 * cpuUsed_0 + 9.60564457606035 * cpuUsed_2;83.3731117075298;83.3731117075298;83.3731117075298;83.3731117075298;5.656454;4;9.60564457606035 * cpuUsed_2;1;58.1669978780893;
4;2.12759912346154 * Quality + 1.71110298027961 * cpuUsed_4 + 27.3138577062344 * cpuUsed_0 + 8.66218772766828 * cpuUsed_2 + 4.14106141226133 * AutoAltRef;66.0989493326814;66.0989493326814;66.0989493326814;66.0989493326814;11.174616;5;4.14106141226133 * AutoAltRef;1;17.2741623748483;
5;1.77770424277892 * Quality + 1.79636465298561 * cpuUsed_4 + 21.1804456504879 * cpuUsed_0 + 8.52607553052277 * cpuUsed_2 + 4.73849092723849 * AutoAltRef + 33.8496402394038 * cpuUsed_0 * TileColumns_0;58.4318306939403;58.4318306939403;58.4318306939403;58.4318306939403;23.803638;7;33.8496402394038 * cpuUsed_0 * TileColumns_0;2;3.83355931937057;
6;0.337739575705646 * Quality + 2.25747053282942 * cpuUsed_4 + 22.2762212185014 * cpuUsed_0 + 9.20063587365374 * cpuUsed_2 + 5.47187359319122 * AutoAltRef + 28.17113795439 * cpuUsed_0 * TileColumns_0 + 5.73215902025457 * TileColumns_0;54.8646826480176;54.8646826480176;54.8646826480176;54.8646826480176;39.164387;8;5.73215902025457 * TileColumns_0;1;3.56714804592263;
7;0.515908528250637 * Quality + 2.32425848002015 * cpuUsed_4 + 22.0520085686837 * cpuUsed_0 + 9.09436860544636 * cpuUsed_2 + 3.00743693225158 * AutoAltRef + 27.0066532245853 * cpuUsed_0 * TileColumns_0 + 5.87738021205213 * TileColumns_0 + 5.15356172086855 * AutoAltRef * Threads_2;51.6257720238835;51.6257720238835;51.6257720238835;51.6257720238835;53.413101;10;5.15356172086855 * AutoAltRef * Threads_2;2;1.61945531206707;
8;0.454067896032345 * Quality + 2.367307665347 * cpuUsed_4 + 22.0613535623125 * cpuUsed_0 + 9.07071811475998 * cpuUsed_2 + 2.97918216129418 * AutoAltRef + 27.1386752613717 * cpuUsed_0 * TileColumns_0 + 5.74941560116062 * TileColumns_0 + 5.24484136369141 * AutoAltRef * Threads_2 + 0.871767642638253 * Threads_10;50.9473526677886;50.9473526677886;50.9473526677886;50.9473526677886;72.426831;11;0.871767642638253 * Threads_10;1;0.678419356094857;
9;0.445891072843895 * Quality + 2.36958030052868 * cpuUsed_4 + 22.0618844338321 * cpuUsed_0 + 7.13371689554277 * cpuUsed_2 + 2.99409062005223 * AutoAltRef + 27.1503317879985 * cpuUsed_0 * TileColumns_0 + 5.7392796174039 * TileColumns_0 + 5.24438938286383 * AutoAltRef * Threads_2 + 0.886566079904503 * Threads_10 + 3.84082104450265 * cpuUsed_2 * realtime;49.787585340805;49.787585340805;49.787585340805;49.787585340805;97.802759;13;3.84082104450265 * cpuUsed_2 * realtime;2;0.579883663491799;
10;0.477671261801222 * Quality + 2.45639411110363 * cpuUsed_4 + 22.0856336925551 * cpuUsed_0 + 7.20760578493282 * cpuUsed_2 + 2.91814544258478 * AutoAltRef + 27.0353519517124 * cpuUsed_0 * TileColumns_0 + 6.32701801726611 * TileColumns_0 + 5.19828754128549 * AutoAltRef * Threads_2 + 0.707551802357066 * Threads_10 + 3.86066853513426 * cpuUsed_2 * realtime + -5.14712250092351 * TileColumns_0 * Threads_8;48.7690058206409;48.7690058206409;48.7690058206409;48.7690058206409;127.974811;15;-5.14712250092351 * TileColumns_0 * Threads_8;2;0.509289760082087;
11;0.369099298726153 * Quality + 2.47613805420442 * cpuUsed_4 + 22.0603136405319 * cpuUsed_0 + 7.21301663921402 * cpuUsed_2 + 2.8501067706272 * AutoAltRef + 27.0324675119465 * cpuUsed_0 * TileColumns_0 + 6.33332318206628 * TileColumns_0 + 5.20515403950966 * AutoAltRef * Threads_2 + 0.731279696507747 * Threads_10 + 3.863785691077 * cpuUsed_2 * realtime + -5.10173198485762 * TileColumns_0 * Threads_8 + 0.519570688888058 * lagInFrames_16;48.4012197825386;48.4012197825386;48.4012197825386;48.4012197825386;163.356087;16;0.519570688888058 * lagInFrames_16;1;0.367786038102253;
12;0.418670911662297 * Quality + 2.48014313959171 * cpuUsed_4 + 24.6539422742688 * cpuUsed_0 + 7.2182502477885 * cpuUsed_2 + 2.59475434887775 * AutoAltRef + 24.4798569488082 * cpuUsed_0 * TileColumns_0 + 6.20641184620734 * TileColumns_0 + 5.45874719047309 * AutoAltRef * Threads_2 + 1.19091603254696 * Threads_10 + 3.86370132233732 * cpuUsed_2 * realtime + -5.05157159105923 * TileColumns_0 * Threads_8 + 0.588951098111272 * lagInFrames_16 + -4.2581233942929 * cpuUsed_0 * TileColumns_6;47.6891282765363;47.6891282765363;47.6891282765363;47.6891282765363;205.217841;18;-4.2581233942929 * cpuUsed_0 * TileColumns_6;2;0.356045753001169;
13;0.326256665500947 * Quality + 2.50090506461592 * cpuUsed_4 + 24.6518563056201 * cpuUsed_0 + 7.22219770926492 * cpuUsed_2 + 2.14071294642387 * AutoAltRef + 24.4809273253576 * cpuUsed_0 * TileColumns_0 + 6.19880548649086 * TileColumns_0 + 5.45577310288562 * AutoAltRef * Threads_2 + 1.25931672724994 * Threads_10 + 3.8693976495423 * cpuUsed_2 * realtime + -5.00477319027406 * TileColumns_0 * Threads_8 + 0.983583487066884 * lagInFrames_16 + -4.26170253925663 * cpuUsed_0 * TileColumns_6 + 1.23948856749626 * AutoAltRef * lagInFrames_8;47.3128829722821;47.3128829722821;47.3128829722821;47.3128829722821;255.528118;20;1.23948856749626 * AutoAltRef * lagInFrames_8;2;0.188122652127092;
Elapsed=00:04:15.6217873
average model: 
command: analyze-learning
Round, Model, LearningError, LearningErrorRel, ValidationError, ValidationErrorRel, ElapsedSeconds, ModelComplexity, BestCandidate, BestCandidateSize, BestCandidateScore, TestError
Models:
Termination reason: minImprovementPerRound
1;17.8351915264075 * Quality + -12.1621937635439 * cpuUsed_4;292.771443842;292.771443842;292.771443842;292.771443842;1.159353;2;-12.1621937635439 * cpuUsed_4;1;1.79769313486232E+308;662.408978093232
2;8.41123706259245 * Quality + -2.73823929972889 * cpuUsed_4 + 22.9180995640836 * cpuUsed_0;141.540109585619;141.540109585619;141.540109585619;141.540109585619;2.701034;3;22.9180995640836 * cpuUsed_0;1;151.231334256381;305.265978660357
3;4.55288303130168 * Quality + 1.12011473156203 * cpuUsed_4 + 26.7764535953742 * cpuUsed_0 + 9.60564457606035 * cpuUsed_2;83.3731117075298;83.3731117075298;83.3731117075298;83.3731117075298;5.656454;4;9.60564457606035 * cpuUsed_2;1;58.1669978780893;172.501119310363
4;2.12759912346154 * Quality + 1.71110298027961 * cpuUsed_4 + 27.3138577062344 * cpuUsed_0 + 8.66218772766828 * cpuUsed_2 + 4.14106141226133 * AutoAltRef;66.0989493326814;66.0989493326814;66.0989493326814;66.0989493326814;11.174616;5;4.14106141226133 * AutoAltRef;1;17.2741623748483;164.995353022919
5;1.77770424277892 * Quality + 1.79636465298561 * cpuUsed_4 + 21.1804456504879 * cpuUsed_0 + 8.52607553052277 * cpuUsed_2 + 4.73849092723849 * AutoAltRef + 33.8496402394038 * cpuUsed_0 * TileColumns_0;58.4318306939403;58.4318306939403;58.4318306939403;58.4318306939403;23.803638;7;33.8496402394038 * cpuUsed_0 * TileColumns_0;2;3.83355931937057;161.534077094632
6;0.337739575705646 * Quality + 2.25747053282942 * cpuUsed_4 + 22.2762212185014 * cpuUsed_0 + 9.20063587365374 * cpuUsed_2 + 5.47187359319122 * AutoAltRef + 28.17113795439 * cpuUsed_0 * TileColumns_0 + 5.73215902025457 * TileColumns_0;54.8646826480176;54.8646826480176;54.8646826480176;54.8646826480176;39.164387;8;5.73215902025457 * TileColumns_0;1;3.56714804592263;166.937932470765
7;0.515908528250637 * Quality + 2.32425848002015 * cpuUsed_4 + 22.0520085686837 * cpuUsed_0 + 9.09436860544636 * cpuUsed_2 + 3.00743693225158 * AutoAltRef + 27.0066532245853 * cpuUsed_0 * TileColumns_0 + 5.87738021205213 * TileColumns_0 + 5.15356172086855 * AutoAltRef * Threads_2;51.6257720238835;51.6257720238835;51.6257720238835;51.6257720238835;53.413101;10;5.15356172086855 * AutoAltRef * Threads_2;2;1.61945531206707;139.39663278156
8;0.454067896032345 * Quality + 2.367307665347 * cpuUsed_4 + 22.0613535623125 * cpuUsed_0 + 9.07071811475998 * cpuUsed_2 + 2.97918216129418 * AutoAltRef + 27.1386752613717 * cpuUsed_0 * TileColumns_0 + 5.74941560116062 * TileColumns_0 + 5.24484136369141 * AutoAltRef * Threads_2 + 0.871767642638253 * Threads_10;50.9473526677886;50.9473526677886;50.9473526677886;50.9473526677886;72.426831;11;0.871767642638253 * Threads_10;1;0.678419356094857;142.179499085151
9;0.445891072843895 * Quality + 2.36958030052868 * cpuUsed_4 + 22.0618844338321 * cpuUsed_0 + 7.13371689554277 * cpuUsed_2 + 2.99409062005223 * AutoAltRef + 27.1503317879985 * cpuUsed_0 * TileColumns_0 + 5.7392796174039 * TileColumns_0 + 5.24438938286383 * AutoAltRef * Threads_2 + 0.886566079904503 * Threads_10 + 3.84082104450265 * cpuUsed_2 * realtime;49.787585340805;49.787585340805;49.787585340805;49.787585340805;97.802759;13;3.84082104450265 * cpuUsed_2 * realtime;2;0.579883663491799;141.744479514105
10;0.477671261801222 * Quality + 2.45639411110363 * cpuUsed_4 + 22.0856336925551 * cpuUsed_0 + 7.20760578493282 * cpuUsed_2 + 2.91814544258478 * AutoAltRef + 27.0353519517124 * cpuUsed_0 * TileColumns_0 + 6.32701801726611 * TileColumns_0 + 5.19828754128549 * AutoAltRef * Threads_2 + 0.707551802357066 * Threads_10 + 3.86066853513426 * cpuUsed_2 * realtime + -5.14712250092351 * TileColumns_0 * Threads_8;48.7690058206409;48.7690058206409;48.7690058206409;48.7690058206409;127.974811;15;-5.14712250092351 * TileColumns_0 * Threads_8;2;0.509289760082087;138.05183116824
11;0.369099298726153 * Quality + 2.47613805420442 * cpuUsed_4 + 22.0603136405319 * cpuUsed_0 + 7.21301663921402 * cpuUsed_2 + 2.8501067706272 * AutoAltRef + 27.0324675119465 * cpuUsed_0 * TileColumns_0 + 6.33332318206628 * TileColumns_0 + 5.20515403950966 * AutoAltRef * Threads_2 + 0.731279696507747 * Threads_10 + 3.863785691077 * cpuUsed_2 * realtime + -5.10173198485762 * TileColumns_0 * Threads_8 + 0.519570688888058 * lagInFrames_16;48.4012197825386;48.4012197825386;48.4012197825386;48.4012197825386;163.356087;16;0.519570688888058 * lagInFrames_16;1;0.367786038102253;139.06724672096
12;0.418670911662297 * Quality + 2.48014313959171 * cpuUsed_4 + 24.6539422742688 * cpuUsed_0 + 7.2182502477885 * cpuUsed_2 + 2.59475434887775 * AutoAltRef + 24.4798569488082 * cpuUsed_0 * TileColumns_0 + 6.20641184620734 * TileColumns_0 + 5.45874719047309 * AutoAltRef * Threads_2 + 1.19091603254696 * Threads_10 + 3.86370132233732 * cpuUsed_2 * realtime + -5.05157159105923 * TileColumns_0 * Threads_8 + 0.588951098111272 * lagInFrames_16 + -4.2581233942929 * cpuUsed_0 * TileColumns_6;47.6891282765363;47.6891282765363;47.6891282765363;47.6891282765363;205.217841;18;-4.2581233942929 * cpuUsed_0 * TileColumns_6;2;0.356045753001169;139.921663938322
13;0.326256665500947 * Quality + 2.50090506461592 * cpuUsed_4 + 24.6518563056201 * cpuUsed_0 + 7.22219770926492 * cpuUsed_2 + 2.14071294642387 * AutoAltRef + 24.4809273253576 * cpuUsed_0 * TileColumns_0 + 6.19880548649086 * TileColumns_0 + 5.45577310288562 * AutoAltRef * Threads_2 + 1.25931672724994 * Threads_10 + 3.8693976495423 * cpuUsed_2 * realtime + -5.00477319027406 * TileColumns_0 * Threads_8 + 0.983583487066884 * lagInFrames_16 + -4.26170253925663 * cpuUsed_0 * TileColumns_6 + 1.23948856749626 * AutoAltRef * lagInFrames_8;47.3128829722821;47.3128829722821;47.3128829722821;47.3128829722821;255.528118;20;1.23948856749626 * AutoAltRef * lagInFrames_8;2;0.188122652127092;140.966932989135
Analyze finished
command: printconfigs /scratch/kaltenec/Distribution-Aware-Sampling/Results_newTry/VP9_disc/VP9_disc_55/sampledConfigurations_solv_2.csv
command: clean-sampling
command: clean-global
