Current machine learning settings: epsilon:0 lossFunction:RELATIVE parallelization:True bagging:False baggingNumbers:3 baggingTestDataFraction:50 useBackward:False abortError:1 limitFeatureSize:False featureSizeTreshold:4 quadraticFunctionSupport:True crossValidation:False crossValidation-k:5 learn-logFunction:False learn-accumulatedLogFunction:False learn-asymFunction:False learn-ratioFunction:False learn-mirrowedFunction:False numberOfRounds:70 backwardErrorDelta:1 minImprovementPerRound:0.1 withHierarchy:False bruteForceCandidates:False ignoreBadFeatures:False stopOnLongRound:True candidateSizePenalty:True learnTimeLimit:00:00:00 scoreMeasure:RELERROR outputRoundsToStdout:False blacklisted: 
command: mlsettings bagging:False stopOnLongRound:False parallelization:True lossFunction:RELATIVE useBackward:False abortError:10 limitFeatureSize:False featureSizeTreshold:7 quadraticFunctionSupport:True crossValidation:False learn_logFunction:True numberOfRounds:70 backwardErrorDelta:1 minImprovementPerRound:0.25 withHierarchy:False
Current machine learning settings: epsilon:0 lossFunction:RELATIVE parallelization:True bagging:False baggingNumbers:3 baggingTestDataFraction:50 useBackward:False abortError:10 limitFeatureSize:False featureSizeTreshold:7 quadraticFunctionSupport:True crossValidation:False crossValidation-k:5 learn-logFunction:True learn-accumulatedLogFunction:False learn-asymFunction:False learn-ratioFunction:False learn-mirrowedFunction:False numberOfRounds:70 backwardErrorDelta:1 minImprovementPerRound:0.25 withHierarchy:False bruteForceCandidates:False ignoreBadFeatures:False stopOnLongRound:False candidateSizePenalty:True learnTimeLimit:00:00:00 scoreMeasure:RELERROR outputRoundsToStdout:False blacklisted: 
command: solver z3
command: vm /scratch/kaltenec/Distribution-Aware-Sampling/DistOut/ConstraintData/7z_disc/FeatureModel.xml
command: all /scratch/kaltenec/Distribution-Aware-Sampling/DistOut/ConstraintData/7z_disc/measurements.xml
Configs with too large deviation: 0
68640 configurations loaded.
command: nfp Performance
command: hybrid distribution-aware distance-metric:manhattan distribution:uniform onlyBinary:true selection:SolverSelection number-weight-optimization:1-1 numConfigs:600 seed:81
command: learn-splconqueror
Learning: NumberOfConfigurationsLearning:600 NumberOfConfigurationsValidation:600
Learning progress:
1;10890.8483754514 * CompressionMethod + -1537.8048971904 * BlockSize_1;209.161083718381;209.161083718381;209.161083718381;209.161083718381;0.126966;2;-1537.8048971904 * BlockSize_1;1;1.79769313486232E+308;
2;6001.49084113211 * CompressionMethod + -882.000192388276 * BlockSize_1 + 17703.9481961623 * BZip2;121.791364207962;121.791364207962;121.791364207962;121.791364207962;0.407074;3;17703.9481961623 * BZip2;1;87.3697195104196;
3;1743.94772890917 * CompressionMethod + 942.607461153371 * BlockSize_1 + 17297.0057515023 * BZip2 + 23278.2795981199 * x_10;63.6900040691585;63.6900040691585;63.6900040691585;63.6900040691585;0.922051;4;23278.2795981199 * x_10;1;58.1013601388031;
4;2552.08480257467 * CompressionMethod + 301.309579259279 * BlockSize_1 + 14490.1717362592 * BZip2 + 33742.0475706063 * x_10 + -29118.268516239 * x_10 * PPMd;43.6405440212695;43.6405440212695;43.6405440212695;43.6405440212695;1.73084;6;-29118.268516239 * x_10 * PPMd;2;10.0247300239445;
5;2297.82313154491 * CompressionMethod + 331.287563095542 * BlockSize_1 + 11689.9691414882 * BZip2 + 35274.6888287407 * x_10 + -30397.4167695958 * x_10 * PPMd + 6947.04402321273 * x_8;37.2483918558651;37.2483918558651;37.2483918558651;37.2483918558651;3.343677;7;6947.04402321273 * x_8;1;6.39215216540445;
6;2965.44643570384 * CompressionMethod + 681.986036349128 * BlockSize_1 + 7316.43283128091 * BZip2 + 47420.2095931292 * x_10 + -43219.5531066882 * x_10 * PPMd + 10258.6653359159 * x_8 + -31598.7381985287 * x_10 * LZMA2;29.9616105181407;29.9616105181407;29.9616105181407;29.9616105181407;5.707577;9;-31598.7381985287 * x_10 * LZMA2;2;3.64339066886219;
7;3210.13679854934 * CompressionMethod + 739.428875892861 * BlockSize_1 + 7038.12386881506 * BZip2 + 47560.461220445 * x_10 + -43605.9679901707 * x_10 * PPMd + 10264.7195978951 * x_8 + -31988.4670919852 * x_10 * LZMA2 + -1486.05507126681 * Deflate;28.0824748239153;28.0824748239153;28.0824748239153;28.0824748239153;8.693768;10;-1486.05507126681 * Deflate;1;1.87913569422536;
8;4840.16034518042 * CompressionMethod + 614.778395190882 * BlockSize_1 + 5611.37948654704 * BZip2 + 47133.993599004 * x_10 + -42447.0028585589 * x_10 * PPMd + 9982.87861663835 * x_8 + -33181.6354771173 * x_10 * LZMA2 + -3062.46363206101 * Deflate + -2359.32489063042 * PPMd;26.8320216908391;26.8320216908391;26.8320216908391;26.8320216908391;12.288631;11;-2359.32489063042 * PPMd;1;1.25045313307623;
9;5249.23788215342 * CompressionMethod + 490.500943231463 * BlockSize_1 + 5365.35750063838 * BZip2 + 46950.8101029099 * x_10 + -42589.40518639 * x_10 * PPMd + 9808.91546636342 * x_8 + -33397.1730636658 * x_10 * LZMA2 + -3440.77486996699 * Deflate + -2439.63000234585 * PPMd + -1367.43029335567 * x_4;25.2730393646425;25.2730393646425;25.2730393646425;25.2730393646425;16.643896;12;-1367.43029335567 * x_4;1;1.55898232619664;
10;5540.91147990923 * CompressionMethod + 497.901840296413 * BlockSize_1 + 5181.93063792048 * BZip2 + 46823.0031316045 * x_10 + -42307.3878337152 * x_10 * PPMd + 9690.92940856615 * x_8 + -33561.6564315384 * x_10 * LZMA2 + -3721.27603727942 * Deflate + -1211.35360100928 * PPMd + -2379.92322257946 * x_4 + -1674.35014705334 * PPMd * filterOff;23.7385395404682;23.7385395404682;23.7385395404682;23.7385395404682;21.967759;14;-1674.35014705334 * PPMd * filterOff;2;0.767249912087124;
11;5538.76378076848 * CompressionMethod + 520.062950226414 * BlockSize_1 + 5184.06388230317 * BZip2 + 46822.7360648406 * x_10 + -42260.0914794136 * x_10 * PPMd + 9687.30854816357 * x_8 + -33561.0884247947 * x_10 * LZMA2 + -3721.52717202826 * Deflate + -1210.0749083722 * PPMd + -2379.50648362524 * x_4 + -1937.44825645796 * PPMd * filterOff + 421.9207098259 * PPMd * tmOff;23.0202318360326;23.0202318360326;23.0202318360326;23.0202318360326;28.563297;16;421.9207098259 * PPMd * tmOff;2;0.35915385221781;
12;5308.35961910435 * CompressionMethod + -193.949441991523 * BlockSize_1 + 5407.86182852035 * BZip2 + 46912.3683850891 * x_10 + -42396.7045993948 * x_10 * PPMd + 9759.1762216082 * x_8 + -33360.8155506941 * x_10 * LZMA2 + -3597.86130359404 * Deflate + -1198.08616953879 * PPMd + -2146.51937932086 * x_4 + -1636.47365446873 * PPMd * filterOff + 388.243489556915 * PPMd * tmOff + 11291.5435907523 * BlockSize_1 * x_6;22.4461617542637;22.4461617542637;22.4461617542637;22.4461617542637;36.612455;18;11291.5435907523 * BlockSize_1 * x_6;2;0.287035040884465;
13;5383.35788402512 * CompressionMethod + -136.737473259298 * BlockSize_1 + 5177.29137314823 * BZip2 + 46061.56467817 * x_10 + -41542.0404034529 * x_10 * PPMd + 9771.36971990207 * x_8 + -32589.7777727567 * x_10 * LZMA2 + -3597.28549617343 * Deflate + -1237.70826966993 * PPMd + -2183.06313530906 * x_4 + -1678.48788227455 * PPMd * filterOff + 390.799160407499 * PPMd * tmOff + 11159.1414212919 * BlockSize_1 * x_6 + 8589.48522436792 * BZip2 * Files_0;21.8669256866875;21.8669256866875;21.8669256866875;21.8669256866875;45.95417;20;8589.48522436792 * BZip2 * Files_0;2;0.28961803378807;
14;5359.67627674515 * CompressionMethod + -147.466022668212 * BlockSize_1 + 5115.18428721572 * BZip2 + 46126.3870615636 * x_10 + -41645.6957110894 * x_10 * PPMd + 9954.3178308463 * x_8 + -32630.0245030864 * x_10 * LZMA2 + -3578.94971206782 * Deflate + -1249.43173223984 * PPMd + -2147.43911547122 * x_4 + -1632.78713797607 * PPMd * filterOff + 446.983224976605 * PPMd * tmOff + 11187.4396499457 * BlockSize_1 * x_6 + 8590.76391292857 * BZip2 * Files_0 + -7308.75846235172 * PPMd * x_8;21.4536896974281;21.4536896974281;21.4536896974281;21.4536896974281;55.862927;22;-7308.75846235172 * PPMd * x_8;2;0.20661799462972;
Elapsed=00:00:55.8751366
average model: 
command: analyze-learning
Round, Model, LearningError, LearningErrorRel, ValidationError, ValidationErrorRel, ElapsedSeconds, ModelComplexity, BestCandidate, BestCandidateSize, BestCandidateScore, TestError
Models:
Termination reason: minImprovementPerRound
1;10890.8483754514 * CompressionMethod + -1537.8048971904 * BlockSize_1;209.161083718381;209.161083718381;209.161083718381;209.161083718381;0.126966;2;-1537.8048971904 * BlockSize_1;1;1.79769313486232E+308;168.682346099722
2;6001.49084113211 * CompressionMethod + -882.000192388276 * BlockSize_1 + 17703.9481961623 * BZip2;121.791364207962;121.791364207962;121.791364207962;121.791364207962;0.407074;3;17703.9481961623 * BZip2;1;87.3697195104196;114.802174817021
3;1743.94772890917 * CompressionMethod + 942.607461153371 * BlockSize_1 + 17297.0057515023 * BZip2 + 23278.2795981199 * x_10;63.6900040691585;63.6900040691585;63.6900040691585;63.6900040691585;0.922051;4;23278.2795981199 * x_10;1;58.1013601388031;71.4121635345628
4;2552.08480257467 * CompressionMethod + 301.309579259279 * BlockSize_1 + 14490.1717362592 * BZip2 + 33742.0475706063 * x_10 + -29118.268516239 * x_10 * PPMd;43.6405440212695;43.6405440212695;43.6405440212695;43.6405440212695;1.73084;6;-29118.268516239 * x_10 * PPMd;2;10.0247300239445;58.7191174261408
5;2297.82313154491 * CompressionMethod + 331.287563095542 * BlockSize_1 + 11689.9691414882 * BZip2 + 35274.6888287407 * x_10 + -30397.4167695958 * x_10 * PPMd + 6947.04402321273 * x_8;37.2483918558651;37.2483918558651;37.2483918558651;37.2483918558651;3.343677;7;6947.04402321273 * x_8;1;6.39215216540445;49.0466518622272
6;2965.44643570384 * CompressionMethod + 681.986036349128 * BlockSize_1 + 7316.43283128091 * BZip2 + 47420.2095931292 * x_10 + -43219.5531066882 * x_10 * PPMd + 10258.6653359159 * x_8 + -31598.7381985287 * x_10 * LZMA2;29.9616105181407;29.9616105181407;29.9616105181407;29.9616105181407;5.707577;9;-31598.7381985287 * x_10 * LZMA2;2;3.64339066886219;41.044450738085
7;3210.13679854934 * CompressionMethod + 739.428875892861 * BlockSize_1 + 7038.12386881506 * BZip2 + 47560.461220445 * x_10 + -43605.9679901707 * x_10 * PPMd + 10264.7195978951 * x_8 + -31988.4670919852 * x_10 * LZMA2 + -1486.05507126681 * Deflate;28.0824748239153;28.0824748239153;28.0824748239153;28.0824748239153;8.693768;10;-1486.05507126681 * Deflate;1;1.87913569422536;37.8915190125034
8;4840.16034518042 * CompressionMethod + 614.778395190882 * BlockSize_1 + 5611.37948654704 * BZip2 + 47133.993599004 * x_10 + -42447.0028585589 * x_10 * PPMd + 9982.87861663835 * x_8 + -33181.6354771173 * x_10 * LZMA2 + -3062.46363206101 * Deflate + -2359.32489063042 * PPMd;26.8320216908391;26.8320216908391;26.8320216908391;26.8320216908391;12.288631;11;-2359.32489063042 * PPMd;1;1.25045313307623;41.1197318551329
9;5249.23788215342 * CompressionMethod + 490.500943231463 * BlockSize_1 + 5365.35750063838 * BZip2 + 46950.8101029099 * x_10 + -42589.40518639 * x_10 * PPMd + 9808.91546636342 * x_8 + -33397.1730636658 * x_10 * LZMA2 + -3440.77486996699 * Deflate + -2439.63000234585 * PPMd + -1367.43029335567 * x_4;25.2730393646425;25.2730393646425;25.2730393646425;25.2730393646425;16.643896;12;-1367.43029335567 * x_4;1;1.55898232619664;43.6122093399603
10;5540.91147990923 * CompressionMethod + 497.901840296413 * BlockSize_1 + 5181.93063792048 * BZip2 + 46823.0031316045 * x_10 + -42307.3878337152 * x_10 * PPMd + 9690.92940856615 * x_8 + -33561.6564315384 * x_10 * LZMA2 + -3721.27603727942 * Deflate + -1211.35360100928 * PPMd + -2379.92322257946 * x_4 + -1674.35014705334 * PPMd * filterOff;23.7385395404682;23.7385395404682;23.7385395404682;23.7385395404682;21.967759;14;-1674.35014705334 * PPMd * filterOff;2;0.767249912087124;49.3940410354207
11;5538.76378076848 * CompressionMethod + 520.062950226414 * BlockSize_1 + 5184.06388230317 * BZip2 + 46822.7360648406 * x_10 + -42260.0914794136 * x_10 * PPMd + 9687.30854816357 * x_8 + -33561.0884247947 * x_10 * LZMA2 + -3721.52717202826 * Deflate + -1210.0749083722 * PPMd + -2379.50648362524 * x_4 + -1937.44825645796 * PPMd * filterOff + 421.9207098259 * PPMd * tmOff;23.0202318360326;23.0202318360326;23.0202318360326;23.0202318360326;28.563297;16;421.9207098259 * PPMd * tmOff;2;0.35915385221781;49.8852707725043
12;5308.35961910435 * CompressionMethod + -193.949441991523 * BlockSize_1 + 5407.86182852035 * BZip2 + 46912.3683850891 * x_10 + -42396.7045993948 * x_10 * PPMd + 9759.1762216082 * x_8 + -33360.8155506941 * x_10 * LZMA2 + -3597.86130359404 * Deflate + -1198.08616953879 * PPMd + -2146.51937932086 * x_4 + -1636.47365446873 * PPMd * filterOff + 388.243489556915 * PPMd * tmOff + 11291.5435907523 * BlockSize_1 * x_6;22.4461617542637;22.4461617542637;22.4461617542637;22.4461617542637;36.612455;18;11291.5435907523 * BlockSize_1 * x_6;2;0.287035040884465;49.0678664283551
13;5383.35788402512 * CompressionMethod + -136.737473259298 * BlockSize_1 + 5177.29137314823 * BZip2 + 46061.56467817 * x_10 + -41542.0404034529 * x_10 * PPMd + 9771.36971990207 * x_8 + -32589.7777727567 * x_10 * LZMA2 + -3597.28549617343 * Deflate + -1237.70826966993 * PPMd + -2183.06313530906 * x_4 + -1678.48788227455 * PPMd * filterOff + 390.799160407499 * PPMd * tmOff + 11159.1414212919 * BlockSize_1 * x_6 + 8589.48522436792 * BZip2 * Files_0;21.8669256866875;21.8669256866875;21.8669256866875;21.8669256866875;45.95417;20;8589.48522436792 * BZip2 * Files_0;2;0.28961803378807;50.3589743995628
14;5359.67627674515 * CompressionMethod + -147.466022668212 * BlockSize_1 + 5115.18428721572 * BZip2 + 46126.3870615636 * x_10 + -41645.6957110894 * x_10 * PPMd + 9954.3178308463 * x_8 + -32630.0245030864 * x_10 * LZMA2 + -3578.94971206782 * Deflate + -1249.43173223984 * PPMd + -2147.43911547122 * x_4 + -1632.78713797607 * PPMd * filterOff + 446.983224976605 * PPMd * tmOff + 11187.4396499457 * BlockSize_1 * x_6 + 8590.76391292857 * BZip2 * Files_0 + -7308.75846235172 * PPMd * x_8;21.4536896974281;21.4536896974281;21.4536896974281;21.4536896974281;55.862927;22;-7308.75846235172 * PPMd * x_8;2;0.20661799462972;46.6847206030233
Analyze finished
command: measurementstocsv /scratch/kaltenec/Distribution-Aware-Sampling/Results_opt/7z_disc/7z_disc_81/sampledConfigurations_solv_1.csv
command: clean-sampling
command: clean-global
command: script /scratch/kaltenec/Distribution-Aware-Sampling/Results_opt/7z_disc/7z_disc_81/learn_solv_2.a
command: log /scratch/kaltenec/Distribution-Aware-Sampling/Results_opt/7z_disc/7z_disc_81/out_solv_2.log
