Current machine learning settings: epsilon:0 lossFunction:RELATIVE parallelization:True bagging:False baggingNumbers:3 considerEpsilonTube:False baggingTestDataFraction:50 useBackward:False abortError:1 limitFeatureSize:False featureSizeTreshold:4 quadraticFunctionSupport:True crossValidation:False crossValidation-k:5 learn-logFunction:False learn-accumulatedLogFunction:False learn-asymFunction:False learn-ratioFunction:False learn-mirrowedFunction:False numberOfRounds:70 backwardErrorDelta:1 minImprovementPerRound:0.1 withHierarchy:False bruteForceCandidates:False ignoreBadFeatures:False stopOnLongRound:True candidateSizePenalty:True learnTimeLimit:00:00:00 scoreMeasure:RELERROR outputRoundsToStdout:False blacklisted: 
command: mlsettings bagging:False stopOnLongRound:False parallelization:True lossFunction:RELATIVE useBackward:False abortError:10 limitFeatureSize:False featureSizeTreshold:7 quadraticFunctionSupport:True crossValidation:False learn_logFunction:True numberOfRounds:70 backwardErrorDelta:1 minImprovementPerRound:0.25 withHierarchy:False
Current machine learning settings: epsilon:0 lossFunction:RELATIVE parallelization:True bagging:False baggingNumbers:3 considerEpsilonTube:False baggingTestDataFraction:50 useBackward:False abortError:10 limitFeatureSize:False featureSizeTreshold:7 quadraticFunctionSupport:True crossValidation:False crossValidation-k:5 learn-logFunction:True learn-accumulatedLogFunction:False learn-asymFunction:False learn-ratioFunction:False learn-mirrowedFunction:False numberOfRounds:70 backwardErrorDelta:1 minImprovementPerRound:0.25 withHierarchy:False bruteForceCandidates:False ignoreBadFeatures:False stopOnLongRound:False candidateSizePenalty:True learnTimeLimit:00:00:00 scoreMeasure:RELERROR outputRoundsToStdout:False blacklisted: 
command: solver z3
command: vm /scratch/kaltenec/Distribution-Aware-Sampling/DistOut/ConstraintData/7z_disc/FeatureModel.xml
command: all /scratch/kaltenec/Distribution-Aware-Sampling/DistOut/ConstraintData/7z_disc/measurements.xml
Configs with too large deviation: 0
68640 configurations loaded.
command: nfp Performance
command: binary satoutput henard:true numConfigs:39 seed:40
command: learn-splconqueror
Learning: NumberOfConfigurationsLearning:39 NumberOfConfigurationsValidation:39
Learning progress:
1;4568.42105263158 * CompressionMethod + -2308.42105263158 * Deflate;56.22501017119;56.22501017119;56.22501017119;56.22501017119;0.042684;2;-2308.42105263158 * Deflate;1;1.79769313486232E+308;
2;3689.72222222222 * CompressionMethod + -1429.72222222223 * Deflate + 16695.2777777778 * x_10;28.7754373070036;28.7754373070036;28.7754373070036;28.7754373070036;0.056681;3;16695.2777777778 * x_10;1;27.4495728641863;
3;3231.42857142857 * CompressionMethod + -971.428571428568 * Deflate + 17153.5714285714 * x_10 + 16498.5714285714 * x_6;19.4511525199723;19.4511525199723;19.4511525199723;19.4511525199723;0.079116;4;16498.5714285714 * x_6;1;9.32428478703138;
4;3586.15384615385 * CompressionMethod + -1326.15384615384 * Deflate + 16798.8461538462 * x_10 + 16143.8461538462 * x_6 + -1379.48717948718 * PPMd;12.0779879259997;12.0779879259997;12.0779879259997;12.0779879259997;0.111968;5;-1379.48717948718 * PPMd;1;7.37316459397255;
5;3349.16666666667 * CompressionMethod + -1089.16666666666 * Deflate + 17035.8333333334 * x_10 + 16380.8333333333 * x_6 + -1142.5 * PPMd + 3080.83333333334 * BZip2;8.35098753005025;8.35098753005025;8.35098753005025;8.35098753005025;0.159404;6;3080.83333333334 * BZip2;1;3.72700039594947;
Elapsed=00:00:00.1609232
average model: 
command: analyze-learning
Round, Model, LearningError, LearningErrorRel, ValidationError, ValidationErrorRel, ElapsedSeconds, ModelComplexity, BestCandidate, BestCandidateSize, BestCandidateScore, TestError
Models:
Termination reason: abortError
1;4568.42105263158 * CompressionMethod + -2308.42105263158 * Deflate;56.22501017119;56.22501017119;56.22501017119;56.22501017119;0.042684;2;-2308.42105263158 * Deflate;1;1.79769313486232E+308;57.9261363214619
2;3689.72222222222 * CompressionMethod + -1429.72222222223 * Deflate + 16695.2777777778 * x_10;28.7754373070036;28.7754373070036;28.7754373070036;28.7754373070036;0.056681;3;16695.2777777778 * x_10;1;27.4495728641863;49.0228253896905
3;3231.42857142857 * CompressionMethod + -971.428571428568 * Deflate + 17153.5714285714 * x_10 + 16498.5714285714 * x_6;19.4511525199723;19.4511525199723;19.4511525199723;19.4511525199723;0.079116;4;16498.5714285714 * x_6;1;9.32428478703138;69.2747295958001
4;3586.15384615385 * CompressionMethod + -1326.15384615384 * Deflate + 16798.8461538462 * x_10 + 16143.8461538462 * x_6 + -1379.48717948718 * PPMd;12.0779879259997;12.0779879259997;12.0779879259997;12.0779879259997;0.111968;5;-1379.48717948718 * PPMd;1;7.37316459397255;64.1866753638207
5;3349.16666666667 * CompressionMethod + -1089.16666666666 * Deflate + 17035.8333333334 * x_10 + 16380.8333333333 * x_6 + -1142.5 * PPMd + 3080.83333333334 * BZip2;8.35098753005025;8.35098753005025;8.35098753005025;8.35098753005025;0.159404;6;3080.83333333334 * BZip2;1;3.72700039594947;61.3983631785181
Analyze finished
command: clean-sampling
command: clean-global
command: script /scratch/kaltenec/Distribution-Aware-Sampling/Results_newTry/7z_disc/7z_disc_40/learn_henard_1.a
command: log /scratch/kaltenec/Distribution-Aware-Sampling/Results_newTry/7z_disc/7z_disc_40/out_henard_1.log
