Current machine learning settings: epsilon:0 lossFunction:RELATIVE parallelization:True bagging:False baggingNumbers:3 considerEpsilonTube:False baggingTestDataFraction:50 useBackward:False abortError:1 limitFeatureSize:False featureSizeTreshold:4 quadraticFunctionSupport:True crossValidation:False crossValidation-k:5 learn-logFunction:False learn-accumulatedLogFunction:False learn-asymFunction:False learn-ratioFunction:False learn-mirrowedFunction:False numberOfRounds:70 backwardErrorDelta:1 minImprovementPerRound:0.1 withHierarchy:False bruteForceCandidates:False ignoreBadFeatures:False stopOnLongRound:True candidateSizePenalty:True learnTimeLimit:00:00:00 scoreMeasure:RELERROR outputRoundsToStdout:False blacklisted: 
command: mlsettings bagging:False stopOnLongRound:False parallelization:True lossFunction:RELATIVE useBackward:False abortError:10 limitFeatureSize:False featureSizeTreshold:7 quadraticFunctionSupport:True crossValidation:False learn_logFunction:True numberOfRounds:70 backwardErrorDelta:1 minImprovementPerRound:0.25 withHierarchy:False
Current machine learning settings: epsilon:0 lossFunction:RELATIVE parallelization:True bagging:False baggingNumbers:3 considerEpsilonTube:False baggingTestDataFraction:50 useBackward:False abortError:10 limitFeatureSize:False featureSizeTreshold:7 quadraticFunctionSupport:True crossValidation:False crossValidation-k:5 learn-logFunction:True learn-accumulatedLogFunction:False learn-asymFunction:False learn-ratioFunction:False learn-mirrowedFunction:False numberOfRounds:70 backwardErrorDelta:1 minImprovementPerRound:0.25 withHierarchy:False bruteForceCandidates:False ignoreBadFeatures:False stopOnLongRound:False candidateSizePenalty:True learnTimeLimit:00:00:00 scoreMeasure:RELERROR outputRoundsToStdout:False blacklisted: 
command: solver z3
command: vm /scratch/kaltenec/Distribution-Aware-Sampling/DistOut/ConstraintData/VP9_disc/FeatureModel.xml
command: all /scratch/kaltenec/Distribution-Aware-Sampling/DistOut/ConstraintData/VP9_disc/measurements.xml
Configs with too large deviation: 0
216000 configurations loaded.
command: nfp Performance
command: binary satoutput numConfigs:3893 seed:40
command: learn-splconqueror
Learning: NumberOfConfigurationsLearning:3893 NumberOfConfigurationsValidation:3893
Learning progress:
1;3.34816348773843 * Quality + 0.21605175889831 * cpuUsed_4;293.725243923269;293.725243923269;293.725243923269;293.725243923269;0.91795;2;0.21605175889831 * cpuUsed_4;1;1.79769313486232E+308;
2;1.06595158612312 * Quality + 0.215326931219783 * cpuUsed_4 + 4.42691209245675 * good;98.9319489680103;98.9319489680103;98.9319489680103;98.9319489680103;2.840651;3;4.42691209245675 * good;1;194.793294955258;
3;-0.0114142655520784 * Quality + 1.26935249525832 * cpuUsed_4 + 4.47217195456956 * good + 2.67887882031202 * lossless;61.2360907065781;61.2360907065781;61.2360907065781;61.2360907065781;6.914656;4;2.67887882031202 * lossless;1;37.6958582614323;
4;0.576047402139714 * Quality + 1.2612457360792 * cpuUsed_4 + 3.34872721893211 * good + 1.13268164813964 * lossless + 3.02511241210724 * lossless * good;45.4685694141645;45.4685694141645;45.4685694141645;45.4685694141645;13.015227;6;3.02511241210724 * lossless * good;2;7.88376064620681;
5;0.372580037664781 * Quality + -0.803368892873085 * cpuUsed_4 + 3.73783233346925 * good + 1.33614901261454 * lossless + 2.63600729757011 * lossless * good + 4.26884441076385 * cpuUsed_4 * realtime;31.4224895021605;31.4224895021605;31.4224895021605;31.4224895021605;22.835591;8;4.26884441076385 * cpuUsed_4 * realtime;2;7.02303995600198;
6;0.37258003766473 * Quality + -0.238730799954346 * cpuUsed_4 + 3.17319424055053 * good + 1.33614901261458 * lossless + 3.20064539048891 * lossless * good + 3.70420631784513 * cpuUsed_4 * realtime + 31.2970828646418 * cpuUsed_0;27.8843423137326;27.8843423137326;27.8843423137326;27.8843423137326;35.090775;9;31.2970828646418 * cpuUsed_0;1;3.53814718842785;
7;0.651980727559632 * Quality + -0.19300103332544 * cpuUsed_4 + 3.16488094568709 * good + 1.3849823190343 * lossless + 3.20895868535234 * lossless * good + 3.70730985763601 * cpuUsed_4 * realtime + 31.1041464211146 * cpuUsed_0 + -0.328233996314638 * Threads_10;26.0630560604698;26.0630560604698;26.0630560604698;26.0630560604698;50.006561;10;-0.328233996314638 * Threads_10;1;1.82128625326283;
8;0.651980727559814 * Quality + -0.193001033325456 * cpuUsed_4 + 3.16488094568696 * good + 1.38498231903393 * lossless + 1.2043864579347 * lossless * good + 3.70730985763639 * cpuUsed_4 * realtime + 31.1041464211133 * cpuUsed_0 + -0.328233996314701 * Threads_10 + 8.89834500951416 * lossless * good * TileColumns_0;21.4052547431911;21.4052547431911;21.4052547431911;21.4052547431911;72.623126;13;8.89834500951416 * lossless * good * TileColumns_0;3;1.55260043909289;
9;0.651980727559616 * Quality + -0.193001033325426 * cpuUsed_4 + 3.16488094568693 * good + 1.17301051513177 * lossless + 1.41635826183712 * lossless * good + 3.70730985763631 * cpuUsed_4 * realtime + 31.1041464211139 * cpuUsed_0 + -0.328233996314546 * Threads_10 + 7.97290713393946 * lossless * good * TileColumns_0 + 0.925437875574152 * lossless * TileColumns_0;18.5761329660294;18.5761329660294;18.5761329660294;18.5761329660294;99.639373;15;0.925437875574152 * lossless * TileColumns_0;2;1.41456088858085;
10;0.680423027696137 * Quality + -0.202699409447793 * cpuUsed_4 + 3.75616283462831 * good + 1.17798162511149 * lossless + 1.32918781582517 * lossless * good + 3.72197934373785 * cpuUsed_4 * realtime + 31.2281926449326 * cpuUsed_0 + -0.361647406430689 * Threads_10 + 8.18486915633785 * lossless * good * TileColumns_0 + 0.925437875574466 * lossless * TileColumns_0 + -1.54521116202377 * good * lagInFrames_0;17.3705473139569;17.3705473139569;17.3705473139569;17.3705473139569;131.244732;17;-1.54521116202377 * good * lagInFrames_0;2;0.602792826036286;
11;0.674147114200535 * Quality + -0.200559421848451 * cpuUsed_4 + 3.6256939917905 * good + 1.17688472872601 * lossless + 1.3484223424249 * lossless * good + 3.71874245975337 * cpuUsed_4 * realtime + 31.200821322416 * cpuUsed_0 + -0.354274596549815 * Threads_10 + 9.94721127110616 * lossless * good * TileColumns_0 + 0.925437875574393 * lossless * TileColumns_0 + -1.20425380138052 * good * lagInFrames_0 + -3.90387418905011 * lossless * good * TileColumns_0 * lagInFrames_0;16.4664410751381;16.4664410751381;16.4664410751381;16.4664410751381;169.522086;21;-3.90387418905011 * lossless * good * TileColumns_0 * lagInFrames_0;4;0.22602655970468;
Elapsed=00:02:49.6071482
average model: 
command: analyze-learning
Round, Model, LearningError, LearningErrorRel, ValidationError, ValidationErrorRel, ElapsedSeconds, ModelComplexity, BestCandidate, BestCandidateSize, BestCandidateScore, TestError
Models:
Termination reason: minImprovementPerRound
1;3.34816348773843 * Quality + 0.21605175889831 * cpuUsed_4;293.725243923269;293.725243923269;293.725243923269;293.725243923269;0.91795;2;0.21605175889831 * cpuUsed_4;1;1.79769313486232E+308;137.591894709391
2;1.06595158612312 * Quality + 0.215326931219783 * cpuUsed_4 + 4.42691209245675 * good;98.9319489680103;98.9319489680103;98.9319489680103;98.9319489680103;2.840651;3;4.42691209245675 * good;1;194.793294955258;77.0872610956102
3;-0.0114142655520784 * Quality + 1.26935249525832 * cpuUsed_4 + 4.47217195456956 * good + 2.67887882031202 * lossless;61.2360907065781;61.2360907065781;61.2360907065781;61.2360907065781;6.914656;4;2.67887882031202 * lossless;1;37.6958582614323;63.6735784611169
4;0.576047402139714 * Quality + 1.2612457360792 * cpuUsed_4 + 3.34872721893211 * good + 1.13268164813964 * lossless + 3.02511241210724 * lossless * good;45.4685694141645;45.4685694141645;45.4685694141645;45.4685694141645;13.015227;6;3.02511241210724 * lossless * good;2;7.88376064620681;56.4725769065262
5;0.372580037664781 * Quality + -0.803368892873085 * cpuUsed_4 + 3.73783233346925 * good + 1.33614901261454 * lossless + 2.63600729757011 * lossless * good + 4.26884441076385 * cpuUsed_4 * realtime;31.4224895021605;31.4224895021605;31.4224895021605;31.4224895021605;22.835591;8;4.26884441076385 * cpuUsed_4 * realtime;2;7.02303995600198;49.1442522675296
6;0.37258003766473 * Quality + -0.238730799954346 * cpuUsed_4 + 3.17319424055053 * good + 1.33614901261458 * lossless + 3.20064539048891 * lossless * good + 3.70420631784513 * cpuUsed_4 * realtime + 31.2970828646418 * cpuUsed_0;27.8843423137326;27.8843423137326;27.8843423137326;27.8843423137326;35.090775;9;31.2970828646418 * cpuUsed_0;1;3.53814718842785;42.2426688658059
7;0.651980727559632 * Quality + -0.19300103332544 * cpuUsed_4 + 3.16488094568709 * good + 1.3849823190343 * lossless + 3.20895868535234 * lossless * good + 3.70730985763601 * cpuUsed_4 * realtime + 31.1041464211146 * cpuUsed_0 + -0.328233996314638 * Threads_10;26.0630560604698;26.0630560604698;26.0630560604698;26.0630560604698;50.006561;10;-0.328233996314638 * Threads_10;1;1.82128625326283;46.3780640870239
8;0.651980727559814 * Quality + -0.193001033325456 * cpuUsed_4 + 3.16488094568696 * good + 1.38498231903393 * lossless + 1.2043864579347 * lossless * good + 3.70730985763639 * cpuUsed_4 * realtime + 31.1041464211133 * cpuUsed_0 + -0.328233996314701 * Threads_10 + 8.89834500951416 * lossless * good * TileColumns_0;21.4052547431911;21.4052547431911;21.4052547431911;21.4052547431911;72.623126;13;8.89834500951416 * lossless * good * TileColumns_0;3;1.55260043909289;43.2934829111256
9;0.651980727559616 * Quality + -0.193001033325426 * cpuUsed_4 + 3.16488094568693 * good + 1.17301051513177 * lossless + 1.41635826183712 * lossless * good + 3.70730985763631 * cpuUsed_4 * realtime + 31.1041464211139 * cpuUsed_0 + -0.328233996314546 * Threads_10 + 7.97290713393946 * lossless * good * TileColumns_0 + 0.925437875574152 * lossless * TileColumns_0;18.5761329660294;18.5761329660294;18.5761329660294;18.5761329660294;99.639373;15;0.925437875574152 * lossless * TileColumns_0;2;1.41456088858085;42.1094427869312
10;0.680423027696137 * Quality + -0.202699409447793 * cpuUsed_4 + 3.75616283462831 * good + 1.17798162511149 * lossless + 1.32918781582517 * lossless * good + 3.72197934373785 * cpuUsed_4 * realtime + 31.2281926449326 * cpuUsed_0 + -0.361647406430689 * Threads_10 + 8.18486915633785 * lossless * good * TileColumns_0 + 0.925437875574466 * lossless * TileColumns_0 + -1.54521116202377 * good * lagInFrames_0;17.3705473139569;17.3705473139569;17.3705473139569;17.3705473139569;131.244732;17;-1.54521116202377 * good * lagInFrames_0;2;0.602792826036286;42.3028698285584
11;0.674147114200535 * Quality + -0.200559421848451 * cpuUsed_4 + 3.6256939917905 * good + 1.17688472872601 * lossless + 1.3484223424249 * lossless * good + 3.71874245975337 * cpuUsed_4 * realtime + 31.200821322416 * cpuUsed_0 + -0.354274596549815 * Threads_10 + 9.94721127110616 * lossless * good * TileColumns_0 + 0.925437875574393 * lossless * TileColumns_0 + -1.20425380138052 * good * lagInFrames_0 + -3.90387418905011 * lossless * good * TileColumns_0 * lagInFrames_0;16.4664410751381;16.4664410751381;16.4664410751381;16.4664410751381;169.522086;21;-3.90387418905011 * lossless * good * TileColumns_0 * lagInFrames_0;4;0.22602655970468;41.8773808330464
Analyze finished
command: printconfigs /scratch/kaltenec/Distribution-Aware-Sampling/Results_newTry/VP9_disc/VP9_disc_40/sampledConfigurations_semi_2.csv
command: clean-sampling
command: clean-global
