Current machine learning settings: epsilon:0 lossFunction:RELATIVE parallelization:True bagging:False baggingNumbers:3 considerEpsilonTube:False baggingTestDataFraction:50 useBackward:False abortError:1 limitFeatureSize:False featureSizeTreshold:4 quadraticFunctionSupport:True crossValidation:False crossValidation-k:5 learn-logFunction:False learn-accumulatedLogFunction:False learn-asymFunction:False learn-ratioFunction:False learn-mirrowedFunction:False numberOfRounds:70 backwardErrorDelta:1 minImprovementPerRound:0.1 withHierarchy:False bruteForceCandidates:False ignoreBadFeatures:False stopOnLongRound:True candidateSizePenalty:True learnTimeLimit:00:00:00 scoreMeasure:RELERROR outputRoundsToStdout:False blacklisted: 
command: mlsettings bagging:False stopOnLongRound:False parallelization:True lossFunction:RELATIVE useBackward:False abortError:10 limitFeatureSize:False featureSizeTreshold:7 quadraticFunctionSupport:True crossValidation:False learn_logFunction:True numberOfRounds:70 backwardErrorDelta:1 minImprovementPerRound:0.25 withHierarchy:False
Current machine learning settings: epsilon:0 lossFunction:RELATIVE parallelization:True bagging:False baggingNumbers:3 considerEpsilonTube:False baggingTestDataFraction:50 useBackward:False abortError:10 limitFeatureSize:False featureSizeTreshold:7 quadraticFunctionSupport:True crossValidation:False crossValidation-k:5 learn-logFunction:True learn-accumulatedLogFunction:False learn-asymFunction:False learn-ratioFunction:False learn-mirrowedFunction:False numberOfRounds:70 backwardErrorDelta:1 minImprovementPerRound:0.25 withHierarchy:False bruteForceCandidates:False ignoreBadFeatures:False stopOnLongRound:False candidateSizePenalty:True learnTimeLimit:00:00:00 scoreMeasure:RELERROR outputRoundsToStdout:False blacklisted: 
command: solver z3
command: vm /scratch/kaltenec/Distribution-Aware-Sampling/DistOut/ConstraintData/JavaGC_disc/FeatureModel.xml
command: all /scratch/kaltenec/Distribution-Aware-Sampling/DistOut/ConstraintData/JavaGC_disc/measurements.xml
Configs with too large deviation: 0
193536 configurations loaded.
command: nfp Performance
command: hybrid distribution-aware distance-metric:manhattan distribution:uniform onlyBinary:true selection:SolverSelection optimization:None numConfigs:32 seed:96
command: learn-splconqueror
Learning: NumberOfConfigurationsLearning:32 NumberOfConfigurationsValidation:32
Learning progress:
1;103.157266206897 * MaxTenuringThreshold + -70.0130550957855 * NewRatio_1;113.23117135907;113.23117135907;113.23117135907;113.23117135907;0.03778;2;-70.0130550957855 * NewRatio_1;1;1.79769313486232E+308;
2;39.7795233626588 * MaxTenuringThreshold + -44.926031886608 * NewRatio_1 + 114.872158905181 * UseAdaptiveSizePolicy;49.5186224620308;49.5186224620308;49.5186224620308;49.5186224620308;0.057834;3;114.872158905181 * UseAdaptiveSizePolicy;1;63.7125488970396;
3;34.1331749382715 * MaxTenuringThreshold + -2.57841870370374 * NewRatio_1 + 142.297279823633 * UseAdaptiveSizePolicy + -137.528915194004 * TenuredGenerationSizeSupplementDecay_16;17.3703630535384;17.3703630535384;17.3703630535384;17.3703630535384;0.09855;4;-137.528915194004 * TenuredGenerationSizeSupplementDecay_16;1;32.1482594084924;
4;41.5416314814815 * MaxTenuringThreshold + -8.13476111111122 * NewRatio_1 + 146.001508095238 * UseAdaptiveSizePolicy + -146.789485873016 * TenuredGenerationSizeSupplementDecay_16 + -11.1126848148148 * UseAdaptiveGCBoundary;12.8945148198825;12.8945148198825;12.8945148198825;12.8945148198825;0.156644;5;-11.1126848148148 * UseAdaptiveGCBoundary;1;4.47584823365592;
5;41.5416314814816 * MaxTenuringThreshold + -8.13476111111125 * NewRatio_1 + 184.349281904762 * UseAdaptiveSizePolicy + -185.13725968254 * TenuredGenerationSizeSupplementDecay_16 + -87.8082324338625 * UseAdaptiveGCBoundary + 76.6955476190477 * UseAdaptiveSizePolicyFootprintGoal;9.15445057645186;9.15445057645186;9.15445057645186;9.15445057645186;0.295388;6;76.6955476190477 * UseAdaptiveSizePolicyFootprintGoal;1;3.74006424343064;
Elapsed=00:00:00.2976074
average model: 
command: analyze-learning
Round, Model, LearningError, LearningErrorRel, ValidationError, ValidationErrorRel, ElapsedSeconds, ModelComplexity, BestCandidate, BestCandidateSize, BestCandidateScore, TestError
Models:
Termination reason: abortError
1;103.157266206897 * MaxTenuringThreshold + -70.0130550957855 * NewRatio_1;113.23117135907;113.23117135907;113.23117135907;113.23117135907;0.03778;2;-70.0130550957855 * NewRatio_1;1;1.79769313486232E+308;114.652493465565
2;39.7795233626588 * MaxTenuringThreshold + -44.926031886608 * NewRatio_1 + 114.872158905181 * UseAdaptiveSizePolicy;49.5186224620308;49.5186224620308;49.5186224620308;49.5186224620308;0.057834;3;114.872158905181 * UseAdaptiveSizePolicy;1;63.7125488970396;94.8924490316548
3;34.1331749382715 * MaxTenuringThreshold + -2.57841870370374 * NewRatio_1 + 142.297279823633 * UseAdaptiveSizePolicy + -137.528915194004 * TenuredGenerationSizeSupplementDecay_16;17.3703630535384;17.3703630535384;17.3703630535384;17.3703630535384;0.09855;4;-137.528915194004 * TenuredGenerationSizeSupplementDecay_16;1;32.1482594084924;144.341821862012
4;41.5416314814815 * MaxTenuringThreshold + -8.13476111111122 * NewRatio_1 + 146.001508095238 * UseAdaptiveSizePolicy + -146.789485873016 * TenuredGenerationSizeSupplementDecay_16 + -11.1126848148148 * UseAdaptiveGCBoundary;12.8945148198825;12.8945148198825;12.8945148198825;12.8945148198825;0.156644;5;-11.1126848148148 * UseAdaptiveGCBoundary;1;4.47584823365592;148.127303737725
5;41.5416314814816 * MaxTenuringThreshold + -8.13476111111125 * NewRatio_1 + 184.349281904762 * UseAdaptiveSizePolicy + -185.13725968254 * TenuredGenerationSizeSupplementDecay_16 + -87.8082324338625 * UseAdaptiveGCBoundary + 76.6955476190477 * UseAdaptiveSizePolicyFootprintGoal;9.15445057645186;9.15445057645186;9.15445057645186;9.15445057645186;0.295388;6;76.6955476190477 * UseAdaptiveSizePolicyFootprintGoal;1;3.74006424343064;233.39928804073
Analyze finished
command: printconfigs /scratch/kaltenec/Distribution-Aware-Sampling/Results_newTry/JavaGC_disc/JavaGC_disc_96/sampledConfigurations_solv_0.csv
command: clean-sampling
command: clean-global
command: script /scratch/kaltenec/Distribution-Aware-Sampling/Results_newTry/JavaGC_disc/JavaGC_disc_96/learn_solv_1.a
command: log /scratch/kaltenec/Distribution-Aware-Sampling/Results_newTry/JavaGC_disc/JavaGC_disc_96/out_solv_1.log
