Current machine learning settings: epsilon:0 lossFunction:RELATIVE parallelization:True bagging:False baggingNumbers:3 baggingTestDataFraction:50 useBackward:False abortError:1 limitFeatureSize:False featureSizeTreshold:4 quadraticFunctionSupport:True crossValidation:False crossValidation-k:5 learn-logFunction:False learn-accumulatedLogFunction:False learn-asymFunction:False learn-ratioFunction:False learn-mirrowedFunction:False numberOfRounds:70 backwardErrorDelta:1 minImprovementPerRound:0.1 withHierarchy:False bruteForceCandidates:False ignoreBadFeatures:False stopOnLongRound:True candidateSizePenalty:True learnTimeLimit:00:00:00 scoreMeasure:RELERROR outputRoundsToStdout:False blacklisted: 
command: mlsettings bagging:False stopOnLongRound:False parallelization:True lossFunction:RELATIVE useBackward:False abortError:10 limitFeatureSize:False featureSizeTreshold:7 quadraticFunctionSupport:True crossValidation:False learn_logFunction:True numberOfRounds:70 backwardErrorDelta:1 minImprovementPerRound:0.25 withHierarchy:False
Current machine learning settings: epsilon:0 lossFunction:RELATIVE parallelization:True bagging:False baggingNumbers:3 baggingTestDataFraction:50 useBackward:False abortError:10 limitFeatureSize:False featureSizeTreshold:7 quadraticFunctionSupport:True crossValidation:False crossValidation-k:5 learn-logFunction:True learn-accumulatedLogFunction:False learn-asymFunction:False learn-ratioFunction:False learn-mirrowedFunction:False numberOfRounds:70 backwardErrorDelta:1 minImprovementPerRound:0.25 withHierarchy:False bruteForceCandidates:False ignoreBadFeatures:False stopOnLongRound:False candidateSizePenalty:True learnTimeLimit:00:00:00 scoreMeasure:RELERROR outputRoundsToStdout:False blacklisted: 
command: solver z3
command: vm /scratch/kaltenec/Distribution-Aware-Sampling/DistOut/ConstraintData/7z_disc/FeatureModel.xml
command: all /scratch/kaltenec/Distribution-Aware-Sampling/DistOut/ConstraintData/7z_disc/measurements.xml
Configs with too large deviation: 0
68640 configurations loaded.
command: nfp Performance
command: hybrid distribution-aware distance-metric:manhattan distribution:uniform onlyBinary:true selection:SolverSelection number-weight-optimization:1-1 numConfigs:39 seed:20
command: learn-splconqueror
Learning: NumberOfConfigurationsLearning:39 NumberOfConfigurationsValidation:39
Learning progress:
1;14611.6129032258 * CompressionMethod + -3024.11290322581 * BlockSize_1;127.119469834068;127.119469834068;127.119469834068;127.119469834068;0.041591;2;-3024.11290322581 * BlockSize_1;1;1.79769313486232E+308;
2;7614.77582846004 * CompressionMethod + -1449.82456140351 * BlockSize_1 + 21690.1949317739 * x_10;59.5780243120679;59.5780243120679;59.5780243120679;59.5780243120679;0.068794;3;21690.1949317739 * x_10;1;67.5414455220002;
3;6381.71571349251 * CompressionMethod + -4542.58189894502 * BlockSize_1 + 23438.7146029983 * x_10 + 10369.8334258745 * x_6;49.1944538856396;49.1944538856396;49.1944538856396;49.1944538856396;0.116091;4;10369.8334258745 * x_6;1;10.3835704264283;
4;5786.31399962216 * CompressionMethod + -176.302663895706 * BlockSize_1 + 11391.7532590213 * x_10 + 8345.46759871528 * x_6 + 47658.5994080232 * x_10 * BZip2;30.3357612683494;30.3357612683494;30.3357612683494;30.3357612683494;0.187655;6;47658.5994080232 * x_10 * BZip2;2;9.4293463086451;
5;7300.38520801232 * CompressionMethod + -2036.14791987672 * BlockSize_1 + 13372.095531587 * x_10 + 7947.30354391371 * x_6 + 44164.1859270673 * x_10 * BZip2 + -3961.43297380584 * LZMA2;17.3685085592009;17.3685085592009;17.3685085592009;17.3685085592009;0.288883;7;-3961.43297380584 * LZMA2;1;12.9672527091485;
6;6315.23517951573 * CompressionMethod + -1267.0108544392 * BlockSize_1 + 13450.6456999722 * x_10 + 8470.97133314779 * x_6 + 45070.7857871788 * x_10 * BZip2 + -3015.55802950181 * LZMA2 + 12744.7648204843 * x_8;14.1159445952583;14.1159445952583;14.1159445952583;14.1159445952583;0.433666;8;12744.7648204843 * x_8;1;3.25256396394262;
7;-1887.44833068364 * CompressionMethod + -2885.86645468995 * BlockSize_1 + 13874.6316905141 * x_10 + 14182.7371489136 * x_6 + 44193.9056703763 * x_10 * BZip2 + -3680.44515103343 * LZMA2 + 20947.4483306836 * x_8 + 8655.57763645998 * filterOff;8.88830679418416;8.88830679418416;8.88830679418416;8.88830679418416;0.616414;9;8655.57763645998 * filterOff;1;5.22763780107413;
Elapsed=00:00:00.6187501
average model: 
command: analyze-learning
Round, Model, LearningError, LearningErrorRel, ValidationError, ValidationErrorRel, ElapsedSeconds, ModelComplexity, BestCandidate, BestCandidateSize, BestCandidateScore, TestError
Models:
Termination reason: abortError
1;14611.6129032258 * CompressionMethod + -3024.11290322581 * BlockSize_1;127.119469834068;127.119469834068;127.119469834068;127.119469834068;0.041591;2;-3024.11290322581 * BlockSize_1;1;1.79769313486232E+308;236.337750860567
2;7614.77582846004 * CompressionMethod + -1449.82456140351 * BlockSize_1 + 21690.1949317739 * x_10;59.5780243120679;59.5780243120679;59.5780243120679;59.5780243120679;0.068794;3;21690.1949317739 * x_10;1;67.5414455220002;115.12272989619
3;6381.71571349251 * CompressionMethod + -4542.58189894502 * BlockSize_1 + 23438.7146029983 * x_10 + 10369.8334258745 * x_6;49.1944538856396;49.1944538856396;49.1944538856396;49.1944538856396;0.116091;4;10369.8334258745 * x_6;1;10.3835704264283;109.658955874219
4;5786.31399962216 * CompressionMethod + -176.302663895706 * BlockSize_1 + 11391.7532590213 * x_10 + 8345.46759871528 * x_6 + 47658.5994080232 * x_10 * BZip2;30.3357612683494;30.3357612683494;30.3357612683494;30.3357612683494;0.187655;6;47658.5994080232 * x_10 * BZip2;2;9.4293463086451;89.430398681166
5;7300.38520801232 * CompressionMethod + -2036.14791987672 * BlockSize_1 + 13372.095531587 * x_10 + 7947.30354391371 * x_6 + 44164.1859270673 * x_10 * BZip2 + -3961.43297380584 * LZMA2;17.3685085592009;17.3685085592009;17.3685085592009;17.3685085592009;0.288883;7;-3961.43297380584 * LZMA2;1;12.9672527091485;105.583203663598
6;6315.23517951573 * CompressionMethod + -1267.0108544392 * BlockSize_1 + 13450.6456999722 * x_10 + 8470.97133314779 * x_6 + 45070.7857871788 * x_10 * BZip2 + -3015.55802950181 * LZMA2 + 12744.7648204843 * x_8;14.1159445952583;14.1159445952583;14.1159445952583;14.1159445952583;0.433666;8;12744.7648204843 * x_8;1;3.25256396394262;89.6418356909491
7;-1887.44833068364 * CompressionMethod + -2885.86645468995 * BlockSize_1 + 13874.6316905141 * x_10 + 14182.7371489136 * x_6 + 44193.9056703763 * x_10 * BZip2 + -3680.44515103343 * LZMA2 + 20947.4483306836 * x_8 + 8655.57763645998 * filterOff;8.88830679418416;8.88830679418416;8.88830679418416;8.88830679418416;0.616414;9;8655.57763645998 * filterOff;1;5.22763780107413;123.395572329371
Analyze finished
command: measurementstocsv /scratch/kaltenec/Distribution-Aware-Sampling/Results_opt/7z_disc/7z_disc_20/sampledConfigurations_solv_0.csv
command: clean-sampling
command: clean-global
command: script /scratch/kaltenec/Distribution-Aware-Sampling/Results_opt/7z_disc/7z_disc_20/learn_solv_1.a
command: log /scratch/kaltenec/Distribution-Aware-Sampling/Results_opt/7z_disc/7z_disc_20/out_solv_1.log
