Current machine learning settings: epsilon:0 lossFunction:RELATIVE parallelization:True bagging:False baggingNumbers:3 considerEpsilonTube:False baggingTestDataFraction:50 useBackward:False abortError:1 limitFeatureSize:False featureSizeTreshold:4 quadraticFunctionSupport:True crossValidation:False crossValidation-k:5 learn-logFunction:False learn-accumulatedLogFunction:False learn-asymFunction:False learn-ratioFunction:False learn-mirrowedFunction:False numberOfRounds:70 backwardErrorDelta:1 minImprovementPerRound:0.1 withHierarchy:False bruteForceCandidates:False ignoreBadFeatures:False stopOnLongRound:True candidateSizePenalty:True learnTimeLimit:00:00:00 scoreMeasure:RELERROR outputRoundsToStdout:False blacklisted: 
command: mlsettings bagging:False stopOnLongRound:False parallelization:True lossFunction:RELATIVE useBackward:False abortError:10 limitFeatureSize:False featureSizeTreshold:7 quadraticFunctionSupport:True crossValidation:False learn_logFunction:True numberOfRounds:70 backwardErrorDelta:1 minImprovementPerRound:0.25 withHierarchy:False
Current machine learning settings: epsilon:0 lossFunction:RELATIVE parallelization:True bagging:False baggingNumbers:3 considerEpsilonTube:False baggingTestDataFraction:50 useBackward:False abortError:10 limitFeatureSize:False featureSizeTreshold:7 quadraticFunctionSupport:True crossValidation:False crossValidation-k:5 learn-logFunction:True learn-accumulatedLogFunction:False learn-asymFunction:False learn-ratioFunction:False learn-mirrowedFunction:False numberOfRounds:70 backwardErrorDelta:1 minImprovementPerRound:0.25 withHierarchy:False bruteForceCandidates:False ignoreBadFeatures:False stopOnLongRound:False candidateSizePenalty:True learnTimeLimit:00:00:00 scoreMeasure:RELERROR outputRoundsToStdout:False blacklisted: 
command: solver z3
command: vm /scratch/kaltenec/Distribution-Aware-Sampling/DistOut/ConstraintData/7z_disc/FeatureModel.xml
command: all /scratch/kaltenec/Distribution-Aware-Sampling/DistOut/ConstraintData/7z_disc/measurements.xml
Configs with too large deviation: 0
68640 configurations loaded.
command: nfp Performance
command: binary satoutput henard:true numConfigs:4091 seed:73
command: learn-splconqueror
Learning: NumberOfConfigurationsLearning:4091 NumberOfConfigurationsValidation:4091
Learning progress:
1;5999.97282608692 * CompressionMethod + 2141.93988251403 * Deflate;116.081701429712;116.081701429712;116.081701429712;116.081701429712;0.982859;2;2141.93988251403 * Deflate;1;1.79769313486232E+308;
2;4257.24985643928 * CompressionMethod + 1553.04322689113 * Deflate + 20181.463200954 * x_10;73.7234832285714;73.7234832285714;73.7234832285714;73.7234832285714;2.685127;3;20181.463200954 * x_10;1;42.3582182011401;
3;3554.8923416783 * CompressionMethod + 1504.13974958995 * Deflate + 20895.5263352815 * x_10 + 12706.5031884506 * x_8;57.005096701694;57.005096701694;57.005096701694;57.005096701694;6.35254;4;12706.5031884506 * x_8;1;16.7183865268774;
4;4109.46719918597 * CompressionMethod + -1497.23991905074 * Deflate + 14451.6866469671 * x_10 + 12743.5464387035 * x_8 + 27605.4194062308 * x_10 * Deflate;42.4984547741947;42.4984547741947;42.4984547741947;42.4984547741947;13.038847;6;27605.4194062308 * x_10 * Deflate;2;7.25332096374966;
5;3075.84269086482 * CompressionMethod + -479.037949984955 * Deflate + 15132.235866562 * x_10 + 13002.7203300959 * x_8 + 26940.2927258917 * x_10 * Deflate + 4589.97875344785 * BZip2;27.2371492691341;27.2371492691341;27.2371492691341;27.2371492691341;21.509663;7;4589.97875344785 * BZip2;1;15.2613055050606;
6;3071.58116503617 * CompressionMethod + -820.344084581128 * Deflate + 15136.3853383883 * x_10 + 13074.0764581621 * x_8 + 27281.7109144899 * x_10 * Deflate + 4591.43545548724 * BZip2 + 5879.2629195449 * Deflate * x_6;24.4012786206521;24.4012786206521;24.4012786206521;24.4012786206521;32.953488;9;5879.2629195449 * Deflate * x_6;2;1.417935324241;
7;3119.70231887407 * CompressionMethod + -867.702401381003 * Deflate + 20373.5244883122 * x_10 + 13062.0013060214 * x_8 + 22043.8089275279 * x_10 * Deflate + 4377.74786455628 * BZip2 + 5878.50008250642 * Deflate * x_6 + -16030.6736156984 * x_10 * PPMd;21.8182218345834;21.8182218345834;21.8182218345834;21.8182218345834;47.261832;11;-16030.6736156984 * x_10 * PPMd;2;1.29152839303439;
8;3753.83470769646 * CompressionMethod + -1498.28048415606 * Deflate + 19809.7638217605 * x_10 + 13005.7392420072 * x_8 + 22604.0152880327 * x_10 * Deflate + 3763.59465200018 * BZip2 + 5874.94577645899 * Deflate * x_6 + -14189.451615045 * x_10 * PPMd + -1911.59372292279 * PPMd;19.8571370706785;19.8571370706785;19.8571370706785;19.8571370706785;64.729328;12;-1911.59372292279 * PPMd;1;1.96108476390485;
9;3614.64131810648 * CompressionMethod + -1497.87978459648 * Deflate + 19942.9227542435 * x_10 + 15202.7259695574 * x_8 + 22609.6490455806 * x_10 * Deflate + 3816.25900494542 * BZip2 + 6013.73846649043 * Deflate * x_6 + -14787.6202366086 * x_10 * PPMd + -1307.39064425231 * PPMd + -11077.5376190218 * x_8 * PPMd;16.1274224224935;16.1274224224935;16.1274224224935;16.1274224224935;87.819134;14;-11077.5376190218 * x_8 * PPMd;2;1.86485732409252;
10;3614.64131810619 * CompressionMethod + -1497.87978459594 * Deflate + 19942.9227542438 * x_10 + 15202.7259695575 * x_8 + 22609.6490455788 * x_10 * Deflate + 3816.25900494585 * BZip2 + 6013.73846648949 * Deflate * x_6 + -14797.7194657972 * x_10 * PPMd + -1427.01202959234 * PPMd + -11089.3291761365 * x_8 * PPMd + 283.575296877626 * PPMd * filterOff;15.6155286065582;15.6155286065582;15.6155286065582;15.6155286065582;114.43557;16;283.575296877626 * PPMd * filterOff;2;0.255946907967654;
11;3614.64131810598 * CompressionMethod + -1497.87978459561 * Deflate + 19942.922754244 * x_10 + 15202.7259695579 * x_8 + 22609.6490455794 * x_10 * Deflate + 3816.25900494629 * BZip2 + 6013.73846649003 * Deflate * x_6 + -14796.3466592622 * x_10 * PPMd + -1558.14304783645 * PPMd + -11099.9066610038 * x_8 * PPMd + 272.10549003866 * PPMd * filterOff + 317.261839867443 * PPMd * tmOff;15.2197617711525;15.2197617711525;15.2197617711525;15.2197617711525;147.14629;18;317.261839867443 * PPMd * tmOff;2;0.197883417702816;
Elapsed=00:02:27.2062885
average model: 
command: analyze-learning
Round, Model, LearningError, LearningErrorRel, ValidationError, ValidationErrorRel, ElapsedSeconds, ModelComplexity, BestCandidate, BestCandidateSize, BestCandidateScore, TestError
Models:
Termination reason: minImprovementPerRound
1;5999.97282608692 * CompressionMethod + 2141.93988251403 * Deflate;116.081701429712;116.081701429712;116.081701429712;116.081701429712;0.982859;2;2141.93988251403 * Deflate;1;1.79769313486232E+308;95.7482138910991
2;4257.24985643928 * CompressionMethod + 1553.04322689113 * Deflate + 20181.463200954 * x_10;73.7234832285714;73.7234832285714;73.7234832285714;73.7234832285714;2.685127;3;20181.463200954 * x_10;1;42.3582182011401;71.9382562971619
3;3554.8923416783 * CompressionMethod + 1504.13974958995 * Deflate + 20895.5263352815 * x_10 + 12706.5031884506 * x_8;57.005096701694;57.005096701694;57.005096701694;57.005096701694;6.35254;4;12706.5031884506 * x_8;1;16.7183865268774;58.2102182934004
4;4109.46719918597 * CompressionMethod + -1497.23991905074 * Deflate + 14451.6866469671 * x_10 + 12743.5464387035 * x_8 + 27605.4194062308 * x_10 * Deflate;42.4984547741947;42.4984547741947;42.4984547741947;42.4984547741947;13.038847;6;27605.4194062308 * x_10 * Deflate;2;7.25332096374966;45.952686049454
5;3075.84269086482 * CompressionMethod + -479.037949984955 * Deflate + 15132.235866562 * x_10 + 13002.7203300959 * x_8 + 26940.2927258917 * x_10 * Deflate + 4589.97875344785 * BZip2;27.2371492691341;27.2371492691341;27.2371492691341;27.2371492691341;21.509663;7;4589.97875344785 * BZip2;1;15.2613055050606;33.7738597054639
6;3071.58116503617 * CompressionMethod + -820.344084581128 * Deflate + 15136.3853383883 * x_10 + 13074.0764581621 * x_8 + 27281.7109144899 * x_10 * Deflate + 4591.43545548724 * BZip2 + 5879.2629195449 * Deflate * x_6;24.4012786206521;24.4012786206521;24.4012786206521;24.4012786206521;32.953488;9;5879.2629195449 * Deflate * x_6;2;1.417935324241;30.2332938511013
7;3119.70231887407 * CompressionMethod + -867.702401381003 * Deflate + 20373.5244883122 * x_10 + 13062.0013060214 * x_8 + 22043.8089275279 * x_10 * Deflate + 4377.74786455628 * BZip2 + 5878.50008250642 * Deflate * x_6 + -16030.6736156984 * x_10 * PPMd;21.8182218345834;21.8182218345834;21.8182218345834;21.8182218345834;47.261832;11;-16030.6736156984 * x_10 * PPMd;2;1.29152839303439;27.1359934600082
8;3753.83470769646 * CompressionMethod + -1498.28048415606 * Deflate + 19809.7638217605 * x_10 + 13005.7392420072 * x_8 + 22604.0152880327 * x_10 * Deflate + 3763.59465200018 * BZip2 + 5874.94577645899 * Deflate * x_6 + -14189.451615045 * x_10 * PPMd + -1911.59372292279 * PPMd;19.8571370706785;19.8571370706785;19.8571370706785;19.8571370706785;64.729328;12;-1911.59372292279 * PPMd;1;1.96108476390485;25.2243618110358
9;3614.64131810648 * CompressionMethod + -1497.87978459648 * Deflate + 19942.9227542435 * x_10 + 15202.7259695574 * x_8 + 22609.6490455806 * x_10 * Deflate + 3816.25900494542 * BZip2 + 6013.73846649043 * Deflate * x_6 + -14787.6202366086 * x_10 * PPMd + -1307.39064425231 * PPMd + -11077.5376190218 * x_8 * PPMd;16.1274224224935;16.1274224224935;16.1274224224935;16.1274224224935;87.819134;14;-11077.5376190218 * x_8 * PPMd;2;1.86485732409252;19.1621606276131
10;3614.64131810619 * CompressionMethod + -1497.87978459594 * Deflate + 19942.9227542438 * x_10 + 15202.7259695575 * x_8 + 22609.6490455788 * x_10 * Deflate + 3816.25900494585 * BZip2 + 6013.73846648949 * Deflate * x_6 + -14797.7194657972 * x_10 * PPMd + -1427.01202959234 * PPMd + -11089.3291761365 * x_8 * PPMd + 283.575296877626 * PPMd * filterOff;15.6155286065582;15.6155286065582;15.6155286065582;15.6155286065582;114.43557;16;283.575296877626 * PPMd * filterOff;2;0.255946907967654;19.1564824046405
11;3614.64131810598 * CompressionMethod + -1497.87978459561 * Deflate + 19942.922754244 * x_10 + 15202.7259695579 * x_8 + 22609.6490455794 * x_10 * Deflate + 3816.25900494629 * BZip2 + 6013.73846649003 * Deflate * x_6 + -14796.3466592622 * x_10 * PPMd + -1558.14304783645 * PPMd + -11099.9066610038 * x_8 * PPMd + 272.10549003866 * PPMd * filterOff + 317.261839867443 * PPMd * tmOff;15.2197617711525;15.2197617711525;15.2197617711525;15.2197617711525;147.14629;18;317.261839867443 * PPMd * tmOff;2;0.197883417702816;18.9764392905653
Analyze finished
command: clean-sampling
command: clean-global
command: ript /scratch/kaltenec/Distribution-Aware-Sampling/Results_newTry/7z_disc/7z_disc_73/learn_semi_1.a
Invalid deprecated command: ript
command: clean-global
