Current machine learning settings: epsilon:0 lossFunction:RELATIVE parallelization:True bagging:False baggingNumbers:3 considerEpsilonTube:False baggingTestDataFraction:50 useBackward:False abortError:1 limitFeatureSize:False featureSizeTreshold:4 quadraticFunctionSupport:True crossValidation:False crossValidation-k:5 learn-logFunction:False learn-accumulatedLogFunction:False learn-asymFunction:False learn-ratioFunction:False learn-mirrowedFunction:False numberOfRounds:70 backwardErrorDelta:1 minImprovementPerRound:0.1 withHierarchy:False bruteForceCandidates:False ignoreBadFeatures:False stopOnLongRound:True candidateSizePenalty:True learnTimeLimit:00:00:00 scoreMeasure:RELERROR outputRoundsToStdout:False blacklisted: 
command: mlsettings bagging:False stopOnLongRound:False parallelization:True lossFunction:RELATIVE useBackward:False abortError:10 limitFeatureSize:False featureSizeTreshold:7 quadraticFunctionSupport:True crossValidation:False learn_logFunction:True numberOfRounds:70 backwardErrorDelta:1 minImprovementPerRound:0.25 withHierarchy:False
Current machine learning settings: epsilon:0 lossFunction:RELATIVE parallelization:True bagging:False baggingNumbers:3 considerEpsilonTube:False baggingTestDataFraction:50 useBackward:False abortError:10 limitFeatureSize:False featureSizeTreshold:7 quadraticFunctionSupport:True crossValidation:False crossValidation-k:5 learn-logFunction:True learn-accumulatedLogFunction:False learn-asymFunction:False learn-ratioFunction:False learn-mirrowedFunction:False numberOfRounds:70 backwardErrorDelta:1 minImprovementPerRound:0.25 withHierarchy:False bruteForceCandidates:False ignoreBadFeatures:False stopOnLongRound:False candidateSizePenalty:True learnTimeLimit:00:00:00 scoreMeasure:RELERROR outputRoundsToStdout:False blacklisted: 
command: solver z3
command: vm /scratch/kaltenec/Distribution-Aware-Sampling/DistOut/ConstraintData/BerkeleyDBC/FeatureModel.xml
Warning: Variability model contains outdated notation. Children nodes will no longer have effect on the model. Instead use the parent node to describe the parent of an configuration option. You can also use the converter providedby the Variability Model GUI in export>convert legacy model.
Warning: Default value nodes in models are no longer used and should be removed. You can also use the converter provided by the Variability Model GUI in export>convert legacy model to update your model.
command: all /scratch/kaltenec/Distribution-Aware-Sampling/DistOut/ConstraintData/BerkeleyDBC/measurements.xml
Configs with too large deviation: 0
2560 configurations loaded.
command: nfp Performance
command: hybrid distribution-aware distance-metric:manhattan distribution:uniform onlyBinary:true selection:SolverSelection optimization:local numConfigs:363 seed:6
command: learn-splconqueror
Learning: NumberOfConfigurationsLearning:363 NumberOfConfigurationsValidation:363
Learning progress:
1;6.86130870589408 * PAGESIZE + 1.0094289487515 * CS16MB;608.562555635686;608.562555635686;608.562555635686;608.562555635686;0.034516;2;1.0094289487515 * CS16MB;1;1.79769313486232E+308;
2;0.724188184071853 * PAGESIZE + 0.188802720571822 * CS16MB + 14.0851946402476 * HAVE_CRYPTO;101.924180517835;101.924180517835;101.924180517835;101.924180517835;0.105257;3;14.0851946402476 * HAVE_CRYPTO;1;506.638375117851;
3;0.674591941406534 * PAGESIZE + 0.424975304692314 * CS16MB + 17.6014363566315 * HAVE_CRYPTO + -15.9651746712518 * HAVE_CRYPTO * PS1K;57.3612536812865;57.3612536812865;57.3612536812865;57.3612536812865;0.240978;5;-15.9651746712518 * HAVE_CRYPTO * PS1K;2;22.281463418274;
4;0.819873509250749 * PAGESIZE + -0.266841685042003 * CS16MB + 11.4049755727886 * HAVE_CRYPTO + -9.7218240692157 * HAVE_CRYPTO * PS1K + 26.33153623712 * HAVE_CRYPTO * PS32K;41.5306909927128;41.5306909927128;41.5306909927128;41.5306909927128;0.426404;7;26.33153623712 * HAVE_CRYPTO * PS32K;2;7.91528134428687;
5;0.666698417717374 * PAGESIZE + -0.250392099300972 * CS16MB + 11.5544198304426 * HAVE_CRYPTO + -9.72266256470883 * HAVE_CRYPTO * PS1K + 25.5817288026384 * HAVE_CRYPTO * PS32K + 0.748603392638754 * PS32K;34.9512695240072;34.9512695240072;34.9512695240072;34.9512695240072;0.702687;8;0.748603392638754 * PS32K;1;6.57942146870557;
6;0.605366029233913 * PAGESIZE + 0.0299845337662714 * CS16MB + 15.1615321587123 * HAVE_CRYPTO + -13.3463249025694 * HAVE_CRYPTO * PS1K + 21.9395693952353 * HAVE_CRYPTO * PS32K + 0.76086987033544 * PS32K + -9.72524833574299 * HAVE_CRYPTO * PS4K;24.0173578491488;24.0173578491488;24.0173578491488;24.0173578491488;1.039321;10;-9.72524833574299 * HAVE_CRYPTO * PS4K;2;5.46695583742923;
7;0.608760114329055 * PAGESIZE + 0.0144687161884289 * CS16MB + 10.2347213340754 * HAVE_CRYPTO + -8.41859821370044 * HAVE_CRYPTO * PS1K + 26.8683196970694 * HAVE_CRYPTO * PS32K + 0.760191053316446 * PS32K + -4.79752164687407 * HAVE_CRYPTO * PS4K + 10.0171536974328 * HAVE_CRYPTO * PS16K;18.4438093150685;18.4438093150685;18.4438093150685;18.4438093150685;1.47146;12;10.0171536974328 * HAVE_CRYPTO * PS16K;2;2.78677426704016;
8;0.603833602583285 * PAGESIZE + 0.0369899127406916 * CS16MB + 10.235288904553 * HAVE_CRYPTO + -8.4204951603634 * HAVE_CRYPTO * PS1K + 26.5125839235308 * HAVE_CRYPTO * PS32K + 0.325916701352037 * PS32K + -4.79941859353703 * HAVE_CRYPTO * PS4K + 10.0170083993904 * HAVE_CRYPTO * PS16K + 1.24359901232439 * PS32K * HAVE_HASH;13.6910462999553;13.6910462999553;13.6910462999553;13.6910462999553;2.005016;14;1.24359901232439 * PS32K * HAVE_HASH;2;2.3763815075566;
9;0.528241981056073 * PAGESIZE + 0.0136627681732409 * CS16MB + 10.3153954572868 * HAVE_CRYPTO + -8.41853032919018 * HAVE_CRYPTO * PS1K + 26.4358663402957 * HAVE_CRYPTO * PS32K + 0.406174961706832 * PS32K + -4.79745376236383 * HAVE_CRYPTO * PS4K + 9.68610480724573 * HAVE_CRYPTO * PS16K + 1.2419293308149 * PS32K * HAVE_HASH + 0.331054089851586 * PS16K;11.6656004219773;11.6656004219773;11.6656004219773;11.6656004219773;2.715225;15;0.331054089851586 * PS16K;1;2.02544587797796;
10;0.53390348304781 * PAGESIZE + -0.0174754927811748 * CS16MB + 10.3157607154798 * HAVE_CRYPTO + -8.41590757244311 * HAVE_CRYPTO * PS1K + 26.4400248512382 * HAVE_CRYPTO * PS32K + 0.406742726961016 * PS32K + -4.79483100561674 * HAVE_CRYPTO * PS4K + 9.3692787520208 * HAVE_CRYPTO * PS16K + 1.23970055487523 * PS32K * HAVE_HASH + 0.00702566196253188 * PS16K + 0.915793393028679 * PS16K * HAVE_HASH;9.31099659636642;9.31099659636642;9.31099659636642;9.31099659636642;3.518865;17;0.915793393028679 * PS16K * HAVE_HASH;2;1.17730191280544;
Elapsed=00:00:03.5229505
average model: 
command: analyze-learning
Round, Model, LearningError, LearningErrorRel, ValidationError, ValidationErrorRel, ElapsedSeconds, ModelComplexity, BestCandidate, BestCandidateSize, BestCandidateScore, TestError
Models:
Termination reason: abortError
1;6.86130870589408 * PAGESIZE + 1.0094289487515 * CS16MB;608.562555635686;608.562555635686;608.562555635686;608.562555635686;0.034516;2;1.0094289487515 * CS16MB;1;1.79769313486232E+308;547.898972011575
2;0.724188184071853 * PAGESIZE + 0.188802720571822 * CS16MB + 14.0851946402476 * HAVE_CRYPTO;101.924180517835;101.924180517835;101.924180517835;101.924180517835;0.105257;3;14.0851946402476 * HAVE_CRYPTO;1;506.638375117851;98.8731690962977
3;0.674591941406534 * PAGESIZE + 0.424975304692314 * CS16MB + 17.6014363566315 * HAVE_CRYPTO + -15.9651746712518 * HAVE_CRYPTO * PS1K;57.3612536812865;57.3612536812865;57.3612536812865;57.3612536812865;0.240978;5;-15.9651746712518 * HAVE_CRYPTO * PS1K;2;22.281463418274;59.8829729792264
4;0.819873509250749 * PAGESIZE + -0.266841685042003 * CS16MB + 11.4049755727886 * HAVE_CRYPTO + -9.7218240692157 * HAVE_CRYPTO * PS1K + 26.33153623712 * HAVE_CRYPTO * PS32K;41.5306909927128;41.5306909927128;41.5306909927128;41.5306909927128;0.426404;7;26.33153623712 * HAVE_CRYPTO * PS32K;2;7.91528134428687;40.3026947084831
5;0.666698417717374 * PAGESIZE + -0.250392099300972 * CS16MB + 11.5544198304426 * HAVE_CRYPTO + -9.72266256470883 * HAVE_CRYPTO * PS1K + 25.5817288026384 * HAVE_CRYPTO * PS32K + 0.748603392638754 * PS32K;34.9512695240072;34.9512695240072;34.9512695240072;34.9512695240072;0.702687;8;0.748603392638754 * PS32K;1;6.57942146870557;34.4755870966633
6;0.605366029233913 * PAGESIZE + 0.0299845337662714 * CS16MB + 15.1615321587123 * HAVE_CRYPTO + -13.3463249025694 * HAVE_CRYPTO * PS1K + 21.9395693952353 * HAVE_CRYPTO * PS32K + 0.76086987033544 * PS32K + -9.72524833574299 * HAVE_CRYPTO * PS4K;24.0173578491488;24.0173578491488;24.0173578491488;24.0173578491488;1.039321;10;-9.72524833574299 * HAVE_CRYPTO * PS4K;2;5.46695583742923;25.0860588089502
7;0.608760114329055 * PAGESIZE + 0.0144687161884289 * CS16MB + 10.2347213340754 * HAVE_CRYPTO + -8.41859821370044 * HAVE_CRYPTO * PS1K + 26.8683196970694 * HAVE_CRYPTO * PS32K + 0.760191053316446 * PS32K + -4.79752164687407 * HAVE_CRYPTO * PS4K + 10.0171536974328 * HAVE_CRYPTO * PS16K;18.4438093150685;18.4438093150685;18.4438093150685;18.4438093150685;1.47146;12;10.0171536974328 * HAVE_CRYPTO * PS16K;2;2.78677426704016;18.5480599271135
8;0.603833602583285 * PAGESIZE + 0.0369899127406916 * CS16MB + 10.235288904553 * HAVE_CRYPTO + -8.4204951603634 * HAVE_CRYPTO * PS1K + 26.5125839235308 * HAVE_CRYPTO * PS32K + 0.325916701352037 * PS32K + -4.79941859353703 * HAVE_CRYPTO * PS4K + 10.0170083993904 * HAVE_CRYPTO * PS16K + 1.24359901232439 * PS32K * HAVE_HASH;13.6910462999553;13.6910462999553;13.6910462999553;13.6910462999553;2.005016;14;1.24359901232439 * PS32K * HAVE_HASH;2;2.3763815075566;14.4839152905615
9;0.528241981056073 * PAGESIZE + 0.0136627681732409 * CS16MB + 10.3153954572868 * HAVE_CRYPTO + -8.41853032919018 * HAVE_CRYPTO * PS1K + 26.4358663402957 * HAVE_CRYPTO * PS32K + 0.406174961706832 * PS32K + -4.79745376236383 * HAVE_CRYPTO * PS4K + 9.68610480724573 * HAVE_CRYPTO * PS16K + 1.2419293308149 * PS32K * HAVE_HASH + 0.331054089851586 * PS16K;11.6656004219773;11.6656004219773;11.6656004219773;11.6656004219773;2.715225;15;0.331054089851586 * PS16K;1;2.02544587797796;11.7129507819849
10;0.53390348304781 * PAGESIZE + -0.0174754927811748 * CS16MB + 10.3157607154798 * HAVE_CRYPTO + -8.41590757244311 * HAVE_CRYPTO * PS1K + 26.4400248512382 * HAVE_CRYPTO * PS32K + 0.406742726961016 * PS32K + -4.79483100561674 * HAVE_CRYPTO * PS4K + 9.3692787520208 * HAVE_CRYPTO * PS16K + 1.23970055487523 * PS32K * HAVE_HASH + 0.00702566196253188 * PS16K + 0.915793393028679 * PS16K * HAVE_HASH;9.31099659636642;9.31099659636642;9.31099659636642;9.31099659636642;3.518865;17;0.915793393028679 * PS16K * HAVE_HASH;2;1.17730191280544;9.57031325114847
Analyze finished
command: printconfigs /scratch/kaltenec/Distribution-Aware-Sampling/Results_newTry/BerkeleyDBC/BerkeleyDBC_6/sampledConfigurations_local_2.csv
command: clean-sampling
command: clean-global
