Current machine learning settings: epsilon:0 lossFunction:RELATIVE parallelization:True bagging:False baggingNumbers:3 considerEpsilonTube:False baggingTestDataFraction:50 useBackward:False abortError:1 limitFeatureSize:False featureSizeTreshold:4 quadraticFunctionSupport:True crossValidation:False crossValidation-k:5 learn-logFunction:False learn-accumulatedLogFunction:False learn-asymFunction:False learn-ratioFunction:False learn-mirrowedFunction:False numberOfRounds:70 backwardErrorDelta:1 minImprovementPerRound:0.1 withHierarchy:False bruteForceCandidates:False ignoreBadFeatures:False stopOnLongRound:True candidateSizePenalty:True learnTimeLimit:00:00:00 scoreMeasure:RELERROR outputRoundsToStdout:False blacklisted: 
command: mlsettings bagging:False stopOnLongRound:False parallelization:True lossFunction:RELATIVE useBackward:False abortError:10 limitFeatureSize:False featureSizeTreshold:7 quadraticFunctionSupport:True crossValidation:False learn_logFunction:True numberOfRounds:70 backwardErrorDelta:1 minImprovementPerRound:0.25 withHierarchy:False
Current machine learning settings: epsilon:0 lossFunction:RELATIVE parallelization:True bagging:False baggingNumbers:3 considerEpsilonTube:False baggingTestDataFraction:50 useBackward:False abortError:10 limitFeatureSize:False featureSizeTreshold:7 quadraticFunctionSupport:True crossValidation:False crossValidation-k:5 learn-logFunction:True learn-accumulatedLogFunction:False learn-asymFunction:False learn-ratioFunction:False learn-mirrowedFunction:False numberOfRounds:70 backwardErrorDelta:1 minImprovementPerRound:0.25 withHierarchy:False bruteForceCandidates:False ignoreBadFeatures:False stopOnLongRound:False candidateSizePenalty:True learnTimeLimit:00:00:00 scoreMeasure:RELERROR outputRoundsToStdout:False blacklisted: 
command: solver z3
command: vm /scratch/kaltenec/Distribution-Aware-Sampling/DistOut/ConstraintData/7z_disc/FeatureModel.xml
command: all /scratch/kaltenec/Distribution-Aware-Sampling/DistOut/ConstraintData/7z_disc/measurements.xml
Configs with too large deviation: 0
68640 configurations loaded.
command: nfp Performance
command: hybrid distribution-aware distance-metric:manhattan distribution:uniform onlyBinary:true selection:SolverSelection optimization:local numConfigs:39 seed:27
command: learn-splconqueror
Learning: NumberOfConfigurationsLearning:39 NumberOfConfigurationsValidation:39
Learning progress:
1;20356.4864864865 * CompressionMethod + -9536.48648648648 * Deflate;270.707548356517;270.707548356517;270.707548356517;270.707548356517;0.039226;2;-9536.48648648648 * Deflate;1;1.79769313486232E+308;
2;5724.78260869567 * CompressionMethod + 5095.21739130434 * Deflate + 38669.50310559 * x_10;98.0404838471642;98.0404838471642;98.0404838471642;98.0404838471642;0.062838;3;38669.50310559 * x_10;1;172.667064509352;
3;5724.78260869566 * CompressionMethod + 5095.21739130433 * Deflate + 8331.88405797098 * x_10 + 53090.8333333334 * x_10 * BZip2;55.3440455299927;55.3440455299927;55.3440455299927;55.3440455299927;0.107137;5;53090.8333333334 * x_10 * BZip2;2;21.3482191585857;
4;5036.26865671643 * CompressionMethod + -2134.17910447762 * Deflate + 9020.39800995023 * x_10 + 53090.8333333334 * x_10 * BZip2 + 15835.8208955224 * x_8;37.4299471791635;37.4299471791635;37.4299471791635;37.4299471791635;0.179903;6;15835.8208955224 * x_8;1;17.9140983508292;
5;4119.99999999999 * CompressionMethod + -792.500000000005 * Deflate + 9936.66666666665 * x_10 + 50898.3333333333 * x_10 * BZip2 + 14985 * x_8 + 2192.49999999999 * BZip2;24.513392153088;24.513392153088;24.513392153088;24.513392153088;0.281224;7;2192.49999999999 * BZip2;1;12.9165550260755;
6;3085.00000000002 * CompressionMethod + 242.500000000057 * Deflate + 10971.6666666667 * x_10 + 49863.3333333333 * x_10 * BZip2 + 14984.9999999999 * x_8 + 3227.50000000003 * BZip2 + 13455 * BlockSize_64;15.468790303215;15.468790303215;15.468790303215;15.468790303215;0.513116;8;13455 * BlockSize_64;1;9.04460184987295;
7;3084.99999999999 * CompressionMethod + 242.500000000006 * Deflate + 14417.5 * x_10 + 46417.5 * x_10 * BZip2 + 14985 * x_8 + 3227.50000000001 * BZip2 + 13455 * BlockSize_64 + -10337.5 * x_10 * PPMd;9.4042086808139;9.4042086808139;9.4042086808139;9.4042086808139;0.683195;10;-10337.5 * x_10 * PPMd;2;3.03229081120057;
Elapsed=00:00:00.6856722
average model: 
command: analyze-learning
Round, Model, LearningError, LearningErrorRel, ValidationError, ValidationErrorRel, ElapsedSeconds, ModelComplexity, BestCandidate, BestCandidateSize, BestCandidateScore, TestError
Models:
Termination reason: abortError
1;20356.4864864865 * CompressionMethod + -9536.48648648648 * Deflate;270.707548356517;270.707548356517;270.707548356517;270.707548356517;0.039226;2;-9536.48648648648 * Deflate;1;1.79769313486232E+308;303.322891338924
2;5724.78260869567 * CompressionMethod + 5095.21739130434 * Deflate + 38669.50310559 * x_10;98.0404838471642;98.0404838471642;98.0404838471642;98.0404838471642;0.062838;3;38669.50310559 * x_10;1;172.667064509352;123.559316366756
3;5724.78260869566 * CompressionMethod + 5095.21739130433 * Deflate + 8331.88405797098 * x_10 + 53090.8333333334 * x_10 * BZip2;55.3440455299927;55.3440455299927;55.3440455299927;55.3440455299927;0.107137;5;53090.8333333334 * x_10 * BZip2;2;21.3482191585857;102.911376931213
4;5036.26865671643 * CompressionMethod + -2134.17910447762 * Deflate + 9020.39800995023 * x_10 + 53090.8333333334 * x_10 * BZip2 + 15835.8208955224 * x_8;37.4299471791635;37.4299471791635;37.4299471791635;37.4299471791635;0.179903;6;15835.8208955224 * x_8;1;17.9140983508292;56.9238599369175
5;4119.99999999999 * CompressionMethod + -792.500000000005 * Deflate + 9936.66666666665 * x_10 + 50898.3333333333 * x_10 * BZip2 + 14985 * x_8 + 2192.49999999999 * BZip2;24.513392153088;24.513392153088;24.513392153088;24.513392153088;0.281224;7;2192.49999999999 * BZip2;1;12.9165550260755;45.2632012751317
6;3085.00000000002 * CompressionMethod + 242.500000000057 * Deflate + 10971.6666666667 * x_10 + 49863.3333333333 * x_10 * BZip2 + 14984.9999999999 * x_8 + 3227.50000000003 * BZip2 + 13455 * BlockSize_64;15.468790303215;15.468790303215;15.468790303215;15.468790303215;0.513116;8;13455 * BlockSize_64;1;9.04460184987295;57.1208291808789
7;3084.99999999999 * CompressionMethod + 242.500000000006 * Deflate + 14417.5 * x_10 + 46417.5 * x_10 * BZip2 + 14985 * x_8 + 3227.50000000001 * BZip2 + 13455 * BlockSize_64 + -10337.5 * x_10 * PPMd;9.4042086808139;9.4042086808139;9.4042086808139;9.4042086808139;0.683195;10;-10337.5 * x_10 * PPMd;2;3.03229081120057;53.5149119974481
Analyze finished
command: printconfigs /scratch/kaltenec/Distribution-Aware-Sampling/Results_newTry/7z_disc/7z_disc_27/sampledConfigurations_local_0.csv
command: clean-sampling
command: clean-global
command: script /scratch/kaltenec/Distribution-Aware-Sampling/Results_newTry/7z_disc/7z_disc_27/learn_local_1.a
command: log /scratch/kaltenec/Distribution-Aware-Sampling/Results_newTry/7z_disc/7z_disc_27/out_local_1.log
