Current machine learning settings: epsilon:0 lossFunction:RELATIVE parallelization:True bagging:False baggingNumbers:3 considerEpsilonTube:False baggingTestDataFraction:50 useBackward:False abortError:1 limitFeatureSize:False featureSizeTreshold:4 quadraticFunctionSupport:True crossValidation:False crossValidation-k:5 learn-logFunction:False learn-accumulatedLogFunction:False learn-asymFunction:False learn-ratioFunction:False learn-mirrowedFunction:False numberOfRounds:70 backwardErrorDelta:1 minImprovementPerRound:0.1 withHierarchy:False bruteForceCandidates:False ignoreBadFeatures:False stopOnLongRound:True candidateSizePenalty:True learnTimeLimit:00:00:00 scoreMeasure:RELERROR outputRoundsToStdout:False blacklisted: 
command: mlsettings bagging:False stopOnLongRound:False parallelization:True lossFunction:RELATIVE useBackward:False abortError:10 limitFeatureSize:False featureSizeTreshold:7 quadraticFunctionSupport:True crossValidation:False learn_logFunction:True numberOfRounds:70 backwardErrorDelta:1 minImprovementPerRound:0.25 withHierarchy:False
Current machine learning settings: epsilon:0 lossFunction:RELATIVE parallelization:True bagging:False baggingNumbers:3 considerEpsilonTube:False baggingTestDataFraction:50 useBackward:False abortError:10 limitFeatureSize:False featureSizeTreshold:7 quadraticFunctionSupport:True crossValidation:False crossValidation-k:5 learn-logFunction:True learn-accumulatedLogFunction:False learn-asymFunction:False learn-ratioFunction:False learn-mirrowedFunction:False numberOfRounds:70 backwardErrorDelta:1 minImprovementPerRound:0.25 withHierarchy:False bruteForceCandidates:False ignoreBadFeatures:False stopOnLongRound:False candidateSizePenalty:True learnTimeLimit:00:00:00 scoreMeasure:RELERROR outputRoundsToStdout:False blacklisted: 
command: solver z3
command: vm /scratch/kaltenec/Distribution-Aware-Sampling/DistOut/ConstraintData/JavaGC_disc/FeatureModel.xml
command: all /scratch/kaltenec/Distribution-Aware-Sampling/DistOut/ConstraintData/JavaGC_disc/measurements.xml
Configs with too large deviation: 0
193536 configurations loaded.
command: nfp Performance
command: binary satoutput numConfigs:468 seed:29
command: learn-splconqueror
Learning: NumberOfConfigurationsLearning:468 NumberOfConfigurationsValidation:468
Learning progress:
1;61.5379895788726 * MaxTenuringThreshold + -40.5284895788718 * NewRatio_1;60.1296414538551;60.1296414538551;60.1296414538551;60.1296414538551;0.099549;2;-40.5284895788718 * NewRatio_1;1;1.79769313486232E+308;
2;37.6229076715688 * MaxTenuringThreshold + -16.6134076715688 * NewRatio_1 + 57.2735551318503 * UseAdaptiveSizePolicy;18.69621884984;18.69621884984;18.69621884984;18.69621884984;0.285597;3;57.2735551318503 * UseAdaptiveSizePolicy;1;41.4334226040151;
3;41.3451491539224 * MaxTenuringThreshold + -20.3356491539222 * NewRatio_1 + 58.6898370218048 * UseAdaptiveSizePolicy + -10.4376256000012 * UseAdaptiveGCBoundary;11.5604403571086;11.5604403571086;11.5604403571086;11.5604403571086;0.672007;4;-10.4376256000012 * UseAdaptiveGCBoundary;1;7.13577849273145;
4;44.6177532190479 * MaxTenuringThreshold + -23.6082532190476 * NewRatio_1 + 49.6323267809524 * UseAdaptiveSizePolicy + -19.6144122568482 * UseAdaptiveGCBoundary + 20.9273773262926 * UseAdaptiveSizePolicy * UseAdaptiveGCBoundary;6.70379972511334;6.70379972511334;6.70379972511334;6.70379972511334;1.308624;6;20.9273773262926 * UseAdaptiveSizePolicy * UseAdaptiveGCBoundary;2;2.42832031599761;
Elapsed=00:00:01.3121016
average model: 
command: analyze-learning
Round, Model, LearningError, LearningErrorRel, ValidationError, ValidationErrorRel, ElapsedSeconds, ModelComplexity, BestCandidate, BestCandidateSize, BestCandidateScore, TestError
Models:
Termination reason: abortError
1;61.5379895788726 * MaxTenuringThreshold + -40.5284895788718 * NewRatio_1;60.1296414538551;60.1296414538551;60.1296414538551;60.1296414538551;0.099549;2;-40.5284895788718 * NewRatio_1;1;1.79769313486232E+308;58.2308242894428
2;37.6229076715688 * MaxTenuringThreshold + -16.6134076715688 * NewRatio_1 + 57.2735551318503 * UseAdaptiveSizePolicy;18.69621884984;18.69621884984;18.69621884984;18.69621884984;0.285597;3;57.2735551318503 * UseAdaptiveSizePolicy;1;41.4334226040151;58.461903029074
3;41.3451491539224 * MaxTenuringThreshold + -20.3356491539222 * NewRatio_1 + 58.6898370218048 * UseAdaptiveSizePolicy + -10.4376256000012 * UseAdaptiveGCBoundary;11.5604403571086;11.5604403571086;11.5604403571086;11.5604403571086;0.672007;4;-10.4376256000012 * UseAdaptiveGCBoundary;1;7.13577849273145;57.0536450063189
4;44.6177532190479 * MaxTenuringThreshold + -23.6082532190476 * NewRatio_1 + 49.6323267809524 * UseAdaptiveSizePolicy + -19.6144122568482 * UseAdaptiveGCBoundary + 20.9273773262926 * UseAdaptiveSizePolicy * UseAdaptiveGCBoundary;6.70379972511334;6.70379972511334;6.70379972511334;6.70379972511334;1.308624;6;20.9273773262926 * UseAdaptiveSizePolicy * UseAdaptiveGCBoundary;2;2.42832031599761;58.4437163422217
Analyze finished
command: clean-sampling
command: clean-global
