Current machine learning settings: epsilon:0 lossFunction:RELATIVE parallelization:True bagging:False baggingNumbers:3 considerEpsilonTube:False baggingTestDataFraction:50 useBackward:False abortError:1 limitFeatureSize:False featureSizeTreshold:4 quadraticFunctionSupport:True crossValidation:False crossValidation-k:5 learn-logFunction:False learn-accumulatedLogFunction:False learn-asymFunction:False learn-ratioFunction:False learn-mirrowedFunction:False numberOfRounds:70 backwardErrorDelta:1 minImprovementPerRound:0.1 withHierarchy:False bruteForceCandidates:False ignoreBadFeatures:False stopOnLongRound:True candidateSizePenalty:True learnTimeLimit:00:00:00 scoreMeasure:RELERROR outputRoundsToStdout:False blacklisted: 
command: mlsettings bagging:False stopOnLongRound:False parallelization:True lossFunction:RELATIVE useBackward:False abortError:10 limitFeatureSize:False featureSizeTreshold:7 quadraticFunctionSupport:True crossValidation:False learn_logFunction:True numberOfRounds:70 backwardErrorDelta:1 minImprovementPerRound:0.25 withHierarchy:False
Current machine learning settings: epsilon:0 lossFunction:RELATIVE parallelization:True bagging:False baggingNumbers:3 considerEpsilonTube:False baggingTestDataFraction:50 useBackward:False abortError:10 limitFeatureSize:False featureSizeTreshold:7 quadraticFunctionSupport:True crossValidation:False crossValidation-k:5 learn-logFunction:True learn-accumulatedLogFunction:False learn-asymFunction:False learn-ratioFunction:False learn-mirrowedFunction:False numberOfRounds:70 backwardErrorDelta:1 minImprovementPerRound:0.25 withHierarchy:False bruteForceCandidates:False ignoreBadFeatures:False stopOnLongRound:False candidateSizePenalty:True learnTimeLimit:00:00:00 scoreMeasure:RELERROR outputRoundsToStdout:False blacklisted: 
command: solver z3
command: vm /scratch/kaltenec/Distribution-Aware-Sampling/DistOut/ConstraintData/7z_disc/FeatureModel.xml
command: all /scratch/kaltenec/Distribution-Aware-Sampling/DistOut/ConstraintData/7z_disc/measurements.xml
Configs with too large deviation: 0
68640 configurations loaded.
command: nfp Performance
command: hybrid distribution-aware distance-metric:manhattan distribution:uniform onlyBinary:true selection:SolverSelection optimization:None numConfigs:39 seed:29
command: learn-splconqueror
Learning: NumberOfConfigurationsLearning:39 NumberOfConfigurationsValidation:39
Learning progress:
1;10162.8947368421 * CompressionMethod + -7752.8947368421 * Deflate;150.337322511727;150.337322511727;150.337322511727;150.337322511727;0.038752;2;-7752.8947368421 * Deflate;1;1.79769313486232E+308;
2;5415.80645161291 * CompressionMethod + -3005.80645161291 * Deflate + 25769.9078341014 * x_10;62.1374947976131;62.1374947976131;62.1374947976131;62.1374947976131;0.062287;3;25769.9078341014 * x_10;1;88.1998277141143;
3;6428.69565217392 * CompressionMethod + -4018.6956521739 * Deflate + 24757.0186335404 * x_10 + -3924.94565217392 * PPMd;45.2873466633912;45.2873466633912;45.2873466633912;45.2873466633912;0.102041;4;-3924.94565217392 * PPMd;1;16.8501481342219;
4;5283.80952380953 * CompressionMethod + -2873.80952380952 * Deflate + 25901.9047619047 * x_10 + -2780.05952380952 * PPMd + 13166.1904761905 * x_8;35.0248723233525;35.0248723233525;35.0248723233525;35.0248723233525;0.162411;5;13166.1904761905 * x_8;1;10.2624743400387;
5;4188.69018793959 * CompressionMethod + -1778.69018793956 * Deflate + 24806.7854260348 * x_10 + -3920.80883200738 * PPMd + 12983.6705868788 * x_8 + 2555.2784503632 * tmOff;29.1913143124104;29.1913143124104;29.1913143124104;29.1913143124104;0.266299;6;2555.2784503632 * tmOff;1;5.83355801094209;
6;3091.5129288911 * CompressionMethod + -681.512928891109 * Deflate + 25150.4164594729 * x_10 + -3592.87667826951 * PPMd + 13641.2792143212 * x_8 + 3434.41571357534 * tmOff + 15128.4870711089 * x_6;22.9815626744115;22.9815626744115;22.9815626744115;22.9815626744115;0.495691;7;15128.4870711089 * x_6;1;6.20975163799897;
7;3880.7 * CompressionMethod + -1470.69999999998 * Deflate + 13268.7666666667 * x_10 + -2847.53333333333 * PPMd + 13728.9666666667 * x_8 + 1680.66666666667 * tmOff + 14339.3 * x_6 + 44084.8666666667 * x_10 * BZip2;12.2466535924657;12.2466535924657;12.2466535924657;12.2466535924657;0.762706;9;44084.8666666667 * x_10 * BZip2;2;5.36745454097287;
8;3456.35288707877 * CompressionMethod + -1046.35288707875 * Deflate + 14948.0884188399 * x_10 + -1050.55770873019 * PPMd + 13681.8169874532 * x_8 + 111.94836760163 * tmOff + 14763.6471129213 * x_6 + 41886.8984431452 * x_10 * BZip2 + 2511.71188333445 * BZip2;5.22644632900464;5.22644632900464;5.22644632900464;5.22644632900464;1.19934;10;2511.71188333445 * BZip2;1;7.02020726346108;
Elapsed=00:00:01.2018912
average model: 
command: analyze-learning
Round, Model, LearningError, LearningErrorRel, ValidationError, ValidationErrorRel, ElapsedSeconds, ModelComplexity, BestCandidate, BestCandidateSize, BestCandidateScore, TestError
Models:
Termination reason: abortError
1;10162.8947368421 * CompressionMethod + -7752.8947368421 * Deflate;150.337322511727;150.337322511727;150.337322511727;150.337322511727;0.038752;2;-7752.8947368421 * Deflate;1;1.79769313486232E+308;120.428612946138
2;5415.80645161291 * CompressionMethod + -3005.80645161291 * Deflate + 25769.9078341014 * x_10;62.1374947976131;62.1374947976131;62.1374947976131;62.1374947976131;0.062287;3;25769.9078341014 * x_10;1;88.1998277141143;70.8598921267463
3;6428.69565217392 * CompressionMethod + -4018.6956521739 * Deflate + 24757.0186335404 * x_10 + -3924.94565217392 * PPMd;45.2873466633912;45.2873466633912;45.2873466633912;45.2873466633912;0.102041;4;-3924.94565217392 * PPMd;1;16.8501481342219;59.051293922018
4;5283.80952380953 * CompressionMethod + -2873.80952380952 * Deflate + 25901.9047619047 * x_10 + -2780.05952380952 * PPMd + 13166.1904761905 * x_8;35.0248723233525;35.0248723233525;35.0248723233525;35.0248723233525;0.162411;5;13166.1904761905 * x_8;1;10.2624743400387;49.1967107841416
5;4188.69018793959 * CompressionMethod + -1778.69018793956 * Deflate + 24806.7854260348 * x_10 + -3920.80883200738 * PPMd + 12983.6705868788 * x_8 + 2555.2784503632 * tmOff;29.1913143124104;29.1913143124104;29.1913143124104;29.1913143124104;0.266299;6;2555.2784503632 * tmOff;1;5.83355801094209;59.7145934197555
6;3091.5129288911 * CompressionMethod + -681.512928891109 * Deflate + 25150.4164594729 * x_10 + -3592.87667826951 * PPMd + 13641.2792143212 * x_8 + 3434.41571357534 * tmOff + 15128.4870711089 * x_6;22.9815626744115;22.9815626744115;22.9815626744115;22.9815626744115;0.495691;7;15128.4870711089 * x_6;1;6.20975163799897;82.4018168173295
7;3880.7 * CompressionMethod + -1470.69999999998 * Deflate + 13268.7666666667 * x_10 + -2847.53333333333 * PPMd + 13728.9666666667 * x_8 + 1680.66666666667 * tmOff + 14339.3 * x_6 + 44084.8666666667 * x_10 * BZip2;12.2466535924657;12.2466535924657;12.2466535924657;12.2466535924657;0.762706;9;44084.8666666667 * x_10 * BZip2;2;5.36745454097287;60.7274337949137
8;3456.35288707877 * CompressionMethod + -1046.35288707875 * Deflate + 14948.0884188399 * x_10 + -1050.55770873019 * PPMd + 13681.8169874532 * x_8 + 111.94836760163 * tmOff + 14763.6471129213 * x_6 + 41886.8984431452 * x_10 * BZip2 + 2511.71188333445 * BZip2;5.22644632900464;5.22644632900464;5.22644632900464;5.22644632900464;1.19934;10;2511.71188333445 * BZip2;1;7.02020726346108;49.6254285335452
Analyze finished
command: printconfigs /scratch/kaltenec/Distribution-Aware-Sampling/Results_newTry/7z_disc/7z_disc_29/sampledConfigurations_solv_0.csv
command: clean-sampling
command: clean-global
command: script /scratch/kaltenec/Distribution-Aware-Sampling/Results_newTry/7z_disc/7z_disc_29/learn_solv_1.a
command: log /scratch/kaltenec/Distribution-Aware-Sampling/Results_newTry/7z_disc/7z_disc_29/out_solv_1.log
