Current machine learning settings: epsilon:0 lossFunction:RELATIVE parallelization:True bagging:False baggingNumbers:3 baggingTestDataFraction:50 useBackward:False abortError:1 limitFeatureSize:False featureSizeTreshold:4 quadraticFunctionSupport:True crossValidation:False crossValidation-k:5 learn-logFunction:False learn-accumulatedLogFunction:False learn-asymFunction:False learn-ratioFunction:False learn-mirrowedFunction:False numberOfRounds:70 backwardErrorDelta:1 minImprovementPerRound:0.1 withHierarchy:False bruteForceCandidates:False ignoreBadFeatures:False stopOnLongRound:True candidateSizePenalty:True learnTimeLimit:00:00:00 scoreMeasure:RELERROR outputRoundsToStdout:False blacklisted: 
command: mlsettings bagging:False stopOnLongRound:False parallelization:True lossFunction:RELATIVE useBackward:False abortError:10 limitFeatureSize:False featureSizeTreshold:7 quadraticFunctionSupport:True crossValidation:False learn_logFunction:True numberOfRounds:70 backwardErrorDelta:1 minImprovementPerRound:0.25 withHierarchy:False
Current machine learning settings: epsilon:0 lossFunction:RELATIVE parallelization:True bagging:False baggingNumbers:3 baggingTestDataFraction:50 useBackward:False abortError:10 limitFeatureSize:False featureSizeTreshold:7 quadraticFunctionSupport:True crossValidation:False crossValidation-k:5 learn-logFunction:True learn-accumulatedLogFunction:False learn-asymFunction:False learn-ratioFunction:False learn-mirrowedFunction:False numberOfRounds:70 backwardErrorDelta:1 minImprovementPerRound:0.25 withHierarchy:False bruteForceCandidates:False ignoreBadFeatures:False stopOnLongRound:False candidateSizePenalty:True learnTimeLimit:00:00:00 scoreMeasure:RELERROR outputRoundsToStdout:False blacklisted: 
command: solver z3
command: vm /scratch/kaltenec/Distribution-Aware-Sampling/DistOut/ConstraintData/7z_disc/FeatureModel.xml
command: all /scratch/kaltenec/Distribution-Aware-Sampling/DistOut/ConstraintData/7z_disc/measurements.xml
Configs with too large deviation: 0
68640 configurations loaded.
command: nfp Performance
command: hybrid distribution-aware distance-metric:manhattan distribution:uniform onlyBinary:true selection:SolverSelection number-weight-optimization:1-1 numConfigs:39 seed:25
command: learn-splconqueror
Learning: NumberOfConfigurationsLearning:39 NumberOfConfigurationsValidation:39
Learning progress:
1;16772.8125 * CompressionMethod + -1755.66964285714 * BlockSize_1;104.401041388429;104.401041388429;104.401041388429;104.401041388429;0.119343;2;-1755.66964285714 * BlockSize_1;1;1.79769313486232E+308;
2;9578.62859931674 * CompressionMethod + -7210.60029282576 * BlockSize_1 + 17708.7603709126 * x_10;52.0668868605882;52.0668868605882;52.0668868605882;52.0668868605882;0.147382;3;17708.7603709126 * x_10;1;52.3341545278404;
3;11629.15 * CompressionMethod + -9379.2392857143 * BlockSize_1 + 17874.125 * x_10 + -9680.91785714285 * Files_70;39.898835265818;39.898835265818;39.898835265818;39.898835265818;0.198095;4;-9680.91785714285 * Files_70;1;12.1680515947702;
4;11074.344874406 * CompressionMethod + -6933.05305014063 * BlockSize_1 + 15226.1914460285 * x_10 + -7991.28406556104 * Files_70 + 40349.4636795655 * BlockSize_64;29.787357936647;29.787357936647;29.787357936647;29.787357936647;0.276191;5;40349.4636795655 * BlockSize_64;1;10.111477329171;
5;10061.1742133538 * CompressionMethod + -6456.26685670432 * BlockSize_1 + 15977.1297006907 * x_10 + -7299.94408507839 * Files_70 + 40611.6960859555 * BlockSize_64 + 8778.82578664622 * x_8;24.7915549623793;24.7915549623793;24.7915549623793;24.7915549623793;0.385151;6;8778.82578664622 * x_8;1;4.99580297426769;
6;11815.4447001489 * CompressionMethod + -8080.31271152023 * BlockSize_1 + 15794.8152159199 * x_10 + -8221.93447949097 * Files_70 + 39039.7400839312 * BlockSize_64 + 9664.06389603359 * x_8 + -2639.50859618247 * mtOff;21.2144305116216;21.2144305116216;21.2144305116216;21.2144305116216;0.530927;7;-2639.50859618247 * mtOff;1;3.57712445075768;
7;11085.0285089432 * CompressionMethod + -7566.68671405141 * BlockSize_1 + 16098.3214871514 * x_10 + -7782.05420604547 * Files_70 + 33991.6785128486 * BlockSize_64 + 9832.86378192611 * x_8 + -2077.89229086935 * mtOff + 5474.97149105678 * Files_80;19.2300051026965;19.2300051026965;19.2300051026965;19.2300051026965;0.77919;8;5474.97149105678 * Files_80;1;1.98442540892506;
8;9260.48431480463 * CompressionMethod + -4894.80645753073 * BlockSize_1 + 14912.0509998165 * x_10 + -6035.11649238674 * Files_70 + 35177.9490001835 * BlockSize_64 + 9606.37956338287 * x_8 + -26.8638781874889 * mtOff + 7299.51568519539 * Files_80 + 20277.4646853789 * Deflate;18.4770526885237;18.4770526885237;18.4770526885237;18.4770526885237;1.287573;9;20277.4646853789 * Deflate;1;0.7529524141728;
9;2453.91036737834 * CompressionMethod + 444.597037891934 * BlockSize_1 + 16966.0896326217 * x_10 + -9059.95576072321 * Files_70 + 33123.9103673783 * BlockSize_64 + 9998.53914214272 * x_8 + -3578.2390844393 * mtOff + 14106.0896326216 * Files_80 + 25030 * Deflate + 9965.78957491826 * HeaderCompressionOff;15.2589409846825;15.2589409846825;15.2589409846825;15.2589409846825;2.008007;10;9965.78957491826 * HeaderCompressionOff;1;3.21811170384127;
10;2321.68233547748 * CompressionMethod + 313.052944087111 * BlockSize_1 + 17098.3176645225 * x_10 + -9096.43245917865 * Files_70 + 32991.6823354775 * BlockSize_64 + 10043.5650667986 * x_8 + -3613.00593765464 * mtOff + 14238.3176645226 * Files_80 + 25030 * Deflate + 10087.7585353786 * HeaderCompressionOff + 1185.26472043545 * Files_0;14.6778849735544;14.6778849735544;14.6778849735544;14.6778849735544;2.762865;11;1185.26472043545 * Files_0;1;0.581056011128101;
11;2535.76105179567 * CompressionMethod + 277.373158034086 * BlockSize_1 + 16884.2389482043 * x_10 + -9819.64969557927 * Files_70 + 33205.7610517956 * BlockSize_64 + 10075.4363363628 * x_8 + -4150.40765904881 * mtOff + 14024.2389482044 * Files_80 + 25030 * Deflate + 10379.2102708903 * HeaderCompressionOff + 1006.86579017027 * Files_0 + 3240.84708373777 * Files_70 * BlockSize_4;13.7865232319237;13.7865232319237;13.7865232319237;13.7865232319237;3.555143;13;3240.84708373777 * Files_70 * BlockSize_4;2;0.445680870815315;
12;2646.01855431 * CompressionMethod + 258.996907615018 * BlockSize_1 + 16773.98144569 * x_10 + -9848.64708156165 * Files_70 + 33316.01855431 * BlockSize_64 + 9909.37572477774 * x_8 + -4030.03478933126 * mtOff + 13913.98144569 * Files_80 + 25030 * Deflate + 10314.6405102435 * HeaderCompressionOff + 914.984538074999 * Files_0 + 3214.04136064941 * Files_70 * BlockSize_4 + -1910.62427522227 * Files_60;13.528906469845;13.528906469845;13.528906469845;13.528906469845;4.200458;14;-1910.62427522227 * Files_60;1;0.25761676207876;
13;2778.07753925026 * CompressionMethod + 236.987076791633 * BlockSize_1 + 16641.9224607497 * x_10 + -9883.37819075084 * Files_70 + 33448.0775392502 * BlockSize_64 + 9710.47954715366 * x_8 + -3885.86030118551 * mtOff + 13781.9224607497 * Files_80 + 25030 * Deflate + 10237.3032147816 * HeaderCompressionOff + 804.935383958116 * Files_0 + 3181.93527715476 * Files_70 * BlockSize_4 + -2109.5204528463 * Files_60 + -2089.5204528463 * BlockSize_1024;13.2508755173394;13.2508755173394;13.2508755173394;13.2508755173394;5.151695;15;-2089.5204528463 * BlockSize_1024;1;0.278030952505519;
14;2916.9897350203 * CompressionMethod + 213.835044163283 * BlockSize_1 + 16503.0102649798 * x_10 + -9919.91167343043 * Files_70 + 33586.9897350204 * BlockSize_64 + 9501.26163762235 * x_8 + -3734.20386727144 * mtOff + 13643.0102649796 * Files_80 + 25030 * Deflate + 10155.9524946288 * HeaderCompressionOff + 689.175220816417 * Files_0 + 3148.16304607304 * Files_70 * BlockSize_4 + -2318.73836237767 * Files_60 + -2298.73836237768 * BlockSize_1024 + -1988.73836237768 * Files_20;13.1909240047615;13.1909240047615;13.1909240047615;13.1909240047615;6.211007;16;-1988.73836237768 * Files_20;1;0.0599515125779515;
Elapsed=00:00:06.2137329
average model: 
command: analyze-learning
Round, Model, LearningError, LearningErrorRel, ValidationError, ValidationErrorRel, ElapsedSeconds, ModelComplexity, BestCandidate, BestCandidateSize, BestCandidateScore, TestError
Models:
Termination reason: minImprovementPerRound
1;16772.8125 * CompressionMethod + -1755.66964285714 * BlockSize_1;104.401041388429;104.401041388429;104.401041388429;104.401041388429;0.119343;2;-1755.66964285714 * BlockSize_1;1;1.79769313486232E+308;279.219757703373
2;9578.62859931674 * CompressionMethod + -7210.60029282576 * BlockSize_1 + 17708.7603709126 * x_10;52.0668868605882;52.0668868605882;52.0668868605882;52.0668868605882;0.147382;3;17708.7603709126 * x_10;1;52.3341545278404;144.452073463113
3;11629.15 * CompressionMethod + -9379.2392857143 * BlockSize_1 + 17874.125 * x_10 + -9680.91785714285 * Files_70;39.898835265818;39.898835265818;39.898835265818;39.898835265818;0.198095;4;-9680.91785714285 * Files_70;1;12.1680515947702;171.19070439041
4;11074.344874406 * CompressionMethod + -6933.05305014063 * BlockSize_1 + 15226.1914460285 * x_10 + -7991.28406556104 * Files_70 + 40349.4636795655 * BlockSize_64;29.787357936647;29.787357936647;29.787357936647;29.787357936647;0.276191;5;40349.4636795655 * BlockSize_64;1;10.111477329171;226.666999461448
5;10061.1742133538 * CompressionMethod + -6456.26685670432 * BlockSize_1 + 15977.1297006907 * x_10 + -7299.94408507839 * Files_70 + 40611.6960859555 * BlockSize_64 + 8778.82578664622 * x_8;24.7915549623793;24.7915549623793;24.7915549623793;24.7915549623793;0.385151;6;8778.82578664622 * x_8;1;4.99580297426769;209.702369726841
6;11815.4447001489 * CompressionMethod + -8080.31271152023 * BlockSize_1 + 15794.8152159199 * x_10 + -8221.93447949097 * Files_70 + 39039.7400839312 * BlockSize_64 + 9664.06389603359 * x_8 + -2639.50859618247 * mtOff;21.2144305116216;21.2144305116216;21.2144305116216;21.2144305116216;0.530927;7;-2639.50859618247 * mtOff;1;3.57712445075768;217.187903831051
7;11085.0285089432 * CompressionMethod + -7566.68671405141 * BlockSize_1 + 16098.3214871514 * x_10 + -7782.05420604547 * Files_70 + 33991.6785128486 * BlockSize_64 + 9832.86378192611 * x_8 + -2077.89229086935 * mtOff + 5474.97149105678 * Files_80;19.2300051026965;19.2300051026965;19.2300051026965;19.2300051026965;0.77919;8;5474.97149105678 * Files_80;1;1.98442540892506;210.41707220096
8;9260.48431480463 * CompressionMethod + -4894.80645753073 * BlockSize_1 + 14912.0509998165 * x_10 + -6035.11649238674 * Files_70 + 35177.9490001835 * BlockSize_64 + 9606.37956338287 * x_8 + -26.8638781874889 * mtOff + 7299.51568519539 * Files_80 + 20277.4646853789 * Deflate;18.4770526885237;18.4770526885237;18.4770526885237;18.4770526885237;1.287573;9;20277.4646853789 * Deflate;1;0.7529524141728;315.487454286294
9;2453.91036737834 * CompressionMethod + 444.597037891934 * BlockSize_1 + 16966.0896326217 * x_10 + -9059.95576072321 * Files_70 + 33123.9103673783 * BlockSize_64 + 9998.53914214272 * x_8 + -3578.2390844393 * mtOff + 14106.0896326216 * Files_80 + 25030 * Deflate + 9965.78957491826 * HeaderCompressionOff;15.2589409846825;15.2589409846825;15.2589409846825;15.2589409846825;2.008007;10;9965.78957491826 * HeaderCompressionOff;1;3.21811170384127;327.887202676753
10;2321.68233547748 * CompressionMethod + 313.052944087111 * BlockSize_1 + 17098.3176645225 * x_10 + -9096.43245917865 * Files_70 + 32991.6823354775 * BlockSize_64 + 10043.5650667986 * x_8 + -3613.00593765464 * mtOff + 14238.3176645226 * Files_80 + 25030 * Deflate + 10087.7585353786 * HeaderCompressionOff + 1185.26472043545 * Files_0;14.6778849735544;14.6778849735544;14.6778849735544;14.6778849735544;2.762865;11;1185.26472043545 * Files_0;1;0.581056011128101;328.875607070696
11;2535.76105179567 * CompressionMethod + 277.373158034086 * BlockSize_1 + 16884.2389482043 * x_10 + -9819.64969557927 * Files_70 + 33205.7610517956 * BlockSize_64 + 10075.4363363628 * x_8 + -4150.40765904881 * mtOff + 14024.2389482044 * Files_80 + 25030 * Deflate + 10379.2102708903 * HeaderCompressionOff + 1006.86579017027 * Files_0 + 3240.84708373777 * Files_70 * BlockSize_4;13.7865232319237;13.7865232319237;13.7865232319237;13.7865232319237;3.555143;13;3240.84708373777 * Files_70 * BlockSize_4;2;0.445680870815315;331.504063331986
12;2646.01855431 * CompressionMethod + 258.996907615018 * BlockSize_1 + 16773.98144569 * x_10 + -9848.64708156165 * Files_70 + 33316.01855431 * BlockSize_64 + 9909.37572477774 * x_8 + -4030.03478933126 * mtOff + 13913.98144569 * Files_80 + 25030 * Deflate + 10314.6405102435 * HeaderCompressionOff + 914.984538074999 * Files_0 + 3214.04136064941 * Files_70 * BlockSize_4 + -1910.62427522227 * Files_60;13.528906469845;13.528906469845;13.528906469845;13.528906469845;4.200458;14;-1910.62427522227 * Files_60;1;0.25761676207876;330.723857664136
13;2778.07753925026 * CompressionMethod + 236.987076791633 * BlockSize_1 + 16641.9224607497 * x_10 + -9883.37819075084 * Files_70 + 33448.0775392502 * BlockSize_64 + 9710.47954715366 * x_8 + -3885.86030118551 * mtOff + 13781.9224607497 * Files_80 + 25030 * Deflate + 10237.3032147816 * HeaderCompressionOff + 804.935383958116 * Files_0 + 3181.93527715476 * Files_70 * BlockSize_4 + -2109.5204528463 * Files_60 + -2089.5204528463 * BlockSize_1024;13.2508755173394;13.2508755173394;13.2508755173394;13.2508755173394;5.151695;15;-2089.5204528463 * BlockSize_1024;1;0.278030952505519;330.205711573211
14;2916.9897350203 * CompressionMethod + 213.835044163283 * BlockSize_1 + 16503.0102649798 * x_10 + -9919.91167343043 * Files_70 + 33586.9897350204 * BlockSize_64 + 9501.26163762235 * x_8 + -3734.20386727144 * mtOff + 13643.0102649796 * Files_80 + 25030 * Deflate + 10155.9524946288 * HeaderCompressionOff + 689.175220816417 * Files_0 + 3148.16304607304 * Files_70 * BlockSize_4 + -2318.73836237767 * Files_60 + -2298.73836237768 * BlockSize_1024 + -1988.73836237768 * Files_20;13.1909240047615;13.1909240047615;13.1909240047615;13.1909240047615;6.211007;16;-1988.73836237768 * Files_20;1;0.0599515125779515;329.273568456574
Analyze finished
command: measurementstocsv /scratch/kaltenec/Distribution-Aware-Sampling/Results_opt/7z_disc/7z_disc_25/sampledConfigurations_solv_0.csv
command: clean-sampling
command: clean-global
command: script /scratch/kaltenec/Distribution-Aware-Sampling/Results_opt/7z_disc/7z_disc_25/learn_solv_1.a
command: log /scratch/kaltenec/Distribution-Aware-Sampling/Results_opt/7z_disc/7z_disc_25/out_solv_1.log
