Current machine learning settings: epsilon:0 lossFunction:RELATIVE parallelization:True bagging:False baggingNumbers:3 considerEpsilonTube:False baggingTestDataFraction:50 useBackward:False abortError:1 limitFeatureSize:False featureSizeTreshold:4 quadraticFunctionSupport:True crossValidation:False crossValidation-k:5 learn-logFunction:False learn-accumulatedLogFunction:False learn-asymFunction:False learn-ratioFunction:False learn-mirrowedFunction:False numberOfRounds:70 backwardErrorDelta:1 minImprovementPerRound:0.1 withHierarchy:False bruteForceCandidates:False ignoreBadFeatures:False stopOnLongRound:True candidateSizePenalty:True learnTimeLimit:00:00:00 scoreMeasure:RELERROR outputRoundsToStdout:False blacklisted: 
command: mlsettings bagging:False stopOnLongRound:False parallelization:True lossFunction:RELATIVE useBackward:False abortError:10 limitFeatureSize:False featureSizeTreshold:7 quadraticFunctionSupport:True crossValidation:False learn_logFunction:True numberOfRounds:70 backwardErrorDelta:1 minImprovementPerRound:0.25 withHierarchy:False
Current machine learning settings: epsilon:0 lossFunction:RELATIVE parallelization:True bagging:False baggingNumbers:3 considerEpsilonTube:False baggingTestDataFraction:50 useBackward:False abortError:10 limitFeatureSize:False featureSizeTreshold:7 quadraticFunctionSupport:True crossValidation:False crossValidation-k:5 learn-logFunction:True learn-accumulatedLogFunction:False learn-asymFunction:False learn-ratioFunction:False learn-mirrowedFunction:False numberOfRounds:70 backwardErrorDelta:1 minImprovementPerRound:0.25 withHierarchy:False bruteForceCandidates:False ignoreBadFeatures:False stopOnLongRound:False candidateSizePenalty:True learnTimeLimit:00:00:00 scoreMeasure:RELERROR outputRoundsToStdout:False blacklisted: 
command: solver z3
command: vm /scratch/kaltenec/Distribution-Aware-Sampling/DistOut/ConstraintData/7z_disc/FeatureModel.xml
command: all /scratch/kaltenec/Distribution-Aware-Sampling/DistOut/ConstraintData/7z_disc/measurements.xml
Configs with too large deviation: 0
68640 configurations loaded.
command: nfp Performance
command: binary satoutput henard:true numConfigs:600 seed:66
command: learn-splconqueror
Learning: NumberOfConfigurationsLearning:600 NumberOfConfigurationsValidation:600
Learning progress:
1;4034.19421487606 * CompressionMethod + -1902.29766315187 * Deflate;33.5098772819803;33.5098772819803;33.5098772819803;33.5098772819803;0.090491;2;-1902.29766315187 * Deflate;1;1.79769313486232E+308;
2;3204.63414634148 * CompressionMethod + -1072.7375946173 * Deflate + 3491.36585365856 * BZip2;17.2496679068778;17.2496679068778;17.2496679068778;17.2496679068778;0.301298;3;3491.36585365856 * BZip2;1;16.2602093751026;
3;3587.609561753 * CompressionMethod + -1455.71301002884 * Deflate + 3108.39043824703 * BZip2 + -1197.60956175296 * PPMd;13.2625926561748;13.2625926561748;13.2625926561748;13.2625926561748;0.667609;4;-1197.60956175296 * PPMd;1;3.98707525070293;
4;3434.13377728194 * CompressionMethod + -1302.23722555773 * Deflate + 2926.88864095961 * BZip2 + -1044.13377728203 * PPMd + 38522.4219022384 * x_10;11.917187510508;11.917187510508;11.917187510508;11.917187510508;1.274189;5;38522.4219022384 * x_10;1;1.34540514566685;
5;3383.63336458394 * CompressionMethod + -1360.79063284205 * Deflate + 2977.1685278378 * BZip2 + -1100.83881473591 * PPMd + 38547.7823714973 * x_10 + 12650.243117942 * x_8;11.0071202332348;11.0071202332348;11.0071202332348;11.0071202332348;2.148683;6;12650.243117942 * x_8;1;0.910067277273161;
6;3383.30485244988 * CompressionMethod + -1361.1715308141 * Deflate + 2977.49560542111 * BZip2 + -1346.34709728738 * PPMd + 38547.9473448396 * x_10 + 12732.5346902507 * x_8 + 498.731900009888 * PPMd * filterOff;10.0543962058962;10.0543962058962;10.0543962058962;10.0543962058962;3.227737;8;498.731900009888 * PPMd * filterOff;2;0.476362013669328;
7;3094.36372364708 * CompressionMethod + -1073.06775072301 * Deflate + 3265.17498256974 * BZip2 + -1059.0248426607 * PPMd + 38693.0487850681 * x_10 + 12829.6671408143 * x_8 + 500.350774186052 * PPMd * filterOff + 597.37181354305 * LZMA2;9.62755741857756;9.62755741857756;9.62755741857756;9.62755741857756;4.752527;9;597.37181354305 * LZMA2;1;0.426838787318594;
Elapsed=00:00:04.7569984
average model: 
command: analyze-learning
Round, Model, LearningError, LearningErrorRel, ValidationError, ValidationErrorRel, ElapsedSeconds, ModelComplexity, BestCandidate, BestCandidateSize, BestCandidateScore, TestError
Models:
Termination reason: abortError
1;4034.19421487606 * CompressionMethod + -1902.29766315187 * Deflate;33.5098772819803;33.5098772819803;33.5098772819803;33.5098772819803;0.090491;2;-1902.29766315187 * Deflate;1;1.79769313486232E+308;53.6388523514444
2;3204.63414634148 * CompressionMethod + -1072.7375946173 * Deflate + 3491.36585365856 * BZip2;17.2496679068778;17.2496679068778;17.2496679068778;17.2496679068778;0.301298;3;3491.36585365856 * BZip2;1;16.2602093751026;43.4824163325978
3;3587.609561753 * CompressionMethod + -1455.71301002884 * Deflate + 3108.39043824703 * BZip2 + -1197.60956175296 * PPMd;13.2625926561748;13.2625926561748;13.2625926561748;13.2625926561748;0.667609;4;-1197.60956175296 * PPMd;1;3.98707525070293;41.3680161449158
4;3434.13377728194 * CompressionMethod + -1302.23722555773 * Deflate + 2926.88864095961 * BZip2 + -1044.13377728203 * PPMd + 38522.4219022384 * x_10;11.917187510508;11.917187510508;11.917187510508;11.917187510508;1.274189;5;38522.4219022384 * x_10;1;1.34540514566685;51.8045471845191
5;3383.63336458394 * CompressionMethod + -1360.79063284205 * Deflate + 2977.1685278378 * BZip2 + -1100.83881473591 * PPMd + 38547.7823714973 * x_10 + 12650.243117942 * x_8;11.0071202332348;11.0071202332348;11.0071202332348;11.0071202332348;2.148683;6;12650.243117942 * x_8;1;0.910067277273161;44.9659128149853
6;3383.30485244988 * CompressionMethod + -1361.1715308141 * Deflate + 2977.49560542111 * BZip2 + -1346.34709728738 * PPMd + 38547.9473448396 * x_10 + 12732.5346902507 * x_8 + 498.731900009888 * PPMd * filterOff;10.0543962058962;10.0543962058962;10.0543962058962;10.0543962058962;3.227737;8;498.731900009888 * PPMd * filterOff;2;0.476362013669328;44.937582188861
7;3094.36372364708 * CompressionMethod + -1073.06775072301 * Deflate + 3265.17498256974 * BZip2 + -1059.0248426607 * PPMd + 38693.0487850681 * x_10 + 12829.6671408143 * x_8 + 500.350774186052 * PPMd * filterOff + 597.37181354305 * LZMA2;9.62755741857756;9.62755741857756;9.62755741857756;9.62755741857756;4.752527;9;597.37181354305 * LZMA2;1;0.426838787318594;45.1619918847212
Analyze finished
command: clean-sampling
command: clean-global
