Current machine learning settings: epsilon:0 lossFunction:RELATIVE parallelization:True bagging:False baggingNumbers:3 considerEpsilonTube:False baggingTestDataFraction:50 useBackward:False abortError:1 limitFeatureSize:False featureSizeTreshold:4 quadraticFunctionSupport:True crossValidation:False crossValidation-k:5 learn-logFunction:False learn-accumulatedLogFunction:False learn-asymFunction:False learn-ratioFunction:False learn-mirrowedFunction:False numberOfRounds:70 backwardErrorDelta:1 minImprovementPerRound:0.1 withHierarchy:False bruteForceCandidates:False ignoreBadFeatures:False stopOnLongRound:True candidateSizePenalty:True learnTimeLimit:00:00:00 scoreMeasure:RELERROR outputRoundsToStdout:False blacklisted: 
command: mlsettings bagging:False stopOnLongRound:False parallelization:True lossFunction:RELATIVE useBackward:False abortError:10 limitFeatureSize:False featureSizeTreshold:7 quadraticFunctionSupport:True crossValidation:False learn_logFunction:True numberOfRounds:70 backwardErrorDelta:1 minImprovementPerRound:0.25 withHierarchy:False
Current machine learning settings: epsilon:0 lossFunction:RELATIVE parallelization:True bagging:False baggingNumbers:3 considerEpsilonTube:False baggingTestDataFraction:50 useBackward:False abortError:10 limitFeatureSize:False featureSizeTreshold:7 quadraticFunctionSupport:True crossValidation:False crossValidation-k:5 learn-logFunction:True learn-accumulatedLogFunction:False learn-asymFunction:False learn-ratioFunction:False learn-mirrowedFunction:False numberOfRounds:70 backwardErrorDelta:1 minImprovementPerRound:0.25 withHierarchy:False bruteForceCandidates:False ignoreBadFeatures:False stopOnLongRound:False candidateSizePenalty:True learnTimeLimit:00:00:00 scoreMeasure:RELERROR outputRoundsToStdout:False blacklisted: 
command: solver z3
command: vm /scratch/kaltenec/Distribution-Aware-Sampling/DistOut/ConstraintData/Hipacc_disc/FeatureModel.xml
Warning: Variability model contains outdated notation. Children nodes will no longer have effect on the model. Instead use the parent node to describe the parent of an configuration option. You can also use the converter providedby the Variability Model GUI in export>convert legacy model.
Warning: Default value nodes in models are no longer used and should be removed. You can also use the converter provided by the Variability Model GUI in export>convert legacy model to update your model.
command: all /scratch/kaltenec/Distribution-Aware-Sampling/DistOut/ConstraintData/Hipacc_disc/measurements.xml
Configs with too large deviation: 0
13485 configurations loaded.
command: nfp Performance
command: hybrid distribution-aware distance-metric:manhattan distribution:uniform onlyBinary:true selection:SolverSelection optimization:None numConfigs:4131 seed:62
command: learn-splconqueror
Learning: NumberOfConfigurationsLearning:4131 NumberOfConfigurationsValidation:4131
Learning progress:
1;36.49969793572 * API + -2.02048411993052 * padding_192;31.7487612389891;31.7487612389891;31.7487612389891;31.7487612389891;1.058719;2;-2.02048411993052 * padding_192;1;1.79769313486232E+308;
2;27.1782415064806 * API + -0.775479771314989 * padding_192 + 18.0532458272778 * LocalMemory;20.1231891756545;20.1231891756545;20.1231891756545;20.1231891756545;3.05643;3;18.0532458272778 * LocalMemory;1;11.6255720633345;
3;26.6111943471086 * API + -0.676778538003421 * padding_192 + 17.8478765570347 * LocalMemory + 21.2884227844368 * bs_32x1;18.859240970855;18.859240970855;18.859240970855;18.859240970855;7.550238;4;21.2884227844368 * bs_32x1;1;1.26394820479956;
4;24.9103433493957 * API + -0.758086107268908 * padding_192 + 18.5117889907091 * LocalMemory + 21.2907747827066 * bs_32x1 + 5.13028747040129 * pixelPerThread_1;17.4941232621069;17.4941232621069;17.4941232621069;17.4941232621069;13.745028;5;5.13028747040129 * pixelPerThread_1;1;1.36511770874804;
5;24.8218377458549 * API + -0.595672509395637 * padding_192 + 17.2880424504241 * LocalMemory + 22.0478119470539 * bs_32x1 + 5.29588919569116 * pixelPerThread_1 + 30.8330625154121 * LocalMemory * bs_512x1;16.1566018031317;16.1566018031317;16.1566018031317;16.1566018031317;23.281072;7;30.8330625154121 * LocalMemory * bs_512x1;2;0.668760729487623;
6;24.5947490392411 * API + -0.08323566914591 * padding_192 + 19.9464117567969 * LocalMemory + 20.50403910675 * bs_32x1 + 5.9718157879958 * pixelPerThread_1 + 28.2742902325822 * LocalMemory * bs_512x1 + -9.33039089540858 * LocalMemory * Linear1D;15.327651975918;15.327651975918;15.327651975918;15.327651975918;35.554955;9;-9.33039089540858 * LocalMemory * Linear1D;2;0.414474913606837;
7;24.653646830751 * API + -0.152792048154765 * padding_192 + 20.4226495396738 * LocalMemory + 20.1701499461342 * bs_32x1 + 5.96685415611646 * pixelPerThread_1 + 27.7431867373761 * LocalMemory * bs_512x1 + -8.93952161122306 * LocalMemory * Linear1D + -9.57764747225803 * bs_32x4;14.9258994518031;14.9258994518031;14.9258994518031;14.9258994518031;51.701989;10;-9.57764747225803 * bs_32x4;1;0.401752524114878;
8;24.2914316611942 * API + 0.135163978849685 * padding_192 + 20.4394157549953 * LocalMemory + 20.5075616407146 * bs_32x1 + 5.95539257101269 * pixelPerThread_1 + 28.0768377680626 * LocalMemory * bs_512x1 + -8.63443573949886 * LocalMemory * Linear1D + -9.40204365572077 * bs_32x4 + 5.99263165917738 * Array2D;14.5994774758411;14.5994774758411;14.5994774758411;14.5994774758411;74.747628;11;5.99263165917738 * Array2D;1;0.326421975962027;
9;24.0372021634483 * API + 0.313200084657257 * padding_192 + 20.5609496589159 * LocalMemory + 20.7238048807611 * bs_32x1 + 5.78082777400665 * pixelPerThread_1 + 28.2278533376278 * LocalMemory * bs_512x1 + -8.79285206418427 * LocalMemory * Linear1D + -9.17134967698503 * bs_32x4 + 5.8265143882158 * Array2D + 6.51349280190569 * bs_64x16;14.3255339625102;14.3255339625102;14.3255339625102;14.3255339625102;102.891782;12;6.51349280190569 * bs_64x16;1;0.273943513330901;
10;23.6785219553152 * API + 0.462926618759159 * padding_192 + 20.7837412323987 * LocalMemory + 20.982536759981 * bs_32x1 + 5.62214179134833 * pixelPerThread_1 + 28.3809656386098 * LocalMemory * bs_512x1 + -8.89038553931709 * LocalMemory * Linear1D + -8.95646394067451 * bs_32x4 + 5.74246056963003 * Array2D + 6.87591353820106 * bs_64x16 + 5.80091212741321 * bs_256x4;14.0593184800879;14.0593184800879;14.0593184800879;14.0593184800879;136.51007;13;5.80091212741321 * bs_256x4;1;0.266215482422352;
11;23.3390174093564 * API + 0.498566606634777 * padding_192 + 21.1097311049521 * LocalMemory + 21.138540783747 * bs_32x1 + 5.58005746243472 * pixelPerThread_1 + 28.3992395628898 * LocalMemory * bs_512x1 + -9.01492269339638 * LocalMemory * Linear1D + -8.86590070239925 * bs_32x4 + 5.47456956444293 * Array2D + 7.15184579589738 * bs_64x16 + 6.09345078857885 * bs_256x4 + 10.5459767665902 * bs_1024x1;13.809893860132;13.809893860132;13.809893860132;13.809893860132;176.247489;14;10.5459767665902 * bs_1024x1;1;0.249424619955867;
Elapsed=00:02:56.3127767
average model: 
command: analyze-learning
Round, Model, LearningError, LearningErrorRel, ValidationError, ValidationErrorRel, ElapsedSeconds, ModelComplexity, BestCandidate, BestCandidateSize, BestCandidateScore, TestError
Models:
Termination reason: minImprovementPerRound
1;36.49969793572 * API + -2.02048411993052 * padding_192;31.7487612389891;31.7487612389891;31.7487612389891;31.7487612389891;1.058719;2;-2.02048411993052 * padding_192;1;1.79769313486232E+308;35.1985548483865
2;27.1782415064806 * API + -0.775479771314989 * padding_192 + 18.0532458272778 * LocalMemory;20.1231891756545;20.1231891756545;20.1231891756545;20.1231891756545;3.05643;3;18.0532458272778 * LocalMemory;1;11.6255720633345;21.0165181320567
3;26.6111943471086 * API + -0.676778538003421 * padding_192 + 17.8478765570347 * LocalMemory + 21.2884227844368 * bs_32x1;18.859240970855;18.859240970855;18.859240970855;18.859240970855;7.550238;4;21.2884227844368 * bs_32x1;1;1.26394820479956;20.1189350770976
4;24.9103433493957 * API + -0.758086107268908 * padding_192 + 18.5117889907091 * LocalMemory + 21.2907747827066 * bs_32x1 + 5.13028747040129 * pixelPerThread_1;17.4941232621069;17.4941232621069;17.4941232621069;17.4941232621069;13.745028;5;5.13028747040129 * pixelPerThread_1;1;1.36511770874804;18.753217650988
5;24.8218377458549 * API + -0.595672509395637 * padding_192 + 17.2880424504241 * LocalMemory + 22.0478119470539 * bs_32x1 + 5.29588919569116 * pixelPerThread_1 + 30.8330625154121 * LocalMemory * bs_512x1;16.1566018031317;16.1566018031317;16.1566018031317;16.1566018031317;23.281072;7;30.8330625154121 * LocalMemory * bs_512x1;2;0.668760729487623;17.8981904558512
6;24.5947490392411 * API + -0.08323566914591 * padding_192 + 19.9464117567969 * LocalMemory + 20.50403910675 * bs_32x1 + 5.9718157879958 * pixelPerThread_1 + 28.2742902325822 * LocalMemory * bs_512x1 + -9.33039089540858 * LocalMemory * Linear1D;15.327651975918;15.327651975918;15.327651975918;15.327651975918;35.554955;9;-9.33039089540858 * LocalMemory * Linear1D;2;0.414474913606837;17.5152671338016
7;24.653646830751 * API + -0.152792048154765 * padding_192 + 20.4226495396738 * LocalMemory + 20.1701499461342 * bs_32x1 + 5.96685415611646 * pixelPerThread_1 + 27.7431867373761 * LocalMemory * bs_512x1 + -8.93952161122306 * LocalMemory * Linear1D + -9.57764747225803 * bs_32x4;14.9258994518031;14.9258994518031;14.9258994518031;14.9258994518031;51.701989;10;-9.57764747225803 * bs_32x4;1;0.401752524114878;17.4751376138036
8;24.2914316611942 * API + 0.135163978849685 * padding_192 + 20.4394157549953 * LocalMemory + 20.5075616407146 * bs_32x1 + 5.95539257101269 * pixelPerThread_1 + 28.0768377680626 * LocalMemory * bs_512x1 + -8.63443573949886 * LocalMemory * Linear1D + -9.40204365572077 * bs_32x4 + 5.99263165917738 * Array2D;14.5994774758411;14.5994774758411;14.5994774758411;14.5994774758411;74.747628;11;5.99263165917738 * Array2D;1;0.326421975962027;17.1206791021998
9;24.0372021634483 * API + 0.313200084657257 * padding_192 + 20.5609496589159 * LocalMemory + 20.7238048807611 * bs_32x1 + 5.78082777400665 * pixelPerThread_1 + 28.2278533376278 * LocalMemory * bs_512x1 + -8.79285206418427 * LocalMemory * Linear1D + -9.17134967698503 * bs_32x4 + 5.8265143882158 * Array2D + 6.51349280190569 * bs_64x16;14.3255339625102;14.3255339625102;14.3255339625102;14.3255339625102;102.891782;12;6.51349280190569 * bs_64x16;1;0.273943513330901;16.9209520700795
10;23.6785219553152 * API + 0.462926618759159 * padding_192 + 20.7837412323987 * LocalMemory + 20.982536759981 * bs_32x1 + 5.62214179134833 * pixelPerThread_1 + 28.3809656386098 * LocalMemory * bs_512x1 + -8.89038553931709 * LocalMemory * Linear1D + -8.95646394067451 * bs_32x4 + 5.74246056963003 * Array2D + 6.87591353820106 * bs_64x16 + 5.80091212741321 * bs_256x4;14.0593184800879;14.0593184800879;14.0593184800879;14.0593184800879;136.51007;13;5.80091212741321 * bs_256x4;1;0.266215482422352;16.6501076859081
11;23.3390174093564 * API + 0.498566606634777 * padding_192 + 21.1097311049521 * LocalMemory + 21.138540783747 * bs_32x1 + 5.58005746243472 * pixelPerThread_1 + 28.3992395628898 * LocalMemory * bs_512x1 + -9.01492269339638 * LocalMemory * Linear1D + -8.86590070239925 * bs_32x4 + 5.47456956444293 * Array2D + 7.15184579589738 * bs_64x16 + 6.09345078857885 * bs_256x4 + 10.5459767665902 * bs_1024x1;13.809893860132;13.809893860132;13.809893860132;13.809893860132;176.247489;14;10.5459767665902 * bs_1024x1;1;0.249424619955867;16.3627794739673
Analyze finished
command: printconfigs /scratch/kaltenec/Distribution-Aware-Sampling/Results_newTry/Hipacc_disc/Hipacc_disc_62/sampledConfigurations_solv_2.csv
command: clean-sampling
command: clean-global
