Current machine learning settings: epsilon:0 lossFunction:RELATIVE parallelization:True bagging:False baggingNumbers:3 considerEpsilonTube:False baggingTestDataFraction:50 useBackward:False abortError:1 limitFeatureSize:False featureSizeTreshold:4 quadraticFunctionSupport:True crossValidation:False crossValidation-k:5 learn-logFunction:False learn-accumulatedLogFunction:False learn-asymFunction:False learn-ratioFunction:False learn-mirrowedFunction:False numberOfRounds:70 backwardErrorDelta:1 minImprovementPerRound:0.1 withHierarchy:False bruteForceCandidates:False ignoreBadFeatures:False stopOnLongRound:True candidateSizePenalty:True learnTimeLimit:00:00:00 scoreMeasure:RELERROR outputRoundsToStdout:False blacklisted: 
command: mlsettings bagging:False stopOnLongRound:False parallelization:True lossFunction:RELATIVE useBackward:False abortError:10 limitFeatureSize:False featureSizeTreshold:7 quadraticFunctionSupport:True crossValidation:False learn_logFunction:True numberOfRounds:70 backwardErrorDelta:1 minImprovementPerRound:0.25 withHierarchy:False
Current machine learning settings: epsilon:0 lossFunction:RELATIVE parallelization:True bagging:False baggingNumbers:3 considerEpsilonTube:False baggingTestDataFraction:50 useBackward:False abortError:10 limitFeatureSize:False featureSizeTreshold:7 quadraticFunctionSupport:True crossValidation:False crossValidation-k:5 learn-logFunction:True learn-accumulatedLogFunction:False learn-asymFunction:False learn-ratioFunction:False learn-mirrowedFunction:False numberOfRounds:70 backwardErrorDelta:1 minImprovementPerRound:0.25 withHierarchy:False bruteForceCandidates:False ignoreBadFeatures:False stopOnLongRound:False candidateSizePenalty:True learnTimeLimit:00:00:00 scoreMeasure:RELERROR outputRoundsToStdout:False blacklisted: 
command: solver z3
command: vm /scratch/kaltenec/Distribution-Aware-Sampling/DistOut/ConstraintData/VP9_disc/FeatureModel.xml
command: all /scratch/kaltenec/Distribution-Aware-Sampling/DistOut/ConstraintData/VP9_disc/measurements.xml
Configs with too large deviation: 0
216000 configurations loaded.
command: nfp Performance
command: hybrid distribution-aware distance-metric:manhattan distribution:uniform onlyBinary:true selection:SolverSelection optimization:local numConfigs:31 seed:47
command: learn-splconqueror
Learning: NumberOfConfigurationsLearning:31 NumberOfConfigurationsValidation:31
Learning progress:
1;20.1620689655172 * Quality + -12.5920689655172 * cpuUsed_4;165.487860967017;165.487860967017;165.487860967017;165.487860967017;0.058989;2;-12.5920689655172 * cpuUsed_4;1;1.79769313486232E+308;
2;8.24769230769232 * Quality + -0.677692307692309 * cpuUsed_4 + 21.5948076923077 * cpuUsed_0;67.1193453377836;67.1193453377836;67.1193453377836;67.1193453377836;0.08197;3;21.5948076923077 * cpuUsed_0;1;98.3685156292338;
3;4.88111111111111 * Quality + 2.68888888888888 * cpuUsed_4 + 24.9613888888889 * cpuUsed_0 + 10.9413888888889 * cpuUsed_2;40.7997157612197;40.7997157612197;40.7997157612197;40.7997157612197;0.129143;4;10.9413888888889 * cpuUsed_2;1;26.3196295765638;
4;7.5956169212691 * Quality + 2.41743830787309 * cpuUsed_4 + 23.1630287896592 * cpuUsed_0 + 9.448410693302 * cpuUsed_2 + -4.88611045828436 * constantBitrate;31.2293121465869;31.2293121465869;31.2293121465869;31.2293121465869;0.189581;5;-4.88611045828436 * constantBitrate;1;9.57040361463289;
5;7.56434567057015 * Quality + 2.42056543294298 * cpuUsed_4 + 22.1858022053167 * cpuUsed_0 + 6.80442644670485 * cpuUsed_2 + -4.82982220702623 * constantBitrate + 5.32236686896315 * variance;29.7737870996871;29.7737870996871;29.7737870996871;29.7737870996871;0.278298;6;5.32236686896315 * variance;1;1.45552504689974;
6;7.87537305122495 * Quality + 2.38946269487751 * cpuUsed_4 + 23.241814216778 * cpuUsed_0 + 7.1110105790646 * cpuUsed_2 + -5.38967149220488 * constantBitrate + 4.36706848552339 * variance + -17.327187268003 * cpuUsed_0 * Threads_8;28.3617776175053;28.3617776175053;28.3617776175053;28.3617776175053;0.398899;8;-17.327187268003 * cpuUsed_0 * Threads_8;2;0.706004741090931;
7;8.30618046430136 * Quality + 2.0085085413929 * cpuUsed_4 + 23.6265308804205 * cpuUsed_0 + 7.00471966710471 * cpuUsed_2 + -5.48937801138851 * constantBitrate + 3.76788874288216 * variance + -18.1427113447218 * cpuUsed_0 * Threads_8 + -3.37873412176959 * lagInFrames_0;26.7133613055124;26.7133613055124;26.7133613055124;26.7133613055124;0.552968;9;-3.37873412176959 * lagInFrames_0;1;1.64841631199283;
8;8.231939755048 * Quality + 2.02369414101289 * cpuUsed_4 + 23.5826613704072 * cpuUsed_0 + 6.21000662032441 * cpuUsed_2 + -5.37126779212181 * constantBitrate + 4.16271433300231 * variance + -18.0246011254552 * cpuUsed_0 * Threads_8 + -3.3011188348229 * lagInFrames_0 + 2.5680536246276 * cpuUsed_2 * bitRate_1500;25.9416378586149;25.9416378586149;25.9416378586149;25.9416378586149;0.766427;11;2.5680536246276 * cpuUsed_2 * bitRate_1500;2;0.385861723448743;
9;8.14550365303902 * Quality + 2.15560624902848 * cpuUsed_4 + 23.6802684076895 * cpuUsed_0 + 6.32734105394064 * cpuUsed_2 + -5.46221980413489 * constantBitrate + 4.16184284159802 * variance + -18.0357720607285 * cpuUsed_0 * Threads_8 + -3.26515000777241 * lagInFrames_0 + 2.53715529302037 * cpuUsed_2 * bitRate_1500 + 1.19671615109592 * constantBitrate * cpuUsed_8;25.0394331929923;25.0394331929923;25.0394331929923;25.0394331929923;1.111798;13;1.19671615109592 * constantBitrate * cpuUsed_8;2;0.451102332811312;
10;8.02475453507549 * Quality + 2.14469745020931 * cpuUsed_4 + 23.8698558078566 * cpuUsed_0 + 9.93363947735636 * cpuUsed_2 + -5.19890397056959 * constantBitrate + 3.6416059875682 * variance + -18.104610342932 * cpuUsed_0 * Threads_8 + -3.3524203983255 * lagInFrames_0 + 3.8913510084993 * cpuUsed_2 * bitRate_1500 + 1.05414943549411 * constantBitrate * cpuUsed_8 + -4.83974502093111 * cpuUsed_2 * good;23.708400268398;23.708400268398;23.708400268398;23.708400268398;1.531913;15;-4.83974502093111 * cpuUsed_2 * good;2;0.665516462297152;
11;7.95056603773586 * Quality + 2.194929245283 * cpuUsed_4 + 23.9708111778159 * cpuUsed_0 + 10.037615780446 * cpuUsed_2 + -5.15099056603772 * constantBitrate + 3.61181818181819 * variance + -18.1313772155517 * cpuUsed_0 * Threads_8 + -2.95056603773586 * lagInFrames_0 + 3.90041380789021 * cpuUsed_2 * bitRate_1500 + 1.08042452830187 * constantBitrate * cpuUsed_8 + -4.87859562607202 * cpuUsed_2 * good + -0.55381432246997 * cpuUsed_0 * lagInFrames_0;23.369019791142;23.369019791142;23.369019791142;23.369019791142;2.369573;17;-0.55381432246997 * cpuUsed_0 * lagInFrames_0;2;0.169690238627995;
Elapsed=00:00:02.3733759
average model: 
command: analyze-learning
Round, Model, LearningError, LearningErrorRel, ValidationError, ValidationErrorRel, ElapsedSeconds, ModelComplexity, BestCandidate, BestCandidateSize, BestCandidateScore, TestError
Models:
Termination reason: minImprovementPerRound
1;20.1620689655172 * Quality + -12.5920689655172 * cpuUsed_4;165.487860967017;165.487860967017;165.487860967017;165.487860967017;0.058989;2;-12.5920689655172 * cpuUsed_4;1;1.79769313486232E+308;756.460712305825
2;8.24769230769232 * Quality + -0.677692307692309 * cpuUsed_4 + 21.5948076923077 * cpuUsed_0;67.1193453377836;67.1193453377836;67.1193453377836;67.1193453377836;0.08197;3;21.5948076923077 * cpuUsed_0;1;98.3685156292338;302.516324828063
3;4.88111111111111 * Quality + 2.68888888888888 * cpuUsed_4 + 24.9613888888889 * cpuUsed_0 + 10.9413888888889 * cpuUsed_2;40.7997157612197;40.7997157612197;40.7997157612197;40.7997157612197;0.129143;4;10.9413888888889 * cpuUsed_2;1;26.3196295765638;189.619628538607
4;7.5956169212691 * Quality + 2.41743830787309 * cpuUsed_4 + 23.1630287896592 * cpuUsed_0 + 9.448410693302 * cpuUsed_2 + -4.88611045828436 * constantBitrate;31.2293121465869;31.2293121465869;31.2293121465869;31.2293121465869;0.189581;5;-4.88611045828436 * constantBitrate;1;9.57040361463289;234.353450914114
5;7.56434567057015 * Quality + 2.42056543294298 * cpuUsed_4 + 22.1858022053167 * cpuUsed_0 + 6.80442644670485 * cpuUsed_2 + -4.82982220702623 * constantBitrate + 5.32236686896315 * variance;29.7737870996871;29.7737870996871;29.7737870996871;29.7737870996871;0.278298;6;5.32236686896315 * variance;1;1.45552504689974;280.147102358494
6;7.87537305122495 * Quality + 2.38946269487751 * cpuUsed_4 + 23.241814216778 * cpuUsed_0 + 7.1110105790646 * cpuUsed_2 + -5.38967149220488 * constantBitrate + 4.36706848552339 * variance + -17.327187268003 * cpuUsed_0 * Threads_8;28.3617776175053;28.3617776175053;28.3617776175053;28.3617776175053;0.398899;8;-17.327187268003 * cpuUsed_0 * Threads_8;2;0.706004741090931;277.687842294766
7;8.30618046430136 * Quality + 2.0085085413929 * cpuUsed_4 + 23.6265308804205 * cpuUsed_0 + 7.00471966710471 * cpuUsed_2 + -5.48937801138851 * constantBitrate + 3.76788874288216 * variance + -18.1427113447218 * cpuUsed_0 * Threads_8 + -3.37873412176959 * lagInFrames_0;26.7133613055124;26.7133613055124;26.7133613055124;26.7133613055124;0.552968;9;-3.37873412176959 * lagInFrames_0;1;1.64841631199283;250.042387947307
8;8.231939755048 * Quality + 2.02369414101289 * cpuUsed_4 + 23.5826613704072 * cpuUsed_0 + 6.21000662032441 * cpuUsed_2 + -5.37126779212181 * constantBitrate + 4.16271433300231 * variance + -18.0246011254552 * cpuUsed_0 * Threads_8 + -3.3011188348229 * lagInFrames_0 + 2.5680536246276 * cpuUsed_2 * bitRate_1500;25.9416378586149;25.9416378586149;25.9416378586149;25.9416378586149;0.766427;11;2.5680536246276 * cpuUsed_2 * bitRate_1500;2;0.385861723448743;252.027796351733
9;8.14550365303902 * Quality + 2.15560624902848 * cpuUsed_4 + 23.6802684076895 * cpuUsed_0 + 6.32734105394064 * cpuUsed_2 + -5.46221980413489 * constantBitrate + 4.16184284159802 * variance + -18.0357720607285 * cpuUsed_0 * Threads_8 + -3.26515000777241 * lagInFrames_0 + 2.53715529302037 * cpuUsed_2 * bitRate_1500 + 1.19671615109592 * constantBitrate * cpuUsed_8;25.0394331929923;25.0394331929923;25.0394331929923;25.0394331929923;1.111798;13;1.19671615109592 * constantBitrate * cpuUsed_8;2;0.451102332811312;253.313149191378
10;8.02475453507549 * Quality + 2.14469745020931 * cpuUsed_4 + 23.8698558078566 * cpuUsed_0 + 9.93363947735636 * cpuUsed_2 + -5.19890397056959 * constantBitrate + 3.6416059875682 * variance + -18.104610342932 * cpuUsed_0 * Threads_8 + -3.3524203983255 * lagInFrames_0 + 3.8913510084993 * cpuUsed_2 * bitRate_1500 + 1.05414943549411 * constantBitrate * cpuUsed_8 + -4.83974502093111 * cpuUsed_2 * good;23.708400268398;23.708400268398;23.708400268398;23.708400268398;1.531913;15;-4.83974502093111 * cpuUsed_2 * good;2;0.665516462297152;245.877006690734
11;7.95056603773586 * Quality + 2.194929245283 * cpuUsed_4 + 23.9708111778159 * cpuUsed_0 + 10.037615780446 * cpuUsed_2 + -5.15099056603772 * constantBitrate + 3.61181818181819 * variance + -18.1313772155517 * cpuUsed_0 * Threads_8 + -2.95056603773586 * lagInFrames_0 + 3.90041380789021 * cpuUsed_2 * bitRate_1500 + 1.08042452830187 * constantBitrate * cpuUsed_8 + -4.87859562607202 * cpuUsed_2 * good + -0.55381432246997 * cpuUsed_0 * lagInFrames_0;23.369019791142;23.369019791142;23.369019791142;23.369019791142;2.369573;17;-0.55381432246997 * cpuUsed_0 * lagInFrames_0;2;0.169690238627995;247.220733279658
Analyze finished
command: printconfigs /scratch/kaltenec/Distribution-Aware-Sampling/Results_newTry/VP9_disc/VP9_disc_47/sampledConfigurations_local_0.csv
command: clean-sampling
command: clean-global
command: script /scratch/kaltenec/Distribution-Aware-Sampling/Results_newTry/VP9_disc/VP9_disc_47/learn_local_1.a
command: log /scratch/kaltenec/Distribution-Aware-Sampling/Results_newTry/VP9_disc/VP9_disc_47/out_local_1.log
