Current machine learning settings: epsilon:0 lossFunction:RELATIVE parallelization:True bagging:False baggingNumbers:3 considerEpsilonTube:False baggingTestDataFraction:50 useBackward:False abortError:1 limitFeatureSize:False featureSizeTreshold:4 quadraticFunctionSupport:True crossValidation:False crossValidation-k:5 learn-logFunction:False learn-accumulatedLogFunction:False learn-asymFunction:False learn-ratioFunction:False learn-mirrowedFunction:False numberOfRounds:70 backwardErrorDelta:1 minImprovementPerRound:0.1 withHierarchy:False bruteForceCandidates:False ignoreBadFeatures:False stopOnLongRound:True candidateSizePenalty:True learnTimeLimit:00:00:00 scoreMeasure:RELERROR outputRoundsToStdout:False blacklisted: 
command: mlsettings bagging:False stopOnLongRound:False parallelization:True lossFunction:RELATIVE useBackward:False abortError:10 limitFeatureSize:False featureSizeTreshold:7 quadraticFunctionSupport:True crossValidation:False learn_logFunction:True numberOfRounds:70 backwardErrorDelta:1 minImprovementPerRound:0.25 withHierarchy:False
Current machine learning settings: epsilon:0 lossFunction:RELATIVE parallelization:True bagging:False baggingNumbers:3 considerEpsilonTube:False baggingTestDataFraction:50 useBackward:False abortError:10 limitFeatureSize:False featureSizeTreshold:7 quadraticFunctionSupport:True crossValidation:False crossValidation-k:5 learn-logFunction:True learn-accumulatedLogFunction:False learn-asymFunction:False learn-ratioFunction:False learn-mirrowedFunction:False numberOfRounds:70 backwardErrorDelta:1 minImprovementPerRound:0.25 withHierarchy:False bruteForceCandidates:False ignoreBadFeatures:False stopOnLongRound:False candidateSizePenalty:True learnTimeLimit:00:00:00 scoreMeasure:RELERROR outputRoundsToStdout:False blacklisted: 
command: solver z3
command: vm /scratch/kaltenec/Distribution-Aware-Sampling/DistOut/ConstraintData/VP9_disc/FeatureModel.xml
command: all /scratch/kaltenec/Distribution-Aware-Sampling/DistOut/ConstraintData/VP9_disc/measurements.xml
Configs with too large deviation: 0
216000 configurations loaded.
command: nfp Performance
command: binary satoutput henard:true numConfigs:483 seed:47
command: learn-splconqueror
Learning: NumberOfConfigurationsLearning:483 NumberOfConfigurationsValidation:483
Learning progress:
1;49.838347280335 * Quality + -43.9883472803346 * cpuUsed_4;61.7030659510797;61.7030659510797;61.7030659510797;61.7030659510797;0.090648;2;-43.9883472803346 * cpuUsed_4;1;1.79769313486232E+308;
2;34.2149070631973 * Quality + -28.364907063197 * cpuUsed_4 + 35.7320785827358 * lossless;39.52067518059;39.52067518059;39.52067518059;39.52067518059;0.281317;3;35.7320785827358 * lossless;1;22.1823907704897;
3;6.22198879238871 * Quality + -0.37198879238897 * cpuUsed_4 + 35.0121008684986 * lossless + 28.8509387542048 * cpuUsed_0;30.3488668406857;30.3488668406857;30.3488668406857;30.3488668406857;0.668384;4;28.8509387542048 * cpuUsed_0;1;9.17180833990436;
4;-16.4742375687442 * Quality + -3.22735648955525 * cpuUsed_4 + 34.8653856523025 * lossless + 32.2714740157056 * cpuUsed_0 + 25.5515940582991 * TileColumns_0;23.0323705654512;23.0323705654512;23.0323705654512;23.0323705654512;1.836992;5;25.5515940582991 * TileColumns_0;1;7.31649627523445;
5;-6.75523605444085 * Quality + -7.46767997813059 * cpuUsed_4 + 34.2473597597377 * lossless + 30.1514900919036 * cpuUsed_0 + 26.2191393940493 * TileColumns_0 + -15.3655584036945 * good;17.0315983516177;17.0315983516177;17.0315983516177;17.0315983516177;3.176156;6;-15.3655584036945 * good;1;6.00077221383351;
6;1.22626080069372 * Quality + -5.856617772762 * cpuUsed_4 + 17.6245533875675 * lossless + 29.4537170841372 * cpuUsed_0 + 16.6788399469757 * TileColumns_0 + -15.4962074372688 * good + 21.8956244539949 * TileColumns_0 * lossless;11.3149479663604;11.3149479663604;11.3149479663604;11.3149479663604;5.344646;8;21.8956244539949 * TileColumns_0 * lossless;2;2.85832519262867;
7;-0.131936329393054 * Quality + -5.35301293397683 * cpuUsed_4 + 17.5963996868155 * lossless + 29.673050840468 * cpuUsed_0 + 16.7484728726233 * TileColumns_0 + -15.431070099938 * good + 21.8160984355389 * TileColumns_0 * lossless + 3.79452215360783 * variance;10.6146322058761;10.6146322058761;10.6146322058761;10.6146322058761;7.775741;9;3.79452215360783 * variance;1;0.700315760484276;
8;-7.95280510229567 * Quality + -2.12835962490745 * cpuUsed_4 + 17.4495178228736 * lossless + 25.5553962330744 * cpuUsed_0 + 16.5582612412271 * TileColumns_0 + -3.6071162327044 * good + 22.0760858783296 * TileColumns_0 * lossless + 4.07874989528941 * variance + 12.1385664645549 * cpuUsed_0 * realtime;9.45177017999257;9.45177017999257;9.45177017999257;9.45177017999257;11.152655;11;12.1385664645549 * cpuUsed_0 * realtime;2;0.58143101294176;
Elapsed=00:00:11.1638776
average model: 
command: analyze-learning
Round, Model, LearningError, LearningErrorRel, ValidationError, ValidationErrorRel, ElapsedSeconds, ModelComplexity, BestCandidate, BestCandidateSize, BestCandidateScore, TestError
Models:
Termination reason: abortError
1;49.838347280335 * Quality + -43.9883472803346 * cpuUsed_4;61.7030659510797;61.7030659510797;61.7030659510797;61.7030659510797;0.090648;2;-43.9883472803346 * cpuUsed_4;1;1.79769313486232E+308;1927.9977682874
2;34.2149070631973 * Quality + -28.364907063197 * cpuUsed_4 + 35.7320785827358 * lossless;39.52067518059;39.52067518059;39.52067518059;39.52067518059;0.281317;3;35.7320785827358 * lossless;1;22.1823907704897;1609.86582897989
3;6.22198879238871 * Quality + -0.37198879238897 * cpuUsed_4 + 35.0121008684986 * lossless + 28.8509387542048 * cpuUsed_0;30.3488668406857;30.3488668406857;30.3488668406857;30.3488668406857;0.668384;4;28.8509387542048 * cpuUsed_0;1;9.17180833990436;507.785760809212
4;-16.4742375687442 * Quality + -3.22735648955525 * cpuUsed_4 + 34.8653856523025 * lossless + 32.2714740157056 * cpuUsed_0 + 25.5515940582991 * TileColumns_0;23.0323705654512;23.0323705654512;23.0323705654512;23.0323705654512;1.836992;5;25.5515940582991 * TileColumns_0;1;7.31649627523445;712.849181743192
5;-6.75523605444085 * Quality + -7.46767997813059 * cpuUsed_4 + 34.2473597597377 * lossless + 30.1514900919036 * cpuUsed_0 + 26.2191393940493 * TileColumns_0 + -15.3655584036945 * good;17.0315983516177;17.0315983516177;17.0315983516177;17.0315983516177;3.176156;6;-15.3655584036945 * good;1;6.00077221383351;599.791867863939
6;1.22626080069372 * Quality + -5.856617772762 * cpuUsed_4 + 17.6245533875675 * lossless + 29.4537170841372 * cpuUsed_0 + 16.6788399469757 * TileColumns_0 + -15.4962074372688 * good + 21.8956244539949 * TileColumns_0 * lossless;11.3149479663604;11.3149479663604;11.3149479663604;11.3149479663604;5.344646;8;21.8956244539949 * TileColumns_0 * lossless;2;2.85832519262867;371.8853621489
7;-0.131936329393054 * Quality + -5.35301293397683 * cpuUsed_4 + 17.5963996868155 * lossless + 29.673050840468 * cpuUsed_0 + 16.7484728726233 * TileColumns_0 + -15.431070099938 * good + 21.8160984355389 * TileColumns_0 * lossless + 3.79452215360783 * variance;10.6146322058761;10.6146322058761;10.6146322058761;10.6146322058761;7.775741;9;3.79452215360783 * variance;1;0.700315760484276;372.258398792047
8;-7.95280510229567 * Quality + -2.12835962490745 * cpuUsed_4 + 17.4495178228736 * lossless + 25.5553962330744 * cpuUsed_0 + 16.5582612412271 * TileColumns_0 + -3.6071162327044 * good + 22.0760858783296 * TileColumns_0 * lossless + 4.07874989528941 * variance + 12.1385664645549 * cpuUsed_0 * realtime;9.45177017999257;9.45177017999257;9.45177017999257;9.45177017999257;11.152655;11;12.1385664645549 * cpuUsed_0 * realtime;2;0.58143101294176;413.512855998595
Analyze finished
command: clean-sampling
command: clean-global
