Current machine learning settings: epsilon:0 lossFunction:RELATIVE parallelization:True bagging:False baggingNumbers:3 considerEpsilonTube:False baggingTestDataFraction:50 useBackward:False abortError:1 limitFeatureSize:False featureSizeTreshold:4 quadraticFunctionSupport:True crossValidation:False crossValidation-k:5 learn-logFunction:False learn-accumulatedLogFunction:False learn-asymFunction:False learn-ratioFunction:False learn-mirrowedFunction:False numberOfRounds:70 backwardErrorDelta:1 minImprovementPerRound:0.1 withHierarchy:False bruteForceCandidates:False ignoreBadFeatures:False stopOnLongRound:True candidateSizePenalty:True learnTimeLimit:00:00:00 scoreMeasure:RELERROR outputRoundsToStdout:False blacklisted: 
command: mlsettings bagging:False stopOnLongRound:False parallelization:True lossFunction:RELATIVE useBackward:False abortError:10 limitFeatureSize:False featureSizeTreshold:7 quadraticFunctionSupport:True crossValidation:False learn_logFunction:True numberOfRounds:70 backwardErrorDelta:1 minImprovementPerRound:0.25 withHierarchy:False
Current machine learning settings: epsilon:0 lossFunction:RELATIVE parallelization:True bagging:False baggingNumbers:3 considerEpsilonTube:False baggingTestDataFraction:50 useBackward:False abortError:10 limitFeatureSize:False featureSizeTreshold:7 quadraticFunctionSupport:True crossValidation:False crossValidation-k:5 learn-logFunction:True learn-accumulatedLogFunction:False learn-asymFunction:False learn-ratioFunction:False learn-mirrowedFunction:False numberOfRounds:70 backwardErrorDelta:1 minImprovementPerRound:0.25 withHierarchy:False bruteForceCandidates:False ignoreBadFeatures:False stopOnLongRound:False candidateSizePenalty:True learnTimeLimit:00:00:00 scoreMeasure:RELERROR outputRoundsToStdout:False blacklisted: 
command: solver z3
command: vm /scratch/kaltenec/Distribution-Aware-Sampling/DistOut/ConstraintData/JavaGC_disc/FeatureModel.xml
command: all /scratch/kaltenec/Distribution-Aware-Sampling/DistOut/ConstraintData/JavaGC_disc/measurements.xml
Configs with too large deviation: 0
193536 configurations loaded.
command: nfp Performance
command: binary satoutput numConfigs:468 seed:63
command: learn-splconqueror
Learning: NumberOfConfigurationsLearning:468 NumberOfConfigurationsValidation:468
Learning progress:
1;69.6613234343439 * MaxTenuringThreshold + -40.2439901010105 * NewRatio_1;66.7561807877951;66.7561807877951;66.7561807877951;66.7561807877951;0.077831;2;-40.2439901010105 * NewRatio_1;1;1.79769313486232E+308;
2;35.4110422941971 * MaxTenuringThreshold + -5.99370896086402 * NewRatio_1 + 73.5982785430124 * UseAdaptiveSizePolicy;40.7951306655158;40.7951306655158;40.7951306655158;40.7951306655158;0.229272;3;73.5982785430124 * UseAdaptiveSizePolicy;1;25.9610501222793;
3;35.4110422941968 * MaxTenuringThreshold + -5.99370896086509 * NewRatio_1 + 249.271113261359 * UseAdaptiveSizePolicy + -218.32173100835 * UseAdaptiveSizePolicy * NewRatio_4;14.052322134326;14.052322134326;14.052322134326;14.052322134326;0.546104;5;-218.32173100835 * UseAdaptiveSizePolicy * NewRatio_4;2;13.3714042655949;
4;38.4401671585649 * MaxTenuringThreshold + -9.02283382523343 * NewRatio_1 + 249.183772832767 * UseAdaptiveSizePolicy + -217.890949472475 * UseAdaptiveSizePolicy * NewRatio_4 + -6.86416368347667 * UseAdaptiveGCBoundary;10.8332654955681;10.8332654955681;10.8332654955681;10.8332654955681;1.243132;6;-6.86416368347667 * UseAdaptiveGCBoundary;1;3.21905663875788;
5;36.4612979581886 * MaxTenuringThreshold + -7.04396462485302 * NewRatio_1 + 240.219291776009 * UseAdaptiveSizePolicy + -206.867183173682 * UseAdaptiveSizePolicy * NewRatio_4 + -7.02783398002979 * UseAdaptiveGCBoundary + 11.0134946699418 * NewRatio_16;9.7205587838256;9.7205587838256;9.7205587838256;9.7205587838256;2.407219;7;11.0134946699418 * NewRatio_16;1;1.11270671174248;
Elapsed=00:00:02.4143724
average model: 
command: analyze-learning
Round, Model, LearningError, LearningErrorRel, ValidationError, ValidationErrorRel, ElapsedSeconds, ModelComplexity, BestCandidate, BestCandidateSize, BestCandidateScore, TestError
Models:
Termination reason: abortError
1;69.6613234343439 * MaxTenuringThreshold + -40.2439901010105 * NewRatio_1;66.7561807877951;66.7561807877951;66.7561807877951;66.7561807877951;0.077831;2;-40.2439901010105 * NewRatio_1;1;1.79769313486232E+308;67.7504540903738
2;35.4110422941971 * MaxTenuringThreshold + -5.99370896086402 * NewRatio_1 + 73.5982785430124 * UseAdaptiveSizePolicy;40.7951306655158;40.7951306655158;40.7951306655158;40.7951306655158;0.229272;3;73.5982785430124 * UseAdaptiveSizePolicy;1;25.9610501222793;69.5917615325029
3;35.4110422941968 * MaxTenuringThreshold + -5.99370896086509 * NewRatio_1 + 249.271113261359 * UseAdaptiveSizePolicy + -218.32173100835 * UseAdaptiveSizePolicy * NewRatio_4;14.052322134326;14.052322134326;14.052322134326;14.052322134326;0.546104;5;-218.32173100835 * UseAdaptiveSizePolicy * NewRatio_4;2;13.3714042655949;169.15154933748
4;38.4401671585649 * MaxTenuringThreshold + -9.02283382523343 * NewRatio_1 + 249.183772832767 * UseAdaptiveSizePolicy + -217.890949472475 * UseAdaptiveSizePolicy * NewRatio_4 + -6.86416368347667 * UseAdaptiveGCBoundary;10.8332654955681;10.8332654955681;10.8332654955681;10.8332654955681;1.243132;6;-6.86416368347667 * UseAdaptiveGCBoundary;1;3.21905663875788;166.027401644656
5;36.4612979581886 * MaxTenuringThreshold + -7.04396462485302 * NewRatio_1 + 240.219291776009 * UseAdaptiveSizePolicy + -206.867183173682 * UseAdaptiveSizePolicy * NewRatio_4 + -7.02783398002979 * UseAdaptiveGCBoundary + 11.0134946699418 * NewRatio_16;9.7205587838256;9.7205587838256;9.7205587838256;9.7205587838256;2.407219;7;11.0134946699418 * NewRatio_16;1;1.11270671174248;158.602024044146
Analyze finished
command: clean-sampling
command: clean-global
