Current machine learning settings: epsilon:0 lossFunction:RELATIVE parallelization:True bagging:False baggingNumbers:3 baggingTestDataFraction:50 useBackward:False abortError:1 limitFeatureSize:False featureSizeTreshold:4 quadraticFunctionSupport:True crossValidation:False crossValidation-k:5 learn-logFunction:False learn-accumulatedLogFunction:False learn-asymFunction:False learn-ratioFunction:False learn-mirrowedFunction:False numberOfRounds:70 backwardErrorDelta:1 minImprovementPerRound:0.1 withHierarchy:False bruteForceCandidates:False ignoreBadFeatures:False stopOnLongRound:True candidateSizePenalty:True learnTimeLimit:00:00:00 scoreMeasure:RELERROR outputRoundsToStdout:False blacklisted: 
command: mlsettings bagging:False stopOnLongRound:False parallelization:True lossFunction:RELATIVE useBackward:False abortError:10 limitFeatureSize:False featureSizeTreshold:7 quadraticFunctionSupport:True crossValidation:False learn_logFunction:True numberOfRounds:70 backwardErrorDelta:1 minImprovementPerRound:0.25 withHierarchy:False
Current machine learning settings: epsilon:0 lossFunction:RELATIVE parallelization:True bagging:False baggingNumbers:3 baggingTestDataFraction:50 useBackward:False abortError:10 limitFeatureSize:False featureSizeTreshold:7 quadraticFunctionSupport:True crossValidation:False crossValidation-k:5 learn-logFunction:True learn-accumulatedLogFunction:False learn-asymFunction:False learn-ratioFunction:False learn-mirrowedFunction:False numberOfRounds:70 backwardErrorDelta:1 minImprovementPerRound:0.25 withHierarchy:False bruteForceCandidates:False ignoreBadFeatures:False stopOnLongRound:False candidateSizePenalty:True learnTimeLimit:00:00:00 scoreMeasure:RELERROR outputRoundsToStdout:False blacklisted: 
command: solver z3
command: vm /scratch/kaltenec/Distribution-Aware-Sampling/DistOut/ConstraintData/VP9_disc/FeatureModel.xml
command: all /scratch/kaltenec/Distribution-Aware-Sampling/DistOut/ConstraintData/VP9_disc/measurements.xml
Configs with too large deviation: 0
216000 configurations loaded.
command: nfp Performance
command: hybrid distribution-aware distance-metric:manhattan distribution:uniform onlyBinary:true selection:SolverSelection number-weight-optimization:1-1 numConfigs:31 seed:53
command: learn-splconqueror
Learning: NumberOfConfigurationsLearning:31 NumberOfConfigurationsValidation:31
Learning progress:
1;13.116 * Quality + -3.07475000000001 * AutoAltRef;163.107450128409;163.107450128409;163.107450128409;163.107450128409;0.126114;2;-3.07475000000001 * AutoAltRef;1;1.79769313486232E+308;
2;8.00759036144578 * Quality + -1.15909638554217 * AutoAltRef + 25.5420481927711 * cpuUsed_0;80.3871289706979;80.3871289706979;80.3871289706979;80.3871289706979;0.165585;3;25.5420481927711 * cpuUsed_0;1;82.7203211577106;
3;11.2575903614458 * Quality + -4.40909638554218 * AutoAltRef + 25.5420481927711 * cpuUsed_0 + -9.75000000000003 * Threads_6;37.8593266979112;37.8593266979112;37.8593266979112;37.8593266979112;0.228156;4;-9.75000000000003 * Threads_6;1;42.5278022727867;
4;5.48600000000001 * Quality + 1.74726666666667 * AutoAltRef + 22.4638666666666 * cpuUsed_0 + -3.36277333333334 * Threads_6 + 12.7744533333333 * Threads_2;30.5296960267164;30.5296960267164;30.5296960267164;30.5296960267164;0.320738;5;12.7744533333333 * Threads_2;1;7.32963067119477;
5;3.62401543739279 * Quality + 3.17478816466551 * AutoAltRef + 23.6120904802744 * cpuUsed_0 + -1.73043353344767 * Threads_6 + 12.3151638078902 * Threads_2 + 4.654961406518 * cpuUsed_2;24.9964604618911;24.9964604618911;24.9964604618911;24.9964604618911;0.454153;6;4.654961406518 * cpuUsed_2;1;5.53323556482539;
6;4.79452266396558 * Quality + 2.52068118511014 * AutoAltRef + 20.9440225373512 * cpuUsed_0 + -2.36732717143581 * Threads_6 + 17.0316193973158 * Threads_2 + 1.72869334008611 * cpuUsed_2 + -18.2461420612813 * Threads_2 * cpuUsed_8;18.2060813853742;18.2060813853742;18.2060813853742;18.2060813853742;0.639833;8;-18.2461420612813 * Threads_2 * cpuUsed_8;2;3.39518953825843;
7;5.0083701188455 * Quality + 2.52662139219015 * AutoAltRef + 19.4530305602716 * cpuUsed_0 + 2.40859932088283 * Threads_6 + 17.8305772495755 * Threads_2 + 1.19407470288625 * cpuUsed_2 + -19.2589473684211 * Threads_2 * cpuUsed_8 + -5.86446943972833 * Threads_6 * cpuUsed_6;11.4565106397548;11.4565106397548;11.4565106397548;11.4565106397548;0.933257;10;-5.86446943972833 * Threads_6 * cpuUsed_6;2;3.3747853728097;
8;4.81761904761906 * Quality + 1.89714285714284 * AutoAltRef + 20.1588095238095 * cpuUsed_0 + 1.89357142857143 * Threads_6 + 17.43 * Threads_2 + 1.67095238095239 * cpuUsed_2 + -18.667619047619 * Threads_2 * cpuUsed_8 + -5.15869047619051 * Threads_6 * cpuUsed_6 + 11.2352380952381 * AutoAltRef * TileColumns_0;7.46639690422615;7.46639690422615;7.46639690422615;7.46639690422615;1.787083;12;11.2352380952381 * AutoAltRef * TileColumns_0;2;1.99505686776432;
Elapsed=00:00:01.7910028
average model: 
command: analyze-learning
Round, Model, LearningError, LearningErrorRel, ValidationError, ValidationErrorRel, ElapsedSeconds, ModelComplexity, BestCandidate, BestCandidateSize, BestCandidateScore, TestError
Models:
Termination reason: abortError
1;13.116 * Quality + -3.07475000000001 * AutoAltRef;163.107450128409;163.107450128409;163.107450128409;163.107450128409;0.126114;2;-3.07475000000001 * AutoAltRef;1;1.79769313486232E+308;148.740335169513
2;8.00759036144578 * Quality + -1.15909638554217 * AutoAltRef + 25.5420481927711 * cpuUsed_0;80.3871289706979;80.3871289706979;80.3871289706979;80.3871289706979;0.165585;3;25.5420481927711 * cpuUsed_0;1;82.7203211577106;87.9216164083181
3;11.2575903614458 * Quality + -4.40909638554218 * AutoAltRef + 25.5420481927711 * cpuUsed_0 + -9.75000000000003 * Threads_6;37.8593266979112;37.8593266979112;37.8593266979112;37.8593266979112;0.228156;4;-9.75000000000003 * Threads_6;1;42.5278022727867;108.15411659348
4;5.48600000000001 * Quality + 1.74726666666667 * AutoAltRef + 22.4638666666666 * cpuUsed_0 + -3.36277333333334 * Threads_6 + 12.7744533333333 * Threads_2;30.5296960267164;30.5296960267164;30.5296960267164;30.5296960267164;0.320738;5;12.7744533333333 * Threads_2;1;7.32963067119477;98.4821132955859
5;3.62401543739279 * Quality + 3.17478816466551 * AutoAltRef + 23.6120904802744 * cpuUsed_0 + -1.73043353344767 * Threads_6 + 12.3151638078902 * Threads_2 + 4.654961406518 * cpuUsed_2;24.9964604618911;24.9964604618911;24.9964604618911;24.9964604618911;0.454153;6;4.654961406518 * cpuUsed_2;1;5.53323556482539;90.2772236730298
6;4.79452266396558 * Quality + 2.52068118511014 * AutoAltRef + 20.9440225373512 * cpuUsed_0 + -2.36732717143581 * Threads_6 + 17.0316193973158 * Threads_2 + 1.72869334008611 * cpuUsed_2 + -18.2461420612813 * Threads_2 * cpuUsed_8;18.2060813853742;18.2060813853742;18.2060813853742;18.2060813853742;0.639833;8;-18.2461420612813 * Threads_2 * cpuUsed_8;2;3.39518953825843;92.1601310129504
7;5.0083701188455 * Quality + 2.52662139219015 * AutoAltRef + 19.4530305602716 * cpuUsed_0 + 2.40859932088283 * Threads_6 + 17.8305772495755 * Threads_2 + 1.19407470288625 * cpuUsed_2 + -19.2589473684211 * Threads_2 * cpuUsed_8 + -5.86446943972833 * Threads_6 * cpuUsed_6;11.4565106397548;11.4565106397548;11.4565106397548;11.4565106397548;0.933257;10;-5.86446943972833 * Threads_6 * cpuUsed_6;2;3.3747853728097;101.636835810825
8;4.81761904761906 * Quality + 1.89714285714284 * AutoAltRef + 20.1588095238095 * cpuUsed_0 + 1.89357142857143 * Threads_6 + 17.43 * Threads_2 + 1.67095238095239 * cpuUsed_2 + -18.667619047619 * Threads_2 * cpuUsed_8 + -5.15869047619051 * Threads_6 * cpuUsed_6 + 11.2352380952381 * AutoAltRef * TileColumns_0;7.46639690422615;7.46639690422615;7.46639690422615;7.46639690422615;1.787083;12;11.2352380952381 * AutoAltRef * TileColumns_0;2;1.99505686776432;108.045335412287
Analyze finished
command: measurementstocsv /scratch/kaltenec/Distribution-Aware-Sampling/Results_opt/VP9_disc/VP9_disc_53/sampledConfigurations_solv_0.csv
command: clean-sampling
command: clean-global
command: script /scratch/kaltenec/Distribution-Aware-Sampling/Results_opt/VP9_disc/VP9_disc_53/learn_solv_1.a
command: log /scratch/kaltenec/Distribution-Aware-Sampling/Results_opt/VP9_disc/VP9_disc_53/out_solv_1.log
