Current machine learning settings: epsilon:0 lossFunction:RELATIVE parallelization:True bagging:False baggingNumbers:3 considerEpsilonTube:False baggingTestDataFraction:50 useBackward:False abortError:1 limitFeatureSize:False featureSizeTreshold:4 quadraticFunctionSupport:True crossValidation:False crossValidation-k:5 learn-logFunction:False learn-accumulatedLogFunction:False learn-asymFunction:False learn-ratioFunction:False learn-mirrowedFunction:False numberOfRounds:70 backwardErrorDelta:1 minImprovementPerRound:0.1 withHierarchy:False bruteForceCandidates:False ignoreBadFeatures:False stopOnLongRound:True candidateSizePenalty:True learnTimeLimit:00:00:00 scoreMeasure:RELERROR outputRoundsToStdout:False blacklisted: 
command: mlsettings bagging:False stopOnLongRound:False parallelization:True lossFunction:RELATIVE useBackward:False abortError:10 limitFeatureSize:False featureSizeTreshold:7 quadraticFunctionSupport:True crossValidation:False learn_logFunction:True numberOfRounds:70 backwardErrorDelta:1 minImprovementPerRound:0.25 withHierarchy:False
Current machine learning settings: epsilon:0 lossFunction:RELATIVE parallelization:True bagging:False baggingNumbers:3 considerEpsilonTube:False baggingTestDataFraction:50 useBackward:False abortError:10 limitFeatureSize:False featureSizeTreshold:7 quadraticFunctionSupport:True crossValidation:False crossValidation-k:5 learn-logFunction:True learn-accumulatedLogFunction:False learn-asymFunction:False learn-ratioFunction:False learn-mirrowedFunction:False numberOfRounds:70 backwardErrorDelta:1 minImprovementPerRound:0.25 withHierarchy:False bruteForceCandidates:False ignoreBadFeatures:False stopOnLongRound:False candidateSizePenalty:True learnTimeLimit:00:00:00 scoreMeasure:RELERROR outputRoundsToStdout:False blacklisted: 
command: solver z3
command: vm /scratch/kaltenec/Distribution-Aware-Sampling/DistOut/ConstraintData/7z_disc/FeatureModel.xml
command: all /scratch/kaltenec/Distribution-Aware-Sampling/DistOut/ConstraintData/7z_disc/measurements.xml
Configs with too large deviation: 0
68640 configurations loaded.
command: nfp Performance
command: hybrid distribution-aware distance-metric:manhattan distribution:uniform onlyBinary:true selection:SolverSelection optimization:local numConfigs:600 seed:20
command: learn-splconqueror
Learning: NumberOfConfigurationsLearning:600 NumberOfConfigurationsValidation:600
Learning progress:
1;10782.6470588236 * CompressionMethod + 6484.01960784327 * Deflate;171.157213358807;171.157213358807;171.157213358807;171.157213358807;0.13172;2;6484.01960784327 * Deflate;1;1.79769313486232E+308;
2;6343.35650829168 * CompressionMethod + 5305.95544880244 * Deflate + 21980.9532113714 * x_10;103.588454682615;103.588454682615;103.588454682615;103.588454682615;0.414054;3;21980.9532113714 * x_10;1;67.5687586761926;
3;5105.38817832837 * CompressionMethod + 4233.6169377077 * Deflate + 23414.665872725 * x_10 + 10291.3073225931 * x_8;84.1690234931709;84.1690234931709;84.1690234931709;84.1690234931709;1.004726;4;10291.3073225931 * x_8;1;19.4194311894439;
4;5337.05308896968 * CompressionMethod + 2333.96467044888 * Deflate + 29739.8418860786 * x_10 + 10564.2375454424 * x_8 + -26981.722561255 * x_10 * PPMd;71.085892557368;71.085892557368;71.085892557368;71.085892557368;1.746037;6;-26981.722561255 * x_10 * PPMd;2;6.54156546790148;
5;2434.95578548338 * CompressionMethod + 4992.1024998089 * Deflate + 29795.4375173688 * x_10 + 11780.570083777 * x_8 + -24135.2208890591 * x_10 * PPMd + 8957.22883865566 * BZip2;58.2468885140894;58.2468885140894;58.2468885140894;58.2468885140894;3.246043;7;8957.22883865566 * BZip2;1;12.8390040432786;
6;4301.17724820728 * CompressionMethod + -508.67115042632 * Deflate + 43981.2258032843 * x_10 + 11829.779866128 * x_8 + -40187.2306376985 * x_10 * PPMd + 4803.73631996911 * BZip2 + -30949.8449119567 * x_10 * LZMA;44.3377915124145;44.3377915124145;44.3377915124145;44.3377915124145;4.728299;9;-30949.8449119567 * x_10 * LZMA;2;6.95454850083745;
7;3597.51853928554 * CompressionMethod + 374.900218501209 * Deflate + 43588.379169959 * x_10 + 11408.7994641255 * x_8 + -39090.7252954513 * x_10 * PPMd + 5590.44994173528 * BZip2 + -29853.3395697095 * x_10 * LZMA + 2858.28858194552 * LZMA2;39.7076544325177;39.7076544325177;39.7076544325177;39.7076544325177;7.207615;10;2858.28858194552 * LZMA2;1;4.6301370798968;
8;3364.24333609109 * CompressionMethod + -160.708845960249 * Deflate + 44943.3844982201 * x_10 + 13646.1207311269 * x_8 + -40212.455420518 * x_10 * PPMd + 5500.36020031716 * BZip2 + -30975.0696947763 * x_10 * LZMA + -3726.3206290476 * LZMA2 + 17215.6487215278 * LZMA2 * x_6;33.8586781023191;33.8586781023191;33.8586781023191;33.8586781023191;9.867109;12;17215.6487215278 * LZMA2 * x_6;2;2.92448816509928;
9;3470.41842234968 * CompressionMethod + -1317.15701161734 * Deflate + 49805.8167741475 * x_10 + 12627.8051311 * x_8 + -45181.0627827042 * x_10 * PPMd + 4658.81487632659 * BZip2 + -35943.6770569622 * x_10 * LZMA + 936.314313469047 * LZMA2 + 12446.8386927529 * LZMA2 * x_6 + -36306.835224252 * x_10 * LZMA2;24.3684258002457;24.3684258002457;24.3684258002457;24.3684258002457;13.614401;14;-36306.835224252 * x_10 * LZMA2;2;4.7451261510367;
10;3032.35131314338 * CompressionMethod + -1217.62310783966 * Deflate + 49722.0979333746 * x_10 + 12580.6889091293 * x_8 + -45412.3280486922 * x_10 * PPMd + 4602.52720041116 * BZip2 + -35564.0951970679 * x_10 * LZMA + 987.80709209413 * LZMA2 + 12084.6649571716 * LZMA2 * x_6 + -36335.707430339 * x_10 * LZMA2 + 873.539410522558 * HeaderCompressionOff;23.7996617953624;23.7996617953624;23.7996617953624;23.7996617953624;17.926524;15;873.539410522558 * HeaderCompressionOff;1;0.568764004883366;
11;2891.81269464415 * CompressionMethod + -989.774604739627 * Deflate + 49629.9974801183 * x_10 + 12014.7530656507 * x_8 + -45267.7409313372 * x_10 * PPMd + 4724.84943330278 * BZip2 + -35348.0836106553 * x_10 * LZMA + 1317.74198595471 * LZMA2 + 11807.7198814354 * LZMA2 * x_6 + -36491.3691193607 * x_10 * LZMA2 + 975.679677626684 * HeaderCompressionOff + 3463.91427552437 * x_8 * LZMA;23.5076740481396;23.5076740481396;23.5076740481396;23.5076740481396;24.312;17;3463.91427552437 * x_8 * LZMA;2;0.145993873611403;
Elapsed=00:00:24.3230238
average model: 
command: analyze-learning
Round, Model, LearningError, LearningErrorRel, ValidationError, ValidationErrorRel, ElapsedSeconds, ModelComplexity, BestCandidate, BestCandidateSize, BestCandidateScore, TestError
Models:
Termination reason: minImprovementPerRound
1;10782.6470588236 * CompressionMethod + 6484.01960784327 * Deflate;171.157213358807;171.157213358807;171.157213358807;171.157213358807;0.13172;2;6484.01960784327 * Deflate;1;1.79769313486232E+308;203.644982798099
2;6343.35650829168 * CompressionMethod + 5305.95544880244 * Deflate + 21980.9532113714 * x_10;103.588454682615;103.588454682615;103.588454682615;103.588454682615;0.414054;3;21980.9532113714 * x_10;1;67.5687586761926;122.516793489207
3;5105.38817832837 * CompressionMethod + 4233.6169377077 * Deflate + 23414.665872725 * x_10 + 10291.3073225931 * x_8;84.1690234931709;84.1690234931709;84.1690234931709;84.1690234931709;1.004726;4;10291.3073225931 * x_8;1;19.4194311894439;95.7973161925567
4;5337.05308896968 * CompressionMethod + 2333.96467044888 * Deflate + 29739.8418860786 * x_10 + 10564.2375454424 * x_8 + -26981.722561255 * x_10 * PPMd;71.085892557368;71.085892557368;71.085892557368;71.085892557368;1.746037;6;-26981.722561255 * x_10 * PPMd;2;6.54156546790148;82.1393905918022
5;2434.95578548338 * CompressionMethod + 4992.1024998089 * Deflate + 29795.4375173688 * x_10 + 11780.570083777 * x_8 + -24135.2208890591 * x_10 * PPMd + 8957.22883865566 * BZip2;58.2468885140894;58.2468885140894;58.2468885140894;58.2468885140894;3.246043;7;8957.22883865566 * BZip2;1;12.8390040432786;65.3671966381188
6;4301.17724820728 * CompressionMethod + -508.67115042632 * Deflate + 43981.2258032843 * x_10 + 11829.779866128 * x_8 + -40187.2306376985 * x_10 * PPMd + 4803.73631996911 * BZip2 + -30949.8449119567 * x_10 * LZMA;44.3377915124145;44.3377915124145;44.3377915124145;44.3377915124145;4.728299;9;-30949.8449119567 * x_10 * LZMA;2;6.95454850083745;52.4718343172872
7;3597.51853928554 * CompressionMethod + 374.900218501209 * Deflate + 43588.379169959 * x_10 + 11408.7994641255 * x_8 + -39090.7252954513 * x_10 * PPMd + 5590.44994173528 * BZip2 + -29853.3395697095 * x_10 * LZMA + 2858.28858194552 * LZMA2;39.7076544325177;39.7076544325177;39.7076544325177;39.7076544325177;7.207615;10;2858.28858194552 * LZMA2;1;4.6301370798968;53.1992768926225
8;3364.24333609109 * CompressionMethod + -160.708845960249 * Deflate + 44943.3844982201 * x_10 + 13646.1207311269 * x_8 + -40212.455420518 * x_10 * PPMd + 5500.36020031716 * BZip2 + -30975.0696947763 * x_10 * LZMA + -3726.3206290476 * LZMA2 + 17215.6487215278 * LZMA2 * x_6;33.8586781023191;33.8586781023191;33.8586781023191;33.8586781023191;9.867109;12;17215.6487215278 * LZMA2 * x_6;2;2.92448816509928;48.1340153241297
9;3470.41842234968 * CompressionMethod + -1317.15701161734 * Deflate + 49805.8167741475 * x_10 + 12627.8051311 * x_8 + -45181.0627827042 * x_10 * PPMd + 4658.81487632659 * BZip2 + -35943.6770569622 * x_10 * LZMA + 936.314313469047 * LZMA2 + 12446.8386927529 * LZMA2 * x_6 + -36306.835224252 * x_10 * LZMA2;24.3684258002457;24.3684258002457;24.3684258002457;24.3684258002457;13.614401;14;-36306.835224252 * x_10 * LZMA2;2;4.7451261510367;29.0351212843307
10;3032.35131314338 * CompressionMethod + -1217.62310783966 * Deflate + 49722.0979333746 * x_10 + 12580.6889091293 * x_8 + -45412.3280486922 * x_10 * PPMd + 4602.52720041116 * BZip2 + -35564.0951970679 * x_10 * LZMA + 987.80709209413 * LZMA2 + 12084.6649571716 * LZMA2 * x_6 + -36335.707430339 * x_10 * LZMA2 + 873.539410522558 * HeaderCompressionOff;23.7996617953624;23.7996617953624;23.7996617953624;23.7996617953624;17.926524;15;873.539410522558 * HeaderCompressionOff;1;0.568764004883366;30.2298416557785
11;2891.81269464415 * CompressionMethod + -989.774604739627 * Deflate + 49629.9974801183 * x_10 + 12014.7530656507 * x_8 + -45267.7409313372 * x_10 * PPMd + 4724.84943330278 * BZip2 + -35348.0836106553 * x_10 * LZMA + 1317.74198595471 * LZMA2 + 11807.7198814354 * LZMA2 * x_6 + -36491.3691193607 * x_10 * LZMA2 + 975.679677626684 * HeaderCompressionOff + 3463.91427552437 * x_8 * LZMA;23.5076740481396;23.5076740481396;23.5076740481396;23.5076740481396;24.312;17;3463.91427552437 * x_8 * LZMA;2;0.145993873611403;30.6482530868606
Analyze finished
command: printconfigs /scratch/kaltenec/Distribution-Aware-Sampling/Results_newTry/7z_disc/7z_disc_20/sampledConfigurations_local_1.csv
command: clean-sampling
command: clean-global
command: script /scratch/kaltenec/Distribution-Aware-Sampling/Results_newTry/7z_disc/7z_disc_20/learn_local_2.a
command: log /scratch/kaltenec/Distribution-Aware-Sampling/Results_newTry/7z_disc/7z_disc_20/out_local_2.log
