Current machine learning settings: epsilon:0 lossFunction:RELATIVE parallelization:True bagging:False baggingNumbers:3 baggingTestDataFraction:50 useBackward:False abortError:1 limitFeatureSize:False featureSizeTreshold:4 quadraticFunctionSupport:True crossValidation:False crossValidation-k:5 learn-logFunction:False learn-accumulatedLogFunction:False learn-asymFunction:False learn-ratioFunction:False learn-mirrowedFunction:False numberOfRounds:70 backwardErrorDelta:1 minImprovementPerRound:0.1 withHierarchy:False bruteForceCandidates:False ignoreBadFeatures:False stopOnLongRound:True candidateSizePenalty:True learnTimeLimit:00:00:00 scoreMeasure:RELERROR outputRoundsToStdout:False blacklisted: 
command: mlsettings bagging:False stopOnLongRound:False parallelization:True lossFunction:RELATIVE useBackward:False abortError:10 limitFeatureSize:False featureSizeTreshold:7 quadraticFunctionSupport:True crossValidation:False learn_logFunction:True numberOfRounds:70 backwardErrorDelta:1 minImprovementPerRound:0.25 withHierarchy:False
Current machine learning settings: epsilon:0 lossFunction:RELATIVE parallelization:True bagging:False baggingNumbers:3 baggingTestDataFraction:50 useBackward:False abortError:10 limitFeatureSize:False featureSizeTreshold:7 quadraticFunctionSupport:True crossValidation:False crossValidation-k:5 learn-logFunction:True learn-accumulatedLogFunction:False learn-asymFunction:False learn-ratioFunction:False learn-mirrowedFunction:False numberOfRounds:70 backwardErrorDelta:1 minImprovementPerRound:0.25 withHierarchy:False bruteForceCandidates:False ignoreBadFeatures:False stopOnLongRound:False candidateSizePenalty:True learnTimeLimit:00:00:00 scoreMeasure:RELERROR outputRoundsToStdout:False blacklisted: 
command: solver z3
command: vm /scratch/kaltenec/Distribution-Aware-Sampling/DistOut/ConstraintData/7z_disc/FeatureModel.xml
command: all /scratch/kaltenec/Distribution-Aware-Sampling/DistOut/ConstraintData/7z_disc/measurements.xml
Configs with too large deviation: 0
68640 configurations loaded.
command: nfp Performance
command: hybrid distribution-aware distance-metric:manhattan distribution:uniform onlyBinary:true selection:SolverSelection  numConfigs:39 seed:97
command: learn-splconqueror
Learning: NumberOfConfigurationsLearning:39 NumberOfConfigurationsValidation:39
Learning progress:
1;10913.5135135135 * CompressionMethod + -7803.51351351352 * BlockSize_1;99.1738408681564;99.1738408681564;99.1738408681564;99.1738408681564;0.035443;2;-7803.51351351352 * BlockSize_1;1;1.79769313486232E+308;
2;12092.8125 * CompressionMethod + -8982.8125 * BlockSize_1 + -8726.8125 * x_4;77.5918824315984;77.5918824315984;77.5918824315984;77.5918824315984;0.058373;3;-8726.8125 * x_4;1;21.581958436558;
3;13957.6923076923 * CompressionMethod + -10847.6923076923 * BlockSize_1 + -10591.6923076923 * x_4 + -9946.02564102563 * PPMd;46.023142867236;46.023142867236;46.023142867236;46.023142867236;0.095399;4;-9946.02564102563 * PPMd;1;31.5687395643624;
4;12147.7386934673 * CompressionMethod + -9037.73869346735 * BlockSize_1 + -8781.73869346734 * x_4 + -10489.0117252931 * PPMd + 4705.87939698493 * x_8;33.8260607776248;33.8260607776248;33.8260607776248;33.8260607776248;0.154299;5;4705.87939698493 * x_8;1;12.1970820896113;
5;3190.00000000001 * CompressionMethod + -80.0000000000075 * BlockSize_1 + 175.999999999995 * x_4 + -11150.6628787879 * PPMd + 13816.3068181818 * x_8 + 10128.3522727273 * x_6;18.0623881763819;18.0623881763819;18.0623881763819;18.0623881763819;0.240305;6;10128.3522727273 * x_6;1;15.7636726012428;
6;3190.00000000001 * CompressionMethod + -79.9999999999994 * BlockSize_1 + 175.999999999992 * x_4 + -12081.1418598853 * PPMd + 14396.1705310396 * x_8 + 11409.4465220643 * x_6 + -4746.79132385938 * Deflate;14.0481294233691;14.0481294233691;14.0481294233691;14.0481294233691;0.428867;7;-4746.79132385938 * Deflate;1;4.01425875301285;
7;3189.99999999999 * CompressionMethod + -79.9999999999762 * BlockSize_1 + 176.000000000029 * x_4 + -12929.3909390939 * PPMd + 14683.0783078308 * x_8 + 12819.0369036904 * x_6 + -5931.84518451845 * Deflate + -8339.03690369037 * BZip2;11.0625369023222;11.0625369023222;11.0625369023222;11.0625369023222;0.738529;8;-8339.03690369037 * BZip2;1;2.98559252104686;
8;3190 * CompressionMethod + -80.0000000000152 * BlockSize_1 + 175.999999999989 * x_4 + -13915.4906542056 * PPMd + 14472.8971962617 * x_8 + 13055.4906542056 * x_6 + -6078.97196261683 * Deflate + -8575.49065420561 * BZip2 + 1945.92679127727 * PPMd * BlockSize_128;7.55505630525019;7.55505630525019;7.55505630525019;7.55505630525019;1.286854;10;1945.92679127727 * PPMd * BlockSize_128;2;1.75374029853602;
Elapsed=00:00:01.2905305
average model: 
command: analyze-learning
Round, Model, LearningError, LearningErrorRel, ValidationError, ValidationErrorRel, ElapsedSeconds, ModelComplexity, BestCandidate, BestCandidateSize, BestCandidateScore, TestError
Models:
Termination reason: abortError
1;10913.5135135135 * CompressionMethod + -7803.51351351352 * BlockSize_1;99.1738408681564;99.1738408681564;99.1738408681564;99.1738408681564;0.035443;2;-7803.51351351352 * BlockSize_1;1;1.79769313486232E+308;162.464507874038
2;12092.8125 * CompressionMethod + -8982.8125 * BlockSize_1 + -8726.8125 * x_4;77.5918824315984;77.5918824315984;77.5918824315984;77.5918824315984;0.058373;3;-8726.8125 * x_4;1;21.581958436558;143.707851013276
3;13957.6923076923 * CompressionMethod + -10847.6923076923 * BlockSize_1 + -10591.6923076923 * x_4 + -9946.02564102563 * PPMd;46.023142867236;46.023142867236;46.023142867236;46.023142867236;0.095399;4;-9946.02564102563 * PPMd;1;31.5687395643624;139.348220977459
4;12147.7386934673 * CompressionMethod + -9037.73869346735 * BlockSize_1 + -8781.73869346734 * x_4 + -10489.0117252931 * PPMd + 4705.87939698493 * x_8;33.8260607776248;33.8260607776248;33.8260607776248;33.8260607776248;0.154299;5;4705.87939698493 * x_8;1;12.1970820896113;119.282797575698
5;3190.00000000001 * CompressionMethod + -80.0000000000075 * BlockSize_1 + 175.999999999995 * x_4 + -11150.6628787879 * PPMd + 13816.3068181818 * x_8 + 10128.3522727273 * x_6;18.0623881763819;18.0623881763819;18.0623881763819;18.0623881763819;0.240305;6;10128.3522727273 * x_6;1;15.7636726012428;86.1475549168965
6;3190.00000000001 * CompressionMethod + -79.9999999999994 * BlockSize_1 + 175.999999999992 * x_4 + -12081.1418598853 * PPMd + 14396.1705310396 * x_8 + 11409.4465220643 * x_6 + -4746.79132385938 * Deflate;14.0481294233691;14.0481294233691;14.0481294233691;14.0481294233691;0.428867;7;-4746.79132385938 * Deflate;1;4.01425875301285;101.177553594663
7;3189.99999999999 * CompressionMethod + -79.9999999999762 * BlockSize_1 + 176.000000000029 * x_4 + -12929.3909390939 * PPMd + 14683.0783078308 * x_8 + 12819.0369036904 * x_6 + -5931.84518451845 * Deflate + -8339.03690369037 * BZip2;11.0625369023222;11.0625369023222;11.0625369023222;11.0625369023222;0.738529;8;-8339.03690369037 * BZip2;1;2.98559252104686;123.707047018009
8;3190 * CompressionMethod + -80.0000000000152 * BlockSize_1 + 175.999999999989 * x_4 + -13915.4906542056 * PPMd + 14472.8971962617 * x_8 + 13055.4906542056 * x_6 + -6078.97196261683 * Deflate + -8575.49065420561 * BZip2 + 1945.92679127727 * PPMd * BlockSize_128;7.55505630525019;7.55505630525019;7.55505630525019;7.55505630525019;1.286854;10;1945.92679127727 * PPMd * BlockSize_128;2;1.75374029853602;129.662398691677
Analyze finished
command: measurementstocsv /scratch/kaltenec/Distribution-Aware-Sampling/Results_test/7z_disc/7z_disc_97/sampledConfigurations_solv_0.csv
command: clean-sampling
command: clean-global
command: script /scratch/kaltenec/Distribution-Aware-Sampling/Results_test/7z_disc/7z_disc_97/learn_solv_1.a
command: log /scratch/kaltenec/Distribution-Aware-Sampling/Results_test/7z_disc/7z_disc_97/out_solv_1.log
