Current machine learning settings: epsilon:0 lossFunction:RELATIVE parallelization:True bagging:False baggingNumbers:3 baggingTestDataFraction:50 useBackward:False abortError:1 limitFeatureSize:False featureSizeTreshold:4 quadraticFunctionSupport:True crossValidation:False crossValidation-k:5 learn-logFunction:False learn-accumulatedLogFunction:False learn-asymFunction:False learn-ratioFunction:False learn-mirrowedFunction:False numberOfRounds:70 backwardErrorDelta:1 minImprovementPerRound:0.1 withHierarchy:False bruteForceCandidates:False ignoreBadFeatures:False stopOnLongRound:True candidateSizePenalty:True learnTimeLimit:00:00:00 scoreMeasure:RELERROR outputRoundsToStdout:False blacklisted: 
command: mlsettings bagging:False stopOnLongRound:False parallelization:True lossFunction:RELATIVE useBackward:False abortError:10 limitFeatureSize:False featureSizeTreshold:7 quadraticFunctionSupport:True crossValidation:False learn_logFunction:True numberOfRounds:70 backwardErrorDelta:1 minImprovementPerRound:0.25 withHierarchy:False
Current machine learning settings: epsilon:0 lossFunction:RELATIVE parallelization:True bagging:False baggingNumbers:3 baggingTestDataFraction:50 useBackward:False abortError:10 limitFeatureSize:False featureSizeTreshold:7 quadraticFunctionSupport:True crossValidation:False crossValidation-k:5 learn-logFunction:True learn-accumulatedLogFunction:False learn-asymFunction:False learn-ratioFunction:False learn-mirrowedFunction:False numberOfRounds:70 backwardErrorDelta:1 minImprovementPerRound:0.25 withHierarchy:False bruteForceCandidates:False ignoreBadFeatures:False stopOnLongRound:False candidateSizePenalty:True learnTimeLimit:00:00:00 scoreMeasure:RELERROR outputRoundsToStdout:False blacklisted: 
command: solver z3
command: vm /scratch/kaltenec/Distribution-Aware-Sampling/DistOut/ConstraintData/JavaGC_disc/FeatureModel.xml
command: all /scratch/kaltenec/Distribution-Aware-Sampling/DistOut/ConstraintData/JavaGC_disc/measurements.xml
Configs with too large deviation: 0
193536 configurations loaded.
command: nfp Performance
command: hybrid distribution-aware distance-metric:manhattan distribution:uniform onlyBinary:true selection:SolverSelection number-weight-optimization:1-1 numConfigs:32 seed:33
command: learn-splconqueror
Learning: NumberOfConfigurationsLearning:32 NumberOfConfigurationsValidation:32
Learning progress:
1;101.818414814815 * MaxTenuringThreshold + -21.0203633862434 * DisableExplicitGC;154.420741035356;154.420741035356;154.420741035356;154.420741035356;0.099379;2;-21.0203633862434 * DisableExplicitGC;1;1.79769313486232E+308;
2;37.1559330263158 * MaxTenuringThreshold + 2.0733801096492 * DisableExplicitGC + 290.981168048245 * NewRatio_32;34.2568710742315;34.2568710742315;34.2568710742315;34.2568710742315;0.132921;3;290.981168048245 * NewRatio_32;1;120.163869961125;
3;25.61495375 * MaxTenuringThreshold + 12.4602614583334 * DisableExplicitGC + 299.059853541667 * NewRatio_32 + 43.8557212500004 * NewRatio_4;26.8930186724624;26.8930186724624;26.8930186724624;26.8930186724624;0.186795;4;43.8557212500004 * NewRatio_4;1;7.3638524017692;
4;32.1600986440678 * MaxTenuringThreshold + 0.460829152542384 * DisableExplicitGC + 215.06382740113 * NewRatio_32 + 37.3105763559324 * NewRatio_4 + 244.352076045198 * NewRatio_32 * SurvivorRatio_1;17.2031712143488;17.2031712143488;17.2031712143488;17.2031712143488;0.264887;6;244.352076045198 * NewRatio_32 * SurvivorRatio_1;2;4.84492372905679;
5;27.5886451429515 * MaxTenuringThreshold + 3.6629532639235 * DisableExplicitGC + 218.834749874401 * NewRatio_32 + 41.8820298570486 * NewRatio_4 + 243.551545017352 * NewRatio_32 * SurvivorRatio_1 + 12.4292975375972 * TenuredGenerationSizeSupplementDecay_16;11.9945158633537;11.9945158633537;11.9945158633537;11.9945158633537;0.405593;7;12.4292975375972 * TenuredGenerationSizeSupplementDecay_16;1;5.20865535099506;
6;24.0549592364991 * MaxTenuringThreshold + 2.74036531790374 * DisableExplicitGC + 222.599082767358 * NewRatio_32 + 45.4157157635011 * NewRatio_4 + 243.782192003857 * NewRatio_32 * SurvivorRatio_1 + 14.391972837856 * TenuredGenerationSizeSupplementDecay_16 + 8.77764097698856 * NewRatio_2;8.38030398456433;8.38030398456433;8.38030398456433;8.38030398456433;0.647904;8;8.77764097698856 * NewRatio_2;1;3.61421187878939;
Elapsed=00:00:00.6504081
average model: 
command: analyze-learning
Round, Model, LearningError, LearningErrorRel, ValidationError, ValidationErrorRel, ElapsedSeconds, ModelComplexity, BestCandidate, BestCandidateSize, BestCandidateScore, TestError
Models:
Termination reason: abortError
1;101.818414814815 * MaxTenuringThreshold + -21.0203633862434 * DisableExplicitGC;154.420741035356;154.420741035356;154.420741035356;154.420741035356;0.099379;2;-21.0203633862434 * DisableExplicitGC;1;1.79769313486232E+308;138.663535752897
2;37.1559330263158 * MaxTenuringThreshold + 2.0733801096492 * DisableExplicitGC + 290.981168048245 * NewRatio_32;34.2568710742315;34.2568710742315;34.2568710742315;34.2568710742315;0.132921;3;290.981168048245 * NewRatio_32;1;120.163869961125;71.6882432330308
3;25.61495375 * MaxTenuringThreshold + 12.4602614583334 * DisableExplicitGC + 299.059853541667 * NewRatio_32 + 43.8557212500004 * NewRatio_4;26.8930186724624;26.8930186724624;26.8930186724624;26.8930186724624;0.186795;4;43.8557212500004 * NewRatio_4;1;7.3638524017692;76.8055097805157
4;32.1600986440678 * MaxTenuringThreshold + 0.460829152542384 * DisableExplicitGC + 215.06382740113 * NewRatio_32 + 37.3105763559324 * NewRatio_4 + 244.352076045198 * NewRatio_32 * SurvivorRatio_1;17.2031712143488;17.2031712143488;17.2031712143488;17.2031712143488;0.264887;6;244.352076045198 * NewRatio_32 * SurvivorRatio_1;2;4.84492372905679;66.0538405695397
5;27.5886451429515 * MaxTenuringThreshold + 3.6629532639235 * DisableExplicitGC + 218.834749874401 * NewRatio_32 + 41.8820298570486 * NewRatio_4 + 243.551545017352 * NewRatio_32 * SurvivorRatio_1 + 12.4292975375972 * TenuredGenerationSizeSupplementDecay_16;11.9945158633537;11.9945158633537;11.9945158633537;11.9945158633537;0.405593;7;12.4292975375972 * TenuredGenerationSizeSupplementDecay_16;1;5.20865535099506;69.2168365785718
6;24.0549592364991 * MaxTenuringThreshold + 2.74036531790374 * DisableExplicitGC + 222.599082767358 * NewRatio_32 + 45.4157157635011 * NewRatio_4 + 243.782192003857 * NewRatio_32 * SurvivorRatio_1 + 14.391972837856 * TenuredGenerationSizeSupplementDecay_16 + 8.77764097698856 * NewRatio_2;8.38030398456433;8.38030398456433;8.38030398456433;8.38030398456433;0.647904;8;8.77764097698856 * NewRatio_2;1;3.61421187878939;69.8581144649429
Analyze finished
command: measurementstocsv /scratch/kaltenec/Distribution-Aware-Sampling/Results_opt/JavaGC_disc/JavaGC_disc_33/sampledConfigurations_solv_0.csv
command: clean-sampling
command: clean-global
command: script /scratch/kaltenec/Distribution-Aware-Sampling/Results_opt/JavaGC_disc/JavaGC_disc_33/learn_solv_1.a
command: log /scratch/kaltenec/Distribution-Aware-Sampling/Results_opt/JavaGC_disc/JavaGC_disc_33/out_solv_1.log
