Current machine learning settings: epsilon:0 lossFunction:RELATIVE parallelization:True bagging:False baggingNumbers:3 baggingTestDataFraction:50 useBackward:False abortError:1 limitFeatureSize:False featureSizeTreshold:4 quadraticFunctionSupport:True crossValidation:False crossValidation-k:5 learn-logFunction:False learn-accumulatedLogFunction:False learn-asymFunction:False learn-ratioFunction:False learn-mirrowedFunction:False numberOfRounds:70 backwardErrorDelta:1 minImprovementPerRound:0.1 withHierarchy:False bruteForceCandidates:False ignoreBadFeatures:False stopOnLongRound:True candidateSizePenalty:True learnTimeLimit:00:00:00 scoreMeasure:RELERROR outputRoundsToStdout:False blacklisted: 
command: mlsettings bagging:False stopOnLongRound:False parallelization:True lossFunction:RELATIVE useBackward:False abortError:10 limitFeatureSize:False featureSizeTreshold:7 quadraticFunctionSupport:True crossValidation:False learn_logFunction:True numberOfRounds:70 backwardErrorDelta:1 minImprovementPerRound:0.25 withHierarchy:False
Current machine learning settings: epsilon:0 lossFunction:RELATIVE parallelization:True bagging:False baggingNumbers:3 baggingTestDataFraction:50 useBackward:False abortError:10 limitFeatureSize:False featureSizeTreshold:7 quadraticFunctionSupport:True crossValidation:False crossValidation-k:5 learn-logFunction:True learn-accumulatedLogFunction:False learn-asymFunction:False learn-ratioFunction:False learn-mirrowedFunction:False numberOfRounds:70 backwardErrorDelta:1 minImprovementPerRound:0.25 withHierarchy:False bruteForceCandidates:False ignoreBadFeatures:False stopOnLongRound:False candidateSizePenalty:True learnTimeLimit:00:00:00 scoreMeasure:RELERROR outputRoundsToStdout:False blacklisted: 
command: solver z3
command: vm /scratch/kaltenec/Distribution-Aware-Sampling/DistOut/ConstraintData/Hipacc_disc/FeatureModel.xml
Warning: Variability model contains outdated notation. Children nodes will no longer have effect on the model. Instead use the parent node to describe the parent of an configuration option. You can also use the converter providedby the Variability Model GUI in export>convert legacy model.
Warning: Default value nodes in models are no longer used and should be removed. You can also use the converter provided by the Variability Model GUI in export>convert legacy model to update your model.
command: all /scratch/kaltenec/Distribution-Aware-Sampling/DistOut/ConstraintData/Hipacc_disc/measurements.xml
Configs with too large deviation: 0
13485 configurations loaded.
command: nfp Performance
command: binary satoutput numConfigs:4131 seed:26
command: learn-splconqueror
Learning: NumberOfConfigurationsLearning:4131 NumberOfConfigurationsValidation:4131
Learning progress:
1;35.0034886508545 * API + 7.15939706343182 * Array2D;33.0799204947696;33.0799204947696;33.0799204947696;33.0799204947696;1.123403;2;7.15939706343182 * Array2D;1;1.79769313486232E+308;
2;26.8953455678165 * API + 6.95318145968507 * Array2D + 18.1876596273416 * LocalMemory;21.3756758893157;21.3756758893157;21.3756758893157;21.3756758893157;3.631705;3;18.1876596273416 * LocalMemory;1;11.7042446054539;
3;24.7466093354291 * API + 7.69791830064213 * Array2D + 18.1270926257949 * LocalMemory + 18.7908940217945 * bs_32x1;17.4066500985423;17.4066500985423;17.4066500985423;17.4066500985423;9.002282;4;18.7908940217945 * bs_32x1;1;3.96902579077335;
4;23.878112250285 * API + 7.80875417338372 * Array2D + 18.4293547987869 * LocalMemory + 19.51863532649 * bs_32x1 + 9.87065209352055 * bs_512x2;16.5455052630772;16.5455052630772;16.5455052630772;16.5455052630772;17.015248;5;9.87065209352055 * bs_512x2;1;0.86114483546519;
5;23.8801112142845 * API + 7.73530694876911 * Array2D + 18.4336277611453 * LocalMemory + 12.4786103929976 * bs_32x1 + 9.87050895561557 * bs_512x2 + 31.8090117334039 * bs_32x1 * pixelPerThread_1;15.4219306888779;15.4219306888779;15.4219306888779;15.4219306888779;27.862571;7;31.8090117334039 * bs_32x1 * pixelPerThread_1;2;0.561787287099623;
6;23.0295645461931 * API + 7.80605583240214 * Array2D + 18.7229934142607 * LocalMemory + 13.1955950801574 * bs_32x1 + 10.6225277358155 * bs_512x2 + 31.8090815871138 * bs_32x1 * pixelPerThread_1 + 9.62351435544795 * bs_64x16;14.9722873508012;14.9722873508012;14.9722873508012;14.9722873508012;41.816075;8;9.62351435544795 * bs_64x16;1;0.449643338076733;
7;22.9221675505419 * API + 9.81432431434695 * Array2D + 24.9584764451787 * LocalMemory + 13.1387076800345 * bs_32x1 + 10.6666461342445 * bs_512x2 + 31.9800870999998 * bs_32x1 * pixelPerThread_1 + 9.70423840064948 * bs_64x16 + -10.4068887089907 * LocalMemory * TextureMemory;14.0913382537509;14.0913382537509;14.0913382537509;14.0913382537509;59.859768;10;-10.4068887089907 * LocalMemory * TextureMemory;2;0.440474548525148;
8;23.144212949076 * API + 9.41769932878573 * Array2D + 26.3761875892462 * LocalMemory + 12.2701198017461 * bs_32x1 + 9.98229641871036 * bs_512x2 + 31.9836032761554 * bs_32x1 * pixelPerThread_1 + 9.0154966333785 * bs_64x16 + -10.3438262350117 * LocalMemory * TextureMemory + -9.39151436437415 * LocalMemory * bs_64x4;13.2935730699454;13.2935730699454;13.2935730699454;13.2935730699454;84.800834;12;-9.39151436437415 * LocalMemory * bs_64x4;2;0.398882591902718;
9;23.3531042252593 * API + 9.24226322225381 * Array2D + 27.7497125457165 * LocalMemory + 11.4126353920049 * bs_32x1 + 9.30452032724069 * bs_512x2 + 31.9848559366669 * bs_32x1 * pixelPerThread_1 + 8.33243075078217 * bs_64x16 + -10.2241889705709 * LocalMemory * TextureMemory + -11.04141287332 * LocalMemory * bs_64x4 + -13.3906408950147 * LocalMemory * bs_32x4;12.3543623008784;12.3543623008784;12.3543623008784;12.3543623008784;115.812555;14;-13.3906408950147 * LocalMemory * bs_32x4;2;0.469605384533526;
10;22.5205914788325 * API + 9.25749773283152 * Array2D + 27.5438594596561 * LocalMemory + 12.3374219738814 * bs_32x1 + 8.98626772537807 * bs_512x2 + 28.1620371779552 * bs_32x1 * pixelPerThread_1 + 7.95825032988615 * bs_64x16 + -10.2219329873943 * LocalMemory * TextureMemory + -10.9701999437872 * LocalMemory * bs_64x4 + -13.3099869935168 * LocalMemory * bs_32x4 + 3.8223596683637 * pixelPerThread_1;11.9769537483937;11.9769537483937;11.9769537483937;11.9769537483937;152.838077;15;3.8223596683637 * pixelPerThread_1;1;0.377408552484741;
11;22.6606900493799 * API + 9.31395474172902 * Array2D + 28.4883387782636 * LocalMemory + 11.7770039816681 * bs_32x1 + 8.56381752121175 * bs_512x2 + 28.2390268021724 * bs_32x1 * pixelPerThread_1 + 7.53347580301187 * bs_64x16 + -10.2596844734969 * LocalMemory * TextureMemory + -12.0145347685162 * LocalMemory * bs_64x4 + -14.3550966518236 * LocalMemory * bs_32x4 + 3.7472128993395 * pixelPerThread_1 + -11.1092411999069 * LocalMemory * bs_32x8;11.5032165625733;11.5032165625733;11.5032165625733;11.5032165625733;199.626156;17;-11.1092411999069 * LocalMemory * bs_32x8;2;0.236868592910199;
Elapsed=00:03:19.6671992
average model: 
command: analyze-learning
Round, Model, LearningError, LearningErrorRel, ValidationError, ValidationErrorRel, ElapsedSeconds, ModelComplexity, BestCandidate, BestCandidateSize, BestCandidateScore, TestError
Models:
Termination reason: minImprovementPerRound
1;35.0034886508545 * API + 7.15939706343182 * Array2D;33.0799204947696;33.0799204947696;33.0799204947696;33.0799204947696;1.123403;2;7.15939706343182 * Array2D;1;1.79769313486232E+308;32.9698228631708
2;26.8953455678165 * API + 6.95318145968507 * Array2D + 18.1876596273416 * LocalMemory;21.3756758893157;21.3756758893157;21.3756758893157;21.3756758893157;3.631705;3;18.1876596273416 * LocalMemory;1;11.7042446054539;20.7939798736664
3;24.7466093354291 * API + 7.69791830064213 * Array2D + 18.1270926257949 * LocalMemory + 18.7908940217945 * bs_32x1;17.4066500985423;17.4066500985423;17.4066500985423;17.4066500985423;9.002282;4;18.7908940217945 * bs_32x1;1;3.96902579077335;17.8115335772505
4;23.878112250285 * API + 7.80875417338372 * Array2D + 18.4293547987869 * LocalMemory + 19.51863532649 * bs_32x1 + 9.87065209352055 * bs_512x2;16.5455052630772;16.5455052630772;16.5455052630772;16.5455052630772;17.015248;5;9.87065209352055 * bs_512x2;1;0.86114483546519;17.2521479731745
5;23.8801112142845 * API + 7.73530694876911 * Array2D + 18.4336277611453 * LocalMemory + 12.4786103929976 * bs_32x1 + 9.87050895561557 * bs_512x2 + 31.8090117334039 * bs_32x1 * pixelPerThread_1;15.4219306888779;15.4219306888779;15.4219306888779;15.4219306888779;27.862571;7;31.8090117334039 * bs_32x1 * pixelPerThread_1;2;0.561787287099623;16.7070569298893
6;23.0295645461931 * API + 7.80605583240214 * Array2D + 18.7229934142607 * LocalMemory + 13.1955950801574 * bs_32x1 + 10.6225277358155 * bs_512x2 + 31.8090815871138 * bs_32x1 * pixelPerThread_1 + 9.62351435544795 * bs_64x16;14.9722873508012;14.9722873508012;14.9722873508012;14.9722873508012;41.816075;8;9.62351435544795 * bs_64x16;1;0.449643338076733;16.5938102206902
7;22.9221675505419 * API + 9.81432431434695 * Array2D + 24.9584764451787 * LocalMemory + 13.1387076800345 * bs_32x1 + 10.6666461342445 * bs_512x2 + 31.9800870999998 * bs_32x1 * pixelPerThread_1 + 9.70423840064948 * bs_64x16 + -10.4068887089907 * LocalMemory * TextureMemory;14.0913382537509;14.0913382537509;14.0913382537509;14.0913382537509;59.859768;10;-10.4068887089907 * LocalMemory * TextureMemory;2;0.440474548525148;15.8748477464037
8;23.144212949076 * API + 9.41769932878573 * Array2D + 26.3761875892462 * LocalMemory + 12.2701198017461 * bs_32x1 + 9.98229641871036 * bs_512x2 + 31.9836032761554 * bs_32x1 * pixelPerThread_1 + 9.0154966333785 * bs_64x16 + -10.3438262350117 * LocalMemory * TextureMemory + -9.39151436437415 * LocalMemory * bs_64x4;13.2935730699454;13.2935730699454;13.2935730699454;13.2935730699454;84.800834;12;-9.39151436437415 * LocalMemory * bs_64x4;2;0.398882591902718;15.7557665426658
9;23.3531042252593 * API + 9.24226322225381 * Array2D + 27.7497125457165 * LocalMemory + 11.4126353920049 * bs_32x1 + 9.30452032724069 * bs_512x2 + 31.9848559366669 * bs_32x1 * pixelPerThread_1 + 8.33243075078217 * bs_64x16 + -10.2241889705709 * LocalMemory * TextureMemory + -11.04141287332 * LocalMemory * bs_64x4 + -13.3906408950147 * LocalMemory * bs_32x4;12.3543623008784;12.3543623008784;12.3543623008784;12.3543623008784;115.812555;14;-13.3906408950147 * LocalMemory * bs_32x4;2;0.469605384533526;15.2986542355071
10;22.5205914788325 * API + 9.25749773283152 * Array2D + 27.5438594596561 * LocalMemory + 12.3374219738814 * bs_32x1 + 8.98626772537807 * bs_512x2 + 28.1620371779552 * bs_32x1 * pixelPerThread_1 + 7.95825032988615 * bs_64x16 + -10.2219329873943 * LocalMemory * TextureMemory + -10.9701999437872 * LocalMemory * bs_64x4 + -13.3099869935168 * LocalMemory * bs_32x4 + 3.8223596683637 * pixelPerThread_1;11.9769537483937;11.9769537483937;11.9769537483937;11.9769537483937;152.838077;15;3.8223596683637 * pixelPerThread_1;1;0.377408552484741;14.6873226356625
11;22.6606900493799 * API + 9.31395474172902 * Array2D + 28.4883387782636 * LocalMemory + 11.7770039816681 * bs_32x1 + 8.56381752121175 * bs_512x2 + 28.2390268021724 * bs_32x1 * pixelPerThread_1 + 7.53347580301187 * bs_64x16 + -10.2596844734969 * LocalMemory * TextureMemory + -12.0145347685162 * LocalMemory * bs_64x4 + -14.3550966518236 * LocalMemory * bs_32x4 + 3.7472128993395 * pixelPerThread_1 + -11.1092411999069 * LocalMemory * bs_32x8;11.5032165625733;11.5032165625733;11.5032165625733;11.5032165625733;199.626156;17;-11.1092411999069 * LocalMemory * bs_32x8;2;0.236868592910199;14.2749076102133
Analyze finished
command: measurementstocsv /scratch/kaltenec/Distribution-Aware-Sampling/Results_test/Hipacc_disc/Hipacc_disc_26/sampledConfigurations_semi_2.csv
command: clean-sampling
command: clean-global
