Current machine learning settings: epsilon:0 lossFunction:RELATIVE parallelization:True bagging:False baggingNumbers:3 considerEpsilonTube:False baggingTestDataFraction:50 useBackward:False abortError:1 limitFeatureSize:False featureSizeTreshold:4 quadraticFunctionSupport:True crossValidation:False crossValidation-k:5 learn-logFunction:False learn-accumulatedLogFunction:False learn-asymFunction:False learn-ratioFunction:False learn-mirrowedFunction:False numberOfRounds:70 backwardErrorDelta:1 minImprovementPerRound:0.1 withHierarchy:False bruteForceCandidates:False ignoreBadFeatures:False stopOnLongRound:True candidateSizePenalty:True learnTimeLimit:00:00:00 scoreMeasure:RELERROR outputRoundsToStdout:False blacklisted: 
command: mlsettings bagging:False stopOnLongRound:False parallelization:True lossFunction:RELATIVE useBackward:False abortError:10 limitFeatureSize:False featureSizeTreshold:7 quadraticFunctionSupport:True crossValidation:False learn_logFunction:True numberOfRounds:70 backwardErrorDelta:1 minImprovementPerRound:0.25 withHierarchy:False
Current machine learning settings: epsilon:0 lossFunction:RELATIVE parallelization:True bagging:False baggingNumbers:3 considerEpsilonTube:False baggingTestDataFraction:50 useBackward:False abortError:10 limitFeatureSize:False featureSizeTreshold:7 quadraticFunctionSupport:True crossValidation:False crossValidation-k:5 learn-logFunction:True learn-accumulatedLogFunction:False learn-asymFunction:False learn-ratioFunction:False learn-mirrowedFunction:False numberOfRounds:70 backwardErrorDelta:1 minImprovementPerRound:0.25 withHierarchy:False bruteForceCandidates:False ignoreBadFeatures:False stopOnLongRound:False candidateSizePenalty:True learnTimeLimit:00:00:00 scoreMeasure:RELERROR outputRoundsToStdout:False blacklisted: 
command: solver z3
command: vm /scratch/kaltenec/Distribution-Aware-Sampling/DistOut/ConstraintData/JavaGC_disc/FeatureModel.xml
command: all /scratch/kaltenec/Distribution-Aware-Sampling/DistOut/ConstraintData/JavaGC_disc/measurements.xml
Configs with too large deviation: 0
193536 configurations loaded.
command: nfp Performance
command: hybrid distribution-aware distance-metric:manhattan distribution:uniform onlyBinary:true selection:SolverSelection optimization:local numConfigs:468 seed:7
command: learn-splconqueror
Learning: NumberOfConfigurationsLearning:468 NumberOfConfigurationsValidation:468
Learning progress:
1;93.5401591029029 * MaxTenuringThreshold + -67.4754295897935 * NewRatio_1;86.4025899457191;86.4025899457191;86.4025899457191;86.4025899457191;0.096414;2;-67.4754295897935 * NewRatio_1;1;1.79769313486232E+308;
2;108.56828785872 * MaxTenuringThreshold + -82.5035583456112 * NewRatio_1 + -73.9696207591529 * NewRatio_2;70.6854478987483;70.6854478987483;70.6854478987483;70.6854478987483;0.299826;3;-73.9696207591529 * NewRatio_2;1;15.7171420469708;
3;128.37570372981 * MaxTenuringThreshold + -102.3109742167 * NewRatio_1 + -93.7770366302417 * NewRatio_2 + -79.75786124092 * NewRatio_4;59.1636436710077;59.1636436710077;59.1636436710077;59.1636436710077;0.642734;4;-79.75786124092 * NewRatio_4;1;11.5218042277406;
4;128.37570372981 * MaxTenuringThreshold + -102.3109742167 * NewRatio_1 + -93.7770366302421 * NewRatio_2 + -94.9813815592666 * NewRatio_4 + 35.6801257461241 * NewRatio_4 * UseAdaptiveSizePolicy;54.3371704243149;54.3371704243149;54.3371704243149;54.3371704243149;1.161365;6;35.6801257461241 * NewRatio_4 * UseAdaptiveSizePolicy;2;2.41323662334641;
5;126.615676867756 * MaxTenuringThreshold + -102.555769051338 * NewRatio_1 + -94.0320197174314 * NewRatio_2 + -94.3038367862245 * NewRatio_4 + 34.0958681054342 * NewRatio_4 * UseAdaptiveSizePolicy + 3.87889415229344 * DisableExplicitGC;53.5654085422309;53.5654085422309;53.5654085422309;53.5654085422309;1.879874;7;3.87889415229344 * DisableExplicitGC;1;0.771761882083965;
6;126.591293624878 * MaxTenuringThreshold + -102.559160415434 * NewRatio_1 + -98.0922558015128 * NewRatio_2 + -94.2944501461014 * NewRatio_4 + 34.0739199524442 * NewRatio_4 * UseAdaptiveSizePolicy + 3.93263197883135 * DisableExplicitGC + 8.22016250300935 * NewRatio_2 * UseAdaptiveSizePolicy;52.8330096773561;52.8330096773561;52.8330096773561;52.8330096773561;3.106306;9;8.22016250300935 * NewRatio_2 * UseAdaptiveSizePolicy;2;0.36619943243743;
7;126.503400231993 * MaxTenuringThreshold + -102.571385142818 * NewRatio_1 + -96.437880268296 * NewRatio_2 + -94.2606144642617 * NewRatio_4 + 33.9948042399258 * NewRatio_4 * UseAdaptiveSizePolicy + 4.12633877674159 * DisableExplicitGC + 8.27158081185541 * NewRatio_2 * UseAdaptiveSizePolicy + -8.14508077863395 * NewRatio_2 * SurvivorRatio_6;52.2814061734144;52.2814061734144;52.2814061734144;52.2814061734144;4.450299;11;-8.14508077863395 * NewRatio_2 * SurvivorRatio_6;2;0.275801751970839;
8;126.508737575123 * MaxTenuringThreshold + -101.687363084608 * NewRatio_1 + -96.4373962871559 * NewRatio_2 + -94.2626691425266 * NewRatio_4 + 33.9996085567327 * NewRatio_4 * UseAdaptiveSizePolicy + 4.11457589431005 * DisableExplicitGC + 8.27111490552413 * NewRatio_2 * UseAdaptiveSizePolicy + -8.14258216806689 * NewRatio_2 * SurvivorRatio_6 + -5.61513529481238 * NewRatio_1 * SurvivorRatio_16;51.7767488551073;51.7767488551073;51.7767488551073;51.7767488551073;6.938363;13;-5.61513529481238 * NewRatio_1 * SurvivorRatio_16;2;0.252328659153552;
9;127.338332240582 * MaxTenuringThreshold + -101.65140270512 * NewRatio_1 + -96.0234764028045 * NewRatio_2 + -94.5458601390206 * NewRatio_4 + 34.7396926536717 * NewRatio_4 * UseAdaptiveSizePolicy + 4.06384347498749 * DisableExplicitGC + 7.69889072072299 * NewRatio_2 * UseAdaptiveSizePolicy + -9.06510608719207 * NewRatio_2 * SurvivorRatio_6 + -6.45532413009786 * NewRatio_1 * SurvivorRatio_16 + -5.72164218340243 * SurvivorRatio_11;51.559290132163;51.559290132163;51.559290132163;51.559290132163;10.378399;14;-5.72164218340243 * SurvivorRatio_11;1;0.217458722944301;
Elapsed=00:00:10.3930835
average model: 
command: analyze-learning
Round, Model, LearningError, LearningErrorRel, ValidationError, ValidationErrorRel, ElapsedSeconds, ModelComplexity, BestCandidate, BestCandidateSize, BestCandidateScore, TestError
Models:
Termination reason: minImprovementPerRound
1;93.5401591029029 * MaxTenuringThreshold + -67.4754295897935 * NewRatio_1;86.4025899457191;86.4025899457191;86.4025899457191;86.4025899457191;0.096414;2;-67.4754295897935 * NewRatio_1;1;1.79769313486232E+308;98.3852029579153
2;108.56828785872 * MaxTenuringThreshold + -82.5035583456112 * NewRatio_1 + -73.9696207591529 * NewRatio_2;70.6854478987483;70.6854478987483;70.6854478987483;70.6854478987483;0.299826;3;-73.9696207591529 * NewRatio_2;1;15.7171420469708;83.4633553525153
3;128.37570372981 * MaxTenuringThreshold + -102.3109742167 * NewRatio_1 + -93.7770366302417 * NewRatio_2 + -79.75786124092 * NewRatio_4;59.1636436710077;59.1636436710077;59.1636436710077;59.1636436710077;0.642734;4;-79.75786124092 * NewRatio_4;1;11.5218042277406;73.240128285974
4;128.37570372981 * MaxTenuringThreshold + -102.3109742167 * NewRatio_1 + -93.7770366302421 * NewRatio_2 + -94.9813815592666 * NewRatio_4 + 35.6801257461241 * NewRatio_4 * UseAdaptiveSizePolicy;54.3371704243149;54.3371704243149;54.3371704243149;54.3371704243149;1.161365;6;35.6801257461241 * NewRatio_4 * UseAdaptiveSizePolicy;2;2.41323662334641;68.3510183690703
5;126.615676867756 * MaxTenuringThreshold + -102.555769051338 * NewRatio_1 + -94.0320197174314 * NewRatio_2 + -94.3038367862245 * NewRatio_4 + 34.0958681054342 * NewRatio_4 * UseAdaptiveSizePolicy + 3.87889415229344 * DisableExplicitGC;53.5654085422309;53.5654085422309;53.5654085422309;53.5654085422309;1.879874;7;3.87889415229344 * DisableExplicitGC;1;0.771761882083965;67.78867736111
6;126.591293624878 * MaxTenuringThreshold + -102.559160415434 * NewRatio_1 + -98.0922558015128 * NewRatio_2 + -94.2944501461014 * NewRatio_4 + 34.0739199524442 * NewRatio_4 * UseAdaptiveSizePolicy + 3.93263197883135 * DisableExplicitGC + 8.22016250300935 * NewRatio_2 * UseAdaptiveSizePolicy;52.8330096773561;52.8330096773561;52.8330096773561;52.8330096773561;3.106306;9;8.22016250300935 * NewRatio_2 * UseAdaptiveSizePolicy;2;0.36619943243743;67.043375458609
7;126.503400231993 * MaxTenuringThreshold + -102.571385142818 * NewRatio_1 + -96.437880268296 * NewRatio_2 + -94.2606144642617 * NewRatio_4 + 33.9948042399258 * NewRatio_4 * UseAdaptiveSizePolicy + 4.12633877674159 * DisableExplicitGC + 8.27158081185541 * NewRatio_2 * UseAdaptiveSizePolicy + -8.14508077863395 * NewRatio_2 * SurvivorRatio_6;52.2814061734144;52.2814061734144;52.2814061734144;52.2814061734144;4.450299;11;-8.14508077863395 * NewRatio_2 * SurvivorRatio_6;2;0.275801751970839;66.7007879157919
8;126.508737575123 * MaxTenuringThreshold + -101.687363084608 * NewRatio_1 + -96.4373962871559 * NewRatio_2 + -94.2626691425266 * NewRatio_4 + 33.9996085567327 * NewRatio_4 * UseAdaptiveSizePolicy + 4.11457589431005 * DisableExplicitGC + 8.27111490552413 * NewRatio_2 * UseAdaptiveSizePolicy + -8.14258216806689 * NewRatio_2 * SurvivorRatio_6 + -5.61513529481238 * NewRatio_1 * SurvivorRatio_16;51.7767488551073;51.7767488551073;51.7767488551073;51.7767488551073;6.938363;13;-5.61513529481238 * NewRatio_1 * SurvivorRatio_16;2;0.252328659153552;66.3019757301582
9;127.338332240582 * MaxTenuringThreshold + -101.65140270512 * NewRatio_1 + -96.0234764028045 * NewRatio_2 + -94.5458601390206 * NewRatio_4 + 34.7396926536717 * NewRatio_4 * UseAdaptiveSizePolicy + 4.06384347498749 * DisableExplicitGC + 7.69889072072299 * NewRatio_2 * UseAdaptiveSizePolicy + -9.06510608719207 * NewRatio_2 * SurvivorRatio_6 + -6.45532413009786 * NewRatio_1 * SurvivorRatio_16 + -5.72164218340243 * SurvivorRatio_11;51.559290132163;51.559290132163;51.559290132163;51.559290132163;10.378399;14;-5.72164218340243 * SurvivorRatio_11;1;0.217458722944301;65.7688379803346
Analyze finished
command: printconfigs /scratch/kaltenec/Distribution-Aware-Sampling/Results_newTry/JavaGC_disc/JavaGC_disc_7/sampledConfigurations_local_1.csv
command: clean-sampling
command: clean-global
command: script /scratch/kaltenec/Distribution-Aware-Sampling/Results_newTry/JavaGC_disc/JavaGC_disc_7/learn_local_2.a
command: log /scratch/kaltenec/Distribution-Aware-Sampling/Results_newTry/JavaGC_disc/JavaGC_disc_7/out_local_2.log
