Current machine learning settings: epsilon:0 lossFunction:RELATIVE parallelization:True bagging:False baggingNumbers:3 considerEpsilonTube:False baggingTestDataFraction:50 useBackward:False abortError:1 limitFeatureSize:False featureSizeTreshold:4 quadraticFunctionSupport:True crossValidation:False crossValidation-k:5 learn-logFunction:False learn-accumulatedLogFunction:False learn-asymFunction:False learn-ratioFunction:False learn-mirrowedFunction:False numberOfRounds:70 backwardErrorDelta:1 minImprovementPerRound:0.1 withHierarchy:False bruteForceCandidates:False ignoreBadFeatures:False stopOnLongRound:True candidateSizePenalty:True learnTimeLimit:00:00:00 scoreMeasure:RELERROR outputRoundsToStdout:False blacklisted: 
command: mlsettings bagging:False stopOnLongRound:False parallelization:True lossFunction:RELATIVE useBackward:False abortError:10 limitFeatureSize:False featureSizeTreshold:7 quadraticFunctionSupport:True crossValidation:False learn_logFunction:True numberOfRounds:70 backwardErrorDelta:1 minImprovementPerRound:0.25 withHierarchy:False
Current machine learning settings: epsilon:0 lossFunction:RELATIVE parallelization:True bagging:False baggingNumbers:3 considerEpsilonTube:False baggingTestDataFraction:50 useBackward:False abortError:10 limitFeatureSize:False featureSizeTreshold:7 quadraticFunctionSupport:True crossValidation:False crossValidation-k:5 learn-logFunction:True learn-accumulatedLogFunction:False learn-asymFunction:False learn-ratioFunction:False learn-mirrowedFunction:False numberOfRounds:70 backwardErrorDelta:1 minImprovementPerRound:0.25 withHierarchy:False bruteForceCandidates:False ignoreBadFeatures:False stopOnLongRound:False candidateSizePenalty:True learnTimeLimit:00:00:00 scoreMeasure:RELERROR outputRoundsToStdout:False blacklisted: 
command: solver z3
command: vm /scratch/kaltenec/Distribution-Aware-Sampling/DistOut/ConstraintData/JavaGC_disc/FeatureModel.xml
command: all /scratch/kaltenec/Distribution-Aware-Sampling/DistOut/ConstraintData/JavaGC_disc/measurements.xml
Configs with too large deviation: 0
193536 configurations loaded.
command: nfp Performance
command: hybrid distribution-aware distance-metric:manhattan distribution:uniform onlyBinary:true selection:SolverSelection optimization:None numConfigs:468 seed:7
command: learn-splconqueror
Learning: NumberOfConfigurationsLearning:468 NumberOfConfigurationsValidation:468
Learning progress:
1;73.938156886544 * MaxTenuringThreshold + -46.3618888715624 * NewRatio_1;61.7401432202361;61.7401432202361;61.7401432202361;61.7401432202361;0.10233;2;-46.3618888715624 * NewRatio_1;1;1.79769313486232E+308;
2;79.1182199604357 * MaxTenuringThreshold + -51.5419519454541 * NewRatio_1 + -46.7439025001178 * NewRatio_2;56.8417436158127;56.8417436158127;56.8417436158127;56.8417436158127;0.319281;3;-46.7439025001178 * NewRatio_2;1;4.89839960442337;
3;65.4024200673406 * MaxTenuringThreshold + -37.826152052359 * NewRatio_1 + -33.0281026070228 * NewRatio_2 + 33.2534141293024 * NewRatio_32;54.2249307179354;54.2249307179354;54.2249307179354;54.2249307179354;0.668472;4;33.2534141293024 * NewRatio_32;1;2.61681289787732;
4;65.4024200673405 * MaxTenuringThreshold + -37.8261520523588 * NewRatio_1 + -33.0281026070226 * NewRatio_2 + -8.35376544960299 * NewRatio_32 + 192.779932048929 * NewRatio_32 * UseAdaptiveSizePolicy;35.3899308413643;35.3899308413643;35.3899308413643;35.3899308413643;1.235868;6;192.779932048929 * NewRatio_32 * UseAdaptiveSizePolicy;2;9.41749993828554;
5;69.8449482539687 * MaxTenuringThreshold + -42.2686802389871 * NewRatio_1 + -37.4706307936509 * NewRatio_2 + -12.7962936362312 * NewRatio_32 + 192.77993204893 * NewRatio_32 * UseAdaptiveSizePolicy + -29.3206860317464 * TenuredGenerationSizeSupplement_90;34.1697343457714;34.1697343457714;34.1697343457714;34.1697343457714;2.28769;7;-29.3206860317464 * TenuredGenerationSizeSupplement_90;1;1.22019649559293;
6;69.8449482539688 * MaxTenuringThreshold + -42.268680238987 * NewRatio_1 + -37.4706307936511 * NewRatio_2 + -15.5688160890199 * NewRatio_32 + 170.368708888888 * NewRatio_32 * UseAdaptiveSizePolicy + -29.3206860317461 * TenuredGenerationSizeSupplement_90 + 25.1837456128304 * NewRatio_32 * UseAdaptiveGCBoundary;33.2190955260503;33.2190955260503;33.2190955260503;33.2190955260503;3.815363;9;25.1837456128304 * NewRatio_32 * UseAdaptiveGCBoundary;2;0.475319409860546;
7;69.8449482539689 * MaxTenuringThreshold + -42.2686802389872 * NewRatio_1 + -29.4491704761907 * NewRatio_2 + -15.5688160890199 * NewRatio_32 + 170.36870888889 * NewRatio_32 * UseAdaptiveSizePolicy + -29.3206860317469 * TenuredGenerationSizeSupplement_90 + 25.1837456128287 * NewRatio_32 * UseAdaptiveGCBoundary + -11.2300444444448 * NewRatio_2 * TenuredGenerationSizeSupplementDecay_2;32.4043546815809;32.4043546815809;32.4043546815809;32.4043546815809;5.14226;11;-11.2300444444448 * NewRatio_2 * TenuredGenerationSizeSupplementDecay_2;2;0.407370422234685;
8;69.8449482539688 * MaxTenuringThreshold + -42.268680238987 * NewRatio_1 + -29.4491704761905 * NewRatio_2 + -13.7705250806089 * NewRatio_32 + 166.007853193492 * NewRatio_32 * UseAdaptiveSizePolicy + -29.3206860317461 * TenuredGenerationSizeSupplement_90 + 30.6535474300789 * NewRatio_32 * UseAdaptiveGCBoundary + -11.2300444444445 * NewRatio_2 * TenuredGenerationSizeSupplementDecay_2 + -7.26809282566072 * NewRatio_32 * UseAdaptiveSizePolicyFootprintGoal;31.8008322063681;31.8008322063681;31.8008322063681;31.8008322063681;7.289528;13;-7.26809282566072 * NewRatio_32 * UseAdaptiveSizePolicyFootprintGoal;2;0.301761237606442;
9;69.8449482539688 * MaxTenuringThreshold + -41.6079632990135 * NewRatio_1 + -29.4491704761904 * NewRatio_2 + -13.7705250806088 * NewRatio_32 + 166.007853193492 * NewRatio_32 * UseAdaptiveSizePolicy + -29.3206860317461 * TenuredGenerationSizeSupplement_90 + 30.6535474300794 * NewRatio_32 * UseAdaptiveGCBoundary + -11.2300444444442 * NewRatio_2 * TenuredGenerationSizeSupplementDecay_2 + -7.26809282566124 * NewRatio_32 * UseAdaptiveSizePolicyFootprintGoal + -3.92025384384344 * NewRatio_1 * SurvivorRatio_11;31.2752310760613;31.2752310760613;31.2752310760613;31.2752310760613;11.256246;15;-3.92025384384344 * NewRatio_1 * SurvivorRatio_11;2;0.262800565153377;
10;69.8449482539687 * MaxTenuringThreshold + -41.6079632990132 * NewRatio_1 + -29.4491704761907 * NewRatio_2 + -16.1732697396287 * NewRatio_32 + 174.979640141435 * NewRatio_32 * UseAdaptiveSizePolicy + -29.3206860317459 * TenuredGenerationSizeSupplement_90 + 23.3451990922267 * NewRatio_32 * UseAdaptiveGCBoundary + -11.2300444444438 * NewRatio_2 * TenuredGenerationSizeSupplementDecay_2 + -5.41982770333793 * NewRatio_32 * UseAdaptiveSizePolicyFootprintGoal + -3.92025384384377 * NewRatio_1 * SurvivorRatio_11 + 7.8628278745492 * NewRatio_32 * SurvivorRatio_1;30.9022547529341;30.9022547529341;30.9022547529341;30.9022547529341;15.37699;17;7.8628278745492 * NewRatio_32 * SurvivorRatio_1;2;0.186488161563597;
Elapsed=00:00:15.4008013
average model: 
command: analyze-learning
Round, Model, LearningError, LearningErrorRel, ValidationError, ValidationErrorRel, ElapsedSeconds, ModelComplexity, BestCandidate, BestCandidateSize, BestCandidateScore, TestError
Models:
Termination reason: minImprovementPerRound
1;73.938156886544 * MaxTenuringThreshold + -46.3618888715624 * NewRatio_1;61.7401432202361;61.7401432202361;61.7401432202361;61.7401432202361;0.10233;2;-46.3618888715624 * NewRatio_1;1;1.79769313486232E+308;72.4210658199346
2;79.1182199604357 * MaxTenuringThreshold + -51.5419519454541 * NewRatio_1 + -46.7439025001178 * NewRatio_2;56.8417436158127;56.8417436158127;56.8417436158127;56.8417436158127;0.319281;3;-46.7439025001178 * NewRatio_2;1;4.89839960442337;58.4408973353329
3;65.4024200673406 * MaxTenuringThreshold + -37.826152052359 * NewRatio_1 + -33.0281026070228 * NewRatio_2 + 33.2534141293024 * NewRatio_32;54.2249307179354;54.2249307179354;54.2249307179354;54.2249307179354;0.668472;4;33.2534141293024 * NewRatio_32;1;2.61681289787732;50.3015510503574
4;65.4024200673405 * MaxTenuringThreshold + -37.8261520523588 * NewRatio_1 + -33.0281026070226 * NewRatio_2 + -8.35376544960299 * NewRatio_32 + 192.779932048929 * NewRatio_32 * UseAdaptiveSizePolicy;35.3899308413643;35.3899308413643;35.3899308413643;35.3899308413643;1.235868;6;192.779932048929 * NewRatio_32 * UseAdaptiveSizePolicy;2;9.41749993828554;42.5822117122776
5;69.8449482539687 * MaxTenuringThreshold + -42.2686802389871 * NewRatio_1 + -37.4706307936509 * NewRatio_2 + -12.7962936362312 * NewRatio_32 + 192.77993204893 * NewRatio_32 * UseAdaptiveSizePolicy + -29.3206860317464 * TenuredGenerationSizeSupplement_90;34.1697343457714;34.1697343457714;34.1697343457714;34.1697343457714;2.28769;7;-29.3206860317464 * TenuredGenerationSizeSupplement_90;1;1.22019649559293;50.3823447394103
6;69.8449482539688 * MaxTenuringThreshold + -42.268680238987 * NewRatio_1 + -37.4706307936511 * NewRatio_2 + -15.5688160890199 * NewRatio_32 + 170.368708888888 * NewRatio_32 * UseAdaptiveSizePolicy + -29.3206860317461 * TenuredGenerationSizeSupplement_90 + 25.1837456128304 * NewRatio_32 * UseAdaptiveGCBoundary;33.2190955260503;33.2190955260503;33.2190955260503;33.2190955260503;3.815363;9;25.1837456128304 * NewRatio_32 * UseAdaptiveGCBoundary;2;0.475319409860546;50.0456749962161
7;69.8449482539689 * MaxTenuringThreshold + -42.2686802389872 * NewRatio_1 + -29.4491704761907 * NewRatio_2 + -15.5688160890199 * NewRatio_32 + 170.36870888889 * NewRatio_32 * UseAdaptiveSizePolicy + -29.3206860317469 * TenuredGenerationSizeSupplement_90 + 25.1837456128287 * NewRatio_32 * UseAdaptiveGCBoundary + -11.2300444444448 * NewRatio_2 * TenuredGenerationSizeSupplementDecay_2;32.4043546815809;32.4043546815809;32.4043546815809;32.4043546815809;5.14226;11;-11.2300444444448 * NewRatio_2 * TenuredGenerationSizeSupplementDecay_2;2;0.407370422234685;49.9400991658844
8;69.8449482539688 * MaxTenuringThreshold + -42.268680238987 * NewRatio_1 + -29.4491704761905 * NewRatio_2 + -13.7705250806089 * NewRatio_32 + 166.007853193492 * NewRatio_32 * UseAdaptiveSizePolicy + -29.3206860317461 * TenuredGenerationSizeSupplement_90 + 30.6535474300789 * NewRatio_32 * UseAdaptiveGCBoundary + -11.2300444444445 * NewRatio_2 * TenuredGenerationSizeSupplementDecay_2 + -7.26809282566072 * NewRatio_32 * UseAdaptiveSizePolicyFootprintGoal;31.8008322063681;31.8008322063681;31.8008322063681;31.8008322063681;7.289528;13;-7.26809282566072 * NewRatio_32 * UseAdaptiveSizePolicyFootprintGoal;2;0.301761237606442;50.0319087485046
9;69.8449482539688 * MaxTenuringThreshold + -41.6079632990135 * NewRatio_1 + -29.4491704761904 * NewRatio_2 + -13.7705250806088 * NewRatio_32 + 166.007853193492 * NewRatio_32 * UseAdaptiveSizePolicy + -29.3206860317461 * TenuredGenerationSizeSupplement_90 + 30.6535474300794 * NewRatio_32 * UseAdaptiveGCBoundary + -11.2300444444442 * NewRatio_2 * TenuredGenerationSizeSupplementDecay_2 + -7.26809282566124 * NewRatio_32 * UseAdaptiveSizePolicyFootprintGoal + -3.92025384384344 * NewRatio_1 * SurvivorRatio_11;31.2752310760613;31.2752310760613;31.2752310760613;31.2752310760613;11.256246;15;-3.92025384384344 * NewRatio_1 * SurvivorRatio_11;2;0.262800565153377;49.8973396399474
10;69.8449482539687 * MaxTenuringThreshold + -41.6079632990132 * NewRatio_1 + -29.4491704761907 * NewRatio_2 + -16.1732697396287 * NewRatio_32 + 174.979640141435 * NewRatio_32 * UseAdaptiveSizePolicy + -29.3206860317459 * TenuredGenerationSizeSupplement_90 + 23.3451990922267 * NewRatio_32 * UseAdaptiveGCBoundary + -11.2300444444438 * NewRatio_2 * TenuredGenerationSizeSupplementDecay_2 + -5.41982770333793 * NewRatio_32 * UseAdaptiveSizePolicyFootprintGoal + -3.92025384384377 * NewRatio_1 * SurvivorRatio_11 + 7.8628278745492 * NewRatio_32 * SurvivorRatio_1;30.9022547529341;30.9022547529341;30.9022547529341;30.9022547529341;15.37699;17;7.8628278745492 * NewRatio_32 * SurvivorRatio_1;2;0.186488161563597;49.8498281130922
Analyze finished
command: printconfigs /scratch/kaltenec/Distribution-Aware-Sampling/Results_newTry/JavaGC_disc/JavaGC_disc_7/sampledConfigurations_solv_1.csv
command: clean-sampling
command: clean-global
command: script /scratch/kaltenec/Distribution-Aware-Sampling/Results_newTry/JavaGC_disc/JavaGC_disc_7/learn_solv_2.a
command: log /scratch/kaltenec/Distribution-Aware-Sampling/Results_newTry/JavaGC_disc/JavaGC_disc_7/out_solv_2.log
