Current machine learning settings: epsilon:0 lossFunction:RELATIVE parallelization:True bagging:False baggingNumbers:3 considerEpsilonTube:False baggingTestDataFraction:50 useBackward:False abortError:1 limitFeatureSize:False featureSizeTreshold:4 quadraticFunctionSupport:True crossValidation:False crossValidation-k:5 learn-logFunction:False learn-accumulatedLogFunction:False learn-asymFunction:False learn-ratioFunction:False learn-mirrowedFunction:False numberOfRounds:70 backwardErrorDelta:1 minImprovementPerRound:0.1 withHierarchy:False bruteForceCandidates:False ignoreBadFeatures:False stopOnLongRound:True candidateSizePenalty:True learnTimeLimit:00:00:00 scoreMeasure:RELERROR outputRoundsToStdout:False blacklisted: 
command: mlsettings bagging:False stopOnLongRound:False parallelization:True lossFunction:RELATIVE useBackward:False abortError:10 limitFeatureSize:False featureSizeTreshold:7 quadraticFunctionSupport:True crossValidation:False learn_logFunction:True numberOfRounds:70 backwardErrorDelta:1 minImprovementPerRound:0.25 withHierarchy:False
Current machine learning settings: epsilon:0 lossFunction:RELATIVE parallelization:True bagging:False baggingNumbers:3 considerEpsilonTube:False baggingTestDataFraction:50 useBackward:False abortError:10 limitFeatureSize:False featureSizeTreshold:7 quadraticFunctionSupport:True crossValidation:False crossValidation-k:5 learn-logFunction:True learn-accumulatedLogFunction:False learn-asymFunction:False learn-ratioFunction:False learn-mirrowedFunction:False numberOfRounds:70 backwardErrorDelta:1 minImprovementPerRound:0.25 withHierarchy:False bruteForceCandidates:False ignoreBadFeatures:False stopOnLongRound:False candidateSizePenalty:True learnTimeLimit:00:00:00 scoreMeasure:RELERROR outputRoundsToStdout:False blacklisted: 
command: solver z3
command: vm /scratch/kaltenec/Distribution-Aware-Sampling/DistOut/ConstraintData/7z_disc/FeatureModel.xml
command: all /scratch/kaltenec/Distribution-Aware-Sampling/DistOut/ConstraintData/7z_disc/measurements.xml
Configs with too large deviation: 0
68640 configurations loaded.
command: nfp Performance
command: hybrid distribution-aware distance-metric:manhattan distribution:uniform onlyBinary:true selection:SolverSelection optimization:None numConfigs:39 seed:88
command: learn-splconqueror
Learning: NumberOfConfigurationsLearning:39 NumberOfConfigurationsValidation:39
Learning progress:
1;3517.05882352941 * CompressionMethod + -1439.05882352941 * Deflate;34.0154250511432;34.0154250511432;34.0154250511432;34.0154250511432;0.045281;2;-1439.05882352941 * Deflate;1;1.79769313486232E+308;
2;3092.66666666667 * CompressionMethod + -1014.66666666667 * Deflate + 3607.33333333333 * BZip2;20.4005132420511;20.4005132420511;20.4005132420511;20.4005132420511;0.067023;3;3607.33333333333 * BZip2;1;13.6149118090921;
3;2906.20689655173 * CompressionMethod + -828.206896551723 * Deflate + 3793.79310344828 * BZip2 + 5593.79310344828 * x_10;17.0437882480364;17.0437882480364;17.0437882480364;17.0437882480364;0.101819;4;5593.79310344828 * x_10;1;3.35672499401464;
4;3200.76923076923 * CompressionMethod + -1122.76923076923 * Deflate + 3499.23076923077 * BZip2 + 5833.125 * x_10 + -533.89423076923 * PPMd;12.8166085933989;12.8166085933989;12.8166085933989;12.8166085933989;0.153269;5;-533.89423076923 * PPMd;1;4.22717965463755;
5;3200.76923076923 * CompressionMethod + -1122.76923076923 * Deflate + 3499.23076923077 * BZip2 + 6123.33333333333 * x_10 + -824.102564102563 * PPMd + 4643.33333333333 * x_8;10.3722621518972;10.3722621518972;10.3722621518972;10.3722621518972;0.24604;6;4643.33333333333 * x_8;1;2.4443464415017;
6;3200.76923076923 * CompressionMethod + -1122.76923076923 * Deflate + 3499.23076923077 * BZip2 + 6008.33333333332 * x_10 + -709.102564102561 * PPMd + 4528.33333333333 * x_8 + -575.000000000005 * x_4;8.13568523438994;8.13568523438994;8.13568523438994;8.13568523438994;0.441314;7;-575.000000000005 * x_4;1;2.23657691750726;
Elapsed=00:00:00.4432836
average model: 
command: analyze-learning
Round, Model, LearningError, LearningErrorRel, ValidationError, ValidationErrorRel, ElapsedSeconds, ModelComplexity, BestCandidate, BestCandidateSize, BestCandidateScore, TestError
Models:
Termination reason: abortError
1;3517.05882352941 * CompressionMethod + -1439.05882352941 * Deflate;34.0154250511432;34.0154250511432;34.0154250511432;34.0154250511432;0.045281;2;-1439.05882352941 * Deflate;1;1.79769313486232E+308;50.4931703258933
2;3092.66666666667 * CompressionMethod + -1014.66666666667 * Deflate + 3607.33333333333 * BZip2;20.4005132420511;20.4005132420511;20.4005132420511;20.4005132420511;0.067023;3;3607.33333333333 * BZip2;1;13.6149118090921;43.2197114423973
3;2906.20689655173 * CompressionMethod + -828.206896551723 * Deflate + 3793.79310344828 * BZip2 + 5593.79310344828 * x_10;17.0437882480364;17.0437882480364;17.0437882480364;17.0437882480364;0.101819;4;5593.79310344828 * x_10;1;3.35672499401464;39.0084987434665
4;3200.76923076923 * CompressionMethod + -1122.76923076923 * Deflate + 3499.23076923077 * BZip2 + 5833.125 * x_10 + -533.89423076923 * PPMd;12.8166085933989;12.8166085933989;12.8166085933989;12.8166085933989;0.153269;5;-533.89423076923 * PPMd;1;4.22717965463755;36.6619226039751
5;3200.76923076923 * CompressionMethod + -1122.76923076923 * Deflate + 3499.23076923077 * BZip2 + 6123.33333333333 * x_10 + -824.102564102563 * PPMd + 4643.33333333333 * x_8;10.3722621518972;10.3722621518972;10.3722621518972;10.3722621518972;0.24604;6;4643.33333333333 * x_8;1;2.4443464415017;31.2064669243629
6;3200.76923076923 * CompressionMethod + -1122.76923076923 * Deflate + 3499.23076923077 * BZip2 + 6008.33333333332 * x_10 + -709.102564102561 * PPMd + 4528.33333333333 * x_8 + -575.000000000005 * x_4;8.13568523438994;8.13568523438994;8.13568523438994;8.13568523438994;0.441314;7;-575.000000000005 * x_4;1;2.23657691750726;32.7255877659723
Analyze finished
command: printconfigs /scratch/kaltenec/Distribution-Aware-Sampling/Results_newTry/7z_disc/7z_disc_88/sampledConfigurations_solv_0.csv
command: clean-sampling
command: clean-global
command: script /scratch/kaltenec/Distribution-Aware-Sampling/Results_newTry/7z_disc/7z_disc_88/learn_solv_1.a
command: log /scratch/kaltenec/Distribution-Aware-Sampling/Results_newTry/7z_disc/7z_disc_88/out_solv_1.log
