Current machine learning settings: epsilon:0 lossFunction:RELATIVE parallelization:True bagging:False baggingNumbers:3 baggingTestDataFraction:50 useBackward:False abortError:1 limitFeatureSize:False featureSizeTreshold:4 quadraticFunctionSupport:True crossValidation:False crossValidation-k:5 learn-logFunction:False learn-accumulatedLogFunction:False learn-asymFunction:False learn-ratioFunction:False learn-mirrowedFunction:False numberOfRounds:70 backwardErrorDelta:1 minImprovementPerRound:0.1 withHierarchy:False bruteForceCandidates:False ignoreBadFeatures:False stopOnLongRound:True candidateSizePenalty:True learnTimeLimit:00:00:00 scoreMeasure:RELERROR outputRoundsToStdout:False blacklisted: 
command: mlsettings bagging:False stopOnLongRound:False parallelization:True lossFunction:RELATIVE useBackward:False abortError:10 limitFeatureSize:False featureSizeTreshold:7 quadraticFunctionSupport:True crossValidation:False learn_logFunction:True numberOfRounds:70 backwardErrorDelta:1 minImprovementPerRound:0.25 withHierarchy:False
Current machine learning settings: epsilon:0 lossFunction:RELATIVE parallelization:True bagging:False baggingNumbers:3 baggingTestDataFraction:50 useBackward:False abortError:10 limitFeatureSize:False featureSizeTreshold:7 quadraticFunctionSupport:True crossValidation:False crossValidation-k:5 learn-logFunction:True learn-accumulatedLogFunction:False learn-asymFunction:False learn-ratioFunction:False learn-mirrowedFunction:False numberOfRounds:70 backwardErrorDelta:1 minImprovementPerRound:0.25 withHierarchy:False bruteForceCandidates:False ignoreBadFeatures:False stopOnLongRound:False candidateSizePenalty:True learnTimeLimit:00:00:00 scoreMeasure:RELERROR outputRoundsToStdout:False blacklisted: 
command: solver z3
command: vm /local/hdd2/kaltenec/Repositories/DistributionAware/DistOut/ConstraintData/JavaGC_disc/FeatureModel.xml
command: all /local/hdd2/kaltenec/Repositories/DistributionAware/DistOut/ConstraintData/JavaGC_disc/measurements.xml
Configs with too large deviation: 0
193536 configurations loaded.
command: nfp Performance
command: binary random numConfigs:32 seed:24 fromFile:/local/hdd2/kaltenec/Repositories/DistributionAware/DistOut/ConstraintData/JavaGC_disc/allConfigurations.csv
command: learn-splconqueror
Learning: NumberOfConfigurationsLearning:32 NumberOfConfigurationsValidation:32
Learning progress:
1;66.0839353846153 * MaxTenuringThreshold + 7.91396917678812 * DisableExplicitGC;88.7220198835732;88.7220198835732;88.7220198835732;88.7220198835732;0.034838;2;7.91396917678812 * DisableExplicitGC;1;1.79769313486232E+308;
2;43.4827498674821 * MaxTenuringThreshold + 18.9171779153925 * DisableExplicitGC + 73.453852930683 * NewRatio_32;70.2077846710479;70.2077846710479;70.2077846710479;70.2077846710479;0.052626;3;73.453852930683 * NewRatio_32;1;18.5142352125253;
3;40.9065532066782 * MaxTenuringThreshold + 5.39214544617157 * DisableExplicitGC + 81.8264920782959 * NewRatio_32 + 140.402718013817 * DisableExplicitGC * SurvivorRatio_6;45.7484661577418;45.7484661577418;45.7484661577418;45.7484661577418;0.082493;5;140.402718013817 * DisableExplicitGC * SurvivorRatio_6;2;12.2296592566531;
4;43.0519049303453 * MaxTenuringThreshold + 1.86763904300424 * DisableExplicitGC + 30.4912901191198 * NewRatio_32 + 141.781872693317 * DisableExplicitGC * SurvivorRatio_6 + 177.451235429033 * NewRatio_32 * UseAdaptiveSizePolicy;32.6234291571039;32.6234291571039;32.6234291571039;32.6234291571039;0.121212;7;177.451235429033 * NewRatio_32 * UseAdaptiveSizePolicy;2;6.56251850031896;
5;44.1623495066776 * MaxTenuringThreshold + 7.74646327064599 * DisableExplicitGC + 27.0293158517308 * NewRatio_32 + 134.792603889343 * DisableExplicitGC * SurvivorRatio_6 + 176.863353006269 * NewRatio_32 * UseAdaptiveSizePolicy + -26.9609411106569 * NewRatio_1;29.3694202597213;29.3694202597213;29.3694202597213;29.3694202597213;0.185153;8;-26.9609411106569 * NewRatio_1;1;3.2540088973826;
6;29.8810189087849 * MaxTenuringThreshold + 12.1977870933657 * DisableExplicitGC + 39.5301169205355 * NewRatio_32 + 99.2562020379634 * DisableExplicitGC * SurvivorRatio_6 + 131.051811997444 * NewRatio_32 * UseAdaptiveSizePolicy + -51.1557408053984 * NewRatio_1 + 45.3664086265526 * UseAdaptiveSizePolicy;26.1288526922792;26.1288526922792;26.1288526922792;26.1288526922792;0.307403;9;45.3664086265526 * UseAdaptiveSizePolicy;1;3.2405675674421;
7;35.0455921954468 * MaxTenuringThreshold + 1.1186694817148 * DisableExplicitGC + 38.7971906785339 * NewRatio_32 + 5.41891666666673 * DisableExplicitGC * SurvivorRatio_6 + 153.931610265197 * NewRatio_32 * UseAdaptiveSizePolicy + -28.9122816004683 * NewRatio_1 + 23.5945221199645 * UseAdaptiveSizePolicy + 121.523716202874 * UseAdaptiveSizePolicy * NewRatio_16;17.0840908481522;17.0840908481522;17.0840908481522;17.0840908481522;0.429264;11;121.523716202874 * UseAdaptiveSizePolicy * NewRatio_16;2;4.5223809220635;
8;33.5581283832105 * MaxTenuringThreshold + 0.261166512336519 * DisableExplicitGC + 40.6276556785216 * NewRatio_32 + 5.41891666666653 * DisableExplicitGC * SurvivorRatio_6 + 153.758084073756 * NewRatio_32 * UseAdaptiveSizePolicy + -32.3375670836615 * NewRatio_1 + 23.8537986083434 * UseAdaptiveSizePolicy + 123.60940649611 * UseAdaptiveSizePolicy * NewRatio_16 + 11.1515897970475 * SurvivorRatio_21;14.0276126911815;14.0276126911815;14.0276126911815;14.0276126911815;0.581991;12;11.1515897970475 * SurvivorRatio_21;1;3.05647815697072;
9;38.3156970547892 * MaxTenuringThreshold + 0.151117841694916 * DisableExplicitGC + 35.9141064751995 * NewRatio_32 + -4.47801157636982 * DisableExplicitGC * SurvivorRatio_6 + 158.684278503657 * NewRatio_32 * UseAdaptiveSizePolicy + -37.7256193202705 * NewRatio_1 + 23.8870731670257 * UseAdaptiveSizePolicy + 128.825540179527 * UseAdaptiveSizePolicy * NewRatio_16 + 12.5827424303676 * SurvivorRatio_21 + -9.89692824303665 * MaxTenuringThreshold_10;11.2724549868986;11.2724549868986;11.2724549868986;11.2724549868986;0.789848;13;-9.89692824303665 * MaxTenuringThreshold_10;1;2.75515770428292;
10;36.8302000950845 * MaxTenuringThreshold + 0.0712723801109081 * DisableExplicitGC + 37.4315416195379 * NewRatio_32 + -1.37258018210763 * DisableExplicitGC * SurvivorRatio_6 + 173.161746185818 * NewRatio_32 * UseAdaptiveSizePolicy + -21.6798382229009 * NewRatio_1 + 7.86487433389137 * UseAdaptiveSizePolicy + 143.307650039688 * UseAdaptiveSizePolicy * NewRatio_16 + 7.65516332790724 * SurvivorRatio_21 + -6.79149684877425 * MaxTenuringThreshold_10 + 26.126734840165 * UseAdaptiveSizePolicy * NewRatio_4;7.54251315897462;7.54251315897462;7.54251315897462;7.54251315897462;1.097283;15;26.126734840165 * UseAdaptiveSizePolicy * NewRatio_4;2;1.86497091396197;
Elapsed=00:00:01.0991965
average model: 
command: analyze-learning
Round, Model, LearningError, LearningErrorRel, ValidationError, ValidationErrorRel, ElapsedSeconds, ModelComplexity, BestCandidate, BestCandidateSize, BestCandidateScore, TestError
Models:
Termination reason: abortError
1;66.0839353846153 * MaxTenuringThreshold + 7.91396917678812 * DisableExplicitGC;88.7220198835732;88.7220198835732;88.7220198835732;88.7220198835732;0.034838;2;7.91396917678812 * DisableExplicitGC;1;1.79769313486232E+308;93.8721816452534
2;43.4827498674821 * MaxTenuringThreshold + 18.9171779153925 * DisableExplicitGC + 73.453852930683 * NewRatio_32;70.2077846710479;70.2077846710479;70.2077846710479;70.2077846710479;0.052626;3;73.453852930683 * NewRatio_32;1;18.5142352125253;67.8783325748748
3;40.9065532066782 * MaxTenuringThreshold + 5.39214544617157 * DisableExplicitGC + 81.8264920782959 * NewRatio_32 + 140.402718013817 * DisableExplicitGC * SurvivorRatio_6;45.7484661577418;45.7484661577418;45.7484661577418;45.7484661577418;0.082493;5;140.402718013817 * DisableExplicitGC * SurvivorRatio_6;2;12.2296592566531;73.9526946601441
4;43.0519049303453 * MaxTenuringThreshold + 1.86763904300424 * DisableExplicitGC + 30.4912901191198 * NewRatio_32 + 141.781872693317 * DisableExplicitGC * SurvivorRatio_6 + 177.451235429033 * NewRatio_32 * UseAdaptiveSizePolicy;32.6234291571039;32.6234291571039;32.6234291571039;32.6234291571039;0.121212;7;177.451235429033 * NewRatio_32 * UseAdaptiveSizePolicy;2;6.56251850031896;65.6149333186386
5;44.1623495066776 * MaxTenuringThreshold + 7.74646327064599 * DisableExplicitGC + 27.0293158517308 * NewRatio_32 + 134.792603889343 * DisableExplicitGC * SurvivorRatio_6 + 176.863353006269 * NewRatio_32 * UseAdaptiveSizePolicy + -26.9609411106569 * NewRatio_1;29.3694202597213;29.3694202597213;29.3694202597213;29.3694202597213;0.185153;8;-26.9609411106569 * NewRatio_1;1;3.2540088973826;58.9618232328104
6;29.8810189087849 * MaxTenuringThreshold + 12.1977870933657 * DisableExplicitGC + 39.5301169205355 * NewRatio_32 + 99.2562020379634 * DisableExplicitGC * SurvivorRatio_6 + 131.051811997444 * NewRatio_32 * UseAdaptiveSizePolicy + -51.1557408053984 * NewRatio_1 + 45.3664086265526 * UseAdaptiveSizePolicy;26.1288526922792;26.1288526922792;26.1288526922792;26.1288526922792;0.307403;9;45.3664086265526 * UseAdaptiveSizePolicy;1;3.2405675674421;59.8385526782181
7;35.0455921954468 * MaxTenuringThreshold + 1.1186694817148 * DisableExplicitGC + 38.7971906785339 * NewRatio_32 + 5.41891666666673 * DisableExplicitGC * SurvivorRatio_6 + 153.931610265197 * NewRatio_32 * UseAdaptiveSizePolicy + -28.9122816004683 * NewRatio_1 + 23.5945221199645 * UseAdaptiveSizePolicy + 121.523716202874 * UseAdaptiveSizePolicy * NewRatio_16;17.0840908481522;17.0840908481522;17.0840908481522;17.0840908481522;0.429264;11;121.523716202874 * UseAdaptiveSizePolicy * NewRatio_16;2;4.5223809220635;29.9638111671134
8;33.5581283832105 * MaxTenuringThreshold + 0.261166512336519 * DisableExplicitGC + 40.6276556785216 * NewRatio_32 + 5.41891666666653 * DisableExplicitGC * SurvivorRatio_6 + 153.758084073756 * NewRatio_32 * UseAdaptiveSizePolicy + -32.3375670836615 * NewRatio_1 + 23.8537986083434 * UseAdaptiveSizePolicy + 123.60940649611 * UseAdaptiveSizePolicy * NewRatio_16 + 11.1515897970475 * SurvivorRatio_21;14.0276126911815;14.0276126911815;14.0276126911815;14.0276126911815;0.581991;12;11.1515897970475 * SurvivorRatio_21;1;3.05647815697072;31.6975615515994
9;38.3156970547892 * MaxTenuringThreshold + 0.151117841694916 * DisableExplicitGC + 35.9141064751995 * NewRatio_32 + -4.47801157636982 * DisableExplicitGC * SurvivorRatio_6 + 158.684278503657 * NewRatio_32 * UseAdaptiveSizePolicy + -37.7256193202705 * NewRatio_1 + 23.8870731670257 * UseAdaptiveSizePolicy + 128.825540179527 * UseAdaptiveSizePolicy * NewRatio_16 + 12.5827424303676 * SurvivorRatio_21 + -9.89692824303665 * MaxTenuringThreshold_10;11.2724549868986;11.2724549868986;11.2724549868986;11.2724549868986;0.789848;13;-9.89692824303665 * MaxTenuringThreshold_10;1;2.75515770428292;35.134179241339
10;36.8302000950845 * MaxTenuringThreshold + 0.0712723801109081 * DisableExplicitGC + 37.4315416195379 * NewRatio_32 + -1.37258018210763 * DisableExplicitGC * SurvivorRatio_6 + 173.161746185818 * NewRatio_32 * UseAdaptiveSizePolicy + -21.6798382229009 * NewRatio_1 + 7.86487433389137 * UseAdaptiveSizePolicy + 143.307650039688 * UseAdaptiveSizePolicy * NewRatio_16 + 7.65516332790724 * SurvivorRatio_21 + -6.79149684877425 * MaxTenuringThreshold_10 + 26.126734840165 * UseAdaptiveSizePolicy * NewRatio_4;7.54251315897462;7.54251315897462;7.54251315897462;7.54251315897462;1.097283;15;26.126734840165 * UseAdaptiveSizePolicy * NewRatio_4;2;1.86497091396197;25.7998038598667
Analyze finished
command: measurementstocsv /localhome/tmp/JavaGC_disc/JavaGC_disc_24/sampledConfigurations_rand_0.csv
command: clean-sampling
command: clean-global
command: script /localhome/tmp/JavaGC_disc/JavaGC_disc_24/learn_rand_1.a
command: log /localhome/tmp/JavaGC_disc/JavaGC_disc_24/out_rand_1.log
