Current machine learning settings: epsilon:0 lossFunction:RELATIVE parallelization:True bagging:False baggingNumbers:3 considerEpsilonTube:False baggingTestDataFraction:50 useBackward:False abortError:1 limitFeatureSize:False featureSizeTreshold:4 quadraticFunctionSupport:True crossValidation:False crossValidation-k:5 learn-logFunction:False learn-accumulatedLogFunction:False learn-asymFunction:False learn-ratioFunction:False learn-mirrowedFunction:False numberOfRounds:70 backwardErrorDelta:1 minImprovementPerRound:0.1 withHierarchy:False bruteForceCandidates:False ignoreBadFeatures:False stopOnLongRound:True candidateSizePenalty:True learnTimeLimit:00:00:00 scoreMeasure:RELERROR outputRoundsToStdout:False blacklisted: 
command: mlsettings bagging:False stopOnLongRound:False parallelization:True lossFunction:RELATIVE useBackward:False abortError:10 limitFeatureSize:False featureSizeTreshold:7 quadraticFunctionSupport:True crossValidation:False learn_logFunction:True numberOfRounds:70 backwardErrorDelta:1 minImprovementPerRound:0.25 withHierarchy:False
Current machine learning settings: epsilon:0 lossFunction:RELATIVE parallelization:True bagging:False baggingNumbers:3 considerEpsilonTube:False baggingTestDataFraction:50 useBackward:False abortError:10 limitFeatureSize:False featureSizeTreshold:7 quadraticFunctionSupport:True crossValidation:False crossValidation-k:5 learn-logFunction:True learn-accumulatedLogFunction:False learn-asymFunction:False learn-ratioFunction:False learn-mirrowedFunction:False numberOfRounds:70 backwardErrorDelta:1 minImprovementPerRound:0.25 withHierarchy:False bruteForceCandidates:False ignoreBadFeatures:False stopOnLongRound:False candidateSizePenalty:True learnTimeLimit:00:00:00 scoreMeasure:RELERROR outputRoundsToStdout:False blacklisted: 
command: solver z3
command: vm /scratch/kaltenec/Distribution-Aware-Sampling/DistOut/ConstraintData/Dune_disc/FeatureModel.xml
Warning: Variability model contains outdated notation. Children nodes will no longer have effect on the model. Instead use the parent node to describe the parent of an configuration option. You can also use the converter providedby the Variability Model GUI in export>convert legacy model.
Warning: Default value nodes in models are no longer used and should be removed. You can also use the converter provided by the Variability Model GUI in export>convert legacy model to update your model.
command: all /scratch/kaltenec/Distribution-Aware-Sampling/DistOut/ConstraintData/Dune_disc/measurements.xml
Configs with too large deviation: 0
2304 configurations loaded.
command: nfp Performance
command: binary satoutput numConfigs:1071 seed:14
command: learn-splconqueror
Learning: NumberOfConfigurationsLearning:1071 NumberOfConfigurationsValidation:1071
Learning progress:
1;10073.2312702504 * Precon + 988.673908321088 * cells_53;19.5069449129483;19.5069449129483;19.5069449129483;19.5069449129483;0.165568;2;988.673908321088 * cells_53;1;1.79769313486232E+308;
2;9179.52882573122 * Precon + -653.742020303261 * cells_53 + 5072.23674628704 * post_0;16.8797670824983;16.8797670824983;16.8797670824983;16.8797670824983;0.414516;3;5072.23674628704 * post_0;1;2.62717783045001;
3;8613.09919300393 * Precon + -63.6261978332431 * cells_53 + 5024.86436680184 * post_0 + 2405.04480573816 * cells_55;14.5629581207196;14.5629581207196;14.5629581207196;14.5629581207196;0.858776;4;2405.04480573816 * cells_55;1;2.31680896177865;
4;8894.29408142273 * Precon + -342.26947557135 * cells_53 + 5019.76114544024 * post_0 + 2409.02496322013 * cells_55 + -1132.41690748975 * GradientSolver;13.5452481832537;13.5452481832537;13.5452481832537;13.5452481832537;1.570338;5;-1132.41690748975 * GradientSolver;1;1.0177099374659;
5;8429.83810811602 * Precon + -342.804899681736 * cells_53 + 5019.18592060606 * post_0 + 2410.86875720526 * cells_55 + -1135.34115715868 * GradientSolver + 930.558019668186 * SeqSOR;12.9033540074563;12.9033540074563;12.9033540074563;12.9033540074563;2.603802;6;930.558019668186 * SeqSOR;1;0.641894175797388;
6;8630.10303348066 * Precon + -82.4773664432407 * cells_53 + 4824.13980345619 * post_0 + 2381.50438340077 * cells_55 + -1135.43562812384 * GradientSolver + 929.522303665325 * SeqSOR + -725.10308405343 * post_6;12.3581003575737;12.3581003575737;12.3581003575737;12.3581003575737;4.150033;7;-725.10308405343 * post_6;1;0.545253649882584;
7;8527.78806302384 * Precon + 79.8142684430788 * cells_53 + 4879.95377310247 * post_0 + 2508.86989116921 * cells_55 + -1147.70485807865 * GradientSolver + 929.264006032409 * SeqSOR + -900.612084925726 * post_6 + 1492.992682197 * cells_54;11.9985783758194;11.9985783758194;11.9985783758194;11.9985783758194;6.16048;8;1492.992682197 * cells_54;1;0.359521981754295;
8;8716.91616885794 * Precon + 121.44276778297 * cells_53 + 4675.967812248 * post_0 + 2547.25636940961 * cells_55 + -1143.19524495635 * GradientSolver + 929.199598796346 * SeqSOR + -1158.07492718328 * post_6 + 1840.92317392337 * cells_54 + -910.114368817993 * post_5;11.5334507317282;11.5334507317282;11.5334507317282;11.5334507317282;8.700384;9;-910.114368817993 * post_5;1;0.465127644091208;
9;8729.51354894964 * Precon + 824.759464024229 * cells_53 + 3258.6506953034 * post_0 + 2477.01288631708 * cells_55 + -1124.40974441628 * GradientSolver + 929.029929693235 * SeqSOR + -1172.41629380139 * post_6 + 1871.79665893127 * cells_54 + -915.676474216281 * post_5 + 10305.8477833824 * post_0 * pre_1;10.9392158905797;10.9392158905797;10.9392158905797;10.9392158905797;12.043868;11;10305.8477833824 * post_0 * pre_1;2;0.297117420574248;
10;8795.27906687649 * Precon + 2335.34074256199 * cells_53 + 4375.07628089103 * post_0 + 2469.0217484923 * cells_55 + -1384.98085602626 * GradientSolver + 929.564101334563 * SeqSOR + -1204.97995741307 * post_6 + 1986.86194763039 * cells_54 + -935.862319918241 * post_5 + 10489.7001042253 * post_0 * pre_1 + -4237.08968654649 * post_0 * LoopSolver;10.2556763933598;10.2556763933598;10.2556763933598;10.2556763933598;16.02004;13;-4237.08968654649 * post_0 * LoopSolver;2;0.341769748609985;
11;8511.12972957845 * Precon + 2624.36174546833 * cells_53 + 4364.41951486494 * post_0 + 2773.37790474112 * cells_55 + -1389.19714960612 * GradientSolver + 929.589697317909 * SeqSOR + -1215.70921883935 * post_6 + 2315.41683771732 * cells_54 + -1022.59301671721 * post_5 + 10422.1346032244 * post_0 * pre_1 + -4225.47258629419 * post_0 * LoopSolver + 864.855084267025 * cells_52;9.97501811958048;9.97501811958048;9.97501811958048;9.97501811958048;20.740511;14;864.855084267025 * cells_52;1;0.280658273779272;
Elapsed=00:00:20.7603063
average model: 
command: analyze-learning
Round, Model, LearningError, LearningErrorRel, ValidationError, ValidationErrorRel, ElapsedSeconds, ModelComplexity, BestCandidate, BestCandidateSize, BestCandidateScore, TestError
Models:
Termination reason: abortError
1;10073.2312702504 * Precon + 988.673908321088 * cells_53;19.5069449129483;19.5069449129483;19.5069449129483;19.5069449129483;0.165568;2;988.673908321088 * cells_53;1;1.79769313486232E+308;17.3776686872502
2;9179.52882573122 * Precon + -653.742020303261 * cells_53 + 5072.23674628704 * post_0;16.8797670824983;16.8797670824983;16.8797670824983;16.8797670824983;0.414516;3;5072.23674628704 * post_0;1;2.62717783045001;17.3906235813611
3;8613.09919300393 * Precon + -63.6261978332431 * cells_53 + 5024.86436680184 * post_0 + 2405.04480573816 * cells_55;14.5629581207196;14.5629581207196;14.5629581207196;14.5629581207196;0.858776;4;2405.04480573816 * cells_55;1;2.31680896177865;16.4225209577711
4;8894.29408142273 * Precon + -342.26947557135 * cells_53 + 5019.76114544024 * post_0 + 2409.02496322013 * cells_55 + -1132.41690748975 * GradientSolver;13.5452481832537;13.5452481832537;13.5452481832537;13.5452481832537;1.570338;5;-1132.41690748975 * GradientSolver;1;1.0177099374659;16.1595985317607
5;8429.83810811602 * Precon + -342.804899681736 * cells_53 + 5019.18592060606 * post_0 + 2410.86875720526 * cells_55 + -1135.34115715868 * GradientSolver + 930.558019668186 * SeqSOR;12.9033540074563;12.9033540074563;12.9033540074563;12.9033540074563;2.603802;6;930.558019668186 * SeqSOR;1;0.641894175797388;15.8146538065444
6;8630.10303348066 * Precon + -82.4773664432407 * cells_53 + 4824.13980345619 * post_0 + 2381.50438340077 * cells_55 + -1135.43562812384 * GradientSolver + 929.522303665325 * SeqSOR + -725.10308405343 * post_6;12.3581003575737;12.3581003575737;12.3581003575737;12.3581003575737;4.150033;7;-725.10308405343 * post_6;1;0.545253649882584;14.7613749057982
7;8527.78806302384 * Precon + 79.8142684430788 * cells_53 + 4879.95377310247 * post_0 + 2508.86989116921 * cells_55 + -1147.70485807865 * GradientSolver + 929.264006032409 * SeqSOR + -900.612084925726 * post_6 + 1492.992682197 * cells_54;11.9985783758194;11.9985783758194;11.9985783758194;11.9985783758194;6.16048;8;1492.992682197 * cells_54;1;0.359521981754295;13.3228583932026
8;8716.91616885794 * Precon + 121.44276778297 * cells_53 + 4675.967812248 * post_0 + 2547.25636940961 * cells_55 + -1143.19524495635 * GradientSolver + 929.199598796346 * SeqSOR + -1158.07492718328 * post_6 + 1840.92317392337 * cells_54 + -910.114368817993 * post_5;11.5334507317282;11.5334507317282;11.5334507317282;11.5334507317282;8.700384;9;-910.114368817993 * post_5;1;0.465127644091208;12.749606138889
9;8729.51354894964 * Precon + 824.759464024229 * cells_53 + 3258.6506953034 * post_0 + 2477.01288631708 * cells_55 + -1124.40974441628 * GradientSolver + 929.029929693235 * SeqSOR + -1172.41629380139 * post_6 + 1871.79665893127 * cells_54 + -915.676474216281 * post_5 + 10305.8477833824 * post_0 * pre_1;10.9392158905797;10.9392158905797;10.9392158905797;10.9392158905797;12.043868;11;10305.8477833824 * post_0 * pre_1;2;0.297117420574248;11.579326169585
10;8795.27906687649 * Precon + 2335.34074256199 * cells_53 + 4375.07628089103 * post_0 + 2469.0217484923 * cells_55 + -1384.98085602626 * GradientSolver + 929.564101334563 * SeqSOR + -1204.97995741307 * post_6 + 1986.86194763039 * cells_54 + -935.862319918241 * post_5 + 10489.7001042253 * post_0 * pre_1 + -4237.08968654649 * post_0 * LoopSolver;10.2556763933598;10.2556763933598;10.2556763933598;10.2556763933598;16.02004;13;-4237.08968654649 * post_0 * LoopSolver;2;0.341769748609985;11.3933358479992
11;8511.12972957845 * Precon + 2624.36174546833 * cells_53 + 4364.41951486494 * post_0 + 2773.37790474112 * cells_55 + -1389.19714960612 * GradientSolver + 929.589697317909 * SeqSOR + -1215.70921883935 * post_6 + 2315.41683771732 * cells_54 + -1022.59301671721 * post_5 + 10422.1346032244 * post_0 * pre_1 + -4225.47258629419 * post_0 * LoopSolver + 864.855084267025 * cells_52;9.97501811958048;9.97501811958048;9.97501811958048;9.97501811958048;20.740511;14;864.855084267025 * cells_52;1;0.280658273779272;11.2221455057508
Analyze finished
command: printconfigs /scratch/kaltenec/Distribution-Aware-Sampling/Results_newTry/Dune_disc/Dune_disc_14/sampledConfigurations_semi_2.csv
command: clean-sampling
command: clean-global
