Current machine learning settings: epsilon:0 lossFunction:RELATIVE parallelization:True bagging:False baggingNumbers:3 baggingTestDataFraction:50 useBackward:False abortError:1 limitFeatureSize:False featureSizeTreshold:4 quadraticFunctionSupport:True crossValidation:False crossValidation-k:5 learn-logFunction:False learn-accumulatedLogFunction:False learn-asymFunction:False learn-ratioFunction:False learn-mirrowedFunction:False numberOfRounds:70 backwardErrorDelta:1 minImprovementPerRound:0.1 withHierarchy:False bruteForceCandidates:False ignoreBadFeatures:False stopOnLongRound:True candidateSizePenalty:True learnTimeLimit:00:00:00 scoreMeasure:RELERROR outputRoundsToStdout:False blacklisted: 
command: mlsettings bagging:False stopOnLongRound:False parallelization:True lossFunction:RELATIVE useBackward:False abortError:10 limitFeatureSize:False featureSizeTreshold:7 quadraticFunctionSupport:True crossValidation:False learn_logFunction:True numberOfRounds:70 backwardErrorDelta:1 minImprovementPerRound:0.25 withHierarchy:False
Current machine learning settings: epsilon:0 lossFunction:RELATIVE parallelization:True bagging:False baggingNumbers:3 baggingTestDataFraction:50 useBackward:False abortError:10 limitFeatureSize:False featureSizeTreshold:7 quadraticFunctionSupport:True crossValidation:False crossValidation-k:5 learn-logFunction:True learn-accumulatedLogFunction:False learn-asymFunction:False learn-ratioFunction:False learn-mirrowedFunction:False numberOfRounds:70 backwardErrorDelta:1 minImprovementPerRound:0.25 withHierarchy:False bruteForceCandidates:False ignoreBadFeatures:False stopOnLongRound:False candidateSizePenalty:True learnTimeLimit:00:00:00 scoreMeasure:RELERROR outputRoundsToStdout:False blacklisted: 
command: solver z3
command: vm /scratch/kaltenec/Distribution-Aware-Sampling/DistOut/ConstraintData/7z_disc/FeatureModel.xml
command: all /scratch/kaltenec/Distribution-Aware-Sampling/DistOut/ConstraintData/7z_disc/measurements.xml
Configs with too large deviation: 0
68640 configurations loaded.
command: nfp Performance
command: hybrid distribution-aware distance-metric:manhattan distribution:uniform onlyBinary:true selection:SolverSelection number-weight-optimization:1-1 numConfigs:600 seed:87
command: learn-splconqueror
Learning: NumberOfConfigurationsLearning:600 NumberOfConfigurationsValidation:600
Learning progress:
1;13595.6859205777 * CompressionMethod + -1566.12070318632 * BlockSize_1;195.808574812355;195.808574812355;195.808574812355;195.808574812355;0.132905;2;-1566.12070318632 * BlockSize_1;1;1.79769313486232E+308;
2;6703.75923289177 * CompressionMethod + -104.281722702012 * BlockSize_1 + 35683.4335044672 * x_10;77.8061024102506;77.8061024102506;77.8061024102506;77.8061024102506;0.405759;3;35683.4335044672 * x_10;1;118.002472402104;
3;4919.5515520774 * CompressionMethod + -77.7617076278646 * BlockSize_1 + 37466.0127633033 * x_10 + 11395.929635367 * x_8;58.1704355676498;58.1704355676498;58.1704355676498;58.1704355676498;0.901605;4;11395.929635367 * x_8;1;19.6356668426008;
4;3796.85198936048 * CompressionMethod + -303.955160481884 * BlockSize_1 + 38602.6013976866 * x_10 + 12536.4865759408 * x_8 + 4724.9616632134 * x_6;39.7017251104283;39.7017251104283;39.7017251104283;39.7017251104283;1.667138;5;4724.9616632134 * x_6;1;18.4687104572215;
5;2914.92631729872 * CompressionMethod + -259.851030952254 * BlockSize_1 + 39481.818921444 * x_10 + 13414.9303430396 * x_8 + 5602.4323726965 * x_6 + 1833.98985927528 * x_0;34.8153734457184;34.8153734457184;34.8153734457184;34.8153734457184;2.86344;6;1833.98985927528 * x_0;1;4.88635166470992;
6;2964.63030035637 * CompressionMethod + -879.239127518116 * BlockSize_1 + 43219.3956597662 * x_10 + 13414.1254202373 * x_8 + 5615.29284383748 * x_6 + 1825.85554712805 * x_0 + -38855.8441419408 * x_10 * PPMd;26.3025210773057;26.3025210773057;26.3025210773057;26.3025210773057;5.184164;8;-38855.8441419408 * x_10 * PPMd;2;4.25642618420637;
7;2964.05234930314 * CompressionMethod + -872.036968238814 * BlockSize_1 + 43219.484143684 * x_10 + 13414.1347797684 * x_8 + 5615.14330405437 * x_6 + 281.429634822788 * x_0 + -38855.3546748053 * x_10 * PPMd + 3028.07307957403 * x_0 * BZip2;18.8727566773792;18.8727566773792;18.8727566773792;18.8727566773792;8.105888;10;3028.07307957403 * x_0 * BZip2;2;3.71488219996321;
8;2978.14254879078 * CompressionMethod + -1047.62253108456 * BlockSize_1 + 43217.3269436131 * x_10 + 16792.0023200561 * x_8 + 5618.7890200057 * x_6 + 279.365843749202 * x_0 + -38867.287674222 * x_10 * PPMd + 3027.59835292607 * x_0 * BZip2 + -12836.7637422926 * x_8 * PPMd;13.3190870272144;13.3190870272144;13.3190870272144;13.3190870272144;11.882619;12;-12836.7637422926 * x_8 * PPMd;2;2.77683482508244;
9;2948.53781627633 * CompressionMethod + -678.70201821334 * BlockSize_1 + 45244.9227265287 * x_10 + 16788.6677210642 * x_8 + 5611.12905425031 * x_6 + 283.70204798491 * x_0 + -40865.2787246234 * x_10 * PPMd + 3028.59579483175 * x_0 * BZip2 + -12822.2704364299 * x_8 * PPMd + -29767.9316830602 * x_10 * LZMA;11.7161883283314;11.7161883283314;11.7161883283314;11.7161883283314;16.319225;14;-29767.9316830602 * x_10 * LZMA;2;0.80144934944147;
10;2904.4214419903 * CompressionMethod + -128.944123262583 * BlockSize_1 + 63249.1079697744 * x_10 + 16783.6985690153 * x_8 + 5599.71432803619 * x_6 + 290.163771931787 * x_0 + -58825.347593583 * x_10 * PPMd + 3030.08216260834 * x_0 * BZip2 + -12800.6728048426 * x_8 * PPMd + -47806.5373941558 * x_10 * LZMA + -21866.6475796181 * x_10 * Deflate;9.73570013588285;9.73570013588285;9.73570013588285;9.73570013588285;21.002559;16;-21866.6475796181 * x_10 * Deflate;2;0.990244096224284;
Elapsed=00:00:21.0116782
average model: 
command: analyze-learning
Round, Model, LearningError, LearningErrorRel, ValidationError, ValidationErrorRel, ElapsedSeconds, ModelComplexity, BestCandidate, BestCandidateSize, BestCandidateScore, TestError
Models:
Termination reason: abortError
1;13595.6859205777 * CompressionMethod + -1566.12070318632 * BlockSize_1;195.808574812355;195.808574812355;195.808574812355;195.808574812355;0.132905;2;-1566.12070318632 * BlockSize_1;1;1.79769313486232E+308;219.355524458488
2;6703.75923289177 * CompressionMethod + -104.281722702012 * BlockSize_1 + 35683.4335044672 * x_10;77.8061024102506;77.8061024102506;77.8061024102506;77.8061024102506;0.405759;3;35683.4335044672 * x_10;1;118.002472402104;110.454349947871
3;4919.5515520774 * CompressionMethod + -77.7617076278646 * BlockSize_1 + 37466.0127633033 * x_10 + 11395.929635367 * x_8;58.1704355676498;58.1704355676498;58.1704355676498;58.1704355676498;0.901605;4;11395.929635367 * x_8;1;19.6356668426008;81.9371787925971
4;3796.85198936048 * CompressionMethod + -303.955160481884 * BlockSize_1 + 38602.6013976866 * x_10 + 12536.4865759408 * x_8 + 4724.9616632134 * x_6;39.7017251104283;39.7017251104283;39.7017251104283;39.7017251104283;1.667138;5;4724.9616632134 * x_6;1;18.4687104572215;67.6362007655897
5;2914.92631729872 * CompressionMethod + -259.851030952254 * BlockSize_1 + 39481.818921444 * x_10 + 13414.9303430396 * x_8 + 5602.4323726965 * x_6 + 1833.98985927528 * x_0;34.8153734457184;34.8153734457184;34.8153734457184;34.8153734457184;2.86344;6;1833.98985927528 * x_0;1;4.88635166470992;67.0930748117701
6;2964.63030035637 * CompressionMethod + -879.239127518116 * BlockSize_1 + 43219.3956597662 * x_10 + 13414.1254202373 * x_8 + 5615.29284383748 * x_6 + 1825.85554712805 * x_0 + -38855.8441419408 * x_10 * PPMd;26.3025210773057;26.3025210773057;26.3025210773057;26.3025210773057;5.184164;8;-38855.8441419408 * x_10 * PPMd;2;4.25642618420637;53.6488549888292
7;2964.05234930314 * CompressionMethod + -872.036968238814 * BlockSize_1 + 43219.484143684 * x_10 + 13414.1347797684 * x_8 + 5615.14330405437 * x_6 + 281.429634822788 * x_0 + -38855.3546748053 * x_10 * PPMd + 3028.07307957403 * x_0 * BZip2;18.8727566773792;18.8727566773792;18.8727566773792;18.8727566773792;8.105888;10;3028.07307957403 * x_0 * BZip2;2;3.71488219996321;46.0541512130239
8;2978.14254879078 * CompressionMethod + -1047.62253108456 * BlockSize_1 + 43217.3269436131 * x_10 + 16792.0023200561 * x_8 + 5618.7890200057 * x_6 + 279.365843749202 * x_0 + -38867.287674222 * x_10 * PPMd + 3027.59835292607 * x_0 * BZip2 + -12836.7637422926 * x_8 * PPMd;13.3190870272144;13.3190870272144;13.3190870272144;13.3190870272144;11.882619;12;-12836.7637422926 * x_8 * PPMd;2;2.77683482508244;40.3585918101959
9;2948.53781627633 * CompressionMethod + -678.70201821334 * BlockSize_1 + 45244.9227265287 * x_10 + 16788.6677210642 * x_8 + 5611.12905425031 * x_6 + 283.70204798491 * x_0 + -40865.2787246234 * x_10 * PPMd + 3028.59579483175 * x_0 * BZip2 + -12822.2704364299 * x_8 * PPMd + -29767.9316830602 * x_10 * LZMA;11.7161883283314;11.7161883283314;11.7161883283314;11.7161883283314;16.319225;14;-29767.9316830602 * x_10 * LZMA;2;0.80144934944147;35.5528584473601
10;2904.4214419903 * CompressionMethod + -128.944123262583 * BlockSize_1 + 63249.1079697744 * x_10 + 16783.6985690153 * x_8 + 5599.71432803619 * x_6 + 290.163771931787 * x_0 + -58825.347593583 * x_10 * PPMd + 3030.08216260834 * x_0 * BZip2 + -12800.6728048426 * x_8 * PPMd + -47806.5373941558 * x_10 * LZMA + -21866.6475796181 * x_10 * Deflate;9.73570013588285;9.73570013588285;9.73570013588285;9.73570013588285;21.002559;16;-21866.6475796181 * x_10 * Deflate;2;0.990244096224284;37.7174455340894
Analyze finished
command: measurementstocsv /scratch/kaltenec/Distribution-Aware-Sampling/Results_opt/7z_disc/7z_disc_87/sampledConfigurations_solv_1.csv
command: clean-sampling
command: clean-global
command: script /scratch/kaltenec/Distribution-Aware-Sampling/Results_opt/7z_disc/7z_disc_87/learn_solv_2.a
command: log /scratch/kaltenec/Distribution-Aware-Sampling/Results_opt/7z_disc/7z_disc_87/out_solv_2.log
