Current machine learning settings: epsilon:0 lossFunction:RELATIVE parallelization:True bagging:False baggingNumbers:3 considerEpsilonTube:False baggingTestDataFraction:50 useBackward:False abortError:1 limitFeatureSize:False featureSizeTreshold:4 quadraticFunctionSupport:True crossValidation:False crossValidation-k:5 learn-logFunction:False learn-accumulatedLogFunction:False learn-asymFunction:False learn-ratioFunction:False learn-mirrowedFunction:False numberOfRounds:70 backwardErrorDelta:1 minImprovementPerRound:0.1 withHierarchy:False bruteForceCandidates:False ignoreBadFeatures:False stopOnLongRound:True candidateSizePenalty:True learnTimeLimit:00:00:00 scoreMeasure:RELERROR outputRoundsToStdout:False blacklisted: 
command: mlsettings bagging:False stopOnLongRound:False parallelization:True lossFunction:RELATIVE useBackward:False abortError:10 limitFeatureSize:False featureSizeTreshold:7 quadraticFunctionSupport:True crossValidation:False learn_logFunction:True numberOfRounds:70 backwardErrorDelta:1 minImprovementPerRound:0.25 withHierarchy:False
Current machine learning settings: epsilon:0 lossFunction:RELATIVE parallelization:True bagging:False baggingNumbers:3 considerEpsilonTube:False baggingTestDataFraction:50 useBackward:False abortError:10 limitFeatureSize:False featureSizeTreshold:7 quadraticFunctionSupport:True crossValidation:False crossValidation-k:5 learn-logFunction:True learn-accumulatedLogFunction:False learn-asymFunction:False learn-ratioFunction:False learn-mirrowedFunction:False numberOfRounds:70 backwardErrorDelta:1 minImprovementPerRound:0.25 withHierarchy:False bruteForceCandidates:False ignoreBadFeatures:False stopOnLongRound:False candidateSizePenalty:True learnTimeLimit:00:00:00 scoreMeasure:RELERROR outputRoundsToStdout:False blacklisted: 
command: solver z3
command: vm /scratch/kaltenec/Distribution-Aware-Sampling/DistOut/ConstraintData/7z_disc/FeatureModel.xml
command: all /scratch/kaltenec/Distribution-Aware-Sampling/DistOut/ConstraintData/7z_disc/measurements.xml
Configs with too large deviation: 0
68640 configurations loaded.
command: nfp Performance
command: binary satoutput henard:true numConfigs:600 seed:65
command: learn-splconqueror
Learning: NumberOfConfigurationsLearning:600 NumberOfConfigurationsValidation:600
Learning progress:
1;3946.20618556704 * CompressionMethod + -1964.55401165395 * Deflate;31.1749159640519;31.1749159640519;31.1749159640519;31.1749159640519;0.102532;2;-1964.55401165395 * Deflate;1;1.79769313486232E+308;
2;3286.41711229947 * CompressionMethod + -1304.76493838638 * Deflate + 2882.86216697985 * BZip2;16.1104138741652;16.1104138741652;16.1104138741652;16.1104138741652;0.333514;3;2882.86216697985 * BZip2;1;15.0645020898866;
3;3711.97674418609 * CompressionMethod + -1730.32457027303 * Deflate + 2457.3025350932 * BZip2 + -1372.06295108264 * PPMd;12.2474389994335;12.2474389994335;12.2474389994335;12.2474389994335;0.741747;4;-1372.06295108264 * PPMd;1;3.86297487473171;
4;3522.86274509807 * CompressionMethod + -1541.21057118499 * Deflate + 2646.41653418121 * BZip2 + -1182.9489519946 * PPMd + 16263.8039215685 * x_8;10.6867231578608;10.6867231578608;10.6867231578608;10.6867231578608;1.464249;5;16263.8039215685 * x_8;1;1.56071584157271;
5;3458.70078740162 * CompressionMethod + -1477.04861348854 * Deflate + 2710.57849187767 * BZip2 + -1118.78699429815 * PPMd + 16327.9658792651 * x_8 + 16361.2992125984 * x_10;10.2834781767232;10.2834781767232;10.2834781767232;10.2834781767232;2.489057;6;16361.2992125984 * x_10;1;0.403244981137606;
6;3458.70078740161 * CompressionMethod + -1477.04861348856 * Deflate + 2710.57849187773 * BZip2 + -1289.34594869195 * PPMd + 16327.9658792649 * x_8 + 16361.2992125987 * x_10 + 366.385902031101 * PPMd * filterOff;9.53275179253379;9.53275179253379;9.53275179253379;9.53275179253379;3.747028;8;366.385902031101 * PPMd * filterOff;2;0.37536319209471;
Elapsed=00:00:03.7511597
average model: 
command: analyze-learning
Round, Model, LearningError, LearningErrorRel, ValidationError, ValidationErrorRel, ElapsedSeconds, ModelComplexity, BestCandidate, BestCandidateSize, BestCandidateScore, TestError
Models:
Termination reason: abortError
1;3946.20618556704 * CompressionMethod + -1964.55401165395 * Deflate;31.1749159640519;31.1749159640519;31.1749159640519;31.1749159640519;0.102532;2;-1964.55401165395 * Deflate;1;1.79769313486232E+308;52.7304765610762
2;3286.41711229947 * CompressionMethod + -1304.76493838638 * Deflate + 2882.86216697985 * BZip2;16.1104138741652;16.1104138741652;16.1104138741652;16.1104138741652;0.333514;3;2882.86216697985 * BZip2;1;15.0645020898866;43.6437741293896
3;3711.97674418609 * CompressionMethod + -1730.32457027303 * Deflate + 2457.3025350932 * BZip2 + -1372.06295108264 * PPMd;12.2474389994335;12.2474389994335;12.2474389994335;12.2474389994335;0.741747;4;-1372.06295108264 * PPMd;1;3.86297487473171;41.6048443554533
4;3522.86274509807 * CompressionMethod + -1541.21057118499 * Deflate + 2646.41653418121 * BZip2 + -1182.9489519946 * PPMd + 16263.8039215685 * x_8;10.6867231578608;10.6867231578608;10.6867231578608;10.6867231578608;1.464249;5;16263.8039215685 * x_8;1;1.56071584157271;36.1765776064826
5;3458.70078740162 * CompressionMethod + -1477.04861348854 * Deflate + 2710.57849187767 * BZip2 + -1118.78699429815 * PPMd + 16327.9658792651 * x_8 + 16361.2992125984 * x_10;10.2834781767232;10.2834781767232;10.2834781767232;10.2834781767232;2.489057;6;16361.2992125984 * x_10;1;0.403244981137606;31.7515131938522
6;3458.70078740161 * CompressionMethod + -1477.04861348856 * Deflate + 2710.57849187773 * BZip2 + -1289.34594869195 * PPMd + 16327.9658792649 * x_8 + 16361.2992125987 * x_10 + 366.385902031101 * PPMd * filterOff;9.53275179253379;9.53275179253379;9.53275179253379;9.53275179253379;3.747028;8;366.385902031101 * PPMd * filterOff;2;0.37536319209471;31.7249156007922
Analyze finished
command: clean-sampling
command: clean-global
