Current machine learning settings: epsilon:0 lossFunction:RELATIVE parallelization:True bagging:False baggingNumbers:3 considerEpsilonTube:False baggingTestDataFraction:50 useBackward:False abortError:1 limitFeatureSize:False featureSizeTreshold:4 quadraticFunctionSupport:True crossValidation:False crossValidation-k:5 learn-logFunction:False learn-accumulatedLogFunction:False learn-asymFunction:False learn-ratioFunction:False learn-mirrowedFunction:False numberOfRounds:70 backwardErrorDelta:1 minImprovementPerRound:0.1 withHierarchy:False bruteForceCandidates:False ignoreBadFeatures:False stopOnLongRound:True candidateSizePenalty:True learnTimeLimit:00:00:00 scoreMeasure:RELERROR outputRoundsToStdout:False blacklisted: 
command: mlsettings bagging:False stopOnLongRound:False parallelization:True lossFunction:RELATIVE useBackward:False abortError:10 limitFeatureSize:False featureSizeTreshold:7 quadraticFunctionSupport:True crossValidation:False learn_logFunction:True numberOfRounds:70 backwardErrorDelta:1 minImprovementPerRound:0.25 withHierarchy:False
Current machine learning settings: epsilon:0 lossFunction:RELATIVE parallelization:True bagging:False baggingNumbers:3 considerEpsilonTube:False baggingTestDataFraction:50 useBackward:False abortError:10 limitFeatureSize:False featureSizeTreshold:7 quadraticFunctionSupport:True crossValidation:False crossValidation-k:5 learn-logFunction:True learn-accumulatedLogFunction:False learn-asymFunction:False learn-ratioFunction:False learn-mirrowedFunction:False numberOfRounds:70 backwardErrorDelta:1 minImprovementPerRound:0.25 withHierarchy:False bruteForceCandidates:False ignoreBadFeatures:False stopOnLongRound:False candidateSizePenalty:True learnTimeLimit:00:00:00 scoreMeasure:RELERROR outputRoundsToStdout:False blacklisted: 
command: solver z3
command: vm /scratch/kaltenec/Distribution-Aware-Sampling/DistOut/ConstraintData/7z_disc/FeatureModel.xml
command: all /scratch/kaltenec/Distribution-Aware-Sampling/DistOut/ConstraintData/7z_disc/measurements.xml
Configs with too large deviation: 0
68640 configurations loaded.
command: nfp Performance
command: hybrid distribution-aware distance-metric:manhattan distribution:uniform onlyBinary:true selection:SolverSelection optimization:local numConfigs:4091 seed:7
command: learn-splconqueror
Learning: NumberOfConfigurationsLearning:4091 NumberOfConfigurationsValidation:4091
Learning progress:
1;9790.12541057042 * CompressionMethod + 3610.69669185505 * Deflate;150.43585069914;150.43585069914;150.43585069914;150.43585069914;0.780472;2;3610.69669185505 * Deflate;1;1.79769313486232E+308;
2;7488.89321856093 * CompressionMethod + 2374.88454427503 * Deflate + 20829.2611109176 * x_10;106.977784918288;106.977784918288;106.977784918288;106.977784918288;2.790122;3;20829.2611109176 * x_10;1;43.4580657808519;
3;5612.36498494128 * CompressionMethod + 2353.07734387873 * Deflate + 22711.3290768961 * x_10 + 8677.21724686364 * x_8;82.5518145283136;82.5518145283136;82.5518145283136;82.5518145283136;5.838384;4;8677.21724686364 * x_8;1;24.4259703899745;
4;3173.87174919938 * CompressionMethod + 2712.75343070404 * Deflate + 25058.4529841298 * x_10 + 11053.3789399598 * x_8 + 7068.41895890826 * x_6;64.7265416247226;64.7265416247226;64.7265416247226;64.7265416247226;10.547233;5;7068.41895890826 * x_6;1;17.825272903591;
5;3251.30610017988 * CompressionMethod + 2299.25399646833 * Deflate + 25086.0608281367 * x_10 + 11047.6036693666 * x_8 + 8951.33014181318 * x_6 + -9338.23209691566 * x_6 * PPMd;52.2639128181097;52.2639128181097;52.2639128181097;52.2639128181097;17.713843;7;-9338.23209691566 * x_6 * PPMd;2;6.23131440330642;
6;3887.01886593313 * CompressionMethod + -1095.45217265444 * Deflate + 19823.4405935263 * x_10 + 11000.1904322805 * x_8 + 8905.41380597378 * x_6 + -9928.02852682913 * x_6 * PPMd + 21608.5641417667 * x_10 * Deflate;39.8750726846167;39.8750726846167;39.8750726846167;39.8750726846167;26.838976;9;21608.5641417667 * x_10 * Deflate;2;6.19442006674648;
7;4112.15877893033 * CompressionMethod + -2297.69930805869 * Deflate + 19598.3006805289 * x_10 + 15474.4741106744 * x_8 + 8889.15237406127 * x_6 + -10136.9070079142 * x_6 * PPMd + 22810.8112771707 * x_10 * Deflate + -13054.282143336 * x_8 * PPMd;28.4686333815301;28.4686333815301;28.4686333815301;28.4686333815301;38.467418;11;-13054.282143336 * x_8 * PPMd;2;5.70321965154333;
8;3050.25091177895 * CompressionMethod + -1180.38279697763 * Deflate + 20140.9069294693 * x_10 + 15363.8416137332 * x_8 + 8742.61544601965 * x_6 + -8928.46221272088 * x_6 * PPMd + 22212.7963843012 * x_10 * Deflate + -11881.7417792434 * x_8 * PPMd + 3767.482328197 * BZip2;21.6291310348702;21.6291310348702;21.6291310348702;21.6291310348702;53.313331;12;3767.482328197 * BZip2;1;6.8395023466599;
9;3100.98966993702 * CompressionMethod + -1233.76902189916 * Deflate + 22118.397743629 * x_10 + 15369.1277178107 * x_8 + 8749.61709087299 * x_6 + -8986.20261573219 * x_6 * PPMd + 20237.9530369044 * x_10 * Deflate + -11937.7666414793 * x_8 * PPMd + 3587.46918333974 * BZip2 + -17649.1493183277 * x_10 * PPMd;20.1055238563998;20.1055238563998;20.1055238563998;20.1055238563998;78.980563;14;-17649.1493183277 * x_10 * PPMd;2;0.761803589235168;
10;3294.95589382008 * CompressionMethod + -1370.98667066219 * Deflate + 21944.5258807465 * x_10 + 15241.5083958236 * x_8 + 8614.28492441575 * x_6 + -8250.24775181493 * x_6 * PPMd + 20355.0763246671 * x_10 * Deflate + -11209.524622032 * x_8 * PPMd + 3458.23486161026 * BZip2 + -16874.6547579856 * x_10 * PPMd + -794.588921342855 * PPMd;18.8295355020565;18.8295355020565;18.8295355020565;18.8295355020565;108.842956;15;-794.588921342855 * PPMd;1;1.27598835434332;
11;3294.95589382009 * CompressionMethod + -1370.98667066172 * Deflate + 21944.5258807466 * x_10 + 15241.5083958233 * x_8 + 8614.28492441584 * x_6 + -8360.12113293018 * x_6 * PPMd + 20355.0763246669 * x_10 * Deflate + -11205.6870781401 * x_8 * PPMd + 3458.23486161015 * BZip2 + -16602.0703763853 * x_10 * PPMd + -1192.0706772322 * PPMd + 582.854413344363 * PPMd * tmOff;18.1010643201525;18.1010643201525;18.1010643201525;18.1010643201525;145.425554;17;582.854413344363 * PPMd * tmOff;2;0.364235590952005;
12;3255.87481076788 * CompressionMethod + -1363.67182766766 * Deflate + 22005.9830247882 * x_10 + 15312.1699906943 * x_8 + 8690.83979898114 * x_6 + -8436.67600749592 * x_6 * PPMd + 20325.385420683 * x_10 * Deflate + -11276.3486730111 * x_8 * PPMd + 3314.32607720967 * BZip2 + -16663.5275204259 * x_10 * PPMd + -1152.98959417927 * PPMd + 582.854413343933 * PPMd * tmOff + 705.811016784563 * BZip2 * x_4;17.7315212101427;17.7315212101427;17.7315212101427;17.7315212101427;190.179946;19;705.811016784563 * BZip2 * x_4;2;0.184771555004927;
Elapsed=00:03:10.2486928
average model: 
command: analyze-learning
Round, Model, LearningError, LearningErrorRel, ValidationError, ValidationErrorRel, ElapsedSeconds, ModelComplexity, BestCandidate, BestCandidateSize, BestCandidateScore, TestError
Models:
Termination reason: minImprovementPerRound
1;9790.12541057042 * CompressionMethod + 3610.69669185505 * Deflate;150.43585069914;150.43585069914;150.43585069914;150.43585069914;0.780472;2;3610.69669185505 * Deflate;1;1.79769313486232E+308;169.611416902439
2;7488.89321856093 * CompressionMethod + 2374.88454427503 * Deflate + 20829.2611109176 * x_10;106.977784918288;106.977784918288;106.977784918288;106.977784918288;2.790122;3;20829.2611109176 * x_10;1;43.4580657808519;126.320408447234
3;5612.36498494128 * CompressionMethod + 2353.07734387873 * Deflate + 22711.3290768961 * x_10 + 8677.21724686364 * x_8;82.5518145283136;82.5518145283136;82.5518145283136;82.5518145283136;5.838384;4;8677.21724686364 * x_8;1;24.4259703899745;93.5792202522863
4;3173.87174919938 * CompressionMethod + 2712.75343070404 * Deflate + 25058.4529841298 * x_10 + 11053.3789399598 * x_8 + 7068.41895890826 * x_6;64.7265416247226;64.7265416247226;64.7265416247226;64.7265416247226;10.547233;5;7068.41895890826 * x_6;1;17.825272903591;69.7146945032917
5;3251.30610017988 * CompressionMethod + 2299.25399646833 * Deflate + 25086.0608281367 * x_10 + 11047.6036693666 * x_8 + 8951.33014181318 * x_6 + -9338.23209691566 * x_6 * PPMd;52.2639128181097;52.2639128181097;52.2639128181097;52.2639128181097;17.713843;7;-9338.23209691566 * x_6 * PPMd;2;6.23131440330642;59.8017575211878
6;3887.01886593313 * CompressionMethod + -1095.45217265444 * Deflate + 19823.4405935263 * x_10 + 11000.1904322805 * x_8 + 8905.41380597378 * x_6 + -9928.02852682913 * x_6 * PPMd + 21608.5641417667 * x_10 * Deflate;39.8750726846167;39.8750726846167;39.8750726846167;39.8750726846167;26.838976;9;21608.5641417667 * x_10 * Deflate;2;6.19442006674648;44.0920108887947
7;4112.15877893033 * CompressionMethod + -2297.69930805869 * Deflate + 19598.3006805289 * x_10 + 15474.4741106744 * x_8 + 8889.15237406127 * x_6 + -10136.9070079142 * x_6 * PPMd + 22810.8112771707 * x_10 * Deflate + -13054.282143336 * x_8 * PPMd;28.4686333815301;28.4686333815301;28.4686333815301;28.4686333815301;38.467418;11;-13054.282143336 * x_8 * PPMd;2;5.70321965154333;35.9232575779225
8;3050.25091177895 * CompressionMethod + -1180.38279697763 * Deflate + 20140.9069294693 * x_10 + 15363.8416137332 * x_8 + 8742.61544601965 * x_6 + -8928.46221272088 * x_6 * PPMd + 22212.7963843012 * x_10 * Deflate + -11881.7417792434 * x_8 * PPMd + 3767.482328197 * BZip2;21.6291310348702;21.6291310348702;21.6291310348702;21.6291310348702;53.313331;12;3767.482328197 * BZip2;1;6.8395023466599;27.099821280061
9;3100.98966993702 * CompressionMethod + -1233.76902189916 * Deflate + 22118.397743629 * x_10 + 15369.1277178107 * x_8 + 8749.61709087299 * x_6 + -8986.20261573219 * x_6 * PPMd + 20237.9530369044 * x_10 * Deflate + -11937.7666414793 * x_8 * PPMd + 3587.46918333974 * BZip2 + -17649.1493183277 * x_10 * PPMd;20.1055238563998;20.1055238563998;20.1055238563998;20.1055238563998;78.980563;14;-17649.1493183277 * x_10 * PPMd;2;0.761803589235168;21.2254248510149
10;3294.95589382008 * CompressionMethod + -1370.98667066219 * Deflate + 21944.5258807465 * x_10 + 15241.5083958236 * x_8 + 8614.28492441575 * x_6 + -8250.24775181493 * x_6 * PPMd + 20355.0763246671 * x_10 * Deflate + -11209.524622032 * x_8 * PPMd + 3458.23486161026 * BZip2 + -16874.6547579856 * x_10 * PPMd + -794.588921342855 * PPMd;18.8295355020565;18.8295355020565;18.8295355020565;18.8295355020565;108.842956;15;-794.588921342855 * PPMd;1;1.27598835434332;18.8855693835706
11;3294.95589382009 * CompressionMethod + -1370.98667066172 * Deflate + 21944.5258807466 * x_10 + 15241.5083958233 * x_8 + 8614.28492441584 * x_6 + -8360.12113293018 * x_6 * PPMd + 20355.0763246669 * x_10 * Deflate + -11205.6870781401 * x_8 * PPMd + 3458.23486161015 * BZip2 + -16602.0703763853 * x_10 * PPMd + -1192.0706772322 * PPMd + 582.854413344363 * PPMd * tmOff;18.1010643201525;18.1010643201525;18.1010643201525;18.1010643201525;145.425554;17;582.854413344363 * PPMd * tmOff;2;0.364235590952005;18.4355408921931
12;3255.87481076788 * CompressionMethod + -1363.67182766766 * Deflate + 22005.9830247882 * x_10 + 15312.1699906943 * x_8 + 8690.83979898114 * x_6 + -8436.67600749592 * x_6 * PPMd + 20325.385420683 * x_10 * Deflate + -11276.3486730111 * x_8 * PPMd + 3314.32607720967 * BZip2 + -16663.5275204259 * x_10 * PPMd + -1152.98959417927 * PPMd + 582.854413343933 * PPMd * tmOff + 705.811016784563 * BZip2 * x_4;17.7315212101427;17.7315212101427;17.7315212101427;17.7315212101427;190.179946;19;705.811016784563 * BZip2 * x_4;2;0.184771555004927;18.1612521142861
Analyze finished
command: printconfigs /scratch/kaltenec/Distribution-Aware-Sampling/Results_newTry/7z_disc/7z_disc_7/sampledConfigurations_local_2.csv
command: clean-sampling
command: clean-global
