Current machine learning settings: epsilon:0 lossFunction:RELATIVE parallelization:True bagging:False baggingNumbers:3 baggingTestDataFraction:50 useBackward:False abortError:1 limitFeatureSize:False featureSizeTreshold:4 quadraticFunctionSupport:True crossValidation:False crossValidation-k:5 learn-logFunction:False learn-accumulatedLogFunction:False learn-asymFunction:False learn-ratioFunction:False learn-mirrowedFunction:False numberOfRounds:70 backwardErrorDelta:1 minImprovementPerRound:0.1 withHierarchy:False bruteForceCandidates:False ignoreBadFeatures:False stopOnLongRound:True candidateSizePenalty:True learnTimeLimit:00:00:00 scoreMeasure:RELERROR outputRoundsToStdout:False blacklisted: 
command: mlsettings bagging:False stopOnLongRound:False parallelization:True lossFunction:RELATIVE useBackward:False abortError:10 limitFeatureSize:False featureSizeTreshold:7 quadraticFunctionSupport:True crossValidation:False learn_logFunction:True numberOfRounds:70 backwardErrorDelta:1 minImprovementPerRound:0.25 withHierarchy:False
Current machine learning settings: epsilon:0 lossFunction:RELATIVE parallelization:True bagging:False baggingNumbers:3 baggingTestDataFraction:50 useBackward:False abortError:10 limitFeatureSize:False featureSizeTreshold:7 quadraticFunctionSupport:True crossValidation:False crossValidation-k:5 learn-logFunction:True learn-accumulatedLogFunction:False learn-asymFunction:False learn-ratioFunction:False learn-mirrowedFunction:False numberOfRounds:70 backwardErrorDelta:1 minImprovementPerRound:0.25 withHierarchy:False bruteForceCandidates:False ignoreBadFeatures:False stopOnLongRound:False candidateSizePenalty:True learnTimeLimit:00:00:00 scoreMeasure:RELERROR outputRoundsToStdout:False blacklisted: 
command: solver z3
command: vm /scratch/kaltenec/Distribution-Aware-Sampling/DistOut/ConstraintData/VP9_disc/FeatureModel.xml
command: all /scratch/kaltenec/Distribution-Aware-Sampling/DistOut/ConstraintData/VP9_disc/measurements.xml
Configs with too large deviation: 0
216000 configurations loaded.
command: nfp Performance
command: hybrid distribution-aware distance-metric:manhattan distribution:uniform onlyBinary:true selection:SolverSelection  numConfigs:31 seed:40
command: learn-splconqueror
Learning: NumberOfConfigurationsLearning:31 NumberOfConfigurationsValidation:31
Learning progress:
1;38.1892857142857 * Quality + -29.0345798319328 * AutoAltRef;92.8996533210175;92.8996533210175;92.8996533210175;92.8996533210175;0.138518;2;-29.0345798319328 * AutoAltRef;1;1.79769313486232E+308;
2;20.3977472527472 * Quality + -15.4292857142857 * AutoAltRef + 17.7915384615385 * cpuUsed_0;44.6859141545756;44.6859141545756;44.6859141545756;44.6859141545756;0.171874;3;17.7915384615385 * cpuUsed_0;1;48.2137391664419;
3;13.3531353711791 * Quality + -11.0216943231441 * AutoAltRef + 20.428558951965 * cpuUsed_0 + 6.85625327510917 * TileColumns_3;25.8399376002914;25.8399376002914;25.8399376002914;25.8399376002914;0.221584;4;6.85625327510917 * TileColumns_3;1;18.8459765542842;
4;10.4159088382435 * Quality + -8.44602556976099 * AutoAltRef + 24.7328182323513 * cpuUsed_0 + 7.79630350194552 * TileColumns_3 + -3.9427015008338 * cpuUsed_0 * constantBitrate;24.261529037099;24.261529037099;24.261529037099;24.261529037099;0.30183;6;-3.9427015008338 * cpuUsed_0 * constantBitrate;2;0.789204281596213;
5;11.7058120012437 * Quality + -9.50868069229973 * AutoAltRef + 23.6961343144367 * cpuUsed_0 + 7.20545859674576 * TileColumns_3 + -7.02678204995336 * cpuUsed_0 * constantBitrate + 7.78703285314542 * cpuUsed_0 * constantBitrate * realtime;23.7463624546975;23.7463624546975;23.7463624546975;23.7463624546975;0.480746;9;7.78703285314542 * cpuUsed_0 * constantBitrate * realtime;3;0.17172219413383;
Elapsed=00:00:00.4835400
average model: 
command: analyze-learning
Round, Model, LearningError, LearningErrorRel, ValidationError, ValidationErrorRel, ElapsedSeconds, ModelComplexity, BestCandidate, BestCandidateSize, BestCandidateScore, TestError
Models:
Termination reason: minImprovementPerRound
1;38.1892857142857 * Quality + -29.0345798319328 * AutoAltRef;92.8996533210175;92.8996533210175;92.8996533210175;92.8996533210175;0.138518;2;-29.0345798319328 * AutoAltRef;1;1.79769313486232E+308;357.100990645431
2;20.3977472527472 * Quality + -15.4292857142857 * AutoAltRef + 17.7915384615385 * cpuUsed_0;44.6859141545756;44.6859141545756;44.6859141545756;44.6859141545756;0.171874;3;17.7915384615385 * cpuUsed_0;1;48.2137391664419;175.981968174711
3;13.3531353711791 * Quality + -11.0216943231441 * AutoAltRef + 20.428558951965 * cpuUsed_0 + 6.85625327510917 * TileColumns_3;25.8399376002914;25.8399376002914;25.8399376002914;25.8399376002914;0.221584;4;6.85625327510917 * TileColumns_3;1;18.8459765542842;151.264634372392
4;10.4159088382435 * Quality + -8.44602556976099 * AutoAltRef + 24.7328182323513 * cpuUsed_0 + 7.79630350194552 * TileColumns_3 + -3.9427015008338 * cpuUsed_0 * constantBitrate;24.261529037099;24.261529037099;24.261529037099;24.261529037099;0.30183;6;-3.9427015008338 * cpuUsed_0 * constantBitrate;2;0.789204281596213;135.0231122281
5;11.7058120012437 * Quality + -9.50868069229973 * AutoAltRef + 23.6961343144367 * cpuUsed_0 + 7.20545859674576 * TileColumns_3 + -7.02678204995336 * cpuUsed_0 * constantBitrate + 7.78703285314542 * cpuUsed_0 * constantBitrate * realtime;23.7463624546975;23.7463624546975;23.7463624546975;23.7463624546975;0.480746;9;7.78703285314542 * cpuUsed_0 * constantBitrate * realtime;3;0.17172219413383;141.028139406116
Analyze finished
command: measurementstocsv /scratch/kaltenec/Distribution-Aware-Sampling/Results_test/VP9_disc/VP9_disc_40/sampledConfigurations_solv_0.csv
command: clean-sampling
command: clean-global
command: script /scratch/kaltenec/Distribution-Aware-Sampling/Results_test/VP9_disc/VP9_disc_40/learn_solv_1.a
command: log /scratch/kaltenec/Distribution-Aware-Sampling/Results_test/VP9_disc/VP9_disc_40/out_solv_1.log
