Current machine learning settings: epsilon:0 lossFunction:RELATIVE parallelization:True bagging:False baggingNumbers:3 baggingTestDataFraction:50 useBackward:False abortError:1 limitFeatureSize:False featureSizeTreshold:4 quadraticFunctionSupport:True crossValidation:False crossValidation-k:5 learn-logFunction:False learn-accumulatedLogFunction:False learn-asymFunction:False learn-ratioFunction:False learn-mirrowedFunction:False numberOfRounds:70 backwardErrorDelta:1 minImprovementPerRound:0.1 withHierarchy:False bruteForceCandidates:False ignoreBadFeatures:False stopOnLongRound:True candidateSizePenalty:True learnTimeLimit:00:00:00 scoreMeasure:RELERROR outputRoundsToStdout:False blacklisted: 
command: mlsettings bagging:False stopOnLongRound:False parallelization:True lossFunction:RELATIVE useBackward:False abortError:10 limitFeatureSize:False featureSizeTreshold:7 quadraticFunctionSupport:True crossValidation:False learn_logFunction:True numberOfRounds:70 backwardErrorDelta:1 minImprovementPerRound:0.25 withHierarchy:False
Current machine learning settings: epsilon:0 lossFunction:RELATIVE parallelization:True bagging:False baggingNumbers:3 baggingTestDataFraction:50 useBackward:False abortError:10 limitFeatureSize:False featureSizeTreshold:7 quadraticFunctionSupport:True crossValidation:False crossValidation-k:5 learn-logFunction:True learn-accumulatedLogFunction:False learn-asymFunction:False learn-ratioFunction:False learn-mirrowedFunction:False numberOfRounds:70 backwardErrorDelta:1 minImprovementPerRound:0.25 withHierarchy:False bruteForceCandidates:False ignoreBadFeatures:False stopOnLongRound:False candidateSizePenalty:True learnTimeLimit:00:00:00 scoreMeasure:RELERROR outputRoundsToStdout:False blacklisted: 
command: solver z3
command: vm /scratch/kaltenec/Distribution-Aware-Sampling/DistOut/ConstraintData/Hipacc_disc/FeatureModel.xml
Warning: Variability model contains outdated notation. Children nodes will no longer have effect on the model. Instead use the parent node to describe the parent of an configuration option. You can also use the converter providedby the Variability Model GUI in export>convert legacy model.
Warning: Default value nodes in models are no longer used and should be removed. You can also use the converter provided by the Variability Model GUI in export>convert legacy model to update your model.
command: all /scratch/kaltenec/Distribution-Aware-Sampling/DistOut/ConstraintData/Hipacc_disc/measurements.xml
Configs with too large deviation: 0
13485 configurations loaded.
command: nfp Performance
command: binary satoutput numConfigs:727 seed:62
command: learn-splconqueror
Learning: NumberOfConfigurationsLearning:727 NumberOfConfigurationsValidation:727
Learning progress:
1;41.8847912408761 * API + 10.3959944734097 * Array2D;39.7572469697543;39.7572469697543;39.7572469697543;39.7572469697543;0.17341;2;10.3959944734097 * Array2D;1;1.79769313486232E+308;
2;30.9299152787431 * API + 10.3478058694708 * Array2D + 22.006129132144 * LocalMemory;27.984038055619;27.984038055619;27.984038055619;27.984038055619;0.588721;3;22.006129132144 * LocalMemory;1;11.7732089141353;
3;25.7983116397785 * API + 5.46613081503056 * Array2D + 21.9636020301641 * LocalMemory + 26.3406733915363 * bs_32x1;18.6681854387057;18.6681854387057;18.6681854387057;18.6681854387057;1.418872;4;26.3406733915363 * bs_32x1;1;9.31585261691334;
4;25.6424989694881 * API + 8.93822711798584 * Array2D + 21.9623107649403 * LocalMemory + 9.77633557282197 * bs_32x1 + 31.4431522742976 * bs_32x1 * pixelPerThread_1;15.567815255004;15.567815255004;15.567815255004;15.567815255004;2.691723;6;31.4431522742976 * bs_32x1 * pixelPerThread_1;2;1.55018509185086;
5;24.2897590440044 * API + 9.00461635209299 * Array2D + 22.0382336108772 * LocalMemory + 11.0800492029862 * bs_32x1 + 31.4508125705405 * bs_32x1 * pixelPerThread_1 + 15.77114500278 * bs_512x2;14.3299497516329;14.3299497516329;14.3299497516329;14.3299497516329;4.535438;7;15.77114500278 * bs_512x2;1;1.23786550337107;
6;24.5751962935937 * API + 8.75938760147321 * Array2D + 23.5077075106338 * LocalMemory + 10.1007464619551 * bs_32x1 + 31.4225169454691 * bs_32x1 * pixelPerThread_1 + 14.7918027074997 * bs_512x2 + -14.8069979042683 * LocalMemory * bs_32x4;13.1860224509207;13.1860224509207;13.1860224509207;13.1860224509207;7.275929;9;-14.8069979042683 * LocalMemory * bs_32x4;2;0.571963650356098;
7;25.145630275453 * API + 8.75320481859263 * Array2D + 22.2748928218163 * LocalMemory + 10.1477502883179 * bs_32x1 + 31.4218035474446 * bs_32x1 * pixelPerThread_1 + 6.32876153180356 * bs_512x2 + -14.1444454533412 * LocalMemory * bs_32x4 + 17.704880378815 * bs_512x2 * LocalMemory;12.3220485004063;12.3220485004063;12.3220485004063;12.3220485004063;10.878099;11;17.704880378815 * bs_512x2 * LocalMemory;2;0.431986975257223;
8;25.2464066851189 * API + 6.54339113352899 * Array2D + 22.2799057375672 * LocalMemory + 5.54801018504432 * bs_32x1 + 33.0378863978511 * bs_32x1 * pixelPerThread_1 + 6.31637766954014 * bs_512x2 + -14.1888510652841 * LocalMemory * bs_32x4 + 17.7075537715335 * bs_512x2 * LocalMemory + 19.459038066305 * bs_32x1 * OpenCL;11.4635082330434;11.4635082330434;11.4635082330434;11.4635082330434;15.296037;13;19.459038066305 * bs_32x1 * OpenCL;2;0.429270133681437;
9;25.0907820543453 * API + 9.10786307438998 * Array2D + 27.1497453026738 * LocalMemory + 6.55920642659445 * bs_32x1 + 32.0245782926658 * bs_32x1 * pixelPerThread_1 + 6.36942342267927 * bs_512x2 + -14.0032564755264 * LocalMemory * bs_32x4 + 18.152476209071 * bs_512x2 * LocalMemory + 17.145853641754 * bs_32x1 * OpenCL + -9.41882183200658 * LocalMemory * TextureMemory;10.7188853077939;10.7188853077939;10.7188853077939;10.7188853077939;20.613554;15;-9.41882183200658 * LocalMemory * TextureMemory;2;0.372311462624737;
10;26.3033679872318 * API + 9.8046517714769 * Array2D + 25.9540619074202 * LocalMemory + 6.83287497381901 * bs_32x1 + 31.7512344565263 * bs_32x1 * pixelPerThread_1 + 6.38965647685428 * bs_512x2 + -13.9761784976489 * LocalMemory * bs_32x4 + 18.1528741391765 * bs_512x2 * LocalMemory + 16.5202226701406 * bs_32x1 * OpenCL + -7.11442154950458 * LocalMemory * TextureMemory + -2.42440487489413 * TextureMemory;10.4742487459901;10.4742487459901;10.4742487459901;10.4742487459901;27.415019;16;-2.42440487489413 * TextureMemory;1;0.24463656180386;
Elapsed=00:00:27.4243635
average model: 
command: analyze-learning
Round, Model, LearningError, LearningErrorRel, ValidationError, ValidationErrorRel, ElapsedSeconds, ModelComplexity, BestCandidate, BestCandidateSize, BestCandidateScore, TestError
Models:
Termination reason: minImprovementPerRound
1;41.8847912408761 * API + 10.3959944734097 * Array2D;39.7572469697543;39.7572469697543;39.7572469697543;39.7572469697543;0.17341;2;10.3959944734097 * Array2D;1;1.79769313486232E+308;46.8264835990443
2;30.9299152787431 * API + 10.3478058694708 * Array2D + 22.006129132144 * LocalMemory;27.984038055619;27.984038055619;27.984038055619;27.984038055619;0.588721;3;22.006129132144 * LocalMemory;1;11.7732089141353;31.6335843323074
3;25.7983116397785 * API + 5.46613081503056 * Array2D + 21.9636020301641 * LocalMemory + 26.3406733915363 * bs_32x1;18.6681854387057;18.6681854387057;18.6681854387057;18.6681854387057;1.418872;4;26.3406733915363 * bs_32x1;1;9.31585261691334;21.5423581692774
4;25.6424989694881 * API + 8.93822711798584 * Array2D + 21.9623107649403 * LocalMemory + 9.77633557282197 * bs_32x1 + 31.4431522742976 * bs_32x1 * pixelPerThread_1;15.567815255004;15.567815255004;15.567815255004;15.567815255004;2.691723;6;31.4431522742976 * bs_32x1 * pixelPerThread_1;2;1.55018509185086;20.2691433200638
5;24.2897590440044 * API + 9.00461635209299 * Array2D + 22.0382336108772 * LocalMemory + 11.0800492029862 * bs_32x1 + 31.4508125705405 * bs_32x1 * pixelPerThread_1 + 15.77114500278 * bs_512x2;14.3299497516329;14.3299497516329;14.3299497516329;14.3299497516329;4.535438;7;15.77114500278 * bs_512x2;1;1.23786550337107;19.108358378306
6;24.5751962935937 * API + 8.75938760147321 * Array2D + 23.5077075106338 * LocalMemory + 10.1007464619551 * bs_32x1 + 31.4225169454691 * bs_32x1 * pixelPerThread_1 + 14.7918027074997 * bs_512x2 + -14.8069979042683 * LocalMemory * bs_32x4;13.1860224509207;13.1860224509207;13.1860224509207;13.1860224509207;7.275929;9;-14.8069979042683 * LocalMemory * bs_32x4;2;0.571963650356098;19.1709816595748
7;25.145630275453 * API + 8.75320481859263 * Array2D + 22.2748928218163 * LocalMemory + 10.1477502883179 * bs_32x1 + 31.4218035474446 * bs_32x1 * pixelPerThread_1 + 6.32876153180356 * bs_512x2 + -14.1444454533412 * LocalMemory * bs_32x4 + 17.704880378815 * bs_512x2 * LocalMemory;12.3220485004063;12.3220485004063;12.3220485004063;12.3220485004063;10.878099;11;17.704880378815 * bs_512x2 * LocalMemory;2;0.431986975257223;18.7944198797352
8;25.2464066851189 * API + 6.54339113352899 * Array2D + 22.2799057375672 * LocalMemory + 5.54801018504432 * bs_32x1 + 33.0378863978511 * bs_32x1 * pixelPerThread_1 + 6.31637766954014 * bs_512x2 + -14.1888510652841 * LocalMemory * bs_32x4 + 17.7075537715335 * bs_512x2 * LocalMemory + 19.459038066305 * bs_32x1 * OpenCL;11.4635082330434;11.4635082330434;11.4635082330434;11.4635082330434;15.296037;13;19.459038066305 * bs_32x1 * OpenCL;2;0.429270133681437;18.743481890953
9;25.0907820543453 * API + 9.10786307438998 * Array2D + 27.1497453026738 * LocalMemory + 6.55920642659445 * bs_32x1 + 32.0245782926658 * bs_32x1 * pixelPerThread_1 + 6.36942342267927 * bs_512x2 + -14.0032564755264 * LocalMemory * bs_32x4 + 18.152476209071 * bs_512x2 * LocalMemory + 17.145853641754 * bs_32x1 * OpenCL + -9.41882183200658 * LocalMemory * TextureMemory;10.7188853077939;10.7188853077939;10.7188853077939;10.7188853077939;20.613554;15;-9.41882183200658 * LocalMemory * TextureMemory;2;0.372311462624737;17.3045149070964
10;26.3033679872318 * API + 9.8046517714769 * Array2D + 25.9540619074202 * LocalMemory + 6.83287497381901 * bs_32x1 + 31.7512344565263 * bs_32x1 * pixelPerThread_1 + 6.38965647685428 * bs_512x2 + -13.9761784976489 * LocalMemory * bs_32x4 + 18.1528741391765 * bs_512x2 * LocalMemory + 16.5202226701406 * bs_32x1 * OpenCL + -7.11442154950458 * LocalMemory * TextureMemory + -2.42440487489413 * TextureMemory;10.4742487459901;10.4742487459901;10.4742487459901;10.4742487459901;27.415019;16;-2.42440487489413 * TextureMemory;1;0.24463656180386;17.0327916387724
Analyze finished
command: measurementstocsv /scratch/kaltenec/Distribution-Aware-Sampling/Results_test/Hipacc_disc/Hipacc_disc_62/sampledConfigurations_semi_1.csv
command: clean-sampling
command: clean-global
command: script /scratch/kaltenec/Distribution-Aware-Sampling/Results_test/Hipacc_disc/Hipacc_disc_62/learn_semi_2.a
command: log /scratch/kaltenec/Distribution-Aware-Sampling/Results_test/Hipacc_disc/Hipacc_disc_62/out_semi_2.log
