Current machine learning settings: epsilon:0 lossFunction:RELATIVE parallelization:True bagging:False baggingNumbers:3 considerEpsilonTube:False baggingTestDataFraction:50 useBackward:False abortError:1 limitFeatureSize:False featureSizeTreshold:4 quadraticFunctionSupport:True crossValidation:False crossValidation-k:5 learn-logFunction:False learn-accumulatedLogFunction:False learn-asymFunction:False learn-ratioFunction:False learn-mirrowedFunction:False numberOfRounds:70 backwardErrorDelta:1 minImprovementPerRound:0.1 withHierarchy:False bruteForceCandidates:False ignoreBadFeatures:False stopOnLongRound:True candidateSizePenalty:True learnTimeLimit:00:00:00 scoreMeasure:RELERROR outputRoundsToStdout:False blacklisted: 
command: mlsettings bagging:False stopOnLongRound:False parallelization:True lossFunction:RELATIVE useBackward:False abortError:10 limitFeatureSize:False featureSizeTreshold:7 quadraticFunctionSupport:True crossValidation:False learn_logFunction:True numberOfRounds:70 backwardErrorDelta:1 minImprovementPerRound:0.25 withHierarchy:False
Current machine learning settings: epsilon:0 lossFunction:RELATIVE parallelization:True bagging:False baggingNumbers:3 considerEpsilonTube:False baggingTestDataFraction:50 useBackward:False abortError:10 limitFeatureSize:False featureSizeTreshold:7 quadraticFunctionSupport:True crossValidation:False crossValidation-k:5 learn-logFunction:True learn-accumulatedLogFunction:False learn-asymFunction:False learn-ratioFunction:False learn-mirrowedFunction:False numberOfRounds:70 backwardErrorDelta:1 minImprovementPerRound:0.25 withHierarchy:False bruteForceCandidates:False ignoreBadFeatures:False stopOnLongRound:False candidateSizePenalty:True learnTimeLimit:00:00:00 scoreMeasure:RELERROR outputRoundsToStdout:False blacklisted: 
command: solver z3
command: vm /scratch/kaltenec/Distribution-Aware-Sampling/DistOut/ConstraintData/VP9_disc/FeatureModel.xml
command: all /scratch/kaltenec/Distribution-Aware-Sampling/DistOut/ConstraintData/VP9_disc/measurements.xml
Configs with too large deviation: 0
216000 configurations loaded.
command: nfp Performance
command: hybrid distribution-aware distance-metric:manhattan distribution:uniform onlyBinary:true selection:SolverSelection optimization:None numConfigs:3893 seed:72
command: learn-splconqueror
Learning: NumberOfConfigurationsLearning:3893 NumberOfConfigurationsValidation:3893
Learning progress:
1;14.6931219926409 * Quality + -3.02895532597409 * cpuUsed_4;706.746615249335;706.746615249335;706.746615249335;706.746615249335;0.747151;2;-3.02895532597409 * cpuUsed_4;1;1.79769313486232E+308;
2;4.68517108639867 * Quality + 6.97899558026808 * cpuUsed_4 + 29.5883602943544 * cpuUsed_0;213.837340533637;213.837340533637;213.837340533637;213.837340533637;2.317629;3;29.5883602943544 * cpuUsed_0;1;492.909274715698;
3;1.1184753166421 * Quality + 4.8222577885952 * cpuUsed_4 + 28.9827827944938 * cpuUsed_0 + 9.71903812318252 * TileColumns_0;154.811791595715;154.811791595715;154.811791595715;154.811791595715;5.421285;4;9.71903812318252 * TileColumns_0;1;59.0255489379212;
4;-0.652911443653141 * Quality + 6.05254239620933 * cpuUsed_4 + 30.3597164658291 * cpuUsed_0 + 10.6378908352821 * TileColumns_0 + 5.88267827822633 * cpuUsed_2;150.767862423104;150.767862423104;150.767862423104;150.767862423104;10.110406;5;5.88267827822633 * cpuUsed_2;1;4.043929172611;
5;0.213489802869635 * Quality + 4.04913987857146 * cpuUsed_4 + 28.6644631045612 * cpuUsed_0 + 12.5686477107602 * TileColumns_0 + 4.79610300204367 * cpuUsed_2 + -6.83680269220149 * TileColumns_0 * cpuUsed_8;101.753812395663;101.753812395663;101.753812395663;101.753812395663;23.326427;7;-6.83680269220149 * TileColumns_0 * cpuUsed_8;2;24.5070250137206;
6;0.213489802869387 * Quality + 4.04913987857173 * cpuUsed_4 + 28.6644631045614 * cpuUsed_0 + 12.5686477107604 * TileColumns_0 + 4.79610300204409 * cpuUsed_2 + -2.39821859471109 * TileColumns_0 * cpuUsed_8 + -8.79860918440536 * TileColumns_0 * cpuUsed_8 * realtime;80.3823003247712;80.3823003247712;80.3823003247712;80.3823003247712;37.79913;10;-8.79860918440536 * TileColumns_0 * cpuUsed_8 * realtime;3;7.12383735696396;
7;0.260773328385243 * Quality + 4.04380018533524 * cpuUsed_4 + 28.5539731746115 * cpuUsed_0 + 12.2128997854923 * TileColumns_0 + 4.73059698795107 * cpuUsed_2 + -2.22560730427455 * TileColumns_0 * cpuUsed_8 + -8.79620470459473 * TileColumns_0 * cpuUsed_8 * realtime + 1.67552168156685 * TileColumns_0 * Threads_6;77.6898987005284;77.6898987005284;77.6898987005284;77.6898987005284;51.426993;12;1.67552168156685 * TileColumns_0 * Threads_6;2;1.3462008121214;
8;0.258989437260301 * Quality + 4.04400163882779 * cpuUsed_4 + 28.5581416879215 * cpuUsed_0 + 12.2263212797605 * TileColumns_0 + 4.73306836875225 * cpuUsed_2 + -2.23211950373077 * TileColumns_0 * cpuUsed_8 + -9.63603524998711 * TileColumns_0 * cpuUsed_8 * realtime + 1.61230836941897 * TileColumns_0 * Threads_6 + 1.62206155251273 * TileColumns_0 * cpuUsed_8 * realtime * FrameBoost;73.4915881988535;73.4915881988535;73.4915881988535;73.4915881988535;70.87396;16;1.62206155251273 * TileColumns_0 * cpuUsed_8 * realtime * FrameBoost;4;1.04957762541873;
9;0.247134098268926 * Quality + 4.04534045340932 * cpuUsed_4 + 28.585844689345 * cpuUsed_0 + 12.3155175104451 * TileColumns_0 + 4.74949260942748 * cpuUsed_2 + -8.03398494204734 * TileColumns_0 * cpuUsed_8 + -3.91151070336405 * TileColumns_0 * cpuUsed_8 * realtime + 1.19220692170765 * TileColumns_0 * Threads_6 + -9.23985681800303 * TileColumns_0 * cpuUsed_8 * realtime * FrameBoost + 10.9265493624725 * TileColumns_0 * cpuUsed_8 * FrameBoost;70.0701453061595;70.0701453061595;70.0701453061595;70.0701453061595;94.400444;19;10.9265493624725 * TileColumns_0 * cpuUsed_8 * FrameBoost;3;1.14048096423132;
10;0.315419560869998 * Quality + 4.12956322307317 * cpuUsed_4 + 27.8932084028934 * cpuUsed_0 + 12.0506013674531 * TileColumns_0 + 4.71018953477081 * cpuUsed_2 + -7.83735426165665 * TileColumns_0 * cpuUsed_8 + -3.91151070336411 * TileColumns_0 * cpuUsed_8 * realtime + 1.22718633000971 * TileColumns_0 * Threads_6 + -9.23985681800346 * TileColumns_0 * cpuUsed_8 * realtime * FrameBoost + 10.9211679150415 * TileColumns_0 * cpuUsed_8 * FrameBoost + 4.47252238254042 * cpuUsed_0 * bitRate_300;68.5114645802312;68.5114645802312;68.5114645802312;68.5114645802312;122.621499;21;4.47252238254042 * cpuUsed_0 * bitRate_300;2;0.779340362964192;
11;0.321727337384785 * Quality + 4.13601237610824 * cpuUsed_4 + 31.842165864155 * cpuUsed_0 + 12.0225279060855 * TileColumns_0 + 4.70575847931668 * cpuUsed_2 + -7.81558857680366 * TileColumns_0 * cpuUsed_8 + -3.91151070336368 * TileColumns_0 * cpuUsed_8 * realtime + 1.26493852923321 * TileColumns_0 * Threads_6 + -9.23985681800344 * TileColumns_0 * cpuUsed_8 * realtime * FrameBoost + 10.9153598843916 * TileColumns_0 * cpuUsed_8 * FrameBoost + 4.67758930459761 * cpuUsed_0 * bitRate_300 + -8.05101053953457 * cpuUsed_0 * good;68.0218950120203;68.0218950120203;68.0218950120203;68.0218950120203;156.250756;23;-8.05101053953457 * cpuUsed_0 * good;2;0.244784784105441;
Elapsed=00:02:36.3231558
average model: 
command: analyze-learning
Round, Model, LearningError, LearningErrorRel, ValidationError, ValidationErrorRel, ElapsedSeconds, ModelComplexity, BestCandidate, BestCandidateSize, BestCandidateScore, TestError
Models:
Termination reason: minImprovementPerRound
1;14.6931219926409 * Quality + -3.02895532597409 * cpuUsed_4;706.746615249335;706.746615249335;706.746615249335;706.746615249335;0.747151;2;-3.02895532597409 * cpuUsed_4;1;1.79769313486232E+308;559.133837304244
2;4.68517108639867 * Quality + 6.97899558026808 * cpuUsed_4 + 29.5883602943544 * cpuUsed_0;213.837340533637;213.837340533637;213.837340533637;213.837340533637;2.317629;3;29.5883602943544 * cpuUsed_0;1;492.909274715698;191.269513803449
3;1.1184753166421 * Quality + 4.8222577885952 * cpuUsed_4 + 28.9827827944938 * cpuUsed_0 + 9.71903812318252 * TileColumns_0;154.811791595715;154.811791595715;154.811791595715;154.811791595715;5.421285;4;9.71903812318252 * TileColumns_0;1;59.0255489379212;129.392247848177
4;-0.652911443653141 * Quality + 6.05254239620933 * cpuUsed_4 + 30.3597164658291 * cpuUsed_0 + 10.6378908352821 * TileColumns_0 + 5.88267827822633 * cpuUsed_2;150.767862423104;150.767862423104;150.767862423104;150.767862423104;10.110406;5;5.88267827822633 * cpuUsed_2;1;4.043929172611;132.339692457207
5;0.213489802869635 * Quality + 4.04913987857146 * cpuUsed_4 + 28.6644631045612 * cpuUsed_0 + 12.5686477107602 * TileColumns_0 + 4.79610300204367 * cpuUsed_2 + -6.83680269220149 * TileColumns_0 * cpuUsed_8;101.753812395663;101.753812395663;101.753812395663;101.753812395663;23.326427;7;-6.83680269220149 * TileColumns_0 * cpuUsed_8;2;24.5070250137206;99.0479322544501
6;0.213489802869387 * Quality + 4.04913987857173 * cpuUsed_4 + 28.6644631045614 * cpuUsed_0 + 12.5686477107604 * TileColumns_0 + 4.79610300204409 * cpuUsed_2 + -2.39821859471109 * TileColumns_0 * cpuUsed_8 + -8.79860918440536 * TileColumns_0 * cpuUsed_8 * realtime;80.3823003247712;80.3823003247712;80.3823003247712;80.3823003247712;37.79913;10;-8.79860918440536 * TileColumns_0 * cpuUsed_8 * realtime;3;7.12383735696396;86.9435799310655
7;0.260773328385243 * Quality + 4.04380018533524 * cpuUsed_4 + 28.5539731746115 * cpuUsed_0 + 12.2128997854923 * TileColumns_0 + 4.73059698795107 * cpuUsed_2 + -2.22560730427455 * TileColumns_0 * cpuUsed_8 + -8.79620470459473 * TileColumns_0 * cpuUsed_8 * realtime + 1.67552168156685 * TileColumns_0 * Threads_6;77.6898987005284;77.6898987005284;77.6898987005284;77.6898987005284;51.426993;12;1.67552168156685 * TileColumns_0 * Threads_6;2;1.3462008121214;86.6891791735514
8;0.258989437260301 * Quality + 4.04400163882779 * cpuUsed_4 + 28.5581416879215 * cpuUsed_0 + 12.2263212797605 * TileColumns_0 + 4.73306836875225 * cpuUsed_2 + -2.23211950373077 * TileColumns_0 * cpuUsed_8 + -9.63603524998711 * TileColumns_0 * cpuUsed_8 * realtime + 1.61230836941897 * TileColumns_0 * Threads_6 + 1.62206155251273 * TileColumns_0 * cpuUsed_8 * realtime * FrameBoost;73.4915881988535;73.4915881988535;73.4915881988535;73.4915881988535;70.87396;16;1.62206155251273 * TileColumns_0 * cpuUsed_8 * realtime * FrameBoost;4;1.04957762541873;86.7348274860499
9;0.247134098268926 * Quality + 4.04534045340932 * cpuUsed_4 + 28.585844689345 * cpuUsed_0 + 12.3155175104451 * TileColumns_0 + 4.74949260942748 * cpuUsed_2 + -8.03398494204734 * TileColumns_0 * cpuUsed_8 + -3.91151070336405 * TileColumns_0 * cpuUsed_8 * realtime + 1.19220692170765 * TileColumns_0 * Threads_6 + -9.23985681800303 * TileColumns_0 * cpuUsed_8 * realtime * FrameBoost + 10.9265493624725 * TileColumns_0 * cpuUsed_8 * FrameBoost;70.0701453061595;70.0701453061595;70.0701453061595;70.0701453061595;94.400444;19;10.9265493624725 * TileColumns_0 * cpuUsed_8 * FrameBoost;3;1.14048096423132;86.9513371146908
10;0.315419560869998 * Quality + 4.12956322307317 * cpuUsed_4 + 27.8932084028934 * cpuUsed_0 + 12.0506013674531 * TileColumns_0 + 4.71018953477081 * cpuUsed_2 + -7.83735426165665 * TileColumns_0 * cpuUsed_8 + -3.91151070336411 * TileColumns_0 * cpuUsed_8 * realtime + 1.22718633000971 * TileColumns_0 * Threads_6 + -9.23985681800346 * TileColumns_0 * cpuUsed_8 * realtime * FrameBoost + 10.9211679150415 * TileColumns_0 * cpuUsed_8 * FrameBoost + 4.47252238254042 * cpuUsed_0 * bitRate_300;68.5114645802312;68.5114645802312;68.5114645802312;68.5114645802312;122.621499;21;4.47252238254042 * cpuUsed_0 * bitRate_300;2;0.779340362964192;86.194430190489
11;0.321727337384785 * Quality + 4.13601237610824 * cpuUsed_4 + 31.842165864155 * cpuUsed_0 + 12.0225279060855 * TileColumns_0 + 4.70575847931668 * cpuUsed_2 + -7.81558857680366 * TileColumns_0 * cpuUsed_8 + -3.91151070336368 * TileColumns_0 * cpuUsed_8 * realtime + 1.26493852923321 * TileColumns_0 * Threads_6 + -9.23985681800344 * TileColumns_0 * cpuUsed_8 * realtime * FrameBoost + 10.9153598843916 * TileColumns_0 * cpuUsed_8 * FrameBoost + 4.67758930459761 * cpuUsed_0 * bitRate_300 + -8.05101053953457 * cpuUsed_0 * good;68.0218950120203;68.0218950120203;68.0218950120203;68.0218950120203;156.250756;23;-8.05101053953457 * cpuUsed_0 * good;2;0.244784784105441;86.0659588422617
Analyze finished
command: printconfigs /scratch/kaltenec/Distribution-Aware-Sampling/Results_newTry/VP9_disc/VP9_disc_72/sampledConfigurations_solv_2.csv
command: clean-sampling
command: clean-global
