Current machine learning settings: epsilon:0 lossFunction:RELATIVE parallelization:True bagging:False baggingNumbers:3 considerEpsilonTube:False baggingTestDataFraction:50 useBackward:False abortError:1 limitFeatureSize:False featureSizeTreshold:4 quadraticFunctionSupport:True crossValidation:False crossValidation-k:5 learn-logFunction:False learn-accumulatedLogFunction:False learn-asymFunction:False learn-ratioFunction:False learn-mirrowedFunction:False numberOfRounds:70 backwardErrorDelta:1 minImprovementPerRound:0.1 withHierarchy:False bruteForceCandidates:False ignoreBadFeatures:False stopOnLongRound:True candidateSizePenalty:True learnTimeLimit:00:00:00 scoreMeasure:RELERROR outputRoundsToStdout:False blacklisted: 
command: mlsettings bagging:False stopOnLongRound:False parallelization:True lossFunction:RELATIVE useBackward:False abortError:10 limitFeatureSize:False featureSizeTreshold:7 quadraticFunctionSupport:True crossValidation:False learn_logFunction:True numberOfRounds:70 backwardErrorDelta:1 minImprovementPerRound:0.25 withHierarchy:False
Current machine learning settings: epsilon:0 lossFunction:RELATIVE parallelization:True bagging:False baggingNumbers:3 considerEpsilonTube:False baggingTestDataFraction:50 useBackward:False abortError:10 limitFeatureSize:False featureSizeTreshold:7 quadraticFunctionSupport:True crossValidation:False crossValidation-k:5 learn-logFunction:True learn-accumulatedLogFunction:False learn-asymFunction:False learn-ratioFunction:False learn-mirrowedFunction:False numberOfRounds:70 backwardErrorDelta:1 minImprovementPerRound:0.25 withHierarchy:False bruteForceCandidates:False ignoreBadFeatures:False stopOnLongRound:False candidateSizePenalty:True learnTimeLimit:00:00:00 scoreMeasure:RELERROR outputRoundsToStdout:False blacklisted: 
command: solver z3
command: vm /scratch/kaltenec/Distribution-Aware-Sampling/DistOut/ConstraintData/Hipacc_disc/FeatureModel.xml
Warning: Variability model contains outdated notation. Children nodes will no longer have effect on the model. Instead use the parent node to describe the parent of an configuration option. You can also use the converter providedby the Variability Model GUI in export>convert legacy model.
Warning: Default value nodes in models are no longer used and should be removed. You can also use the converter provided by the Variability Model GUI in export>convert legacy model to update your model.
command: all /scratch/kaltenec/Distribution-Aware-Sampling/DistOut/ConstraintData/Hipacc_disc/measurements.xml
Configs with too large deviation: 0
13485 configurations loaded.
command: nfp Performance
command: hybrid distribution-aware distance-metric:manhattan distribution:uniform onlyBinary:true selection:SolverSelection optimization:None numConfigs:4131 seed:1
command: learn-splconqueror
Learning: NumberOfConfigurationsLearning:4131 NumberOfConfigurationsValidation:4131
Learning progress:
1;38.4526846800919 * API + -7.80883852624559 * padding_192;36.9585082514404;36.9585082514404;36.9585082514404;36.9585082514404;0.925477;2;-7.80883852624559 * padding_192;1;1.79769313486232E+308;
2;26.9163036319375 * API + -1.6354138696707 * padding_192 + 22.7652026418068 * LocalMemory;21.2474296708901;21.2474296708901;21.2474296708901;21.2474296708901;2.903077;3;22.7652026418068 * LocalMemory;1;15.7110785805502;
3;24.6355770648045 * API + -1.47797534182037 * padding_192 + 22.4065679879018 * LocalMemory + 8.34940018567472 * pixelPerThread_1;19.8627401978027;19.8627401978027;19.8627401978027;19.8627401978027;6.984843;4;8.34940018567472 * pixelPerThread_1;1;1.38468947308737;
4;23.8793117286423 * API + -1.93756453949355 * padding_192 + 22.2675056560464 * LocalMemory + 8.32423333609749 * pixelPerThread_1 + 17.4063982683706 * bs_32x1;18.5692654684675;18.5692654684675;18.5692654684675;18.5692654684675;13.579093;5;17.4063982683706 * bs_32x1;1;1.29347472933526;
5;23.7796551651145 * API + -1.72266754513159 * padding_192 + 20.48071195294 * LocalMemory + 8.46503807745178 * pixelPerThread_1 + 18.3896724776824 * bs_32x1 + 20.5447539622713 * LocalMemory * bs_512x1;17.3342495096603;17.3342495096603;17.3342495096603;17.3342495096603;22.473573;7;20.5447539622713 * LocalMemory * bs_512x1;2;0.617507979403575;
6;23.3128826128142 * API + -1.25431943618089 * padding_192 + 20.6518146082905 * LocalMemory + 7.72127973113752 * pixelPerThread_1 + 18.955144800272 * bs_32x1 + 21.0452330179678 * LocalMemory * bs_512x1 + 22.711920201362 * bs_1024x1;16.8504961440428;16.8504961440428;16.8504961440428;16.8504961440428;34.344697;8;22.711920201362 * bs_1024x1;1;0.483753365617503;
7;23.2321191687541 * API + -1.0540879595126 * padding_192 + 20.302182508058 * LocalMemory + 7.46690682345467 * pixelPerThread_1 + 19.2818388351859 * bs_32x1 + 21.5452228132799 * LocalMemory * bs_512x1 + 23.0846621387854 * bs_1024x1 + 13.5166973939755 * bs_512x2;16.4884786547644;16.4884786547644;16.4884786547644;16.4884786547644;51.642822;9;13.5166973939755 * bs_512x2;1;0.362017489278486;
8;23.8292773641447 * API + -1.38563948383436 * padding_192 + 19.4534282778345 * LocalMemory + 6.79742866893626 * pixelPerThread_1 + 19.3577256788323 * bs_32x1 + 21.9896833157659 * LocalMemory * bs_512x1 + 8.24486801616021 * bs_1024x1 + 13.9251582772606 * bs_512x2 + 35.9766386600217 * bs_1024x1 * LocalMemory;15.8900384524339;15.8900384524339;15.8900384524339;15.8900384524339;73.529357;11;35.9766386600217 * bs_1024x1 * LocalMemory;2;0.299220101165242;
9;23.5931902694423 * API + -1.19014637772152 * padding_192 + 19.276901931132 * LocalMemory + 6.57573889545181 * pixelPerThread_1 + 19.7390295158402 * bs_32x1 + 22.4627120253189 * LocalMemory * bs_512x1 + 8.54429504614225 * bs_1024x1 + 14.4111251261217 * bs_512x2 + 36.3066275172764 * bs_1024x1 * LocalMemory + 10.9956236476076 * bs_32x32;15.5922756760074;15.5922756760074;15.5922756760074;15.5922756760074;100.29787;12;10.9956236476076 * bs_32x32;1;0.297762776426463;
10;23.073690322986 * API + -1.22597473976018 * padding_192 + 19.4568770036191 * LocalMemory + 6.4225258064061 * pixelPerThread_1 + 20.2123525711939 * bs_32x1 + 22.8459222731638 * LocalMemory * bs_512x1 + 9.10757016090025 * bs_1024x1 + 14.863195938441 * bs_512x2 + 36.236986074582 * bs_1024x1 * LocalMemory + 11.4728512527825 * bs_32x32 + 7.55727673601971 * bs_128x8;15.3222897488199;15.3222897488199;15.3222897488199;15.3222897488199;132.04977;13;7.55727673601971 * bs_128x8;1;0.269985927187484;
11;23.3784320027039 * API + -1.14397460227903 * padding_192 + 19.6181262166084 * LocalMemory + 5.00633493355825 * pixelPerThread_1 + 12.003319754431 * bs_32x1 + 22.7790587441142 * LocalMemory * bs_512x1 + 9.20745444485304 * bs_1024x1 + 15.129796159079 * bs_512x2 + 37.0852517673343 * bs_1024x1 * LocalMemory + 11.6718744972733 * bs_32x32 + 7.68581349571698 * bs_128x8 + 27.4176242001938 * pixelPerThread_1 * bs_32x1;14.7140421442637;14.7140421442637;14.7140421442637;14.7140421442637;171.212461;15;27.4176242001938 * pixelPerThread_1 * bs_32x1;2;0.304123802278093;
12;22.8770771111344 * API + -1.13553119802839 * padding_192 + 19.7063558513228 * LocalMemory + 4.78362284998596 * pixelPerThread_1 + 12.45493507847 * bs_32x1 + 23.2550016132319 * LocalMemory * bs_512x1 + 9.77244136029644 * bs_1024x1 + 15.6710069486647 * bs_512x2 + 37.1558911072139 * bs_1024x1 * LocalMemory + 12.2148035201296 * bs_32x32 + 8.23329889304983 * bs_128x8 + 27.6490233367239 * pixelPerThread_1 * bs_32x1 + 9.24135098491485 * bs_256x4;14.3949779384767;14.3949779384767;14.3949779384767;14.3949779384767;216.588782;16;9.24135098491485 * bs_256x4;1;0.319064205787049;
13;22.8963245801546 * API + -1.62212610850708 * padding_192 + 21.5592569327445 * LocalMemory + 4.7164177681126 * pixelPerThread_1 + 13.0185121082892 * bs_32x1 + 23.3339451720918 * LocalMemory * bs_512x1 + 9.77239534324223 * bs_1024x1 + 15.7522731455472 * bs_512x2 + 37.2280561972274 * bs_1024x1 * LocalMemory + 12.3637525897383 * bs_32x32 + 8.289745284036 * bs_128x8 + 27.5376835281644 * pixelPerThread_1 * bs_32x1 + 9.31994541691352 * bs_256x4 + -10.6565581072472 * LocalMemory * Linear1D;13.8127528972369;13.8127528972369;13.8127528972369;13.8127528972369;270.136737;18;-10.6565581072472 * LocalMemory * Linear1D;2;0.291112520619873;
14;22.2474227800448 * API + -1.43659480479837 * padding_192 + 21.9738349530486 * LocalMemory + 4.65120103228143 * pixelPerThread_1 + 13.402943690751 * bs_32x1 + 23.5608147800131 * LocalMemory * bs_512x1 + 10.4399304964467 * bs_1024x1 + 16.0847086908513 * bs_512x2 + 36.8324044190562 * bs_1024x1 * LocalMemory + 12.7731865966585 * bs_32x32 + 8.7943091577028 * bs_128x8 + 27.6498120537134 * pixelPerThread_1 * bs_32x1 + 9.79978121051533 * bs_256x4 + -10.5250217757611 * LocalMemory * Linear1D + 7.5039912645085 * bs_64x16;13.5817278500484;13.5817278500484;13.5817278500484;13.5817278500484;333.095603;19;7.5039912645085 * bs_64x16;1;0.231025047188558;
Elapsed=00:05:33.1596262
average model: 
command: analyze-learning
Round, Model, LearningError, LearningErrorRel, ValidationError, ValidationErrorRel, ElapsedSeconds, ModelComplexity, BestCandidate, BestCandidateSize, BestCandidateScore, TestError
Models:
Termination reason: minImprovementPerRound
1;38.4526846800919 * API + -7.80883852624559 * padding_192;36.9585082514404;36.9585082514404;36.9585082514404;36.9585082514404;0.925477;2;-7.80883852624559 * padding_192;1;1.79769313486232E+308;38.488479378264
2;26.9163036319375 * API + -1.6354138696707 * padding_192 + 22.7652026418068 * LocalMemory;21.2474296708901;21.2474296708901;21.2474296708901;21.2474296708901;2.903077;3;22.7652026418068 * LocalMemory;1;15.7110785805502;23.206628700087
3;24.6355770648045 * API + -1.47797534182037 * padding_192 + 22.4065679879018 * LocalMemory + 8.34940018567472 * pixelPerThread_1;19.8627401978027;19.8627401978027;19.8627401978027;19.8627401978027;6.984843;4;8.34940018567472 * pixelPerThread_1;1;1.38468947308737;21.8276568847638
4;23.8793117286423 * API + -1.93756453949355 * padding_192 + 22.2675056560464 * LocalMemory + 8.32423333609749 * pixelPerThread_1 + 17.4063982683706 * bs_32x1;18.5692654684675;18.5692654684675;18.5692654684675;18.5692654684675;13.579093;5;17.4063982683706 * bs_32x1;1;1.29347472933526;20.2976979528643
5;23.7796551651145 * API + -1.72266754513159 * padding_192 + 20.48071195294 * LocalMemory + 8.46503807745178 * pixelPerThread_1 + 18.3896724776824 * bs_32x1 + 20.5447539622713 * LocalMemory * bs_512x1;17.3342495096603;17.3342495096603;17.3342495096603;17.3342495096603;22.473573;7;20.5447539622713 * LocalMemory * bs_512x1;2;0.617507979403575;18.9368468354575
6;23.3128826128142 * API + -1.25431943618089 * padding_192 + 20.6518146082905 * LocalMemory + 7.72127973113752 * pixelPerThread_1 + 18.955144800272 * bs_32x1 + 21.0452330179678 * LocalMemory * bs_512x1 + 22.711920201362 * bs_1024x1;16.8504961440428;16.8504961440428;16.8504961440428;16.8504961440428;34.344697;8;22.711920201362 * bs_1024x1;1;0.483753365617503;18.7855338071078
7;23.2321191687541 * API + -1.0540879595126 * padding_192 + 20.302182508058 * LocalMemory + 7.46690682345467 * pixelPerThread_1 + 19.2818388351859 * bs_32x1 + 21.5452228132799 * LocalMemory * bs_512x1 + 23.0846621387854 * bs_1024x1 + 13.5166973939755 * bs_512x2;16.4884786547644;16.4884786547644;16.4884786547644;16.4884786547644;51.642822;9;13.5166973939755 * bs_512x2;1;0.362017489278486;18.8454193481656
8;23.8292773641447 * API + -1.38563948383436 * padding_192 + 19.4534282778345 * LocalMemory + 6.79742866893626 * pixelPerThread_1 + 19.3577256788323 * bs_32x1 + 21.9896833157659 * LocalMemory * bs_512x1 + 8.24486801616021 * bs_1024x1 + 13.9251582772606 * bs_512x2 + 35.9766386600217 * bs_1024x1 * LocalMemory;15.8900384524339;15.8900384524339;15.8900384524339;15.8900384524339;73.529357;11;35.9766386600217 * bs_1024x1 * LocalMemory;2;0.299220101165242;17.971919119336
9;23.5931902694423 * API + -1.19014637772152 * padding_192 + 19.276901931132 * LocalMemory + 6.57573889545181 * pixelPerThread_1 + 19.7390295158402 * bs_32x1 + 22.4627120253189 * LocalMemory * bs_512x1 + 8.54429504614225 * bs_1024x1 + 14.4111251261217 * bs_512x2 + 36.3066275172764 * bs_1024x1 * LocalMemory + 10.9956236476076 * bs_32x32;15.5922756760074;15.5922756760074;15.5922756760074;15.5922756760074;100.29787;12;10.9956236476076 * bs_32x32;1;0.297762776426463;17.812489994722
10;23.073690322986 * API + -1.22597473976018 * padding_192 + 19.4568770036191 * LocalMemory + 6.4225258064061 * pixelPerThread_1 + 20.2123525711939 * bs_32x1 + 22.8459222731638 * LocalMemory * bs_512x1 + 9.10757016090025 * bs_1024x1 + 14.863195938441 * bs_512x2 + 36.236986074582 * bs_1024x1 * LocalMemory + 11.4728512527825 * bs_32x32 + 7.55727673601971 * bs_128x8;15.3222897488199;15.3222897488199;15.3222897488199;15.3222897488199;132.04977;13;7.55727673601971 * bs_128x8;1;0.269985927187484;17.442857552426
11;23.3784320027039 * API + -1.14397460227903 * padding_192 + 19.6181262166084 * LocalMemory + 5.00633493355825 * pixelPerThread_1 + 12.003319754431 * bs_32x1 + 22.7790587441142 * LocalMemory * bs_512x1 + 9.20745444485304 * bs_1024x1 + 15.129796159079 * bs_512x2 + 37.0852517673343 * bs_1024x1 * LocalMemory + 11.6718744972733 * bs_32x32 + 7.68581349571698 * bs_128x8 + 27.4176242001938 * pixelPerThread_1 * bs_32x1;14.7140421442637;14.7140421442637;14.7140421442637;14.7140421442637;171.212461;15;27.4176242001938 * pixelPerThread_1 * bs_32x1;2;0.304123802278093;16.8809129337381
12;22.8770771111344 * API + -1.13553119802839 * padding_192 + 19.7063558513228 * LocalMemory + 4.78362284998596 * pixelPerThread_1 + 12.45493507847 * bs_32x1 + 23.2550016132319 * LocalMemory * bs_512x1 + 9.77244136029644 * bs_1024x1 + 15.6710069486647 * bs_512x2 + 37.1558911072139 * bs_1024x1 * LocalMemory + 12.2148035201296 * bs_32x32 + 8.23329889304983 * bs_128x8 + 27.6490233367239 * pixelPerThread_1 * bs_32x1 + 9.24135098491485 * bs_256x4;14.3949779384767;14.3949779384767;14.3949779384767;14.3949779384767;216.588782;16;9.24135098491485 * bs_256x4;1;0.319064205787049;16.5530682595542
13;22.8963245801546 * API + -1.62212610850708 * padding_192 + 21.5592569327445 * LocalMemory + 4.7164177681126 * pixelPerThread_1 + 13.0185121082892 * bs_32x1 + 23.3339451720918 * LocalMemory * bs_512x1 + 9.77239534324223 * bs_1024x1 + 15.7522731455472 * bs_512x2 + 37.2280561972274 * bs_1024x1 * LocalMemory + 12.3637525897383 * bs_32x32 + 8.289745284036 * bs_128x8 + 27.5376835281644 * pixelPerThread_1 * bs_32x1 + 9.31994541691352 * bs_256x4 + -10.6565581072472 * LocalMemory * Linear1D;13.8127528972369;13.8127528972369;13.8127528972369;13.8127528972369;270.136737;18;-10.6565581072472 * LocalMemory * Linear1D;2;0.291112520619873;15.8284601013787
14;22.2474227800448 * API + -1.43659480479837 * padding_192 + 21.9738349530486 * LocalMemory + 4.65120103228143 * pixelPerThread_1 + 13.402943690751 * bs_32x1 + 23.5608147800131 * LocalMemory * bs_512x1 + 10.4399304964467 * bs_1024x1 + 16.0847086908513 * bs_512x2 + 36.8324044190562 * bs_1024x1 * LocalMemory + 12.7731865966585 * bs_32x32 + 8.7943091577028 * bs_128x8 + 27.6498120537134 * pixelPerThread_1 * bs_32x1 + 9.79978121051533 * bs_256x4 + -10.5250217757611 * LocalMemory * Linear1D + 7.5039912645085 * bs_64x16;13.5817278500484;13.5817278500484;13.5817278500484;13.5817278500484;333.095603;19;7.5039912645085 * bs_64x16;1;0.231025047188558;15.5261908221989
Analyze finished
command: printconfigs /scratch/kaltenec/Distribution-Aware-Sampling/Results_newTry/Hipacc_disc/Hipacc_disc_1/sampledConfigurations_solv_2.csv
command: clean-sampling
command: clean-global
