Current machine learning settings: epsilon:0 lossFunction:RELATIVE parallelization:True bagging:False baggingNumbers:3 baggingTestDataFraction:50 useBackward:False abortError:1 limitFeatureSize:False featureSizeTreshold:4 quadraticFunctionSupport:True crossValidation:False crossValidation-k:5 learn-logFunction:False learn-accumulatedLogFunction:False learn-asymFunction:False learn-ratioFunction:False learn-mirrowedFunction:False numberOfRounds:70 backwardErrorDelta:1 minImprovementPerRound:0.1 withHierarchy:False bruteForceCandidates:False ignoreBadFeatures:False stopOnLongRound:True candidateSizePenalty:True learnTimeLimit:00:00:00 scoreMeasure:RELERROR outputRoundsToStdout:False blacklisted: 
command: mlsettings bagging:False stopOnLongRound:False parallelization:True lossFunction:RELATIVE useBackward:False abortError:10 limitFeatureSize:False featureSizeTreshold:7 quadraticFunctionSupport:True crossValidation:False learn_logFunction:True numberOfRounds:70 backwardErrorDelta:1 minImprovementPerRound:0.25 withHierarchy:False
Current machine learning settings: epsilon:0 lossFunction:RELATIVE parallelization:True bagging:False baggingNumbers:3 baggingTestDataFraction:50 useBackward:False abortError:10 limitFeatureSize:False featureSizeTreshold:7 quadraticFunctionSupport:True crossValidation:False crossValidation-k:5 learn-logFunction:True learn-accumulatedLogFunction:False learn-asymFunction:False learn-ratioFunction:False learn-mirrowedFunction:False numberOfRounds:70 backwardErrorDelta:1 minImprovementPerRound:0.25 withHierarchy:False bruteForceCandidates:False ignoreBadFeatures:False stopOnLongRound:False candidateSizePenalty:True learnTimeLimit:00:00:00 scoreMeasure:RELERROR outputRoundsToStdout:False blacklisted: 
command: solver z3
command: vm /scratch/kaltenec/Distribution-Aware-Sampling/DistOut/ConstraintData/VP9_disc/FeatureModel.xml
command: all /scratch/kaltenec/Distribution-Aware-Sampling/DistOut/ConstraintData/VP9_disc/measurements.xml
Configs with too large deviation: 0
216000 configurations loaded.
command: nfp Performance
command: hybrid distribution-aware distance-metric:manhattan distribution:uniform onlyBinary:true selection:SolverSelection number-weight-optimization:1-1 numConfigs:31 seed:93
command: learn-splconqueror
Learning: NumberOfConfigurationsLearning:31 NumberOfConfigurationsValidation:31
Learning progress:
1;9.30458333333332 * Quality + 19.7197023809524 * AutoAltRef;136.333418234953;136.333418234953;136.333418234953;136.333418234953;0.134574;2;19.7197023809524 * AutoAltRef;1;1.79769313486232E+308;
2;2.46873563218392 * Quality + 14.8369540229885 * AutoAltRef + 27.3433908045977 * cpuUsed_0;68.0683513451809;68.0683513451809;68.0683513451809;68.0683513451809;0.164366;3;27.3433908045977 * cpuUsed_0;1;68.2650668897722;
3;4.90767295597483 * Quality + 54.4696855345912 * AutoAltRef + 17.587641509434 * cpuUsed_0 + -53.0468867924528 * AutoAltRef * TileColumns_6;31.0924697450867;31.0924697450867;31.0924697450867;31.0924697450867;0.220156;5;-53.0468867924528 * AutoAltRef * TileColumns_6;2;18.4879408000471;
4;3.54819987775061 * Quality + 51.5822096577017 * AutoAltRef + 18.261760391198 * cpuUsed_0 + -52.5075916870416 * AutoAltRef * TileColumns_6 + 3.57283007334965 * lossless;25.4243271576881;25.4243271576881;25.4243271576881;25.4243271576881;0.305301;6;3.57283007334965 * lossless;1;5.6681425873986;
5;3.07976990504016 * Quality + 51.2751862673485 * AutoAltRef + 18.6126442658875 * cpuUsed_0 + -52.22688458729 * AutoAltRef * TileColumns_6 + 3.99739956172392 * lossless + 2.8702300949598 * cpuUsed_2;20.7521568044078;20.7521568044078;20.7521568044078;20.7521568044078;0.467328;7;2.8702300949598 * cpuUsed_2;1;4.67217035328029;
6;3.37870348301825 * Quality + 50.6483381181951 * AutoAltRef + 18.8042408320243 * cpuUsed_0 + -51.6327742267483 * AutoAltRef * TileColumns_6 + 4.13371756676238 * lossless + 2.93865744000867 * cpuUsed_2 + -0.734721846053829 * lagInFrames_0;17.680734850441;17.680734850441;17.680734850441;17.680734850441;0.723022;8;-0.734721846053829 * lagInFrames_0;1;3.07142195396677;
7;3.82013856491314 * Quality + 49.2882158897052 * AutoAltRef + 19.8765348327124 * cpuUsed_0 + -50.3699486474255 * AutoAltRef * TileColumns_6 + 3.98011071266927 * lossless + 2.8347143404241 * cpuUsed_2 + -1.40970581067439 * lagInFrames_0 + -6.81667339762556 * bitRate_1200;16.6890701755661;16.6890701755661;16.6890701755661;16.6890701755661;1.071246;9;-6.81667339762556 * bitRate_1200;1;0.991664674874855;
8;3.77517606177607 * Quality + 49.2282301158301 * AutoAltRef + 19.4985386100386 * cpuUsed_0 + -50.2355976833977 * AutoAltRef * TileColumns_6 + 4.46305521235522 * lossless + 2.729927027027 * cpuUsed_2 + -1.11020617760617 * lagInFrames_0 + -6.39371467181472 * bitRate_1200 + -1.54111930501932 * lossless * cpuUsed_6;14.9887932720231;14.9887932720231;14.9887932720231;14.9887932720231;1.492838;11;-1.54111930501932 * lossless * cpuUsed_6;2;0.850138451771522;
9;3.61653155095589 * Quality + 50.2850709117915 * AutoAltRef + 17.9574768817977 * cpuUsed_0 + -51.1764148818936 * AutoAltRef * TileColumns_6 + 5.10592065545494 * lossless + 3.03103588711611 * cpuUsed_2 + -1.39513487614393 * lagInFrames_0 + -4.69400843275358 * bitRate_1200 + -1.84380671745485 * lossless * cpuUsed_6 + 10.2211264433904 * bitRate_300;13.7508373381748;13.7508373381748;13.7508373381748;13.7508373381748;2.017506;12;10.2211264433904 * bitRate_300;1;1.23795593384827;
10;3.16448901098902 * Quality + 42.0049389499389 * AutoAltRef + 18.2500610500611 * cpuUsed_0 + -41.6542631257631 * AutoAltRef * TileColumns_6 + 13.545510989011 * lossless + 3.10418192918188 * cpuUsed_2 + -0.637341880341879 * lagInFrames_0 + -4.53455006105006 * bitRate_1200 + -0.756856532356527 * lossless * cpuUsed_6 + 9.62279181929181 * bitRate_300 + -10.1775402930403 * lossless * TileColumns_6;10.2503584006591;10.2503584006591;10.2503584006591;10.2503584006591;2.638339;14;-10.1775402930403 * lossless * TileColumns_6;2;1.75023946875787;
11;3.15054356581397 * Quality + 42.087365636197 * AutoAltRef + 18.167634363803 * cpuUsed_0 + -41.8406336971919 * AutoAltRef * TileColumns_6 + 13.559456434186 * lossless + 3.08357525761743 * cpuUsed_2 + -0.568237646862745 * lagInFrames_0 + -4.43817792961695 * bitRate_1200 + -0.911310724106314 * lossless * cpuUsed_6 + 9.6500597172458 * bitRate_300 + -10.0367919340055 * lossless * TileColumns_6 + -0.784970419131766 * lossless * cpuUsed_8;9.76479609680232;9.76479609680232;9.76479609680232;9.76479609680232;3.855028;16;-0.784970419131766 * lossless * cpuUsed_8;2;0.242781151928384;
Elapsed=00:00:03.8579208
average model: 
command: analyze-learning
Round, Model, LearningError, LearningErrorRel, ValidationError, ValidationErrorRel, ElapsedSeconds, ModelComplexity, BestCandidate, BestCandidateSize, BestCandidateScore, TestError
Models:
Termination reason: abortError
1;9.30458333333332 * Quality + 19.7197023809524 * AutoAltRef;136.333418234953;136.333418234953;136.333418234953;136.333418234953;0.134574;2;19.7197023809524 * AutoAltRef;1;1.79769313486232E+308;276.661851181371
2;2.46873563218392 * Quality + 14.8369540229885 * AutoAltRef + 27.3433908045977 * cpuUsed_0;68.0683513451809;68.0683513451809;68.0683513451809;68.0683513451809;0.164366;3;27.3433908045977 * cpuUsed_0;1;68.2650668897722;148.894807945997
3;4.90767295597483 * Quality + 54.4696855345912 * AutoAltRef + 17.587641509434 * cpuUsed_0 + -53.0468867924528 * AutoAltRef * TileColumns_6;31.0924697450867;31.0924697450867;31.0924697450867;31.0924697450867;0.220156;5;-53.0468867924528 * AutoAltRef * TileColumns_6;2;18.4879408000471;338.871536824967
4;3.54819987775061 * Quality + 51.5822096577017 * AutoAltRef + 18.261760391198 * cpuUsed_0 + -52.5075916870416 * AutoAltRef * TileColumns_6 + 3.57283007334965 * lossless;25.4243271576881;25.4243271576881;25.4243271576881;25.4243271576881;0.305301;6;3.57283007334965 * lossless;1;5.6681425873986;325.619841017214
5;3.07976990504016 * Quality + 51.2751862673485 * AutoAltRef + 18.6126442658875 * cpuUsed_0 + -52.22688458729 * AutoAltRef * TileColumns_6 + 3.99739956172392 * lossless + 2.8702300949598 * cpuUsed_2;20.7521568044078;20.7521568044078;20.7521568044078;20.7521568044078;0.467328;7;2.8702300949598 * cpuUsed_2;1;4.67217035328029;321.503450841204
6;3.37870348301825 * Quality + 50.6483381181951 * AutoAltRef + 18.8042408320243 * cpuUsed_0 + -51.6327742267483 * AutoAltRef * TileColumns_6 + 4.13371756676238 * lossless + 2.93865744000867 * cpuUsed_2 + -0.734721846053829 * lagInFrames_0;17.680734850441;17.680734850441;17.680734850441;17.680734850441;0.723022;8;-0.734721846053829 * lagInFrames_0;1;3.07142195396677;319.369597038613
7;3.82013856491314 * Quality + 49.2882158897052 * AutoAltRef + 19.8765348327124 * cpuUsed_0 + -50.3699486474255 * AutoAltRef * TileColumns_6 + 3.98011071266927 * lossless + 2.8347143404241 * cpuUsed_2 + -1.40970581067439 * lagInFrames_0 + -6.81667339762556 * bitRate_1200;16.6890701755661;16.6890701755661;16.6890701755661;16.6890701755661;1.071246;9;-6.81667339762556 * bitRate_1200;1;0.991664674874855;312.904091150317
8;3.77517606177607 * Quality + 49.2282301158301 * AutoAltRef + 19.4985386100386 * cpuUsed_0 + -50.2355976833977 * AutoAltRef * TileColumns_6 + 4.46305521235522 * lossless + 2.729927027027 * cpuUsed_2 + -1.11020617760617 * lagInFrames_0 + -6.39371467181472 * bitRate_1200 + -1.54111930501932 * lossless * cpuUsed_6;14.9887932720231;14.9887932720231;14.9887932720231;14.9887932720231;1.492838;11;-1.54111930501932 * lossless * cpuUsed_6;2;0.850138451771522;310.9036015834
9;3.61653155095589 * Quality + 50.2850709117915 * AutoAltRef + 17.9574768817977 * cpuUsed_0 + -51.1764148818936 * AutoAltRef * TileColumns_6 + 5.10592065545494 * lossless + 3.03103588711611 * cpuUsed_2 + -1.39513487614393 * lagInFrames_0 + -4.69400843275358 * bitRate_1200 + -1.84380671745485 * lossless * cpuUsed_6 + 10.2211264433904 * bitRate_300;13.7508373381748;13.7508373381748;13.7508373381748;13.7508373381748;2.017506;12;10.2211264433904 * bitRate_300;1;1.23795593384827;353.228794761259
10;3.16448901098902 * Quality + 42.0049389499389 * AutoAltRef + 18.2500610500611 * cpuUsed_0 + -41.6542631257631 * AutoAltRef * TileColumns_6 + 13.545510989011 * lossless + 3.10418192918188 * cpuUsed_2 + -0.637341880341879 * lagInFrames_0 + -4.53455006105006 * bitRate_1200 + -0.756856532356527 * lossless * cpuUsed_6 + 9.62279181929181 * bitRate_300 + -10.1775402930403 * lossless * TileColumns_6;10.2503584006591;10.2503584006591;10.2503584006591;10.2503584006591;2.638339;14;-10.1775402930403 * lossless * TileColumns_6;2;1.75023946875787;347.56424936631
11;3.15054356581397 * Quality + 42.087365636197 * AutoAltRef + 18.167634363803 * cpuUsed_0 + -41.8406336971919 * AutoAltRef * TileColumns_6 + 13.559456434186 * lossless + 3.08357525761743 * cpuUsed_2 + -0.568237646862745 * lagInFrames_0 + -4.43817792961695 * bitRate_1200 + -0.911310724106314 * lossless * cpuUsed_6 + 9.6500597172458 * bitRate_300 + -10.0367919340055 * lossless * TileColumns_6 + -0.784970419131766 * lossless * cpuUsed_8;9.76479609680232;9.76479609680232;9.76479609680232;9.76479609680232;3.855028;16;-0.784970419131766 * lossless * cpuUsed_8;2;0.242781151928384;345.281092258653
Analyze finished
command: measurementstocsv /scratch/kaltenec/Distribution-Aware-Sampling/Results_opt/VP9_disc/VP9_disc_93/sampledConfigurations_solv_0.csv
command: clean-sampling
command: clean-global
command: script /scratch/kaltenec/Distribution-Aware-Sampling/Results_opt/VP9_disc/VP9_disc_93/learn_solv_1.a
command: log /scratch/kaltenec/Distribution-Aware-Sampling/Results_opt/VP9_disc/VP9_disc_93/out_solv_1.log
