Current machine learning settings: epsilon:0 lossFunction:RELATIVE parallelization:True bagging:False baggingNumbers:3 baggingTestDataFraction:50 useBackward:False abortError:1 limitFeatureSize:False featureSizeTreshold:4 quadraticFunctionSupport:True crossValidation:False crossValidation-k:5 learn-logFunction:False learn-accumulatedLogFunction:False learn-asymFunction:False learn-ratioFunction:False learn-mirrowedFunction:False numberOfRounds:70 backwardErrorDelta:1 minImprovementPerRound:0.1 withHierarchy:False bruteForceCandidates:False ignoreBadFeatures:False stopOnLongRound:True candidateSizePenalty:True learnTimeLimit:00:00:00 scoreMeasure:RELERROR outputRoundsToStdout:False blacklisted: 
command: mlsettings bagging:False stopOnLongRound:False parallelization:True lossFunction:RELATIVE useBackward:False abortError:10 limitFeatureSize:False featureSizeTreshold:7 quadraticFunctionSupport:True crossValidation:False learn_logFunction:True numberOfRounds:70 backwardErrorDelta:1 minImprovementPerRound:0.25 withHierarchy:False
Current machine learning settings: epsilon:0 lossFunction:RELATIVE parallelization:True bagging:False baggingNumbers:3 baggingTestDataFraction:50 useBackward:False abortError:10 limitFeatureSize:False featureSizeTreshold:7 quadraticFunctionSupport:True crossValidation:False crossValidation-k:5 learn-logFunction:True learn-accumulatedLogFunction:False learn-asymFunction:False learn-ratioFunction:False learn-mirrowedFunction:False numberOfRounds:70 backwardErrorDelta:1 minImprovementPerRound:0.25 withHierarchy:False bruteForceCandidates:False ignoreBadFeatures:False stopOnLongRound:False candidateSizePenalty:True learnTimeLimit:00:00:00 scoreMeasure:RELERROR outputRoundsToStdout:False blacklisted: 
command: solver z3
command: vm /scratch/kaltenec/Distribution-Aware-Sampling/DistOut/ConstraintData/Polly_disc/FeatureModel.xml
Warning: Variability model contains outdated notation. Children nodes will no longer have effect on the model. Instead use the parent node to describe the parent of an configuration option. You can also use the converter providedby the Variability Model GUI in export>convert legacy model.
command: all /scratch/kaltenec/Distribution-Aware-Sampling/DistOut/ConstraintData/Polly_disc/measurements.xml
Configs with too large deviation: 0
60000 configurations loaded.
command: nfp Performance
command: hybrid distribution-aware distance-metric:manhattan distribution:uniform onlyBinary:true selection:SolverSelection number-weight-optimization:1-1 numConfigs:2172 seed:77
command: learn-splconqueror
Learning: NumberOfConfigurationsLearning:2172 NumberOfConfigurationsValidation:2172
Learning progress:
1;19.41812109375 * polly_vectorizer + 10.0723235998225 * max;42.6302078919732;42.6302078919732;42.6302078919732;42.6302078919732;0.457803;2;10.0723235998225 * max;1;1.79769313486232E+308;
2;16.9074818745734 * polly_vectorizer + 7.79502576295731 * max + 8.390648043201 * memory_based;36.7259515847323;36.7259515847323;36.7259515847323;36.7259515847323;1.958221;3;8.390648043201 * memory_based;1;5.90425630724084;
3;15.3074248010961 * polly_vectorizer + 6.9503044949895 * max + 7.77834068122131 * memory_based + 6.35818042810385 * polly_no_tiling;29.8626045041691;29.8626045041691;29.8626045041691;29.8626045041691;4.823349;4;6.35818042810385 * polly_no_tiling;1;6.86334708056322;
4;13.7119128705363 * polly_vectorizer + -0.359119867155662 * max + 13.9031000206288 * memory_based + 5.51269977106601 * polly_no_tiling + 13.4650889997211 * max * value_based;24.2251556071967;24.2251556071967;24.2251556071967;24.2251556071967;9.18879;6;13.4650889997211 * max * value_based;2;2.81872444848623;
5;12.7827998797046 * polly_vectorizer + 3.4710596952921 * max + 13.0225665642061 * memory_based + 9.76481381584147 * polly_no_tiling + 12.7746714043286 * max * value_based + -9.03560872214047 * polly_no_tiling * max;20.4247634870736;20.4247634870736;20.4247634870736;20.4247634870736;14.926678;8;-9.03560872214047 * polly_no_tiling * max;2;1.90019606006153;
6;11.5778220510846 * polly_vectorizer + 4.34840995081712 * max + 12.8565429909267 * memory_based + 9.44238020461725 * polly_no_tiling + 12.3774890926398 * max * value_based + -9.93851059099729 * polly_no_tiling * max + 2.24766620839311 * polly_parallel;18.8338209727815;18.8338209727815;18.8338209727815;18.8338209727815;22.339572;9;2.24766620839311 * polly_parallel;1;1.59094251429207;
7;10.6214004595231 * polly_vectorizer + 4.33525862784035 * max + 12.7115780934571 * memory_based + 9.47617366643798 * polly_no_tiling + 12.3738393361839 * max * value_based + -9.781927231447 * polly_no_tiling * max + 2.17849362758312 * polly_parallel + 1.66321856049914 * none;17.7056087389112;17.7056087389112;17.7056087389112;17.7056087389112;33.340074;10;1.66321856049914 * none;1;1.12821223387034;
8;10.1413480510704 * polly_vectorizer + 3.640114289003 * max + 15.2246757177256 * memory_based + 5.05229513229169 * polly_no_tiling + 11.7204192132288 * max * value_based + -8.31592263792365 * polly_no_tiling * max + 1.88664318902079 * polly_parallel + 1.73004402455649 * none + 7.1970464487776 * polly_no_tiling * value_based;16.4037019800885;16.4037019800885;16.4037019800885;16.4037019800885;47.975997;12;7.1970464487776 * polly_no_tiling * value_based;2;0.65095337941136;
9;9.59777828755807 * polly_vectorizer + 0.113144346555032 * max + 17.814856316896 * memory_based + 0.479575815378142 * polly_no_tiling + 17.8716814955033 * max * value_based + -0.138970716387989 * polly_no_tiling * max + 1.59666313546579 * polly_parallel + 1.86807533629411 * none + -0.715218948761617 * polly_no_tiling * value_based + 15.3503481632994 * polly_no_tiling * value_based * min;13.0853434427037;13.0853434427037;13.0853434427037;13.0853434427037;65.228873;15;15.3503481632994 * polly_no_tiling * value_based * min;3;1.10611951246161;
10;9.79982327786133 * polly_vectorizer + 0.299504662490886 * max + 17.5255485640905 * memory_based + -0.134612257360202 * polly_no_tiling + 17.6188069644637 * max * value_based + -0.158505843001273 * polly_no_tiling * max + 0.357972823219645 * polly_parallel + 1.71445399996287 * none + 0.0798926455472892 * polly_no_tiling * value_based + 15.9681009207563 * polly_no_tiling * value_based * min + 2.49732422804277 * parallel;12.0556519997672;12.0556519997672;12.0556519997672;12.0556519997672;86.303132;16;2.49732422804277 * parallel;1;1.02969144293651;
11;9.14626267954801 * polly_vectorizer + 2.20489824953742 * max + 17.5022033563318 * memory_based + -0.19224729393471 * polly_no_tiling + 17.4407651540084 * max * value_based + -0.172988744869382 * polly_no_tiling * max + 0.200572317232445 * polly_parallel + -0.0123946536087891 * none + 0.134887721431993 * polly_no_tiling * value_based + 16.0672457297579 * polly_no_tiling * value_based * min + 2.43305311604593 * parallel + 2.95965621598258 * none * min;10.4084519502748;10.4084519502748;10.4084519502748;10.4084519502748;111.377615;18;2.95965621598258 * none * min;2;0.823600024746169;
12;8.57885068906198 * polly_vectorizer + 0.143572943530222 * max + 20.2190919085052 * memory_based + -0.0174637639764129 * polly_no_tiling + 20.1837711909742 * max * value_based + -0.141350442841665 * polly_no_tiling * max + -0.0452991399797716 * polly_parallel + -0.0374986992705659 * none + 0.0919624064735391 * polly_no_tiling * value_based + 16.0365664458586 * polly_no_tiling * value_based * min + 2.28566501824331 * parallel + 4.17874576138463 * none * min + -4.10400396234092 * none * min * memory_based;8.76630522031627;8.76630522031627;8.76630522031627;8.76630522031627;141.917145;21;-4.10400396234092 * none * min * memory_based;3;0.547382243319512;
Elapsed=00:02:21.9645114
average model: 
command: analyze-learning
Round, Model, LearningError, LearningErrorRel, ValidationError, ValidationErrorRel, ElapsedSeconds, ModelComplexity, BestCandidate, BestCandidateSize, BestCandidateScore, TestError
Models:
Termination reason: abortError
1;19.41812109375 * polly_vectorizer + 10.0723235998225 * max;42.6302078919732;42.6302078919732;42.6302078919732;42.6302078919732;0.457803;2;10.0723235998225 * max;1;1.79769313486232E+308;27.9168426848526
2;16.9074818745734 * polly_vectorizer + 7.79502576295731 * max + 8.390648043201 * memory_based;36.7259515847323;36.7259515847323;36.7259515847323;36.7259515847323;1.958221;3;8.390648043201 * memory_based;1;5.90425630724084;26.5454238333986
3;15.3074248010961 * polly_vectorizer + 6.9503044949895 * max + 7.77834068122131 * memory_based + 6.35818042810385 * polly_no_tiling;29.8626045041691;29.8626045041691;29.8626045041691;29.8626045041691;4.823349;4;6.35818042810385 * polly_no_tiling;1;6.86334708056322;21.6345290185462
4;13.7119128705363 * polly_vectorizer + -0.359119867155662 * max + 13.9031000206288 * memory_based + 5.51269977106601 * polly_no_tiling + 13.4650889997211 * max * value_based;24.2251556071967;24.2251556071967;24.2251556071967;24.2251556071967;9.18879;6;13.4650889997211 * max * value_based;2;2.81872444848623;18.118540285745
5;12.7827998797046 * polly_vectorizer + 3.4710596952921 * max + 13.0225665642061 * memory_based + 9.76481381584147 * polly_no_tiling + 12.7746714043286 * max * value_based + -9.03560872214047 * polly_no_tiling * max;20.4247634870736;20.4247634870736;20.4247634870736;20.4247634870736;14.926678;8;-9.03560872214047 * polly_no_tiling * max;2;1.90019606006153;14.3952791691706
6;11.5778220510846 * polly_vectorizer + 4.34840995081712 * max + 12.8565429909267 * memory_based + 9.44238020461725 * polly_no_tiling + 12.3774890926398 * max * value_based + -9.93851059099729 * polly_no_tiling * max + 2.24766620839311 * polly_parallel;18.8338209727815;18.8338209727815;18.8338209727815;18.8338209727815;22.339572;9;2.24766620839311 * polly_parallel;1;1.59094251429207;14.5179288701724
7;10.6214004595231 * polly_vectorizer + 4.33525862784035 * max + 12.7115780934571 * memory_based + 9.47617366643798 * polly_no_tiling + 12.3738393361839 * max * value_based + -9.781927231447 * polly_no_tiling * max + 2.17849362758312 * polly_parallel + 1.66321856049914 * none;17.7056087389112;17.7056087389112;17.7056087389112;17.7056087389112;33.340074;10;1.66321856049914 * none;1;1.12821223387034;14.2037775702376
8;10.1413480510704 * polly_vectorizer + 3.640114289003 * max + 15.2246757177256 * memory_based + 5.05229513229169 * polly_no_tiling + 11.7204192132288 * max * value_based + -8.31592263792365 * polly_no_tiling * max + 1.88664318902079 * polly_parallel + 1.73004402455649 * none + 7.1970464487776 * polly_no_tiling * value_based;16.4037019800885;16.4037019800885;16.4037019800885;16.4037019800885;47.975997;12;7.1970464487776 * polly_no_tiling * value_based;2;0.65095337941136;12.172388497496
9;9.59777828755807 * polly_vectorizer + 0.113144346555032 * max + 17.814856316896 * memory_based + 0.479575815378142 * polly_no_tiling + 17.8716814955033 * max * value_based + -0.138970716387989 * polly_no_tiling * max + 1.59666313546579 * polly_parallel + 1.86807533629411 * none + -0.715218948761617 * polly_no_tiling * value_based + 15.3503481632994 * polly_no_tiling * value_based * min;13.0853434427037;13.0853434427037;13.0853434427037;13.0853434427037;65.228873;15;15.3503481632994 * polly_no_tiling * value_based * min;3;1.10611951246161;8.32858177555413
10;9.79982327786133 * polly_vectorizer + 0.299504662490886 * max + 17.5255485640905 * memory_based + -0.134612257360202 * polly_no_tiling + 17.6188069644637 * max * value_based + -0.158505843001273 * polly_no_tiling * max + 0.357972823219645 * polly_parallel + 1.71445399996287 * none + 0.0798926455472892 * polly_no_tiling * value_based + 15.9681009207563 * polly_no_tiling * value_based * min + 2.49732422804277 * parallel;12.0556519997672;12.0556519997672;12.0556519997672;12.0556519997672;86.303132;16;2.49732422804277 * parallel;1;1.02969144293651;7.50155682589068
11;9.14626267954801 * polly_vectorizer + 2.20489824953742 * max + 17.5022033563318 * memory_based + -0.19224729393471 * polly_no_tiling + 17.4407651540084 * max * value_based + -0.172988744869382 * polly_no_tiling * max + 0.200572317232445 * polly_parallel + -0.0123946536087891 * none + 0.134887721431993 * polly_no_tiling * value_based + 16.0672457297579 * polly_no_tiling * value_based * min + 2.43305311604593 * parallel + 2.95965621598258 * none * min;10.4084519502748;10.4084519502748;10.4084519502748;10.4084519502748;111.377615;18;2.95965621598258 * none * min;2;0.823600024746169;6.41775028104305
12;8.57885068906198 * polly_vectorizer + 0.143572943530222 * max + 20.2190919085052 * memory_based + -0.0174637639764129 * polly_no_tiling + 20.1837711909742 * max * value_based + -0.141350442841665 * polly_no_tiling * max + -0.0452991399797716 * polly_parallel + -0.0374986992705659 * none + 0.0919624064735391 * polly_no_tiling * value_based + 16.0365664458586 * polly_no_tiling * value_based * min + 2.28566501824331 * parallel + 4.17874576138463 * none * min + -4.10400396234092 * none * min * memory_based;8.76630522031627;8.76630522031627;8.76630522031627;8.76630522031627;141.917145;21;-4.10400396234092 * none * min * memory_based;3;0.547382243319512;4.69437950722263
Analyze finished
command: measurementstocsv /scratch/kaltenec/Distribution-Aware-Sampling/Results_opt/Polly_disc/Polly_disc_77/sampledConfigurations_solv_2.csv
command: clean-sampling
command: clean-global
