Current machine learning settings: epsilon:0 lossFunction:RELATIVE parallelization:True bagging:False baggingNumbers:3 considerEpsilonTube:False baggingTestDataFraction:50 useBackward:False abortError:1 limitFeatureSize:False featureSizeTreshold:4 quadraticFunctionSupport:True crossValidation:False crossValidation-k:5 learn-logFunction:False learn-accumulatedLogFunction:False learn-asymFunction:False learn-ratioFunction:False learn-mirrowedFunction:False numberOfRounds:70 backwardErrorDelta:1 minImprovementPerRound:0.1 withHierarchy:False bruteForceCandidates:False ignoreBadFeatures:False stopOnLongRound:True candidateSizePenalty:True learnTimeLimit:00:00:00 scoreMeasure:RELERROR outputRoundsToStdout:False blacklisted: 
command: mlsettings bagging:False stopOnLongRound:False parallelization:True lossFunction:RELATIVE useBackward:False abortError:10 limitFeatureSize:False featureSizeTreshold:7 quadraticFunctionSupport:True crossValidation:False learn_logFunction:True numberOfRounds:70 backwardErrorDelta:1 minImprovementPerRound:0.25 withHierarchy:False
Current machine learning settings: epsilon:0 lossFunction:RELATIVE parallelization:True bagging:False baggingNumbers:3 considerEpsilonTube:False baggingTestDataFraction:50 useBackward:False abortError:10 limitFeatureSize:False featureSizeTreshold:7 quadraticFunctionSupport:True crossValidation:False crossValidation-k:5 learn-logFunction:True learn-accumulatedLogFunction:False learn-asymFunction:False learn-ratioFunction:False learn-mirrowedFunction:False numberOfRounds:70 backwardErrorDelta:1 minImprovementPerRound:0.25 withHierarchy:False bruteForceCandidates:False ignoreBadFeatures:False stopOnLongRound:False candidateSizePenalty:True learnTimeLimit:00:00:00 scoreMeasure:RELERROR outputRoundsToStdout:False blacklisted: 
command: solver z3
command: vm /scratch/kaltenec/Distribution-Aware-Sampling/DistOut/ConstraintData/Dune_disc/FeatureModel.xml
Warning: Variability model contains outdated notation. Children nodes will no longer have effect on the model. Instead use the parent node to describe the parent of an configuration option. You can also use the converter providedby the Variability Model GUI in export>convert legacy model.
Warning: Default value nodes in models are no longer used and should be removed. You can also use the converter provided by the Variability Model GUI in export>convert legacy model to update your model.
command: all /scratch/kaltenec/Distribution-Aware-Sampling/DistOut/ConstraintData/Dune_disc/measurements.xml
Configs with too large deviation: 0
2304 configurations loaded.
command: nfp Performance
command: binary satoutput henard:true numConfigs:265 seed:67
command: learn-splconqueror
Learning: NumberOfConfigurationsLearning:265 NumberOfConfigurationsValidation:265
Learning progress:
1;11913.9224782727 * Precon + 17717.6757360131 * cells_53;30.3336078873326;30.3336078873326;30.3336078873326;30.3336078873326;0.028916;2;17717.6757360131 * cells_53;1;1.79769313486232E+308;
2;9963.72794642859 * Precon + 13175.4504972875 * cells_53 + 6492.41977056962 * post_0;22.8079564691531;22.8079564691531;22.8079564691531;22.8079564691531;0.087256;3;6492.41977056962 * post_0;1;7.52565141817945;
3;9381.83366361537 * Precon + 13627.2165227628 * cells_53 + 6622.5480279076 * post_0 + 2379.30106750299 * cells_54;21.4584547960911;21.4584547960911;21.4584547960911;21.4584547960911;0.200321;4;2379.30106750299 * cells_54;1;1.34950167306205;
4;9394.89288305206 * Precon + 8586.17644215029 * cells_53 + 3539.48397256087 * post_0 + 2325.90337025073 * cells_54 + 16222.0898330449 * post_0 * pre_1;18.718217552535;18.718217552535;18.718217552535;18.718217552535;0.381562;6;16222.0898330449 * post_0 * pre_1;2;1.37011862177801;
5;9619.9074378494 * Precon + 8582.37817411981 * cells_53 + 3318.14991004125 * post_0 + 2306.28389274932 * cells_54 + 16222.3253845507 * post_0 * pre_1 + -2251.10008861906 * post_6;17.6998014787629;17.6998014787629;17.6998014787629;17.6998014787629;0.641559;7;-2251.10008861906 * post_6;1;1.01841607377213;
6;18267.5536258556 * Precon + 1808.5500034481 * cells_53 + 1787.74636398595 * post_0 + -5932.71995454509 * cells_54 + 15535.4964419921 * post_0 * pre_1 + -2126.60019467027 * post_6 + -8924.47243471516 * cells_50;16.9231338164578;16.9231338164578;16.9231338164578;16.9231338164578;0.990193;8;-8924.47243471516 * cells_50;1;0.776667662305076;
7;17642.6766629691 * Precon + 2392.13936411253 * cells_53 + 1818.35397473599 * post_0 + -5890.22131298634 * cells_54 + 15556.8564249361 * post_0 * pre_1 + -2119.11515830788 * post_6 + -8905.15554307089 * cells_50 + 1185.84706979767 * SeqSOR;15.9446633661298;15.9446633661298;15.9446633661298;15.9446633661298;1.533553;9;1185.84706979767 * SeqSOR;1;0.978470450328;
8;15866.4741070113 * Precon + -2209.97615896201 * cells_53 + 2213.97377703438 * post_0 + -4470.1241878203 * cells_54 + 4453.44993871829 * post_0 * pre_1 + -2151.82777389969 * post_6 + -7045.78850086022 * cells_50 + 1280.17440271774 * SeqSOR + 23068.8030396859 * post_0 * pre_1 * CGSolver;13.6735209001075;13.6735209001075;13.6735209001075;13.6735209001075;2.233728;12;23068.8030396859 * post_0 * pre_1 * CGSolver;3;0.757047488674123;
9;15724.6475507949 * Precon + -2495.27628734626 * cells_53 + 2936.03291416113 * post_0 + -4496.57786149446 * cells_54 + 4667.19012745837 * post_0 * pre_1 + -2159.57150581922 * post_6 + -6851.75329154258 * cells_50 + 1289.23961946161 * SeqSOR + 22265.1979458936 * post_0 * pre_1 * CGSolver + -3762.90030320557 * post_0 * LoopSolver;12.5811302839182;12.5811302839182;12.5811302839182;12.5811302839182;3.056254;14;-3762.90030320557 * post_0 * LoopSolver;2;0.546195308094649;
10;15205.4517125192 * Precon + -2566.86910535854 * cells_53 + 2009.5115329892 * post_0 + -4094.49699735641 * cells_54 + 5424.82940733945 * post_0 * pre_1 + -2170.91670757662 * post_6 + -6275.40345585086 * cells_50 + 1275.0749043905 * SeqSOR + 20903.6794208797 * post_0 * pre_1 * CGSolver + -2912.34905394112 * post_0 * LoopSolver + 1819.24966002627 * post_0 * CGSolver;11.6596385573974;11.6596385573974;11.6596385573974;11.6596385573974;4.121524;16;1819.24966002627 * post_0 * CGSolver;2;0.460745863260392;
11;15367.289861191 * Precon + -2552.10992990301 * cells_53 + 1765.72897585617 * post_0 + -4159.44306871009 * cells_54 + 5440.36041819313 * post_0 * pre_1 + -2397.00911056649 * post_6 + -6182.69260138467 * cells_50 + 1288.23144890312 * SeqSOR + 20890.2271671324 * post_0 * pre_1 * CGSolver + -2918.66808025776 * post_0 * LoopSolver + 1885.39551447878 * post_0 * CGSolver + -2447.39523949485 * post_5;11.3327972498348;11.3327972498348;11.3327972498348;11.3327972498348;5.401206;17;-2447.39523949485 * post_5;1;0.326841307562578;
12;14912.2811081232 * Precon + -2603.421689942 * cells_53 + 2141.47175476686 * post_0 + -3807.08730841432 * cells_54 + 5486.75269937446 * post_0 * pre_1 + -2613.59104163802 * post_6 + -5832.54272275887 * cells_50 + 709.802927472768 * SeqSOR + 20836.6078774949 * post_0 * pre_1 * CGSolver + -2856.94378151924 * post_0 * LoopSolver + 2019.58675290295 * post_0 * CGSolver + -2400.28713458255 * post_5 + 5491.48383271867 * SeqSOR * pre_0;10.3367261171881;10.3367261171881;10.3367261171881;10.3367261171881;6.8566;19;5491.48383271867 * SeqSOR * pre_0;2;0.498035566323342;
13;14303.6694443083 * Precon + -2277.22177434744 * cells_53 + 2257.79842832095 * post_0 + -3253.52572972485 * cells_54 + 5522.17365793616 * post_0 * pre_1 + -1937.18076472142 * post_6 + -5336.24302165507 * cells_50 + 709.77034388611 * SeqSOR + 20847.1305690169 * post_0 * pre_1 * CGSolver + -2795.10238020569 * post_0 * LoopSolver + 2162.70000252746 * post_0 * CGSolver + -1945.69112200551 * post_5 + 300.221875837804 * SeqSOR * pre_0 + 12127.9314244063 * SeqSOR * pre_0 * post_1;8.55888729110129;8.55888729110129;8.55888729110129;8.55888729110129;8.562842;22;12127.9314244063 * SeqSOR * pre_0 * post_1;3;0.592612942028942;
Elapsed=00:00:08.5660603
average model: 
command: analyze-learning
Round, Model, LearningError, LearningErrorRel, ValidationError, ValidationErrorRel, ElapsedSeconds, ModelComplexity, BestCandidate, BestCandidateSize, BestCandidateScore, TestError
Models:
Termination reason: abortError
1;11913.9224782727 * Precon + 17717.6757360131 * cells_53;30.3336078873326;30.3336078873326;30.3336078873326;30.3336078873326;0.028916;2;17717.6757360131 * cells_53;1;1.79769313486232E+308;52.6655897221012
2;9963.72794642859 * Precon + 13175.4504972875 * cells_53 + 6492.41977056962 * post_0;22.8079564691531;22.8079564691531;22.8079564691531;22.8079564691531;0.087256;3;6492.41977056962 * post_0;1;7.52565141817945;35.7758998531707
3;9381.83366361537 * Precon + 13627.2165227628 * cells_53 + 6622.5480279076 * post_0 + 2379.30106750299 * cells_54;21.4584547960911;21.4584547960911;21.4584547960911;21.4584547960911;0.200321;4;2379.30106750299 * cells_54;1;1.34950167306205;35.3335786048312
4;9394.89288305206 * Precon + 8586.17644215029 * cells_53 + 3539.48397256087 * post_0 + 2325.90337025073 * cells_54 + 16222.0898330449 * post_0 * pre_1;18.718217552535;18.718217552535;18.718217552535;18.718217552535;0.381562;6;16222.0898330449 * post_0 * pre_1;2;1.37011862177801;26.509804425517
5;9619.9074378494 * Precon + 8582.37817411981 * cells_53 + 3318.14991004125 * post_0 + 2306.28389274932 * cells_54 + 16222.3253845507 * post_0 * pre_1 + -2251.10008861906 * post_6;17.6998014787629;17.6998014787629;17.6998014787629;17.6998014787629;0.641559;7;-2251.10008861906 * post_6;1;1.01841607377213;25.221456459834
6;18267.5536258556 * Precon + 1808.5500034481 * cells_53 + 1787.74636398595 * post_0 + -5932.71995454509 * cells_54 + 15535.4964419921 * post_0 * pre_1 + -2126.60019467027 * post_6 + -8924.47243471516 * cells_50;16.9231338164578;16.9231338164578;16.9231338164578;16.9231338164578;0.990193;8;-8924.47243471516 * cells_50;1;0.776667662305076;61.801305210654
7;17642.6766629691 * Precon + 2392.13936411253 * cells_53 + 1818.35397473599 * post_0 + -5890.22131298634 * cells_54 + 15556.8564249361 * post_0 * pre_1 + -2119.11515830788 * post_6 + -8905.15554307089 * cells_50 + 1185.84706979767 * SeqSOR;15.9446633661298;15.9446633661298;15.9446633661298;15.9446633661298;1.533553;9;1185.84706979767 * SeqSOR;1;0.978470450328;62.0844939583526
8;15866.4741070113 * Precon + -2209.97615896201 * cells_53 + 2213.97377703438 * post_0 + -4470.1241878203 * cells_54 + 4453.44993871829 * post_0 * pre_1 + -2151.82777389969 * post_6 + -7045.78850086022 * cells_50 + 1280.17440271774 * SeqSOR + 23068.8030396859 * post_0 * pre_1 * CGSolver;13.6735209001075;13.6735209001075;13.6735209001075;13.6735209001075;2.233728;12;23068.8030396859 * post_0 * pre_1 * CGSolver;3;0.757047488674123;42.9695648070273
9;15724.6475507949 * Precon + -2495.27628734626 * cells_53 + 2936.03291416113 * post_0 + -4496.57786149446 * cells_54 + 4667.19012745837 * post_0 * pre_1 + -2159.57150581922 * post_6 + -6851.75329154258 * cells_50 + 1289.23961946161 * SeqSOR + 22265.1979458936 * post_0 * pre_1 * CGSolver + -3762.90030320557 * post_0 * LoopSolver;12.5811302839182;12.5811302839182;12.5811302839182;12.5811302839182;3.056254;14;-3762.90030320557 * post_0 * LoopSolver;2;0.546195308094649;41.2968277372491
10;15205.4517125192 * Precon + -2566.86910535854 * cells_53 + 2009.5115329892 * post_0 + -4094.49699735641 * cells_54 + 5424.82940733945 * post_0 * pre_1 + -2170.91670757662 * post_6 + -6275.40345585086 * cells_50 + 1275.0749043905 * SeqSOR + 20903.6794208797 * post_0 * pre_1 * CGSolver + -2912.34905394112 * post_0 * LoopSolver + 1819.24966002627 * post_0 * CGSolver;11.6596385573974;11.6596385573974;11.6596385573974;11.6596385573974;4.121524;16;1819.24966002627 * post_0 * CGSolver;2;0.460745863260392;37.4699133762292
11;15367.289861191 * Precon + -2552.10992990301 * cells_53 + 1765.72897585617 * post_0 + -4159.44306871009 * cells_54 + 5440.36041819313 * post_0 * pre_1 + -2397.00911056649 * post_6 + -6182.69260138467 * cells_50 + 1288.23144890312 * SeqSOR + 20890.2271671324 * post_0 * pre_1 * CGSolver + -2918.66808025776 * post_0 * LoopSolver + 1885.39551447878 * post_0 * CGSolver + -2447.39523949485 * post_5;11.3327972498348;11.3327972498348;11.3327972498348;11.3327972498348;5.401206;17;-2447.39523949485 * post_5;1;0.326841307562578;35.3999547845483
12;14912.2811081232 * Precon + -2603.421689942 * cells_53 + 2141.47175476686 * post_0 + -3807.08730841432 * cells_54 + 5486.75269937446 * post_0 * pre_1 + -2613.59104163802 * post_6 + -5832.54272275887 * cells_50 + 709.802927472768 * SeqSOR + 20836.6078774949 * post_0 * pre_1 * CGSolver + -2856.94378151924 * post_0 * LoopSolver + 2019.58675290295 * post_0 * CGSolver + -2400.28713458255 * post_5 + 5491.48383271867 * SeqSOR * pre_0;10.3367261171881;10.3367261171881;10.3367261171881;10.3367261171881;6.8566;19;5491.48383271867 * SeqSOR * pre_0;2;0.498035566323342;32.732121143994
13;14303.6694443083 * Precon + -2277.22177434744 * cells_53 + 2257.79842832095 * post_0 + -3253.52572972485 * cells_54 + 5522.17365793616 * post_0 * pre_1 + -1937.18076472142 * post_6 + -5336.24302165507 * cells_50 + 709.77034388611 * SeqSOR + 20847.1305690169 * post_0 * pre_1 * CGSolver + -2795.10238020569 * post_0 * LoopSolver + 2162.70000252746 * post_0 * CGSolver + -1945.69112200551 * post_5 + 300.221875837804 * SeqSOR * pre_0 + 12127.9314244063 * SeqSOR * pre_0 * post_1;8.55888729110129;8.55888729110129;8.55888729110129;8.55888729110129;8.562842;22;12127.9314244063 * SeqSOR * pre_0 * post_1;3;0.592612942028942;28.0615538539298
Analyze finished
command: clean-sampling
command: clean-global
