Current machine learning settings: epsilon:0 lossFunction:RELATIVE parallelization:True bagging:False baggingNumbers:3 considerEpsilonTube:False baggingTestDataFraction:50 useBackward:False abortError:1 limitFeatureSize:False featureSizeTreshold:4 quadraticFunctionSupport:True crossValidation:False crossValidation-k:5 learn-logFunction:False learn-accumulatedLogFunction:False learn-asymFunction:False learn-ratioFunction:False learn-mirrowedFunction:False numberOfRounds:70 backwardErrorDelta:1 minImprovementPerRound:0.1 withHierarchy:False bruteForceCandidates:False ignoreBadFeatures:False stopOnLongRound:True candidateSizePenalty:True learnTimeLimit:00:00:00 scoreMeasure:RELERROR outputRoundsToStdout:False blacklisted: 
command: mlsettings bagging:False stopOnLongRound:False parallelization:True lossFunction:RELATIVE useBackward:False abortError:10 limitFeatureSize:False featureSizeTreshold:7 quadraticFunctionSupport:True crossValidation:False learn_logFunction:True numberOfRounds:70 backwardErrorDelta:1 minImprovementPerRound:0.25 withHierarchy:False
Current machine learning settings: epsilon:0 lossFunction:RELATIVE parallelization:True bagging:False baggingNumbers:3 considerEpsilonTube:False baggingTestDataFraction:50 useBackward:False abortError:10 limitFeatureSize:False featureSizeTreshold:7 quadraticFunctionSupport:True crossValidation:False crossValidation-k:5 learn-logFunction:True learn-accumulatedLogFunction:False learn-asymFunction:False learn-ratioFunction:False learn-mirrowedFunction:False numberOfRounds:70 backwardErrorDelta:1 minImprovementPerRound:0.25 withHierarchy:False bruteForceCandidates:False ignoreBadFeatures:False stopOnLongRound:False candidateSizePenalty:True learnTimeLimit:00:00:00 scoreMeasure:RELERROR outputRoundsToStdout:False blacklisted: 
command: solver z3
command: vm /scratch/kaltenec/Distribution-Aware-Sampling/DistOut/ConstraintData/lrzip/FeatureModel.xml
Warning: Variability model contains outdated notation. Children nodes will no longer have effect on the model. Instead use the parent node to describe the parent of an configuration option. You can also use the converter providedby the Variability Model GUI in export>convert legacy model.
Warning: Default value nodes in models are no longer used and should be removed. You can also use the converter provided by the Variability Model GUI in export>convert legacy model to update your model.
command: all /scratch/kaltenec/Distribution-Aware-Sampling/DistOut/ConstraintData/lrzip/measurements.xml
Configs with too large deviation: 0
432 configurations loaded.
command: nfp Performance
command: hybrid distribution-aware distance-metric:manhattan distribution:uniform onlyBinary:true selection:SolverSelection optimization:None numConfigs:181 seed:91
command: learn-splconqueror
Learning: NumberOfConfigurationsLearning:181 NumberOfConfigurationsValidation:181
Learning progress:
1;561738.743421053 * level + -159338.743421053 * level6;490.966684712393;490.966684712393;490.966684712393;490.966684712393;0.017159;2;-159338.743421053 * level6;1;1.79769313486232E+308;
2;229375.778513219 * level + -134394.666947238 * level6 + 2971715.92152887 * compressionZpaq;172.569779107316;172.569779107316;172.569779107316;172.569779107316;0.051999;3;2971715.92152887 * compressionZpaq;1;318.396905605077;
3;69779.3956794685 * level + -154319.142055937 * level6 + 2872170.43573833 * compressionZpaq + 262130.539890599 * compression;109.171257311856;109.171257311856;109.171257311856;109.171257311856;0.110461;4;262130.539890599 * compression;1;63.39852179546;
4;69874.9425901684 * level + -155047.687250041 * level6 + 2822069.11924714 * compressionZpaq + 312245.591250201 * compression + -294585.059619774 * compressionLzo;85.1717721442668;85.1717721442668;85.1717721442668;85.1717721442668;0.233058;5;-294585.059619774 * compressionLzo;1;23.9994851675893;
5;56274.154936025 * level + -51341.6813871929 * level6 + 1986599.85168939 * compressionZpaq + 307104.329652022 * compression + -294144.0702256 * compressionLzo + 3354621.66372257 * compressionZpaq * level8;56.2242565056818;56.2242565056818;56.2242565056818;56.2242565056818;0.41162;7;3354621.66372257 * compressionZpaq * level8;2;14.4737578192925;
6;58459.6483052646 * level + -68006.0683276477 * level6 + 2131152.60248464 * compressionZpaq + 163698.962875625 * compression + -149983.422652479 * compressionLzo + 3351288.78633447 * compressionZpaq * level8 + 427543.40346075 * compressionLrzip;46.6755559033057;46.6755559033057;46.6755559033057;46.6755559033057;0.60182;8;427543.40346075 * compressionLrzip;1;9.54870060237602;
7;50606.2849199674 * level + -8124.17251475099 * level6 + 2128975.07900054 * compressionZpaq + 161753.470582446 * compression + -150751.960352752 * compressionLzo + 3363265.16549705 * compressionZpaq * level8 + 490007.517224863 * compressionLrzip + -305653.100212526 * level6 * compressionLrzip;36.2310947792501;36.2310947792501;36.2310947792501;36.2310947792501;0.845964;10;-305653.100212526 * level6 * compressionLrzip;2;5.2222305620278;
8;50811.2592425099 * level + -9687.10172413347 * level6 + 2199593.35508621 * compressionZpaq + 91242.8060161108 * compression + -80170.4590720092 * compressionLzo + 3362952.57965517 * compressionZpaq * level8 + 560313.20746865 * compressionLrzip + -304090.171003145 * level6 * compressionLrzip + 110882.266465516 * compressionBzip2;30.9110785242577;30.9110785242577;30.9110785242577;30.9110785242577;1.139114;11;110882.266465516 * compressionBzip2;1;5.32001625499242;
9;50811.2592425088 * level + -9687.10172413179 * level6 + 2199593.3550862 * compressionZpaq + 91242.8060161127 * compression + -80170.459072008 * compressionLzo + 3362952.57965517 * compressionZpaq * level8 + 419185.346506086 * compressionLrzip + -162962.310040572 * level6 * compressionLrzip + 110882.266465517 * compressionBzip2 + 620962.588235294 * compressionLrzip * level8;27.4603858738746;27.4603858738746;27.4603858738746;27.4603858738746;1.503176;13;620962.588235294 * compressionLrzip * level8;2;1.72534632519157;
10;50811.2592425095 * level + -9687.1017241308 * level6 + 2199593.35508621 * compressionZpaq + 91242.8060161118 * compression + -80170.4590720114 * compressionLzo + 3362952.57965517 * compressionZpaq * level8 + 263951.319356764 * compressionLrzip + -7728.28289125289 * level6 * compressionLrzip + 110882.266465516 * compressionBzip2 + 776196.615384617 * compressionLrzip * level8 + 659744.615384613 * compressionLrzip * level7;23.5315758412529;23.5315758412529;23.5315758412529;23.5315758412529;1.937138;15;659744.615384613 * compressionLrzip * level7;2;1.96440501631084;
11;50811.2592425101 * level + -9687.10172413482 * level6 + 2199593.35508621 * compressionZpaq + 91242.8060161097 * compression + -80170.4590720063 * compressionLzo + 3362952.57965518 * compressionZpaq * level8 + 136551.93474138 * compressionLrzip + 119671.101724137 * level6 * compressionLrzip + 110882.266465518 * compressionBzip2 + 903596.000000003 * compressionLrzip * level8 + 787144.000000002 * compressionLrzip * level7 + 552064.000000004 * compressionLrzip * level9;20.8588178758543;20.8588178758543;20.8588178758543;20.8588178758543;2.443317;17;552064.000000004 * compressionLrzip * level9;2;1.33637898269931;
12;49518.3411908726 * level + 171.398419602119 * level6 + 2214991.37642961 * compressionZpaq + 91056.9490461882 * compression + -80431.4193699325 * compressionLzo + 3349033.33333333 * compressionZpaq * level8 + 138030.70976294 * compressionLrzip + 109812.601580391 * level6 * compressionLrzip + 110671.012891008 * compressionBzip2 + 903595.999999999 * compressionLrzip * level8 + 787144.000000005 * compressionLrzip * level7 + 552064.000000002 * compressionLrzip * level9 + -79454.731752941 * level6 * compressionZpaq;20.3618093364306;20.3618093364306;20.3618093364306;20.3618093364306;3.062162;19;-79454.731752941 * level6 * compressionZpaq;2;0.248504269711811;
Elapsed=00:00:03.0640598
average model: 
command: analyze-learning
Round, Model, LearningError, LearningErrorRel, ValidationError, ValidationErrorRel, ElapsedSeconds, ModelComplexity, BestCandidate, BestCandidateSize, BestCandidateScore, TestError
Models:
Termination reason: minImprovementPerRound
1;561738.743421053 * level + -159338.743421053 * level6;490.966684712393;490.966684712393;490.966684712393;490.966684712393;0.017159;2;-159338.743421053 * level6;1;1.79769313486232E+308;419.623952119608
2;229375.778513219 * level + -134394.666947238 * level6 + 2971715.92152887 * compressionZpaq;172.569779107316;172.569779107316;172.569779107316;172.569779107316;0.051999;3;2971715.92152887 * compressionZpaq;1;318.396905605077;154.43051485467
3;69779.3956794685 * level + -154319.142055937 * level6 + 2872170.43573833 * compressionZpaq + 262130.539890599 * compression;109.171257311856;109.171257311856;109.171257311856;109.171257311856;0.110461;4;262130.539890599 * compression;1;63.39852179546;156.029117624661
4;69874.9425901684 * level + -155047.687250041 * level6 + 2822069.11924714 * compressionZpaq + 312245.591250201 * compression + -294585.059619774 * compressionLzo;85.1717721442668;85.1717721442668;85.1717721442668;85.1717721442668;0.233058;5;-294585.059619774 * compressionLzo;1;23.9994851675893;102.056724662151
5;56274.154936025 * level + -51341.6813871929 * level6 + 1986599.85168939 * compressionZpaq + 307104.329652022 * compression + -294144.0702256 * compressionLzo + 3354621.66372257 * compressionZpaq * level8;56.2242565056818;56.2242565056818;56.2242565056818;56.2242565056818;0.41162;7;3354621.66372257 * compressionZpaq * level8;2;14.4737578192925;73.769572052076
6;58459.6483052646 * level + -68006.0683276477 * level6 + 2131152.60248464 * compressionZpaq + 163698.962875625 * compression + -149983.422652479 * compressionLzo + 3351288.78633447 * compressionZpaq * level8 + 427543.40346075 * compressionLrzip;46.6755559033057;46.6755559033057;46.6755559033057;46.6755559033057;0.60182;8;427543.40346075 * compressionLrzip;1;9.54870060237602;58.5820967248808
7;50606.2849199674 * level + -8124.17251475099 * level6 + 2128975.07900054 * compressionZpaq + 161753.470582446 * compression + -150751.960352752 * compressionLzo + 3363265.16549705 * compressionZpaq * level8 + 490007.517224863 * compressionLrzip + -305653.100212526 * level6 * compressionLrzip;36.2310947792501;36.2310947792501;36.2310947792501;36.2310947792501;0.845964;10;-305653.100212526 * level6 * compressionLrzip;2;5.2222305620278;51.5518548929508
8;50811.2592425099 * level + -9687.10172413347 * level6 + 2199593.35508621 * compressionZpaq + 91242.8060161108 * compression + -80170.4590720092 * compressionLzo + 3362952.57965517 * compressionZpaq * level8 + 560313.20746865 * compressionLrzip + -304090.171003145 * level6 * compressionLrzip + 110882.266465516 * compressionBzip2;30.9110785242577;30.9110785242577;30.9110785242577;30.9110785242577;1.139114;11;110882.266465516 * compressionBzip2;1;5.32001625499242;43.1640664508896
9;50811.2592425088 * level + -9687.10172413179 * level6 + 2199593.3550862 * compressionZpaq + 91242.8060161127 * compression + -80170.459072008 * compressionLzo + 3362952.57965517 * compressionZpaq * level8 + 419185.346506086 * compressionLrzip + -162962.310040572 * level6 * compressionLrzip + 110882.266465517 * compressionBzip2 + 620962.588235294 * compressionLrzip * level8;27.4603858738746;27.4603858738746;27.4603858738746;27.4603858738746;1.503176;13;620962.588235294 * compressionLrzip * level8;2;1.72534632519157;38.1309478671347
10;50811.2592425095 * level + -9687.1017241308 * level6 + 2199593.35508621 * compressionZpaq + 91242.8060161118 * compression + -80170.4590720114 * compressionLzo + 3362952.57965517 * compressionZpaq * level8 + 263951.319356764 * compressionLrzip + -7728.28289125289 * level6 * compressionLrzip + 110882.266465516 * compressionBzip2 + 776196.615384617 * compressionLrzip * level8 + 659744.615384613 * compressionLrzip * level7;23.5315758412529;23.5315758412529;23.5315758412529;23.5315758412529;1.937138;15;659744.615384613 * compressionLrzip * level7;2;1.96440501631084;32.2765823078514
11;50811.2592425101 * level + -9687.10172413482 * level6 + 2199593.35508621 * compressionZpaq + 91242.8060161097 * compression + -80170.4590720063 * compressionLzo + 3362952.57965518 * compressionZpaq * level8 + 136551.93474138 * compressionLrzip + 119671.101724137 * level6 * compressionLrzip + 110882.266465518 * compressionBzip2 + 903596.000000003 * compressionLrzip * level8 + 787144.000000002 * compressionLrzip * level7 + 552064.000000004 * compressionLrzip * level9;20.8588178758543;20.8588178758543;20.8588178758543;20.8588178758543;2.443317;17;552064.000000004 * compressionLrzip * level9;2;1.33637898269931;28.5216422554697
12;49518.3411908726 * level + 171.398419602119 * level6 + 2214991.37642961 * compressionZpaq + 91056.9490461882 * compression + -80431.4193699325 * compressionLzo + 3349033.33333333 * compressionZpaq * level8 + 138030.70976294 * compressionLrzip + 109812.601580391 * level6 * compressionLrzip + 110671.012891008 * compressionBzip2 + 903595.999999999 * compressionLrzip * level8 + 787144.000000005 * compressionLrzip * level7 + 552064.000000002 * compressionLrzip * level9 + -79454.731752941 * level6 * compressionZpaq;20.3618093364306;20.3618093364306;20.3618093364306;20.3618093364306;3.062162;19;-79454.731752941 * level6 * compressionZpaq;2;0.248504269711811;28.1940307260024
Analyze finished
command: printconfigs /scratch/kaltenec/Distribution-Aware-Sampling/Results_newTry/lrzip/lrzip_91/sampledConfigurations_solv_2.csv
command: clean-sampling
command: clean-global
