Current machine learning settings: epsilon:0 lossFunction:RELATIVE parallelization:True bagging:False baggingNumbers:3 baggingTestDataFraction:50 useBackward:False abortError:1 limitFeatureSize:False featureSizeTreshold:4 quadraticFunctionSupport:True crossValidation:False crossValidation-k:5 learn-logFunction:False learn-accumulatedLogFunction:False learn-asymFunction:False learn-ratioFunction:False learn-mirrowedFunction:False numberOfRounds:70 backwardErrorDelta:1 minImprovementPerRound:0.1 withHierarchy:False bruteForceCandidates:False ignoreBadFeatures:False stopOnLongRound:True candidateSizePenalty:True learnTimeLimit:00:00:00 scoreMeasure:RELERROR outputRoundsToStdout:False blacklisted: 
command: mlsettings bagging:False stopOnLongRound:False parallelization:True lossFunction:RELATIVE useBackward:False abortError:10 limitFeatureSize:False featureSizeTreshold:7 quadraticFunctionSupport:True crossValidation:False learn_logFunction:True numberOfRounds:70 backwardErrorDelta:1 minImprovementPerRound:0.25 withHierarchy:False
Current machine learning settings: epsilon:0 lossFunction:RELATIVE parallelization:True bagging:False baggingNumbers:3 baggingTestDataFraction:50 useBackward:False abortError:10 limitFeatureSize:False featureSizeTreshold:7 quadraticFunctionSupport:True crossValidation:False crossValidation-k:5 learn-logFunction:True learn-accumulatedLogFunction:False learn-asymFunction:False learn-ratioFunction:False learn-mirrowedFunction:False numberOfRounds:70 backwardErrorDelta:1 minImprovementPerRound:0.25 withHierarchy:False bruteForceCandidates:False ignoreBadFeatures:False stopOnLongRound:False candidateSizePenalty:True learnTimeLimit:00:00:00 scoreMeasure:RELERROR outputRoundsToStdout:False blacklisted: 
command: solver z3
command: vm /scratch/kaltenec/Distribution-Aware-Sampling/DistOut/ConstraintData/VP9_disc/FeatureModel.xml
command: all /scratch/kaltenec/Distribution-Aware-Sampling/DistOut/ConstraintData/VP9_disc/measurements.xml
Configs with too large deviation: 0
216000 configurations loaded.
command: nfp Performance
command: binary satoutput numConfigs:31 seed:69
command: learn-splconqueror
Learning: NumberOfConfigurationsLearning:31 NumberOfConfigurationsValidation:31
Learning progress:
1;30.3095652173913 * Quality + 8.52793478260869 * AutoAltRef;110.459481188136;110.459481188136;110.459481188136;110.459481188136;0.140466;2;8.52793478260869 * AutoAltRef;1;1.79769313486232E+308;
2;4.74750000000003 * Quality + 3.14644736842104 * AutoAltRef + 30.943552631579 * cpuUsed_0;28.5957130413326;28.5957130413326;28.5957130413326;28.5957130413326;0.163007;3;30.943552631579 * cpuUsed_0;1;81.8637681468038;
3;19.9914682539683 * Quality + 1.94297619047618 * AutoAltRef + 24.5250396825397 * cpuUsed_0 + -15.2439682539683 * good;19.4828466707083;19.4828466707083;19.4828466707083;19.4828466707083;0.209684;4;-15.2439682539683 * good;1;9.11286637062425;
4;18.5506349206349 * Quality + 1.94297619047617 * AutoAltRef + 25.965873015873 * cpuUsed_0 + -15.2439682539683 * good + 5.76333333333332 * cpuUsed_2;14.8517612311358;14.8517612311358;14.8517612311358;14.8517612311358;0.281972;5;5.76333333333332 * cpuUsed_2;1;4.6310854395725;
5;17.887676130389 * Quality + -0.642563091482638 * AutoAltRef + 12.1763301787592 * cpuUsed_0 + -14.5810094637224 * good + 5.76333333333333 * cpuUsed_2 + 16.7065615141956 * cpuUsed_0 * TileColumns_0;9.34969359335583;9.34969359335583;9.34969359335583;9.34969359335583;0.379145;7;16.7065615141956 * cpuUsed_0 * TileColumns_0;2;2.75103381889;
Elapsed=00:00:00.3814809
average model: 
command: analyze-learning
Round, Model, LearningError, LearningErrorRel, ValidationError, ValidationErrorRel, ElapsedSeconds, ModelComplexity, BestCandidate, BestCandidateSize, BestCandidateScore, TestError
Models:
Termination reason: abortError
1;30.3095652173913 * Quality + 8.52793478260869 * AutoAltRef;110.459481188136;110.459481188136;110.459481188136;110.459481188136;0.140466;2;8.52793478260869 * AutoAltRef;1;1.79769313486232E+308;535.200774509841
2;4.74750000000003 * Quality + 3.14644736842104 * AutoAltRef + 30.943552631579 * cpuUsed_0;28.5957130413326;28.5957130413326;28.5957130413326;28.5957130413326;0.163007;3;30.943552631579 * cpuUsed_0;1;81.8637681468038;79.3885015108701
3;19.9914682539683 * Quality + 1.94297619047618 * AutoAltRef + 24.5250396825397 * cpuUsed_0 + -15.2439682539683 * good;19.4828466707083;19.4828466707083;19.4828466707083;19.4828466707083;0.209684;4;-15.2439682539683 * good;1;9.11286637062425;196.942314649065
4;18.5506349206349 * Quality + 1.94297619047617 * AutoAltRef + 25.965873015873 * cpuUsed_0 + -15.2439682539683 * good + 5.76333333333332 * cpuUsed_2;14.8517612311358;14.8517612311358;14.8517612311358;14.8517612311358;0.281972;5;5.76333333333332 * cpuUsed_2;1;4.6310854395725;186.532083271873
5;17.887676130389 * Quality + -0.642563091482638 * AutoAltRef + 12.1763301787592 * cpuUsed_0 + -14.5810094637224 * good + 5.76333333333333 * cpuUsed_2 + 16.7065615141956 * cpuUsed_0 * TileColumns_0;9.34969359335583;9.34969359335583;9.34969359335583;9.34969359335583;0.379145;7;16.7065615141956 * cpuUsed_0 * TileColumns_0;2;2.75103381889;161.763576120998
Analyze finished
command: measurementstocsv /scratch/kaltenec/Distribution-Aware-Sampling/Results_Henard/VP9_disc/VP9_disc_69/sampledConfigurations_henard_0.csv
command: clean-sampling
command: clean-global
command: script /scratch/kaltenec/Distribution-Aware-Sampling/Results_Henard/VP9_disc/VP9_disc_69/learn_henard_1.a
command: log /scratch/kaltenec/Distribution-Aware-Sampling/Results_Henard/VP9_disc/VP9_disc_69/out_henard_1.log
