Current machine learning settings: epsilon:0 lossFunction:RELATIVE parallelization:True bagging:False baggingNumbers:3 considerEpsilonTube:False baggingTestDataFraction:50 useBackward:False abortError:1 limitFeatureSize:False featureSizeTreshold:4 quadraticFunctionSupport:True crossValidation:False crossValidation-k:5 learn-logFunction:False learn-accumulatedLogFunction:False learn-asymFunction:False learn-ratioFunction:False learn-mirrowedFunction:False numberOfRounds:70 backwardErrorDelta:1 minImprovementPerRound:0.1 withHierarchy:False bruteForceCandidates:False ignoreBadFeatures:False stopOnLongRound:True candidateSizePenalty:True learnTimeLimit:00:00:00 scoreMeasure:RELERROR outputRoundsToStdout:False blacklisted: 
command: mlsettings bagging:False stopOnLongRound:False parallelization:True lossFunction:RELATIVE useBackward:False abortError:10 limitFeatureSize:False featureSizeTreshold:7 quadraticFunctionSupport:True crossValidation:False learn_logFunction:True numberOfRounds:70 backwardErrorDelta:1 minImprovementPerRound:0.25 withHierarchy:False
Current machine learning settings: epsilon:0 lossFunction:RELATIVE parallelization:True bagging:False baggingNumbers:3 considerEpsilonTube:False baggingTestDataFraction:50 useBackward:False abortError:10 limitFeatureSize:False featureSizeTreshold:7 quadraticFunctionSupport:True crossValidation:False crossValidation-k:5 learn-logFunction:True learn-accumulatedLogFunction:False learn-asymFunction:False learn-ratioFunction:False learn-mirrowedFunction:False numberOfRounds:70 backwardErrorDelta:1 minImprovementPerRound:0.25 withHierarchy:False bruteForceCandidates:False ignoreBadFeatures:False stopOnLongRound:False candidateSizePenalty:True learnTimeLimit:00:00:00 scoreMeasure:RELERROR outputRoundsToStdout:False blacklisted: 
command: solver z3
command: vm /scratch/kaltenec/Distribution-Aware-Sampling/DistOut/ConstraintData/JavaGC_disc/FeatureModel.xml
command: all /scratch/kaltenec/Distribution-Aware-Sampling/DistOut/ConstraintData/JavaGC_disc/measurements.xml
Configs with too large deviation: 0
193536 configurations loaded.
command: nfp Performance
command: hybrid distribution-aware distance-metric:manhattan distribution:uniform onlyBinary:true selection:SolverSelection optimization:local numConfigs:32 seed:45
command: learn-splconqueror
Learning: NumberOfConfigurationsLearning:32 NumberOfConfigurationsValidation:32
Learning progress:
1;52.9938043478261 * MaxTenuringThreshold + -24.0600147181964 * NewRatio_1;37.0169618187244;37.0169618187244;37.0169618187244;37.0169618187244;0.035819;2;-24.0600147181964 * NewRatio_1;1;1.79769313486232E+308;
2;38.501485 * MaxTenuringThreshold + -9.56769537037036 * NewRatio_1 + 111.107781666667 * UseAdaptiveSizePolicy;15.5994026305832;15.5994026305832;15.5994026305832;15.5994026305832;0.065705;3;111.107781666667 * UseAdaptiveSizePolicy;1;21.4175591881412;
3;41.1226450698602 * MaxTenuringThreshold + -11.0238954091817 * NewRatio_1 + 118.971261876248 * UseAdaptiveSizePolicy + -10.4846402794411 * UseAdaptiveSizeDecayMajorGCCost;12.4111031727675;12.4111031727675;12.4111031727675;12.4111031727675;0.108258;4;-10.4846402794411 * UseAdaptiveSizeDecayMajorGCCost;1;3.18829945781568;
4;38.5302100594422 * MaxTenuringThreshold + -8.67602973936896 * NewRatio_1 + 119.362572821216 * UseAdaptiveSizePolicy + -8.28351621399177 * UseAdaptiveSizeDecayMajorGCCost + 20.4215399405578 * NewRatio_32;10.4099610319876;10.4099610319876;10.4099610319876;10.4099610319876;0.179888;5;20.4215399405578 * NewRatio_32;1;2.00114214077987;
5;40.0529196361691 * MaxTenuringThreshold + -10.0550874692349 * NewRatio_1 + 119.132729866239 * UseAdaptiveSizePolicy + -9.57638283574101 * UseAdaptiveSizeDecayMajorGCCost + 18.898830363831 * NewRatio_32 + -10.472219636169 * NewRatio_2;8.33873790565116;8.33873790565116;8.33873790565116;8.33873790565116;0.475875;6;-10.472219636169 * NewRatio_2;1;2.07122312633645;
Elapsed=00:00:00.4791221
average model: 
command: analyze-learning
Round, Model, LearningError, LearningErrorRel, ValidationError, ValidationErrorRel, ElapsedSeconds, ModelComplexity, BestCandidate, BestCandidateSize, BestCandidateScore, TestError
Models:
Termination reason: abortError
1;52.9938043478261 * MaxTenuringThreshold + -24.0600147181964 * NewRatio_1;37.0169618187244;37.0169618187244;37.0169618187244;37.0169618187244;0.035819;2;-24.0600147181964 * NewRatio_1;1;1.79769313486232E+308;49.6047841837957
2;38.501485 * MaxTenuringThreshold + -9.56769537037036 * NewRatio_1 + 111.107781666667 * UseAdaptiveSizePolicy;15.5994026305832;15.5994026305832;15.5994026305832;15.5994026305832;0.065705;3;111.107781666667 * UseAdaptiveSizePolicy;1;21.4175591881412;94.0406120004553
3;41.1226450698602 * MaxTenuringThreshold + -11.0238954091817 * NewRatio_1 + 118.971261876248 * UseAdaptiveSizePolicy + -10.4846402794411 * UseAdaptiveSizeDecayMajorGCCost;12.4111031727675;12.4111031727675;12.4111031727675;12.4111031727675;0.108258;4;-10.4846402794411 * UseAdaptiveSizeDecayMajorGCCost;1;3.18829945781568;97.6383615638913
4;38.5302100594422 * MaxTenuringThreshold + -8.67602973936896 * NewRatio_1 + 119.362572821216 * UseAdaptiveSizePolicy + -8.28351621399177 * UseAdaptiveSizeDecayMajorGCCost + 20.4215399405578 * NewRatio_32;10.4099610319876;10.4099610319876;10.4099610319876;10.4099610319876;0.179888;5;20.4215399405578 * NewRatio_32;1;2.00114214077987;94.0549908964983
5;40.0529196361691 * MaxTenuringThreshold + -10.0550874692349 * NewRatio_1 + 119.132729866239 * UseAdaptiveSizePolicy + -9.57638283574101 * UseAdaptiveSizeDecayMajorGCCost + 18.898830363831 * NewRatio_32 + -10.472219636169 * NewRatio_2;8.33873790565116;8.33873790565116;8.33873790565116;8.33873790565116;0.475875;6;-10.472219636169 * NewRatio_2;1;2.07122312633645;92.0376760199619
Analyze finished
command: printconfigs /scratch/kaltenec/Distribution-Aware-Sampling/Results_newTry/JavaGC_disc/JavaGC_disc_45/sampledConfigurations_local_0.csv
command: clean-sampling
command: clean-global
command: script /scratch/kaltenec/Distribution-Aware-Sampling/Results_newTry/JavaGC_disc/JavaGC_disc_45/learn_local_1.a
command: log /scratch/kaltenec/Distribution-Aware-Sampling/Results_newTry/JavaGC_disc/JavaGC_disc_45/out_local_1.log
