Current machine learning settings: epsilon:0 lossFunction:RELATIVE parallelization:True bagging:False baggingNumbers:3 baggingTestDataFraction:50 useBackward:False abortError:1 limitFeatureSize:False featureSizeTreshold:4 quadraticFunctionSupport:True crossValidation:False crossValidation-k:5 learn-logFunction:False learn-accumulatedLogFunction:False learn-asymFunction:False learn-ratioFunction:False learn-mirrowedFunction:False numberOfRounds:70 backwardErrorDelta:1 minImprovementPerRound:0.1 withHierarchy:False bruteForceCandidates:False ignoreBadFeatures:False stopOnLongRound:True candidateSizePenalty:True learnTimeLimit:00:00:00 scoreMeasure:RELERROR outputRoundsToStdout:False blacklisted: 
command: mlsettings bagging:False stopOnLongRound:False parallelization:True lossFunction:RELATIVE useBackward:False abortError:10 limitFeatureSize:False featureSizeTreshold:7 quadraticFunctionSupport:True crossValidation:False learn_logFunction:True numberOfRounds:70 backwardErrorDelta:1 minImprovementPerRound:0.25 withHierarchy:False
Current machine learning settings: epsilon:0 lossFunction:RELATIVE parallelization:True bagging:False baggingNumbers:3 baggingTestDataFraction:50 useBackward:False abortError:10 limitFeatureSize:False featureSizeTreshold:7 quadraticFunctionSupport:True crossValidation:False crossValidation-k:5 learn-logFunction:True learn-accumulatedLogFunction:False learn-asymFunction:False learn-ratioFunction:False learn-mirrowedFunction:False numberOfRounds:70 backwardErrorDelta:1 minImprovementPerRound:0.25 withHierarchy:False bruteForceCandidates:False ignoreBadFeatures:False stopOnLongRound:False candidateSizePenalty:True learnTimeLimit:00:00:00 scoreMeasure:RELERROR outputRoundsToStdout:False blacklisted: 
command: solver z3
command: vm /scratch/kaltenec/Distribution-Aware-Sampling/DistOut/ConstraintData/JavaGC_disc/FeatureModel.xml
command: all /scratch/kaltenec/Distribution-Aware-Sampling/DistOut/ConstraintData/JavaGC_disc/measurements.xml
Configs with too large deviation: 0
193536 configurations loaded.
command: nfp Performance
command: binary satoutput numConfigs:468 seed:95
command: learn-splconqueror
Learning: NumberOfConfigurationsLearning:468 NumberOfConfigurationsValidation:468
Learning progress:
1;96.6905231991058 * MaxTenuringThreshold + -46.1380085716543 * DisableExplicitGC;88.1726765561138;88.1726765561138;88.1726765561138;88.1726765561138;0.051798;2;-46.1380085716543 * DisableExplicitGC;1;1.79769313486232E+308;
2;53.0151033886656 * MaxTenuringThreshold + -40.2184230663231 * DisableExplicitGC + 89.1457198870621 * UseAdaptiveSizePolicy;62.3927974118418;62.3927974118418;62.3927974118418;62.3927974118418;0.174607;3;89.1457198870621 * UseAdaptiveSizePolicy;1;25.779879144272;
3;36.6004342827909 * MaxTenuringThreshold + 1.65573281600881 * DisableExplicitGC + 218.866685161654 * UseAdaptiveSizePolicy + -189.833642385673 * UseAdaptiveSizePolicy * NewRatio_4;16.0460815684107;16.0460815684107;16.0460815684107;16.0460815684107;0.402394;5;-189.833642385673 * UseAdaptiveSizePolicy * NewRatio_4;2;23.1733579217155;
4;40.3773675985034 * MaxTenuringThreshold + 1.70994037345772 * DisableExplicitGC + 218.981332458884 * UseAdaptiveSizePolicy + -189.913684203222 * UseAdaptiveSizePolicy * NewRatio_4 + -7.78316122588565 * UseAdaptiveGCBoundary;12.2892592474133;12.2892592474133;12.2892592474133;12.2892592474133;0.755341;6;-7.78316122588565 * UseAdaptiveGCBoundary;1;3.75682232099742;
5;35.9834277878883 * MaxTenuringThreshold + 2.9960256485401 * DisableExplicitGC + 213.435692168969 * UseAdaptiveSizePolicy + -180.597324773228 * UseAdaptiveSizePolicy * NewRatio_4 + -7.80549347460254 * UseAdaptiveGCBoundary + 9.95074622488912 * NewRatio_16;11.183966014333;11.183966014333;11.183966014333;11.183966014333;1.494948;7;9.95074622488912 * NewRatio_16;1;1.10529323308034;
6;39.9075394617954 * MaxTenuringThreshold + 2.9657344368603 * DisableExplicitGC + 204.891233155598 * UseAdaptiveSizePolicy + -180.501923051092 * UseAdaptiveSizePolicy * NewRatio_4 + -15.836358436669 * UseAdaptiveGCBoundary + 9.96815587427701 * NewRatio_16 + 17.2367403422175 * UseAdaptiveGCBoundary * UseAdaptiveSizePolicy;7.21711990768025;7.21711990768025;7.21711990768025;7.21711990768025;2.185804;9;17.2367403422175 * UseAdaptiveGCBoundary * UseAdaptiveSizePolicy;2;1.98342305332636;
Elapsed=00:00:02.1921564
average model: 
command: analyze-learning
Round, Model, LearningError, LearningErrorRel, ValidationError, ValidationErrorRel, ElapsedSeconds, ModelComplexity, BestCandidate, BestCandidateSize, BestCandidateScore, TestError
Models:
Termination reason: abortError
1;96.6905231991058 * MaxTenuringThreshold + -46.1380085716543 * DisableExplicitGC;88.1726765561138;88.1726765561138;88.1726765561138;88.1726765561138;0.051798;2;-46.1380085716543 * DisableExplicitGC;1;1.79769313486232E+308;108.052310801675
2;53.0151033886656 * MaxTenuringThreshold + -40.2184230663231 * DisableExplicitGC + 89.1457198870621 * UseAdaptiveSizePolicy;62.3927974118418;62.3927974118418;62.3927974118418;62.3927974118418;0.174607;3;89.1457198870621 * UseAdaptiveSizePolicy;1;25.779879144272;102.544541509191
3;36.6004342827909 * MaxTenuringThreshold + 1.65573281600881 * DisableExplicitGC + 218.866685161654 * UseAdaptiveSizePolicy + -189.833642385673 * UseAdaptiveSizePolicy * NewRatio_4;16.0460815684107;16.0460815684107;16.0460815684107;16.0460815684107;0.402394;5;-189.833642385673 * UseAdaptiveSizePolicy * NewRatio_4;2;23.1733579217155;154.404988926481
4;40.3773675985034 * MaxTenuringThreshold + 1.70994037345772 * DisableExplicitGC + 218.981332458884 * UseAdaptiveSizePolicy + -189.913684203222 * UseAdaptiveSizePolicy * NewRatio_4 + -7.78316122588565 * UseAdaptiveGCBoundary;12.2892592474133;12.2892592474133;12.2892592474133;12.2892592474133;0.755341;6;-7.78316122588565 * UseAdaptiveGCBoundary;1;3.75682232099742;153.323035743811
5;35.9834277878883 * MaxTenuringThreshold + 2.9960256485401 * DisableExplicitGC + 213.435692168969 * UseAdaptiveSizePolicy + -180.597324773228 * UseAdaptiveSizePolicy * NewRatio_4 + -7.80549347460254 * UseAdaptiveGCBoundary + 9.95074622488912 * NewRatio_16;11.183966014333;11.183966014333;11.183966014333;11.183966014333;1.494948;7;9.95074622488912 * NewRatio_16;1;1.10529323308034;144.393757148032
6;39.9075394617954 * MaxTenuringThreshold + 2.9657344368603 * DisableExplicitGC + 204.891233155598 * UseAdaptiveSizePolicy + -180.501923051092 * UseAdaptiveSizePolicy * NewRatio_4 + -15.836358436669 * UseAdaptiveGCBoundary + 9.96815587427701 * NewRatio_16 + 17.2367403422175 * UseAdaptiveGCBoundary * UseAdaptiveSizePolicy;7.21711990768025;7.21711990768025;7.21711990768025;7.21711990768025;2.185804;9;17.2367403422175 * UseAdaptiveGCBoundary * UseAdaptiveSizePolicy;2;1.98342305332636;144.758219904352
Analyze finished
command: measurementstocsv /scratch/kaltenec/Distribution-Aware-Sampling/Results_test/JavaGC_disc/JavaGC_disc_95/sampledConfigurations_semi_1.csv
command: clean-sampling
command: clean-global
command: script /scratch/kaltenec/Distribution-Aware-Sampling/Results_test/JavaGC_disc/JavaGC_disc_95/learn_semi_2.a
command: log /scratch/kaltenec/Distribution-Aware-Sampling/Results_test/JavaGC_disc/JavaGC_disc_95/out_semi_2.log
