Current machine learning settings: epsilon:0 lossFunction:RELATIVE parallelization:True bagging:False baggingNumbers:3 baggingTestDataFraction:50 useBackward:False abortError:1 limitFeatureSize:False featureSizeTreshold:4 quadraticFunctionSupport:True crossValidation:False crossValidation-k:5 learn-logFunction:False learn-accumulatedLogFunction:False learn-asymFunction:False learn-ratioFunction:False learn-mirrowedFunction:False numberOfRounds:70 backwardErrorDelta:1 minImprovementPerRound:0.1 withHierarchy:False bruteForceCandidates:False ignoreBadFeatures:False stopOnLongRound:True candidateSizePenalty:True learnTimeLimit:00:00:00 scoreMeasure:RELERROR outputRoundsToStdout:False blacklisted: 
command: mlsettings bagging:False stopOnLongRound:False parallelization:True lossFunction:RELATIVE useBackward:False abortError:10 limitFeatureSize:False featureSizeTreshold:7 quadraticFunctionSupport:True crossValidation:False learn_logFunction:True numberOfRounds:70 backwardErrorDelta:1 minImprovementPerRound:0.25 withHierarchy:False
Current machine learning settings: epsilon:0 lossFunction:RELATIVE parallelization:True bagging:False baggingNumbers:3 baggingTestDataFraction:50 useBackward:False abortError:10 limitFeatureSize:False featureSizeTreshold:7 quadraticFunctionSupport:True crossValidation:False crossValidation-k:5 learn-logFunction:True learn-accumulatedLogFunction:False learn-asymFunction:False learn-ratioFunction:False learn-mirrowedFunction:False numberOfRounds:70 backwardErrorDelta:1 minImprovementPerRound:0.25 withHierarchy:False bruteForceCandidates:False ignoreBadFeatures:False stopOnLongRound:False candidateSizePenalty:True learnTimeLimit:00:00:00 scoreMeasure:RELERROR outputRoundsToStdout:False blacklisted: 
command: solver z3
command: vm /scratch/kaltenec/Distribution-Aware-Sampling/DistOut/ConstraintData/7z_disc/FeatureModel.xml
command: all /scratch/kaltenec/Distribution-Aware-Sampling/DistOut/ConstraintData/7z_disc/measurements.xml
Configs with too large deviation: 0
68640 configurations loaded.
command: nfp Performance
command: binary satoutput numConfigs:4091 seed:48
command: learn-splconqueror
Learning: NumberOfConfigurationsLearning:4091 NumberOfConfigurationsValidation:4091
Learning progress:
1;5987.06630944408 * CompressionMethod + 773.223283316095 * BlockSize_1;104.649082311972;104.649082311972;104.649082311972;104.649082311972;2.543591;2;773.223283316095 * BlockSize_1;1;1.79769313486232E+308;
2;4421.14795873869 * CompressionMethod + 331.881032761337 * BlockSize_1 + 19982.1888684021 * x_10;67.2542591674598;67.2542591674598;67.2542591674598;67.2542591674598;5.736301;3;19982.1888684021 * x_10;1;37.394823144512;
3;3632.79833876278 * CompressionMethod + 333.108134970041 * BlockSize_1 + 20384.8425736127 * x_10 + 4583.75456030196 * BZip2;48.4646262861131;48.4646262861131;48.4646262861131;48.4646262861131;10.466708;4;4583.75456030196 * BZip2;1;18.7896328813467;
4;2912.4463456722 * CompressionMethod + -40.7066379329003 * BlockSize_1 + 21188.8426455941 * x_10 + 5019.43913185147 * BZip2 + 12397.4648280219 * x_8;33.5102969283026;33.5102969283026;33.5102969283026;33.5102969283026;17.798945;5;12397.4648280219 * x_8;1;14.9543293578104;
5;2642.01512204559 * CompressionMethod + -37.8833167473386 * BlockSize_1 + 21163.9598129094 * x_10 + 5290.49492043221 * BZip2 + 12386.5738869771 * x_8 + 1052.91396524623 * LZMA2;30.010638251918;30.010638251918;30.010638251918;30.010638251918;27.630935;6;1052.91396524623 * LZMA2;1;3.4996586763846;
6;2080.54426575653 * CompressionMethod + -33.6297092017988 * BlockSize_1 + 21215.0802319439 * x_10 + 5849.83113750713 * BZip2 + 12343.8618175631 * x_8 + 1610.75441241426 * LZMA2 + 1545.49577918782 * LZMA;25.1870062862762;25.1870062862762;25.1870062862762;25.1870062862762;41.226196;7;1545.49577918782 * LZMA;1;4.82363196564179;
7;2034.74178497147 * CompressionMethod + 37.4409558033755 * BlockSize_1 + 21374.3591278176 * x_10 + 5864.14081977502 * BZip2 + 12542.9589607491 * x_8 + 1609.05295774281 * LZMA2 + 879.273830718854 * LZMA + 14199.1916705748 * LZMA * x_6;23.0376150334294;23.0376150334294;23.0376150334294;23.0376150334294;59.955967;9;14199.1916705748 * LZMA * x_6;2;1.07469562642343;
8;2431.08733587322 * CompressionMethod + -95.9384806514348 * BlockSize_1 + 17738.6544750537 * x_10 + 3894.05362412642 * BZip2 + 12372.9940268458 * x_8 + 1624.76400722095 * LZMA2 + 827.401418151082 * LZMA + 13876.431463758 * LZMA * x_6 + 41096.5929017683 * BZip2 * x_10;21.2838713046123;21.2838713046123;21.2838713046123;21.2838713046123;82.036026;11;41096.5929017683 * BZip2 * x_10;2;0.876871864408546;
9;2098.26671604445 * CompressionMethod + 48.0041002280932 * BlockSize_1 + 17965.477139122 * x_10 + 3906.5838874667 * BZip2 + 12578.3321408971 * x_8 + 1633.15718118904 * LZMA2 + 1087.93727773199 * LZMA + 8525.79244345592 * LZMA * x_6 + 41130.4981469298 * BZip2 * x_10 + 5399.49126738218 * x_6;19.3877324132317;19.3877324132317;19.3877324132317;19.3877324132317;107.055291;12;5399.49126738218 * x_6;1;1.89613889138058;
10;2177.37125551928 * CompressionMethod + 66.519994633131 * BlockSize_1 + 17945.2743113361 * x_10 + 3731.24113725666 * BZip2 + 12569.5123860987 * x_8 + 1468.77658970073 * LZMA2 + 1006.01978762976 * LZMA + 6736.67260918979 * LZMA * x_6 + 41239.2774360405 * BZip2 * x_10 + 7188.40983690764 * x_6 + -6793.67209148772 * x_6 * PPMd;18.1810841285248;18.1810841285248;18.1810841285248;18.1810841285248;137.947563;14;-6793.67209148772 * x_6 * PPMd;2;0.603324142353422;
11;2115.02365274549 * CompressionMethod + 42.7788607186517 * BlockSize_1 + 18017.1369354143 * x_10 + 4107.19980438318 * BZip2 + 12606.1788397062 * x_8 + 1413.18664114342 * LZMA2 + 1066.4582516719 * LZMA + 4264.08818591037 * LZMA * x_6 + 40863.6276650914 * BZip2 * x_10 + 9666.76823467111 * x_6 + -9205.5281880434 * x_6 * PPMd + -8498.7728693988 * x_6 * BZip2;16.925935198146;16.925935198146;16.925935198146;16.925935198146;172.4797;16;-8498.7728693988 * x_6 * BZip2;2;0.627574465189406;
12;2364.3826156007 * CompressionMethod + 75.0245795349368 * BlockSize_1 + 17985.427809743 * x_10 + 3756.46933147012 * BZip2 + 15582.6502924933 * x_8 + 974.561570539886 * LZMA2 + 602.626654074978 * LZMA + 4499.11135757602 * LZMA * x_6 + 40983.3652447586 * BZip2 * x_10 + 9640.96839468473 * x_6 + -9434.73031170356 * x_6 * PPMd + -8372.57866234878 * x_6 * BZip2 + -11542.0430789359 * x_8 * PPMd;16.5056348782999;16.5056348782999;16.5056348782999;16.5056348782999;213.62614;18;-11542.0430789359 * x_8 * PPMd;2;0.210150159923053;
Elapsed=00:03:33.6839820
average model: 
command: analyze-learning
Round, Model, LearningError, LearningErrorRel, ValidationError, ValidationErrorRel, ElapsedSeconds, ModelComplexity, BestCandidate, BestCandidateSize, BestCandidateScore, TestError
Models:
Termination reason: minImprovementPerRound
1;5987.06630944408 * CompressionMethod + 773.223283316095 * BlockSize_1;104.649082311972;104.649082311972;104.649082311972;104.649082311972;2.543591;2;773.223283316095 * BlockSize_1;1;1.79769313486232E+308;86.442802822597
2;4421.14795873869 * CompressionMethod + 331.881032761337 * BlockSize_1 + 19982.1888684021 * x_10;67.2542591674598;67.2542591674598;67.2542591674598;67.2542591674598;5.736301;3;19982.1888684021 * x_10;1;37.394823144512;67.2976673438933
3;3632.79833876278 * CompressionMethod + 333.108134970041 * BlockSize_1 + 20384.8425736127 * x_10 + 4583.75456030196 * BZip2;48.4646262861131;48.4646262861131;48.4646262861131;48.4646262861131;10.466708;4;4583.75456030196 * BZip2;1;18.7896328813467;53.5959559151527
4;2912.4463456722 * CompressionMethod + -40.7066379329003 * BlockSize_1 + 21188.8426455941 * x_10 + 5019.43913185147 * BZip2 + 12397.4648280219 * x_8;33.5102969283026;33.5102969283026;33.5102969283026;33.5102969283026;17.798945;5;12397.4648280219 * x_8;1;14.9543293578104;41.0010783655363
5;2642.01512204559 * CompressionMethod + -37.8833167473386 * BlockSize_1 + 21163.9598129094 * x_10 + 5290.49492043221 * BZip2 + 12386.5738869771 * x_8 + 1052.91396524623 * LZMA2;30.010638251918;30.010638251918;30.010638251918;30.010638251918;27.630935;6;1052.91396524623 * LZMA2;1;3.4996586763846;38.6201963658962
6;2080.54426575653 * CompressionMethod + -33.6297092017988 * BlockSize_1 + 21215.0802319439 * x_10 + 5849.83113750713 * BZip2 + 12343.8618175631 * x_8 + 1610.75441241426 * LZMA2 + 1545.49577918782 * LZMA;25.1870062862762;25.1870062862762;25.1870062862762;25.1870062862762;41.226196;7;1545.49577918782 * LZMA;1;4.82363196564179;35.0403005611147
7;2034.74178497147 * CompressionMethod + 37.4409558033755 * BlockSize_1 + 21374.3591278176 * x_10 + 5864.14081977502 * BZip2 + 12542.9589607491 * x_8 + 1609.05295774281 * LZMA2 + 879.273830718854 * LZMA + 14199.1916705748 * LZMA * x_6;23.0376150334294;23.0376150334294;23.0376150334294;23.0376150334294;59.955967;9;14199.1916705748 * LZMA * x_6;2;1.07469562642343;32.2084537675857
8;2431.08733587322 * CompressionMethod + -95.9384806514348 * BlockSize_1 + 17738.6544750537 * x_10 + 3894.05362412642 * BZip2 + 12372.9940268458 * x_8 + 1624.76400722095 * LZMA2 + 827.401418151082 * LZMA + 13876.431463758 * LZMA * x_6 + 41096.5929017683 * BZip2 * x_10;21.2838713046123;21.2838713046123;21.2838713046123;21.2838713046123;82.036026;11;41096.5929017683 * BZip2 * x_10;2;0.876871864408546;28.7926203701254
9;2098.26671604445 * CompressionMethod + 48.0041002280932 * BlockSize_1 + 17965.477139122 * x_10 + 3906.5838874667 * BZip2 + 12578.3321408971 * x_8 + 1633.15718118904 * LZMA2 + 1087.93727773199 * LZMA + 8525.79244345592 * LZMA * x_6 + 41130.4981469298 * BZip2 * x_10 + 5399.49126738218 * x_6;19.3877324132317;19.3877324132317;19.3877324132317;19.3877324132317;107.055291;12;5399.49126738218 * x_6;1;1.89613889138058;30.5571416233346
10;2177.37125551928 * CompressionMethod + 66.519994633131 * BlockSize_1 + 17945.2743113361 * x_10 + 3731.24113725666 * BZip2 + 12569.5123860987 * x_8 + 1468.77658970073 * LZMA2 + 1006.01978762976 * LZMA + 6736.67260918979 * LZMA * x_6 + 41239.2774360405 * BZip2 * x_10 + 7188.40983690764 * x_6 + -6793.67209148772 * x_6 * PPMd;18.1810841285248;18.1810841285248;18.1810841285248;18.1810841285248;137.947563;14;-6793.67209148772 * x_6 * PPMd;2;0.603324142353422;25.776425938875
11;2115.02365274549 * CompressionMethod + 42.7788607186517 * BlockSize_1 + 18017.1369354143 * x_10 + 4107.19980438318 * BZip2 + 12606.1788397062 * x_8 + 1413.18664114342 * LZMA2 + 1066.4582516719 * LZMA + 4264.08818591037 * LZMA * x_6 + 40863.6276650914 * BZip2 * x_10 + 9666.76823467111 * x_6 + -9205.5281880434 * x_6 * PPMd + -8498.7728693988 * x_6 * BZip2;16.925935198146;16.925935198146;16.925935198146;16.925935198146;172.4797;16;-8498.7728693988 * x_6 * BZip2;2;0.627574465189406;23.297570005238
12;2364.3826156007 * CompressionMethod + 75.0245795349368 * BlockSize_1 + 17985.427809743 * x_10 + 3756.46933147012 * BZip2 + 15582.6502924933 * x_8 + 974.561570539886 * LZMA2 + 602.626654074978 * LZMA + 4499.11135757602 * LZMA * x_6 + 40983.3652447586 * BZip2 * x_10 + 9640.96839468473 * x_6 + -9434.73031170356 * x_6 * PPMd + -8372.57866234878 * x_6 * BZip2 + -11542.0430789359 * x_8 * PPMd;16.5056348782999;16.5056348782999;16.5056348782999;16.5056348782999;213.62614;18;-11542.0430789359 * x_8 * PPMd;2;0.210150159923053;19.8003394790288
Analyze finished
command: measurementstocsv /scratch/kaltenec/Distribution-Aware-Sampling/Results_Henard/7z_disc/7z_disc_48/sampledConfigurations_henard_2.csv
command: clean-sampling
command: clean-global
