Current machine learning settings: epsilon:0 lossFunction:RELATIVE parallelization:True bagging:False baggingNumbers:3 baggingTestDataFraction:50 useBackward:False abortError:1 limitFeatureSize:False featureSizeTreshold:4 quadraticFunctionSupport:True crossValidation:False crossValidation-k:5 learn-logFunction:False learn-accumulatedLogFunction:False learn-asymFunction:False learn-ratioFunction:False learn-mirrowedFunction:False numberOfRounds:70 backwardErrorDelta:1 minImprovementPerRound:0.1 withHierarchy:False bruteForceCandidates:False ignoreBadFeatures:False stopOnLongRound:True candidateSizePenalty:True learnTimeLimit:00:00:00 scoreMeasure:RELERROR outputRoundsToStdout:False blacklisted: 
command: mlsettings bagging:False stopOnLongRound:False parallelization:True lossFunction:RELATIVE useBackward:False abortError:10 limitFeatureSize:False featureSizeTreshold:7 quadraticFunctionSupport:True crossValidation:False learn_logFunction:True numberOfRounds:70 backwardErrorDelta:1 minImprovementPerRound:0.25 withHierarchy:False
Current machine learning settings: epsilon:0 lossFunction:RELATIVE parallelization:True bagging:False baggingNumbers:3 baggingTestDataFraction:50 useBackward:False abortError:10 limitFeatureSize:False featureSizeTreshold:7 quadraticFunctionSupport:True crossValidation:False crossValidation-k:5 learn-logFunction:True learn-accumulatedLogFunction:False learn-asymFunction:False learn-ratioFunction:False learn-mirrowedFunction:False numberOfRounds:70 backwardErrorDelta:1 minImprovementPerRound:0.25 withHierarchy:False bruteForceCandidates:False ignoreBadFeatures:False stopOnLongRound:False candidateSizePenalty:True learnTimeLimit:00:00:00 scoreMeasure:RELERROR outputRoundsToStdout:False blacklisted: 
command: solver z3
command: vm ../FeatureModel.xml
command: all ../measurements.xml
Configs with too large deviation: 0
68640 configurations loaded.
command: nfp Performance
command: binary random numConfigs:39 seed:89 fromFile:../allConfigurations.csv
command: learn-splconqueror
Learning: NumberOfConfigurationsLearning:39 NumberOfConfigurationsValidation:39
Learning progress:
1;10888.6486486486 * CompressionMethod + 2856.35135135136 * BlockSize_1;146.08563279725;146.08563279725;146.08563279725;146.08563279725;0.2968764;2;2856.35135135136 * BlockSize_1;1;1.79769313486232E+308;
2;8545.55555555556 * CompressionMethod + 5199.44444444445 * BlockSize_1 + 8669.44444444444 * x_8;103.345975201559;103.345975201559;103.345975201559;103.345975201559;0.3750027;3;8669.44444444444 * x_8;1;42.7396575956909;
3;5644.91228070175 * CompressionMethod + -4952.80701754385 * BlockSize_1 + 11570.0877192982 * x_8 + 26105.7894736842 * x_10;63.3882458310206;63.3882458310206;63.3882458310206;63.3882458310206;0.4375041;4;26105.7894736842 * x_10;1;39.9577293705388;
4;3579.4290499391 * CompressionMethod + -6628.57643118147 * BlockSize_1 + 12302.7496954933 * x_8 + 26924.1884896468 * x_10 + 6664.106272838 * BZip2;43.8747149730034;43.8747149730034;43.8747149730034;43.8747149730034;0.5781299;5;6664.106272838 * BZip2;1;19.5135308580172;
5;2869.02918069585 * CompressionMethod + -1639.44631500188 * BlockSize_1 + 13364.266741489 * x_8 + 20122.3138795361 * x_10 + 4908.52038907593 * BZip2 + 26815.5536849981 * BlockSize_256;26.9939467012673;26.9939467012673;26.9939467012673;26.9939467012673;0.7343817;6;26815.5536849981 * BlockSize_256;1;16.8807682717361;
6;3105.57318691927 * CompressionMethod + -3142.70061542175 * BlockSize_1 + 14116.7509351997 * x_8 + 23019.1209122723 * x_10 + 4545.13394473273 * BZip2 + 25312.2993845783 * BlockSize_256 + -9163.50911065527 * BlockSize_512;23.7841755054578;23.7841755054578;23.7841755054578;23.7841755054578;0.9062587;7;-9163.50911065527 * BlockSize_512;1;3.20977119580951;
7;3144.88264058679 * CompressionMethod + 439.564792176021 * BlockSize_1 + 14272.4572127139 * x_8 + 24726.7848410758 * x_10 + 4055.55256723717 * BZip2 + 33125.1809290954 * BlockSize_256 + -10134.5036674817 * BlockSize_512 + -8461.23227383866 * Files_50;20.963089880068;20.963089880068;20.963089880068;20.963089880068;1.140636;8;-8461.23227383866 * Files_50;1;2.82108562538981;
8;3532.32351472793 * CompressionMethod + 335.368946580144 * BlockSize_1 + 14013.1652521218 * x_8 + 24171.6724912631 * x_10 + 3772.30753869197 * BZip2 + 32885.0514228657 * BlockSize_256 + -9379.98202695957 * BlockSize_512 + -8189.36495257116 * Files_50 + -1469.52071892161 * PPMd;18.344467341089;18.344467341089;18.344467341089;18.344467341089;1.4375144;9;-1469.52071892161 * PPMd;1;2.61862253897898;
9;3642.44301075269 * CompressionMethod + 307.18451612902 * BlockSize_1 + 13927.071827957 * x_8 + 24090.6615053763 * x_10 + 3690.37247311831 * BZip2 + 32857.329032258 * BlockSize_256 + -9356.72602150535 * BlockSize_512 + -8190.28903225802 * Files_50 + -1569.16731182793 * PPMd + -1542.44301075268 * BlockSize_2;17.1437773310573;17.1437773310573;17.1437773310573;17.1437773310573;1.953144;10;-1542.44301075268 * BlockSize_2;1;1.20069001003171;
10;4075.52334491765 * CompressionMethod + -84.4403911326205 * BlockSize_1 + 13524.921967751 * x_8 + 23685.4508170181 * x_10 + 3648.91704621496 * BZip2 + 32283.8264942689 * BlockSize_256 + -9189.13225548813 * BlockSize_512 + -7826.53377080315 * Files_50 + -1963.15496362812 * PPMd + -727.02765126168 * BlockSize_2 + -1248.49569365597 * x_0;16.597673882414;16.597673882414;16.597673882414;16.597673882414;2.4375242;11;-1248.49569365597 * x_0;1;0.546103448643368;
11;4055.68438503785 * CompressionMethod + -77.528753497046 * BlockSize_1 + 13555.5976928125 * x_8 + 23612.1106621076 * x_10 + 3661.84436845923 * BZip2 + 32247.6043933272 * BlockSize_256 + -8972.56760957414 * BlockSize_512 + -7740.2662936484 * Files_50 + -2313.94190584742 * PPMd + -722.718543846926 * BlockSize_2 + -1232.9658411909 * x_0 + 988.257520809554 * PPMd * x_2;15.4701004571469;15.4701004571469;15.4701004571469;15.4701004571469;3.0625322;13;988.257520809554 * PPMd * x_2;2;0.563786712633547;
12;4735.56043131739 * CompressionMethod + -549.030661040767 * BlockSize_1 + 12955.2289420222 * x_8 + 23029.1064228786 * x_10 + 3453.4702297234 * BZip2 + 31588.7874355369 * BlockSize_256 + -8770.62203469297 * BlockSize_512 + -7365.63619315525 * Files_50 + -2894.21215814966 * PPMd + -792.176590092208 * BlockSize_2 + -1843.38384122519 * x_0 + 2314.90620409433 * PPMd * x_2 + -1426.25447726209 * x_2;13.3507233206355;13.3507233206355;13.3507233206355;13.3507233206355;4.4375436;14;-1426.25447726209 * x_2;1;2.1193771365114;
13;4757.66510112144 * CompressionMethod + -528.961947666055 * BlockSize_1 + 12943.7160931659 * x_8 + 23021.1080226206 * x_10 + 3411.29684654462 * BZip2 + 31625.943640372 * BlockSize_256 + -8773.74868206654 * BlockSize_512 + -7399.811176076 * Files_50 + -2912.65695389628 * PPMd + -935.481261382154 * BlockSize_2 + -1722.18383973928 * x_0 + 2324.9163232052 * PPMd * x_2 + -1439.92447043036 * x_2 + -775.481261382165 * x_0 * BlockSize_32;12.3140512366491;12.3140512366491;12.3140512366491;12.3140512366491;5.8281837;16;-775.481261382165 * x_0 * BlockSize_32;2;0.518336041993182;
14;4743.07055867003 * CompressionMethod + -542.212255944313 * BlockSize_1 + 12951.3174173594 * x_8 + 23026.3889425865 * x_10 + 3439.14169727431 * BZip2 + 31601.4113667117 * BlockSize_256 + -8771.68432244346 * BlockSize_512 + -7377.24724531219 * Files_50 + -2900.478832399 * PPMd + -924.343321090273 * BlockSize_2 + -1718.72723757976 * x_0 + 2485.26425671757 * PPMd * x_2 + -1597.85598298861 * x_2 + -764.343321090277 * x_0 * BlockSize_32 + 834.785424318578 * x_2 * LZMA;11.8841947740544;11.8841947740544;11.8841947740544;11.8841947740544;7.5625772;18;834.785424318578 * x_2 * LZMA;2;0.21492823129735;
Elapsed=00:00:07.5839525
average model: 

command: analyze-learning
Round, Model, LearningError, LearningErrorRel, ValidationError, ValidationErrorRel, ElapsedSeconds, ModelComplexity, BestCandidate, BestCandidateSize, BestCandidateScore, TestError
Models:
Termination reason: minImprovementPerRound
1;10888.6486486486 * CompressionMethod + 2856.35135135136 * BlockSize_1;146.08563279725;146.08563279725;146.08563279725;146.08563279725;0.2968764;2;2856.35135135136 * BlockSize_1;1;1.79769313486232E+308;174.887726713797
2;8545.55555555556 * CompressionMethod + 5199.44444444445 * BlockSize_1 + 8669.44444444444 * x_8;103.345975201559;103.345975201559;103.345975201559;103.345975201559;0.3750027;3;8669.44444444444 * x_8;1;42.7396575956909;133.339525328679
3;5644.91228070175 * CompressionMethod + -4952.80701754385 * BlockSize_1 + 11570.0877192982 * x_8 + 26105.7894736842 * x_10;63.3882458310206;63.3882458310206;63.3882458310206;63.3882458310206;0.4375041;4;26105.7894736842 * x_10;1;39.9577293705388;84.5912663062922
4;3579.4290499391 * CompressionMethod + -6628.57643118147 * BlockSize_1 + 12302.7496954933 * x_8 + 26924.1884896468 * x_10 + 6664.106272838 * BZip2;43.8747149730034;43.8747149730034;43.8747149730034;43.8747149730034;0.5781299;5;6664.106272838 * BZip2;1;19.5135308580172;62.2387028128947
5;2869.02918069585 * CompressionMethod + -1639.44631500188 * BlockSize_1 + 13364.266741489 * x_8 + 20122.3138795361 * x_10 + 4908.52038907593 * BZip2 + 26815.5536849981 * BlockSize_256;26.9939467012673;26.9939467012673;26.9939467012673;26.9939467012673;0.7343817;6;26815.5536849981 * BlockSize_256;1;16.8807682717361;83.9818689450912
6;3105.57318691927 * CompressionMethod + -3142.70061542175 * BlockSize_1 + 14116.7509351997 * x_8 + 23019.1209122723 * x_10 + 4545.13394473273 * BZip2 + 25312.2993845783 * BlockSize_256 + -9163.50911065527 * BlockSize_512;23.7841755054578;23.7841755054578;23.7841755054578;23.7841755054578;0.9062587;7;-9163.50911065527 * BlockSize_512;1;3.20977119580951;98.5358587094465
7;3144.88264058679 * CompressionMethod + 439.564792176021 * BlockSize_1 + 14272.4572127139 * x_8 + 24726.7848410758 * x_10 + 4055.55256723717 * BZip2 + 33125.1809290954 * BlockSize_256 + -10134.5036674817 * BlockSize_512 + -8461.23227383866 * Files_50;20.963089880068;20.963089880068;20.963089880068;20.963089880068;1.140636;8;-8461.23227383866 * Files_50;1;2.82108562538981;122.268570056851
8;3532.32351472793 * CompressionMethod + 335.368946580144 * BlockSize_1 + 14013.1652521218 * x_8 + 24171.6724912631 * x_10 + 3772.30753869197 * BZip2 + 32885.0514228657 * BlockSize_256 + -9379.98202695957 * BlockSize_512 + -8189.36495257116 * Files_50 + -1469.52071892161 * PPMd;18.344467341089;18.344467341089;18.344467341089;18.344467341089;1.4375144;9;-1469.52071892161 * PPMd;1;2.61862253897898;118.306198516002
9;3642.44301075269 * CompressionMethod + 307.18451612902 * BlockSize_1 + 13927.071827957 * x_8 + 24090.6615053763 * x_10 + 3690.37247311831 * BZip2 + 32857.329032258 * BlockSize_256 + -9356.72602150535 * BlockSize_512 + -8190.28903225802 * Files_50 + -1569.16731182793 * PPMd + -1542.44301075268 * BlockSize_2;17.1437773310573;17.1437773310573;17.1437773310573;17.1437773310573;1.953144;10;-1542.44301075268 * BlockSize_2;1;1.20069001003171;119.378448942707
10;4075.52334491765 * CompressionMethod + -84.4403911326205 * BlockSize_1 + 13524.921967751 * x_8 + 23685.4508170181 * x_10 + 3648.91704621496 * BZip2 + 32283.8264942689 * BlockSize_256 + -9189.13225548813 * BlockSize_512 + -7826.53377080315 * Files_50 + -1963.15496362812 * PPMd + -727.02765126168 * BlockSize_2 + -1248.49569365597 * x_0;16.597673882414;16.597673882414;16.597673882414;16.597673882414;2.4375242;11;-1248.49569365597 * x_0;1;0.546103448643368;118.711476895127
11;4055.68438503785 * CompressionMethod + -77.528753497046 * BlockSize_1 + 13555.5976928125 * x_8 + 23612.1106621076 * x_10 + 3661.84436845923 * BZip2 + 32247.6043933272 * BlockSize_256 + -8972.56760957414 * BlockSize_512 + -7740.2662936484 * Files_50 + -2313.94190584742 * PPMd + -722.718543846926 * BlockSize_2 + -1232.9658411909 * x_0 + 988.257520809554 * PPMd * x_2;15.4701004571469;15.4701004571469;15.4701004571469;15.4701004571469;3.0625322;13;988.257520809554 * PPMd * x_2;2;0.563786712633547;118.943753471178
12;4735.56043131739 * CompressionMethod + -549.030661040767 * BlockSize_1 + 12955.2289420222 * x_8 + 23029.1064228786 * x_10 + 3453.4702297234 * BZip2 + 31588.7874355369 * BlockSize_256 + -8770.62203469297 * BlockSize_512 + -7365.63619315525 * Files_50 + -2894.21215814966 * PPMd + -792.176590092208 * BlockSize_2 + -1843.38384122519 * x_0 + 2314.90620409433 * PPMd * x_2 + -1426.25447726209 * x_2;13.3507233206355;13.3507233206355;13.3507233206355;13.3507233206355;4.4375436;14;-1426.25447726209 * x_2;1;2.1193771365114;116.74429153886
13;4757.66510112144 * CompressionMethod + -528.961947666055 * BlockSize_1 + 12943.7160931659 * x_8 + 23021.1080226206 * x_10 + 3411.29684654462 * BZip2 + 31625.943640372 * BlockSize_256 + -8773.74868206654 * BlockSize_512 + -7399.811176076 * Files_50 + -2912.65695389628 * PPMd + -935.481261382154 * BlockSize_2 + -1722.18383973928 * x_0 + 2324.9163232052 * PPMd * x_2 + -1439.92447043036 * x_2 + -775.481261382165 * x_0 * BlockSize_32;12.3140512366491;12.3140512366491;12.3140512366491;12.3140512366491;5.8281837;16;-775.481261382165 * x_0 * BlockSize_32;2;0.518336041993182;116.889611886108
14;4743.07055867003 * CompressionMethod + -542.212255944313 * BlockSize_1 + 12951.3174173594 * x_8 + 23026.3889425865 * x_10 + 3439.14169727431 * BZip2 + 31601.4113667117 * BlockSize_256 + -8771.68432244346 * BlockSize_512 + -7377.24724531219 * Files_50 + -2900.478832399 * PPMd + -924.343321090273 * BlockSize_2 + -1718.72723757976 * x_0 + 2485.26425671757 * PPMd * x_2 + -1597.85598298861 * x_2 + -764.343321090277 * x_0 * BlockSize_32 + 834.785424318578 * x_2 * LZMA;11.8841947740544;11.8841947740544;11.8841947740544;11.8841947740544;7.5625772;18;834.785424318578 * x_2 * LZMA;2;0.21492823129735;116.86829335059
Analyze finished
command: measurementstocsv ./sampledConfigurations_rand_0.csv
command: clean-sampling
command: clean-global
command: script ./learn_rand_1.a
command: log ./out_rand_1.log
