Current machine learning settings: epsilon:0 lossFunction:RELATIVE parallelization:True bagging:False baggingNumbers:3 considerEpsilonTube:False baggingTestDataFraction:50 useBackward:False abortError:1 limitFeatureSize:False featureSizeTreshold:4 quadraticFunctionSupport:True crossValidation:False crossValidation-k:5 learn-logFunction:False learn-accumulatedLogFunction:False learn-asymFunction:False learn-ratioFunction:False learn-mirrowedFunction:False numberOfRounds:70 backwardErrorDelta:1 minImprovementPerRound:0.1 withHierarchy:False bruteForceCandidates:False ignoreBadFeatures:False stopOnLongRound:True candidateSizePenalty:True learnTimeLimit:00:00:00 scoreMeasure:RELERROR outputRoundsToStdout:False blacklisted: 
command: mlsettings bagging:False stopOnLongRound:False parallelization:True lossFunction:RELATIVE useBackward:False abortError:10 limitFeatureSize:False featureSizeTreshold:7 quadraticFunctionSupport:True crossValidation:False learn_logFunction:True numberOfRounds:70 backwardErrorDelta:1 minImprovementPerRound:0.25 withHierarchy:False
Current machine learning settings: epsilon:0 lossFunction:RELATIVE parallelization:True bagging:False baggingNumbers:3 considerEpsilonTube:False baggingTestDataFraction:50 useBackward:False abortError:10 limitFeatureSize:False featureSizeTreshold:7 quadraticFunctionSupport:True crossValidation:False crossValidation-k:5 learn-logFunction:True learn-accumulatedLogFunction:False learn-asymFunction:False learn-ratioFunction:False learn-mirrowedFunction:False numberOfRounds:70 backwardErrorDelta:1 minImprovementPerRound:0.25 withHierarchy:False bruteForceCandidates:False ignoreBadFeatures:False stopOnLongRound:False candidateSizePenalty:True learnTimeLimit:00:00:00 scoreMeasure:RELERROR outputRoundsToStdout:False blacklisted: 
command: solver z3
command: vm /scratch/kaltenec/Distribution-Aware-Sampling/DistOut/ConstraintData/7z_disc/FeatureModel.xml
command: all /scratch/kaltenec/Distribution-Aware-Sampling/DistOut/ConstraintData/7z_disc/measurements.xml
Configs with too large deviation: 0
68640 configurations loaded.
command: nfp Performance
command: binary satoutput henard:true numConfigs:600 seed:74
command: learn-splconqueror
Learning: NumberOfConfigurationsLearning:600 NumberOfConfigurationsValidation:600
Learning progress:
1;3997.44813278012 * CompressionMethod + -2018.21084464451 * Deflate;32.2177443129561;32.2177443129561;32.2177443129561;32.2177443129561;0.090776;2;-2018.21084464451 * Deflate;1;1.79769313486232E+308;
2;3319.78201634881 * CompressionMethod + -1340.54472821321 * Deflate + 2840.30494017293 * BZip2;16.6463288502012;16.6463288502012;16.6463288502012;16.6463288502012;0.29903;3;2840.30494017293 * BZip2;1;15.5714154627549;
3;3770.03984063748 * CompressionMethod + -1790.80255250186 * Deflate + 2390.04711588428 * BZip2 + -1424.52259925814 * PPMd;12.9758971879095;12.9758971879095;12.9758971879095;12.9758971879095;0.663744;4;-1424.52259925814 * PPMd;1;3.67043166229167;
4;3643.13253012049 * CompressionMethod + -1663.89524198483 * Deflate + 2516.95442640129 * BZip2 + -1297.61528874113 * PPMd + 15926.8674698796 * x_10;11.7664902339342;11.7664902339342;11.7664902339342;11.7664902339342;1.323755;5;15926.8674698796 * x_10;1;1.20940695397539;
5;3514.97975708505 * CompressionMethod + -1535.74246894939 * Deflate + 2645.1071994367 * BZip2 + -1169.46251570572 * PPMd + 16055.0202429149 * x_10 + 15955.0202429149 * x_8;10.82765274125;10.82765274125;10.82765274125;10.82765274125;2.068048;6;15955.0202429149 * x_8;1;0.938837492684156;
6;3389.06122448983 * CompressionMethod + -1409.82393635422 * Deflate + 2771.02573203194 * BZip2 + -1043.54398311049 * PPMd + 16180.9387755103 * x_10 + 16080.9387755103 * x_8 + 15550.9387755103 * x_6;10.1849351608954;10.1849351608954;10.1849351608954;10.1849351608954;3.096121;7;15550.9387755103 * x_6;1;0.642717580354555;
7;3564.60176991153 * CompressionMethod + -1585.36448177589 * Deflate + 2595.48518661023 * BZip2 + -1219.08452853219 * PPMd + 16331.2121212122 * x_10 + 16231.2121212122 * x_8 + 15701.2121212122 * x_6 + -325.813891123625 * LZMA;9.7401148086416;9.7401148086416;9.7401148086416;9.7401148086416;4.475198;8;-325.813891123625 * LZMA;1;0.444820352253849;
Elapsed=00:00:04.4792540
average model: 
command: analyze-learning
Round, Model, LearningError, LearningErrorRel, ValidationError, ValidationErrorRel, ElapsedSeconds, ModelComplexity, BestCandidate, BestCandidateSize, BestCandidateScore, TestError
Models:
Termination reason: abortError
1;3997.44813278012 * CompressionMethod + -2018.21084464451 * Deflate;32.2177443129561;32.2177443129561;32.2177443129561;32.2177443129561;0.090776;2;-2018.21084464451 * Deflate;1;1.79769313486232E+308;53.0782975663365
2;3319.78201634881 * CompressionMethod + -1340.54472821321 * Deflate + 2840.30494017293 * BZip2;16.6463288502012;16.6463288502012;16.6463288502012;16.6463288502012;0.29903;3;2840.30494017293 * BZip2;1;15.5714154627549;43.7878967395929
3;3770.03984063748 * CompressionMethod + -1790.80255250186 * Deflate + 2390.04711588428 * BZip2 + -1424.52259925814 * PPMd;12.9758971879095;12.9758971879095;12.9758971879095;12.9758971879095;0.663744;4;-1424.52259925814 * PPMd;1;3.67043166229167;41.7900025735605
4;3643.13253012049 * CompressionMethod + -1663.89524198483 * Deflate + 2516.95442640129 * BZip2 + -1297.61528874113 * PPMd + 15926.8674698796 * x_10;11.7664902339342;11.7664902339342;11.7664902339342;11.7664902339342;1.323755;5;15926.8674698796 * x_10;1;1.20940695397539;36.9464538730482
5;3514.97975708505 * CompressionMethod + -1535.74246894939 * Deflate + 2645.1071994367 * BZip2 + -1169.46251570572 * PPMd + 16055.0202429149 * x_10 + 15955.0202429149 * x_8;10.82765274125;10.82765274125;10.82765274125;10.82765274125;2.068048;6;15955.0202429149 * x_8;1;0.938837492684156;31.4394554904605
6;3389.06122448983 * CompressionMethod + -1409.82393635422 * Deflate + 2771.02573203194 * BZip2 + -1043.54398311049 * PPMd + 16180.9387755103 * x_10 + 16080.9387755103 * x_8 + 15550.9387755103 * x_6;10.1849351608954;10.1849351608954;10.1849351608954;10.1849351608954;3.096121;7;15550.9387755103 * x_6;1;0.642717580354555;52.9523538735931
7;3564.60176991153 * CompressionMethod + -1585.36448177589 * Deflate + 2595.48518661023 * BZip2 + -1219.08452853219 * PPMd + 16331.2121212122 * x_10 + 16231.2121212122 * x_8 + 15701.2121212122 * x_6 + -325.813891123625 * LZMA;9.7401148086416;9.7401148086416;9.7401148086416;9.7401148086416;4.475198;8;-325.813891123625 * LZMA;1;0.444820352253849;53.5126887806223
Analyze finished
command: clean-sampling
command: clean-global
