Current machine learning settings: epsilon:0 lossFunction:RELATIVE parallelization:True bagging:False baggingNumbers:3 baggingTestDataFraction:50 useBackward:False abortError:1 limitFeatureSize:False featureSizeTreshold:4 quadraticFunctionSupport:True crossValidation:False crossValidation-k:5 learn-logFunction:False learn-accumulatedLogFunction:False learn-asymFunction:False learn-ratioFunction:False learn-mirrowedFunction:False numberOfRounds:70 backwardErrorDelta:1 minImprovementPerRound:0.1 withHierarchy:False bruteForceCandidates:False ignoreBadFeatures:False stopOnLongRound:True candidateSizePenalty:True learnTimeLimit:00:00:00 scoreMeasure:RELERROR outputRoundsToStdout:False blacklisted: 
command: mlsettings bagging:False stopOnLongRound:False parallelization:True lossFunction:RELATIVE useBackward:False abortError:10 limitFeatureSize:False featureSizeTreshold:7 quadraticFunctionSupport:True crossValidation:False learn_logFunction:True numberOfRounds:70 backwardErrorDelta:1 minImprovementPerRound:0.25 withHierarchy:False
Current machine learning settings: epsilon:0 lossFunction:RELATIVE parallelization:True bagging:False baggingNumbers:3 baggingTestDataFraction:50 useBackward:False abortError:10 limitFeatureSize:False featureSizeTreshold:7 quadraticFunctionSupport:True crossValidation:False crossValidation-k:5 learn-logFunction:True learn-accumulatedLogFunction:False learn-asymFunction:False learn-ratioFunction:False learn-mirrowedFunction:False numberOfRounds:70 backwardErrorDelta:1 minImprovementPerRound:0.25 withHierarchy:False bruteForceCandidates:False ignoreBadFeatures:False stopOnLongRound:False candidateSizePenalty:True learnTimeLimit:00:00:00 scoreMeasure:RELERROR outputRoundsToStdout:False blacklisted: 
command: solver z3
command: vm /scratch/kaltenec/Distribution-Aware-Sampling/DistOut/ConstraintData/JavaGC_disc/FeatureModel.xml
command: all /scratch/kaltenec/Distribution-Aware-Sampling/DistOut/ConstraintData/JavaGC_disc/measurements.xml
Configs with too large deviation: 0
193536 configurations loaded.
command: nfp Performance
command: binary satoutput numConfigs:3504 seed:88
command: learn-splconqueror
Learning: NumberOfConfigurationsLearning:3504 NumberOfConfigurationsValidation:3504
Learning progress:
1;33.1035280424482 * MaxTenuringThreshold + 4.71440166910858 * DisableExplicitGC;19.3255006207079;19.3255006207079;19.3255006207079;19.3255006207079;1.824291;2;4.71440166910858 * DisableExplicitGC;1;1.79769313486232E+308;
2;30.3528929640514 * MaxTenuringThreshold + 4.76935307030895 * DisableExplicitGC + 44.7996953972205 * UseAdaptiveSizePolicy;15.2278250622568;15.2278250622568;15.2278250622568;15.2278250622568;4.730924;3;44.7996953972205 * UseAdaptiveSizePolicy;1;4.0976755584511;
3;31.9922937272128 * MaxTenuringThreshold + 4.77971786683171 * DisableExplicitGC + 44.7989394288666 * UseAdaptiveSizePolicy + -4.86277284623665 * UseAdaptiveGCBoundary;13.434373050395;13.434373050395;13.434373050395;13.434373050395;8.984059;4;-4.86277284623665 * UseAdaptiveGCBoundary;1;1.79345201186185;
4;32.5936998991722 * MaxTenuringThreshold + 4.74825423250752 * DisableExplicitGC + 4.57049535073923 * UseAdaptiveSizePolicy + -6.59469319810245 * UseAdaptiveGCBoundary + 59.0935242824293 * UseAdaptiveSizePolicy * MinSurvivorRatio_4;10.9974301471924;10.9974301471924;10.9974301471924;10.9974301471924;15.624737;6;59.0935242824293 * UseAdaptiveSizePolicy * MinSurvivorRatio_4;2;1.21847145160126;
5;35.8785499150877 * MaxTenuringThreshold + 4.75796032640676 * DisableExplicitGC + 6.11192689084282 * UseAdaptiveSizePolicy + -6.312655599448 * UseAdaptiveGCBoundary + 54.122376892867 * UseAdaptiveSizePolicy * MinSurvivorRatio_4 + -4.83099186629438 * NewRatio_2;10.2717992308544;10.2717992308544;10.2717992308544;10.2717992308544;24.404378;7;-4.83099186629438 * NewRatio_2;1;0.725630916338039;
6;37.3545774711719 * MaxTenuringThreshold + 4.76563109793026 * DisableExplicitGC + 6.9323540551885 * UseAdaptiveSizePolicy + -2.46466833346258 * UseAdaptiveGCBoundary + 54.3352824617795 * UseAdaptiveSizePolicy * MinSurvivorRatio_4 + -7.13116916702357 * NewRatio_2 + -8.90923084243502 * UseAdaptiveGCBoundary * SurvivorRatio_1;8.11451504810062;8.11451504810062;8.11451504810062;8.11451504810062;37.707852;9;-8.90923084243502 * UseAdaptiveGCBoundary * SurvivorRatio_1;2;1.07864209137689;
Elapsed=00:00:37.7646547
average model: 
command: analyze-learning
Round, Model, LearningError, LearningErrorRel, ValidationError, ValidationErrorRel, ElapsedSeconds, ModelComplexity, BestCandidate, BestCandidateSize, BestCandidateScore, TestError
Models:
Termination reason: abortError
1;33.1035280424482 * MaxTenuringThreshold + 4.71440166910858 * DisableExplicitGC;19.3255006207079;19.3255006207079;19.3255006207079;19.3255006207079;1.824291;2;4.71440166910858 * DisableExplicitGC;1;1.79769313486232E+308;42.4868963008363
2;30.3528929640514 * MaxTenuringThreshold + 4.76935307030895 * DisableExplicitGC + 44.7996953972205 * UseAdaptiveSizePolicy;15.2278250622568;15.2278250622568;15.2278250622568;15.2278250622568;4.730924;3;44.7996953972205 * UseAdaptiveSizePolicy;1;4.0976755584511;54.6307567479452
3;31.9922937272128 * MaxTenuringThreshold + 4.77971786683171 * DisableExplicitGC + 44.7989394288666 * UseAdaptiveSizePolicy + -4.86277284623665 * UseAdaptiveGCBoundary;13.434373050395;13.434373050395;13.434373050395;13.434373050395;8.984059;4;-4.86277284623665 * UseAdaptiveGCBoundary;1;1.79345201186185;52.6569879627944
4;32.5936998991722 * MaxTenuringThreshold + 4.74825423250752 * DisableExplicitGC + 4.57049535073923 * UseAdaptiveSizePolicy + -6.59469319810245 * UseAdaptiveGCBoundary + 59.0935242824293 * UseAdaptiveSizePolicy * MinSurvivorRatio_4;10.9974301471924;10.9974301471924;10.9974301471924;10.9974301471924;15.624737;6;59.0935242824293 * UseAdaptiveSizePolicy * MinSurvivorRatio_4;2;1.21847145160126;45.2143888815372
5;35.8785499150877 * MaxTenuringThreshold + 4.75796032640676 * DisableExplicitGC + 6.11192689084282 * UseAdaptiveSizePolicy + -6.312655599448 * UseAdaptiveGCBoundary + 54.122376892867 * UseAdaptiveSizePolicy * MinSurvivorRatio_4 + -4.83099186629438 * NewRatio_2;10.2717992308544;10.2717992308544;10.2717992308544;10.2717992308544;24.404378;7;-4.83099186629438 * NewRatio_2;1;0.725630916338039;45.9935765765419
6;37.3545774711719 * MaxTenuringThreshold + 4.76563109793026 * DisableExplicitGC + 6.9323540551885 * UseAdaptiveSizePolicy + -2.46466833346258 * UseAdaptiveGCBoundary + 54.3352824617795 * UseAdaptiveSizePolicy * MinSurvivorRatio_4 + -7.13116916702357 * NewRatio_2 + -8.90923084243502 * UseAdaptiveGCBoundary * SurvivorRatio_1;8.11451504810062;8.11451504810062;8.11451504810062;8.11451504810062;37.707852;9;-8.90923084243502 * UseAdaptiveGCBoundary * SurvivorRatio_1;2;1.07864209137689;48.3428018726738
Analyze finished
command: measurementstocsv /scratch/kaltenec/Distribution-Aware-Sampling/Results_test/JavaGC_disc/JavaGC_disc_88/sampledConfigurations_semi_2.csv
command: clean-sampling
command: clean-global
