Current machine learning settings: epsilon:0 lossFunction:RELATIVE parallelization:True bagging:False baggingNumbers:3 baggingTestDataFraction:50 useBackward:False abortError:1 limitFeatureSize:False featureSizeTreshold:4 quadraticFunctionSupport:True crossValidation:False crossValidation-k:5 learn-logFunction:False learn-accumulatedLogFunction:False learn-asymFunction:False learn-ratioFunction:False learn-mirrowedFunction:False numberOfRounds:70 backwardErrorDelta:1 minImprovementPerRound:0.1 withHierarchy:False bruteForceCandidates:False ignoreBadFeatures:False stopOnLongRound:True candidateSizePenalty:True learnTimeLimit:00:00:00 scoreMeasure:RELERROR outputRoundsToStdout:False blacklisted: 
command: mlsettings bagging:False stopOnLongRound:False parallelization:True lossFunction:RELATIVE useBackward:False abortError:10 limitFeatureSize:False featureSizeTreshold:7 quadraticFunctionSupport:True crossValidation:False learn_logFunction:True numberOfRounds:70 backwardErrorDelta:1 minImprovementPerRound:0.25 withHierarchy:False
Current machine learning settings: epsilon:0 lossFunction:RELATIVE parallelization:True bagging:False baggingNumbers:3 baggingTestDataFraction:50 useBackward:False abortError:10 limitFeatureSize:False featureSizeTreshold:7 quadraticFunctionSupport:True crossValidation:False crossValidation-k:5 learn-logFunction:True learn-accumulatedLogFunction:False learn-asymFunction:False learn-ratioFunction:False learn-mirrowedFunction:False numberOfRounds:70 backwardErrorDelta:1 minImprovementPerRound:0.25 withHierarchy:False bruteForceCandidates:False ignoreBadFeatures:False stopOnLongRound:False candidateSizePenalty:True learnTimeLimit:00:00:00 scoreMeasure:RELERROR outputRoundsToStdout:False blacklisted: 
command: solver z3
command: vm /scratch/kaltenec/Distribution-Aware-Sampling/DistOut/ConstraintData/7z_disc/FeatureModel.xml
command: all /scratch/kaltenec/Distribution-Aware-Sampling/DistOut/ConstraintData/7z_disc/measurements.xml
Configs with too large deviation: 0
68640 configurations loaded.
command: nfp Performance
command: hybrid distribution-aware distance-metric:manhattan distribution:uniform onlyBinary:true selection:SolverSelection number-weight-optimization:1-1 numConfigs:39 seed:59
command: learn-splconqueror
Learning: NumberOfConfigurationsLearning:39 NumberOfConfigurationsValidation:39
Learning progress:
1;15266.4516129032 * CompressionMethod + -4280.20161290323 * BlockSize_1;207.487472187991;207.487472187991;207.487472187991;207.487472187991;0.136519;2;-4280.20161290323 * BlockSize_1;1;1.79769313486232E+308;
2;7869.14634146341 * CompressionMethod + -2094.63414634147 * BlockSize_1 + 20846.9512195122 * x_10;104.219439366424;104.219439366424;104.219439366424;104.219439366424;0.164611;3;20846.9512195122 * x_10;1;103.268032821567;
3;5832.46175908221 * CompressionMethod + -3787.92423518165 * BlockSize_1 + 23144.1419694073 * x_10 + 12622.7079349905 * x_6;69.0679537586547;69.0679537586547;69.0679537586547;69.0679537586547;0.213471;4;12622.7079349905 * x_6;1;35.1514856077693;
4;3553.38838268792 * CompressionMethod + -2465.24772209565 * BlockSize_1 + 25219.7266514806 * x_10 + 14372.7107061504 * x_6 + 14189.9449506454 * x_8;37.1527670070115;37.1527670070115;37.1527670070115;37.1527670070115;0.287505;5;14189.9449506454 * x_8;1;31.9151867516432;
5;2788.04971319313 * CompressionMethod + 978.776290630979 * BlockSize_1 + 15117.2562141492 * x_10 + 13760.4397705545 * x_6 + 14955.2836201402 * x_8 + 26878.6940726578 * x_10 * Deflate;12.2594517839033;12.2594517839033;12.2594517839033;12.2594517839033;0.422034;7;26878.6940726578 * x_10 * Deflate;2;12.4466576115541;
6;3110.32133676093 * CompressionMethod + 786.375321336756 * BlockSize_1 + 14843.0848329049 * x_10 + 13515.1285347044 * x_6 + 14633.0119965724 * x_8 + 28088.4151670951 * x_10 * Deflate + -1257.82133676092 * Deflate;5.60243763542745;5.60243763542745;5.60243763542745;5.60243763542745;0.662084;8;-1257.82133676092 * Deflate;1;6.65701414847582;
Elapsed=00:00:00.6656582
average model: 
command: analyze-learning
Round, Model, LearningError, LearningErrorRel, ValidationError, ValidationErrorRel, ElapsedSeconds, ModelComplexity, BestCandidate, BestCandidateSize, BestCandidateScore, TestError
Models:
Termination reason: abortError
1;15266.4516129032 * CompressionMethod + -4280.20161290323 * BlockSize_1;207.487472187991;207.487472187991;207.487472187991;207.487472187991;0.136519;2;-4280.20161290323 * BlockSize_1;1;1.79769313486232E+308;246.88993898596
2;7869.14634146341 * CompressionMethod + -2094.63414634147 * BlockSize_1 + 20846.9512195122 * x_10;104.219439366424;104.219439366424;104.219439366424;104.219439366424;0.164611;3;20846.9512195122 * x_10;1;103.268032821567;118.501052132894
3;5832.46175908221 * CompressionMethod + -3787.92423518165 * BlockSize_1 + 23144.1419694073 * x_10 + 12622.7079349905 * x_6;69.0679537586547;69.0679537586547;69.0679537586547;69.0679537586547;0.213471;4;12622.7079349905 * x_6;1;35.1514856077693;105.52496580498
4;3553.38838268792 * CompressionMethod + -2465.24772209565 * BlockSize_1 + 25219.7266514806 * x_10 + 14372.7107061504 * x_6 + 14189.9449506454 * x_8;37.1527670070115;37.1527670070115;37.1527670070115;37.1527670070115;0.287505;5;14189.9449506454 * x_8;1;31.9151867516432;73.3851211655197
5;2788.04971319313 * CompressionMethod + 978.776290630979 * BlockSize_1 + 15117.2562141492 * x_10 + 13760.4397705545 * x_6 + 14955.2836201402 * x_8 + 26878.6940726578 * x_10 * Deflate;12.2594517839033;12.2594517839033;12.2594517839033;12.2594517839033;0.422034;7;26878.6940726578 * x_10 * Deflate;2;12.4466576115541;56.8852219712443
6;3110.32133676093 * CompressionMethod + 786.375321336756 * BlockSize_1 + 14843.0848329049 * x_10 + 13515.1285347044 * x_6 + 14633.0119965724 * x_8 + 28088.4151670951 * x_10 * Deflate + -1257.82133676092 * Deflate;5.60243763542745;5.60243763542745;5.60243763542745;5.60243763542745;0.662084;8;-1257.82133676092 * Deflate;1;6.65701414847582;52.4840230215243
Analyze finished
command: measurementstocsv /scratch/kaltenec/Distribution-Aware-Sampling/Results_opt/7z_disc/7z_disc_59/sampledConfigurations_solv_0.csv
command: clean-sampling
command: clean-global
command: script /scratch/kaltenec/Distribution-Aware-Sampling/Results_opt/7z_disc/7z_disc_59/learn_solv_1.a
command: log /scratch/kaltenec/Distribution-Aware-Sampling/Results_opt/7z_disc/7z_disc_59/out_solv_1.log
