Current machine learning settings: epsilon:0 lossFunction:RELATIVE parallelization:True bagging:False baggingNumbers:3 considerEpsilonTube:False baggingTestDataFraction:50 useBackward:False abortError:1 limitFeatureSize:False featureSizeTreshold:4 quadraticFunctionSupport:True crossValidation:False crossValidation-k:5 learn-logFunction:False learn-accumulatedLogFunction:False learn-asymFunction:False learn-ratioFunction:False learn-mirrowedFunction:False numberOfRounds:70 backwardErrorDelta:1 minImprovementPerRound:0.1 withHierarchy:False bruteForceCandidates:False ignoreBadFeatures:False stopOnLongRound:True candidateSizePenalty:True learnTimeLimit:00:00:00 scoreMeasure:RELERROR outputRoundsToStdout:False blacklisted: 
command: mlsettings bagging:False stopOnLongRound:False parallelization:True lossFunction:RELATIVE useBackward:False abortError:10 limitFeatureSize:False featureSizeTreshold:7 quadraticFunctionSupport:True crossValidation:False learn_logFunction:True numberOfRounds:70 backwardErrorDelta:1 minImprovementPerRound:0.25 withHierarchy:False
Current machine learning settings: epsilon:0 lossFunction:RELATIVE parallelization:True bagging:False baggingNumbers:3 considerEpsilonTube:False baggingTestDataFraction:50 useBackward:False abortError:10 limitFeatureSize:False featureSizeTreshold:7 quadraticFunctionSupport:True crossValidation:False crossValidation-k:5 learn-logFunction:True learn-accumulatedLogFunction:False learn-asymFunction:False learn-ratioFunction:False learn-mirrowedFunction:False numberOfRounds:70 backwardErrorDelta:1 minImprovementPerRound:0.25 withHierarchy:False bruteForceCandidates:False ignoreBadFeatures:False stopOnLongRound:False candidateSizePenalty:True learnTimeLimit:00:00:00 scoreMeasure:RELERROR outputRoundsToStdout:False blacklisted: 
command: solver z3
command: vm /scratch/kaltenec/Distribution-Aware-Sampling/DistOut/ConstraintData/7z_disc/FeatureModel.xml
command: all /scratch/kaltenec/Distribution-Aware-Sampling/DistOut/ConstraintData/7z_disc/measurements.xml
Configs with too large deviation: 0
68640 configurations loaded.
command: nfp Performance
command: hybrid distribution-aware distance-metric:manhattan distribution:uniform onlyBinary:true selection:SolverSelection optimization:local numConfigs:39 seed:59
command: learn-splconqueror
Learning: NumberOfConfigurationsLearning:39 NumberOfConfigurationsValidation:39
Learning progress:
1;11680 * CompressionMethod + 13322.8571428571 * Deflate;177.321195861975;177.321195861975;177.321195861975;177.321195861975;0.03919;2;13322.8571428571 * Deflate;1;1.79769313486232E+308;
2;5282.67441860464 * CompressionMethod + 12408.9534883721 * Deflate + 17059.5348837209 * x_10;87.8772672749471;87.8772672749471;87.8772672749471;87.8772672749471;0.06602;3;17059.5348837209 * x_10;1;89.443928587028;
3;1999.85714285713 * CompressionMethod + 14460.7142857143 * Deflate + 19932 * x_10 + 17645.1428571429 * x_8;46.0475748094559;46.0475748094559;46.0475748094559;46.0475748094559;0.114273;4;17645.1428571429 * x_8;1;41.8296924654912;
4;2407.70642201835 * CompressionMethod + 12421.4678899083 * Deflate + 23738.5932721712 * x_10 + 17237.2935779817 * x_8 + -19032.9663608563 * x_10 * PPMd;34.0080327897208;34.0080327897208;34.0080327897208;34.0080327897208;0.186002;6;-19032.9663608563 * x_10 * PPMd;2;6.01977100986755;
5;1997.50000000001 * CompressionMethod + 14472.5 * Deflate + 19910 * x_10 + 17647.5 * x_8 + -14794.1666666667 * x_10 * PPMd + 44712.5 * BlockSize_16;28.339855918649;28.339855918649;28.339855918649;28.339855918649;0.388828;7;44712.5 * BlockSize_16;1;5.66817687107176;
6;1921.79211469536 * CompressionMethod + 14521.4874551971 * Deflate + 19972.3476702509 * x_10 + 17723.2078853047 * x_8 + -14780.8064516129 * x_10 * PPMd + 44725.8602150538 * BlockSize_16 + 1318.20788530465 * BlockSize_8;27.0061808303522;27.0061808303522;27.0061808303522;27.0061808303522;0.517973;8;1318.20788530465 * BlockSize_8;1;1.33367508829675;
7;2918.92255892257 * CompressionMethod + 9785.11784511784 * Deflate + 15449.6488696489 * x_10 + 16726.0774410774 * x_8 + -11255.2380952381 * x_10 * PPMd + 48251.4285714286 * BlockSize_16 + 321.077441077478 * BlockSize_8 + 13247.5901875902 * x_10 * tmOff;25.8639383507184;25.8639383507184;25.8639383507184;25.8639383507184;0.679313;10;13247.5901875902 * x_10 * tmOff;2;0.571121239816897;
8;3884.82758620693 * CompressionMethod + 8971.72413793105 * Deflate + 14483.7438423645 * x_10 + 15760.1724137931 * x_8 + -9367.9105090312 * x_10 * PPMd + 48251.4285714286 * BlockSize_16 + -644.827586206978 * BlockSize_8 + 13857.6354679803 * x_10 * tmOff + -1887.32758620689 * PPMd;17.0990829348854;17.0990829348854;17.0990829348854;17.0990829348854;0.918202;11;-1887.32758620689 * PPMd;1;8.76485541583308;
9;3001.16189000775 * CompressionMethod + 9715.86367157242 * Deflate + 15367.4095385637 * x_10 + 15800.8675445391 * x_8 + -10251.5762052304 * x_10 * PPMd + 44879.546309616 * BlockSize_16 + 238.838109992263 * BlockSize_8 + 13299.5308177493 * x_10 * tmOff + -1003.66189000774 * PPMd + 3371.88226181251 * BZip2;15.0008453412257;15.0008453412257;15.0008453412257;15.0008453412257;1.393006;12;3371.88226181251 * BZip2;1;2.09823759365971;
10;5806.72131147538 * CompressionMethod + 3020.77868852463 * Deflate + 12561.850117096 * x_10 + 13505.4098360656 * x_8 + -7446.01678376267 * x_10 * PPMd + 46919.9531615925 * BlockSize_16 + -2566.7213114754 * BlockSize_8 + 25180.649882904 * x_10 * tmOff + -3809.2213114754 * PPMd + 1331.47540983609 * BZip2 + -27439.2213114754 * x_10 * Files_50;12.9504142399433;12.9504142399433;12.9504142399433;12.9504142399433;2.008746;14;-27439.2213114754 * x_10 * Files_50;2;1.02521555064116;
11;4129.26829268293 * CompressionMethod + -2610.67073170731 * Deflate + 14239.3031358885 * x_10 + 15542.3170731707 * x_8 + -9123.46980255519 * x_10 * PPMd + 48357.7700348432 * BlockSize_16 + -889.268292682951 * BlockSize_8 + 30812.0993031358 * x_10 * tmOff + -2131.76829268294 * PPMd + -106.341463414627 * BZip2 + -33070.6707317073 * x_10 * Files_50 + 7308.9024390244 * x_6;9.04580151263315;9.04580151263315;9.04580151263315;9.04580151263315;3.223174;15;7308.9024390244 * x_6;1;3.90461272731019;
Elapsed=00:00:03.2270582
average model: 
command: analyze-learning
Round, Model, LearningError, LearningErrorRel, ValidationError, ValidationErrorRel, ElapsedSeconds, ModelComplexity, BestCandidate, BestCandidateSize, BestCandidateScore, TestError
Models:
Termination reason: abortError
1;11680 * CompressionMethod + 13322.8571428571 * Deflate;177.321195861975;177.321195861975;177.321195861975;177.321195861975;0.03919;2;13322.8571428571 * Deflate;1;1.79769313486232E+308;259.050409234576
2;5282.67441860464 * CompressionMethod + 12408.9534883721 * Deflate + 17059.5348837209 * x_10;87.8772672749471;87.8772672749471;87.8772672749471;87.8772672749471;0.06602;3;17059.5348837209 * x_10;1;89.443928587028;140.970223848411
3;1999.85714285713 * CompressionMethod + 14460.7142857143 * Deflate + 19932 * x_10 + 17645.1428571429 * x_8;46.0475748094559;46.0475748094559;46.0475748094559;46.0475748094559;0.114273;4;17645.1428571429 * x_8;1;41.8296924654912;125.134989039454
4;2407.70642201835 * CompressionMethod + 12421.4678899083 * Deflate + 23738.5932721712 * x_10 + 17237.2935779817 * x_8 + -19032.9663608563 * x_10 * PPMd;34.0080327897208;34.0080327897208;34.0080327897208;34.0080327897208;0.186002;6;-19032.9663608563 * x_10 * PPMd;2;6.01977100986755;107.493376621048
5;1997.50000000001 * CompressionMethod + 14472.5 * Deflate + 19910 * x_10 + 17647.5 * x_8 + -14794.1666666667 * x_10 * PPMd + 44712.5 * BlockSize_16;28.339855918649;28.339855918649;28.339855918649;28.339855918649;0.388828;7;44712.5 * BlockSize_16;1;5.66817687107176;191.286248965669
6;1921.79211469536 * CompressionMethod + 14521.4874551971 * Deflate + 19972.3476702509 * x_10 + 17723.2078853047 * x_8 + -14780.8064516129 * x_10 * PPMd + 44725.8602150538 * BlockSize_16 + 1318.20788530465 * BlockSize_8;27.0061808303522;27.0061808303522;27.0061808303522;27.0061808303522;0.517973;8;1318.20788530465 * BlockSize_8;1;1.33367508829675;191.987444751659
7;2918.92255892257 * CompressionMethod + 9785.11784511784 * Deflate + 15449.6488696489 * x_10 + 16726.0774410774 * x_8 + -11255.2380952381 * x_10 * PPMd + 48251.4285714286 * BlockSize_16 + 321.077441077478 * BlockSize_8 + 13247.5901875902 * x_10 * tmOff;25.8639383507184;25.8639383507184;25.8639383507184;25.8639383507184;0.679313;10;13247.5901875902 * x_10 * tmOff;2;0.571121239816897;174.442719123524
8;3884.82758620693 * CompressionMethod + 8971.72413793105 * Deflate + 14483.7438423645 * x_10 + 15760.1724137931 * x_8 + -9367.9105090312 * x_10 * PPMd + 48251.4285714286 * BlockSize_16 + -644.827586206978 * BlockSize_8 + 13857.6354679803 * x_10 * tmOff + -1887.32758620689 * PPMd;17.0990829348854;17.0990829348854;17.0990829348854;17.0990829348854;0.918202;11;-1887.32758620689 * PPMd;1;8.76485541583308;171.777170826241
9;3001.16189000775 * CompressionMethod + 9715.86367157242 * Deflate + 15367.4095385637 * x_10 + 15800.8675445391 * x_8 + -10251.5762052304 * x_10 * PPMd + 44879.546309616 * BlockSize_16 + 238.838109992263 * BlockSize_8 + 13299.5308177493 * x_10 * tmOff + -1003.66189000774 * PPMd + 3371.88226181251 * BZip2;15.0008453412257;15.0008453412257;15.0008453412257;15.0008453412257;1.393006;12;3371.88226181251 * BZip2;1;2.09823759365971;160.328355606307
10;5806.72131147538 * CompressionMethod + 3020.77868852463 * Deflate + 12561.850117096 * x_10 + 13505.4098360656 * x_8 + -7446.01678376267 * x_10 * PPMd + 46919.9531615925 * BlockSize_16 + -2566.7213114754 * BlockSize_8 + 25180.649882904 * x_10 * tmOff + -3809.2213114754 * PPMd + 1331.47540983609 * BZip2 + -27439.2213114754 * x_10 * Files_50;12.9504142399433;12.9504142399433;12.9504142399433;12.9504142399433;2.008746;14;-27439.2213114754 * x_10 * Files_50;2;1.02521555064116;156.178755168941
11;4129.26829268293 * CompressionMethod + -2610.67073170731 * Deflate + 14239.3031358885 * x_10 + 15542.3170731707 * x_8 + -9123.46980255519 * x_10 * PPMd + 48357.7700348432 * BlockSize_16 + -889.268292682951 * BlockSize_8 + 30812.0993031358 * x_10 * tmOff + -2131.76829268294 * PPMd + -106.341463414627 * BZip2 + -33070.6707317073 * x_10 * Files_50 + 7308.9024390244 * x_6;9.04580151263315;9.04580151263315;9.04580151263315;9.04580151263315;3.223174;15;7308.9024390244 * x_6;1;3.90461272731019;128.267781084431
Analyze finished
command: printconfigs /scratch/kaltenec/Distribution-Aware-Sampling/Results_newTry/7z_disc/7z_disc_59/sampledConfigurations_local_0.csv
command: clean-sampling
command: clean-global
command: script /scratch/kaltenec/Distribution-Aware-Sampling/Results_newTry/7z_disc/7z_disc_59/learn_local_1.a
command: log /scratch/kaltenec/Distribution-Aware-Sampling/Results_newTry/7z_disc/7z_disc_59/out_local_1.log
