Current machine learning settings: epsilon:0 lossFunction:RELATIVE parallelization:True bagging:False baggingNumbers:3 baggingTestDataFraction:50 useBackward:False abortError:1 limitFeatureSize:False featureSizeTreshold:4 quadraticFunctionSupport:True crossValidation:False crossValidation-k:5 learn-logFunction:False learn-accumulatedLogFunction:False learn-asymFunction:False learn-ratioFunction:False learn-mirrowedFunction:False numberOfRounds:70 backwardErrorDelta:1 minImprovementPerRound:0.1 withHierarchy:False bruteForceCandidates:False ignoreBadFeatures:False stopOnLongRound:True candidateSizePenalty:True learnTimeLimit:00:00:00 scoreMeasure:RELERROR outputRoundsToStdout:False blacklisted: 
command: mlsettings bagging:False stopOnLongRound:False parallelization:True lossFunction:RELATIVE useBackward:False abortError:10 limitFeatureSize:False featureSizeTreshold:7 quadraticFunctionSupport:True crossValidation:False learn_logFunction:True numberOfRounds:70 backwardErrorDelta:1 minImprovementPerRound:0.25 withHierarchy:False
Current machine learning settings: epsilon:0 lossFunction:RELATIVE parallelization:True bagging:False baggingNumbers:3 baggingTestDataFraction:50 useBackward:False abortError:10 limitFeatureSize:False featureSizeTreshold:7 quadraticFunctionSupport:True crossValidation:False crossValidation-k:5 learn-logFunction:True learn-accumulatedLogFunction:False learn-asymFunction:False learn-ratioFunction:False learn-mirrowedFunction:False numberOfRounds:70 backwardErrorDelta:1 minImprovementPerRound:0.25 withHierarchy:False bruteForceCandidates:False ignoreBadFeatures:False stopOnLongRound:False candidateSizePenalty:True learnTimeLimit:00:00:00 scoreMeasure:RELERROR outputRoundsToStdout:False blacklisted: 
command: solver z3
command: vm /scratch/kaltenec/Distribution-Aware-Sampling/DistOut/ConstraintData/JavaGC_disc/FeatureModel.xml
command: all /scratch/kaltenec/Distribution-Aware-Sampling/DistOut/ConstraintData/JavaGC_disc/measurements.xml
Configs with too large deviation: 0
193536 configurations loaded.
command: nfp Performance
command: binary satoutput numConfigs:32 seed:44
command: learn-splconqueror
Learning: NumberOfConfigurationsLearning:32 NumberOfConfigurationsValidation:32
Learning progress:
1;33.5575422222222 * MaxTenuringThreshold + -0.949961388888886 * DisableExplicitGC;20.732592504599;20.732592504599;20.732592504599;20.732592504599;0.278528;2;-0.949961388888886 * DisableExplicitGC;1;1.79769313486232E+308;
2;52.1105266666667 * MaxTenuringThreshold + 3.9324029385965 * DisableExplicitGC + -23.4353487719298 * NewRatio_1;16.6191020168508;16.6191020168508;16.6191020168508;16.6191020168508;0.301967;3;-23.4353487719298 * NewRatio_1;1;4.11349048774821;
3;46.9252780890804 * MaxTenuringThreshold + 1.65817110632184 * DisableExplicitGC + -24.6179493247126 * NewRatio_1 + 8.64208096264367 * SurvivorRatio_1;9.67787690991386;9.67787690991386;9.67787690991386;9.67787690991386;0.349846;4;8.64208096264367 * SurvivorRatio_1;1;6.94122510693692;
Elapsed=00:00:00.3517289
average model: 
command: analyze-learning
Round, Model, LearningError, LearningErrorRel, ValidationError, ValidationErrorRel, ElapsedSeconds, ModelComplexity, BestCandidate, BestCandidateSize, BestCandidateScore, TestError
Models:
Termination reason: abortError
1;33.5575422222222 * MaxTenuringThreshold + -0.949961388888886 * DisableExplicitGC;20.732592504599;20.732592504599;20.732592504599;20.732592504599;0.278528;2;-0.949961388888886 * DisableExplicitGC;1;1.79769313486232E+308;42.2036744654331
2;52.1105266666667 * MaxTenuringThreshold + 3.9324029385965 * DisableExplicitGC + -23.4353487719298 * NewRatio_1;16.6191020168508;16.6191020168508;16.6191020168508;16.6191020168508;0.301967;3;-23.4353487719298 * NewRatio_1;1;4.11349048774821;51.2383612378758
3;46.9252780890804 * MaxTenuringThreshold + 1.65817110632184 * DisableExplicitGC + -24.6179493247126 * NewRatio_1 + 8.64208096264367 * SurvivorRatio_1;9.67787690991386;9.67787690991386;9.67787690991386;9.67787690991386;0.349846;4;8.64208096264367 * SurvivorRatio_1;1;6.94122510693692;44.2645350368952
Analyze finished
command: measurementstocsv /scratch/kaltenec/Distribution-Aware-Sampling/Results_Henard/JavaGC_disc/JavaGC_disc_44/sampledConfigurations_henard_0.csv
command: clean-sampling
command: clean-global
command: script /scratch/kaltenec/Distribution-Aware-Sampling/Results_Henard/JavaGC_disc/JavaGC_disc_44/learn_henard_1.a
command: log /scratch/kaltenec/Distribution-Aware-Sampling/Results_Henard/JavaGC_disc/JavaGC_disc_44/out_henard_1.log
