Current machine learning settings: epsilon:0 lossFunction:RELATIVE parallelization:True bagging:False baggingNumbers:3 baggingTestDataFraction:50 useBackward:False abortError:1 limitFeatureSize:False featureSizeTreshold:4 quadraticFunctionSupport:True crossValidation:False crossValidation-k:5 learn-logFunction:False learn-accumulatedLogFunction:False learn-asymFunction:False learn-ratioFunction:False learn-mirrowedFunction:False numberOfRounds:70 backwardErrorDelta:1 minImprovementPerRound:0.1 withHierarchy:False bruteForceCandidates:False ignoreBadFeatures:False stopOnLongRound:True candidateSizePenalty:True learnTimeLimit:00:00:00 scoreMeasure:RELERROR outputRoundsToStdout:False blacklisted: 
command: mlsettings bagging:False stopOnLongRound:False parallelization:True lossFunction:RELATIVE useBackward:False abortError:10 limitFeatureSize:False featureSizeTreshold:7 quadraticFunctionSupport:True crossValidation:False learn_logFunction:True numberOfRounds:70 backwardErrorDelta:1 minImprovementPerRound:0.25 withHierarchy:False
Current machine learning settings: epsilon:0 lossFunction:RELATIVE parallelization:True bagging:False baggingNumbers:3 baggingTestDataFraction:50 useBackward:False abortError:10 limitFeatureSize:False featureSizeTreshold:7 quadraticFunctionSupport:True crossValidation:False crossValidation-k:5 learn-logFunction:True learn-accumulatedLogFunction:False learn-asymFunction:False learn-ratioFunction:False learn-mirrowedFunction:False numberOfRounds:70 backwardErrorDelta:1 minImprovementPerRound:0.25 withHierarchy:False bruteForceCandidates:False ignoreBadFeatures:False stopOnLongRound:False candidateSizePenalty:True learnTimeLimit:00:00:00 scoreMeasure:RELERROR outputRoundsToStdout:False blacklisted: 
command: solver z3
command: vm /scratch/kaltenec/Distribution-Aware-Sampling/DistOut/ConstraintData/Dune_disc/FeatureModel.xml
Warning: Variability model contains outdated notation. Children nodes will no longer have effect on the model. Instead use the parent node to describe the parent of an configuration option. You can also use the converter providedby the Variability Model GUI in export>convert legacy model.
Warning: Default value nodes in models are no longer used and should be removed. You can also use the converter provided by the Variability Model GUI in export>convert legacy model to update your model.
command: all /scratch/kaltenec/Distribution-Aware-Sampling/DistOut/ConstraintData/Dune_disc/measurements.xml
Configs with too large deviation: 0
2304 configurations loaded.
command: nfp Performance
command: binary satoutput numConfigs:1071 seed:57
command: learn-splconqueror
Learning: NumberOfConfigurationsLearning:1071 NumberOfConfigurationsValidation:1071
Learning progress:
1;10585.0878842395 * Precon + 29.5483436898542 * BiCGSTABSolver;23.17549351573;23.17549351573;23.17549351573;23.17549351573;0.127587;2;29.5483436898542 * BiCGSTABSolver;1;1.79769313486232E+308;
2;9518.38763241757 * Precon + -98.9462515779572 * BiCGSTABSolver + 6648.2713369369 * post_0;18.9520376338287;18.9520376338287;18.9520376338287;18.9520376338287;0.427757;3;6648.2713369369 * post_0;1;4.22345588190135;
3;10185.8359399079 * Precon + -92.9554913050242 * BiCGSTABSolver + 6461.85439986182 * post_0 + -1779.79393867891 * cells_50;17.6096197623073;17.6096197623073;17.6096197623073;17.6096197623073;0.950517;4;-1779.79393867891 * cells_50;1;1.34241787152139;
4;10714.1421104208 * Precon + -84.2548605871576 * BiCGSTABSolver + 5995.57088701953 * post_0 + -2017.20311955734 * cells_50 + -1609.96599914548 * post_6;16.5339160382048;16.5339160382048;16.5339160382048;16.5339160382048;1.830671;5;-1609.96599914548 * post_6;1;1.0757037241025;
5;10688.2477243765 * Precon + -187.490451333783 * BiCGSTABSolver + 3410.86115006484 * post_0 + -1898.92926284045 * cells_50 + -1585.4020822465 * post_6 + 12140.9235001117 * post_0 * pre_1;15.2426674691213;15.2426674691213;15.2426674691213;15.2426674691213;3.137961;7;12140.9235001117 * post_0 * pre_1;2;0.645624284541767;
6;11277.5652660876 * Precon + -170.10144406495 * BiCGSTABSolver + 3415.87073782048 * post_0 + -2464.79655229899 * cells_50 + -1770.43253633058 * post_6 + 12071.798956821 * post_0 * pre_1 + -1954.92850578054 * cells_52;14.6278507074068;14.6278507074068;14.6278507074068;14.6278507074068;4.900369;8;-1954.92850578054 * cells_52;1;0.614816761714462;
7;11520.2998418945 * Precon + -132.102263530918 * BiCGSTABSolver + 3315.96282375846 * post_0 + -2758.82575374034 * cells_50 + -1439.42980751968 * post_6 + 12360.3792035595 * post_0 * pre_1 + -2260.08039042982 * cells_52 + -2411.20080001048 * cells_51;13.7858934091737;13.7858934091737;13.7858934091737;13.7858934091737;7.212826;9;-2411.20080001048 * cells_51;1;0.841957298233069;
8;11703.9081326527 * Precon + -154.36125999559 * BiCGSTABSolver + 3060.29818982914 * post_0 + -2697.09355026729 * cells_50 + -1668.65224603466 * post_6 + 12370.7326543 * post_0 * pre_1 + -1990.79434415231 * cells_52 + -2418.4664256239 * cells_51 + -1197.29204901182 * post_5;13.3289175651853;13.3289175651853;13.3289175651853;13.3289175651853;10.043448;10;-1197.29204901182 * post_5;1;0.456975843988419;
9;12175.7494240295 * Precon + -167.082343610196 * BiCGSTABSolver + 3062.89195533041 * post_0 + -2702.04506381834 * cells_50 + -1649.82140472876 * post_6 + 12374.7824348007 * post_0 * pre_1 + -1991.15760450099 * cells_52 + -2472.18936970578 * cells_51 + -1201.29879768509 * post_5 + -932.559889758225 * SeqGS;12.8699340235786;12.8699340235786;12.8699340235786;12.8699340235786;13.629589;11;-932.559889758225 * SeqGS;1;0.458983541606719;
10;12036.5337108003 * Precon + 252.741763929271 * BiCGSTABSolver + 3053.68636511616 * post_0 + -2639.79202608208 * cells_50 + -1617.35341089124 * post_6 + 5380.61404303515 * post_0 * pre_1 + -1899.21043663454 * cells_52 + -2607.0938994866 * cells_51 + -1218.29698270208 * post_5 + -930.039752702419 * SeqGS + 22147.7964606241 * post_0 * pre_1 * CGSolver;11.7890459199162;11.7890459199162;11.7890459199162;11.7890459199162;18.439992;14;22147.7964606241 * post_0 * pre_1 * CGSolver;3;0.360296034554143;
11;12375.6108479291 * Precon + -120.831510649597 * BiCGSTABSolver + 3080.11172373353 * post_0 + -2614.9239521397 * cells_50 + -1592.80953609286 * post_6 + 5468.70594710564 * post_0 * pre_1 + -1862.2587373989 * cells_52 + -2604.98702996341 * cells_51 + -1236.93269661488 * post_5 + -917.027301783584 * SeqGS + 21677.0413948977 * post_0 * pre_1 * CGSolver + -1122.42517283865 * GradientSolver;11.2304695418908;11.2304695418908;11.2304695418908;11.2304695418908;23.843132;15;-1122.42517283865 * GradientSolver;1;0.558576378025405;
12;12249.2131648949 * Precon + 111.207640150364 * BiCGSTABSolver + 2219.15277151709 * post_0 + -2595.89352897071 * cells_50 + -1594.99703043638 * post_6 + 6272.961321854 * post_0 * pre_1 + -1829.13691382883 * cells_52 + -2597.81850004961 * cells_51 + -1239.18391024482 * post_5 + -916.49876916945 * SeqGS + 18727.4585929107 * post_0 * pre_1 * CGSolver + -888.871891510197 * GradientSolver + 3122.53300007339 * post_0 * CGSolver;10.749289522659;10.749289522659;10.749289522659;10.749289522659;30.707183;17;3122.53300007339 * post_0 * CGSolver;2;0.240590009615878;
Elapsed=00:00:30.7215588
average model: 
command: analyze-learning
Round, Model, LearningError, LearningErrorRel, ValidationError, ValidationErrorRel, ElapsedSeconds, ModelComplexity, BestCandidate, BestCandidateSize, BestCandidateScore, TestError
Models:
Termination reason: minImprovementPerRound
1;10585.0878842395 * Precon + 29.5483436898542 * BiCGSTABSolver;23.17549351573;23.17549351573;23.17549351573;23.17549351573;0.127587;2;29.5483436898542 * BiCGSTABSolver;1;1.79769313486232E+308;18.1979191426135
2;9518.38763241757 * Precon + -98.9462515779572 * BiCGSTABSolver + 6648.2713369369 * post_0;18.9520376338287;18.9520376338287;18.9520376338287;18.9520376338287;0.427757;3;6648.2713369369 * post_0;1;4.22345588190135;17.2128223617485
3;10185.8359399079 * Precon + -92.9554913050242 * BiCGSTABSolver + 6461.85439986182 * post_0 + -1779.79393867891 * cells_50;17.6096197623073;17.6096197623073;17.6096197623073;17.6096197623073;0.950517;4;-1779.79393867891 * cells_50;1;1.34241787152139;15.8785364214449
4;10714.1421104208 * Precon + -84.2548605871576 * BiCGSTABSolver + 5995.57088701953 * post_0 + -2017.20311955734 * cells_50 + -1609.96599914548 * post_6;16.5339160382048;16.5339160382048;16.5339160382048;16.5339160382048;1.830671;5;-1609.96599914548 * post_6;1;1.0757037241025;15.6048937120647
5;10688.2477243765 * Precon + -187.490451333783 * BiCGSTABSolver + 3410.86115006484 * post_0 + -1898.92926284045 * cells_50 + -1585.4020822465 * post_6 + 12140.9235001117 * post_0 * pre_1;15.2426674691213;15.2426674691213;15.2426674691213;15.2426674691213;3.137961;7;12140.9235001117 * post_0 * pre_1;2;0.645624284541767;14.4292661180253
6;11277.5652660876 * Precon + -170.10144406495 * BiCGSTABSolver + 3415.87073782048 * post_0 + -2464.79655229899 * cells_50 + -1770.43253633058 * post_6 + 12071.798956821 * post_0 * pre_1 + -1954.92850578054 * cells_52;14.6278507074068;14.6278507074068;14.6278507074068;14.6278507074068;4.900369;8;-1954.92850578054 * cells_52;1;0.614816761714462;15.2051636346078
7;11520.2998418945 * Precon + -132.102263530918 * BiCGSTABSolver + 3315.96282375846 * post_0 + -2758.82575374034 * cells_50 + -1439.42980751968 * post_6 + 12360.3792035595 * post_0 * pre_1 + -2260.08039042982 * cells_52 + -2411.20080001048 * cells_51;13.7858934091737;13.7858934091737;13.7858934091737;13.7858934091737;7.212826;9;-2411.20080001048 * cells_51;1;0.841957298233069;13.1682626389309
8;11703.9081326527 * Precon + -154.36125999559 * BiCGSTABSolver + 3060.29818982914 * post_0 + -2697.09355026729 * cells_50 + -1668.65224603466 * post_6 + 12370.7326543 * post_0 * pre_1 + -1990.79434415231 * cells_52 + -2418.4664256239 * cells_51 + -1197.29204901182 * post_5;13.3289175651853;13.3289175651853;13.3289175651853;13.3289175651853;10.043448;10;-1197.29204901182 * post_5;1;0.456975843988419;12.556686174847
9;12175.7494240295 * Precon + -167.082343610196 * BiCGSTABSolver + 3062.89195533041 * post_0 + -2702.04506381834 * cells_50 + -1649.82140472876 * post_6 + 12374.7824348007 * post_0 * pre_1 + -1991.15760450099 * cells_52 + -2472.18936970578 * cells_51 + -1201.29879768509 * post_5 + -932.559889758225 * SeqGS;12.8699340235786;12.8699340235786;12.8699340235786;12.8699340235786;13.629589;11;-932.559889758225 * SeqGS;1;0.458983541606719;12.1299226836214
10;12036.5337108003 * Precon + 252.741763929271 * BiCGSTABSolver + 3053.68636511616 * post_0 + -2639.79202608208 * cells_50 + -1617.35341089124 * post_6 + 5380.61404303515 * post_0 * pre_1 + -1899.21043663454 * cells_52 + -2607.0938994866 * cells_51 + -1218.29698270208 * post_5 + -930.039752702419 * SeqGS + 22147.7964606241 * post_0 * pre_1 * CGSolver;11.7890459199162;11.7890459199162;11.7890459199162;11.7890459199162;18.439992;14;22147.7964606241 * post_0 * pre_1 * CGSolver;3;0.360296034554143;11.3446887688488
11;12375.6108479291 * Precon + -120.831510649597 * BiCGSTABSolver + 3080.11172373353 * post_0 + -2614.9239521397 * cells_50 + -1592.80953609286 * post_6 + 5468.70594710564 * post_0 * pre_1 + -1862.2587373989 * cells_52 + -2604.98702996341 * cells_51 + -1236.93269661488 * post_5 + -917.027301783584 * SeqGS + 21677.0413948977 * post_0 * pre_1 * CGSolver + -1122.42517283865 * GradientSolver;11.2304695418908;11.2304695418908;11.2304695418908;11.2304695418908;23.843132;15;-1122.42517283865 * GradientSolver;1;0.558576378025405;11.0024108910274
12;12249.2131648949 * Precon + 111.207640150364 * BiCGSTABSolver + 2219.15277151709 * post_0 + -2595.89352897071 * cells_50 + -1594.99703043638 * post_6 + 6272.961321854 * post_0 * pre_1 + -1829.13691382883 * cells_52 + -2597.81850004961 * cells_51 + -1239.18391024482 * post_5 + -916.49876916945 * SeqGS + 18727.4585929107 * post_0 * pre_1 * CGSolver + -888.871891510197 * GradientSolver + 3122.53300007339 * post_0 * CGSolver;10.749289522659;10.749289522659;10.749289522659;10.749289522659;30.707183;17;3122.53300007339 * post_0 * CGSolver;2;0.240590009615878;10.55263632605
Analyze finished
command: measurementstocsv /scratch/kaltenec/Distribution-Aware-Sampling/Results_Henard/Dune_disc/Dune_disc_57/sampledConfigurations_henard_2.csv
command: clean-sampling
command: clean-global
